 0.100E+00  0.463E+00  0.746E+01  0.660E+01  0.414E+01  0.246E+01  0.504E+01  0.152E-05  0.152E-05  0.112E-04  0.312E-05  0.270E+00  0.953E-05  0.105E+01  0.103E+01  0.104E+01  0.000E+00  0.168E+30  0.169E+30  0.435E+29  0.412E+30  0.953E-25  0.000E+00  0.000E+00
 0.110E+00  0.479E+00  0.746E+01  0.660E+01  0.428E+01  0.232E+01  0.475E+01  0.162E-05  0.162E-05  0.120E-04  0.334E-05  0.269E+00  0.102E-04  0.105E+01  0.103E+01  0.105E+01  0.000E+00  0.179E+30  0.179E+30  0.466E+29  0.441E+30  0.102E-24  0.000E+00  0.000E+00
 0.120E+00  0.493E+00  0.746E+01  0.660E+01  0.441E+01  0.219E+01  0.450E+01  0.171E-05  0.171E-05  0.127E-04  0.356E-05  0.268E+00  0.109E-04  0.106E+01  0.104E+01  0.106E+01  0.000E+00  0.189E+30  0.190E+30  0.495E+29  0.469E+30  0.109E-24  0.000E+00  0.000E+00
 0.130E+00  0.506E+00  0.746E+01  0.660E+01  0.453E+01  0.207E+01  0.427E+01  0.181E-05  0.181E-05  0.135E-04  0.376E-05  0.267E+00  0.115E-04  0.106E+01  0.104E+01  0.106E+01  0.000E+00  0.200E+30  0.200E+30  0.524E+29  0.497E+30  0.115E-24  0.000E+00  0.000E+00
 0.140E+00  0.518E+00  0.746E+01  0.660E+01  0.463E+01  0.197E+01  0.406E+01  0.191E-05  0.191E-05  0.142E-04  0.396E-05  0.268E+00  0.121E-04  0.106E+01  0.104E+01  0.106E+01  0.000E+00  0.212E+30  0.212E+30  0.552E+29  0.523E+30  0.121E-24  0.000E+00  0.000E+00
 0.150E+00  0.528E+00  0.746E+01  0.660E+01  0.472E+01  0.188E+01  0.387E+01  0.200E-05  0.200E-05  0.149E-04  0.416E-05  0.267E+00  0.127E-04  0.106E+01  0.104E+01  0.106E+01  0.000E+00  0.221E+30  0.221E+30  0.579E+29  0.549E+30  0.127E-24  0.000E+00  0.000E+00
 0.160E+00  0.538E+00  0.746E+01  0.660E+01  0.481E+01  0.179E+01  0.370E+01  0.206E-05  0.206E-05  0.156E-04  0.435E-05  0.265E+00  0.133E-04  0.108E+01  0.105E+01  0.107E+01  0.000E+00  0.228E+30  0.229E+30  0.605E+29  0.574E+30  0.133E-24  0.000E+00  0.000E+00
 0.170E+00  0.547E+00  0.746E+01  0.660E+01  0.489E+01  0.171E+01  0.355E+01  0.213E-05  0.213E-05  0.162E-04  0.454E-05  0.262E+00  0.139E-04  0.109E+01  0.107E+01  0.109E+01  0.000E+00  0.235E+30  0.236E+30  0.632E+29  0.599E+30  0.139E-24  0.000E+00  0.000E+00
 0.180E+00  0.555E+00  0.746E+01  0.660E+01  0.496E+01  0.164E+01  0.341E+01  0.220E-05  0.220E-05  0.169E-04  0.474E-05  0.261E+00  0.145E-04  0.110E+01  0.108E+01  0.110E+01  0.000E+00  0.243E+30  0.244E+30  0.660E+29  0.625E+30  0.145E-24  0.000E+00  0.000E+00
 0.190E+00  0.562E+00  0.746E+01  0.660E+01  0.502E+01  0.158E+01  0.328E+01  0.230E-05  0.230E-05  0.176E-04  0.495E-05  0.262E+00  0.151E-04  0.109E+01  0.107E+01  0.109E+01  0.000E+00  0.255E+30  0.255E+30  0.689E+29  0.650E+30  0.151E-24  0.000E+00  0.000E+00
 0.200E+00  0.569E+00  0.746E+01  0.660E+01  0.508E+01  0.152E+01  0.316E+01  0.242E-05  0.243E-05  0.183E-04  0.516E-05  0.264E+00  0.156E-04  0.108E+01  0.106E+01  0.107E+01  0.000E+00  0.268E+30  0.269E+30  0.719E+29  0.675E+30  0.156E-24  0.000E+00  0.000E+00
 0.210E+00  0.575E+00  0.746E+01  0.660E+01  0.514E+01  0.146E+01  0.304E+01  0.257E-05  0.257E-05  0.189E-04  0.536E-05  0.269E+00  0.162E-04  0.105E+01  0.104E+01  0.105E+01  0.000E+00  0.284E+30  0.284E+30  0.746E+29  0.698E+30  0.162E-24  0.000E+00  0.000E+00
 0.220E+00  0.581E+00  0.746E+01  0.660E+01  0.519E+01  0.141E+01  0.294E+01  0.272E-05  0.272E-05  0.195E-04  0.553E-05  0.275E+00  0.166E-04  0.102E+01  0.102E+01  0.102E+01  0.000E+00  0.301E+30  0.301E+30  0.770E+29  0.718E+30  0.166E-24  0.000E+00  0.000E+00
 0.230E+00  0.586E+00  0.746E+01  0.660E+01  0.524E+01  0.136E+01  0.284E+01  0.280E-05  0.280E-05  0.199E-04  0.566E-05  0.276E+00  0.170E-04  0.102E+01  0.101E+01  0.101E+01  0.000E+00  0.310E+30  0.310E+30  0.788E+29  0.735E+30  0.170E-24  0.000E+00  0.000E+00
 0.240E+00  0.591E+00  0.746E+01  0.660E+01  0.529E+01  0.131E+01  0.275E+01  0.278E-05  0.278E-05  0.203E-04  0.576E-05  0.271E+00  0.173E-04  0.104E+01  0.104E+01  0.104E+01  0.000E+00  0.308E+30  0.308E+30  0.801E+29  0.748E+30  0.173E-24  0.000E+00  0.000E+00
 0.250E+00  0.596E+00  0.746E+01  0.660E+01  0.533E+01  0.127E+01  0.267E+01  0.272E-05  0.272E-05  0.206E-04  0.583E-05  0.264E+00  0.176E-04  0.108E+01  0.107E+01  0.108E+01  0.000E+00  0.302E+30  0.302E+30  0.811E+29  0.759E+30  0.176E-24  0.000E+00  0.000E+00
 0.260E+00  0.601E+00  0.746E+01  0.660E+01  0.537E+01  0.123E+01  0.259E+01  0.270E-05  0.270E-05  0.208E-04  0.588E-05  0.261E+00  0.178E-04  0.110E+01  0.109E+01  0.110E+01  0.000E+00  0.299E+30  0.299E+30  0.819E+29  0.767E+30  0.178E-24  0.000E+00  0.000E+00
 0.270E+00  0.605E+00  0.746E+01  0.660E+01  0.541E+01  0.119E+01  0.252E+01  0.274E-05  0.273E-05  0.209E-04  0.593E-05  0.261E+00  0.179E-04  0.109E+01  0.109E+01  0.109E+01  0.000E+00  0.303E+30  0.303E+30  0.826E+29  0.773E+30  0.179E-24  0.000E+00  0.000E+00
 0.280E+00  0.609E+00  0.746E+01  0.660E+01  0.544E+01  0.116E+01  0.245E+01  0.283E-05  0.283E-05  0.211E-04  0.598E-05  0.267E+00  0.180E-04  0.106E+01  0.106E+01  0.106E+01  0.000E+00  0.314E+30  0.313E+30  0.832E+29  0.777E+30  0.180E-24  0.000E+00  0.000E+00
 0.290E+00  0.612E+00  0.746E+01  0.660E+01  0.547E+01  0.113E+01  0.238E+01  0.298E-05  0.298E-05  0.212E-04  0.601E-05  0.276E+00  0.181E-04  0.101E+01  0.101E+01  0.101E+01  0.000E+00  0.330E+30  0.330E+30  0.837E+29  0.781E+30  0.181E-24  0.000E+00  0.000E+00
 0.300E+00  0.616E+00  0.746E+01  0.660E+01  0.551E+01  0.109E+01  0.232E+01  0.313E-05  0.312E-05  0.212E-04  0.603E-05  0.285E+00  0.182E-04  0.970E+00  0.965E+00  0.968E+00  0.000E+00  0.346E+30  0.346E+30  0.840E+29  0.783E+30  0.182E-24  0.000E+00  0.000E+00
 0.310E+00  0.619E+00  0.746E+01  0.660E+01  0.554E+01  0.106E+01  0.226E+01  0.320E-05  0.320E-05  0.213E-04  0.603E-05  0.290E+00  0.182E-04  0.949E+00  0.942E+00  0.948E+00  0.000E+00  0.355E+30  0.354E+30  0.840E+29  0.784E+30  0.182E-24  0.000E+00  0.000E+00
 0.320E+00  0.622E+00  0.746E+01  0.660E+01  0.556E+01  0.104E+01  0.220E+01  0.316E-05  0.315E-05  0.213E-04  0.602E-05  0.287E+00  0.182E-04  0.964E+00  0.954E+00  0.963E+00  0.000E+00  0.350E+30  0.349E+30  0.838E+29  0.785E+30  0.182E-24  0.000E+00  0.000E+00
 0.330E+00  0.625E+00  0.746E+01  0.660E+01  0.559E+01  0.101E+01  0.215E+01  0.300E-05  0.300E-05  0.213E-04  0.600E-05  0.276E+00  0.182E-04  0.101E+01  0.100E+01  0.101E+01  0.000E+00  0.333E+30  0.332E+30  0.836E+29  0.786E+30  0.182E-24  0.000E+00  0.000E+00
 0.340E+00  0.628E+00  0.746E+01  0.660E+01  0.562E+01  0.984E+00  0.210E+01  0.282E-05  0.282E-05  0.213E-04  0.599E-05  0.264E+00  0.183E-04  0.108E+01  0.106E+01  0.108E+01  0.000E+00  0.313E+30  0.312E+30  0.834E+29  0.788E+30  0.183E-24  0.000E+00  0.000E+00
 0.350E+00  0.631E+00  0.746E+01  0.660E+01  0.564E+01  0.960E+00  0.205E+01  0.267E-05  0.266E-05  0.214E-04  0.600E-05  0.252E+00  0.184E-04  0.115E+01  0.113E+01  0.115E+01  0.000E+00  0.295E+30  0.295E+30  0.835E+29  0.791E+30  0.184E-24  0.000E+00  0.000E+00
 0.360E+00  0.633E+00  0.746E+01  0.660E+01  0.566E+01  0.938E+00  0.201E+01  0.255E-05  0.255E-05  0.216E-04  0.603E-05  0.243E+00  0.185E-04  0.121E+01  0.118E+01  0.121E+01  0.000E+00  0.283E+30  0.282E+30  0.840E+29  0.797E+30  0.185E-24  0.000E+00  0.000E+00
 0.370E+00  0.636E+00  0.746E+01  0.660E+01  0.568E+01  0.916E+00  0.196E+01  0.249E-05  0.249E-05  0.218E-04  0.611E-05  0.237E+00  0.187E-04  0.125E+01  0.123E+01  0.125E+01  0.000E+00  0.276E+30  0.276E+30  0.850E+29  0.805E+30  0.187E-24  0.000E+00  0.000E+00
 0.380E+00  0.638E+00  0.746E+01  0.660E+01  0.571E+01  0.895E+00  0.192E+01  0.249E-05  0.249E-05  0.221E-04  0.622E-05  0.234E+00  0.189E-04  0.127E+01  0.125E+01  0.127E+01  0.000E+00  0.276E+30  0.275E+30  0.865E+29  0.815E+30  0.189E-24  0.000E+00  0.000E+00
 0.390E+00  0.640E+00  0.746E+01  0.660E+01  0.573E+01  0.875E+00  0.188E+01  0.253E-05  0.253E-05  0.224E-04  0.636E-05  0.234E+00  0.192E-04  0.127E+01  0.126E+01  0.127E+01  0.000E+00  0.280E+30  0.280E+30  0.886E+29  0.828E+30  0.192E-24  0.000E+00  0.000E+00
 0.400E+00  0.642E+00  0.746E+01  0.660E+01  0.574E+01  0.856E+00  0.184E+01  0.261E-05  0.261E-05  0.228E-04  0.654E-05  0.236E+00  0.196E-04  0.125E+01  0.126E+01  0.125E+01  0.000E+00  0.289E+30  0.288E+30  0.911E+29  0.843E+30  0.196E-24  0.000E+00  0.000E+00
 0.410E+00  0.645E+00  0.746E+01  0.660E+01  0.576E+01  0.838E+00  0.181E+01  0.273E-05  0.273E-05  0.233E-04  0.674E-05  0.241E+00  0.200E-04  0.122E+01  0.123E+01  0.122E+01  0.000E+00  0.303E+30  0.302E+30  0.938E+29  0.860E+30  0.200E-24  0.000E+00  0.000E+00
 0.420E+00  0.646E+00  0.746E+01  0.660E+01  0.578E+01  0.820E+00  0.177E+01  0.289E-05  0.288E-05  0.238E-04  0.696E-05  0.247E+00  0.204E-04  0.118E+01  0.121E+01  0.118E+01  0.000E+00  0.320E+30  0.319E+30  0.969E+29  0.878E+30  0.204E-24  0.000E+00  0.000E+00
 0.430E+00  0.648E+00  0.746E+01  0.660E+01  0.580E+01  0.803E+00  0.174E+01  0.306E-05  0.306E-05  0.242E-04  0.718E-05  0.254E+00  0.208E-04  0.113E+01  0.117E+01  0.113E+01  0.000E+00  0.339E+30  0.339E+30  0.100E+30  0.894E+30  0.208E-24  0.000E+00  0.000E+00
 0.440E+00  0.650E+00  0.746E+01  0.660E+01  0.581E+01  0.787E+00  0.171E+01  0.328E-05  0.327E-05  0.247E-04  0.739E-05  0.263E+00  0.212E-04  0.108E+01  0.113E+01  0.108E+01  0.000E+00  0.363E+30  0.362E+30  0.103E+30  0.910E+30  0.212E-24  0.000E+00  0.000E+00
 0.450E+00  0.652E+00  0.746E+01  0.660E+01  0.583E+01  0.772E+00  0.168E+01  0.349E-05  0.348E-05  0.250E-04  0.758E-05  0.272E+00  0.215E-04  0.103E+01  0.109E+01  0.103E+01  0.000E+00  0.386E+30  0.386E+30  0.106E+30  0.924E+30  0.215E-24  0.000E+00  0.000E+00
 0.460E+00  0.654E+00  0.746E+01  0.660E+01  0.584E+01  0.757E+00  0.165E+01  0.374E-05  0.373E-05  0.254E-04  0.775E-05  0.283E+00  0.218E-04  0.974E+00  0.104E+01  0.976E+00  0.000E+00  0.414E+30  0.413E+30  0.108E+30  0.939E+30  0.218E-24  0.000E+00  0.000E+00
 0.470E+00  0.655E+00  0.746E+01  0.660E+01  0.586E+01  0.743E+00  0.162E+01  0.399E-05  0.398E-05  0.257E-04  0.789E-05  0.294E+00  0.221E-04  0.923E+00  0.991E+00  0.925E+00  0.000E+00  0.442E+30  0.441E+30  0.110E+30  0.949E+30  0.221E-24  0.000E+00  0.000E+00
 0.480E+00  0.657E+00  0.746E+01  0.660E+01  0.587E+01  0.729E+00  0.159E+01  0.424E-05  0.423E-05  0.260E-04  0.798E-05  0.305E+00  0.223E-04  0.877E+00  0.944E+00  0.879E+00  0.000E+00  0.469E+30  0.468E+30  0.111E+30  0.958E+30  0.223E-24  0.000E+00  0.000E+00
 0.490E+00  0.658E+00  0.746E+01  0.660E+01  0.588E+01  0.716E+00  0.157E+01  0.445E-05  0.444E-05  0.261E-04  0.805E-05  0.314E+00  0.224E-04  0.839E+00  0.907E+00  0.841E+00  0.000E+00  0.493E+30  0.491E+30  0.112E+30  0.962E+30  0.224E-24  0.000E+00  0.000E+00
 0.500E+00  0.660E+00  0.746E+01  0.660E+01  0.590E+01  0.703E+00  0.154E+01  0.462E-05  0.461E-05  0.261E-04  0.806E-05  0.322E+00  0.225E-04  0.810E+00  0.874E+00  0.812E+00  0.000E+00  0.512E+30  0.510E+30  0.112E+30  0.964E+30  0.225E-24  0.000E+00  0.000E+00
 0.510E+00  0.661E+00  0.746E+01  0.660E+01  0.591E+01  0.691E+00  0.152E+01  0.473E-05  0.472E-05  0.261E-04  0.804E-05  0.327E+00  0.225E-04  0.791E+00  0.852E+00  0.793E+00  0.000E+00  0.524E+30  0.523E+30  0.112E+30  0.964E+30  0.225E-24  0.000E+00  0.000E+00
 0.520E+00  0.662E+00  0.746E+01  0.660E+01  0.592E+01  0.679E+00  0.149E+01  0.477E-05  0.475E-05  0.261E-04  0.798E-05  0.329E+00  0.224E-04  0.784E+00  0.839E+00  0.787E+00  0.000E+00  0.528E+30  0.526E+30  0.111E+30  0.963E+30  0.224E-24  0.000E+00  0.000E+00
 0.530E+00  0.664E+00  0.746E+01  0.660E+01  0.593E+01  0.667E+00  0.147E+01  0.469E-05  0.468E-05  0.259E-04  0.789E-05  0.327E+00  0.223E-04  0.793E+00  0.844E+00  0.795E+00  0.000E+00  0.519E+30  0.518E+30  0.110E+30  0.957E+30  0.223E-24  0.000E+00  0.000E+00
 0.540E+00  0.665E+00  0.746E+01  0.660E+01  0.594E+01  0.656E+00  0.145E+01  0.454E-05  0.452E-05  0.258E-04  0.777E-05  0.321E+00  0.222E-04  0.814E+00  0.859E+00  0.817E+00  0.000E+00  0.502E+30  0.501E+30  0.108E+30  0.951E+30  0.222E-24  0.000E+00  0.000E+00
 0.550E+00  0.666E+00  0.746E+01  0.660E+01  0.595E+01  0.645E+00  0.143E+01  0.430E-05  0.428E-05  0.256E-04  0.763E-05  0.311E+00  0.220E-04  0.853E+00  0.891E+00  0.856E+00  0.000E+00  0.476E+30  0.474E+30  0.106E+30  0.944E+30  0.220E-24  0.000E+00  0.000E+00
 0.560E+00  0.667E+00  0.746E+01  0.660E+01  0.597E+01  0.635E+00  0.140E+01  0.402E-05  0.400E-05  0.253E-04  0.748E-05  0.299E+00  0.218E-04  0.904E+00  0.935E+00  0.908E+00  0.000E+00  0.445E+30  0.443E+30  0.104E+30  0.935E+30  0.218E-24  0.000E+00  0.000E+00
 0.570E+00  0.668E+00  0.746E+01  0.660E+01  0.598E+01  0.625E+00  0.138E+01  0.369E-05  0.368E-05  0.251E-04  0.733E-05  0.284E+00  0.216E-04  0.975E+00  0.996E+00  0.979E+00  0.000E+00  0.409E+30  0.407E+30  0.102E+30  0.926E+30  0.216E-24  0.000E+00  0.000E+00
 0.580E+00  0.669E+00  0.746E+01  0.660E+01  0.598E+01  0.615E+00  0.137E+01  0.335E-05  0.334E-05  0.248E-04  0.717E-05  0.267E+00  0.214E-04  0.106E+01  0.107E+01  0.107E+01  0.000E+00  0.371E+30  0.369E+30  0.999E+29  0.916E+30  0.214E-24  0.000E+00  0.000E+00
 0.590E+00  0.670E+00  0.746E+01  0.660E+01  0.599E+01  0.606E+00  0.135E+01  0.301E-05  0.300E-05  0.246E-04  0.702E-05  0.249E+00  0.211E-04  0.117E+01  0.117E+01  0.117E+01  0.000E+00  0.333E+30  0.332E+30  0.977E+29  0.906E+30  0.211E-24  0.000E+00  0.000E+00
 0.600E+00  0.672E+00  0.746E+01  0.660E+01  0.600E+01  0.596E+00  0.133E+01  0.268E-05  0.267E-05  0.243E-04  0.687E-05  0.230E+00  0.209E-04  0.130E+01  0.128E+01  0.130E+01  0.000E+00  0.297E+30  0.296E+30  0.956E+29  0.898E+30  0.209E-24  0.000E+00  0.000E+00
 0.610E+00  0.673E+00  0.746E+01  0.660E+01  0.601E+01  0.587E+00  0.131E+01  0.240E-05  0.239E-05  0.241E-04  0.672E-05  0.212E+00  0.207E-04  0.144E+01  0.141E+01  0.145E+01  0.000E+00  0.266E+30  0.265E+30  0.936E+29  0.889E+30  0.207E-24  0.000E+00  0.000E+00
 0.620E+00  0.673E+00  0.746E+01  0.660E+01  0.602E+01  0.579E+00  0.129E+01  0.215E-05  0.214E-05  0.239E-04  0.662E-05  0.196E+00  0.206E-04  0.159E+01  0.155E+01  0.160E+01  0.000E+00  0.238E+30  0.237E+30  0.921E+29  0.882E+30  0.206E-24  0.000E+00  0.000E+00
 0.630E+00  0.674E+00  0.746E+01  0.660E+01  0.603E+01  0.570E+00  0.128E+01  0.194E-05  0.193E-05  0.237E-04  0.651E-05  0.181E+00  0.204E-04  0.175E+01  0.169E+01  0.176E+01  0.000E+00  0.215E+30  0.214E+30  0.907E+29  0.875E+30  0.204E-24  0.000E+00  0.000E+00
 0.640E+00  0.675E+00  0.746E+01  0.660E+01  0.604E+01  0.562E+00  0.126E+01  0.176E-05  0.175E-05  0.236E-04  0.643E-05  0.168E+00  0.203E-04  0.192E+01  0.184E+01  0.193E+01  0.000E+00  0.195E+30  0.194E+30  0.895E+29  0.870E+30  0.203E-24  0.000E+00  0.000E+00
 0.650E+00  0.676E+00  0.746E+01  0.660E+01  0.605E+01  0.554E+00  0.124E+01  0.163E-05  0.162E-05  0.235E-04  0.637E-05  0.158E+00  0.202E-04  0.207E+01  0.196E+01  0.208E+01  0.000E+00  0.180E+30  0.180E+30  0.887E+29  0.866E+30  0.202E-24  0.000E+00  0.000E+00
 0.660E+00  0.677E+00  0.746E+01  0.660E+01  0.605E+01  0.547E+00  0.123E+01  0.151E-05  0.150E-05  0.234E-04  0.633E-05  0.149E+00  0.202E-04  0.223E+01  0.210E+01  0.224E+01  0.000E+00  0.167E+30  0.167E+30  0.881E+29  0.865E+30  0.202E-24  0.000E+00  0.000E+00
 0.670E+00  0.678E+00  0.746E+01  0.660E+01  0.606E+01  0.539E+00  0.121E+01  0.145E-05  0.144E-05  0.234E-04  0.631E-05  0.144E+00  0.202E-04  0.232E+01  0.218E+01  0.233E+01  0.000E+00  0.160E+30  0.160E+30  0.878E+29  0.865E+30  0.202E-24  0.000E+00  0.000E+00
 0.680E+00  0.679E+00  0.746E+01  0.660E+01  0.607E+01  0.532E+00  0.120E+01  0.137E-05  0.137E-05  0.234E-04  0.631E-05  0.137E+00  0.202E-04  0.245E+01  0.231E+01  0.246E+01  0.000E+00  0.152E+30  0.151E+30  0.879E+29  0.865E+30  0.202E-24  0.000E+00  0.000E+00
 0.690E+00  0.680E+00  0.746E+01  0.660E+01  0.608E+01  0.525E+00  0.119E+01  0.136E-05  0.135E-05  0.235E-04  0.633E-05  0.135E+00  0.203E-04  0.248E+01  0.234E+01  0.250E+01  0.000E+00  0.150E+30  0.150E+30  0.882E+29  0.868E+30  0.203E-24  0.000E+00  0.000E+00
 0.700E+00  0.680E+00  0.746E+01  0.660E+01  0.608E+01  0.518E+00  0.117E+01  0.132E-05  0.131E-05  0.237E-04  0.638E-05  0.131E+00  0.204E-04  0.257E+01  0.243E+01  0.259E+01  0.000E+00  0.146E+30  0.145E+30  0.888E+29  0.873E+30  0.204E-24  0.000E+00  0.000E+00
 0.710E+00  0.681E+00  0.746E+01  0.660E+01  0.609E+01  0.511E+00  0.116E+01  0.135E-05  0.134E-05  0.238E-04  0.644E-05  0.133E+00  0.205E-04  0.254E+01  0.240E+01  0.255E+01  0.000E+00  0.149E+30  0.149E+30  0.897E+29  0.879E+30  0.205E-24  0.000E+00  0.000E+00
 0.720E+00  0.682E+00  0.746E+01  0.660E+01  0.610E+01  0.505E+00  0.115E+01  0.133E-05  0.133E-05  0.240E-04  0.652E-05  0.131E+00  0.207E-04  0.258E+01  0.245E+01  0.259E+01  0.000E+00  0.148E+30  0.147E+30  0.908E+29  0.886E+30  0.207E-24  0.000E+00  0.000E+00
 0.730E+00  0.682E+00  0.746E+01  0.660E+01  0.610E+01  0.498E+00  0.113E+01  0.139E-05  0.138E-05  0.242E-04  0.661E-05  0.134E+00  0.208E-04  0.250E+01  0.239E+01  0.252E+01  0.000E+00  0.153E+30  0.153E+30  0.921E+29  0.894E+30  0.208E-24  0.000E+00  0.000E+00
 0.740E+00  0.683E+00  0.746E+01  0.660E+01  0.611E+01  0.492E+00  0.112E+01  0.142E-05  0.141E-05  0.244E-04  0.672E-05  0.136E+00  0.210E-04  0.247E+01  0.238E+01  0.249E+01  0.000E+00  0.157E+30  0.156E+30  0.936E+29  0.902E+30  0.210E-24  0.000E+00  0.000E+00
 0.750E+00  0.684E+00  0.746E+01  0.660E+01  0.611E+01  0.486E+00  0.111E+01  0.151E-05  0.151E-05  0.247E-04  0.684E-05  0.142E+00  0.213E-04  0.234E+01  0.227E+01  0.235E+01  0.000E+00  0.167E+30  0.167E+30  0.952E+29  0.912E+30  0.213E-24  0.000E+00  0.000E+00
 0.760E+00  0.685E+00  0.746E+01  0.660E+01  0.612E+01  0.480E+00  0.110E+01  0.155E-05  0.155E-05  0.250E-04  0.696E-05  0.144E+00  0.215E-04  0.231E+01  0.225E+01  0.232E+01  0.000E+00  0.171E+30  0.171E+30  0.970E+29  0.922E+30  0.215E-24  0.000E+00  0.000E+00
 0.770E+00  0.685E+00  0.746E+01  0.660E+01  0.613E+01  0.474E+00  0.109E+01  0.169E-05  0.169E-05  0.253E-04  0.710E-05  0.154E+00  0.217E-04  0.213E+01  0.210E+01  0.214E+01  0.000E+00  0.187E+30  0.187E+30  0.988E+29  0.932E+30  0.217E-24  0.000E+00  0.000E+00
 0.780E+00  0.686E+00  0.746E+01  0.660E+01  0.613E+01  0.469E+00  0.107E+01  0.179E-05  0.180E-05  0.256E-04  0.724E-05  0.160E+00  0.220E-04  0.203E+01  0.201E+01  0.204E+01  0.000E+00  0.198E+30  0.199E+30  0.101E+30  0.943E+30  0.220E-24  0.000E+00  0.000E+00
 0.790E+00  0.686E+00  0.746E+01  0.660E+01  0.614E+01  0.463E+00  0.106E+01  0.195E-05  0.197E-05  0.259E-04  0.738E-05  0.171E+00  0.223E-04  0.188E+01  0.188E+01  0.188E+01  0.000E+00  0.216E+30  0.218E+30  0.103E+30  0.954E+30  0.223E-24  0.000E+00  0.000E+00
 0.800E+00  0.687E+00  0.746E+01  0.660E+01  0.614E+01  0.458E+00  0.105E+01  0.211E-05  0.213E-05  0.262E-04  0.753E-05  0.181E+00  0.225E-04  0.175E+01  0.176E+01  0.176E+01  0.000E+00  0.234E+30  0.236E+30  0.105E+30  0.966E+30  0.225E-24  0.000E+00  0.000E+00
 0.810E+00  0.688E+00  0.746E+01  0.660E+01  0.615E+01  0.452E+00  0.104E+01  0.234E-05  0.237E-05  0.265E-04  0.768E-05  0.195E+00  0.228E-04  0.160E+01  0.162E+01  0.160E+01  0.000E+00  0.259E+30  0.262E+30  0.107E+30  0.977E+30  0.228E-24  0.000E+00  0.000E+00
 0.820E+00  0.688E+00  0.746E+01  0.660E+01  0.615E+01  0.447E+00  0.103E+01  0.264E-05  0.268E-05  0.268E-04  0.783E-05  0.213E+00  0.230E-04  0.143E+01  0.146E+01  0.143E+01  0.000E+00  0.292E+30  0.296E+30  0.109E+30  0.988E+30  0.230E-24  0.000E+00  0.000E+00
 0.830E+00  0.689E+00  0.746E+01  0.660E+01  0.616E+01  0.442E+00  0.102E+01  0.288E-05  0.293E-05  0.271E-04  0.797E-05  0.226E+00  0.233E-04  0.132E+01  0.136E+01  0.133E+01  0.000E+00  0.319E+30  0.324E+30  0.111E+30  0.998E+30  0.233E-24  0.000E+00  0.000E+00
 0.840E+00  0.689E+00  0.746E+01  0.660E+01  0.616E+01  0.437E+00  0.101E+01  0.329E-05  0.335E-05  0.273E-04  0.812E-05  0.249E+00  0.235E-04  0.116E+01  0.121E+01  0.117E+01  0.000E+00  0.364E+30  0.371E+30  0.113E+30  0.101E+31  0.235E-24  0.000E+00  0.000E+00
 0.850E+00  0.690E+00  0.746E+01  0.660E+01  0.617E+01  0.432E+00  0.100E+01  0.354E-05  0.362E-05  0.276E-04  0.826E-05  0.261E+00  0.237E-04  0.109E+01  0.114E+01  0.109E+01  0.000E+00  0.392E+30  0.401E+30  0.115E+30  0.102E+31  0.237E-24  0.000E+00  0.000E+00
 0.860E+00  0.690E+00  0.746E+01  0.660E+01  0.617E+01  0.428E+00  0.993E+00  0.406E-05  0.415E-05  0.279E-04  0.839E-05  0.286E+00  0.240E-04  0.959E+00  0.101E+01  0.962E+00  0.000E+00  0.449E+30  0.460E+30  0.117E+30  0.103E+31  0.240E-24  0.000E+00  0.000E+00
 0.870E+00  0.691E+00  0.746E+01  0.660E+01  0.618E+01  0.423E+00  0.984E+00  0.452E-05  0.463E-05  0.281E-04  0.852E-05  0.307E+00  0.242E-04  0.867E+00  0.920E+00  0.870E+00  0.000E+00  0.501E+30  0.513E+30  0.119E+30  0.104E+31  0.242E-24  0.000E+00  0.000E+00
 0.880E+00  0.691E+00  0.746E+01  0.660E+01  0.618E+01  0.419E+00  0.975E+00  0.502E-05  0.515E-05  0.283E-04  0.863E-05  0.328E+00  0.244E-04  0.786E+00  0.839E+00  0.789E+00  0.000E+00  0.556E+30  0.570E+30  0.120E+30  0.104E+31  0.244E-24  0.000E+00  0.000E+00
 0.890E+00  0.692E+00  0.746E+01  0.660E+01  0.619E+01  0.414E+00  0.966E+00  0.577E-05  0.591E-05  0.285E-04  0.874E-05  0.358E+00  0.245E-04  0.689E+00  0.739E+00  0.691E+00  0.000E+00  0.639E+30  0.655E+30  0.122E+30  0.105E+31  0.245E-24  0.000E+00  0.000E+00
 0.900E+00  0.692E+00  0.746E+01  0.660E+01  0.619E+01  0.410E+00  0.957E+00  0.624E-05  0.639E-05  0.287E-04  0.884E-05  0.375E+00  0.247E-04  0.641E+00  0.692E+00  0.644E+00  0.000E+00  0.690E+30  0.707E+30  0.123E+30  0.106E+31  0.247E-24  0.000E+00  0.000E+00
 0.910E+00  0.693E+00  0.746E+01  0.660E+01  0.619E+01  0.406E+00  0.949E+00  0.710E-05  0.727E-05  0.288E-04  0.892E-05  0.404E+00  0.248E-04  0.566E+00  0.614E+00  0.568E+00  0.000E+00  0.786E+30  0.805E+30  0.124E+30  0.106E+31  0.248E-24  0.000E+00  0.000E+00
 0.920E+00  0.693E+00  0.746E+01  0.660E+01  0.620E+01  0.402E+00  0.941E+00  0.783E-05  0.801E-05  0.289E-04  0.900E-05  0.426E+00  0.249E-04  0.516E+00  0.562E+00  0.518E+00  0.000E+00  0.867E+30  0.887E+30  0.125E+30  0.107E+31  0.249E-24  0.000E+00  0.000E+00
 0.930E+00  0.694E+00  0.746E+01  0.660E+01  0.620E+01  0.398E+00  0.933E+00  0.855E-05  0.874E-05  0.290E-04  0.905E-05  0.447E+00  0.250E-04  0.475E+00  0.518E+00  0.476E+00  0.000E+00  0.947E+30  0.967E+30  0.126E+30  0.107E+31  0.250E-24  0.000E+00  0.000E+00
 0.940E+00  0.694E+00  0.746E+01  0.660E+01  0.621E+01  0.394E+00  0.925E+00  0.928E-05  0.946E-05  0.291E-04  0.910E-05  0.466E+00  0.250E-04  0.439E+00  0.481E+00  0.441E+00  0.000E+00  0.103E+31  0.105E+31  0.127E+30  0.107E+31  0.250E-24  0.000E+00  0.000E+00
 0.950E+00  0.695E+00  0.746E+01  0.660E+01  0.621E+01  0.390E+00  0.917E+00  0.985E-05  0.100E-04  0.291E-04  0.912E-05  0.480E+00  0.251E-04  0.415E+00  0.455E+00  0.417E+00  0.000E+00  0.109E+31  0.111E+31  0.127E+30  0.107E+31  0.251E-24  0.000E+00  0.000E+00
 0.960E+00  0.695E+00  0.746E+01  0.660E+01  0.621E+01  0.386E+00  0.909E+00  0.105E-04  0.107E-04  0.291E-04  0.914E-05  0.496E+00  0.250E-04  0.389E+00  0.428E+00  0.391E+00  0.000E+00  0.117E+31  0.118E+31  0.127E+30  0.107E+31  0.250E-24  0.000E+00  0.000E+00
 0.970E+00  0.695E+00  0.746E+01  0.660E+01  0.622E+01  0.382E+00  0.902E+00  0.110E-04  0.112E-04  0.291E-04  0.913E-05  0.507E+00  0.250E-04  0.372E+00  0.409E+00  0.373E+00  0.000E+00  0.122E+31  0.124E+31  0.127E+30  0.107E+31  0.250E-24  0.000E+00  0.000E+00
 0.980E+00  0.696E+00  0.746E+01  0.660E+01  0.622E+01  0.378E+00  0.895E+00  0.114E-04  0.114E-04  0.290E-04  0.911E-05  0.514E+00  0.250E-04  0.362E+00  0.398E+00  0.364E+00  0.000E+00  0.126E+31  0.127E+31  0.127E+30  0.107E+31  0.250E-24  0.000E+00  0.000E+00
 0.990E+00  0.696E+00  0.746E+01  0.660E+01  0.623E+01  0.375E+00  0.887E+00  0.114E-04  0.115E-04  0.289E-04  0.907E-05  0.516E+00  0.249E-04  0.360E+00  0.395E+00  0.361E+00  0.000E+00  0.127E+31  0.127E+31  0.126E+30  0.107E+31  0.249E-24  0.000E+00  0.000E+00
 0.100E+01  0.697E+00  0.746E+01  0.660E+01  0.623E+01  0.371E+00  0.880E+00  0.115E-04  0.115E-04  0.288E-04  0.902E-05  0.518E+00  0.248E-04  0.357E+00  0.391E+00  0.358E+00  0.000E+00  0.128E+31  0.128E+31  0.126E+30  0.106E+31  0.248E-24  0.000E+00  0.000E+00
 0.101E+01  0.697E+00  0.746E+01  0.660E+01  0.623E+01  0.368E+00  0.873E+00  0.113E-04  0.112E-04  0.286E-04  0.895E-05  0.513E+00  0.246E-04  0.364E+00  0.399E+00  0.366E+00  0.000E+00  0.125E+31  0.124E+31  0.125E+30  0.106E+31  0.246E-24  0.000E+00  0.000E+00
 0.102E+01  0.697E+00  0.746E+01  0.660E+01  0.624E+01  0.364E+00  0.867E+00  0.109E-04  0.108E-04  0.285E-04  0.887E-05  0.505E+00  0.245E-04  0.376E+00  0.410E+00  0.377E+00  0.000E+00  0.120E+31  0.120E+31  0.123E+30  0.105E+31  0.245E-24  0.000E+00  0.000E+00
 0.103E+01  0.698E+00  0.746E+01  0.660E+01  0.624E+01  0.361E+00  0.860E+00  0.104E-04  0.103E-04  0.283E-04  0.877E-05  0.495E+00  0.243E-04  0.391E+00  0.425E+00  0.392E+00  0.000E+00  0.115E+31  0.114E+31  0.122E+30  0.104E+31  0.243E-24  0.000E+00  0.000E+00
 0.104E+01  0.698E+00  0.746E+01  0.660E+01  0.624E+01  0.358E+00  0.854E+00  0.994E-05  0.982E-05  0.280E-04  0.866E-05  0.485E+00  0.241E-04  0.407E+00  0.441E+00  0.409E+00  0.000E+00  0.110E+31  0.109E+31  0.121E+30  0.103E+31  0.241E-24  0.000E+00  0.000E+00
 0.105E+01  0.699E+00  0.746E+01  0.660E+01  0.625E+01  0.355E+00  0.847E+00  0.927E-05  0.914E-05  0.278E-04  0.853E-05  0.470E+00  0.239E-04  0.434E+00  0.467E+00  0.435E+00  0.000E+00  0.103E+31  0.101E+31  0.119E+30  0.102E+31  0.239E-24  0.000E+00  0.000E+00
 0.106E+01  0.699E+00  0.746E+01  0.660E+01  0.625E+01  0.351E+00  0.841E+00  0.858E-05  0.843E-05  0.275E-04  0.840E-05  0.452E+00  0.236E-04  0.465E+00  0.498E+00  0.467E+00  0.000E+00  0.949E+30  0.934E+30  0.117E+30  0.101E+31  0.236E-24  0.000E+00  0.000E+00
 0.107E+01  0.699E+00  0.746E+01  0.660E+01  0.625E+01  0.348E+00  0.835E+00  0.805E-05  0.789E-05  0.272E-04  0.825E-05  0.439E+00  0.234E-04  0.491E+00  0.523E+00  0.493E+00  0.000E+00  0.891E+30  0.874E+30  0.115E+30  0.100E+31  0.234E-24  0.000E+00  0.000E+00
 0.108E+01  0.700E+00  0.746E+01  0.660E+01  0.625E+01  0.345E+00  0.829E+00  0.733E-05  0.716E-05  0.268E-04  0.810E-05  0.418E+00  0.231E-04  0.535E+00  0.565E+00  0.537E+00  0.000E+00  0.811E+30  0.793E+30  0.113E+30  0.990E+30  0.231E-24  0.000E+00  0.000E+00
 0.109E+01  0.700E+00  0.746E+01  0.660E+01  0.626E+01  0.342E+00  0.823E+00  0.667E-05  0.651E-05  0.265E-04  0.794E-05  0.398E+00  0.228E-04  0.581E+00  0.610E+00  0.584E+00  0.000E+00  0.739E+30  0.720E+30  0.110E+30  0.977E+30  0.228E-24  0.000E+00  0.000E+00
 0.110E+01  0.700E+00  0.746E+01  0.660E+01  0.626E+01  0.339E+00  0.817E+00  0.620E-05  0.603E-05  0.261E-04  0.777E-05  0.384E+00  0.225E-04  0.618E+00  0.644E+00  0.621E+00  0.000E+00  0.687E+30  0.668E+30  0.108E+30  0.964E+30  0.225E-24  0.000E+00  0.000E+00
 0.111E+01  0.701E+00  0.746E+01  0.660E+01  0.626E+01  0.336E+00  0.811E+00  0.573E-05  0.556E-05  0.257E-04  0.759E-05  0.368E+00  0.222E-04  0.662E+00  0.683E+00  0.664E+00  0.000E+00  0.634E+30  0.615E+30  0.106E+30  0.950E+30  0.222E-24  0.000E+00  0.000E+00
 0.112E+01  0.701E+00  0.746E+01  0.660E+01  0.627E+01  0.333E+00  0.805E+00  0.505E-05  0.489E-05  0.254E-04  0.742E-05  0.342E+00  0.218E-04  0.741E+00  0.759E+00  0.744E+00  0.000E+00  0.559E+30  0.541E+30  0.103E+30  0.936E+30  0.218E-24  0.000E+00  0.000E+00
 0.113E+01  0.701E+00  0.746E+01  0.660E+01  0.627E+01  0.331E+00  0.800E+00  0.467E-05  0.451E-05  0.250E-04  0.724E-05  0.328E+00  0.215E-04  0.791E+00  0.803E+00  0.794E+00  0.000E+00  0.517E+30  0.499E+30  0.101E+30  0.921E+30  0.215E-24  0.000E+00  0.000E+00
 0.114E+01  0.702E+00  0.746E+01  0.660E+01  0.627E+01  0.328E+00  0.794E+00  0.442E-05  0.426E-05  0.245E-04  0.706E-05  0.319E+00  0.211E-04  0.824E+00  0.829E+00  0.827E+00  0.000E+00  0.490E+30  0.471E+30  0.983E+29  0.906E+30  0.211E-24  0.000E+00  0.000E+00
 0.115E+01  0.702E+00  0.746E+01  0.660E+01  0.627E+01  0.325E+00  0.789E+00  0.369E-05  0.354E-05  0.241E-04  0.687E-05  0.284E+00  0.208E-04  0.975E+00  0.972E+00  0.979E+00  0.000E+00  0.408E+30  0.391E+30  0.957E+29  0.890E+30  0.208E-24  0.000E+00  0.000E+00
 0.116E+01  0.702E+00  0.746E+01  0.660E+01  0.628E+01  0.323E+00  0.784E+00  0.339E-05  0.324E-05  0.237E-04  0.669E-05  0.271E+00  0.204E-04  0.104E+01  0.103E+01  0.105E+01  0.000E+00  0.375E+30  0.359E+30  0.932E+29  0.875E+30  0.204E-24  0.000E+00  0.000E+00
 0.117E+01  0.702E+00  0.746E+01  0.660E+01  0.628E+01  0.320E+00  0.778E+00  0.314E-05  0.300E-05  0.233E-04  0.651E-05  0.259E+00  0.200E-04  0.111E+01  0.109E+01  0.111E+01  0.000E+00  0.348E+30  0.332E+30  0.907E+29  0.859E+30  0.200E-24  0.000E+00  0.000E+00
 0.118E+01  0.703E+00  0.746E+01  0.660E+01  0.628E+01  0.317E+00  0.773E+00  0.292E-05  0.278E-05  0.229E-04  0.633E-05  0.248E+00  0.197E-04  0.117E+01  0.114E+01  0.118E+01  0.000E+00  0.324E+30  0.308E+30  0.882E+29  0.843E+30  0.197E-24  0.000E+00  0.000E+00
 0.119E+01  0.703E+00  0.746E+01  0.660E+01  0.629E+01  0.315E+00  0.768E+00  0.262E-05  0.249E-05  0.224E-04  0.616E-05  0.232E+00  0.193E-04  0.129E+01  0.124E+01  0.129E+01  0.000E+00  0.290E+30  0.275E+30  0.857E+29  0.828E+30  0.193E-24  0.000E+00  0.000E+00
 0.120E+01  0.703E+00  0.746E+01  0.660E+01  0.629E+01  0.312E+00  0.763E+00  0.243E-05  0.230E-05  0.220E-04  0.599E-05  0.222E+00  0.189E-04  0.136E+01  0.130E+01  0.137E+01  0.000E+00  0.270E+30  0.255E+30  0.833E+29  0.812E+30  0.189E-24  0.000E+00  0.000E+00
 0.121E+01  0.704E+00  0.746E+01  0.660E+01  0.629E+01  0.310E+00  0.758E+00  0.227E-05  0.214E-05  0.216E-04  0.582E-05  0.213E+00  0.186E-04  0.144E+01  0.136E+01  0.145E+01  0.000E+00  0.251E+30  0.237E+30  0.810E+29  0.796E+30  0.186E-24  0.000E+00  0.000E+00
 0.122E+01  0.704E+00  0.746E+01  0.660E+01  0.629E+01  0.307E+00  0.753E+00  0.198E-05  0.186E-05  0.211E-04  0.565E-05  0.194E+00  0.182E-04  0.162E+01  0.152E+01  0.163E+01  0.000E+00  0.219E+30  0.206E+30  0.787E+29  0.781E+30  0.182E-24  0.000E+00  0.000E+00
 0.123E+01  0.704E+00  0.746E+01  0.660E+01  0.629E+01  0.305E+00  0.749E+00  0.185E-05  0.174E-05  0.207E-04  0.549E-05  0.186E+00  0.178E-04  0.170E+01  0.158E+01  0.171E+01  0.000E+00  0.205E+30  0.193E+30  0.764E+29  0.765E+30  0.178E-24  0.000E+00  0.000E+00
 0.124E+01  0.704E+00  0.746E+01  0.660E+01  0.630E+01  0.303E+00  0.744E+00  0.177E-05  0.166E-05  0.203E-04  0.533E-05  0.182E+00  0.175E-04  0.175E+01  0.161E+01  0.176E+01  0.000E+00  0.196E+30  0.184E+30  0.742E+29  0.750E+30  0.175E-24  0.000E+00  0.000E+00
 0.125E+01  0.705E+00  0.746E+01  0.660E+01  0.630E+01  0.300E+00  0.739E+00  0.165E-05  0.154E-05  0.199E-04  0.518E-05  0.174E+00  0.171E-04  0.185E+01  0.168E+01  0.186E+01  0.000E+00  0.182E+30  0.170E+30  0.721E+29  0.735E+30  0.171E-24  0.000E+00  0.000E+00
 0.126E+01  0.705E+00  0.746E+01  0.660E+01  0.630E+01  0.298E+00  0.735E+00  0.146E-05  0.136E-05  0.195E-04  0.503E-05  0.160E+00  0.168E-04  0.205E+01  0.185E+01  0.206E+01  0.000E+00  0.162E+30  0.151E+30  0.700E+29  0.720E+30  0.168E-24  0.000E+00  0.000E+00
 0.127E+01  0.705E+00  0.746E+01  0.660E+01  0.630E+01  0.296E+00  0.730E+00  0.140E-05  0.130E-05  0.191E-04  0.489E-05  0.157E+00  0.164E-04  0.210E+01  0.188E+01  0.211E+01  0.000E+00  0.155E+30  0.144E+30  0.680E+29  0.705E+30  0.164E-24  0.000E+00  0.000E+00
 0.128E+01  0.705E+00  0.746E+01  0.660E+01  0.631E+01  0.294E+00  0.726E+00  0.130E-05  0.121E-05  0.187E-04  0.475E-05  0.150E+00  0.161E-04  0.222E+01  0.197E+01  0.223E+01  0.000E+00  0.144E+30  0.133E+30  0.661E+29  0.690E+30  0.161E-24  0.000E+00  0.000E+00
 0.129E+01  0.706E+00  0.746E+01  0.660E+01  0.631E+01  0.291E+00  0.722E+00  0.127E-05  0.118E-05  0.183E-04  0.461E-05  0.149E+00  0.158E-04  0.223E+01  0.196E+01  0.224E+01  0.000E+00  0.141E+30  0.130E+30  0.642E+29  0.676E+30  0.158E-24  0.000E+00  0.000E+00
 0.130E+01  0.706E+00  0.746E+01  0.660E+01  0.631E+01  0.289E+00  0.717E+00  0.103E-05  0.952E-06  0.179E-04  0.448E-05  0.127E+00  0.155E-04  0.269E+01  0.235E+01  0.271E+01  0.000E+00  0.114E+30  0.105E+30  0.624E+29  0.662E+30  0.155E-24  0.000E+00  0.000E+00
 0.131E+01  0.706E+00  0.746E+01  0.660E+01  0.631E+01  0.287E+00  0.713E+00  0.965E-06  0.887E-06  0.176E-04  0.436E-05  0.122E+00  0.151E-04  0.283E+01  0.246E+01  0.285E+01  0.000E+00  0.107E+30  0.982E+29  0.607E+29  0.649E+30  0.151E-24  0.000E+00  0.000E+00
 0.132E+01  0.706E+00  0.746E+01  0.660E+01  0.631E+01  0.285E+00  0.709E+00  0.929E-06  0.851E-06  0.172E-04  0.424E-05  0.120E+00  0.148E-04  0.289E+01  0.249E+01  0.290E+01  0.000E+00  0.103E+30  0.943E+29  0.590E+29  0.635E+30  0.148E-24  0.000E+00  0.000E+00
 0.133E+01  0.707E+00  0.746E+01  0.660E+01  0.632E+01  0.283E+00  0.705E+00  0.872E-06  0.797E-06  0.169E-04  0.412E-05  0.115E+00  0.145E-04  0.302E+01  0.258E+01  0.304E+01  0.000E+00  0.966E+29  0.883E+29  0.574E+29  0.622E+30  0.145E-24  0.000E+00  0.000E+00
 0.134E+01  0.707E+00  0.746E+01  0.660E+01  0.632E+01  0.281E+00  0.701E+00  0.779E-06  0.710E-06  0.165E-04  0.401E-05  0.106E+00  0.142E-04  0.332E+01  0.282E+01  0.334E+01  0.000E+00  0.863E+29  0.787E+29  0.558E+29  0.610E+30  0.142E-24  0.000E+00  0.000E+00
 0.135E+01  0.707E+00  0.746E+01  0.660E+01  0.632E+01  0.279E+00  0.697E+00  0.751E-06  0.683E-06  0.162E-04  0.390E-05  0.104E+00  0.139E-04  0.339E+01  0.286E+01  0.340E+01  0.000E+00  0.831E+29  0.756E+29  0.543E+29  0.597E+30  0.139E-24  0.000E+00  0.000E+00
 0.136E+01  0.707E+00  0.746E+01  0.660E+01  0.632E+01  0.277E+00  0.693E+00  0.706E-06  0.641E-06  0.159E-04  0.373E-05  0.100E+00  0.137E-04  0.353E+01  0.291E+01  0.355E+01  0.000E+00  0.782E+29  0.709E+29  0.520E+29  0.585E+30  0.137E-24  0.000E+00  0.000E+00
 0.137E+01  0.707E+00  0.746E+01  0.660E+01  0.632E+01  0.275E+00  0.689E+00  0.677E-06  0.613E-06  0.155E-04  0.364E-05  0.981E-01  0.134E-04  0.362E+01  0.297E+01  0.364E+01  0.000E+00  0.750E+29  0.679E+29  0.506E+29  0.573E+30  0.134E-24  0.000E+00  0.000E+00
 0.138E+01  0.708E+00  0.746E+01  0.660E+01  0.633E+01  0.273E+00  0.685E+00  0.563E-06  0.508E-06  0.152E-04  0.354E-05  0.843E-01  0.131E-04  0.428E+01  0.349E+01  0.430E+01  0.000E+00  0.623E+29  0.562E+29  0.493E+29  0.562E+30  0.131E-24  0.000E+00  0.000E+00
 0.139E+01  0.708E+00  0.746E+01  0.660E+01  0.633E+01  0.271E+00  0.682E+00  0.528E-06  0.475E-06  0.149E-04  0.345E-05  0.808E-01  0.129E-04  0.448E+01  0.363E+01  0.451E+01  0.000E+00  0.585E+29  0.526E+29  0.480E+29  0.550E+30  0.129E-24  0.000E+00  0.000E+00
 0.140E+01  0.708E+00  0.746E+01  0.660E+01  0.633E+01  0.270E+00  0.678E+00  0.510E-06  0.458E-06  0.146E-04  0.336E-05  0.797E-01  0.126E-04  0.456E+01  0.366E+01  0.458E+01  0.000E+00  0.565E+29  0.507E+29  0.468E+29  0.540E+30  0.126E-24  0.000E+00  0.000E+00
 0.141E+01  0.708E+00  0.746E+01  0.660E+01  0.633E+01  0.268E+00  0.674E+00  0.493E-06  0.441E-06  0.143E-04  0.327E-05  0.784E-01  0.124E-04  0.464E+01  0.371E+01  0.466E+01  0.000E+00  0.546E+29  0.489E+29  0.456E+29  0.529E+30  0.124E-24  0.000E+00  0.000E+00
 0.142E+01  0.708E+00  0.746E+01  0.660E+01  0.633E+01  0.266E+00  0.671E+00  0.475E-06  0.424E-06  0.140E-04  0.319E-05  0.771E-01  0.121E-04  0.473E+01  0.376E+01  0.475E+01  0.000E+00  0.526E+29  0.470E+29  0.444E+29  0.518E+30  0.121E-24  0.000E+00  0.000E+00
 0.143E+01  0.709E+00  0.746E+01  0.660E+01  0.634E+01  0.264E+00  0.667E+00  0.423E-06  0.376E-06  0.138E-04  0.311E-05  0.703E-01  0.119E-04  0.523E+01  0.413E+01  0.526E+01  0.000E+00  0.468E+29  0.417E+29  0.433E+29  0.508E+30  0.119E-24  0.000E+00  0.000E+00
 0.144E+01  0.709E+00  0.746E+01  0.660E+01  0.634E+01  0.262E+00  0.664E+00  0.409E-06  0.363E-06  0.135E-04  0.304E-05  0.692E-01  0.116E-04  0.531E+01  0.418E+01  0.534E+01  0.000E+00  0.453E+29  0.402E+29  0.423E+29  0.499E+30  0.116E-24  0.000E+00  0.000E+00
 0.145E+01  0.709E+00  0.746E+01  0.660E+01  0.634E+01  0.261E+00  0.660E+00  0.395E-06  0.350E-06  0.132E-04  0.296E-05  0.681E-01  0.114E-04  0.541E+01  0.423E+01  0.544E+01  0.000E+00  0.437E+29  0.388E+29  0.413E+29  0.489E+30  0.114E-24  0.000E+00  0.000E+00
 0.146E+01  0.709E+00  0.746E+01  0.660E+01  0.634E+01  0.259E+00  0.657E+00  0.381E-06  0.337E-06  0.130E-04  0.289E-05  0.669E-01  0.112E-04  0.551E+01  0.430E+01  0.555E+01  0.000E+00  0.422E+29  0.373E+29  0.403E+29  0.480E+30  0.112E-24  0.000E+00  0.000E+00
 0.147E+01  0.709E+00  0.746E+01  0.660E+01  0.634E+01  0.257E+00  0.654E+00  0.374E-06  0.330E-06  0.127E-04  0.282E-05  0.669E-01  0.110E-04  0.552E+01  0.428E+01  0.555E+01  0.000E+00  0.414E+29  0.366E+29  0.393E+29  0.471E+30  0.110E-24  0.000E+00  0.000E+00
 0.148E+01  0.710E+00  0.746E+01  0.660E+01  0.634E+01  0.256E+00  0.650E+00  0.301E-06  0.265E-06  0.125E-04  0.276E-05  0.554E-01  0.108E-04  0.675E+01  0.521E+01  0.679E+01  0.000E+00  0.333E+29  0.293E+29  0.384E+29  0.462E+30  0.108E-24  0.000E+00  0.000E+00
 0.149E+01  0.710E+00  0.746E+01  0.660E+01  0.635E+01  0.254E+00  0.647E+00  0.292E-06  0.256E-06  0.123E-04  0.270E-05  0.547E-01  0.106E-04  0.684E+01  0.526E+01  0.688E+01  0.000E+00  0.324E+29  0.284E+29  0.375E+29  0.453E+30  0.106E-24  0.000E+00  0.000E+00
 0.150E+01  0.710E+00  0.746E+01  0.660E+01  0.635E+01  0.252E+00  0.644E+00  0.248E-06  0.248E-06  0.121E-04  0.263E-05  0.540E-01  0.104E-04  0.694E+01  0.531E+01  0.698E+01  0.000E+00  0.275E+29  0.275E+29  0.367E+29  0.445E+30  0.104E-24  0.000E+00  0.000E+00
 0.151E+01  0.710E+00  0.746E+01  0.660E+01  0.635E+01  0.251E+00  0.640E+00  0.240E-06  0.240E-06  0.118E-04  0.258E-05  0.531E-01  0.102E-04  0.706E+01  0.538E+01  0.710E+01  0.000E+00  0.265E+29  0.265E+29  0.359E+29  0.437E+30  0.102E-24  0.000E+00  0.000E+00
 0.152E+01  0.710E+00  0.746E+01  0.660E+01  0.635E+01  0.249E+00  0.637E+00  0.231E-06  0.231E-06  0.116E-04  0.252E-05  0.523E-01  0.100E-04  0.718E+01  0.545E+01  0.723E+01  0.000E+00  0.256E+29  0.256E+29  0.351E+29  0.429E+30  0.100E-24  0.000E+00  0.000E+00
 0.153E+01  0.711E+00  0.746E+01  0.660E+01  0.635E+01  0.247E+00  0.634E+00  0.206E-06  0.206E-06  0.114E-04  0.246E-05  0.477E-01  0.984E-05  0.791E+01  0.598E+01  0.796E+01  0.000E+00  0.228E+29  0.228E+29  0.343E+29  0.421E+30  0.984E-25  0.000E+00  0.000E+00
 0.154E+01  0.711E+00  0.746E+01  0.660E+01  0.635E+01  0.246E+00  0.631E+00  0.199E-06  0.199E-06  0.112E-04  0.241E-05  0.470E-01  0.967E-05  0.804E+01  0.605E+01  0.809E+01  0.000E+00  0.220E+29  0.220E+29  0.336E+29  0.414E+30  0.967E-25  0.000E+00  0.000E+00
 0.155E+01  0.711E+00  0.746E+01  0.660E+01  0.636E+01  0.244E+00  0.628E+00  0.196E-06  0.196E-06  0.110E-04  0.236E-05  0.470E-01  0.950E-05  0.804E+01  0.603E+01  0.809E+01  0.000E+00  0.217E+29  0.217E+29  0.329E+29  0.406E+30  0.950E-25  0.000E+00  0.000E+00
 0.156E+01  0.711E+00  0.746E+01  0.660E+01  0.636E+01  0.243E+00  0.625E+00  0.196E-06  0.196E-06  0.108E-04  0.231E-05  0.479E-01  0.933E-05  0.789E+01  0.590E+01  0.794E+01  0.000E+00  0.217E+29  0.217E+29  0.322E+29  0.399E+30  0.933E-25  0.000E+00  0.000E+00
 0.157E+01  0.711E+00  0.746E+01  0.660E+01  0.636E+01  0.241E+00  0.622E+00  0.196E-06  0.196E-06  0.106E-04  0.226E-05  0.487E-01  0.917E-05  0.775E+01  0.577E+01  0.780E+01  0.000E+00  0.217E+29  0.217E+29  0.315E+29  0.392E+30  0.917E-25  0.000E+00  0.000E+00
 0.158E+01  0.711E+00  0.746E+01  0.660E+01  0.636E+01  0.240E+00  0.619E+00  0.196E-06  0.196E-06  0.104E-04  0.222E-05  0.495E-01  0.901E-05  0.761E+01  0.565E+01  0.766E+01  0.000E+00  0.217E+29  0.217E+29  0.308E+29  0.386E+30  0.901E-25  0.000E+00  0.000E+00
 0.159E+01  0.712E+00  0.746E+01  0.660E+01  0.636E+01  0.238E+00  0.616E+00  0.148E-06  0.148E-06  0.103E-04  0.217E-05  0.386E-01  0.886E-05  0.988E+01  0.731E+01  0.995E+01  0.000E+00  0.164E+29  0.164E+29  0.302E+29  0.379E+30  0.886E-25  0.000E+00  0.000E+00
 0.160E+01  0.712E+00  0.746E+01  0.660E+01  0.636E+01  0.237E+00  0.613E+00  0.144E-06  0.144E-06  0.101E-04  0.213E-05  0.381E-01  0.871E-05  0.100E+02  0.739E+01  0.101E+02  0.000E+00  0.159E+29  0.159E+29  0.296E+29  0.373E+30  0.871E-25  0.000E+00  0.000E+00
 0.161E+01  0.712E+00  0.746E+01  0.660E+01  0.636E+01  0.236E+00  0.611E+00  0.144E-06  0.144E-06  0.993E-05  0.208E-05  0.387E-01  0.857E-05  0.985E+01  0.724E+01  0.992E+01  0.000E+00  0.159E+29  0.159E+29  0.290E+29  0.366E+30  0.857E-25  0.000E+00  0.000E+00
 0.162E+01  0.712E+00  0.746E+01  0.660E+01  0.637E+01  0.234E+00  0.608E+00  0.144E-06  0.144E-06  0.977E-05  0.204E-05  0.394E-01  0.843E-05  0.969E+01  0.709E+01  0.975E+01  0.000E+00  0.160E+29  0.160E+29  0.285E+29  0.360E+30  0.843E-25  0.000E+00  0.000E+00
 0.163E+01  0.712E+00  0.746E+01  0.660E+01  0.637E+01  0.233E+00  0.605E+00  0.144E-06  0.144E-06  0.961E-05  0.200E-05  0.400E-01  0.829E-05  0.952E+01  0.695E+01  0.959E+01  0.000E+00  0.160E+29  0.160E+29  0.279E+29  0.355E+30  0.829E-25  0.000E+00  0.000E+00
 0.164E+01  0.712E+00  0.746E+01  0.660E+01  0.637E+01  0.231E+00  0.602E+00  0.144E-06  0.144E-06  0.945E-05  0.197E-05  0.407E-01  0.816E-05  0.937E+01  0.682E+01  0.943E+01  0.000E+00  0.160E+29  0.160E+29  0.274E+29  0.349E+30  0.816E-25  0.000E+00  0.000E+00
 0.165E+01  0.712E+00  0.746E+01  0.660E+01  0.637E+01  0.230E+00  0.600E+00  0.125E-06  0.125E-06  0.931E-05  0.193E-05  0.360E-01  0.803E-05  0.106E+02  0.772E+01  0.107E+02  0.000E+00  0.138E+29  0.138E+29  0.269E+29  0.343E+30  0.803E-25  0.000E+00  0.000E+00
 0.166E+01  0.713E+00  0.746E+01  0.660E+01  0.637E+01  0.229E+00  0.597E+00  0.125E-06  0.125E-06  0.899E-05  0.189E-05  0.372E-01  0.776E-05  0.103E+02  0.757E+01  0.103E+02  0.000E+00  0.138E+29  0.138E+29  0.263E+29  0.332E+30  0.776E-25  0.000E+00  0.000E+00
 0.167E+01  0.713E+00  0.746E+01  0.660E+01  0.637E+01  0.227E+00  0.594E+00  0.125E-06  0.125E-06  0.885E-05  0.186E-05  0.378E-01  0.763E-05  0.101E+02  0.743E+01  0.102E+02  0.000E+00  0.138E+29  0.138E+29  0.259E+29  0.326E+30  0.763E-25  0.000E+00  0.000E+00
 0.168E+01  0.713E+00  0.746E+01  0.660E+01  0.637E+01  0.226E+00  0.592E+00  0.125E-06  0.125E-06  0.871E-05  0.182E-05  0.384E-01  0.751E-05  0.994E+01  0.729E+01  0.100E+02  0.000E+00  0.139E+29  0.139E+29  0.254E+29  0.321E+30  0.751E-25  0.000E+00  0.000E+00
 0.169E+01  0.713E+00  0.746E+01  0.660E+01  0.638E+01  0.225E+00  0.589E+00  0.125E-06  0.125E-06  0.857E-05  0.179E-05  0.390E-01  0.740E-05  0.979E+01  0.715E+01  0.985E+01  0.000E+00  0.139E+29  0.139E+29  0.249E+29  0.316E+30  0.740E-25  0.000E+00  0.000E+00
 0.170E+01  0.713E+00  0.746E+01  0.660E+01  0.638E+01  0.224E+00  0.587E+00  0.125E-06  0.125E-06  0.844E-05  0.176E-05  0.396E-01  0.728E-05  0.963E+01  0.702E+01  0.970E+01  0.000E+00  0.139E+29  0.139E+29  0.245E+29  0.312E+30  0.728E-25  0.000E+00  0.000E+00
 0.171E+01  0.713E+00  0.746E+01  0.660E+01  0.638E+01  0.222E+00  0.584E+00  0.125E-06  0.125E-06  0.831E-05  0.173E-05  0.402E-01  0.717E-05  0.948E+01  0.689E+01  0.955E+01  0.000E+00  0.139E+29  0.139E+29  0.240E+29  0.307E+30  0.717E-25  0.000E+00  0.000E+00
 0.172E+01  0.713E+00  0.746E+01  0.660E+01  0.638E+01  0.221E+00  0.582E+00  0.965E-07  0.965E-07  0.819E-05  0.170E-05  0.317E-01  0.706E-05  0.121E+02  0.879E+01  0.122E+02  0.000E+00  0.107E+29  0.107E+29  0.236E+29  0.302E+30  0.706E-25  0.000E+00  0.000E+00
 0.173E+01  0.714E+00  0.746E+01  0.660E+01  0.638E+01  0.220E+00  0.579E+00  0.965E-07  0.965E-07  0.806E-05  0.167E-05  0.322E-01  0.696E-05  0.119E+02  0.864E+01  0.120E+02  0.000E+00  0.107E+29  0.107E+29  0.232E+29  0.298E+30  0.696E-25  0.000E+00  0.000E+00
 0.174E+01  0.714E+00  0.746E+01  0.660E+01  0.638E+01  0.219E+00  0.577E+00  0.965E-07  0.965E-07  0.794E-05  0.164E-05  0.327E-01  0.686E-05  0.118E+02  0.849E+01  0.118E+02  0.000E+00  0.107E+29  0.107E+29  0.228E+29  0.293E+30  0.686E-25  0.000E+00  0.000E+00
 0.175E+01  0.714E+00  0.746E+01  0.660E+01  0.638E+01  0.217E+00  0.574E+00  0.965E-07  0.965E-07  0.783E-05  0.161E-05  0.332E-01  0.676E-05  0.116E+02  0.834E+01  0.117E+02  0.000E+00  0.107E+29  0.107E+29  0.224E+29  0.289E+30  0.676E-25  0.000E+00  0.000E+00
 0.176E+01  0.714E+00  0.746E+01  0.660E+01  0.638E+01  0.216E+00  0.572E+00  0.966E-07  0.966E-07  0.771E-05  0.158E-05  0.337E-01  0.666E-05  0.114E+02  0.820E+01  0.115E+02  0.000E+00  0.107E+29  0.107E+29  0.220E+29  0.285E+30  0.666E-25  0.000E+00  0.000E+00
 0.177E+01  0.714E+00  0.746E+01  0.660E+01  0.638E+01  0.215E+00  0.570E+00  0.966E-07  0.966E-07  0.760E-05  0.156E-05  0.342E-01  0.656E-05  0.112E+02  0.806E+01  0.113E+02  0.000E+00  0.107E+29  0.107E+29  0.217E+29  0.281E+30  0.656E-25  0.000E+00  0.000E+00
 0.178E+01  0.714E+00  0.746E+01  0.660E+01  0.639E+01  0.214E+00  0.567E+00  0.966E-07  0.966E-07  0.749E-05  0.153E-05  0.347E-01  0.647E-05  0.111E+02  0.792E+01  0.112E+02  0.000E+00  0.107E+29  0.107E+29  0.213E+29  0.277E+30  0.647E-25  0.000E+00  0.000E+00
 0.179E+01  0.714E+00  0.746E+01  0.660E+01  0.639E+01  0.213E+00  0.565E+00  0.765E-07  0.765E-07  0.739E-05  0.151E-05  0.280E-01  0.638E-05  0.138E+02  0.983E+01  0.139E+02  0.000E+00  0.847E+28  0.847E+28  0.210E+29  0.273E+30  0.638E-25  0.000E+00  0.000E+00
 0.180E+01  0.715E+00  0.746E+01  0.660E+01  0.639E+01  0.212E+00  0.563E+00  0.765E-07  0.765E-07  0.728E-05  0.148E-05  0.284E-01  0.629E-05  0.136E+02  0.967E+01  0.137E+02  0.000E+00  0.847E+28  0.847E+28  0.206E+29  0.269E+30  0.629E-25  0.000E+00  0.000E+00
 0.181E+01  0.715E+00  0.746E+01  0.660E+01  0.639E+01  0.210E+00  0.561E+00  0.766E-07  0.766E-07  0.718E-05  0.146E-05  0.288E-01  0.620E-05  0.134E+02  0.951E+01  0.135E+02  0.000E+00  0.848E+28  0.848E+28  0.203E+29  0.265E+30  0.620E-25  0.000E+00  0.000E+00
 0.182E+01  0.715E+00  0.746E+01  0.660E+01  0.639E+01  0.209E+00  0.558E+00  0.766E-07  0.766E-07  0.708E-05  0.143E-05  0.292E-01  0.611E-05  0.132E+02  0.936E+01  0.133E+02  0.000E+00  0.848E+28  0.848E+28  0.200E+29  0.261E+30  0.611E-25  0.000E+00  0.000E+00
 0.183E+01  0.715E+00  0.746E+01  0.660E+01  0.639E+01  0.208E+00  0.556E+00  0.766E-07  0.766E-07  0.699E-05  0.141E-05  0.296E-01  0.603E-05  0.130E+02  0.921E+01  0.131E+02  0.000E+00  0.848E+28  0.848E+28  0.196E+29  0.258E+30  0.603E-25  0.000E+00  0.000E+00
 0.184E+01  0.715E+00  0.746E+01  0.660E+01  0.639E+01  0.207E+00  0.554E+00  0.766E-07  0.766E-07  0.689E-05  0.139E-05  0.301E-01  0.595E-05  0.129E+02  0.906E+01  0.129E+02  0.000E+00  0.848E+28  0.848E+28  0.193E+29  0.254E+30  0.595E-25  0.000E+00  0.000E+00
 0.185E+01  0.715E+00  0.746E+01  0.660E+01  0.639E+01  0.206E+00  0.552E+00  0.766E-07  0.766E-07  0.680E-05  0.137E-05  0.305E-01  0.587E-05  0.127E+02  0.892E+01  0.128E+02  0.000E+00  0.848E+28  0.848E+28  0.190E+29  0.251E+30  0.587E-25  0.000E+00  0.000E+00
 0.186E+01  0.715E+00  0.746E+01  0.660E+01  0.640E+01  0.205E+00  0.550E+00  0.623E-07  0.623E-07  0.671E-05  0.135E-05  0.252E-01  0.579E-05  0.154E+02  0.108E+02  0.155E+02  0.000E+00  0.690E+28  0.690E+28  0.187E+29  0.248E+30  0.579E-25  0.000E+00  0.000E+00
 0.187E+01  0.715E+00  0.746E+01  0.660E+01  0.640E+01  0.204E+00  0.548E+00  0.623E-07  0.623E-07  0.662E-05  0.133E-05  0.256E-01  0.571E-05  0.152E+02  0.106E+02  0.153E+02  0.000E+00  0.690E+28  0.690E+28  0.184E+29  0.244E+30  0.571E-25  0.000E+00  0.000E+00
 0.188E+01  0.716E+00  0.746E+01  0.660E+01  0.640E+01  0.203E+00  0.545E+00  0.623E-07  0.623E-07  0.653E-05  0.130E-05  0.259E-01  0.564E-05  0.150E+02  0.105E+02  0.151E+02  0.000E+00  0.690E+28  0.690E+28  0.182E+29  0.241E+30  0.564E-25  0.000E+00  0.000E+00
 0.189E+01  0.716E+00  0.746E+01  0.660E+01  0.640E+01  0.202E+00  0.543E+00  0.623E-07  0.623E-07  0.645E-05  0.129E-05  0.263E-01  0.557E-05  0.148E+02  0.103E+02  0.149E+02  0.000E+00  0.690E+28  0.690E+28  0.179E+29  0.238E+30  0.557E-25  0.000E+00  0.000E+00
 0.190E+01  0.716E+00  0.746E+01  0.660E+01  0.640E+01  0.201E+00  0.541E+00  0.623E-07  0.623E-07  0.636E-05  0.127E-05  0.266E-01  0.549E-05  0.146E+02  0.102E+02  0.147E+02  0.000E+00  0.690E+28  0.690E+28  0.176E+29  0.235E+30  0.549E-25  0.000E+00  0.000E+00
 0.191E+01  0.716E+00  0.746E+01  0.660E+01  0.640E+01  0.200E+00  0.539E+00  0.623E-07  0.623E-07  0.628E-05  0.125E-05  0.269E-01  0.542E-05  0.144E+02  0.100E+02  0.145E+02  0.000E+00  0.690E+28  0.690E+28  0.174E+29  0.232E+30  0.542E-25  0.000E+00  0.000E+00
 0.192E+01  0.716E+00  0.746E+01  0.660E+01  0.640E+01  0.199E+00  0.537E+00  0.624E-07  0.624E-07  0.620E-05  0.123E-05  0.273E-01  0.536E-05  0.142E+02  0.985E+01  0.143E+02  0.000E+00  0.691E+28  0.691E+28  0.171E+29  0.229E+30  0.536E-25  0.000E+00  0.000E+00
 0.193E+01  0.716E+00  0.746E+01  0.660E+01  0.640E+01  0.198E+00  0.535E+00  0.627E-07  0.627E-07  0.613E-05  0.121E-05  0.278E-01  0.529E-05  0.140E+02  0.966E+01  0.141E+02  0.000E+00  0.694E+28  0.694E+28  0.169E+29  0.226E+30  0.529E-25  0.000E+00  0.000E+00
 0.194E+01  0.716E+00  0.746E+01  0.660E+01  0.640E+01  0.197E+00  0.533E+00  0.642E-07  0.642E-07  0.605E-05  0.119E-05  0.288E-01  0.522E-05  0.135E+02  0.930E+01  0.136E+02  0.000E+00  0.711E+28  0.711E+28  0.166E+29  0.223E+30  0.522E-25  0.000E+00  0.000E+00
 0.195E+01  0.716E+00  0.746E+01  0.660E+01  0.640E+01  0.196E+00  0.531E+00  0.596E-07  0.596E-07  0.597E-05  0.118E-05  0.271E-01  0.516E-05  0.143E+02  0.987E+01  0.144E+02  0.000E+00  0.660E+28  0.660E+28  0.164E+29  0.221E+30  0.516E-25  0.000E+00  0.000E+00
 0.196E+01  0.716E+00  0.746E+01  0.660E+01  0.641E+01  0.195E+00  0.529E+00  0.772E-07  0.772E-07  0.590E-05  0.116E-05  0.352E-01  0.510E-05  0.109E+02  0.751E+01  0.110E+02  0.000E+00  0.855E+28  0.855E+28  0.161E+29  0.218E+30  0.510E-25  0.000E+00  0.000E+00
 0.197E+01  0.717E+00  0.746E+01  0.660E+01  0.641E+01  0.194E+00  0.528E+00  0.114E-06  0.114E-06  0.583E-05  0.114E-05  0.518E-01  0.503E-05  0.730E+01  0.501E+01  0.736E+01  0.000E+00  0.126E+29  0.126E+29  0.159E+29  0.215E+30  0.503E-25  0.000E+00  0.000E+00
 0.198E+01  0.717E+00  0.746E+01  0.660E+01  0.641E+01  0.193E+00  0.526E+00  0.168E-06  0.168E-06  0.576E-05  0.113E-05  0.754E-01  0.497E-05  0.489E+01  0.335E+01  0.493E+01  0.000E+00  0.186E+29  0.186E+29  0.157E+29  0.213E+30  0.497E-25  0.000E+00  0.000E+00
 0.199E+01  0.717E+00  0.746E+01  0.660E+01  0.641E+01  0.192E+00  0.524E+00  0.219E-06  0.219E-06  0.569E-05  0.111E-05  0.972E-01  0.491E-05  0.371E+01  0.254E+01  0.374E+01  0.000E+00  0.243E+29  0.243E+29  0.155E+29  0.210E+30  0.491E-25  0.000E+00  0.000E+00
 0.200E+01  0.717E+00  0.746E+01  0.660E+01  0.641E+01  0.191E+00  0.522E+00  0.233E-06  0.233E-06  0.562E-05  0.110E-05  0.104E+00  0.485E-05  0.345E+01  0.235E+01  0.347E+01  0.000E+00  0.258E+29  0.258E+29  0.153E+29  0.208E+30  0.485E-25  0.000E+00  0.000E+00
 0.201E+01  0.717E+00  0.746E+01  0.660E+01  0.641E+01  0.190E+00  0.520E+00  0.169E-06  0.169E-06  0.556E-05  0.108E-05  0.785E-01  0.480E-05  0.469E+01  0.319E+01  0.472E+01  0.000E+00  0.188E+29  0.188E+29  0.151E+29  0.205E+30  0.480E-25  0.000E+00  0.000E+00
 0.202E+01  0.717E+00  0.746E+01  0.660E+01  0.641E+01  0.189E+00  0.518E+00  0.113E-06  0.113E-06  0.549E-05  0.107E-05  0.543E-01  0.474E-05  0.695E+01  0.473E+01  0.700E+01  0.000E+00  0.125E+29  0.125E+29  0.149E+29  0.203E+30  0.474E-25  0.000E+00  0.000E+00
 0.203E+01  0.717E+00  0.746E+01  0.660E+01  0.641E+01  0.188E+00  0.516E+00  0.610E-07  0.610E-07  0.543E-05  0.105E-05  0.305E-01  0.469E-05  0.127E+02  0.862E+01  0.128E+02  0.000E+00  0.676E+28  0.676E+28  0.147E+29  0.200E+30  0.469E-25  0.000E+00  0.000E+00
 0.204E+01  0.717E+00  0.746E+01  0.660E+01  0.641E+01  0.187E+00  0.515E+00  0.265E-07  0.265E-07  0.537E-05  0.104E-05  0.136E-01  0.463E-05  0.290E+02  0.196E+02  0.292E+02  0.000E+00  0.293E+28  0.293E+28  0.145E+29  0.198E+30  0.463E-25  0.000E+00  0.000E+00
 0.205E+01  0.717E+00  0.746E+01  0.660E+01  0.641E+01  0.186E+00  0.513E+00  0.921E-08  0.921E-08  0.531E-05  0.102E-05  0.483E-02  0.458E-05  0.823E+02  0.556E+02  0.829E+02  0.000E+00  0.102E+28  0.102E+28  0.143E+29  0.196E+30  0.458E-25  0.000E+00  0.000E+00
 0.206E+01  0.717E+00  0.746E+01  0.660E+01  0.641E+01  0.186E+00  0.511E+00  0.259E-08  0.259E-08  0.525E-05  0.101E-05  0.138E-02  0.453E-05  0.289E+03  0.195E+03  0.291E+03  0.000E+00  0.287E+27  0.287E+27  0.141E+29  0.194E+30  0.453E-25  0.000E+00  0.000E+00
 0.207E+01  0.718E+00  0.746E+01  0.660E+01  0.642E+01  0.185E+00  0.509E+00  0.594E-09  0.594E-09  0.519E-05  0.998E-06  0.320E-03  0.448E-05  0.125E+04  0.840E+03  0.126E+04  0.000E+00  0.657E+26  0.657E+26  0.139E+29  0.191E+30  0.448E-25  0.000E+00  0.000E+00
 0.208E+01  0.718E+00  0.746E+01  0.660E+01  0.642E+01  0.184E+00  0.508E+00  0.111E-09  0.111E-09  0.513E-05  0.985E-06  0.606E-04  0.443E-05  0.659E+04  0.443E+04  0.664E+04  0.000E+00  0.123E+26  0.123E+26  0.137E+29  0.189E+30  0.443E-25  0.000E+00  0.000E+00
 0.209E+01  0.718E+00  0.746E+01  0.660E+01  0.642E+01  0.183E+00  0.506E+00  0.171E-10  0.171E-10  0.507E-05  0.972E-06  0.944E-05  0.438E-05  0.423E+05  0.284E+05  0.426E+05  0.000E+00  0.190E+25  0.190E+25  0.135E+29  0.187E+30  0.438E-25  0.000E+00  0.000E+00
 0.210E+01  0.718E+00  0.746E+01  0.660E+01  0.642E+01  0.182E+00  0.504E+00  0.218E-11  0.218E-11  0.502E-05  0.960E-06  0.122E-05  0.433E-05  0.329E+06  0.220E+06  0.331E+06  0.000E+00  0.241E+24  0.241E+24  0.134E+29  0.185E+30  0.433E-25  0.000E+00  0.000E+00
 0.211E+01  0.718E+00  0.746E+01  0.660E+01  0.642E+01  0.181E+00  0.503E+00  0.231E-12  0.231E-12  0.496E-05  0.948E-06  0.130E-06  0.428E-05  0.307E+07  0.205E+07  0.309E+07  0.000E+00  0.256E+23  0.256E+23  0.132E+29  0.183E+30  0.428E-25  0.000E+00  0.000E+00
 0.212E+01  0.718E+00  0.746E+01  0.660E+01  0.642E+01  0.180E+00  0.501E+00  0.205E-13  0.205E-13  0.491E-05  0.936E-06  0.117E-07  0.424E-05  0.343E+08  0.229E+08  0.345E+08  0.000E+00  0.227E+22  0.227E+22  0.130E+29  0.181E+30  0.424E-25  0.000E+00  0.000E+00
 0.213E+01  0.718E+00  0.746E+01  0.660E+01  0.642E+01  0.180E+00  0.499E+00  0.152E-14  0.152E-14  0.486E-05  0.924E-06  0.879E-09  0.419E-05  0.455E+09  0.303E+09  0.458E+09  0.000E+00  0.169E+21  0.169E+21  0.129E+29  0.179E+30  0.419E-25  0.000E+00  0.000E+00
 0.214E+01  0.718E+00  0.746E+01  0.660E+01  0.642E+01  0.179E+00  0.498E+00  0.959E-16  0.959E-16  0.480E-05  0.913E-06  0.559E-10  0.415E-05  0.716E+10  0.476E+10  0.721E+10  0.000E+00  0.106E+20  0.106E+20  0.127E+29  0.177E+30  0.415E-25  0.000E+00  0.000E+00
 0.215E+01  0.718E+00  0.746E+01  0.660E+01  0.642E+01  0.178E+00  0.496E+00  0.512E-17  0.512E-17  0.475E-05  0.901E-06  0.302E-11  0.410E-05  0.133E+12  0.880E+11  0.134E+12  0.000E+00  0.567E+18  0.567E+18  0.125E+29  0.175E+30  0.410E-25  0.000E+00  0.000E+00
 0.216E+01  0.718E+00  0.746E+01  0.660E+01  0.642E+01  0.177E+00  0.495E+00  0.234E-18  0.234E-18  0.470E-05  0.890E-06  0.139E-12  0.406E-05  0.288E+13  0.190E+13  0.290E+13  0.000E+00  0.259E+17  0.259E+17  0.124E+29  0.174E+30  0.406E-25  0.000E+00  0.000E+00
 0.217E+01  0.718E+00  0.746E+01  0.660E+01  0.642E+01  0.176E+00  0.493E+00  0.917E-20  0.917E-20  0.465E-05  0.879E-06  0.552E-14  0.402E-05  0.725E+14  0.479E+14  0.731E+14  0.000E+00  0.102E+16  0.102E+16  0.122E+29  0.172E+30  0.402E-25  0.000E+00  0.000E+00
 0.218E+01  0.719E+00  0.746E+01  0.660E+01  0.642E+01  0.176E+00  0.491E+00  0.315E-21  0.315E-21  0.461E-05  0.869E-06  0.192E-15  0.398E-05  0.209E+16  0.138E+16  0.210E+16  0.000E+00  0.349E+14  0.349E+14  0.121E+29  0.170E+30  0.398E-25  0.000E+00  0.000E+00
 0.219E+01  0.719E+00  0.746E+01  0.660E+01  0.643E+01  0.175E+00  0.490E+00  0.102E-22  0.102E-22  0.456E-05  0.858E-06  0.625E-17  0.394E-05  0.640E+17  0.422E+17  0.645E+17  0.000E+00  0.113E+13  0.113E+13  0.120E+29  0.168E+30  0.394E-25  0.000E+00  0.000E+00
 0.220E+01  0.719E+00  0.746E+01  0.660E+01  0.643E+01  0.174E+00  0.488E+00  0.400E-24  0.400E-24  0.451E-05  0.848E-06  0.248E-18  0.390E-05  0.161E+19  0.106E+19  0.162E+19  0.000E+00  0.443E+11  0.443E+11  0.118E+29  0.167E+30  0.390E-25  0.000E+00  0.000E+00
 0.221E+01  0.719E+00  0.746E+01  0.660E+01  0.643E+01  0.173E+00  0.487E+00  0.288E-25  0.288E-25  0.447E-05  0.838E-06  0.181E-19  0.386E-05  0.222E+20  0.145E+20  0.223E+20  0.000E+00  0.319E+10  0.319E+10  0.117E+29  0.165E+30  0.386E-25  0.000E+00  0.000E+00
 0.222E+01  0.719E+00  0.746E+01  0.660E+01  0.643E+01  0.173E+00  0.485E+00  0.333E-26  0.333E-26  0.442E-05  0.828E-06  0.211E-20  0.382E-05  0.190E+21  0.124E+21  0.191E+21  0.000E+00  0.369E+09  0.369E+09  0.115E+29  0.163E+30  0.382E-25  0.000E+00  0.000E+00
 0.223E+01  0.719E+00  0.746E+01  0.660E+01  0.643E+01  0.172E+00  0.484E+00  0.440E-27  0.440E-27  0.438E-05  0.818E-06  0.282E-21  0.378E-05  0.142E+22  0.929E+21  0.143E+22  0.000E+00  0.488E+08  0.488E+08  0.114E+29  0.162E+30  0.378E-25  0.000E+00  0.000E+00
 0.224E+01  0.719E+00  0.746E+01  0.660E+01  0.643E+01  0.171E+00  0.482E+00  0.511E-28  0.511E-28  0.434E-05  0.809E-06  0.330E-22  0.374E-05  0.121E+23  0.792E+22  0.122E+23  0.000E+00  0.565E+07  0.565E+07  0.113E+29  0.160E+30  0.374E-25  0.000E+00  0.000E+00
 0.225E+01  0.719E+00  0.746E+01  0.660E+01  0.643E+01  0.170E+00  0.481E+00  0.691E-29  0.691E-29  0.429E-05  0.800E-06  0.451E-23  0.371E-05  0.888E+23  0.579E+23  0.894E+23  0.000E+00  0.765E+06  0.765E+06  0.111E+29  0.158E+30  0.371E-25  0.000E+00  0.000E+00
 0.226E+01  0.719E+00  0.746E+01  0.660E+01  0.643E+01  0.170E+00  0.479E+00  0.935E-30  0.935E-30  0.425E-05  0.791E-06  0.616E-24  0.367E-05  0.650E+24  0.423E+24  0.655E+24  0.000E+00  0.104E+06  0.104E+06  0.110E+29  0.157E+30  0.367E-25  0.000E+00  0.000E+00
 0.227E+01  0.719E+00  0.746E+01  0.660E+01  0.643E+01  0.169E+00  0.478E+00  0.126E-30  0.126E-30  0.421E-05  0.782E-06  0.842E-25  0.364E-05  0.476E+25  0.309E+25  0.479E+25  0.000E+00  0.140E+05  0.140E+05  0.109E+29  0.155E+30  0.364E-25  0.000E+00  0.000E+00
 0.228E+01  0.719E+00  0.746E+01  0.660E+01  0.643E+01  0.168E+00  0.476E+00  0.171E-31  0.171E-31  0.417E-05  0.773E-06  0.115E-25  0.360E-05  0.349E+26  0.226E+26  0.351E+26  0.000E+00  0.189E+04  0.189E+04  0.108E+29  0.154E+30  0.360E-25  0.000E+00  0.000E+00
 0.229E+01  0.719E+00  0.746E+01  0.660E+01  0.643E+01  0.167E+00  0.475E+00  0.231E-32  0.231E-32  0.413E-05  0.764E-06  0.157E-26  0.357E-05  0.256E+27  0.165E+27  0.257E+27  0.000E+00  0.256E+03  0.256E+03  0.106E+29  0.152E+30  0.357E-25  0.000E+00  0.000E+00
 0.230E+01  0.720E+00  0.746E+01  0.660E+01  0.643E+01  0.167E+00  0.474E+00  0.312E-33  0.312E-33  0.409E-05  0.755E-06  0.214E-27  0.353E-05  0.187E+28  0.121E+28  0.189E+28  0.000E+00  0.345E+02  0.345E+02  0.105E+29  0.151E+30  0.353E-25  0.000E+00  0.000E+00
 0.231E+01  0.720E+00  0.746E+01  0.660E+01  0.643E+01  0.166E+00  0.472E+00  0.421E-34  0.421E-34  0.405E-05  0.747E-06  0.291E-28  0.350E-05  0.137E+29  0.887E+28  0.138E+29  0.000E+00  0.467E+01  0.467E+01  0.104E+29  0.150E+30  0.350E-25  0.000E+00  0.000E+00
 0.232E+01  0.720E+00  0.746E+01  0.660E+01  0.643E+01  0.165E+00  0.471E+00  0.569E-35  0.569E-35  0.402E-05  0.739E-06  0.397E-29  0.347E-05  0.101E+30  0.650E+29  0.102E+30  0.000E+00  0.630E+00  0.630E+00  0.103E+29  0.148E+30  0.347E-25  0.000E+00  0.000E+00
 0.233E+01  0.720E+00  0.746E+01  0.660E+01  0.644E+01  0.165E+00  0.469E+00  0.767E-36  0.767E-36  0.398E-05  0.731E-06  0.541E-30  0.344E-05  0.741E+30  0.476E+30  0.746E+30  0.000E+00  0.850E-01  0.850E-01  0.102E+29  0.147E+30  0.344E-25  0.000E+00  0.000E+00
 0.234E+01  0.720E+00  0.746E+01  0.660E+01  0.644E+01  0.164E+00  0.468E+00  0.104E-36  0.104E-36  0.394E-05  0.723E-06  0.736E-31  0.340E-05  0.544E+31  0.349E+31  0.548E+31  0.000E+00  0.115E-01  0.115E-01  0.101E+29  0.146E+30  0.340E-25  0.000E+00  0.000E+00
 0.235E+01  0.720E+00  0.746E+01  0.660E+01  0.644E+01  0.163E+00  0.467E+00  0.140E-37  0.140E-37  0.391E-05  0.715E-06  0.100E-31  0.337E-05  0.400E+32  0.256E+32  0.403E+32  0.000E+00  0.155E-02  0.155E-02  0.996E+28  0.144E+30  0.337E-25  0.000E+00  0.000E+00
 0.236E+01  0.720E+00  0.746E+01  0.660E+01  0.644E+01  0.163E+00  0.465E+00  0.163E-38  0.163E-38  0.387E-05  0.707E-06  0.118E-32  0.334E-05  0.338E+33  0.216E+33  0.341E+33  0.000E+00  0.181E-03  0.181E-03  0.985E+28  0.143E+30  0.334E-25  0.000E+00  0.000E+00
 0.237E+01  0.720E+00  0.746E+01  0.660E+01  0.644E+01  0.162E+00  0.464E+00  0.220E-39  0.220E-39  0.384E-05  0.700E-06  0.161E-33  0.331E-05  0.249E+34  0.159E+34  0.251E+34  0.000E+00  0.244E-04  0.244E-04  0.974E+28  0.142E+30  0.331E-25  0.000E+00  0.000E+00
 0.238E+01  0.720E+00  0.746E+01  0.660E+01  0.644E+01  0.161E+00  0.463E+00  0.297E-40  0.297E-40  0.380E-05  0.692E-06  0.219E-34  0.328E-05  0.183E+35  0.117E+35  0.185E+35  0.000E+00  0.328E-05  0.328E-05  0.964E+28  0.140E+30  0.328E-25  0.000E+00  0.000E+00
 0.239E+01  0.720E+00  0.746E+01  0.660E+01  0.644E+01  0.161E+00  0.461E+00  0.399E-41  0.399E-41  0.377E-05  0.685E-06  0.297E-35  0.326E-05  0.135E+36  0.858E+35  0.136E+36  0.000E+00  0.442E-06  0.442E-06  0.954E+28  0.139E+30  0.326E-25  0.000E+00  0.000E+00
 0.240E+01  0.720E+00  0.746E+01  0.660E+01  0.644E+01  0.160E+00  0.460E+00  0.537E-42  0.537E-42  0.374E-05  0.678E-06  0.404E-36  0.323E-05  0.993E+36  0.631E+36  0.100E+37  0.000E+00  0.595E-07  0.595E-07  0.944E+28  0.138E+30  0.323E-25  0.000E+00  0.000E+00
 0.241E+01  0.720E+00  0.746E+01  0.660E+01  0.644E+01  0.159E+00  0.459E+00  0.723E-43  0.723E-43  0.370E-05  0.671E-06  0.548E-37  0.320E-05  0.732E+37  0.464E+37  0.737E+37  0.000E+00  0.801E-08  0.801E-08  0.934E+28  0.137E+30  0.320E-25  0.000E+00  0.000E+00
 0.242E+01  0.720E+00  0.746E+01  0.660E+01  0.644E+01  0.159E+00  0.458E+00  0.972E-44  0.972E-44  0.367E-05  0.664E-06  0.743E-38  0.317E-05  0.540E+38  0.341E+38  0.544E+38  0.000E+00  0.108E-08  0.108E-08  0.925E+28  0.136E+30  0.317E-25  0.000E+00  0.000E+00
 0.243E+01  0.721E+00  0.746E+01  0.660E+01  0.644E+01  0.158E+00  0.456E+00  0.131E-44  0.131E-44  0.364E-05  0.657E-06  0.101E-38  0.314E-05  0.398E+39  0.251E+39  0.401E+39  0.000E+00  0.145E-09  0.145E-09  0.915E+28  0.134E+30  0.314E-25  0.000E+00  0.000E+00
 0.244E+01  0.721E+00  0.746E+01  0.660E+01  0.644E+01  0.157E+00  0.455E+00  0.176E-45  0.176E-45  0.361E-05  0.650E-06  0.137E-39  0.312E-05  0.294E+40  0.185E+40  0.296E+40  0.000E+00  0.195E-10  0.195E-10  0.906E+28  0.133E+30  0.312E-25  0.000E+00  0.000E+00
 0.245E+01  0.721E+00  0.746E+01  0.660E+01  0.644E+01  0.157E+00  0.454E+00  0.236E-46  0.236E-46  0.358E-05  0.644E-06  0.185E-40  0.309E-05  0.217E+41  0.136E+41  0.218E+41  0.000E+00  0.261E-11  0.261E-11  0.897E+28  0.132E+30  0.309E-25  0.000E+00  0.000E+00
 0.246E+01  0.721E+00  0.746E+01  0.660E+01  0.644E+01  0.156E+00  0.453E+00  0.317E-47  0.317E-47  0.355E-05  0.637E-06  0.251E-41  0.306E-05  0.160E+42  0.101E+42  0.161E+42  0.000E+00  0.351E-12  0.351E-12  0.887E+28  0.131E+30  0.306E-25  0.000E+00  0.000E+00
 0.247E+01  0.721E+00  0.746E+01  0.660E+01  0.644E+01  0.156E+00  0.451E+00  0.426E-48  0.426E-48  0.352E-05  0.631E-06  0.340E-42  0.304E-05  0.118E+43  0.741E+42  0.119E+43  0.000E+00  0.471E-13  0.471E-13  0.879E+28  0.130E+30  0.304E-25  0.000E+00  0.000E+00
 0.248E+01  0.721E+00  0.746E+01  0.660E+01  0.645E+01  0.155E+00  0.450E+00  0.571E-49  0.571E-49  0.349E-05  0.625E-06  0.460E-43  0.301E-05  0.873E+43  0.547E+43  0.879E+43  0.000E+00  0.632E-14  0.632E-14  0.870E+28  0.129E+30  0.301E-25  0.000E+00  0.000E+00
 0.249E+01  0.721E+00  0.746E+01  0.660E+01  0.645E+01  0.154E+00  0.449E+00  0.766E-50  0.766E-50  0.346E-05  0.619E-06  0.622E-44  0.299E-05  0.645E+44  0.404E+44  0.650E+44  0.000E+00  0.849E-15  0.849E-15  0.861E+28  0.128E+30  0.299E-25  0.000E+00  0.000E+00
 0.250E+01  0.721E+00  0.746E+01  0.660E+01  0.645E+01  0.154E+00  0.448E+00  0.895E-51  0.895E-51  0.343E-05  0.612E-06  0.733E-45  0.296E-05  0.548E+45  0.342E+45  0.552E+45  0.000E+00  0.991E-16  0.991E-16  0.853E+28  0.127E+30  0.296E-25  0.000E+00  0.000E+00
 0.251E+01  0.721E+00  0.746E+01  0.660E+01  0.645E+01  0.153E+00  0.447E+00  0.120E-51  0.120E-51  0.341E-05  0.606E-06  0.990E-46  0.294E-05  0.405E+46  0.253E+46  0.408E+46  0.000E+00  0.133E-16  0.133E-16  0.844E+28  0.126E+30  0.294E-25  0.000E+00  0.000E+00
 0.252E+01  0.721E+00  0.746E+01  0.660E+01  0.645E+01  0.152E+00  0.445E+00  0.161E-52  0.161E-52  0.338E-05  0.601E-06  0.134E-46  0.292E-05  0.300E+47  0.187E+47  0.302E+47  0.000E+00  0.178E-17  0.178E-17  0.836E+28  0.125E+30  0.292E-25  0.000E+00  0.000E+00
 0.253E+01  0.721E+00  0.746E+01  0.660E+01  0.645E+01  0.152E+00  0.444E+00  0.216E-53  0.216E-53  0.335E-05  0.595E-06  0.181E-47  0.289E-05  0.222E+48  0.138E+48  0.224E+48  0.000E+00  0.239E-18  0.239E-18  0.828E+28  0.124E+30  0.289E-25  0.000E+00  0.000E+00
 0.254E+01  0.721E+00  0.746E+01  0.660E+01  0.645E+01  0.151E+00  0.443E+00  0.289E-54  0.289E-54  0.333E-05  0.589E-06  0.244E-48  0.287E-05  0.164E+49  0.102E+49  0.166E+49  0.000E+00  0.320E-19  0.320E-19  0.820E+28  0.123E+30  0.287E-25  0.000E+00  0.000E+00
 0.255E+01  0.721E+00  0.746E+01  0.660E+01  0.645E+01  0.151E+00  0.442E+00  0.387E-55  0.387E-55  0.330E-05  0.583E-06  0.330E-49  0.285E-05  0.122E+50  0.754E+49  0.123E+50  0.000E+00  0.428E-20  0.428E-20  0.812E+28  0.122E+30  0.285E-25  0.000E+00  0.000E+00
 0.256E+01  0.721E+00  0.746E+01  0.660E+01  0.645E+01  0.150E+00  0.441E+00  0.518E-56  0.518E-56  0.327E-05  0.578E-06  0.445E-50  0.283E-05  0.903E+50  0.558E+50  0.909E+50  0.000E+00  0.574E-21  0.574E-21  0.805E+28  0.121E+30  0.283E-25  0.000E+00  0.000E+00
 0.257E+01  0.721E+00  0.746E+01  0.660E+01  0.645E+01  0.150E+00  0.440E+00  0.693E-57  0.693E-57  0.325E-05  0.573E-06  0.600E-51  0.280E-05  0.669E+51  0.413E+51  0.674E+51  0.000E+00  0.768E-22  0.768E-22  0.797E+28  0.120E+30  0.280E-25  0.000E+00  0.000E+00
 0.258E+01  0.722E+00  0.746E+01  0.660E+01  0.645E+01  0.149E+00  0.438E+00  0.928E-58  0.928E-58  0.322E-05  0.567E-06  0.810E-52  0.278E-05  0.496E+52  0.306E+52  0.500E+52  0.000E+00  0.103E-22  0.103E-22  0.790E+28  0.119E+30  0.278E-25  0.000E+00  0.000E+00
 0.259E+01  0.722E+00  0.746E+01  0.660E+01  0.645E+01  0.148E+00  0.437E+00  0.124E-58  0.124E-58  0.320E-05  0.562E-06  0.109E-52  0.276E-05  0.368E+53  0.226E+53  0.371E+53  0.000E+00  0.137E-23  0.137E-23  0.782E+28  0.118E+30  0.276E-25  0.000E+00  0.000E+00
 0.260E+01  0.722E+00  0.746E+01  0.660E+01  0.645E+01  0.148E+00  0.436E+00  0.166E-59  0.166E-59  0.317E-05  0.557E-06  0.147E-53  0.274E-05  0.273E+54  0.168E+54  0.275E+54  0.000E+00  0.184E-24  0.184E-24  0.775E+28  0.117E+30  0.274E-25  0.000E+00  0.000E+00
 0.261E+01  0.722E+00  0.746E+01  0.660E+01  0.645E+01  0.147E+00  0.435E+00  0.222E-60  0.222E-60  0.315E-05  0.552E-06  0.198E-54  0.272E-05  0.203E+55  0.124E+55  0.204E+55  0.000E+00  0.246E-25  0.246E-25  0.768E+28  0.116E+30  0.272E-25  0.000E+00  0.000E+00
 0.262E+01  0.722E+00  0.746E+01  0.660E+01  0.645E+01  0.147E+00  0.434E+00  0.297E-61  0.297E-61  0.313E-05  0.547E-06  0.267E-55  0.270E-05  0.151E+56  0.921E+55  0.152E+56  0.000E+00  0.328E-26  0.328E-26  0.761E+28  0.115E+30  0.270E-25  0.000E+00  0.000E+00
 0.263E+01  0.722E+00  0.746E+01  0.660E+01  0.645E+01  0.146E+00  0.433E+00  0.396E-62  0.396E-62  0.310E-05  0.542E-06  0.360E-56  0.268E-05  0.112E+57  0.683E+56  0.113E+57  0.000E+00  0.439E-27  0.439E-27  0.754E+28  0.115E+30  0.268E-25  0.000E+00  0.000E+00
 0.264E+01  0.722E+00  0.746E+01  0.660E+01  0.645E+01  0.146E+00  0.432E+00  0.463E-63  0.463E-63  0.308E-05  0.537E-06  0.423E-57  0.266E-05  0.951E+57  0.580E+57  0.957E+57  0.000E+00  0.513E-28  0.513E-28  0.747E+28  0.114E+30  0.266E-25  0.000E+00  0.000E+00
 0.265E+01  0.722E+00  0.746E+01  0.660E+01  0.645E+01  0.145E+00  0.431E+00  0.618E-64  0.618E-64  0.306E-05  0.532E-06  0.569E-58  0.264E-05  0.707E+58  0.430E+58  0.711E+58  0.000E+00  0.685E-29  0.685E-29  0.741E+28  0.113E+30  0.264E-25  0.000E+00  0.000E+00
 0.266E+01  0.722E+00  0.746E+01  0.660E+01  0.646E+01  0.145E+00  0.430E+00  0.826E-65  0.826E-65  0.304E-05  0.527E-06  0.766E-59  0.262E-05  0.525E+59  0.319E+59  0.529E+59  0.000E+00  0.914E-30  0.914E-30  0.734E+28  0.112E+30  0.262E-25  0.000E+00  0.000E+00
 0.267E+01  0.722E+00  0.746E+01  0.660E+01  0.646E+01  0.144E+00  0.429E+00  0.110E-65  0.110E-65  0.301E-05  0.522E-06  0.103E-59  0.260E-05  0.391E+60  0.237E+60  0.393E+60  0.000E+00  0.122E-30  0.122E-30  0.727E+28  0.111E+30  0.260E-25  0.000E+00  0.000E+00
 0.268E+01  0.722E+00  0.746E+01  0.660E+01  0.646E+01  0.144E+00  0.428E+00  0.147E-66  0.147E-66  0.299E-05  0.518E-06  0.138E-60  0.258E-05  0.291E+61  0.176E+61  0.293E+61  0.000E+00  0.163E-31  0.163E-31  0.721E+28  0.110E+30  0.258E-25  0.000E+00  0.000E+00
 0.269E+01  0.722E+00  0.746E+01  0.660E+01  0.646E+01  0.143E+00  0.427E+00  0.196E-67  0.196E-67  0.297E-05  0.513E-06  0.186E-61  0.256E-05  0.216E+62  0.131E+62  0.218E+62  0.000E+00  0.217E-32  0.217E-32  0.715E+28  0.110E+30  0.256E-25  0.000E+00  0.000E+00
 0.270E+01  0.722E+00  0.746E+01  0.660E+01  0.646E+01  0.143E+00  0.426E+00  0.262E-68  0.262E-68  0.295E-05  0.509E-06  0.250E-62  0.255E-05  0.161E+63  0.972E+62  0.162E+63  0.000E+00  0.290E-33  0.290E-33  0.708E+28  0.109E+30  0.255E-25  0.000E+00  0.000E+00
 0.271E+01  0.722E+00  0.746E+01  0.660E+01  0.646E+01  0.142E+00  0.425E+00  0.349E-69  0.349E-69  0.293E-05  0.504E-06  0.336E-63  0.253E-05  0.120E+64  0.723E+63  0.121E+64  0.000E+00  0.386E-34  0.386E-34  0.702E+28  0.108E+30  0.253E-25  0.000E+00  0.000E+00
 0.272E+01  0.722E+00  0.746E+01  0.660E+01  0.646E+01  0.142E+00  0.424E+00  0.465E-70  0.465E-70  0.291E-05  0.500E-06  0.451E-64  0.251E-05  0.893E+64  0.537E+64  0.899E+64  0.000E+00  0.515E-35  0.515E-35  0.696E+28  0.107E+30  0.251E-25  0.000E+00  0.000E+00
 0.273E+01  0.722E+00  0.746E+01  0.660E+01  0.646E+01  0.141E+00  0.423E+00  0.620E-71  0.620E-71  0.289E-05  0.496E-06  0.605E-65  0.249E-05  0.665E+65  0.400E+65  0.670E+65  0.000E+00  0.687E-36  0.687E-36  0.690E+28  0.107E+30  0.249E-25  0.000E+00  0.000E+00
 0.274E+01  0.722E+00  0.746E+01  0.660E+01  0.646E+01  0.141E+00  0.422E+00  0.827E-72  0.827E-72  0.287E-05  0.492E-06  0.812E-66  0.248E-05  0.496E+66  0.297E+66  0.499E+66  0.000E+00  0.915E-37  0.915E-37  0.684E+28  0.106E+30  0.248E-25  0.000E+00  0.000E+00
 0.275E+01  0.723E+00  0.746E+01  0.660E+01  0.646E+01  0.140E+00  0.421E+00  0.110E-72  0.110E-72  0.285E-05  0.487E-06  0.109E-66  0.246E-05  0.369E+67  0.221E+67  0.372E+67  0.000E+00  0.122E-37  0.122E-37  0.679E+28  0.105E+30  0.246E-25  0.000E+00  0.000E+00
 0.276E+01  0.723E+00  0.746E+01  0.660E+01  0.646E+01  0.140E+00  0.420E+00  0.147E-73  0.147E-73  0.283E-05  0.483E-06  0.146E-67  0.244E-05  0.275E+68  0.165E+68  0.277E+68  0.000E+00  0.162E-38  0.162E-38  0.673E+28  0.104E+30  0.244E-25  0.000E+00  0.000E+00
 0.277E+01  0.723E+00  0.746E+01  0.660E+01  0.646E+01  0.139E+00  0.419E+00  0.195E-74  0.195E-74  0.281E-05  0.479E-06  0.196E-68  0.242E-05  0.205E+69  0.123E+69  0.207E+69  0.000E+00  0.216E-39  0.216E-39  0.667E+28  0.104E+30  0.242E-25  0.000E+00  0.000E+00
 0.278E+01  0.723E+00  0.746E+01  0.660E+01  0.646E+01  0.139E+00  0.418E+00  0.260E-75  0.260E-75  0.279E-05  0.475E-06  0.263E-69  0.241E-05  0.153E+70  0.914E+69  0.154E+70  0.000E+00  0.288E-40  0.288E-40  0.662E+28  0.103E+30  0.241E-25  0.000E+00  0.000E+00
 0.279E+01  0.723E+00  0.746E+01  0.660E+01  0.646E+01  0.138E+00  0.417E+00  0.346E-76  0.346E-76  0.277E-05  0.471E-06  0.352E-70  0.239E-05  0.114E+71  0.681E+70  0.115E+71  0.000E+00  0.383E-41  0.383E-41  0.656E+28  0.102E+30  0.239E-25  0.000E+00  0.000E+00
 0.280E+01  0.723E+00  0.746E+01  0.660E+01  0.646E+01  0.138E+00  0.416E+00  0.461E-77  0.461E-77  0.275E-05  0.467E-06  0.472E-71  0.238E-05  0.854E+71  0.507E+71  0.860E+71  0.000E+00  0.510E-42  0.510E-42  0.651E+28  0.102E+30  0.238E-25  0.000E+00  0.000E+00
 0.281E+01  0.723E+00  0.746E+01  0.660E+01  0.646E+01  0.137E+00  0.415E+00  0.538E-78  0.538E-78  0.274E-05  0.464E-06  0.554E-72  0.236E-05  0.726E+72  0.431E+72  0.731E+72  0.000E+00  0.596E-43  0.596E-43  0.646E+28  0.101E+30  0.236E-25  0.000E+00  0.000E+00
 0.282E+01  0.723E+00  0.746E+01  0.660E+01  0.646E+01  0.137E+00  0.414E+00  0.715E-79  0.715E-79  0.272E-05  0.460E-06  0.742E-73  0.235E-05  0.543E+73  0.321E+73  0.546E+73  0.000E+00  0.792E-44  0.792E-44  0.640E+28  0.100E+30  0.235E-25  0.000E+00  0.000E+00
 0.283E+01  0.723E+00  0.746E+01  0.660E+01  0.646E+01  0.136E+00  0.413E+00  0.952E-80  0.952E-80  0.270E-05  0.456E-06  0.994E-74  0.233E-05  0.405E+74  0.240E+74  0.408E+74  0.000E+00  0.105E-44  0.105E-44  0.635E+28  0.996E+29  0.233E-25  0.000E+00  0.000E+00
 0.284E+01  0.723E+00  0.746E+01  0.660E+01  0.646E+01  0.136E+00  0.412E+00  0.127E-80  0.127E-80  0.268E-05  0.452E-06  0.133E-74  0.231E-05  0.303E+75  0.179E+75  0.305E+75  0.000E+00  0.140E-45  0.140E-45  0.630E+28  0.990E+29  0.231E-25  0.000E+00  0.000E+00
 0.285E+01  0.723E+00  0.746E+01  0.660E+01  0.646E+01  0.135E+00  0.411E+00  0.168E-81  0.168E-81  0.266E-05  0.449E-06  0.178E-75  0.230E-05  0.226E+76  0.133E+76  0.228E+76  0.000E+00  0.186E-46  0.186E-46  0.625E+28  0.984E+29  0.230E-25  0.000E+00  0.000E+00
 0.286E+01  0.723E+00  0.746E+01  0.660E+01  0.647E+01  0.135E+00  0.410E+00  0.224E-82  0.224E-82  0.265E-05  0.445E-06  0.238E-76  0.229E-05  0.169E+77  0.996E+76  0.170E+77  0.000E+00  0.247E-47  0.247E-47  0.620E+28  0.977E+29  0.229E-25  0.000E+00  0.000E+00
 0.287E+01  0.723E+00  0.746E+01  0.660E+01  0.647E+01  0.134E+00  0.409E+00  0.297E-83  0.297E-83  0.263E-05  0.442E-06  0.318E-77  0.227E-05  0.127E+78  0.744E+77  0.127E+78  0.000E+00  0.329E-48  0.329E-48  0.615E+28  0.971E+29  0.227E-25  0.000E+00  0.000E+00
 0.288E+01  0.723E+00  0.746E+01  0.660E+01  0.647E+01  0.134E+00  0.408E+00  0.395E-84  0.395E-84  0.261E-05  0.438E-06  0.426E-78  0.226E-05  0.947E+78  0.555E+78  0.953E+78  0.000E+00  0.437E-49  0.437E-49  0.610E+28  0.965E+29  0.226E-25  0.000E+00  0.000E+00
 0.289E+01  0.723E+00  0.746E+01  0.660E+01  0.647E+01  0.133E+00  0.407E+00  0.524E-85  0.524E-85  0.260E-05  0.435E-06  0.569E-79  0.224E-05  0.708E+79  0.415E+79  0.713E+79  0.000E+00  0.580E-50  0.580E-50  0.606E+28  0.959E+29  0.224E-25  0.000E+00  0.000E+00
 0.290E+01  0.723E+00  0.746E+01  0.660E+01  0.647E+01  0.133E+00  0.406E+00  0.696E-86  0.696E-86  0.258E-05  0.432E-06  0.761E-80  0.223E-05  0.530E+80  0.310E+80  0.534E+80  0.000E+00  0.771E-51  0.771E-51  0.601E+28  0.953E+29  0.223E-25  0.000E+00  0.000E+00
 0.291E+01  0.723E+00  0.746E+01  0.660E+01  0.647E+01  0.132E+00  0.406E+00  0.924E-87  0.924E-87  0.257E-05  0.428E-06  0.102E-80  0.221E-05  0.397E+81  0.232E+81  0.399E+81  0.000E+00  0.102E-51  0.102E-51  0.596E+28  0.947E+29  0.221E-25  0.000E+00  0.000E+00
 0.292E+01  0.723E+00  0.746E+01  0.660E+01  0.647E+01  0.132E+00  0.405E+00  0.123E-87  0.123E-87  0.255E-05  0.425E-06  0.136E-81  0.220E-05  0.297E+82  0.173E+82  0.299E+82  0.000E+00  0.136E-52  0.136E-52  0.592E+28  0.941E+29  0.220E-25  0.000E+00  0.000E+00
 0.293E+01  0.723E+00  0.746E+01  0.660E+01  0.647E+01  0.132E+00  0.404E+00  0.163E-88  0.163E-88  0.253E-05  0.422E-06  0.181E-82  0.219E-05  0.222E+83  0.130E+83  0.224E+83  0.000E+00  0.180E-53  0.180E-53  0.587E+28  0.936E+29  0.219E-25  0.000E+00  0.000E+00
 0.294E+01  0.724E+00  0.746E+01  0.660E+01  0.647E+01  0.131E+00  0.403E+00  0.216E-89  0.216E-89  0.252E-05  0.418E-06  0.242E-83  0.217E-05  0.167E+84  0.969E+83  0.168E+84  0.000E+00  0.239E-54  0.239E-54  0.583E+28  0.930E+29  0.217E-25  0.000E+00  0.000E+00
 0.295E+01  0.724E+00  0.746E+01  0.660E+01  0.647E+01  0.131E+00  0.402E+00  0.287E-90  0.287E-90  0.250E-05  0.415E-06  0.323E-84  0.216E-05  0.125E+85  0.725E+84  0.126E+85  0.000E+00  0.317E-55  0.317E-55  0.578E+28  0.924E+29  0.216E-25  0.000E+00  0.000E+00
 0.296E+01  0.724E+00  0.746E+01  0.660E+01  0.647E+01  0.130E+00  0.401E+00  0.380E-91  0.380E-91  0.249E-05  0.412E-06  0.431E-85  0.215E-05  0.936E+85  0.542E+85  0.942E+85  0.000E+00  0.421E-56  0.421E-56  0.574E+28  0.919E+29  0.215E-25  0.000E+00  0.000E+00
 0.297E+01  0.724E+00  0.746E+01  0.660E+01  0.647E+01  0.130E+00  0.400E+00  0.504E-92  0.504E-92  0.247E-05  0.409E-06  0.575E-86  0.213E-05  0.701E+86  0.406E+86  0.706E+86  0.000E+00  0.558E-57  0.558E-57  0.570E+28  0.913E+29  0.213E-25  0.000E+00  0.000E+00
 0.298E+01  0.724E+00  0.746E+01  0.660E+01  0.647E+01  0.129E+00  0.399E+00  0.668E-93  0.668E-93  0.246E-05  0.406E-06  0.767E-87  0.212E-05  0.526E+87  0.304E+87  0.529E+87  0.000E+00  0.740E-58  0.740E-58  0.565E+28  0.908E+29  0.212E-25  0.000E+00  0.000E+00
 0.299E+01  0.724E+00  0.746E+01  0.660E+01  0.647E+01  0.129E+00  0.399E+00  0.886E-94  0.886E-94  0.245E-05  0.403E-06  0.102E-87  0.211E-05  0.394E+88  0.228E+88  0.397E+88  0.000E+00  0.981E-59  0.981E-59  0.561E+28  0.903E+29  0.211E-25  0.000E+00  0.000E+00
 0.300E+01  0.724E+00  0.746E+01  0.660E+01  0.647E+01  0.129E+00  0.398E+00  0.103E-94  0.103E-94  0.243E-05  0.400E-06  0.120E-88  0.210E-05  0.337E+89  0.194E+89  0.340E+89  0.000E+00  0.114E-59  0.114E-59  0.557E+28  0.897E+29  0.210E-25  0.000E+00  0.000E+00
