 0.100E+00  0.122E+01  0.104E+03  0.660E+01  0.751E-01  0.652E+01  0.119E+02  0.807E-09  0.809E-09  0.553E-08  0.158E-08  0.284E+00  0.473E-08  0.976E+00  0.974E+00  0.975E+00  0.000E+00  0.894E+26  0.896E+26  0.219E+26  0.204E+27  0.473E-28  0.000E+00  0.000E+00
 0.110E+00  0.135E+01  0.104E+03  0.660E+01  0.825E-01  0.652E+01  0.118E+02  0.769E-09  0.770E-09  0.529E-08  0.151E-08  0.283E+00  0.453E-08  0.981E+00  0.979E+00  0.980E+00  0.000E+00  0.852E+26  0.853E+26  0.210E+26  0.195E+27  0.453E-28  0.000E+00  0.000E+00
 0.120E+00  0.147E+01  0.104E+03  0.660E+01  0.899E-01  0.651E+01  0.116E+02  0.734E-09  0.735E-09  0.507E-08  0.144E-08  0.282E+00  0.434E-08  0.985E+00  0.982E+00  0.984E+00  0.000E+00  0.813E+26  0.814E+26  0.201E+26  0.187E+27  0.434E-28  0.000E+00  0.000E+00
 0.130E+00  0.159E+01  0.104E+03  0.660E+01  0.973E-01  0.650E+01  0.115E+02  0.701E-09  0.702E-09  0.486E-08  0.138E-08  0.281E+00  0.416E-08  0.988E+00  0.985E+00  0.987E+00  0.000E+00  0.776E+26  0.778E+26  0.193E+26  0.179E+27  0.416E-28  0.000E+00  0.000E+00
 0.140E+00  0.171E+01  0.104E+03  0.660E+01  0.105E+00  0.650E+01  0.114E+02  0.671E-09  0.671E-09  0.465E-08  0.133E-08  0.281E+00  0.398E-08  0.990E+00  0.987E+00  0.989E+00  0.000E+00  0.742E+26  0.743E+26  0.185E+26  0.172E+27  0.398E-28  0.000E+00  0.000E+00
 0.150E+00  0.183E+01  0.104E+03  0.660E+01  0.112E+00  0.649E+01  0.112E+02  0.641E-09  0.642E-09  0.446E-08  0.127E-08  0.281E+00  0.382E-08  0.992E+00  0.989E+00  0.990E+00  0.000E+00  0.710E+26  0.711E+26  0.177E+26  0.164E+27  0.382E-28  0.000E+00  0.000E+00
 0.160E+00  0.195E+01  0.104E+03  0.660E+01  0.119E+00  0.648E+01  0.111E+02  0.614E-09  0.614E-09  0.427E-08  0.122E-08  0.280E+00  0.366E-08  0.993E+00  0.991E+00  0.992E+00  0.000E+00  0.680E+26  0.680E+26  0.170E+26  0.158E+27  0.366E-28  0.000E+00  0.000E+00
 0.170E+00  0.207E+01  0.104E+03  0.660E+01  0.127E+00  0.647E+01  0.110E+02  0.587E-09  0.588E-09  0.409E-08  0.117E-08  0.280E+00  0.350E-08  0.993E+00  0.992E+00  0.993E+00  0.000E+00  0.650E+26  0.651E+26  0.162E+26  0.151E+27  0.350E-28  0.000E+00  0.000E+00
 0.180E+00  0.218E+01  0.104E+03  0.660E+01  0.134E+00  0.647E+01  0.108E+02  0.562E-09  0.562E-09  0.391E-08  0.112E-08  0.280E+00  0.335E-08  0.994E+00  0.993E+00  0.993E+00  0.000E+00  0.622E+26  0.623E+26  0.156E+26  0.144E+27  0.335E-28  0.000E+00  0.000E+00
 0.190E+00  0.230E+01  0.104E+03  0.660E+01  0.141E+00  0.646E+01  0.107E+02  0.538E-09  0.538E-09  0.375E-08  0.107E-08  0.280E+00  0.321E-08  0.995E+00  0.994E+00  0.994E+00  0.000E+00  0.596E+26  0.596E+26  0.149E+26  0.138E+27  0.321E-28  0.000E+00  0.000E+00
 0.200E+00  0.242E+01  0.104E+03  0.660E+01  0.149E+00  0.645E+01  0.106E+02  0.515E-09  0.515E-09  0.359E-08  0.102E-08  0.280E+00  0.307E-08  0.995E+00  0.995E+00  0.995E+00  0.000E+00  0.570E+26  0.570E+26  0.143E+26  0.132E+27  0.307E-28  0.000E+00  0.000E+00
 0.210E+00  0.254E+01  0.104E+03  0.660E+01  0.156E+00  0.644E+01  0.104E+02  0.492E-09  0.492E-09  0.343E-08  0.981E-09  0.280E+00  0.294E-08  0.996E+00  0.996E+00  0.995E+00  0.000E+00  0.545E+26  0.545E+26  0.137E+26  0.127E+27  0.294E-28  0.000E+00  0.000E+00
 0.220E+00  0.266E+01  0.104E+03  0.660E+01  0.163E+00  0.644E+01  0.103E+02  0.471E-09  0.471E-09  0.328E-08  0.938E-09  0.280E+00  0.281E-08  0.996E+00  0.997E+00  0.996E+00  0.000E+00  0.521E+26  0.521E+26  0.131E+26  0.121E+27  0.281E-28  0.000E+00  0.000E+00
 0.230E+00  0.278E+01  0.104E+03  0.660E+01  0.170E+00  0.643E+01  0.102E+02  0.450E-09  0.450E-09  0.314E-08  0.897E-09  0.280E+00  0.269E-08  0.996E+00  0.998E+00  0.996E+00  0.000E+00  0.498E+26  0.498E+26  0.125E+26  0.116E+27  0.269E-28  0.000E+00  0.000E+00
 0.240E+00  0.289E+01  0.104E+03  0.660E+01  0.177E+00  0.642E+01  0.100E+02  0.430E-09  0.429E-09  0.300E-08  0.857E-09  0.280E+00  0.257E-08  0.997E+00  0.998E+00  0.996E+00  0.000E+00  0.476E+26  0.476E+26  0.119E+26  0.111E+27  0.257E-28  0.000E+00  0.000E+00
 0.250E+00  0.301E+01  0.104E+03  0.660E+01  0.185E+00  0.642E+01  0.991E+01  0.410E-09  0.410E-09  0.286E-08  0.819E-09  0.280E+00  0.245E-08  0.997E+00  0.999E+00  0.996E+00  0.000E+00  0.454E+26  0.454E+26  0.114E+26  0.106E+27  0.245E-28  0.000E+00  0.000E+00
 0.260E+00  0.313E+01  0.104E+03  0.660E+01  0.192E+00  0.641E+01  0.978E+01  0.392E-09  0.391E-09  0.273E-08  0.782E-09  0.280E+00  0.234E-08  0.996E+00  0.999E+00  0.996E+00  0.000E+00  0.433E+26  0.433E+26  0.109E+26  0.101E+27  0.234E-28  0.000E+00  0.000E+00
 0.270E+00  0.324E+01  0.104E+03  0.660E+01  0.199E+00  0.640E+01  0.965E+01  0.373E-09  0.373E-09  0.260E-08  0.746E-09  0.280E+00  0.223E-08  0.996E+00  0.999E+00  0.996E+00  0.000E+00  0.414E+26  0.413E+26  0.104E+26  0.961E+26  0.223E-28  0.000E+00  0.000E+00
 0.280E+00  0.336E+01  0.104E+03  0.660E+01  0.206E+00  0.639E+01  0.952E+01  0.356E-09  0.356E-09  0.248E-08  0.711E-09  0.280E+00  0.213E-08  0.996E+00  0.999E+00  0.996E+00  0.000E+00  0.394E+26  0.394E+26  0.990E+25  0.915E+26  0.213E-28  0.000E+00  0.000E+00
 0.290E+00  0.348E+01  0.104E+03  0.660E+01  0.213E+00  0.639E+01  0.939E+01  0.339E-09  0.339E-09  0.236E-08  0.677E-09  0.280E+00  0.202E-08  0.995E+00  0.999E+00  0.995E+00  0.000E+00  0.376E+26  0.375E+26  0.943E+25  0.872E+26  0.202E-28  0.000E+00  0.000E+00
 0.300E+00  0.359E+01  0.104E+03  0.660E+01  0.220E+00  0.638E+01  0.926E+01  0.323E-09  0.323E-09  0.225E-08  0.645E-09  0.280E+00  0.193E-08  0.994E+00  0.999E+00  0.994E+00  0.000E+00  0.358E+26  0.357E+26  0.898E+25  0.829E+26  0.193E-28  0.000E+00  0.000E+00
 0.310E+00  0.371E+01  0.104E+03  0.660E+01  0.227E+00  0.637E+01  0.913E+01  0.308E-09  0.307E-09  0.214E-08  0.614E-09  0.280E+00  0.183E-08  0.993E+00  0.999E+00  0.993E+00  0.000E+00  0.341E+26  0.340E+26  0.854E+25  0.788E+26  0.183E-28  0.000E+00  0.000E+00
 0.320E+00  0.382E+01  0.104E+03  0.660E+01  0.234E+00  0.637E+01  0.900E+01  0.293E-09  0.292E-09  0.203E-08  0.583E-09  0.280E+00  0.174E-08  0.992E+00  0.998E+00  0.992E+00  0.000E+00  0.324E+26  0.324E+26  0.812E+25  0.749E+26  0.174E-28  0.000E+00  0.000E+00
 0.330E+00  0.394E+01  0.104E+03  0.660E+01  0.242E+00  0.636E+01  0.887E+01  0.278E-09  0.278E-09  0.193E-08  0.554E-09  0.281E+00  0.165E-08  0.990E+00  0.997E+00  0.991E+00  0.000E+00  0.308E+26  0.307E+26  0.771E+25  0.711E+26  0.165E-28  0.000E+00  0.000E+00
 0.340E+00  0.405E+01  0.104E+03  0.660E+01  0.249E+00  0.635E+01  0.875E+01  0.264E-09  0.264E-09  0.183E-08  0.526E-09  0.281E+00  0.157E-08  0.989E+00  0.997E+00  0.989E+00  0.000E+00  0.292E+26  0.292E+26  0.732E+25  0.674E+26  0.157E-28  0.000E+00  0.000E+00
 0.350E+00  0.417E+01  0.104E+03  0.660E+01  0.256E+00  0.634E+01  0.862E+01  0.251E-09  0.250E-09  0.173E-08  0.499E-09  0.281E+00  0.148E-08  0.987E+00  0.996E+00  0.988E+00  0.000E+00  0.278E+26  0.277E+26  0.694E+25  0.638E+26  0.148E-28  0.000E+00  0.000E+00
 0.360E+00  0.428E+01  0.104E+03  0.660E+01  0.263E+00  0.634E+01  0.849E+01  0.238E-09  0.237E-09  0.164E-08  0.472E-09  0.282E+00  0.140E-08  0.985E+00  0.995E+00  0.986E+00  0.000E+00  0.263E+26  0.263E+26  0.658E+25  0.604E+26  0.140E-28  0.000E+00  0.000E+00
 0.370E+00  0.440E+01  0.104E+03  0.660E+01  0.270E+00  0.633E+01  0.836E+01  0.225E-09  0.225E-09  0.155E-08  0.447E-09  0.282E+00  0.133E-08  0.983E+00  0.994E+00  0.984E+00  0.000E+00  0.250E+26  0.249E+26  0.623E+25  0.572E+26  0.133E-28  0.000E+00  0.000E+00
 0.380E+00  0.451E+01  0.104E+03  0.660E+01  0.277E+00  0.632E+01  0.824E+01  0.214E-09  0.213E-09  0.146E-08  0.423E-09  0.283E+00  0.126E-08  0.980E+00  0.992E+00  0.982E+00  0.000E+00  0.237E+26  0.236E+26  0.589E+25  0.540E+26  0.126E-28  0.000E+00  0.000E+00
 0.390E+00  0.462E+01  0.104E+03  0.660E+01  0.284E+00  0.632E+01  0.811E+01  0.202E-09  0.202E-09  0.138E-08  0.400E-09  0.283E+00  0.119E-08  0.978E+00  0.991E+00  0.979E+00  0.000E+00  0.224E+26  0.223E+26  0.557E+25  0.510E+26  0.119E-28  0.000E+00  0.000E+00
 0.400E+00  0.474E+01  0.104E+03  0.660E+01  0.290E+00  0.631E+01  0.798E+01  0.191E-09  0.191E-09  0.130E-08  0.378E-09  0.284E+00  0.112E-08  0.976E+00  0.990E+00  0.977E+00  0.000E+00  0.212E+26  0.211E+26  0.526E+25  0.481E+26  0.112E-28  0.000E+00  0.000E+00
 0.410E+00  0.485E+01  0.104E+03  0.660E+01  0.297E+00  0.630E+01  0.786E+01  0.181E-09  0.180E-09  0.123E-08  0.356E-09  0.284E+00  0.106E-08  0.973E+00  0.988E+00  0.975E+00  0.000E+00  0.200E+26  0.200E+26  0.496E+25  0.453E+26  0.106E-28  0.000E+00  0.000E+00
 0.420E+00  0.496E+01  0.104E+03  0.660E+01  0.304E+00  0.630E+01  0.773E+01  0.171E-09  0.170E-09  0.116E-08  0.336E-09  0.285E+00  0.994E-09  0.970E+00  0.986E+00  0.972E+00  0.000E+00  0.189E+26  0.189E+26  0.468E+25  0.427E+26  0.994E-29  0.000E+00  0.000E+00
 0.430E+00  0.507E+01  0.104E+03  0.660E+01  0.311E+00  0.629E+01  0.761E+01  0.161E-09  0.161E-09  0.109E-08  0.317E-09  0.285E+00  0.935E-09  0.968E+00  0.985E+00  0.970E+00  0.000E+00  0.178E+26  0.178E+26  0.441E+25  0.402E+26  0.935E-29  0.000E+00  0.000E+00
 0.440E+00  0.519E+01  0.104E+03  0.660E+01  0.318E+00  0.628E+01  0.748E+01  0.152E-09  0.152E-09  0.102E-08  0.298E-09  0.286E+00  0.880E-09  0.965E+00  0.983E+00  0.967E+00  0.000E+00  0.168E+26  0.168E+26  0.415E+25  0.378E+26  0.880E-29  0.000E+00  0.000E+00
 0.450E+00  0.530E+01  0.104E+03  0.660E+01  0.325E+00  0.627E+01  0.736E+01  0.143E-09  0.143E-09  0.962E-09  0.280E-09  0.286E+00  0.826E-09  0.962E+00  0.981E+00  0.965E+00  0.000E+00  0.158E+26  0.158E+26  0.390E+25  0.355E+26  0.826E-29  0.000E+00  0.000E+00
 0.460E+00  0.541E+01  0.104E+03  0.660E+01  0.332E+00  0.627E+01  0.723E+01  0.135E-09  0.134E-09  0.903E-09  0.263E-09  0.287E+00  0.776E-09  0.960E+00  0.979E+00  0.962E+00  0.000E+00  0.149E+26  0.149E+26  0.366E+25  0.333E+26  0.776E-29  0.000E+00  0.000E+00
 0.470E+00  0.552E+01  0.104E+03  0.660E+01  0.339E+00  0.626E+01  0.711E+01  0.127E-09  0.126E-09  0.847E-09  0.247E-09  0.287E+00  0.728E-09  0.957E+00  0.977E+00  0.960E+00  0.000E+00  0.140E+26  0.140E+26  0.344E+25  0.312E+26  0.728E-29  0.000E+00  0.000E+00
 0.480E+00  0.563E+01  0.104E+03  0.660E+01  0.346E+00  0.625E+01  0.698E+01  0.119E-09  0.119E-09  0.793E-09  0.232E-09  0.288E+00  0.682E-09  0.954E+00  0.975E+00  0.957E+00  0.000E+00  0.132E+26  0.131E+26  0.322E+25  0.293E+26  0.682E-29  0.000E+00  0.000E+00
 0.490E+00  0.574E+01  0.104E+03  0.660E+01  0.352E+00  0.625E+01  0.686E+01  0.112E-09  0.111E-09  0.742E-09  0.217E-09  0.289E+00  0.638E-09  0.952E+00  0.973E+00  0.955E+00  0.000E+00  0.124E+26  0.123E+26  0.302E+25  0.274E+26  0.638E-29  0.000E+00  0.000E+00
 0.500E+00  0.586E+01  0.104E+03  0.660E+01  0.359E+00  0.624E+01  0.674E+01  0.105E-09  0.105E-09  0.694E-09  0.203E-09  0.289E+00  0.597E-09  0.949E+00  0.971E+00  0.952E+00  0.000E+00  0.116E+26  0.116E+26  0.283E+25  0.256E+26  0.597E-29  0.000E+00  0.000E+00
 0.510E+00  0.597E+01  0.104E+03  0.660E+01  0.366E+00  0.623E+01  0.661E+01  0.982E-10  0.979E-10  0.649E-09  0.190E-09  0.290E+00  0.558E-09  0.946E+00  0.969E+00  0.950E+00  0.000E+00  0.109E+26  0.108E+26  0.264E+25  0.239E+26  0.558E-29  0.000E+00  0.000E+00
 0.520E+00  0.608E+01  0.104E+03  0.660E+01  0.373E+00  0.623E+01  0.649E+01  0.920E-10  0.917E-10  0.606E-09  0.177E-09  0.290E+00  0.521E-09  0.943E+00  0.967E+00  0.947E+00  0.000E+00  0.102E+26  0.102E+26  0.247E+25  0.223E+26  0.521E-29  0.000E+00  0.000E+00
 0.530E+00  0.619E+01  0.104E+03  0.660E+01  0.379E+00  0.622E+01  0.637E+01  0.860E-10  0.858E-10  0.565E-09  0.165E-09  0.291E+00  0.486E-09  0.940E+00  0.964E+00  0.944E+00  0.000E+00  0.952E+25  0.950E+25  0.230E+25  0.208E+26  0.486E-29  0.000E+00  0.000E+00
 0.540E+00  0.630E+01  0.104E+03  0.660E+01  0.386E+00  0.621E+01  0.624E+01  0.804E-10  0.802E-10  0.526E-09  0.154E-09  0.292E+00  0.453E-09  0.937E+00  0.961E+00  0.941E+00  0.000E+00  0.891E+25  0.888E+25  0.215E+25  0.194E+26  0.453E-29  0.000E+00  0.000E+00
 0.550E+00  0.641E+01  0.104E+03  0.660E+01  0.393E+00  0.621E+01  0.612E+01  0.751E-10  0.749E-10  0.489E-09  0.143E-09  0.293E+00  0.421E-09  0.933E+00  0.957E+00  0.937E+00  0.000E+00  0.832E+25  0.829E+25  0.200E+25  0.181E+26  0.421E-29  0.000E+00  0.000E+00
 0.560E+00  0.652E+01  0.104E+03  0.660E+01  0.400E+00  0.620E+01  0.600E+01  0.700E-10  0.697E-10  0.455E-09  0.133E-09  0.293E+00  0.392E-09  0.932E+00  0.956E+00  0.936E+00  0.000E+00  0.775E+25  0.772E+25  0.186E+25  0.168E+26  0.392E-29  0.000E+00  0.000E+00
 0.570E+00  0.662E+01  0.104E+03  0.660E+01  0.406E+00  0.619E+01  0.588E+01  0.651E-10  0.649E-10  0.422E-09  0.124E-09  0.293E+00  0.364E-09  0.930E+00  0.954E+00  0.934E+00  0.000E+00  0.721E+25  0.718E+25  0.172E+25  0.156E+26  0.364E-29  0.000E+00  0.000E+00
 0.580E+00  0.673E+01  0.104E+03  0.660E+01  0.413E+00  0.619E+01  0.576E+01  0.605E-10  0.603E-10  0.392E-09  0.115E-09  0.294E+00  0.337E-09  0.928E+00  0.952E+00  0.932E+00  0.000E+00  0.670E+25  0.668E+25  0.160E+25  0.145E+26  0.337E-29  0.000E+00  0.000E+00
 0.590E+00  0.684E+01  0.104E+03  0.660E+01  0.420E+00  0.618E+01  0.564E+01  0.562E-10  0.560E-10  0.363E-09  0.106E-09  0.294E+00  0.313E-09  0.925E+00  0.949E+00  0.929E+00  0.000E+00  0.623E+25  0.620E+25  0.148E+25  0.134E+26  0.313E-29  0.000E+00  0.000E+00
 0.600E+00  0.695E+01  0.104E+03  0.660E+01  0.426E+00  0.617E+01  0.551E+01  0.522E-10  0.520E-10  0.336E-09  0.984E-10  0.295E+00  0.289E-09  0.921E+00  0.945E+00  0.926E+00  0.000E+00  0.578E+25  0.576E+25  0.137E+25  0.124E+26  0.289E-29  0.000E+00  0.000E+00
 0.610E+00  0.706E+01  0.104E+03  0.660E+01  0.433E+00  0.617E+01  0.539E+01  0.483E-10  0.482E-10  0.310E-09  0.909E-10  0.296E+00  0.267E-09  0.920E+00  0.944E+00  0.925E+00  0.000E+00  0.535E+25  0.533E+25  0.127E+25  0.114E+26  0.267E-29  0.000E+00  0.000E+00
 0.620E+00  0.717E+01  0.104E+03  0.660E+01  0.440E+00  0.616E+01  0.527E+01  0.447E-10  0.445E-10  0.286E-09  0.839E-10  0.296E+00  0.247E-09  0.918E+00  0.942E+00  0.924E+00  0.000E+00  0.495E+25  0.493E+25  0.117E+25  0.106E+26  0.247E-29  0.000E+00  0.000E+00
 0.630E+00  0.728E+01  0.104E+03  0.660E+01  0.446E+00  0.615E+01  0.515E+01  0.413E-10  0.411E-10  0.264E-09  0.773E-10  0.296E+00  0.228E-09  0.917E+00  0.940E+00  0.922E+00  0.000E+00  0.457E+25  0.455E+25  0.108E+25  0.974E+25  0.228E-29  0.000E+00  0.000E+00
 0.640E+00  0.738E+01  0.104E+03  0.660E+01  0.453E+00  0.615E+01  0.503E+01  0.381E-10  0.379E-10  0.243E-09  0.711E-10  0.297E+00  0.210E-09  0.915E+00  0.938E+00  0.921E+00  0.000E+00  0.421E+25  0.420E+25  0.991E+24  0.897E+25  0.210E-29  0.000E+00  0.000E+00
 0.650E+00  0.749E+01  0.104E+03  0.660E+01  0.459E+00  0.614E+01  0.491E+01  0.351E-10  0.349E-10  0.223E-09  0.654E-10  0.297E+00  0.193E-09  0.914E+00  0.936E+00  0.920E+00  0.000E+00  0.388E+25  0.387E+25  0.910E+24  0.825E+25  0.193E-29  0.000E+00  0.000E+00
 0.660E+00  0.760E+01  0.104E+03  0.660E+01  0.466E+00  0.613E+01  0.479E+01  0.323E-10  0.321E-10  0.205E-09  0.600E-10  0.297E+00  0.177E-09  0.913E+00  0.933E+00  0.919E+00  0.000E+00  0.357E+25  0.356E+25  0.835E+24  0.758E+25  0.177E-29  0.000E+00  0.000E+00
 0.670E+00  0.770E+01  0.104E+03  0.660E+01  0.473E+00  0.613E+01  0.467E+01  0.296E-10  0.295E-10  0.189E-09  0.550E-10  0.297E+00  0.163E-09  0.913E+00  0.932E+00  0.919E+00  0.000E+00  0.328E+25  0.327E+25  0.766E+24  0.696E+25  0.163E-29  0.000E+00  0.000E+00
 0.680E+00  0.781E+01  0.104E+03  0.660E+01  0.479E+00  0.612E+01  0.456E+01  0.271E-10  0.270E-10  0.173E-09  0.503E-10  0.297E+00  0.149E-09  0.915E+00  0.932E+00  0.921E+00  0.000E+00  0.300E+25  0.299E+25  0.701E+24  0.638E+25  0.149E-29  0.000E+00  0.000E+00
 0.690E+00  0.792E+01  0.104E+03  0.660E+01  0.486E+00  0.611E+01  0.444E+01  0.248E-10  0.247E-10  0.158E-09  0.460E-10  0.296E+00  0.137E-09  0.917E+00  0.932E+00  0.924E+00  0.000E+00  0.274E+25  0.273E+25  0.641E+24  0.585E+25  0.137E-29  0.000E+00  0.000E+00
 0.700E+00  0.802E+01  0.104E+03  0.660E+01  0.492E+00  0.611E+01  0.432E+01  0.226E-10  0.225E-10  0.145E-09  0.420E-10  0.296E+00  0.125E-09  0.919E+00  0.932E+00  0.926E+00  0.000E+00  0.250E+25  0.250E+25  0.585E+24  0.535E+25  0.125E-29  0.000E+00  0.000E+00
 0.710E+00  0.813E+01  0.104E+03  0.660E+01  0.499E+00  0.610E+01  0.420E+01  0.206E-10  0.205E-10  0.133E-09  0.383E-10  0.295E+00  0.115E-09  0.923E+00  0.932E+00  0.930E+00  0.000E+00  0.228E+25  0.228E+25  0.533E+24  0.490E+25  0.115E-29  0.000E+00  0.000E+00
 0.720E+00  0.823E+01  0.104E+03  0.660E+01  0.505E+00  0.609E+01  0.408E+01  0.187E-10  0.187E-10  0.121E-09  0.349E-10  0.294E+00  0.105E-09  0.929E+00  0.934E+00  0.936E+00  0.000E+00  0.207E+25  0.207E+25  0.485E+24  0.448E+25  0.105E-29  0.000E+00  0.000E+00
 0.730E+00  0.834E+01  0.104E+03  0.660E+01  0.512E+00  0.609E+01  0.397E+01  0.170E-10  0.169E-10  0.111E-09  0.317E-10  0.293E+00  0.956E-10  0.935E+00  0.936E+00  0.942E+00  0.000E+00  0.188E+25  0.187E+25  0.441E+24  0.409E+25  0.956E-30  0.000E+00  0.000E+00
 0.740E+00  0.845E+01  0.104E+03  0.660E+01  0.518E+00  0.608E+01  0.385E+01  0.154E-10  0.153E-10  0.101E-09  0.287E-10  0.291E+00  0.872E-10  0.942E+00  0.938E+00  0.949E+00  0.000E+00  0.170E+25  0.170E+25  0.400E+24  0.373E+25  0.872E-30  0.000E+00  0.000E+00
 0.750E+00  0.855E+01  0.104E+03  0.660E+01  0.524E+00  0.608E+01  0.373E+01  0.138E-10  0.138E-10  0.919E-10  0.260E-10  0.290E+00  0.794E-10  0.949E+00  0.940E+00  0.956E+00  0.000E+00  0.153E+25  0.153E+25  0.362E+24  0.339E+25  0.794E-30  0.000E+00  0.000E+00
 0.760E+00  0.866E+01  0.104E+03  0.660E+01  0.531E+00  0.607E+01  0.361E+01  0.125E-10  0.125E-10  0.835E-10  0.235E-10  0.288E+00  0.721E-10  0.956E+00  0.942E+00  0.963E+00  0.000E+00  0.138E+25  0.138E+25  0.327E+24  0.308E+25  0.721E-30  0.000E+00  0.000E+00
 0.770E+00  0.876E+01  0.104E+03  0.660E+01  0.537E+00  0.606E+01  0.350E+01  0.112E-10  0.112E-10  0.758E-10  0.212E-10  0.286E+00  0.654E-10  0.968E+00  0.948E+00  0.975E+00  0.000E+00  0.123E+25  0.124E+25  0.295E+24  0.280E+25  0.654E-30  0.000E+00  0.000E+00
 0.780E+00  0.886E+01  0.104E+03  0.660E+01  0.544E+00  0.606E+01  0.338E+01  0.993E-11  0.999E-11  0.687E-10  0.191E-10  0.283E+00  0.593E-10  0.982E+00  0.956E+00  0.989E+00  0.000E+00  0.110E+25  0.111E+25  0.266E+24  0.253E+25  0.593E-30  0.000E+00  0.000E+00
 0.790E+00  0.897E+01  0.104E+03  0.660E+01  0.550E+00  0.605E+01  0.326E+01  0.885E-11  0.892E-11  0.621E-10  0.172E-10  0.281E+00  0.536E-10  0.995E+00  0.961E+00  0.100E+01  0.000E+00  0.980E+24  0.988E+24  0.239E+24  0.229E+25  0.536E-30  0.000E+00  0.000E+00
 0.800E+00  0.907E+01  0.104E+03  0.660E+01  0.556E+00  0.604E+01  0.315E+01  0.787E-11  0.795E-11  0.561E-10  0.154E-10  0.278E+00  0.484E-10  0.101E+01  0.967E+00  0.102E+01  0.000E+00  0.871E+24  0.880E+24  0.214E+24  0.207E+25  0.484E-30  0.000E+00  0.000E+00
 0.810E+00  0.918E+01  0.104E+03  0.660E+01  0.563E+00  0.604E+01  0.303E+01  0.695E-11  0.704E-11  0.506E-10  0.138E-10  0.275E+00  0.437E-10  0.103E+01  0.977E+00  0.103E+01  0.000E+00  0.769E+24  0.779E+24  0.192E+24  0.187E+25  0.437E-30  0.000E+00  0.000E+00
 0.820E+00  0.928E+01  0.104E+03  0.660E+01  0.569E+00  0.603E+01  0.292E+01  0.614E-11  0.624E-11  0.456E-10  0.123E-10  0.272E+00  0.393E-10  0.104E+01  0.985E+00  0.105E+01  0.000E+00  0.680E+24  0.691E+24  0.171E+24  0.168E+25  0.393E-30  0.000E+00  0.000E+00
 0.830E+00  0.938E+01  0.104E+03  0.660E+01  0.576E+00  0.602E+01  0.280E+01  0.542E-11  0.552E-11  0.410E-10  0.110E-10  0.269E+00  0.354E-10  0.106E+01  0.992E+00  0.107E+01  0.000E+00  0.600E+24  0.611E+24  0.152E+24  0.151E+25  0.354E-30  0.000E+00  0.000E+00
 0.840E+00  0.949E+01  0.104E+03  0.660E+01  0.582E+00  0.602E+01  0.269E+01  0.475E-11  0.484E-11  0.368E-10  0.974E-11  0.264E+00  0.317E-10  0.109E+01  0.101E+01  0.109E+01  0.000E+00  0.526E+24  0.536E+24  0.136E+24  0.136E+25  0.317E-30  0.000E+00  0.000E+00
 0.850E+00  0.959E+01  0.104E+03  0.660E+01  0.588E+00  0.601E+01  0.257E+01  0.415E-11  0.424E-11  0.330E-10  0.864E-11  0.260E+00  0.284E-10  0.111E+01  0.102E+01  0.112E+01  0.000E+00  0.459E+24  0.469E+24  0.120E+24  0.122E+25  0.284E-30  0.000E+00  0.000E+00
 0.860E+00  0.969E+01  0.104E+03  0.660E+01  0.594E+00  0.601E+01  0.246E+01  0.364E-11  0.372E-11  0.295E-10  0.766E-11  0.256E+00  0.255E-10  0.113E+01  0.103E+01  0.114E+01  0.000E+00  0.403E+24  0.412E+24  0.107E+24  0.109E+25  0.255E-30  0.000E+00  0.000E+00
 0.870E+00  0.979E+01  0.104E+03  0.660E+01  0.601E+00  0.600E+01  0.234E+01  0.317E-11  0.324E-11  0.263E-10  0.676E-11  0.252E+00  0.227E-10  0.116E+01  0.104E+01  0.117E+01  0.000E+00  0.351E+24  0.359E+24  0.942E+23  0.972E+24  0.227E-30  0.000E+00  0.000E+00
 0.880E+00  0.990E+01  0.104E+03  0.660E+01  0.607E+00  0.599E+01  0.223E+01  0.274E-11  0.281E-11  0.235E-10  0.597E-11  0.247E+00  0.203E-10  0.120E+01  0.106E+01  0.120E+01  0.000E+00  0.303E+24  0.311E+24  0.831E+23  0.867E+24  0.203E-30  0.000E+00  0.000E+00
 0.890E+00  0.100E+02  0.104E+03  0.660E+01  0.613E+00  0.599E+01  0.212E+01  0.236E-11  0.242E-11  0.209E-10  0.525E-11  0.241E+00  0.181E-10  0.124E+01  0.109E+01  0.124E+01  0.000E+00  0.261E+24  0.268E+24  0.731E+23  0.772E+24  0.181E-30  0.000E+00  0.000E+00
 0.900E+00  0.101E+02  0.104E+03  0.660E+01  0.620E+00  0.598E+01  0.200E+01  0.202E-11  0.207E-11  0.186E-10  0.461E-11  0.234E+00  0.161E-10  0.128E+01  0.111E+01  0.129E+01  0.000E+00  0.224E+24  0.229E+24  0.642E+23  0.687E+24  0.161E-30  0.000E+00  0.000E+00
 0.910E+00  0.102E+02  0.104E+03  0.660E+01  0.626E+00  0.597E+01  0.189E+01  0.172E-11  0.176E-11  0.165E-10  0.404E-11  0.226E+00  0.143E-10  0.134E+01  0.115E+01  0.135E+01  0.000E+00  0.190E+24  0.195E+24  0.563E+23  0.610E+24  0.143E-30  0.000E+00  0.000E+00
 0.920E+00  0.103E+02  0.104E+03  0.660E+01  0.632E+00  0.597E+01  0.178E+01  0.146E-11  0.149E-11  0.147E-10  0.353E-11  0.218E+00  0.126E-10  0.141E+01  0.119E+01  0.141E+01  0.000E+00  0.161E+24  0.165E+24  0.492E+23  0.541E+24  0.126E-30  0.000E+00  0.000E+00
 0.930E+00  0.104E+02  0.104E+03  0.660E+01  0.638E+00  0.596E+01  0.166E+01  0.123E-11  0.126E-11  0.130E-10  0.308E-11  0.210E+00  0.112E-10  0.148E+01  0.123E+01  0.149E+01  0.000E+00  0.136E+24  0.139E+24  0.430E+23  0.479E+24  0.112E-30  0.000E+00  0.000E+00
 0.940E+00  0.105E+02  0.104E+03  0.660E+01  0.644E+00  0.596E+01  0.155E+01  0.104E-11  0.106E-11  0.115E-10  0.269E-11  0.203E+00  0.990E-11  0.154E+01  0.127E+01  0.155E+01  0.000E+00  0.115E+24  0.117E+24  0.374E+23  0.423E+24  0.990E-31  0.000E+00  0.000E+00
 0.950E+00  0.106E+02  0.104E+03  0.660E+01  0.651E+00  0.595E+01  0.144E+01  0.876E-12  0.892E-12  0.101E-10  0.234E-11  0.196E+00  0.874E-11  0.162E+01  0.131E+01  0.163E+01  0.000E+00  0.970E+23  0.987E+23  0.325E+23  0.374E+24  0.874E-31  0.000E+00  0.000E+00
 0.960E+00  0.107E+02  0.104E+03  0.660E+01  0.657E+00  0.594E+01  0.133E+01  0.759E-12  0.770E-12  0.892E-11  0.203E-11  0.192E+00  0.770E-11  0.166E+01  0.132E+01  0.167E+01  0.000E+00  0.840E+23  0.853E+23  0.282E+23  0.329E+24  0.770E-31  0.000E+00  0.000E+00
 0.970E+00  0.108E+02  0.104E+03  0.660E+01  0.663E+00  0.594E+01  0.121E+01  0.669E-12  0.677E-12  0.786E-11  0.175E-11  0.192E+00  0.678E-11  0.166E+01  0.130E+01  0.167E+01  0.000E+00  0.741E+23  0.749E+23  0.244E+23  0.290E+24  0.678E-31  0.000E+00  0.000E+00
 0.980E+00  0.109E+02  0.104E+03  0.660E+01  0.669E+00  0.593E+01  0.110E+01  0.582E-12  0.587E-12  0.690E-11  0.152E-11  0.191E+00  0.596E-11  0.168E+01  0.129E+01  0.169E+01  0.000E+00  0.645E+23  0.650E+23  0.211E+23  0.255E+24  0.596E-31  0.000E+00  0.000E+00
 0.990E+00  0.110E+02  0.104E+03  0.660E+01  0.675E+00  0.592E+01  0.992E+00  0.176E-12  0.176E-12  0.369E-12  0.127E-12  0.559E+00  0.317E-12  0.299E+00  0.360E+00  0.299E+00  0.000E+00  0.195E+23  0.195E+23  0.177E+22  0.136E+23  0.317E-32  0.000E+00  0.000E+00
 0.100E+01  0.111E+02  0.104E+03  0.660E+01  0.681E+00  0.592E+01  0.880E+00  0.175E-12  0.175E-12  0.356E-12  0.122E-12  0.566E+00  0.306E-12  0.291E+00  0.349E+00  0.291E+00  0.000E+00  0.194E+23  0.194E+23  0.170E+22  0.132E+23  0.306E-32  0.000E+00  0.000E+00
 0.101E+01  0.112E+02  0.104E+03  0.660E+01  0.687E+00  0.591E+01  0.769E+00  0.163E-12  0.162E-12  0.342E-12  0.116E-12  0.557E+00  0.293E-12  0.302E+00  0.360E+00  0.302E+00  0.000E+00  0.181E+23  0.179E+23  0.162E+22  0.126E+23  0.293E-32  0.000E+00  0.000E+00
 0.102E+01  0.113E+02  0.104E+03  0.660E+01  0.693E+00  0.591E+01  0.659E+00  0.144E-12  0.141E-12  0.326E-12  0.110E-12  0.536E+00  0.279E-12  0.329E+00  0.388E+00  0.329E+00  0.000E+00  0.160E+23  0.157E+23  0.153E+22  0.120E+23  0.279E-32  0.000E+00  0.000E+00
 0.103E+01  0.114E+02  0.104E+03  0.660E+01  0.700E+00  0.590E+01  0.548E+00  0.121E-12  0.118E-12  0.308E-12  0.103E-12  0.504E+00  0.264E-12  0.374E+00  0.436E+00  0.374E+00  0.000E+00  0.134E+23  0.130E+23  0.143E+22  0.114E+23  0.264E-32  0.000E+00  0.000E+00
 0.104E+01  0.115E+02  0.104E+03  0.660E+01  0.706E+00  0.589E+01  0.438E+00  0.983E-13  0.947E-13  0.290E-12  0.950E-13  0.465E+00  0.249E-12  0.438E+00  0.502E+00  0.438E+00  0.000E+00  0.109E+23  0.105E+23  0.132E+22  0.107E+23  0.249E-32  0.000E+00  0.000E+00
 0.105E+01  0.116E+02  0.104E+03  0.660E+01  0.712E+00  0.589E+01  0.328E+00  0.786E-13  0.750E-13  0.272E-12  0.870E-13  0.425E+00  0.233E-12  0.518E+00  0.580E+00  0.518E+00  0.000E+00  0.871E+22  0.831E+22  0.121E+22  0.100E+23  0.233E-32  0.000E+00  0.000E+00
 0.106E+01  0.117E+02  0.104E+03  0.660E+01  0.718E+00  0.588E+01  0.218E+00  0.623E-13  0.589E-13  0.253E-12  0.790E-13  0.384E+00  0.217E-12  0.615E+00  0.671E+00  0.615E+00  0.000E+00  0.690E+22  0.652E+22  0.110E+22  0.935E+22  0.217E-32  0.000E+00  0.000E+00
 0.107E+01  0.118E+02  0.104E+03  0.660E+01  0.724E+00  0.588E+01  0.108E+00  0.477E-13  0.447E-13  0.234E-12  0.711E-13  0.339E+00  0.201E-12  0.750E+00  0.795E+00  0.750E+00  0.000E+00  0.528E+22  0.495E+22  0.989E+21  0.865E+22  0.201E-32  0.000E+00  0.000E+00
 0.108E+01  0.119E+02  0.104E+03  0.660E+01  0.730E+00  0.587E+01 -0.909E-03  0.375E-13  0.348E-13  0.212E-12  0.622E-13  0.307E+00  0.182E-12  0.870E+00  0.895E+00  0.870E+00  0.000E+00  0.415E+22  0.385E+22  0.867E+21  0.782E+22  0.182E-32  0.000E+00  0.000E+00
 0.109E+01  0.120E+02  0.104E+03  0.660E+01  0.736E+00  0.586E+01 -0.110E+00  0.295E-13  0.271E-13  0.193E-12  0.547E-13  0.276E+00  0.165E-12  0.102E+01  0.101E+01  0.102E+01  0.000E+00  0.327E+22  0.300E+22  0.762E+21  0.711E+22  0.165E-32  0.000E+00  0.000E+00
 0.110E+01  0.121E+02  0.104E+03  0.660E+01  0.742E+00  0.586E+01 -0.219E+00  0.236E-13  0.215E-13  0.174E-12  0.478E-13  0.251E+00  0.149E-12  0.116E+01  0.111E+01  0.116E+01  0.000E+00  0.262E+22  0.238E+22  0.665E+21  0.642E+22  0.149E-32  0.000E+00  0.000E+00
 0.111E+01  0.122E+02  0.104E+03  0.660E+01  0.748E+00  0.585E+01 -0.328E+00  0.190E-13  0.171E-13  0.156E-12  0.414E-13  0.230E+00  0.134E-12  0.131E+01  0.121E+01  0.131E+01  0.000E+00  0.210E+22  0.189E+22  0.576E+21  0.577E+22  0.134E-32  0.000E+00  0.000E+00
 0.112E+01  0.123E+02  0.104E+03  0.660E+01  0.754E+00  0.585E+01 -0.436E+00  0.153E-13  0.136E-13  0.140E-12  0.356E-13  0.211E+00  0.120E-12  0.146E+01  0.131E+01  0.146E+01  0.000E+00  0.169E+22  0.151E+22  0.496E+21  0.515E+22  0.120E-32  0.000E+00  0.000E+00
 0.113E+01  0.124E+02  0.104E+03  0.660E+01  0.760E+00  0.584E+01 -0.544E+00  0.121E-13  0.107E-13  0.124E-12  0.306E-13  0.191E+00  0.106E-12  0.166E+01  0.143E+01  0.166E+01  0.000E+00  0.134E+22  0.118E+22  0.425E+21  0.458E+22  0.106E-32  0.000E+00  0.000E+00
 0.114E+01  0.125E+02  0.104E+03  0.660E+01  0.766E+00  0.583E+01 -0.652E+00  0.982E-14  0.859E-14  0.110E-12  0.261E-13  0.177E+00  0.941E-13  0.182E+01  0.152E+01  0.182E+01  0.000E+00  0.109E+22  0.951E+21  0.363E+21  0.405E+22  0.941E-33  0.000E+00  0.000E+00
 0.115E+01  0.126E+02  0.104E+03  0.660E+01  0.772E+00  0.583E+01 -0.760E+00  0.807E-14  0.699E-14  0.968E-13  0.222E-13  0.166E+00  0.829E-13  0.198E+01  0.159E+01  0.198E+01  0.000E+00  0.894E+21  0.774E+21  0.310E+21  0.357E+22  0.829E-33  0.000E+00  0.000E+00
 0.116E+01  0.127E+02  0.104E+03  0.660E+01  0.777E+00  0.582E+01 -0.868E+00  0.669E-14  0.573E-14  0.851E-13  0.189E-13  0.157E+00  0.729E-13  0.212E+01  0.165E+01  0.212E+01  0.000E+00  0.741E+21  0.635E+21  0.263E+21  0.314E+22  0.729E-33  0.000E+00  0.000E+00
 0.117E+01  0.128E+02  0.104E+03  0.660E+01  0.783E+00  0.582E+01 -0.975E+00  0.556E-14  0.472E-14  0.746E-13  0.161E-13  0.149E+00  0.640E-13  0.226E+01  0.170E+01  0.226E+01  0.000E+00  0.616E+21  0.523E+21  0.224E+21  0.275E+22  0.640E-33  0.000E+00  0.000E+00
 0.118E+01  0.129E+02  0.104E+03  0.660E+01  0.789E+00  0.581E+01 -0.108E+01  0.455E-14  0.382E-14  0.653E-13  0.136E-13  0.140E+00  0.560E-13  0.244E+01  0.178E+01  0.244E+01  0.000E+00  0.504E+21  0.424E+21  0.190E+21  0.241E+22  0.560E-33  0.000E+00  0.000E+00
 0.119E+01  0.130E+02  0.104E+03  0.660E+01  0.795E+00  0.580E+01 -0.119E+01  0.381E-14  0.318E-14  0.571E-13  0.116E-13  0.134E+00  0.490E-13  0.257E+01  0.182E+01  0.257E+01  0.000E+00  0.422E+21  0.352E+21  0.161E+21  0.211E+22  0.490E-33  0.000E+00  0.000E+00
 0.120E+01  0.131E+02  0.104E+03  0.660E+01  0.801E+00  0.580E+01 -0.130E+01  0.325E-14  0.271E-14  0.499E-13  0.982E-14  0.132E+00  0.428E-13  0.263E+01  0.181E+01  0.263E+01  0.000E+00  0.360E+21  0.300E+21  0.137E+21  0.184E+22  0.428E-33  0.000E+00  0.000E+00
 0.121E+01  0.132E+02  0.104E+03  0.660E+01  0.807E+00  0.579E+01 -0.140E+01  0.269E-14  0.224E-14  0.436E-13  0.834E-14  0.126E+00  0.373E-13  0.277E+01  0.186E+01  0.277E+01  0.000E+00  0.298E+21  0.248E+21  0.116E+21  0.161E+22  0.373E-33  0.000E+00  0.000E+00
 0.122E+01  0.132E+02  0.104E+03  0.660E+01  0.813E+00  0.579E+01 -0.151E+01  0.228E-14  0.190E-14  0.380E-13  0.709E-14  0.123E+00  0.326E-13  0.285E+01  0.186E+01  0.285E+01  0.000E+00  0.253E+21  0.211E+21  0.987E+20  0.140E+22  0.326E-33  0.000E+00  0.000E+00
 0.123E+01  0.133E+02  0.104E+03  0.660E+01  0.819E+00  0.578E+01 -0.161E+01  0.191E-14  0.159E-14  0.332E-13  0.603E-14  0.119E+00  0.284E-13  0.297E+01  0.189E+01  0.297E+01  0.000E+00  0.212E+21  0.176E+21  0.840E+20  0.122E+22  0.284E-33  0.000E+00  0.000E+00
 0.124E+01  0.134E+02  0.104E+03  0.660E+01  0.824E+00  0.578E+01 -0.172E+01  0.164E-14  0.136E-14  0.290E-13  0.514E-14  0.117E+00  0.248E-13  0.303E+01  0.189E+01  0.303E+01  0.000E+00  0.181E+21  0.151E+21  0.716E+20  0.107E+22  0.248E-33  0.000E+00  0.000E+00
 0.125E+01  0.135E+02  0.104E+03  0.660E+01  0.830E+00  0.577E+01 -0.183E+01  0.141E-14  0.117E-14  0.253E-13  0.439E-14  0.116E+00  0.217E-13  0.308E+01  0.187E+01  0.308E+01  0.000E+00  0.156E+21  0.130E+21  0.611E+20  0.933E+21  0.217E-33  0.000E+00  0.000E+00
 0.126E+01  0.136E+02  0.104E+03  0.660E+01  0.836E+00  0.576E+01 -0.193E+01  0.120E-14  0.100E-14  0.221E-13  0.375E-14  0.113E+00  0.189E-13  0.316E+01  0.187E+01  0.316E+01  0.000E+00  0.133E+21  0.111E+21  0.522E+20  0.816E+21  0.189E-33  0.000E+00  0.000E+00
 0.127E+01  0.137E+02  0.104E+03  0.660E+01  0.842E+00  0.576E+01 -0.204E+01  0.105E-14  0.873E-15  0.193E-13  0.321E-14  0.113E+00  0.166E-13  0.316E+01  0.184E+01  0.316E+01  0.000E+00  0.116E+21  0.967E+20  0.447E+20  0.713E+21  0.166E-33  0.000E+00  0.000E+00
 0.128E+01  0.138E+02  0.104E+03  0.660E+01  0.848E+00  0.575E+01 -0.214E+01  0.920E-15  0.766E-15  0.169E-13  0.275E-14  0.114E+00  0.145E-13  0.315E+01  0.179E+01  0.315E+01  0.000E+00  0.102E+21  0.849E+20  0.383E+20  0.624E+21  0.145E-33  0.000E+00  0.000E+00
 0.129E+01  0.139E+02  0.104E+03  0.660E+01  0.853E+00  0.575E+01 -0.225E+01  0.810E-15  0.675E-15  0.148E-13  0.236E-14  0.114E+00  0.127E-13  0.314E+01  0.175E+01  0.314E+01  0.000E+00  0.897E+20  0.748E+20  0.329E+20  0.547E+21  0.127E-33  0.000E+00  0.000E+00
 0.130E+01  0.140E+02  0.104E+03  0.660E+01  0.859E+00  0.574E+01 -0.235E+01  0.716E-15  0.597E-15  0.130E-13  0.203E-14  0.115E+00  0.111E-13  0.311E+01  0.170E+01  0.311E+01  0.000E+00  0.793E+20  0.661E+20  0.283E+20  0.480E+21  0.111E-33  0.000E+00  0.000E+00
 0.131E+01  0.141E+02  0.104E+03  0.660E+01  0.865E+00  0.574E+01 -0.246E+01  0.629E-15  0.524E-15  0.114E-13  0.175E-14  0.115E+00  0.978E-14  0.311E+01  0.167E+01  0.311E+01  0.000E+00  0.697E+20  0.581E+20  0.244E+20  0.421E+21  0.978E-34  0.000E+00  0.000E+00
 0.132E+01  0.142E+02  0.104E+03  0.660E+01  0.871E+00  0.573E+01 -0.256E+01  0.562E-15  0.468E-15  0.100E-13  0.151E-14  0.117E+00  0.859E-14  0.306E+01  0.161E+01  0.306E+01  0.000E+00  0.622E+20  0.519E+20  0.210E+20  0.370E+21  0.859E-34  0.000E+00  0.000E+00
 0.133E+01  0.143E+02  0.104E+03  0.660E+01  0.876E+00  0.572E+01 -0.266E+01  0.505E-15  0.421E-15  0.882E-14  0.130E-14  0.119E+00  0.756E-14  0.299E+01  0.155E+01  0.299E+01  0.000E+00  0.559E+20  0.466E+20  0.182E+20  0.325E+21  0.756E-34  0.000E+00  0.000E+00
 0.134E+01  0.144E+02  0.104E+03  0.660E+01  0.882E+00  0.572E+01 -0.277E+01  0.455E-15  0.379E-15  0.777E-14  0.113E-14  0.122E+00  0.666E-14  0.292E+01  0.149E+01  0.292E+01  0.000E+00  0.504E+20  0.420E+20  0.157E+20  0.287E+21  0.666E-34  0.000E+00  0.000E+00
 0.135E+01  0.145E+02  0.104E+03  0.660E+01  0.888E+00  0.571E+01 -0.287E+01  0.412E-15  0.343E-15  0.685E-14  0.979E-15  0.125E+00  0.587E-14  0.285E+01  0.143E+01  0.285E+01  0.000E+00  0.456E+20  0.380E+20  0.136E+20  0.253E+21  0.587E-34  0.000E+00  0.000E+00
 0.136E+01  0.146E+02  0.104E+03  0.660E+01  0.893E+00  0.571E+01 -0.297E+01  0.373E-15  0.311E-15  0.605E-14  0.850E-15  0.128E+00  0.518E-14  0.278E+01  0.137E+01  0.278E+01  0.000E+00  0.413E+20  0.344E+20  0.118E+20  0.223E+21  0.518E-34  0.000E+00  0.000E+00
 0.137E+01  0.147E+02  0.104E+03  0.660E+01  0.899E+00  0.570E+01 -0.308E+01  0.340E-15  0.283E-15  0.534E-14  0.739E-15  0.131E+00  0.458E-14  0.270E+01  0.131E+01  0.270E+01  0.000E+00  0.376E+20  0.314E+20  0.103E+20  0.197E+21  0.458E-34  0.000E+00  0.000E+00
 0.138E+01  0.147E+02  0.104E+03  0.660E+01  0.905E+00  0.570E+01 -0.318E+01  0.308E-15  0.256E-15  0.473E-14  0.644E-15  0.134E+00  0.405E-14  0.263E+01  0.126E+01  0.263E+01  0.000E+00  0.341E+20  0.284E+20  0.897E+19  0.175E+21  0.405E-34  0.000E+00  0.000E+00
 0.139E+01  0.148E+02  0.104E+03  0.660E+01  0.910E+00  0.569E+01 -0.328E+01  0.282E-15  0.235E-15  0.419E-14  0.562E-15  0.138E+00  0.359E-14  0.255E+01  0.120E+01  0.255E+01  0.000E+00  0.312E+20  0.260E+20  0.782E+19  0.155E+21  0.359E-34  0.000E+00  0.000E+00
 0.140E+01  0.149E+02  0.104E+03  0.660E+01  0.916E+00  0.568E+01 -0.339E+01  0.261E-15  0.217E-15  0.372E-14  0.491E-15  0.143E+00  0.319E-14  0.245E+01  0.113E+01  0.245E+01  0.000E+00  0.289E+20  0.240E+20  0.684E+19  0.137E+21  0.319E-34  0.000E+00  0.000E+00
 0.141E+01  0.150E+02  0.104E+03  0.660E+01  0.922E+00  0.568E+01 -0.349E+01  0.240E-15  0.200E-15  0.330E-14  0.430E-15  0.147E+00  0.283E-14  0.236E+01  0.108E+01  0.236E+01  0.000E+00  0.265E+20  0.221E+20  0.598E+19  0.122E+21  0.283E-34  0.000E+00  0.000E+00
 0.142E+01  0.151E+02  0.104E+03  0.660E+01  0.927E+00  0.567E+01 -0.359E+01  0.221E-15  0.184E-15  0.293E-14  0.377E-15  0.152E+00  0.252E-14  0.228E+01  0.102E+01  0.228E+01  0.000E+00  0.244E+20  0.204E+20  0.524E+19  0.108E+21  0.252E-34  0.000E+00  0.000E+00
 0.143E+01  0.152E+02  0.104E+03  0.660E+01  0.933E+00  0.567E+01 -0.369E+01  0.204E-15  0.170E-15  0.261E-14  0.330E-15  0.157E+00  0.224E-14  0.220E+01  0.974E+00  0.220E+01  0.000E+00  0.225E+20  0.188E+20  0.460E+19  0.964E+20  0.224E-34  0.000E+00  0.000E+00
 0.144E+01  0.153E+02  0.104E+03  0.660E+01  0.938E+00  0.566E+01 -0.379E+01  0.190E-15  0.158E-15  0.233E-14  0.290E-15  0.163E+00  0.200E-14  0.211E+01  0.919E+00  0.211E+01  0.000E+00  0.210E+20  0.175E+20  0.404E+19  0.859E+20  0.200E-34  0.000E+00  0.000E+00
 0.145E+01  0.154E+02  0.104E+03  0.660E+01  0.944E+00  0.566E+01 -0.390E+01  0.176E-15  0.146E-15  0.208E-14  0.256E-15  0.168E+00  0.178E-14  0.203E+01  0.873E+00  0.203E+01  0.000E+00  0.194E+20  0.162E+20  0.356E+19  0.767E+20  0.178E-34  0.000E+00  0.000E+00
 0.146E+01  0.155E+02  0.104E+03  0.660E+01  0.950E+00  0.565E+01 -0.400E+01  0.163E-15  0.135E-15  0.186E-14  0.225E-15  0.173E+00  0.159E-14  0.196E+01  0.831E+00  0.196E+01  0.000E+00  0.180E+20  0.150E+20  0.313E+19  0.685E+20  0.159E-34  0.000E+00  0.000E+00
 0.147E+01  0.156E+02  0.104E+03  0.660E+01  0.955E+00  0.564E+01 -0.410E+01  0.151E-15  0.126E-15  0.166E-14  0.199E-15  0.179E+00  0.142E-14  0.189E+01  0.790E+00  0.189E+01  0.000E+00  0.167E+20  0.139E+20  0.277E+19  0.612E+20  0.142E-34  0.000E+00  0.000E+00
 0.148E+01  0.157E+02  0.104E+03  0.660E+01  0.961E+00  0.564E+01 -0.420E+01  0.140E-15  0.117E-15  0.148E-14  0.175E-15  0.184E+00  0.127E-14  0.182E+01  0.753E+00  0.182E+01  0.000E+00  0.155E+20  0.129E+20  0.244E+19  0.548E+20  0.127E-34  0.000E+00  0.000E+00
 0.149E+01  0.158E+02  0.104E+03  0.660E+01  0.966E+00  0.563E+01 -0.430E+01  0.131E-15  0.109E-15  0.133E-14  0.155E-15  0.190E+00  0.114E-14  0.174E+01  0.712E+00  0.174E+01  0.000E+00  0.145E+20  0.121E+20  0.216E+19  0.491E+20  0.114E-34  0.000E+00  0.000E+00
 0.150E+01  0.158E+02  0.104E+03  0.660E+01  0.972E+00  0.563E+01 -0.440E+01  0.101E-15  0.101E-15  0.119E-14  0.137E-15  0.196E+00  0.102E-14  0.168E+01  0.678E+00  0.168E+01  0.000E+00  0.112E+20  0.112E+20  0.191E+19  0.441E+20  0.102E-34  0.000E+00  0.000E+00
 0.151E+01  0.159E+02  0.104E+03  0.660E+01  0.977E+00  0.562E+01 -0.450E+01  0.939E-16  0.939E-16  0.107E-14  0.122E-15  0.201E+00  0.919E-15  0.163E+01  0.649E+00  0.163E+01  0.000E+00  0.104E+20  0.104E+20  0.170E+19  0.396E+20  0.919E-35  0.000E+00  0.000E+00
 0.152E+01  0.160E+02  0.104E+03  0.660E+01  0.983E+00  0.562E+01 -0.460E+01  0.875E-16  0.875E-16  0.963E-15  0.108E-15  0.207E+00  0.826E-15  0.157E+01  0.618E+00  0.157E+01  0.000E+00  0.969E+19  0.969E+19  0.151E+19  0.356E+20  0.826E-35  0.000E+00  0.000E+00
 0.153E+01  0.161E+02  0.104E+03  0.660E+01  0.988E+00  0.561E+01 -0.470E+01  0.820E-16  0.820E-16  0.867E-15  0.962E-16  0.214E+00  0.743E-15  0.151E+01  0.586E+00  0.151E+01  0.000E+00  0.908E+19  0.908E+19  0.134E+19  0.320E+20  0.743E-35  0.000E+00  0.000E+00
 0.154E+01  0.162E+02  0.104E+03  0.660E+01  0.994E+00  0.561E+01 -0.480E+01  0.762E-16  0.762E-16  0.781E-15  0.855E-16  0.220E+00  0.669E-15  0.146E+01  0.561E+00  0.146E+01  0.000E+00  0.844E+19  0.844E+19  0.119E+19  0.288E+20  0.669E-35  0.000E+00  0.000E+00
 0.155E+01  0.163E+02  0.104E+03  0.660E+01  0.999E+00  0.560E+01 -0.490E+01  0.710E-16  0.710E-16  0.704E-15  0.762E-16  0.225E+00  0.603E-15  0.142E+01  0.537E+00  0.142E+01  0.000E+00  0.786E+19  0.786E+19  0.106E+19  0.260E+20  0.603E-35  0.000E+00  0.000E+00
 0.156E+01  0.164E+02  0.104E+03  0.660E+01  0.100E+01  0.560E+01 -0.500E+01  0.665E-16  0.665E-16  0.635E-15  0.679E-16  0.232E+00  0.544E-15  0.136E+01  0.511E+00  0.136E+01  0.000E+00  0.736E+19  0.736E+19  0.946E+18  0.234E+20  0.544E-35  0.000E+00  0.000E+00
 0.157E+01  0.165E+02  0.104E+03  0.660E+01  0.101E+01  0.559E+01 -0.510E+01  0.622E-16  0.622E-16  0.574E-15  0.606E-16  0.238E+00  0.492E-15  0.132E+01  0.487E+00  0.132E+01  0.000E+00  0.689E+19  0.689E+19  0.844E+18  0.212E+20  0.492E-35  0.000E+00  0.000E+00
 0.158E+01  0.166E+02  0.104E+03  0.660E+01  0.102E+01  0.558E+01 -0.520E+01  0.579E-16  0.579E-16  0.518E-15  0.542E-16  0.244E+00  0.444E-15  0.128E+01  0.468E+00  0.128E+01  0.000E+00  0.642E+19  0.642E+19  0.755E+18  0.191E+20  0.444E-35  0.000E+00  0.000E+00
 0.159E+01  0.166E+02  0.104E+03  0.660E+01  0.102E+01  0.558E+01 -0.530E+01  0.538E-16  0.538E-16  0.469E-15  0.485E-16  0.249E+00  0.402E-15  0.124E+01  0.450E+00  0.124E+01  0.000E+00  0.596E+19  0.596E+19  0.675E+18  0.173E+20  0.402E-35  0.000E+00  0.000E+00
 0.160E+01  0.167E+02  0.104E+03  0.660E+01  0.103E+01  0.557E+01 -0.540E+01  0.502E-16  0.502E-16  0.425E-15  0.434E-16  0.254E+00  0.364E-15  0.121E+01  0.432E+00  0.121E+01  0.000E+00  0.556E+19  0.556E+19  0.604E+18  0.157E+20  0.364E-35  0.000E+00  0.000E+00
 0.161E+01  0.168E+02  0.104E+03  0.660E+01  0.103E+01  0.557E+01 -0.549E+01  0.470E-16  0.470E-16  0.385E-15  0.389E-16  0.261E+00  0.330E-15  0.117E+01  0.414E+00  0.117E+01  0.000E+00  0.520E+19  0.520E+19  0.542E+18  0.142E+20  0.330E-35  0.000E+00  0.000E+00
 0.162E+01  0.169E+02  0.104E+03  0.660E+01  0.104E+01  0.556E+01 -0.559E+01  0.439E-16  0.439E-16  0.349E-15  0.349E-16  0.267E+00  0.299E-15  0.114E+01  0.397E+00  0.114E+01  0.000E+00  0.487E+19  0.487E+19  0.486E+18  0.129E+20  0.299E-35  0.000E+00  0.000E+00
 0.163E+01  0.170E+02  0.104E+03  0.660E+01  0.104E+01  0.556E+01 -0.569E+01  0.409E-16  0.409E-16  0.317E-15  0.313E-16  0.271E+00  0.272E-15  0.111E+01  0.383E+00  0.111E+01  0.000E+00  0.452E+19  0.452E+19  0.436E+18  0.117E+20  0.272E-35  0.000E+00  0.000E+00
 0.164E+01  0.171E+02  0.104E+03  0.660E+01  0.105E+01  0.555E+01 -0.579E+01  0.380E-16  0.380E-16  0.288E-15  0.282E-16  0.276E+00  0.247E-15  0.108E+01  0.371E+00  0.108E+01  0.000E+00  0.420E+19  0.420E+19  0.392E+18  0.106E+20  0.247E-35  0.000E+00  0.000E+00
 0.165E+01  0.172E+02  0.104E+03  0.660E+01  0.105E+01  0.555E+01 -0.589E+01  0.358E-16  0.358E-16  0.262E-15  0.253E-16  0.283E+00  0.225E-15  0.105E+01  0.354E+00  0.105E+01  0.000E+00  0.396E+19  0.396E+19  0.353E+18  0.967E+19  0.225E-35  0.000E+00  0.000E+00
 0.166E+01  0.173E+02  0.104E+03  0.660E+01  0.106E+01  0.554E+01 -0.598E+01  0.333E-16  0.333E-16  0.239E-15  0.228E-16  0.288E+00  0.204E-15  0.102E+01  0.343E+00  0.102E+01  0.000E+00  0.368E+19  0.368E+19  0.318E+18  0.880E+19  0.204E-35  0.000E+00  0.000E+00
 0.167E+01  0.173E+02  0.104E+03  0.660E+01  0.106E+01  0.554E+01 -0.608E+01  0.308E-16  0.308E-16  0.217E-15  0.205E-16  0.291E+00  0.186E-15  0.101E+01  0.333E+00  0.101E+01  0.000E+00  0.341E+19  0.341E+19  0.286E+18  0.802E+19  0.186E-35  0.000E+00  0.000E+00
 0.168E+01  0.174E+02  0.104E+03  0.660E+01  0.107E+01  0.553E+01 -0.618E+01  0.289E-16  0.289E-16  0.198E-15  0.185E-16  0.297E+00  0.170E-15  0.980E+00  0.321E+00  0.980E+00  0.000E+00  0.320E+19  0.320E+19  0.258E+18  0.731E+19  0.170E-35  0.000E+00  0.000E+00
 0.169E+01  0.175E+02  0.104E+03  0.660E+01  0.107E+01  0.553E+01 -0.627E+01  0.270E-16  0.270E-16  0.181E-15  0.167E-16  0.302E+00  0.155E-15  0.956E+00  0.310E+00  0.956E+00  0.000E+00  0.299E+19  0.299E+19  0.233E+18  0.667E+19  0.155E-35  0.000E+00  0.000E+00
 0.170E+01  0.176E+02  0.104E+03  0.660E+01  0.108E+01  0.552E+01 -0.637E+01  0.250E-16  0.250E-16  0.165E-15  0.151E-16  0.305E+00  0.141E-15  0.943E+00  0.302E+00  0.943E+00  0.000E+00  0.277E+19  0.277E+19  0.210E+18  0.609E+19  0.141E-35  0.000E+00  0.000E+00
 0.171E+01  0.177E+02  0.104E+03  0.660E+01  0.109E+01  0.551E+01 -0.647E+01  0.233E-16  0.233E-16  0.151E-15  0.137E-16  0.310E+00  0.129E-15  0.922E+00  0.293E+00  0.922E+00  0.000E+00  0.258E+19  0.258E+19  0.190E+18  0.556E+19  0.129E-35  0.000E+00  0.000E+00
 0.172E+01  0.178E+02  0.104E+03  0.660E+01  0.109E+01  0.551E+01 -0.656E+01  0.216E-16  0.216E-16  0.138E-15  0.124E-16  0.313E+00  0.118E-15  0.910E+00  0.286E+00  0.910E+00  0.000E+00  0.239E+19  0.239E+19  0.172E+18  0.508E+19  0.118E-35  0.000E+00  0.000E+00
 0.173E+01  0.179E+02  0.104E+03  0.660E+01  0.110E+01  0.550E+01 -0.666E+01  0.202E-16  0.202E-16  0.126E-15  0.112E-16  0.317E+00  0.108E-15  0.891E+00  0.277E+00  0.891E+00  0.000E+00  0.224E+19  0.224E+19  0.156E+18  0.465E+19  0.108E-35  0.000E+00  0.000E+00
 0.174E+01  0.180E+02  0.104E+03  0.660E+01  0.110E+01  0.550E+01 -0.676E+01  0.188E-16  0.188E-16  0.115E-15  0.101E-16  0.322E+00  0.989E-16  0.874E+00  0.269E+00  0.874E+00  0.000E+00  0.209E+19  0.209E+19  0.141E+18  0.426E+19  0.989E-36  0.000E+00  0.000E+00
 0.175E+01  0.180E+02  0.104E+03  0.660E+01  0.111E+01  0.549E+01 -0.685E+01  0.174E-16  0.174E-16  0.106E-15  0.920E-17  0.324E+00  0.906E-16  0.867E+00  0.264E+00  0.867E+00  0.000E+00  0.193E+19  0.193E+19  0.128E+18  0.390E+19  0.906E-36  0.000E+00  0.000E+00
 0.176E+01  0.181E+02  0.104E+03  0.660E+01  0.111E+01  0.549E+01 -0.695E+01  0.162E-16  0.162E-16  0.969E-16  0.835E-17  0.327E+00  0.830E-16  0.852E+00  0.257E+00  0.852E+00  0.000E+00  0.180E+19  0.180E+19  0.116E+18  0.358E+19  0.830E-36  0.000E+00  0.000E+00
 0.177E+01  0.182E+02  0.104E+03  0.660E+01  0.112E+01  0.548E+01 -0.704E+01  0.151E-16  0.151E-16  0.889E-16  0.759E-17  0.331E+00  0.762E-16  0.840E+00  0.251E+00  0.840E+00  0.000E+00  0.167E+19  0.167E+19  0.106E+18  0.328E+19  0.762E-36  0.000E+00  0.000E+00
 0.178E+01  0.183E+02  0.104E+03  0.660E+01  0.112E+01  0.548E+01 -0.714E+01  0.140E-16  0.140E-16  0.816E-16  0.690E-17  0.333E+00  0.699E-16  0.831E+00  0.246E+00  0.831E+00  0.000E+00  0.155E+19  0.155E+19  0.960E+17  0.301E+19  0.699E-36  0.000E+00  0.000E+00
 0.179E+01  0.184E+02  0.104E+03  0.660E+01  0.113E+01  0.547E+01 -0.723E+01  0.130E-16  0.130E-16  0.749E-16  0.627E-17  0.336E+00  0.642E-16  0.823E+00  0.241E+00  0.823E+00  0.000E+00  0.144E+19  0.144E+19  0.874E+17  0.277E+19  0.642E-36  0.000E+00  0.000E+00
 0.180E+01  0.185E+02  0.104E+03  0.660E+01  0.113E+01  0.547E+01 -0.733E+01  0.121E-16  0.121E-16  0.689E-16  0.571E-17  0.338E+00  0.590E-16  0.814E+00  0.236E+00  0.814E+00  0.000E+00  0.134E+19  0.134E+19  0.795E+17  0.254E+19  0.590E-36  0.000E+00  0.000E+00
 0.181E+01  0.186E+02  0.104E+03  0.660E+01  0.114E+01  0.546E+01 -0.742E+01  0.112E-16  0.112E-16  0.633E-16  0.520E-17  0.340E+00  0.543E-16  0.806E+00  0.232E+00  0.806E+00  0.000E+00  0.124E+19  0.124E+19  0.724E+17  0.234E+19  0.543E-36  0.000E+00  0.000E+00
 0.182E+01  0.186E+02  0.104E+03  0.660E+01  0.114E+01  0.546E+01 -0.752E+01  0.104E-16  0.104E-16  0.583E-16  0.474E-17  0.341E+00  0.500E-16  0.803E+00  0.229E+00  0.803E+00  0.000E+00  0.115E+19  0.115E+19  0.660E+17  0.215E+19  0.500E-36  0.000E+00  0.000E+00
 0.183E+01  0.187E+02  0.104E+03  0.660E+01  0.115E+01  0.545E+01 -0.761E+01  0.961E-17  0.961E-17  0.537E-16  0.432E-17  0.343E+00  0.460E-16  0.798E+00  0.225E+00  0.798E+00  0.000E+00  0.106E+19  0.106E+19  0.602E+17  0.198E+19  0.460E-36  0.000E+00  0.000E+00
 0.184E+01  0.188E+02  0.104E+03  0.660E+01  0.115E+01  0.545E+01 -0.770E+01  0.892E-17  0.892E-17  0.494E-16  0.395E-17  0.345E+00  0.424E-16  0.792E+00  0.221E+00  0.792E+00  0.000E+00  0.988E+18  0.988E+18  0.550E+17  0.182E+19  0.424E-36  0.000E+00  0.000E+00
 0.185E+01  0.189E+02  0.104E+03  0.660E+01  0.116E+01  0.544E+01 -0.780E+01  0.829E-17  0.829E-17  0.456E-16  0.360E-17  0.346E+00  0.391E-16  0.786E+00  0.217E+00  0.786E+00  0.000E+00  0.917E+18  0.917E+18  0.502E+17  0.168E+19  0.391E-36  0.000E+00  0.000E+00
 0.186E+01  0.190E+02  0.104E+03  0.660E+01  0.116E+01  0.544E+01 -0.789E+01  0.765E-17  0.765E-17  0.420E-16  0.329E-17  0.347E+00  0.360E-16  0.785E+00  0.215E+00  0.785E+00  0.000E+00  0.847E+18  0.847E+18  0.459E+17  0.155E+19  0.360E-36  0.000E+00  0.000E+00
 0.187E+01  0.191E+02  0.104E+03  0.660E+01  0.117E+01  0.543E+01 -0.799E+01  0.704E-17  0.704E-17  0.388E-16  0.301E-17  0.346E+00  0.333E-16  0.788E+00  0.214E+00  0.788E+00  0.000E+00  0.779E+18  0.779E+18  0.419E+17  0.143E+19  0.333E-36  0.000E+00  0.000E+00
 0.188E+01  0.191E+02  0.104E+03  0.660E+01  0.117E+01  0.543E+01 -0.808E+01  0.651E-17  0.651E-17  0.358E-16  0.276E-17  0.346E+00  0.307E-16  0.786E+00  0.212E+00  0.786E+00  0.000E+00  0.721E+18  0.721E+18  0.384E+17  0.132E+19  0.307E-36  0.000E+00  0.000E+00
 0.189E+01  0.192E+02  0.104E+03  0.660E+01  0.118E+01  0.542E+01 -0.817E+01  0.599E-17  0.599E-17  0.331E-16  0.252E-17  0.345E+00  0.284E-16  0.789E+00  0.211E+00  0.789E+00  0.000E+00  0.663E+18  0.663E+18  0.351E+17  0.122E+19  0.284E-36  0.000E+00  0.000E+00
 0.190E+01  0.193E+02  0.104E+03  0.660E+01  0.118E+01  0.542E+01 -0.827E+01  0.558E-17  0.558E-17  0.306E-16  0.231E-17  0.347E+00  0.262E-16  0.783E+00  0.207E+00  0.783E+00  0.000E+00  0.618E+18  0.618E+18  0.322E+17  0.113E+19  0.262E-36  0.000E+00  0.000E+00
 0.191E+01  0.194E+02  0.104E+03  0.660E+01  0.119E+01  0.541E+01 -0.836E+01  0.515E-17  0.515E-17  0.283E-16  0.212E-17  0.347E+00  0.243E-16  0.785E+00  0.206E+00  0.785E+00  0.000E+00  0.571E+18  0.571E+18  0.295E+17  0.104E+19  0.243E-36  0.000E+00  0.000E+00
 0.192E+01  0.195E+02  0.104E+03  0.660E+01  0.119E+01  0.541E+01 -0.845E+01  0.472E-17  0.472E-17  0.262E-16  0.194E-17  0.345E+00  0.224E-16  0.792E+00  0.206E+00  0.792E+00  0.000E+00  0.523E+18  0.523E+18  0.271E+17  0.967E+18  0.224E-36  0.000E+00  0.000E+00
 0.193E+01  0.196E+02  0.104E+03  0.660E+01  0.120E+01  0.540E+01 -0.854E+01  0.437E-17  0.437E-17  0.242E-16  0.178E-17  0.345E+00  0.208E-16  0.793E+00  0.204E+00  0.793E+00  0.000E+00  0.484E+18  0.484E+18  0.248E+17  0.895E+18  0.208E-36  0.000E+00  0.000E+00
 0.194E+01  0.196E+02  0.104E+03  0.660E+01  0.120E+01  0.540E+01 -0.864E+01  0.403E-17  0.403E-17  0.225E-16  0.164E-17  0.344E+00  0.193E-16  0.797E+00  0.203E+00  0.797E+00  0.000E+00  0.446E+18  0.446E+18  0.228E+17  0.829E+18  0.193E-36  0.000E+00  0.000E+00
 0.195E+01  0.197E+02  0.104E+03  0.660E+01  0.121E+01  0.539E+01 -0.873E+01  0.371E-17  0.371E-17  0.208E-16  0.150E-17  0.342E+00  0.178E-16  0.802E+00  0.203E+00  0.802E+00  0.000E+00  0.411E+18  0.411E+18  0.209E+17  0.768E+18  0.178E-36  0.000E+00  0.000E+00
 0.196E+01  0.198E+02  0.104E+03  0.660E+01  0.121E+01  0.539E+01 -0.882E+01  0.344E-17  0.344E-17  0.193E-16  0.138E-17  0.342E+00  0.165E-16  0.802E+00  0.201E+00  0.802E+00  0.000E+00  0.381E+18  0.381E+18  0.192E+17  0.713E+18  0.165E-36  0.000E+00  0.000E+00
 0.197E+01  0.199E+02  0.104E+03  0.660E+01  0.122E+01  0.538E+01 -0.891E+01  0.313E-17  0.313E-17  0.179E-16  0.127E-17  0.338E+00  0.154E-16  0.818E+00  0.203E+00  0.818E+00  0.000E+00  0.347E+18  0.347E+18  0.177E+17  0.661E+18  0.154E-36  0.000E+00  0.000E+00
 0.198E+01  0.200E+02  0.104E+03  0.660E+01  0.122E+01  0.538E+01 -0.900E+01  0.286E-17  0.286E-17  0.166E-16  0.117E-17  0.335E+00  0.142E-16  0.830E+00  0.205E+00  0.830E+00  0.000E+00  0.317E+18  0.317E+18  0.163E+17  0.614E+18  0.142E-36  0.000E+00  0.000E+00
 0.199E+01  0.201E+02  0.104E+03  0.660E+01  0.123E+01  0.537E+01 -0.910E+01  0.265E-17  0.265E-17  0.154E-16  0.108E-17  0.334E+00  0.132E-16  0.833E+00  0.203E+00  0.833E+00  0.000E+00  0.293E+18  0.293E+18  0.150E+17  0.570E+18  0.132E-36  0.000E+00  0.000E+00
 0.200E+01  0.201E+02  0.104E+03  0.660E+01  0.124E+01  0.536E+01 -0.919E+01  0.434E-09  0.434E-09  0.143E-16  0.992E-18  0.100E+01  0.123E-16  0.472E-08  0.114E-08  0.472E-08  0.000E+00  0.480E+26  0.480E+26  0.138E+17  0.529E+18  0.123E-36  0.000E+00  0.000E+00
 0.201E+01  0.202E+02  0.104E+03  0.660E+01  0.124E+01  0.536E+01 -0.928E+01  0.302E-58  0.302E-58  0.133E-16  0.914E-18  0.662E-41  0.114E-16  0.631E+41  0.151E+41  0.631E+41  0.000E+00  0.334E-23  0.334E-23  0.127E+17  0.492E+18  0.114E-36  0.000E+00  0.000E+00
 0.202E+01  0.203E+02  0.104E+03  0.660E+01  0.125E+01  0.535E+01 -0.937E+01  0.110E-98  0.110E-98  0.124E-16  0.843E-18  0.259E-81  0.106E-16  0.162E+82  0.384E+81  0.162E+82  0.000E+00  0.121E-63  0.121E-63  0.117E+17  0.458E+18  0.106E-36  0.000E+00  0.000E+00
 0.203E+01  0.204E+02  0.104E+03  0.660E+01  0.125E+01  0.535E+01 -0.946E+01  0.583-141  0.583-141  0.115E-16  0.778E-18  0.148-123  0.989E-17  0.282+124  0.667+123  0.282+124  0.000E+00  0.646-106  0.646-106  0.108E+17  0.426E+18  0.989E-37  0.000E+00  0.000E+00
 0.204E+01  0.205E+02  0.104E+03  0.660E+01  0.126E+01  0.534E+01 -0.955E+01  0.383-185  0.383-185  0.107E-16  0.718E-18  0.104-167  0.920E-17  0.401+168  0.938+167  0.401+168  0.000E+00  0.424-150  0.424-150  0.100E+17  0.396E+18  0.920E-37  0.000E+00  0.000E+00
 0.205E+01  0.205E+02  0.104E+03  0.660E+01  0.126E+01  0.534E+01 -0.964E+01  0.232-231  0.232-231  0.100E-16  0.663E-18  0.679-214  0.857E-17  0.616+214  0.143+214  0.616+214  0.000E+00  0.257-196  0.257-196  0.923E+16  0.369E+18  0.857E-37  0.000E+00  0.000E+00
 0.206E+01  0.206E+02  0.104E+03  0.660E+01  0.126E+01  0.534E+01 -0.973E+01  0.102-279  0.102-279  0.931E-17  0.612E-18  0.321-262  0.798E-17  0.130+263  0.300+262  0.130+263  0.000E+00  0.113-244  0.113-244  0.853E+16  0.344E+18  0.798E-37  0.000E+00  0.000E+00
 0.207E+01  0.207E+02  0.104E+03  0.660E+01  0.127E+01  0.533E+01 -0.982E+01  0.000E+00  0.000E+00  0.868E-17  0.566E-18  0.000E+00  0.744E-17   Infinity   Infinity   Infinity  0.000E+00  0.000E+00  0.000E+00  0.788E+16  0.320E+18  0.744E-37  0.000E+00  0.000E+00
 0.208E+01  0.208E+02  0.104E+03  0.660E+01  0.127E+01  0.533E+01 -0.991E+01  0.000E+00  0.000E+00  0.809E-17  0.523E-18  0.000E+00  0.694E-17   Infinity   Infinity   Infinity  0.000E+00  0.000E+00  0.000E+00  0.729E+16  0.299E+18  0.694E-37  0.000E+00  0.000E+00
 0.209E+01  0.209E+02  0.104E+03  0.660E+01  0.128E+01  0.532E+01 -0.100E+02  0.000E+00  0.000E+00  0.755E-17  0.484E-18  0.000E+00  0.647E-17   Infinity   Infinity   Infinity  0.000E+00  0.000E+00  0.000E+00  0.674E+16  0.279E+18  0.647E-37  0.000E+00  0.000E+00
 0.210E+01  0.209E+02  0.104E+03  0.660E+01  0.128E+01  0.532E+01 -0.101E+02  0.000E+00  0.000E+00  0.704E-17  0.448E-18  0.000E+00  0.604E-17   Infinity   Infinity   Infinity  0.000E+00  0.000E+00  0.000E+00  0.624E+16  0.260E+18  0.604E-37  0.000E+00  0.000E+00
