1 100.00    0.30     NaN        NaN        NaN     NaN     NaN  0.000E+00        NaN        NaN        NaN        NaN
1 100.00    0.40     NaN        NaN        NaN     NaN     NaN  0.000E+00        NaN        NaN        NaN        NaN
1 100.00    0.50     NaN        NaN        NaN     NaN     NaN  0.000E+00        NaN        NaN        NaN        NaN
1 100.00    0.60     NaN        NaN        NaN     NaN     NaN  0.000E+00        NaN        NaN        NaN        NaN
1 100.00    0.70     NaN        NaN        NaN     NaN     NaN  0.000E+00        NaN        NaN        NaN        NaN
1 100.00    0.80     NaN        NaN        NaN     NaN     NaN  0.000E+00 -0.737E-02  0.000E+00 -0.526E-01        NaN
1 100.00    0.90     NaN        NaN        NaN     NaN     NaN  0.000E+00 -0.168E-01  0.000E+00 -0.120E+00        NaN
1 100.00    1.00     NaN        NaN        NaN     NaN     NaN  0.000E+00  0.323E-04  0.000E+00  0.231E-03        NaN
1 100.00    1.10     NaN        NaN        NaN     NaN     NaN  0.000E+00  0.000E+00  0.000E+00  0.000E+00        NaN
1 100.00    1.20     NaN        NaN        NaN     NaN     NaN  0.000E+00  0.000E+00  0.000E+00  0.000E+00        NaN
1 100.00    1.30     NaN        NaN        NaN     NaN     NaN  0.000E+00  0.000E+00  0.000E+00  0.000E+00        NaN
1 100.00    1.40     NaN        NaN        NaN     NaN     NaN  0.000E+00  0.000E+00  0.000E+00  0.000E+00        NaN
1 100.00    1.50     NaN        NaN        NaN     NaN     NaN  0.000E+00  0.000E+00  0.000E+00  0.000E+00        NaN
1 100.00    1.60     NaN        NaN        NaN     NaN     NaN  0.000E+00  0.000E+00  0.000E+00  0.000E+00        NaN
1 100.00    1.70     NaN        NaN        NaN     NaN     NaN  0.000E+00  0.000E+00  0.000E+00  0.000E+00        NaN
1 100.00    1.80     NaN        NaN        NaN     NaN     NaN  0.000E+00  0.000E+00  0.000E+00  0.000E+00        NaN
1 100.00    2.00     NaN        NaN        NaN     NaN     NaN  0.000E+00  0.000E+00  0.000E+00  0.000E+00        NaN
1 100.00    0.30     NaN        NaN        NaN     NaN     NaN  0.000E+00        NaN        NaN        NaN        NaN
1 100.00    0.40     NaN        NaN        NaN     NaN     NaN  0.000E+00        NaN        NaN        NaN        NaN
1 100.00    0.50     NaN        NaN        NaN     NaN     NaN  0.000E+00        NaN        NaN        NaN        NaN
1 100.00    0.60     NaN        NaN        NaN     NaN     NaN  0.000E+00        NaN        NaN        NaN        NaN
1 100.00    0.70     NaN        NaN        NaN     NaN     NaN  0.000E+00        NaN        NaN        NaN        NaN
1 100.00    0.80     NaN        NaN        NaN     NaN     NaN  0.000E+00 -0.737E-02  0.000E+00 -0.526E-01        NaN
1 100.00    0.90     NaN        NaN        NaN     NaN     NaN  0.000E+00 -0.168E-01  0.000E+00 -0.120E+00        NaN
1 100.00    1.00     NaN        NaN        NaN     NaN     NaN  0.000E+00  0.323E-04  0.000E+00  0.231E-03        NaN
1 100.00    1.10     NaN        NaN        NaN     NaN     NaN  0.000E+00  0.000E+00  0.000E+00  0.000E+00        NaN
1 100.00    1.20     NaN        NaN        NaN     NaN     NaN  0.000E+00  0.000E+00  0.000E+00  0.000E+00        NaN
1 100.00    1.30     NaN        NaN        NaN     NaN     NaN  0.000E+00  0.000E+00  0.000E+00  0.000E+00        NaN
1 100.00    1.40     NaN        NaN        NaN     NaN     NaN  0.000E+00  0.000E+00  0.000E+00  0.000E+00        NaN
1 100.00    1.50     NaN        NaN        NaN     NaN     NaN  0.000E+00  0.000E+00  0.000E+00  0.000E+00        NaN
1 100.00    1.60     NaN        NaN        NaN     NaN     NaN  0.000E+00  0.000E+00  0.000E+00  0.000E+00        NaN
1 100.00    1.70     NaN        NaN        NaN     NaN     NaN  0.000E+00  0.000E+00  0.000E+00  0.000E+00        NaN
1 100.00    1.80     NaN        NaN        NaN     NaN     NaN  0.000E+00  0.000E+00  0.000E+00  0.000E+00        NaN
1 100.00    2.00     NaN        NaN        NaN     NaN     NaN  0.000E+00  0.000E+00  0.000E+00  0.000E+00        NaN
1 100.00    0.30     NaN        NaN        NaN     NaN     NaN  0.000E+00        NaN        NaN        NaN        NaN
1 100.00    0.40     NaN        NaN        NaN     NaN     NaN  0.000E+00        NaN        NaN        NaN        NaN
1 100.00    0.50     NaN        NaN        NaN     NaN     NaN  0.000E+00        NaN        NaN        NaN        NaN
1 100.00    0.60     NaN        NaN        NaN     NaN     NaN  0.000E+00        NaN        NaN        NaN        NaN
1 100.00    0.70     NaN        NaN        NaN     NaN     NaN  0.000E+00        NaN        NaN        NaN        NaN
1 100.00    0.80     NaN        NaN        NaN     NaN     NaN  0.000E+00 -0.737E-02  0.000E+00 -0.526E-01        NaN
1 100.00    0.90     NaN        NaN        NaN     NaN     NaN  0.000E+00 -0.168E-01  0.000E+00 -0.120E+00        NaN
1 100.00    1.00     NaN        NaN        NaN     NaN     NaN  0.000E+00  0.323E-04  0.000E+00  0.231E-03        NaN
1 100.00    1.10     NaN        NaN        NaN     NaN     NaN  0.000E+00  0.000E+00  0.000E+00  0.000E+00        NaN
1 100.00    1.20     NaN        NaN        NaN     NaN     NaN  0.000E+00  0.000E+00  0.000E+00  0.000E+00        NaN
1 100.00    1.30     NaN        NaN        NaN     NaN     NaN  0.000E+00  0.000E+00  0.000E+00  0.000E+00        NaN
1 100.00    1.40     NaN        NaN        NaN     NaN     NaN  0.000E+00  0.000E+00  0.000E+00  0.000E+00        NaN
1 100.00    1.50     NaN        NaN        NaN     NaN     NaN  0.000E+00  0.000E+00  0.000E+00  0.000E+00        NaN
1 100.00    1.60     NaN        NaN        NaN     NaN     NaN  0.000E+00  0.000E+00  0.000E+00  0.000E+00        NaN
1 100.00    1.70     NaN        NaN        NaN     NaN     NaN  0.000E+00  0.000E+00  0.000E+00  0.000E+00        NaN
1 100.00    1.80     NaN        NaN        NaN     NaN     NaN  0.000E+00  0.000E+00  0.000E+00  0.000E+00        NaN
1 100.00    2.00     NaN        NaN        NaN     NaN     NaN  0.000E+00  0.000E+00  0.000E+00  0.000E+00        NaN
1 100.00    0.30     NaN        NaN        NaN     NaN     NaN  0.000E+00        NaN        NaN        NaN        NaN
1 100.00    0.40     NaN        NaN        NaN     NaN     NaN  0.000E+00        NaN        NaN        NaN        NaN
1 100.00    0.50     NaN        NaN        NaN     NaN     NaN  0.000E+00        NaN        NaN        NaN        NaN
1 100.00    0.60     NaN        NaN        NaN     NaN     NaN  0.000E+00        NaN        NaN        NaN        NaN
1 100.00    0.70     NaN        NaN        NaN     NaN     NaN  0.000E+00        NaN        NaN        NaN        NaN
1 100.00    0.80     NaN        NaN        NaN     NaN     NaN  0.000E+00 -0.737E-02  0.000E+00 -0.526E-01        NaN
1 100.00    0.90     NaN        NaN        NaN     NaN     NaN  0.000E+00 -0.168E-01  0.000E+00 -0.120E+00        NaN
1 100.00    1.00     NaN        NaN        NaN     NaN     NaN  0.000E+00  0.323E-04  0.000E+00  0.231E-03        NaN
1 100.00    1.10     NaN        NaN        NaN     NaN     NaN  0.000E+00  0.000E+00  0.000E+00  0.000E+00        NaN
1 100.00    1.20     NaN        NaN        NaN     NaN     NaN  0.000E+00  0.000E+00  0.000E+00  0.000E+00        NaN
1 100.00    1.30     NaN        NaN        NaN     NaN     NaN  0.000E+00  0.000E+00  0.000E+00  0.000E+00        NaN
1 100.00    1.40     NaN        NaN        NaN     NaN     NaN  0.000E+00  0.000E+00  0.000E+00  0.000E+00        NaN
1 100.00    1.50     NaN        NaN        NaN     NaN     NaN  0.000E+00  0.000E+00  0.000E+00  0.000E+00        NaN
1 100.00    1.60     NaN        NaN        NaN     NaN     NaN  0.000E+00  0.000E+00  0.000E+00  0.000E+00        NaN
1 100.00    1.70     NaN        NaN        NaN     NaN     NaN  0.000E+00  0.000E+00  0.000E+00  0.000E+00        NaN
1 100.00    1.80     NaN        NaN        NaN     NaN     NaN  0.000E+00  0.000E+00  0.000E+00  0.000E+00        NaN
1 100.00    2.00     NaN        NaN        NaN     NaN     NaN  0.000E+00  0.000E+00  0.000E+00  0.000E+00        NaN
1 100.00    0.30     NaN        NaN        NaN     NaN     NaN  0.000E+00        NaN        NaN        NaN        NaN
1 100.00    0.40     NaN        NaN        NaN     NaN     NaN  0.000E+00        NaN        NaN        NaN        NaN
1 100.00    0.50     NaN        NaN        NaN     NaN     NaN  0.000E+00        NaN        NaN        NaN        NaN
1 100.00    0.60     NaN        NaN        NaN     NaN     NaN  0.000E+00        NaN        NaN        NaN        NaN
1 100.00    0.70     NaN        NaN        NaN     NaN     NaN  0.000E+00        NaN        NaN        NaN        NaN
1 100.00    0.80     NaN        NaN        NaN     NaN     NaN  0.000E+00 -0.737E-02  0.000E+00 -0.526E-01        NaN
1 100.00    0.90     NaN        NaN        NaN     NaN     NaN  0.000E+00 -0.168E-01  0.000E+00 -0.120E+00        NaN
1 100.00    1.00     NaN        NaN        NaN     NaN     NaN  0.000E+00  0.323E-04  0.000E+00  0.231E-03        NaN
1 100.00    1.10     NaN        NaN        NaN     NaN     NaN  0.000E+00  0.000E+00  0.000E+00  0.000E+00        NaN
1 100.00    1.20     NaN        NaN        NaN     NaN     NaN  0.000E+00  0.000E+00  0.000E+00  0.000E+00        NaN
1 100.00    1.30     NaN        NaN        NaN     NaN     NaN  0.000E+00  0.000E+00  0.000E+00  0.000E+00        NaN
1 100.00    1.40     NaN        NaN        NaN     NaN     NaN  0.000E+00  0.000E+00  0.000E+00  0.000E+00        NaN
1 100.00    1.50     NaN        NaN        NaN     NaN     NaN  0.000E+00  0.000E+00  0.000E+00  0.000E+00        NaN
1 100.00    1.60     NaN        NaN        NaN     NaN     NaN  0.000E+00  0.000E+00  0.000E+00  0.000E+00        NaN
1 100.00    1.70     NaN        NaN        NaN     NaN     NaN  0.000E+00  0.000E+00  0.000E+00  0.000E+00        NaN
1 100.00    1.80     NaN        NaN        NaN     NaN     NaN  0.000E+00  0.000E+00  0.000E+00  0.000E+00        NaN
1 100.00    2.00     NaN        NaN        NaN     NaN     NaN  0.000E+00  0.000E+00  0.000E+00  0.000E+00        NaN
2   1.50    0.30   -0.16  0.553E-02  0.385E-02    1.80    0.47  0.216E+08  0.666E-03  0.463E-03  0.476E-02 -0.242E-02
2   1.50    0.40   -0.16  0.175E-02  0.159E-02    1.64    0.51  0.216E+09  0.134E-02  0.122E-02  0.958E-02 -0.346E-02
2   1.50    0.50   -0.16  0.160E-02  0.149E-02    1.46    0.57  0.258E+09  0.188E-02  0.176E-02  0.135E-01 -0.314E-02
2   1.50    0.60   -0.16  0.189E-02  0.679E-03    1.30    0.61  0.185E+09  0.225E-02  0.808E-03  0.161E-01 -0.206E-02
2   1.50    0.70   -0.16  0.219E-02  0.395E-03    1.15    0.62  0.139E+09  0.234E-02  0.424E-03  0.167E-01 -0.924E-03
2   1.50    0.80   -0.16  0.228E-02  0.580E-03    1.04    0.62  0.127E+09 -0.737E-02  0.188E-02 -0.526E-01  0.000E+00
2   1.50    0.90   -0.16  0.209E-02  0.142E-02    0.95    0.62  0.148E+09 -0.168E-01  0.114E-01 -0.120E+00  0.000E+00
2   1.50    1.00   -0.16  0.208E-02  0.243E-02    0.88    0.63  0.153E+09  0.323E-04  0.378E-04  0.231E-03 -0.000E+00
2   1.50    1.10   -0.16  0.266E-02  0.169E-02    0.82    0.63  0.961E+08  0.193E-01  0.123E-01  0.138E+00 -0.000E+00
2   1.50    1.20   -0.16  0.358E-02  0.869E-03    0.78    0.63  0.533E+08  0.387E-01  0.940E-02  0.276E+00 -0.000E+00
2   1.50    1.30   -0.16  0.435E-02  0.466E-03    0.74    0.63  0.360E+08  0.579E-01  0.620E-02  0.414E+00 -0.000E+00
2   1.50    1.40   -0.16  0.570E-02  0.329E-03    0.70    0.63  0.209E+08  0.774E-01  0.446E-02  0.553E+00 -0.000E+00
2   1.50    1.50   -0.16  0.609E-02  0.195E-03    0.67    0.62  0.183E+08  0.965E-01  0.309E-02  0.689E+00 -0.000E+00
2   1.50    1.60   -0.16  0.739E-02  0.122E-03    0.65    0.61  0.124E+08  0.115E+00  0.190E-02  0.824E+00 -0.000E+00
2   1.50    1.70   -0.16  0.894E-02  0.929E-04    0.62    0.63  0.844E+07  0.135E+00  0.141E-02  0.967E+00 -0.000E+00
2   1.50    1.80   -0.16  0.992E-02  0.812E-04    0.60    0.63  0.683E+07  0.140E+00  0.115E-02  0.100E+01 -0.000E+00
2   1.50    2.00   -0.16  0.844E-02  0.510E-04    0.57    0.62  0.947E+07  0.140E+00  0.846E-03  0.100E+01 -0.000E+00
2 100.00    0.30     NaN        NaN        NaN    1.80    0.47  0.000E+00  0.666E-03  0.463E-03  0.476E-02 -0.242E-02
2 100.00    0.40     NaN        NaN        NaN    1.64    0.51  0.000E+00  0.134E-02  0.122E-02  0.958E-02 -0.346E-02
2 100.00    0.50     NaN        NaN        NaN    1.46    0.57  0.000E+00  0.188E-02  0.176E-02  0.135E-01 -0.314E-02
2 100.00    0.60     NaN        NaN        NaN    1.30    0.61  0.000E+00  0.225E-02  0.808E-03  0.161E-01 -0.206E-02
2 100.00    0.70     NaN        NaN        NaN    1.15    0.62  0.000E+00  0.234E-02  0.424E-03  0.167E-01 -0.924E-03
2 100.00    0.80     NaN        NaN        NaN    1.04    0.62  0.000E+00 -0.737E-02  0.188E-02 -0.526E-01  0.000E+00
2 100.00    0.90     NaN        NaN        NaN    0.95    0.62  0.000E+00 -0.168E-01  0.114E-01 -0.120E+00  0.000E+00
2 100.00    1.00     NaN        NaN        NaN    0.88    0.63  0.000E+00  0.323E-04  0.378E-04  0.231E-03 -0.000E+00
2 100.00    1.10     NaN        NaN        NaN    0.82    0.63  0.000E+00  0.193E-01  0.123E-01  0.138E+00 -0.000E+00
2 100.00    1.20     NaN        NaN        NaN    0.78    0.63  0.000E+00  0.387E-01  0.940E-02  0.276E+00 -0.000E+00
2 100.00    1.30     NaN        NaN        NaN    0.74    0.63  0.000E+00  0.579E-01  0.620E-02  0.414E+00 -0.000E+00
2 100.00    1.40     NaN        NaN        NaN    0.70    0.63  0.000E+00  0.774E-01  0.446E-02  0.553E+00 -0.000E+00
2 100.00    1.50     NaN        NaN        NaN    0.67    0.62  0.000E+00  0.965E-01  0.309E-02  0.689E+00 -0.000E+00
2 100.00    1.60     NaN        NaN        NaN    0.65    0.61  0.000E+00  0.115E+00  0.190E-02  0.824E+00 -0.000E+00
2 100.00    1.70     NaN        NaN        NaN    0.62    0.63  0.000E+00  0.135E+00  0.141E-02  0.967E+00 -0.000E+00
2 100.00    1.80     NaN        NaN        NaN    0.60    0.63  0.000E+00  0.140E+00  0.115E-02  0.100E+01 -0.000E+00
2 100.00    2.00     NaN        NaN        NaN    0.57    0.62  0.000E+00  0.140E+00  0.846E-03  0.100E+01 -0.000E+00
2 100.00    0.30     NaN        NaN        NaN    1.80    0.47  0.000E+00  0.666E-03  0.463E-03  0.476E-02 -0.242E-02
2 100.00    0.40     NaN        NaN        NaN    1.64    0.51  0.000E+00  0.134E-02  0.122E-02  0.958E-02 -0.346E-02
2 100.00    0.50     NaN        NaN        NaN    1.46    0.57  0.000E+00  0.188E-02  0.176E-02  0.135E-01 -0.314E-02
2 100.00    0.60     NaN        NaN        NaN    1.30    0.61  0.000E+00  0.225E-02  0.808E-03  0.161E-01 -0.206E-02
2 100.00    0.70     NaN        NaN        NaN    1.15    0.62  0.000E+00  0.234E-02  0.424E-03  0.167E-01 -0.924E-03
2 100.00    0.80     NaN        NaN        NaN    1.04    0.62  0.000E+00 -0.737E-02  0.188E-02 -0.526E-01  0.000E+00
2 100.00    0.90     NaN        NaN        NaN    0.95    0.62  0.000E+00 -0.168E-01  0.114E-01 -0.120E+00  0.000E+00
2 100.00    1.00     NaN        NaN        NaN    0.88    0.63  0.000E+00  0.323E-04  0.378E-04  0.231E-03 -0.000E+00
2 100.00    1.10     NaN        NaN        NaN    0.82    0.63  0.000E+00  0.193E-01  0.123E-01  0.138E+00 -0.000E+00
2 100.00    1.20     NaN        NaN        NaN    0.78    0.63  0.000E+00  0.387E-01  0.940E-02  0.276E+00 -0.000E+00
2 100.00    1.30     NaN        NaN        NaN    0.74    0.63  0.000E+00  0.579E-01  0.620E-02  0.414E+00 -0.000E+00
2 100.00    1.40     NaN        NaN        NaN    0.70    0.63  0.000E+00  0.774E-01  0.446E-02  0.553E+00 -0.000E+00
2 100.00    1.50     NaN        NaN        NaN    0.67    0.62  0.000E+00  0.965E-01  0.309E-02  0.689E+00 -0.000E+00
2 100.00    1.60     NaN        NaN        NaN    0.65    0.61  0.000E+00  0.115E+00  0.190E-02  0.824E+00 -0.000E+00
2 100.00    1.70     NaN        NaN        NaN    0.62    0.63  0.000E+00  0.135E+00  0.141E-02  0.967E+00 -0.000E+00
2 100.00    1.80     NaN        NaN        NaN    0.60    0.63  0.000E+00  0.140E+00  0.115E-02  0.100E+01 -0.000E+00
2 100.00    2.00     NaN        NaN        NaN    0.57    0.62  0.000E+00  0.140E+00  0.846E-03  0.100E+01 -0.000E+00
2 100.00    0.30     NaN        NaN        NaN    1.80    0.47  0.000E+00  0.666E-03  0.463E-03  0.476E-02 -0.242E-02
2 100.00    0.40     NaN        NaN        NaN    1.64    0.51  0.000E+00  0.134E-02  0.122E-02  0.958E-02 -0.346E-02
2 100.00    0.50     NaN        NaN        NaN    1.46    0.57  0.000E+00  0.188E-02  0.176E-02  0.135E-01 -0.314E-02
2 100.00    0.60     NaN        NaN        NaN    1.30    0.61  0.000E+00  0.225E-02  0.808E-03  0.161E-01 -0.206E-02
2 100.00    0.70     NaN        NaN        NaN    1.15    0.62  0.000E+00  0.234E-02  0.424E-03  0.167E-01 -0.924E-03
2 100.00    0.80     NaN        NaN        NaN    1.04    0.62  0.000E+00 -0.737E-02  0.188E-02 -0.526E-01  0.000E+00
2 100.00    0.90     NaN        NaN        NaN    0.95    0.62  0.000E+00 -0.168E-01  0.114E-01 -0.120E+00  0.000E+00
2 100.00    1.00     NaN        NaN        NaN    0.88    0.63  0.000E+00  0.323E-04  0.378E-04  0.231E-03 -0.000E+00
2 100.00    1.10     NaN        NaN        NaN    0.82    0.63  0.000E+00  0.193E-01  0.123E-01  0.138E+00 -0.000E+00
2 100.00    1.20     NaN        NaN        NaN    0.78    0.63  0.000E+00  0.387E-01  0.940E-02  0.276E+00 -0.000E+00
2 100.00    1.30     NaN        NaN        NaN    0.74    0.63  0.000E+00  0.579E-01  0.620E-02  0.414E+00 -0.000E+00
2 100.00    1.40     NaN        NaN        NaN    0.70    0.63  0.000E+00  0.774E-01  0.446E-02  0.553E+00 -0.000E+00
2 100.00    1.50     NaN        NaN        NaN    0.67    0.62  0.000E+00  0.965E-01  0.309E-02  0.689E+00 -0.000E+00
2 100.00    1.60     NaN        NaN        NaN    0.65    0.61  0.000E+00  0.115E+00  0.190E-02  0.824E+00 -0.000E+00
2 100.00    1.70     NaN        NaN        NaN    0.62    0.63  0.000E+00  0.135E+00  0.141E-02  0.967E+00 -0.000E+00
2 100.00    1.80     NaN        NaN        NaN    0.60    0.63  0.000E+00  0.140E+00  0.115E-02  0.100E+01 -0.000E+00
2 100.00    2.00     NaN        NaN        NaN    0.57    0.62  0.000E+00  0.140E+00  0.846E-03  0.100E+01 -0.000E+00
2 100.00    0.30     NaN        NaN        NaN    1.80    0.47  0.000E+00  0.666E-03  0.463E-03  0.476E-02 -0.242E-02
2 100.00    0.40     NaN        NaN        NaN    1.64    0.51  0.000E+00  0.134E-02  0.122E-02  0.958E-02 -0.346E-02
2 100.00    0.50     NaN        NaN        NaN    1.46    0.57  0.000E+00  0.188E-02  0.176E-02  0.135E-01 -0.314E-02
2 100.00    0.60     NaN        NaN        NaN    1.30    0.61  0.000E+00  0.225E-02  0.808E-03  0.161E-01 -0.206E-02
2 100.00    0.70     NaN        NaN        NaN    1.15    0.62  0.000E+00  0.234E-02  0.424E-03  0.167E-01 -0.924E-03
2 100.00    0.80     NaN        NaN        NaN    1.04    0.62  0.000E+00 -0.737E-02  0.188E-02 -0.526E-01  0.000E+00
2 100.00    0.90     NaN        NaN        NaN    0.95    0.62  0.000E+00 -0.168E-01  0.114E-01 -0.120E+00  0.000E+00
2 100.00    1.00     NaN        NaN        NaN    0.88    0.63  0.000E+00  0.323E-04  0.378E-04  0.231E-03 -0.000E+00
2 100.00    1.10     NaN        NaN        NaN    0.82    0.63  0.000E+00  0.193E-01  0.123E-01  0.138E+00 -0.000E+00
2 100.00    1.20     NaN        NaN        NaN    0.78    0.63  0.000E+00  0.387E-01  0.940E-02  0.276E+00 -0.000E+00
2 100.00    1.30     NaN        NaN        NaN    0.74    0.63  0.000E+00  0.579E-01  0.620E-02  0.414E+00 -0.000E+00
2 100.00    1.40     NaN        NaN        NaN    0.70    0.63  0.000E+00  0.774E-01  0.446E-02  0.553E+00 -0.000E+00
2 100.00    1.50     NaN        NaN        NaN    0.67    0.62  0.000E+00  0.965E-01  0.309E-02  0.689E+00 -0.000E+00
2 100.00    1.60     NaN        NaN        NaN    0.65    0.61  0.000E+00  0.115E+00  0.190E-02  0.824E+00 -0.000E+00
2 100.00    1.70     NaN        NaN        NaN    0.62    0.63  0.000E+00  0.135E+00  0.141E-02  0.967E+00 -0.000E+00
2 100.00    1.80     NaN        NaN        NaN    0.60    0.63  0.000E+00  0.140E+00  0.115E-02  0.100E+01 -0.000E+00
2 100.00    2.00     NaN        NaN        NaN    0.57    0.62  0.000E+00  0.140E+00  0.846E-03  0.100E+01 -0.000E+00
