 # th     pit     q2      x      sig_u     rate_u
 #                           0.6/GeV.sr)    (Hz)
 # th     pit     q2      x      sig_u     rate_u
 #                           0.6/GeV.sr)    (Hz)
 # th     pit     q2      x      sig_u     rate_u
 #                           0.6/GeV.sr)    (Hz)
 # th     pit     q2      x      sig_u     rate_u
 #                           0.6/GeV.sr)    (Hz)
 # th     pit     q2      x      sig_u     rate_u
 #                           0.6/GeV.sr)    (Hz)
 # th     pit     q2      x      sig_u     rate_u
 #                           0.6/GeV.sr)    (Hz)
2  7.464  5.840    0.7   0.458  0.377E-05  0.117E+02  0.943E-04  0.209E-03  0.708E-03  0.000E+00
2  7.464  5.846    0.7   0.462  0.384E-05  0.236E+02  0.961E-04  0.211E-03  0.714E-03  0.000E+00
2  7.464  5.853    0.7   0.467  0.392E-05  0.357E+02  0.980E-04  0.213E-03  0.719E-03  0.000E+00
2  7.464  5.859    0.7   0.471  0.399E-05  0.480E+02  0.998E-04  0.215E-03  0.725E-03  0.000E+00
2  7.464  5.865    0.7   0.476  0.407E-05  0.606E+02  0.102E-03  0.218E-03  0.730E-03  0.000E+00
2  7.464  5.872    0.7   0.481  0.414E-05  0.734E+02  0.104E-03  0.220E-03  0.736E-03  0.000E+00
2  7.464  5.878    0.7   0.485  0.422E-05  0.865E+02  0.105E-03  0.222E-03  0.741E-03  0.000E+00
2  7.464  5.884    0.7   0.490  0.429E-05  0.997E+02  0.107E-03  0.224E-03  0.746E-03  0.000E+00
2  7.464  5.891    0.7   0.495  0.436E-05  0.113E+03  0.109E-03  0.226E-03  0.751E-03  0.000E+00
2  7.464  5.897    0.7   0.500  0.443E-05  0.127E+03  0.111E-03  0.227E-03  0.755E-03  0.000E+00
2  7.464  5.903    0.7   0.505  0.450E-05  0.141E+03  0.113E-03  0.229E-03  0.760E-03  0.000E+00
2  7.464  5.910    0.7   0.510  0.456E-05  0.155E+03  0.114E-03  0.231E-03  0.764E-03  0.000E+00
2  7.464  5.916    0.7   0.516  0.462E-05  0.169E+03  0.116E-03  0.232E-03  0.768E-03  0.000E+00
2  7.464  5.922    0.7   0.521  0.468E-05  0.184E+03  0.117E-03  0.233E-03  0.771E-03  0.000E+00
2  7.464  5.929    0.7   0.527  0.473E-05  0.198E+03  0.118E-03  0.234E-03  0.775E-03  0.000E+00
2  7.464  5.935    0.7   0.532  0.477E-05  0.213E+03  0.119E-03  0.235E-03  0.777E-03  0.000E+00
2  7.464  5.942    0.7   0.538  0.480E-05  0.228E+03  0.120E-03  0.236E-03  0.780E-03  0.000E+00
2  7.464  5.948    0.7   0.544  0.483E-05  0.243E+03  0.121E-03  0.236E-03  0.782E-03  0.000E+00
2  7.464  5.954    0.7   0.550  0.485E-05  0.258E+03  0.121E-03  0.236E-03  0.783E-03  0.000E+00
2  7.464  5.961    0.7   0.556  0.485E-05  0.273E+03  0.121E-03  0.236E-03  0.784E-03  0.000E+00
2  7.464  5.967    0.7   0.562  0.485E-05  0.288E+03  0.121E-03  0.236E-03  0.785E-03  0.000E+00
2  7.464  5.973    0.7   0.568  0.483E-05  0.303E+03  0.121E-03  0.235E-03  0.785E-03  0.000E+00
2  7.464  5.980    0.7   0.574  0.480E-05  0.318E+03  0.120E-03  0.234E-03  0.785E-03  0.000E+00
2  7.464  5.986    0.7   0.581  0.475E-05  0.332E+03  0.119E-03  0.233E-03  0.784E-03  0.000E+00
2  7.464  5.992    0.7   0.588  0.469E-05  0.347E+03  0.117E-03  0.232E-03  0.783E-03  0.000E+00
2  7.464  5.999    0.7   0.595  0.461E-05  0.361E+03  0.115E-03  0.231E-03  0.782E-03  0.000E+00
2  7.464  6.005    0.7   0.602  0.453E-05  0.375E+03  0.113E-03  0.230E-03  0.780E-03  0.000E+00
2  7.464  6.011    0.7   0.609  0.442E-05  0.389E+03  0.110E-03  0.228E-03  0.778E-03  0.000E+00
2  7.464  6.018    0.7   0.616  0.430E-05  0.402E+03  0.108E-03  0.226E-03  0.776E-03  0.000E+00
2  7.464  6.024    0.7   0.623  0.417E-05  0.415E+03  0.104E-03  0.224E-03  0.773E-03  0.000E+00
2  7.464  6.030    0.7   0.631  0.403E-05  0.427E+03  0.101E-03  0.222E-03  0.770E-03  0.000E+00
2  7.464  6.037    0.7   0.639  0.388E-05  0.439E+03  0.969E-04  0.220E-03  0.768E-03  0.000E+00
2  7.464  6.043    0.7   0.647  0.373E-05  0.451E+03  0.932E-04  0.218E-03  0.765E-03  0.000E+00
2  7.464  6.049    0.7   0.655  0.358E-05  0.462E+03  0.894E-04  0.216E-03  0.762E-03  0.000E+00
2  7.464  6.056    0.7   0.663  0.343E-05  0.473E+03  0.857E-04  0.214E-03  0.759E-03  0.000E+00
2  7.464  6.062    0.7   0.672  0.329E-05  0.483E+03  0.822E-04  0.213E-03  0.756E-03  0.000E+00
2  7.464  6.068    0.7   0.680  0.316E-05  0.493E+03  0.790E-04  0.211E-03  0.754E-03  0.000E+00
2  7.464  6.075    0.7   0.689  0.305E-05  0.502E+03  0.763E-04  0.209E-03  0.751E-03  0.000E+00
2  7.464  6.081    0.7   0.699  0.297E-05  0.511E+03  0.742E-04  0.208E-03  0.749E-03  0.000E+00
2  7.464  6.088    0.7   0.708  0.290E-05  0.520E+03  0.724E-04  0.207E-03  0.748E-03  0.000E+00
2  7.464  6.094    0.7   0.718  0.286E-05  0.529E+03  0.715E-04  0.206E-03  0.747E-03  0.000E+00
2  7.464  6.100    0.7   0.727  0.285E-05  0.538E+03  0.712E-04  0.205E-03  0.746E-03  0.000E+00
2  7.464  6.107    0.7   0.738  0.286E-05  0.547E+03  0.714E-04  0.205E-03  0.746E-03  0.000E+00
2  7.464  6.113    0.7   0.748  0.288E-05  0.555E+03  0.721E-04  0.205E-03  0.746E-03  0.000E+00
2  7.464  6.119    0.7   0.759  0.292E-05  0.565E+03  0.731E-04  0.205E-03  0.748E-03  0.000E+00
2  7.464  6.126    0.7   0.770  0.299E-05  0.574E+03  0.748E-04  0.206E-03  0.749E-03  0.000E+00
2  7.464  6.132    0.7   0.781  0.306E-05  0.583E+03  0.766E-04  0.207E-03  0.752E-03  0.000E+00
2  7.464  6.138    0.7   0.792  0.314E-05  0.593E+03  0.786E-04  0.208E-03  0.755E-03  0.000E+00
2  7.464  6.145    0.7   0.804  0.324E-05  0.603E+03  0.810E-04  0.210E-03  0.758E-03  0.000E+00
2  7.464  6.151    0.7   0.817  0.334E-05  0.613E+03  0.834E-04  0.212E-03  0.763E-03  0.000E+00
2  7.464  6.157    0.7   0.829  0.346E-05  0.624E+03  0.864E-04  0.214E-03  0.768E-03  0.000E+00
2  7.464  6.164    0.7   0.842  0.358E-05  0.635E+03  0.896E-04  0.216E-03  0.773E-03  0.000E+00
2  7.464  6.170    0.7   0.855  0.372E-05  0.647E+03  0.929E-04  0.219E-03  0.779E-03  0.000E+00
2  7.464  6.176    0.7   0.869  0.384E-05  0.658E+03  0.961E-04  0.222E-03  0.785E-03  0.000E+00
2  7.464  6.183    0.7   0.883  0.399E-05  0.671E+03  0.999E-04  0.225E-03  0.792E-03  0.000E+00
2  7.464  6.189    0.7   0.898  0.418E-05  0.684E+03  0.104E-03  0.228E-03  0.799E-03  0.000E+00
2  7.464  6.195    0.7   0.913  0.432E-05  0.697E+03  0.108E-03  0.231E-03  0.806E-03  0.000E+00
2  7.464  6.202    0.7   0.928  0.452E-05  0.711E+03  0.113E-03  0.234E-03  0.813E-03  0.000E+00
2  7.464  6.208    0.7   0.944  0.473E-05  0.726E+03  0.118E-03  0.237E-03  0.820E-03  0.000E+00
2  7.464  6.214    0.7   0.961  0.491E-05  0.741E+03  0.123E-03  0.240E-03  0.827E-03  0.000E+00
2  7.464  6.221    0.7   0.978  0.512E-05  0.757E+03  0.128E-03  0.243E-03  0.833E-03  0.000E+00
2  7.464  6.227    0.7   0.995  0.541E-05  0.773E+03  0.135E-03  0.246E-03  0.839E-03  0.000E+00
2  7.464  6.234    0.7   1.014  0.561E-05  0.791E+03  0.140E-03  0.249E-03  0.844E-03  0.000E+00
2  7.464  6.240    0.7   1.033  0.589E-05  0.809E+03  0.147E-03  0.251E-03  0.848E-03  0.000E+00
2  7.464  6.246    0.7   1.052  0.623E-05  0.828E+03  0.156E-03  0.253E-03  0.852E-03  0.000E+00
2  7.464  6.253    0.7   1.073  0.644E-05  0.848E+03  0.161E-03  0.254E-03  0.854E-03  0.000E+00
2  7.464  6.259    0.7   1.094  0.679E-05  0.869E+03  0.170E-03  0.255E-03  0.854E-03  0.000E+00
2  7.464  6.265    0.7   1.116  0.707E-05  0.891E+03  0.177E-03  0.255E-03  0.853E-03  0.000E+00
2  7.464  6.272    0.7   1.138  0.736E-05  0.914E+03  0.184E-03  0.254E-03  0.850E-03  0.000E+00
2  7.464  6.278    0.7   1.162  0.765E-05  0.937E+03  0.191E-03  0.253E-03  0.846E-03  0.000E+00
2  7.464  6.284    0.7   1.186  0.784E-05  0.962E+03  0.196E-03  0.251E-03  0.839E-03  0.000E+00
2  7.464  6.291    0.7   1.212  0.815E-05  0.987E+03  0.204E-03  0.247E-03  0.830E-03  0.000E+00
2  7.464  6.297    0.7   1.239  0.822E-05  0.101E+04  0.206E-03  0.243E-03  0.819E-03  0.000E+00
2  7.464  6.303    0.7   1.266  0.820E-05  0.104E+04  0.205E-03  0.238E-03  0.805E-03  0.000E+00
2  7.464  6.310    0.7   1.295  0.822E-05  0.106E+04  0.205E-03  0.232E-03  0.789E-03  0.000E+00
2  7.464  6.316    0.7   1.326  0.805E-05  0.109E+04  0.201E-03  0.225E-03  0.770E-03  0.000E+00
2  7.464  6.322    0.7   1.357  0.752E-05  0.111E+04  0.188E-03  0.216E-03  0.749E-03  0.000E+00
2  7.464  6.329    0.7   1.391  0.689E-05  0.113E+04  0.172E-03  0.207E-03  0.726E-03  0.000E+00
2  7.464  6.335    0.7   1.425  0.609E-05  0.115E+04  0.152E-03  0.197E-03  0.700E-03  0.000E+00
2  7.464  6.341    0.7   1.462  0.535E-05  0.117E+04  0.134E-03  0.186E-03  0.673E-03  0.000E+00
2  7.464  6.348    0.7   1.500  0.434E-05  0.118E+04  0.108E-03  0.175E-03  0.644E-03  0.000E+00
2  7.464  6.354    0.7   1.540  0.344E-05  0.119E+04  0.860E-04  0.164E-03  0.613E-03  0.000E+00
2  7.464  6.360    0.7   1.583  0.262E-05  0.120E+04  0.655E-04  0.152E-03  0.582E-03  0.000E+00
2  7.464  6.367    0.7   1.627  0.208E-05  0.121E+04  0.499E-04  0.141E-03  0.549E-03  0.000E+00
2  7.464  6.373    0.7   1.675  0.177E-05  0.121E+04  0.389E-04  0.129E-03  0.515E-03  0.000E+00
2  7.464  6.380    0.7   1.724  0.149E-05  0.121E+04  0.312E-04  0.118E-03  0.482E-03  0.000E+00
2  7.464  6.386    0.7   1.777  0.118E-05  0.122E+04  0.236E-04  0.108E-03  0.450E-03  0.000E+00
2  7.464  6.392    0.7   1.833  0.934E-06  0.122E+04  0.177E-04  0.979E-04  0.418E-03  0.000E+00
2  7.464  6.399    0.7   1.893  0.785E-06  0.122E+04  0.134E-04  0.887E-04  0.385E-03  0.000E+00
2  7.464  6.405    0.7   1.957  0.647E-06  0.122E+04  0.104E-04  0.806E-04  0.355E-03  0.000E+00
2  7.464  6.411    0.7   2.024  0.529E-06  0.122E+04  0.794E-05  0.730E-04  0.327E-03  0.000E+00
2  7.464  6.418    0.7   2.097  0.515E-06  0.122E+04  0.670E-05  0.654E-04  0.295E-03  0.000E+00
2  7.464  6.424    0.7   2.175  0.456E-06  0.123E+04  0.547E-05  0.589E-04  0.268E-03  0.000E+00
2  7.464  6.430    0.7   2.258  0.375E-06  0.123E+04  0.413E-05  0.529E-04  0.241E-03  0.000E+00
2  7.464  6.437    0.7   2.348  0.376E-06  0.123E+04  0.339E-05  0.458E-04  0.210E-03  0.000E+00
2  7.464  6.443    0.7   2.446  0.331E-06  0.123E+04  0.265E-05  0.403E-04  0.186E-03  0.000E+00
2  7.464  6.449    0.7   2.551  0.337E-06  0.123E+04  0.202E-05  0.327E-04  0.151E-03  0.000E+00
2  7.464  6.456    0.7   2.666  0.375E-06  0.123E+04  0.187E-05  0.273E-04  0.126E-03  0.000E+00
2  7.464  6.462    0.7   2.792  0.437E-06  0.123E+04  0.131E-05  0.181E-04  0.833E-04  0.000E+00
2  7.464  6.468    0.7   2.929  0.740E-07  0.123E+04  0.148E-06  0.122E-04  0.563E-04  0.000E+00
 # th     pit     q2      x      sig_u     rate_u
 #                           0.6/GeV.sr)    (Hz)
 # th     pit     q2      x      sig_u     rate_u
 #                           0.6/GeV.sr)    (Hz)
 # th     pit     q2      x      sig_u     rate_u
 #                           0.6/GeV.sr)    (Hz)
 # th     pit     q2      x      sig_u     rate_u
 #                           0.6/GeV.sr)    (Hz)
