  0.011   0.202   0.024      0.034      0.006      0.003      0.025
  0.012   0.221   0.026      0.037      0.007      0.004      0.028
  0.013   0.239   0.028      0.040      0.007      0.004      0.030
  0.014   0.257   0.030      0.043      0.008      0.004      0.032
  0.015   0.276   0.032      0.046      0.008      0.004      0.035
  0.016   0.294   0.035      0.049      0.009      0.005      0.037
  0.017   0.312   0.037      0.052      0.010      0.005      0.039
  0.018   0.331   0.039      0.056      0.010      0.005      0.042
  0.019   0.349   0.041      0.059      0.011      0.006      0.044
  0.020   0.368   0.043      0.062      0.011      0.006      0.046
  0.021   0.386   0.045      0.065      0.012      0.006      0.049
  0.022   0.404   0.048      0.068      0.012      0.007      0.051
  0.023   0.423   0.050      0.071      0.013      0.007      0.054
  0.024   0.441   0.052      0.075      0.014      0.007      0.056
  0.025   0.459   0.054      0.078      0.014      0.008      0.058
  0.026   0.478   0.056      0.081      0.015      0.008      0.061
  0.027   0.496   0.058      0.084      0.015      0.008      0.063
  0.028   0.515   0.061      0.087      0.016      0.008      0.066
  0.029   0.533   0.063      0.091      0.016      0.009      0.068
  0.030   0.551   0.065      0.094      0.017      0.009      0.070
  0.031   0.570   0.067      0.097      0.018      0.009      0.073
  0.032   0.588   0.069      0.100      0.018      0.010      0.075
  0.033   0.606   0.071      0.104      0.019      0.010      0.078
  0.034   0.625   0.074      0.107      0.019      0.010      0.080
  0.035   0.643   0.076      0.110      0.020      0.011      0.082
  0.036   0.662   0.078      0.113      0.021      0.011      0.085
  0.037   0.680   0.080      0.117      0.021      0.011      0.087
  0.038   0.698   0.082      0.120      0.022      0.012      0.090
  0.039   0.717   0.084      0.123      0.022      0.012      0.092
  0.040   0.735   0.086      0.126      0.023      0.012      0.095
  0.041   0.753   0.089      0.130      0.024      0.013      0.097
  0.042   0.772   0.091      0.133      0.024      0.013      0.100
  0.043   0.790   0.093      0.136      0.025      0.013      0.102
  0.044   0.809   0.095      0.140      0.025      0.014      0.105
  0.045   0.827   0.097      0.143      0.026      0.014      0.107
  0.046   0.845   0.099      0.146      0.027      0.014      0.110
  0.047   0.864   0.102      0.150      0.027      0.014      0.112
  0.048   0.882   0.104      0.153      0.028      0.015      0.115
  0.049   0.900   0.106      0.156      0.028      0.015      0.117
  0.050   0.919   0.108      0.160      0.029      0.015      0.120
  0.051   0.937   0.110      0.163      0.030      0.016      0.122
  0.052   0.956   0.112      0.166      0.030      0.016      0.125
  0.053   0.974   0.115      0.170      0.031      0.016      0.127
  0.054   0.992   0.117      0.173      0.032      0.017      0.130
  0.055   1.011   0.119      0.177      0.032      0.017      0.132
  0.056   1.029   0.121      0.180      0.033      0.017      0.135
  0.057   1.047   0.123      0.183      0.033      0.018      0.137
  0.058   1.066   0.125      0.187      0.034      0.018      0.140
  0.059   1.084   0.128      0.190      0.035      0.018      0.143
  0.060   1.103   0.130      0.194      0.035      0.019      0.145
  0.061   1.121   0.132      0.197      0.036      0.019      0.148
  0.062   1.139   0.134      0.201      0.036      0.019      0.150
  0.063   1.158   0.136      0.204      0.037      0.020      0.153
  0.064   1.176   0.138      0.207      0.038      0.020      0.156
  0.065   1.194   0.141      0.211      0.038      0.020      0.158
  0.066   1.213   0.143      0.214      0.039      0.021      0.161
  0.067   1.231   0.145      0.218      0.040      0.021      0.163
  0.068   1.250   0.147      0.221      0.040      0.021      0.166
  0.069   1.268   0.149      0.225      0.041      0.022      0.169
  0.070   1.286   0.151      0.228      0.042      0.022      0.171
  0.071   1.305   0.154      0.232      0.042      0.022      0.174
  0.072   1.323   0.156      0.235      0.043      0.023      0.176
  0.073   1.342   0.158      0.239      0.043      0.023      0.179
  0.074   1.360   0.160      0.242      0.044      0.023      0.182
  0.075   1.378   0.162      0.246      0.045      0.024      0.184
  0.076   1.397   0.164      0.250      0.045      0.024      0.187
  0.077   1.415   0.166      0.253      0.046      0.025      0.190
  0.078   1.433   0.169      0.257      0.047      0.025      0.192
  0.079   1.452   0.171      0.260      0.047      0.025      0.195
  0.080   1.470   0.173      0.264      0.048      0.026      0.198
  0.081   1.489   0.175      0.267      0.049      0.026      0.200
  0.082   1.507   0.177      0.271      0.049      0.026      0.203
  0.083   1.525   0.179      0.275      0.050      0.027      0.206
  0.084   1.544   0.182      0.278      0.051      0.027      0.209
  0.085   1.562   0.184      0.282      0.051      0.027      0.211
  0.086   1.580   0.186      0.285      0.052      0.028      0.214
  0.087   1.599   0.188      0.289      0.053      0.028      0.217
  0.088   1.617   0.190      0.293      0.053      0.028      0.219
  0.089   1.636   0.192      0.296      0.054      0.029      0.222
  0.090   1.654   0.195      0.300      0.055      0.029      0.225
  0.091   1.672   0.197      0.304      0.055      0.029      0.228
  0.092   1.691   0.199      0.307      0.056      0.030      0.230
  0.093   1.709   0.201      0.311      0.057      0.030      0.233
  0.094   1.727   0.203      0.315      0.057      0.030      0.236
  0.095   1.746   0.205      0.319      0.058      0.031      0.239
  0.096   1.764   0.208      0.322      0.059      0.031      0.242
  0.097   1.783   0.210      0.326      0.059      0.032      0.244
  0.098   1.801   0.212      0.330      0.060      0.032      0.247
  0.099   1.819   0.214      0.333      0.061      0.032      0.250
  0.100   1.838   0.216      0.337      0.061      0.033      0.253
  0.101   1.856   0.218      0.341      0.062      0.033      0.256
  0.102   1.874   0.221      0.345      0.063      0.033      0.258
  0.103   1.893   0.223      0.348      0.063      0.034      0.261
  0.104   1.911   0.225      0.352      0.064      0.034      0.264
  0.105   1.930   0.227      0.356      0.065      0.034      0.267
  0.106   1.948   0.229      0.360      0.065      0.035      0.270
  0.107   1.966   0.231      0.364      0.066      0.035      0.273
  0.108   1.985   0.233      0.367      0.067      0.036      0.275
  0.109   2.003   0.236      0.371      0.068      0.036      0.278
  0.110   2.021   0.238      0.375      0.068      0.036      0.281
  0.111   2.040   0.240      0.379      0.069      0.037      0.284
  0.112   2.058   0.242      0.383      0.070      0.037      0.287
  0.113   2.077   0.244      0.387      0.070      0.037      0.290
  0.114   2.095   0.246      0.390      0.071      0.038      0.293
  0.115   2.113   0.249      0.394      0.072      0.038      0.296
  0.116   2.132   0.251      0.398      0.072      0.039      0.298
  0.117   2.150   0.253      0.402      0.073      0.039      0.301
  0.118   2.168   0.255      0.406      0.074      0.039      0.304
  0.119   2.187   0.257      0.410      0.075      0.040      0.307
  0.120   2.205   0.259      0.414      0.075      0.040      0.310
  0.121   2.224   0.262      0.418      0.076      0.040      0.313
  0.122   2.242   0.264      0.422      0.077      0.041      0.316
  0.123   2.260   0.266      0.426      0.077      0.041      0.319
  0.124   2.279   0.268      0.430      0.078      0.042      0.322
  0.125   2.297   0.270      0.433      0.079      0.042      0.325
  0.126   2.315   0.272      0.437      0.080      0.042      0.328
  0.127   2.334   0.275      0.441      0.080      0.043      0.331
  0.128   2.352   0.277      0.445      0.081      0.043      0.334
  0.129   2.371   0.279      0.449      0.082      0.044      0.337
  0.130   2.389   0.281      0.453      0.082      0.044      0.340
  0.131   2.407   0.283      0.457      0.083      0.044      0.343
  0.132   2.426   0.285      0.461      0.084      0.045      0.346
  0.133   2.444   0.288      0.465      0.085      0.045      0.349
  0.134   2.462   0.290      0.470      0.085      0.045      0.352
  0.135   2.481   0.292      0.474      0.086      0.046      0.355
  0.136   2.499   0.294      0.478      0.087      0.046      0.358
  0.137   2.518   0.296      0.482      0.088      0.047      0.361
  0.138   2.536   0.298      0.486      0.088      0.047      0.364
  0.139   2.554   0.301      0.490      0.089      0.047      0.367
  0.140   2.573   0.303      0.494      0.090      0.048      0.370
  0.141   2.591   0.305      0.498      0.091      0.048      0.373
  0.142   2.610   0.307      0.502      0.091      0.049      0.376
  0.143   2.628   0.309      0.506      0.092      0.049      0.379
  0.144   2.646   0.311      0.510      0.093      0.049      0.383
  0.145   2.665   0.313      0.515      0.094      0.050      0.386
  0.146   2.683   0.316      0.519      0.094      0.050      0.389
  0.147   2.701   0.318      0.523      0.095      0.051      0.392
  0.148   2.720   0.320      0.527      0.096      0.051      0.395
  0.149   2.738   0.322      0.531      0.097      0.051      0.398
  0.150   2.757   0.324      0.535      0.097      0.052      0.401
  0.151   2.775   0.326      0.540      0.098      0.052      0.404
  0.152   2.793   0.329      0.544      0.099      0.053      0.408
  0.153   2.812   0.331      0.548      0.100      0.053      0.411
  0.154   2.830   0.333      0.552      0.100      0.053      0.414
  0.155   2.848   0.335      0.557      0.101      0.054      0.417
  0.156   2.867   0.337      0.561      0.102      0.054      0.420
  0.157   2.885   0.339      0.565      0.103      0.055      0.424
  0.158   2.904   0.342      0.569      0.104      0.055      0.427
  0.159   2.922   0.344      0.574      0.104      0.056      0.430
  0.160   2.940   0.346      0.578      0.105      0.056      0.433
  0.161   2.959   0.348      0.582      0.106      0.056      0.436
  0.162   2.977   0.350      0.587      0.107      0.057      0.440
  0.163   2.995   0.352      0.591      0.108      0.057      0.443
  0.164   3.014   0.355      0.595      0.108      0.058      0.446
  0.165   3.032   0.357      0.600      0.109      0.058      0.449
  0.166   3.051   0.359      0.604      0.110      0.058      0.453
  0.167   3.069   0.361      0.608      0.111      0.059      0.456
  0.168   3.087   0.363      0.613      0.111      0.059      0.459
  0.169   3.106   0.365      0.617      0.112      0.060      0.463
  0.170   3.124   0.368      0.621      0.113      0.060      0.466
  0.171   3.142   0.370      0.626      0.114      0.061      0.469
  0.172   3.161   0.372      0.630      0.115      0.061      0.472
  0.173   3.179   0.374      0.635      0.115      0.061      0.476
  0.174   3.198   0.376      0.639      0.116      0.062      0.479
  0.175   3.216   0.378      0.644      0.117      0.062      0.482
  0.176   3.234   0.381      0.648      0.118      0.063      0.486
  0.177   3.253   0.383      0.653      0.119      0.063      0.489
  0.178   3.271   0.385      0.657      0.120      0.064      0.492
  0.179   3.289   0.387      0.662      0.120      0.064      0.496
  0.180   3.308   0.389      0.666      0.121      0.065      0.499
  0.181   3.326   0.391      0.671      0.122      0.065      0.503
  0.182   3.345   0.393      0.675      0.123      0.065      0.506
  0.183   3.363   0.396      0.680      0.124      0.066      0.509
  0.184   3.381   0.398      0.684      0.124      0.066      0.513
  0.185   3.400   0.400      0.689      0.125      0.067      0.516
  0.186   3.418   0.402      0.693      0.126      0.067      0.520
  0.187   3.436   0.404      0.698      0.127      0.068      0.523
  0.188   3.455   0.406      0.703      0.128      0.068      0.527
  0.189   3.473   0.409      0.707      0.129      0.068      0.530
  0.190   3.492   0.411      0.712      0.130      0.069      0.533
  0.191   3.510   0.413      0.716      0.130      0.069      0.537
  0.192   3.528   0.415      0.721      0.131      0.070      0.540
  0.193   3.547   0.417      0.726      0.132      0.070      0.544
  0.194   3.565   0.419      0.730      0.133      0.071      0.547
  0.195   3.583   0.422      0.735      0.134      0.071      0.551
  0.196   3.602   0.424      0.740      0.135      0.072      0.554
  0.197   3.620   0.426      0.744      0.135      0.072      0.558
  0.198   3.639   0.428      0.749      0.136      0.073      0.561
  0.199   3.657   0.430      0.754      0.137      0.073      0.565
  0.200   3.675   0.432      0.759      0.138      0.073      0.569
  0.201   3.694   0.435      0.763      0.139      0.074      0.572
  0.202   3.712   0.437      0.768      0.140      0.074      0.576
  0.203   3.731   0.439      0.773      0.141      0.075      0.579
  0.204   3.749   0.441      0.778      0.141      0.075      0.583
  0.205   3.767   0.443      0.782      0.142      0.076      0.586
  0.206   3.786   0.445      0.787      0.143      0.076      0.590
  0.207   3.804   0.448      0.792      0.144      0.077      0.594
  0.208   3.822   0.450      0.797      0.145      0.077      0.597
  0.209   3.841   0.452      0.802      0.146      0.078      0.601
  0.210   3.859   0.454      0.807      0.147      0.078      0.605
  0.211   3.878   0.456      0.811      0.148      0.079      0.608
  0.212   3.896   0.458      0.816      0.149      0.079      0.612
  0.213   3.914   0.461      0.821      0.149      0.080      0.616
  0.214   3.933   0.463      0.826      0.150      0.080      0.619
  0.215   3.951   0.465      0.831      0.151      0.080      0.623
  0.216   3.969   0.467      0.836      0.152      0.081      0.627
  0.217   3.988   0.469      0.841      0.153      0.081      0.630
  0.218   4.006   0.471      0.846      0.154      0.082      0.634
  0.219   4.025   0.473      0.851      0.155      0.082      0.638
  0.220   4.043   0.476      0.856      0.156      0.083      0.641
  0.221   4.061   0.478      0.861      0.157      0.083      0.645
  0.222   4.080   0.480      0.866      0.158      0.084      0.649
  0.223   4.098   0.482      0.871      0.158      0.084      0.653
  0.224   4.116   0.484      0.876      0.159      0.085      0.656
  0.225   4.135   0.486      0.881      0.160      0.085      0.660
  0.226   4.153   0.489      0.886      0.161      0.086      0.664
  0.227   4.172   0.491      0.891      0.162      0.086      0.668
  0.228   4.190   0.493      0.896      0.163      0.087      0.672
  0.229   4.208   0.495      0.901      0.164      0.087      0.675
  0.230   4.227   0.497      0.906      0.165      0.088      0.679
  0.231   4.245   0.499      0.911      0.166      0.088      0.683
  0.232   4.263   0.502      0.917      0.167      0.089      0.687
  0.233   4.282   0.504      0.922      0.168      0.089      0.691
  0.234   4.300   0.506      0.927      0.169      0.090      0.695
  0.235   4.319   0.508      0.932      0.170      0.090      0.699
  0.236   4.337   0.510      0.937      0.171      0.091      0.703
  0.237   4.355   0.512      0.942      0.171      0.091      0.706
  0.238   4.374   0.515      0.948      0.172      0.092      0.710
  0.239   4.392   0.517      0.953      0.173      0.092      0.714
  0.240   4.410   0.519      0.958      0.174      0.093      0.718
  0.241   4.429   0.521      0.963      0.175      0.093      0.722
  0.242   4.447   0.523      0.969      0.176      0.094      0.726
  0.243   4.466   0.525      0.974      0.177      0.094      0.730
  0.244   4.484   0.528      0.979      0.178      0.095      0.734
  0.245   4.502   0.530      0.985      0.179      0.095      0.738
  0.246   4.521   0.532      0.990      0.180      0.096      0.742
  0.247   4.539   0.534      0.995      0.181      0.096      0.746
  0.248   4.557   0.536      1.001      0.182      0.097      0.750
  0.249   4.576   0.538      1.006      0.183      0.097      0.754
  0.250   4.594   0.540      1.011      0.184      0.098      0.758
  0.251   4.613   0.543      1.017      0.185      0.098      0.762
  0.252   4.631   0.545      1.022      0.186      0.099      0.766
  0.253   4.649   0.547      1.028      0.187      0.100      0.770
  0.254   4.668   0.549      1.033      0.188      0.100      0.774
  0.255   4.686   0.551      1.039      0.189      0.101      0.778
  0.256   4.704   0.553      1.044      0.190      0.101      0.783
  0.257   4.723   0.556      1.050      0.191      0.102      0.787
  0.258   4.741   0.558      1.055      0.192      0.102      0.791
  0.259   4.760   0.560      1.061      0.193      0.103      0.795
  0.260   4.778   0.562      1.066      0.194      0.103      0.799
  0.261   4.796   0.564      1.072      0.195      0.104      0.803
  0.262   4.815   0.566      1.077      0.196      0.104      0.807
  0.263   4.833   0.569      1.083      0.197      0.105      0.812
  0.264   4.851   0.571      1.088      0.198      0.105      0.816
  0.265   4.870   0.573      1.094      0.199      0.106      0.820
  0.266   4.888   0.575      1.100      0.200      0.106      0.824
  0.267   4.907   0.577      1.105      0.201      0.107      0.828
  0.268   4.925   0.579      1.111      0.202      0.108      0.833
  0.269   4.943   0.582      1.117      0.203      0.108      0.837
  0.270   4.962   0.584      1.122      0.204      0.109      0.841
  0.271   4.980   0.586      1.128      0.205      0.109      0.845
  0.272   4.999   0.588      1.134      0.206      0.110      0.850
  0.273   5.017   0.590      1.139      0.207      0.110      0.854
  0.274   5.035   0.592      1.145      0.208      0.111      0.858
  0.275   5.054   0.595      1.151      0.209      0.111      0.863
  0.276   5.072   0.597      1.157      0.210      0.112      0.867
  0.277   5.090   0.599      1.163      0.212      0.113      0.871
  0.278   5.109   0.601      1.168      0.213      0.113      0.876
  0.279   5.127   0.603      1.174      0.214      0.114      0.880
  0.280   5.146   0.605      1.180      0.215      0.114      0.884
  0.281   5.164   0.608      1.186      0.216      0.115      0.889
  0.282   5.182   0.610      1.192      0.217      0.115      0.893
  0.283   5.201   0.612      1.198      0.218      0.116      0.898
  0.284   5.219   0.614      1.204      0.219      0.117      0.902
  0.285   5.237   0.616      1.209      0.220      0.117      0.907
  0.286   5.256   0.618      1.215      0.221      0.118      0.911
  0.287   5.274   0.620      1.221      0.222      0.118      0.915
  0.288   5.293   0.623      1.227      0.223      0.119      0.920
  0.289   5.311   0.625      1.233      0.224      0.119      0.924
  0.290   5.329   0.627      1.239      0.225      0.120      0.929
  0.291   5.348   0.629      1.245      0.227      0.121      0.933
  0.292   5.366   0.631      1.251      0.228      0.121      0.938
  0.293   5.384   0.633      1.257      0.229      0.122      0.943
  0.294   5.403   0.636      1.264      0.230      0.122      0.947
  0.295   5.421   0.638      1.270      0.231      0.123      0.952
  0.296   5.440   0.640      1.276      0.232      0.124      0.956
  0.297   5.458   0.642      1.282      0.233      0.124      0.961
  0.298   5.476   0.644      1.288      0.234      0.125      0.965
  0.299   5.495   0.646      1.294      0.235      0.125      0.970
  0.300   5.513   0.649      1.300      0.237      0.126      0.975
  0.301   5.531   0.651      1.307      0.238      0.127      0.979
  0.302   5.550   0.653      1.313      0.239      0.127      0.984
  0.303   5.568   0.655      1.319      0.240      0.128      0.989
  0.304   5.587   0.657      1.325      0.241      0.128      0.993
  0.305   5.605   0.659      1.332      0.242      0.129      0.998
  0.306   5.623   0.662      1.338      0.243      0.130      1.003
  0.307   5.642   0.664      1.344      0.245      0.130      1.008
  0.308   5.660   0.666      1.351      0.246      0.131      1.012
  0.309   5.678   0.668      1.357      0.247      0.131      1.017
  0.310   5.697   0.670      1.363      0.248      0.132      1.022
  0.311   5.715   0.672      1.370      0.249      0.133      1.027
  0.312   5.734   0.675      1.376      0.250      0.133      1.031
  0.313   5.752   0.677      1.382      0.252      0.134      1.036
  0.314   5.770   0.679      1.389      0.253      0.135      1.041
  0.315   5.789   0.681      1.395      0.254      0.135      1.046
  0.316   5.807   0.683      1.402      0.255      0.136      1.051
  0.317   5.825   0.685      1.408      0.256      0.136      1.056
  0.318   5.844   0.688      1.415      0.257      0.137      1.060
  0.319   5.862   0.690      1.421      0.259      0.138      1.065
  0.320   5.881   0.692      1.428      0.260      0.138      1.070
  0.321   5.899   0.694      1.434      0.261      0.139      1.075
  0.322   5.917   0.696      1.441      0.262      0.140      1.080
  0.323   5.936   0.698      1.448      0.263      0.140      1.085
  0.324   5.954   0.700      1.454      0.265      0.141      1.090
  0.325   5.972   0.703      1.461      0.266      0.141      1.095
  0.326   5.991   0.705      1.468      0.267      0.142      1.100
  0.327   6.009   0.707      1.474      0.268      0.143      1.105
  0.328   6.028   0.709      1.481      0.269      0.143      1.110
  0.329   6.046   0.711      1.488      0.271      0.144      1.115
  0.330   6.064   0.713      1.494      0.272      0.145      1.120
  0.331   6.083   0.716      1.501      0.273      0.145      1.125
  0.332   6.101   0.718      1.508      0.274      0.146      1.130
  0.333   6.119   0.720      1.515      0.276      0.147      1.135
  0.334   6.138   0.722      1.522      0.277      0.147      1.141
  0.335   6.156   0.724      1.529      0.278      0.148      1.146
  0.336   6.175   0.726      1.535      0.279      0.149      1.151
  0.337   6.193   0.729      1.542      0.281      0.149      1.156
  0.338   6.211   0.731      1.549      0.282      0.150      1.161
  0.339   6.230   0.733      1.556      0.283      0.151      1.166
  0.340   6.248   0.735      1.563      0.284      0.151      1.172
  0.341   6.267   0.737      1.570      0.286      0.152      1.177
  0.342   6.285   0.739      1.577      0.287      0.153      1.182
  0.343   6.303   0.742      1.584      0.288      0.153      1.187
  0.344   6.322   0.744      1.591      0.290      0.154      1.193
  0.345   6.340   0.746      1.598      0.291      0.155      1.198
  0.346   6.358   0.748      1.605      0.292      0.155      1.203
  0.347   6.377   0.750      1.612      0.293      0.156      1.209
  0.348   6.395   0.752      1.620      0.295      0.157      1.214
  0.349   6.414   0.755      1.627      0.296      0.158      1.219
  0.350   6.432   0.757      1.634      0.297      0.158      1.225
  0.351   6.450   0.759      1.641      0.299      0.159      1.230
  0.352   6.469   0.761      1.648      0.300      0.160      1.235
  0.353   6.487   0.763      1.655      0.301      0.160      1.241
  0.354   6.505   0.765      1.663      0.303      0.161      1.246
  0.355   6.524   0.768      1.670      0.304      0.162      1.252
  0.356   6.542   0.770      1.677      0.305      0.162      1.257
  0.357   6.561   0.772      1.685      0.307      0.163      1.263
  0.358   6.579   0.774      1.692      0.308      0.164      1.268
  0.359   6.597   0.776      1.699      0.309      0.165      1.274
  0.360   6.616   0.778      1.707      0.311      0.165      1.279
  0.361   6.634   0.780      1.714      0.312      0.166      1.285
  0.362   6.652   0.783      1.722      0.313      0.167      1.290
  0.363   6.671   0.785      1.729      0.315      0.167      1.296
  0.364   6.689   0.787      1.737      0.316      0.168      1.302
  0.365   6.708   0.789      1.744      0.317      0.169      1.307
  0.366   6.726   0.791      1.752      0.319      0.170      1.313
  0.367   6.744   0.793      1.759      0.320      0.170      1.319
  0.368   6.763   0.796      1.767      0.321      0.171      1.324
  0.369   6.781   0.798      1.774      0.323      0.172      1.330
  0.370   6.799   0.800      1.782      0.324      0.173      1.336
  0.371   6.818   0.802      1.790      0.326      0.173      1.341
  0.372   6.836   0.804      1.797      0.327      0.174      1.347
  0.373   6.855   0.806      1.805      0.328      0.175      1.353
  0.374   6.873   0.809      1.813      0.330      0.176      1.359
  0.375   6.891   0.811      1.821      0.331      0.176      1.365
  0.376   6.910   0.813      1.828      0.333      0.177      1.370
  0.377   6.928   0.815      1.836      0.334      0.178      1.376
  0.378   6.946   0.817      1.844      0.336      0.179      1.382
  0.379   6.965   0.819      1.852      0.337      0.179      1.388
  0.380   6.983   0.822      1.860      0.338      0.180      1.394
  0.381   7.002   0.824      1.868      0.340      0.181      1.400
  0.382   7.020   0.826      1.876      0.341      0.182      1.406
  0.383   7.038   0.828      1.884      0.343      0.182      1.412
  0.384   7.057   0.830      1.891      0.344      0.183      1.418
  0.385   7.075   0.832      1.899      0.346      0.184      1.424
  0.386   7.093   0.835      1.908      0.347      0.185      1.430
  0.387   7.112   0.837      1.916      0.349      0.186      1.436
  0.388   7.130   0.839      1.924      0.350      0.186      1.442
  0.389   7.149   0.841      1.932      0.351      0.187      1.448
  0.390   7.167   0.843      1.940      0.353      0.188      1.454
  0.391   7.185   0.845      1.948      0.354      0.189      1.460
  0.392   7.204   0.847      1.956      0.356      0.189      1.466
  0.393   7.222   0.850      1.965      0.357      0.190      1.472
  0.394   7.240   0.852      1.973      0.359      0.191      1.479
  0.395   7.259   0.854      1.981      0.360      0.192      1.485
  0.396   7.277   0.856      1.989      0.362      0.193      1.491
  0.397   7.296   0.858      1.998      0.363      0.193      1.497
  0.398   7.314   0.860      2.006      0.365      0.194      1.504
  0.399   7.332   0.863      2.014      0.367      0.195      1.510
  0.400   7.351   0.865      2.023      0.368      0.196      1.516
  0.401   7.369   0.867      2.031      0.370      0.197      1.523
  0.402   7.388   0.869      2.040      0.371      0.198      1.529
  0.403   7.406   0.871      2.048      0.373      0.198      1.535
  0.404   7.424   0.873      2.057      0.374      0.199      1.542
  0.405   7.443   0.876      2.065      0.376      0.200      1.548
  0.406   7.461   0.878      2.074      0.377      0.201      1.554
  0.407   7.479   0.880      2.083      0.379      0.202      1.561
  0.408   7.498   0.882      2.091      0.380      0.203      1.567
  0.409   7.516   0.884      2.100      0.382      0.203      1.574
  0.410   7.535   0.886      2.109      0.384      0.204      1.580
  0.411   7.553   0.889      2.117      0.385      0.205      1.587
  0.412   7.571   0.891      2.126      0.387      0.206      1.594
  0.413   7.590   0.893      2.135      0.388      0.207      1.600
  0.414   7.608   0.895      2.144      0.390      0.208      1.607
  0.415   7.626   0.897      2.153      0.392      0.208      1.613
  0.416   7.645   0.899      2.161      0.393      0.209      1.620
  0.417   7.663   0.902      2.170      0.395      0.210      1.627
  0.418   7.682   0.904      2.179      0.397      0.211      1.633
  0.419   7.700   0.906      2.188      0.398      0.212      1.640
  0.420   7.718   0.908      2.197      0.400      0.213      1.647
  0.421   7.737   0.910      2.206      0.401      0.214      1.654
  0.422   7.755   0.912      2.215      0.403      0.215      1.660
  0.423   7.773   0.915      2.224      0.405      0.215      1.667
  0.424   7.792   0.917      2.234      0.406      0.216      1.674
  0.425   7.810   0.919      2.243      0.408      0.217      1.681
  0.426   7.829   0.921      2.252      0.410      0.218      1.688
  0.427   7.847   0.923      2.261      0.411      0.219      1.695
  0.428   7.865   0.925      2.270      0.413      0.220      1.702
  0.429   7.884   0.927      2.280      0.415      0.221      1.709
  0.430   7.902   0.930      2.289      0.416      0.222      1.716
  0.431   7.920   0.932      2.298      0.418      0.223      1.723
  0.432   7.939   0.934      2.308      0.420      0.224      1.730
  0.433   7.957   0.936      2.317      0.422      0.224      1.737
  0.434   7.976   0.938      2.327      0.423      0.225      1.744
  0.435   7.994   0.940      2.336      0.425      0.226      1.751
  0.436   8.012   0.943      2.346      0.427      0.227      1.758
  0.437   8.031   0.945      2.355      0.429      0.228      1.765
  0.438   8.049   0.947      2.365      0.430      0.229      1.772
  0.439   8.067   0.949      2.374      0.432      0.230      1.780
  0.440   8.086   0.951      2.384      0.434      0.231      1.787
  0.441   8.104   0.953      2.394      0.436      0.232      1.794
  0.442   8.123   0.956      2.403      0.437      0.233      1.801
  0.443   8.141   0.958      2.413      0.439      0.234      1.809
  0.444   8.159   0.960      2.423      0.441      0.235      1.816
  0.445   8.178   0.962      2.433      0.443      0.236      1.824
  0.446   8.196   0.964      2.443      0.444      0.237      1.831
  0.447   8.214   0.966      2.453      0.446      0.238      1.838
  0.448   8.233   0.969      2.463      0.448      0.238      1.846
  0.449   8.251   0.971      2.473      0.450      0.239      1.853
  0.450   8.270   0.973      2.483      0.452      0.240      1.861
  0.451   8.288   0.975      2.493      0.454      0.241      1.868
  0.452   8.306   0.977      2.503      0.455      0.242      1.876
  0.453   8.325   0.979      2.513      0.457      0.243      1.883
  0.454   8.343   0.982      2.523      0.459      0.244      1.891
  0.455   8.361   0.984      2.533      0.461      0.245      1.899
  0.456   8.380   0.986      2.543      0.463      0.246      1.906
  0.457   8.398   0.988      2.554      0.465      0.247      1.914
  0.458   8.417   0.990      2.564      0.467      0.248      1.922
  0.459   8.435   0.992      2.574      0.468      0.249      1.930
  0.460   8.453   0.995      2.585      0.470      0.250      1.937
  0.461   8.472   0.997      2.595      0.472      0.251      1.945
  0.462   8.490   0.999      2.606      0.474      0.252      1.953
  0.463   8.508   1.001      2.616      0.476      0.253      1.961
  0.464   8.527   1.003      2.627      0.478      0.254      1.969
  0.465   8.545   1.005      2.637      0.480      0.255      1.977
  0.466   8.564   1.007      2.648      0.482      0.256      1.985
  0.467   8.582   1.010      2.659      0.484      0.257      1.993
  0.468   8.600   1.012      2.669      0.486      0.259      2.001
  0.469   8.619   1.014      2.680      0.488      0.260      2.009
  0.470   8.637   1.016      2.691      0.490      0.261      2.017
  0.471   8.656   1.018      2.702      0.492      0.262      2.025
  0.472   8.674   1.020      2.712      0.494      0.263      2.033
  0.473   8.692   1.023      2.723      0.496      0.264      2.041
  0.474   8.711   1.025      2.734      0.498      0.265      2.049
  0.475   8.729   1.027      2.745      0.500      0.266      2.058
  0.476   8.747   1.029      2.756      0.502      0.267      2.066
  0.477   8.766   1.031      2.767      0.504      0.268      2.074
  0.478   8.784   1.033      2.779      0.506      0.269      2.083
  0.479   8.803   1.036      2.790      0.508      0.270      2.091
  0.480   8.821   1.038      2.801      0.510      0.271      2.099
  0.481   8.839   1.040      2.812      0.512      0.272      2.108
  0.482   8.858   1.042      2.823      0.514      0.273      2.116
  0.483   8.876   1.044      2.835      0.516      0.275      2.125
  0.484   8.894   1.046      2.846      0.518      0.276      2.133
  0.485   8.913   1.049      2.858      0.520      0.277      2.142
  0.486   8.931   1.051      2.869      0.522      0.278      2.150
  0.487   8.950   1.053      2.880      0.524      0.279      2.159
  0.488   8.968   1.055      2.892      0.526      0.280      2.168
  0.489   8.986   1.057      2.904      0.528      0.281      2.176
  0.490   9.005   1.059      2.915      0.530      0.282      2.185
  0.491   9.023   1.062      2.927      0.533      0.283      2.194
  0.492   9.041   1.064      2.939      0.535      0.285      2.203
  0.493   9.060   1.066      2.950      0.537      0.286      2.211
  0.494   9.078   1.068      2.962      0.539      0.287      2.220
  0.495   9.097   1.070      2.974      0.541      0.288      2.229
  0.496   9.115   1.072      2.986      0.543      0.289      2.238
  0.497   9.133   1.075      2.998      0.545      0.290      2.247
  0.498   9.152   1.077      3.010      0.548      0.292      2.256
  0.499   9.170   1.079      3.022      0.550      0.293      2.265
  0.500   9.188   1.081      3.034      0.552      0.294      2.274
  0.501   9.207   1.083      3.046      0.554      0.295      2.283
  0.502   9.225   1.085      3.059      0.557      0.296      2.293
  0.503   9.244   1.087      3.071      0.559      0.297      2.302
  0.504   9.262   1.090      3.083      0.561      0.299      2.311
  0.505   9.280   1.092      3.096      0.563      0.300      2.320
  0.506   9.299   1.094      3.108      0.565      0.301      2.330
  0.507   9.317   1.096      3.120      0.568      0.302      2.339
  0.508   9.335   1.098      3.133      0.570      0.303      2.348
  0.509   9.354   1.100      3.145      0.572      0.305      2.358
  0.510   9.372   1.103      3.158      0.575      0.306      2.367
  0.511   9.391   1.105      3.171      0.577      0.307      2.377
  0.512   9.409   1.107      3.183      0.579      0.308      2.386
  0.513   9.427   1.109      3.196      0.582      0.310      2.396
  0.514   9.446   1.111      3.209      0.584      0.311      2.405
  0.515   9.464   1.113      3.222      0.586      0.312      2.415
  0.516   9.482   1.116      3.235      0.589      0.313      2.425
  0.517   9.501   1.118      3.248      0.591      0.315      2.434
  0.518   9.519   1.120      3.261      0.593      0.316      2.444
  0.519   9.538   1.122      3.274      0.596      0.317      2.454
  0.520   9.556   1.124      3.287      0.598      0.318      2.464
  0.521   9.574   1.126      3.300      0.600      0.320      2.474
  0.522   9.593   1.129      3.314      0.603      0.321      2.484
  0.523   9.611   1.131      3.327      0.605      0.322      2.494
  0.524   9.629   1.133      3.340      0.608      0.323      2.504
  0.525   9.648   1.135      3.354      0.610      0.325      2.514
  0.526   9.666   1.137      3.367      0.613      0.326      2.524
  0.527   9.685   1.139      3.381      0.615      0.327      2.534
  0.528   9.703   1.142      3.394      0.618      0.329      2.544
  0.529   9.721   1.144      3.408      0.620      0.330      2.554
  0.530   9.740   1.146      3.422      0.623      0.331      2.565
  0.531   9.758   1.148      3.435      0.625      0.333      2.575
  0.532   9.776   1.150      3.449      0.628      0.334      2.585
  0.533   9.795   1.152      3.463      0.630      0.335      2.596
  0.534   9.813   1.154      3.477      0.633      0.337      2.606
  0.535   9.832   1.157      3.491      0.635      0.338      2.617
  0.536   9.850   1.159      3.505      0.638      0.339      2.627
  0.537   9.868   1.161      3.519      0.640      0.341      2.638
  0.538   9.887   1.163      3.533      0.643      0.342      2.648
  0.539   9.905   1.165      3.548      0.645      0.344      2.659
  0.540   9.924   1.167      3.562      0.648      0.345      2.670
  0.541   9.942   1.170      3.576      0.651      0.346      2.681
  0.542   9.960   1.172      3.591      0.653      0.348      2.691
  0.543   9.979   1.174      3.605      0.656      0.349      2.702
  0.544   9.997   1.176      3.620      0.659      0.351      2.713
  0.545  10.015   1.178      3.634      0.661      0.352      2.724
  0.546  10.034   1.180      3.649      0.664      0.353      2.735
  0.547  10.052   1.183      3.664      0.667      0.355      2.746
  0.548  10.071   1.185      3.679      0.669      0.356      2.757
  0.549  10.089   1.187      3.694      0.672      0.358      2.768
  0.550  10.107   1.189      3.709      0.675      0.359      2.780
  0.551  10.126   1.191      3.724      0.678      0.361      2.791
  0.552  10.144   1.193      3.739      0.680      0.362      2.802
  0.553  10.162   1.196      3.754      0.683      0.364      2.814
  0.554  10.181   1.198      3.769      0.686      0.365      2.825
  0.555  10.199   1.200      3.784      0.689      0.367      2.836
  0.556  10.218   1.202      3.800      0.691      0.368      2.848
  0.557  10.236   1.204      3.815      0.694      0.369      2.860
  0.558  10.254   1.206      3.831      0.697      0.371      2.871
  0.559  10.273   1.209      3.846      0.700      0.372      2.883
  0.560  10.291   1.211      3.862      0.703      0.374      2.895
  0.561  10.309   1.213      3.877      0.706      0.376      2.906
  0.562  10.328   1.215      3.893      0.708      0.377      2.918
  0.563  10.346   1.217      3.909      0.711      0.379      2.930
  0.564  10.365   1.219      3.925      0.714      0.380      2.942
  0.565  10.383   1.222      3.941      0.717      0.382      2.954
  0.566  10.401   1.224      3.957      0.720      0.383      2.966
  0.567  10.420   1.226      3.973      0.723      0.385      2.978
  0.568  10.438   1.228      3.989      0.726      0.386      2.990
  0.569  10.456   1.230      4.006      0.729      0.388      3.002
  0.570  10.475   1.232      4.022      0.732      0.390      3.015
  0.571  10.493   1.234      4.039      0.735      0.391      3.027
  0.572  10.512   1.237      4.055      0.738      0.393      3.039
  0.573  10.530   1.239      4.072      0.741      0.394      3.052
  0.574  10.548   1.241      4.088      0.744      0.396      3.064
  0.575  10.567   1.243      4.105      0.747      0.398      3.077
  0.576  10.585   1.245      4.122      0.750      0.399      3.090
  0.577  10.603   1.247      4.139      0.753      0.401      3.102
  0.578  10.622   1.250      4.156      0.756      0.402      3.115
  0.579  10.640   1.252      4.173      0.759      0.404      3.128
  0.580  10.659   1.254      4.190      0.762      0.406      3.141
  0.581  10.677   1.256      4.207      0.766      0.407      3.154
  0.582  10.695   1.258      4.225      0.769      0.409      3.167
  0.583  10.714   1.260      4.242      0.772      0.411      3.180
  0.584  10.732   1.263      4.260      0.775      0.413      3.193
  0.585  10.750   1.265      4.277      0.778      0.414      3.206
  0.586  10.769   1.267      4.295      0.781      0.416      3.219
  0.587  10.787   1.269      4.313      0.785      0.418      3.232
  0.588  10.806   1.271      4.330      0.788      0.419      3.246
  0.589  10.824   1.273      4.348      0.791      0.421      3.259
  0.590  10.842   1.276      4.366      0.794      0.423      3.273
  0.591  10.861   1.278      4.384      0.798      0.425      3.286
  0.592  10.879   1.280      4.403      0.801      0.426      3.300
  0.593  10.897   1.282      4.421      0.804      0.428      3.314
  0.594  10.916   1.284      4.439      0.808      0.430      3.327
  0.595  10.934   1.286      4.458      0.811      0.432      3.341
  0.596  10.953   1.289      4.476      0.814      0.434      3.355
  0.597  10.971   1.291      4.495      0.818      0.435      3.369
  0.598  10.989   1.293      4.514      0.821      0.437      3.383
  0.599  11.008   1.295      4.532      0.825      0.439      3.397
  0.600  11.026   1.297      4.551      0.828      0.441      3.411
  0.601  11.044   1.299      4.570      0.832      0.443      3.426
  0.602  11.063   1.302      4.590      0.835      0.444      3.440
  0.603  11.081   1.304      4.609      0.839      0.446      3.454
  0.604  11.100   1.306      4.628      0.842      0.448      3.469
  0.605  11.118   1.308      4.647      0.846      0.450      3.483
  0.606  11.136   1.310      4.667      0.849      0.452      3.498
  0.607  11.155   1.312      4.687      0.853      0.454      3.513
  0.608  11.173   1.314      4.706      0.856      0.456      3.527
  0.609  11.192   1.317      4.726      0.860      0.458      3.542
  0.610  11.210   1.319      4.746      0.864      0.460      3.557
  0.611  11.228   1.321      4.766      0.867      0.462      3.572
  0.612  11.247   1.323      4.786      0.871      0.464      3.587
  0.613  11.265   1.325      4.806      0.874      0.465      3.602
  0.614  11.283   1.327      4.827      0.878      0.467      3.618
  0.615  11.302   1.330      4.847      0.882      0.469      3.633
  0.616  11.320   1.332      4.867      0.886      0.471      3.648
  0.617  11.339   1.334      4.888      0.889      0.473      3.664
  0.618  11.357   1.336      4.909      0.893      0.475      3.679
  0.619  11.375   1.338      4.930      0.897      0.477      3.695
  0.620  11.394   1.340      4.951      0.901      0.479      3.711
  0.621  11.412   1.343      4.972      0.905      0.482      3.726
  0.622  11.430   1.345      4.993      0.908      0.484      3.742
  0.623  11.449   1.347      5.014      0.912      0.486      3.758
  0.624  11.467   1.349      5.036      0.916      0.488      3.774
  0.625  11.486   1.351      5.057      0.920      0.490      3.790
  0.626  11.504   1.353      5.079      0.924      0.492      3.807
  0.627  11.522   1.356      5.100      0.928      0.494      3.823
  0.628  11.541   1.358      5.122      0.932      0.496      3.839
  0.629  11.559   1.360      5.144      0.936      0.498      3.856
  0.630  11.577   1.362      5.166      0.940      0.500      3.872
  0.631  11.596   1.364      5.189      0.944      0.503      3.889
  0.632  11.614   1.366      5.211      0.948      0.505      3.906
  0.633  11.633   1.369      5.233      0.952      0.507      3.923
  0.634  11.651   1.371      5.256      0.956      0.509      3.940
  0.635  11.669   1.373      5.279      0.960      0.511      3.957
  0.636  11.688   1.375      5.302      0.965      0.513      3.974
  0.637  11.706   1.377      5.325      0.969      0.516      3.991
  0.638  11.724   1.379      5.348      0.973      0.518      4.008
  0.639  11.743   1.382      5.371      0.977      0.520      4.026
  0.640  11.761   1.384      5.394      0.981      0.522      4.043
  0.641  11.780   1.386      5.418      0.986      0.525      4.061
  0.642  11.798   1.388      5.441      0.990      0.527      4.078
  0.643  11.816   1.390      5.465      0.994      0.529      4.096
  0.644  11.835   1.392      5.489      0.999      0.532      4.114
  0.645  11.853   1.394      5.513      1.003      0.534      4.132
  0.646  11.871   1.397      5.537      1.007      0.536      4.150
  0.647  11.890   1.399      5.561      1.012      0.539      4.168
  0.648  11.908   1.401      5.586      1.016      0.541      4.187
  0.649  11.927   1.403      5.610      1.021      0.543      4.205
  0.650  11.945   1.405      5.635      1.025      0.546      4.224
  0.651  11.963   1.407      5.660      1.030      0.548      4.242
  0.652  11.982   1.410      5.685      1.034      0.551      4.261
  0.653  12.000   1.412      5.710      1.039      0.553      4.280
  0.654  12.018   1.414      5.735      1.044      0.555      4.299
  0.655  12.037   1.416      5.761      1.048      0.558      4.318
  0.656  12.055   1.418      5.786      1.053      0.560      4.337
  0.657  12.074   1.420      5.812      1.057      0.563      4.356
  0.658  12.092   1.423      5.838      1.062      0.565      4.376
  0.659  12.110   1.425      5.864      1.067      0.568      4.395
  0.660  12.129   1.427      5.890      1.072      0.570      4.415
  0.661  12.147   1.429      5.916      1.076      0.573      4.434
  0.662  12.165   1.431      5.943      1.081      0.576      4.454
  0.663  12.184   1.433      5.969      1.086      0.578      4.474
  0.664  12.202   1.436      5.996      1.091      0.581      4.494
  0.665  12.221   1.438      6.023      1.096      0.583      4.515
  0.666  12.239   1.440      6.050      1.101      0.586      4.535
  0.667  12.257   1.442      6.078      1.106      0.589      4.555
  0.668  12.276   1.444      6.105      1.111      0.591      4.576
  0.669  12.294   1.446      6.133      1.116      0.594      4.597
  0.670  12.313   1.449      6.160      1.121      0.597      4.617
  0.671  12.331   1.451      6.188      1.126      0.599      4.638
  0.672  12.349   1.453      6.217      1.131      0.602      4.659
  0.673  12.368   1.455      6.245      1.136      0.605      4.681
  0.674  12.386   1.457      6.273      1.141      0.608      4.702
  0.675  12.404   1.459      6.302      1.147      0.610      4.723
  0.676  12.423   1.462      6.331      1.152      0.613      4.745
  0.677  12.441   1.464      6.360      1.157      0.616      4.767
  0.678  12.460   1.466      6.389      1.162      0.619      4.789
  0.679  12.478   1.468      6.418      1.168      0.622      4.811
  0.680  12.496   1.470      6.448      1.173      0.624      4.833
  0.681  12.515   1.472      6.478      1.179      0.627      4.855
  0.682  12.533   1.474      6.507      1.184      0.630      4.878
  0.683  12.551   1.477      6.538      1.190      0.633      4.900
  0.684  12.570   1.479      6.568      1.195      0.636      4.923
  0.685  12.588   1.481      6.598      1.201      0.639      4.946
  0.686  12.607   1.483      6.629      1.206      0.642      4.969
  0.687  12.625   1.485      6.660      1.212      0.645      4.992
  0.688  12.643   1.487      6.691      1.217      0.648      5.015
  0.689  12.662   1.490      6.722      1.223      0.651      5.038
  0.690  12.680   1.492      6.754      1.229      0.654      5.062
  0.691  12.698   1.494      6.785      1.235      0.657      5.086
  0.692  12.717   1.496      6.817      1.240      0.660      5.110
  0.693  12.735   1.498      6.849      1.246      0.663      5.134
  0.694  12.754   1.500      6.882      1.252      0.666      5.158
  0.695  12.772   1.503      6.914      1.258      0.670      5.182
  0.696  12.790   1.505      6.947      1.264      0.673      5.207
  0.697  12.809   1.507      6.980      1.270      0.676      5.232
  0.698  12.827   1.509      7.013      1.276      0.679      5.256
  0.699  12.845   1.511      7.046      1.282      0.682      5.281
  0.700  12.864   1.513      7.080      1.288      0.686      5.307
  0.701  12.882   1.516      7.114      1.294      0.689      5.332
  0.702  12.901   1.518      7.148      1.301      0.692      5.357
  0.703  12.919   1.520      7.182      1.307      0.696      5.383
  0.704  12.937   1.522      7.217      1.313      0.699      5.409
  0.705  12.956   1.524      7.251      1.319      0.702      5.435
  0.706  12.974   1.526      7.286      1.326      0.706      5.461
  0.707  12.992   1.529      7.322      1.332      0.709      5.488
  0.708  13.011   1.531      7.357      1.339      0.713      5.514
  0.709  13.029   1.533      7.393      1.345      0.716      5.541
  0.710  13.048   1.535      7.429      1.352      0.719      5.568
  0.711  13.066   1.537      7.465      1.358      0.723      5.595
  0.712  13.084   1.539      7.501      1.365      0.726      5.622
  0.713  13.103   1.541      7.538      1.372      0.730      5.650
  0.714  13.121   1.544      7.575      1.378      0.734      5.678
  0.715  13.139   1.546      7.612      1.385      0.737      5.706
  0.716  13.158   1.548      7.650      1.392      0.741      5.734
  0.717  13.176   1.550      7.688      1.399      0.745      5.762
  0.718  13.195   1.552      7.726      1.406      0.748      5.790
  0.719  13.213   1.554      7.764      1.413      0.752      5.819
  0.720  13.231   1.557      7.802      1.420      0.756      5.848
  0.721  13.250   1.559      7.841      1.427      0.759      5.877
  0.722  13.268   1.561      7.880      1.434      0.763      5.907
  0.723  13.286   1.563      7.920      1.441      0.767      5.936
  0.724  13.305   1.565      7.959      1.448      0.771      5.966
  0.725  13.323   1.567      7.999      1.455      0.775      5.996
  0.726  13.342   1.570      8.040      1.463      0.779      6.026
  0.727  13.360   1.572      8.080      1.470      0.783      6.056
  0.728  13.378   1.574      8.121      1.478      0.787      6.087
  0.729  13.397   1.576      8.162      1.485      0.791      6.118
  0.730  13.415   1.578      8.204      1.493      0.795      6.149
  0.731  13.433   1.580      8.246      1.500      0.799      6.180
  0.732  13.452   1.583      8.288      1.508      0.803      6.212
  0.733  13.470   1.585      8.330      1.516      0.807      6.244
  0.734  13.489   1.587      8.373      1.523      0.811      6.276
  0.735  13.507   1.589      8.416      1.531      0.815      6.308
  0.736  13.525   1.591      8.459      1.539      0.819      6.340
  0.737  13.544   1.593      8.503      1.547      0.823      6.373
  0.738  13.562   1.596      8.547      1.555      0.828      6.406
  0.739  13.581   1.598      8.591      1.563      0.832      6.439
  0.740  13.599   1.600      8.636      1.571      0.836      6.473
  0.741  13.617   1.602      8.681      1.580      0.841      6.507
  0.742  13.636   1.604      8.726      1.588      0.845      6.541
  0.743  13.654   1.606      8.772      1.596      0.850      6.575
  0.744  13.672   1.609      8.818      1.604      0.854      6.610
  0.745  13.691   1.611      8.865      1.613      0.859      6.644
  0.746  13.709   1.613      8.912      1.621      0.863      6.680
  0.747  13.728   1.615      8.959      1.630      0.868      6.715
  0.748  13.746   1.617      9.006      1.639      0.872      6.751
  0.749  13.764   1.619      9.054      1.647      0.877      6.787
  0.750  13.783   1.621      9.103      1.656      0.882      6.823
  0.751  13.801   1.624      9.152      1.665      0.886      6.859
  0.752  13.819   1.626      9.201      1.674      0.891      6.896
  0.753  13.838   1.628      9.250      1.683      0.896      6.933
  0.754  13.856   1.630      9.300      1.692      0.901      6.971
  0.755  13.875   1.632      9.350      1.701      0.906      7.008
  0.756  13.893   1.634      9.401      1.711      0.910      7.046
  0.757  13.911   1.637      9.452      1.720      0.915      7.085
  0.758  13.930   1.639      9.504      1.729      0.920      7.124
  0.759  13.948   1.641      9.556      1.739      0.925      7.163
  0.760  13.966   1.643      9.608      1.748      0.931      7.202
  0.761  13.985   1.645      9.661      1.758      0.936      7.241
  0.762  14.003   1.647      9.715      1.768      0.941      7.281
  0.763  14.022   1.650      9.769      1.777      0.946      7.322
  0.764  14.040   1.652      9.823      1.787      0.951      7.362
  0.765  14.058   1.654      9.877      1.797      0.957      7.403
  0.766  14.077   1.656      9.933      1.807      0.962      7.445
  0.767  14.095   1.658      9.988      1.817      0.967      7.487
  0.768  14.113   1.660     10.044      1.828      0.973      7.529
  0.769  14.132   1.663     10.101      1.838      0.978      7.571
  0.770  14.150   1.665     10.158      1.848      0.984      7.614
  0.771  14.169   1.667     10.216      1.859      0.989      7.657
  0.772  14.187   1.669     10.274      1.869      0.995      7.701
  0.773  14.205   1.671     10.333      1.880      1.001      7.745
  0.774  14.224   1.673     10.392      1.891      1.006      7.789
  0.775  14.242   1.676     10.451      1.902      1.012      7.834
  0.776  14.260   1.678     10.512      1.913      1.018      7.879
  0.777  14.279   1.680     10.572      1.924      1.024      7.924
  0.778  14.297   1.682     10.634      1.935      1.030      7.970
  0.779  14.316   1.684     10.695      1.946      1.036      8.017
  0.780  14.334   1.686     10.758      1.957      1.042      8.063
  0.781  14.352   1.689     10.821      1.969      1.048      8.110
  0.782  14.371   1.691     10.884      1.980      1.054      8.158
  0.783  14.389   1.693     10.949      1.992      1.060      8.206
  0.784  14.407   1.695     11.013      2.004      1.067      8.255
  0.785  14.426   1.697     11.079      2.016      1.073      8.304
  0.786  14.444   1.699     11.145      2.028      1.079      8.353
  0.787  14.463   1.701     11.211      2.040      1.086      8.403
  0.788  14.481   1.704     11.278      2.052      1.092      8.453
  0.789  14.499   1.706     11.346      2.064      1.099      8.504
  0.790  14.518   1.708     11.415      2.077      1.105      8.556
  0.791  14.536   1.710     11.484      2.089      1.112      8.607
  0.792  14.554   1.712     11.554      2.102      1.119      8.660
  0.793  14.573   1.714     11.624      2.115      1.126      8.713
  0.794  14.591   1.717     11.695      2.128      1.133      8.766
  0.795  14.610   1.719     11.767      2.141      1.140      8.820
  0.796  14.628   1.721     11.840      2.154      1.147      8.874
  0.797  14.646   1.723     11.913      2.168      1.154      8.929
  0.798  14.665   1.725     11.987      2.181      1.161      8.984
  0.799  14.683   1.727     12.062      2.195      1.168      9.040
  0.800  14.701   1.730     12.137      2.208      1.175      9.097
  0.801  14.720   1.732     12.213      2.222      1.183      9.154
  0.802  14.738   1.734     12.290      2.236      1.190      9.212
  0.803  14.757   1.736     12.368      2.250      1.198      9.270
  0.804  14.775   1.738     12.447      2.265      1.205      9.329
  0.805  14.793   1.740     12.526      2.279      1.213      9.389
  0.806  14.812   1.743     12.606      2.294      1.221      9.449
  0.807  14.830   1.745     12.687      2.308      1.229      9.509
  0.808  14.849   1.747     12.769      2.323      1.237      9.571
  0.809  14.867   1.749     12.852      2.338      1.245      9.633
  0.810  14.885   1.751     12.936      2.354      1.253      9.696
  0.811  14.904   1.753     13.020      2.369      1.261      9.759
  0.812  14.922   1.756     13.105      2.385      1.269      9.823
  0.813  14.940   1.758     13.192      2.400      1.278      9.888
  0.814  14.959   1.760     13.279      2.416      1.286      9.953
  0.815  14.977   1.762     13.367      2.432      1.295     10.019
  0.816  14.996   1.764     13.456      2.448      1.303     10.086
  0.817  15.014   1.766     13.546      2.465      1.312     10.153
  0.818  15.032   1.769     13.638      2.481      1.321     10.222
  0.819  15.051   1.771     13.730      2.498      1.330     10.291
  0.820  15.069   1.773     13.823      2.515      1.339     10.361
  0.821  15.087   1.775     13.917      2.532      1.348     10.431
  0.822  15.106   1.777     14.012      2.550      1.357     10.502
  0.823  15.124   1.779     14.108      2.567      1.366     10.575
  0.824  15.143   1.781     14.206      2.585      1.376     10.648
  0.825  15.161   1.784     14.304      2.603      1.385     10.722
  0.826  15.179   1.786     14.404      2.621      1.395     10.796
  0.827  15.198   1.788     14.505      2.639      1.405     10.872
  0.828  15.216   1.790     14.607      2.658      1.415     10.948
  0.829  15.234   1.792     14.710      2.676      1.425     11.026
  0.830  15.253   1.794     14.814      2.695      1.435     11.104
  0.831  15.271   1.797     14.920      2.715      1.445     11.183
  0.832  15.290   1.799     15.027      2.734      1.455     11.263
  0.833  15.308   1.801     15.135      2.754      1.466     11.344
  0.834  15.326   1.803     15.244      2.774      1.476     11.426
  0.835  15.345   1.805     15.355      2.794      1.487     11.509
  0.836  15.363   1.807     15.467      2.814      1.498     11.593
  0.837  15.381   1.810     15.581      2.835      1.509     11.678
  0.838  15.400   1.812     15.696      2.856      1.520     11.764
  0.839  15.418   1.814     15.812      2.877      1.531     11.852
  0.840  15.437   1.816     15.930      2.898      1.543     11.940
  0.841  15.455   1.818     16.049      2.920      1.554     12.029
  0.842  15.473   1.820     16.170      2.942      1.566     12.120
  0.843  15.492   1.823     16.292      2.964      1.578     12.211
  0.844  15.510   1.825     16.416      2.987      1.590     12.304
  0.845  15.528   1.827     16.542      3.010      1.602     12.398
  0.846  15.547   1.829     16.669      3.033      1.614     12.494
  0.847  15.565   1.831     16.798      3.056      1.627     12.590
  0.848  15.584   1.833     16.928      3.080      1.639     12.688
  0.849  15.602   1.836     17.060      3.104      1.652     12.787
  0.850  15.620   1.838     17.194      3.128      1.665     12.887
  0.851  15.639   1.840     17.330      3.153      1.678     12.989
  0.852  15.657   1.842     17.468      3.178      1.692     13.092
  0.853  15.675   1.844     17.607      3.204      1.705     13.197
  0.854  15.694   1.846     17.748      3.229      1.719     13.303
  0.855  15.712   1.848     17.892      3.255      1.733     13.410
  0.856  15.731   1.851     18.037      3.282      1.747     13.519
  0.857  15.749   1.853     18.184      3.309      1.761     13.630
  0.858  15.767   1.855     18.334      3.336      1.776     13.742
  0.859  15.786   1.857     18.485      3.363      1.790     13.855
  0.860  15.804   1.859     18.639      3.391      1.805     13.970
  0.861  15.822   1.861     18.795      3.420      1.820     14.087
  0.862  15.841   1.864     18.953      3.449      1.836     14.206
  0.863  15.859   1.866     19.114      3.478      1.851     14.326
  0.864  15.878   1.868     19.276      3.507      1.867     14.448
  0.865  15.896   1.870     19.442      3.537      1.883     14.572
  0.866  15.914   1.872     19.609      3.568      1.899     14.698
  0.867  15.933   1.874     19.780      3.599      1.916     14.825
  0.868  15.951   1.877     19.953      3.630      1.932     14.955
  0.869  15.969   1.879     20.128      3.662      1.949     15.087
  0.870  15.988   1.881     20.306      3.695      1.967     15.220
  0.871  16.006   1.883     20.487      3.728      1.984     15.356
  0.872  16.025   1.885     20.671      3.761      2.002     15.493
  0.873  16.043   1.887     20.858      3.795      2.020     15.633
  0.874  16.061   1.890     21.047      3.830      2.038     15.775
  0.875  16.080   1.892     21.240      3.865      2.057     15.920
  0.876  16.098   1.894     21.436      3.900      2.076     16.067
  0.877  16.117   1.896     21.635      3.936      2.095     16.216
  0.878  16.135   1.898     21.837      3.973      2.115     16.367
  0.879  16.153   1.900     22.042      4.011      2.135     16.521
  0.880  16.172   1.903     22.251      4.049      2.155     16.678
  0.881  16.190   1.905     22.464      4.087      2.176     16.837
  0.882  16.208   1.907     22.680      4.127      2.197     16.999
  0.883  16.227   1.909     22.900      4.167      2.218     17.164
  0.884  16.245   1.911     23.123      4.207      2.239     17.331
  0.885  16.264   1.913     23.351      4.249      2.261     17.502
  0.886  16.282   1.916     23.582      4.291      2.284     17.675
  0.887  16.300   1.918     23.818      4.334      2.307     17.852
  0.888  16.319   1.920     24.057      4.377      2.330     18.032
  0.889  16.337   1.922     24.301      4.422      2.354     18.215
  0.890  16.355   1.924     24.550      4.467      2.378     18.401
  0.891  16.374   1.926     24.803      4.513      2.402     18.591
  0.892  16.392   1.928     25.061      4.560      2.427     18.784
  0.893  16.411   1.931     25.323      4.608      2.453     18.981
  0.894  16.429   1.933     25.591      4.656      2.478     19.181
  0.895  16.447   1.935     25.863      4.706      2.505     19.385
  0.896  16.466   1.937     26.141      4.756      2.532     19.594
  0.897  16.484   1.939     26.425      4.808      2.559     19.806
  0.898  16.502   1.941     26.713      4.861      2.587     20.022
  0.899  16.521   1.944     27.008      4.914      2.616     20.243
  0.900  16.539   1.946     27.308      4.969      2.645     20.468
  0.901  16.558   1.948     27.615      5.025      2.674     20.698
  0.902  16.576   1.950     27.928      5.081      2.705     20.932
  0.903  16.594   1.952     28.247      5.140      2.736     21.172
  0.904  16.613   1.954     28.573      5.199      2.767     21.416
  0.905  16.631   1.957     28.905      5.259      2.799     21.665
  0.906  16.649   1.959     29.245      5.321      2.832     21.920
  0.907  16.668   1.961     29.592      5.384      2.866     22.180
  0.908  16.686   1.963     29.947      5.449      2.900     22.446
  0.909  16.705   1.965     30.309      5.515      2.935     22.718
  0.910  16.723   1.967     30.680      5.582      2.971     22.995
  0.911  16.741   1.970     31.059      5.651      3.008     23.279
  0.912  16.760   1.972     31.446      5.722      3.045     23.570
  0.913  16.778   1.974     31.842      5.794      3.084     23.867
  0.914  16.796   1.976     32.248      5.868      3.123     24.171
  0.915  16.815   1.978     32.663      5.943      3.163     24.482
  0.916  16.833   1.980     33.088      6.020      3.205     24.800
  0.917  16.852   1.983     33.523      6.100      3.247     25.126
  0.918  16.870   1.985     33.969      6.181      3.290     25.461
  0.919  16.888   1.987     34.426      6.264      3.334     25.803
  0.920  16.907   1.989     34.894      6.349      3.379     26.154
  0.921  16.925   1.991     35.374      6.436      3.426     26.514
  0.922  16.943   1.993     35.867      6.526      3.474     26.883
  0.923  16.962   1.996     36.372      6.618      3.523     27.262
  0.924  16.980   1.998     36.890      6.712      3.573     27.650
  0.925  16.999   2.000     37.423      6.809      3.624     28.049
  0.926  17.017   2.002     37.969      6.909      3.677     28.459
  0.927  17.035   2.004     38.531      7.011      3.732     28.880
  0.928  17.054   2.006     39.108      7.116      3.788     29.313
  0.929  17.072   2.008     39.702      7.224      3.845     29.758
  0.930  17.090   2.011     40.312      7.335      3.904     30.215
  0.931  17.109   2.013     40.941      7.449      3.965     30.686
  0.932  17.127   2.015     41.587      7.567      4.028     31.171
  0.933  17.146   2.017     42.253      7.688      4.092     31.670
  0.934  17.164   2.019     42.939      7.813      4.159     32.184
  0.935  17.182   2.021     43.647      7.942      4.227     32.714
  0.936  17.201   2.024     44.376      8.074      4.298     33.261
  0.937  17.219   2.026     45.129      8.211      4.371     33.825
  0.938  17.238   2.028     45.905      8.353      4.446     34.407
  0.939  17.256   2.030     46.708      8.499      4.524     35.009
  0.940  17.274   2.032     47.537      8.649      4.604     35.630
  0.941  17.293   2.034     48.394      8.805      4.687     36.273
  0.942  17.311   2.037     49.281      8.967      4.773     36.937
  0.943  17.329   2.039     50.198      9.134      4.862     37.625
  0.944  17.348   2.041     51.149      9.307      4.954     38.338
  0.945  17.366   2.043     52.134      9.486      5.049     39.076
  0.946  17.385   2.045     53.156      9.672      5.148     39.842
  0.947  17.403   2.047     54.216      9.865      5.251     40.636
  0.948  17.421   2.050     55.317     10.065      5.357     41.462
  0.949  17.440   2.052     56.461     10.273      5.468     42.319
  0.950  17.458   2.054     57.651     10.490      5.583     43.211
  0.951  17.476   2.056     58.889     10.715      5.703     44.139
  0.952  17.495   2.058     60.180     10.950      5.828     45.106
  0.953  17.513   2.060     61.525     11.194      5.959     46.114
  0.954  17.532   2.063     62.928     11.450      6.094     47.166
  0.955  17.550   2.065     64.394     11.716      6.236     48.265
  0.956  17.568   2.067     65.926     11.995      6.385     49.414
  0.957  17.587   2.069     67.530     12.287      6.540     50.616
  0.958  17.605   2.071     69.210     12.593      6.703     51.875
  0.959  17.623   2.073     70.972     12.913      6.874     53.196
  0.960  17.642   2.076     72.822     13.250      7.053     54.582
  0.961  17.660   2.078     74.767     13.604      7.241     56.040
  0.962  17.679   2.080     76.815     13.976      7.439     57.575
  0.963  17.697   2.082     78.973     14.369      7.648     59.192
  0.964  17.715   2.084     81.251     14.784      7.869     60.900
  0.965  17.734   2.086     83.659     15.222      8.102     62.705
  0.966  17.752   2.088     86.209     15.686      8.349     64.616
  0.967  17.770   2.091     88.913     16.178      8.611     66.643
  0.968  17.789   2.093     91.787     16.701      8.889     68.797
  0.969  17.807   2.095     94.845     17.257      9.186     71.089
  0.970  17.826   2.097     98.108     17.851      9.502     73.535
  0.971  17.844   2.099    101.596     18.485      9.839     76.149
  0.972  17.862   2.101    105.332     19.165     10.201     78.949
  0.973  17.881   2.104    109.346     19.896     10.590     81.958
  0.974  17.899   2.106    113.668     20.682     11.009     85.197
  0.975  17.917   2.108    118.336     21.531     11.461     88.696
  0.976  17.936   2.110    123.394     22.452     11.950     92.487
  0.977  17.954   2.112    128.890     23.452     12.483     96.607
  0.978  17.973   2.114    134.887     24.543     13.064    101.101
  0.979  17.991   2.117    141.455     25.738     13.700    106.024
  0.980  18.009   2.119    148.679     27.052     14.399    111.439
  0.981  18.028   2.121    156.664     28.505     15.173    117.424
  0.982  18.046   2.123    165.536     30.119     16.032    124.074
  0.983  18.064   2.125    175.452     31.924     16.992    131.506
  0.984  18.083   2.127    186.608     33.953     18.073    139.867
  0.985  18.101   2.130    199.250     36.254     19.297    149.344
  0.986  18.120   2.132    213.699     38.883     20.696    160.173
  0.987  18.138   2.134    230.371     41.916     22.311    172.670
  0.988  18.156   2.136    249.822     45.455     24.195    187.248
  0.989  18.175   2.138    272.809     49.638     26.421    204.478
  0.990  18.193   2.140    300.393     54.657     29.093    225.153
  0.991  18.211   2.143    334.108     60.791     32.358    250.423
  0.992  18.230   2.145    376.251     68.459     36.439    282.010
  0.993  18.248   2.147    430.435     78.318     41.687    322.622
  0.994  18.267   2.149    502.680     91.463     48.684    376.772
  0.995  18.285   2.151    603.824    109.866     58.479    452.582
  0.996  18.303   2.153    755.540    137.471     73.173    566.298
  0.997  18.322   2.155   1008.402    183.479     97.662    755.825
  0.998  18.340   2.158   1514.132    275.497    146.641   1134.883
  0.999  18.358   2.160   3031.369    551.559    293.583   2272.093
