1 100.00    0.30     NaN        NaN        NaN     NaN     NaN  0.000E+00        NaN        NaN        NaN        NaN
1 100.00    0.40     NaN        NaN        NaN     NaN     NaN  0.000E+00        NaN        NaN        NaN        NaN
1 100.00    0.50     NaN        NaN        NaN     NaN     NaN  0.000E+00        NaN        NaN        NaN        NaN
1 100.00    0.60     NaN        NaN        NaN     NaN     NaN  0.000E+00        NaN        NaN        NaN        NaN
1 100.00    0.70     NaN        NaN        NaN     NaN     NaN  0.000E+00        NaN        NaN        NaN        NaN
1 100.00    0.80     NaN        NaN        NaN     NaN     NaN  0.000E+00 -0.737E-02  0.000E+00 -0.526E-01        NaN
1 100.00    0.90     NaN        NaN        NaN     NaN     NaN  0.000E+00 -0.168E-01  0.000E+00 -0.120E+00        NaN
1 100.00    1.00     NaN        NaN        NaN     NaN     NaN  0.000E+00  0.323E-04  0.000E+00  0.231E-03        NaN
1 100.00    1.10     NaN        NaN        NaN     NaN     NaN  0.000E+00  0.000E+00  0.000E+00  0.000E+00        NaN
1 100.00    1.20     NaN        NaN        NaN     NaN     NaN  0.000E+00  0.000E+00  0.000E+00  0.000E+00        NaN
1 100.00    1.30     NaN        NaN        NaN     NaN     NaN  0.000E+00  0.000E+00  0.000E+00  0.000E+00        NaN
1 100.00    1.40     NaN        NaN        NaN     NaN     NaN  0.000E+00  0.000E+00  0.000E+00  0.000E+00        NaN
1 100.00    1.50     NaN        NaN        NaN     NaN     NaN  0.000E+00  0.000E+00  0.000E+00  0.000E+00        NaN
1 100.00    1.60     NaN        NaN        NaN     NaN     NaN  0.000E+00  0.000E+00  0.000E+00  0.000E+00        NaN
1 100.00    1.70     NaN        NaN        NaN     NaN     NaN  0.000E+00  0.000E+00  0.000E+00  0.000E+00        NaN
1 100.00    1.80     NaN        NaN        NaN     NaN     NaN  0.000E+00  0.000E+00  0.000E+00  0.000E+00        NaN
1 100.00    2.00     NaN        NaN        NaN     NaN     NaN  0.000E+00  0.000E+00  0.000E+00  0.000E+00        NaN
1 100.00    0.30     NaN        NaN        NaN     NaN     NaN  0.000E+00        NaN        NaN        NaN        NaN
1 100.00    0.40     NaN        NaN        NaN     NaN     NaN  0.000E+00        NaN        NaN        NaN        NaN
1 100.00    0.50     NaN        NaN        NaN     NaN     NaN  0.000E+00        NaN        NaN        NaN        NaN
1 100.00    0.60     NaN        NaN        NaN     NaN     NaN  0.000E+00        NaN        NaN        NaN        NaN
1 100.00    0.70     NaN        NaN        NaN     NaN     NaN  0.000E+00        NaN        NaN        NaN        NaN
1 100.00    0.80     NaN        NaN        NaN     NaN     NaN  0.000E+00 -0.737E-02  0.000E+00 -0.526E-01        NaN
1 100.00    0.90     NaN        NaN        NaN     NaN     NaN  0.000E+00 -0.168E-01  0.000E+00 -0.120E+00        NaN
1 100.00    1.00     NaN        NaN        NaN     NaN     NaN  0.000E+00  0.323E-04  0.000E+00  0.231E-03        NaN
1 100.00    1.10     NaN        NaN        NaN     NaN     NaN  0.000E+00  0.000E+00  0.000E+00  0.000E+00        NaN
1 100.00    1.20     NaN        NaN        NaN     NaN     NaN  0.000E+00  0.000E+00  0.000E+00  0.000E+00        NaN
1 100.00    1.30     NaN        NaN        NaN     NaN     NaN  0.000E+00  0.000E+00  0.000E+00  0.000E+00        NaN
1 100.00    1.40     NaN        NaN        NaN     NaN     NaN  0.000E+00  0.000E+00  0.000E+00  0.000E+00        NaN
1 100.00    1.50     NaN        NaN        NaN     NaN     NaN  0.000E+00  0.000E+00  0.000E+00  0.000E+00        NaN
1 100.00    1.60     NaN        NaN        NaN     NaN     NaN  0.000E+00  0.000E+00  0.000E+00  0.000E+00        NaN
1 100.00    1.70     NaN        NaN        NaN     NaN     NaN  0.000E+00  0.000E+00  0.000E+00  0.000E+00        NaN
1 100.00    1.80     NaN        NaN        NaN     NaN     NaN  0.000E+00  0.000E+00  0.000E+00  0.000E+00        NaN
1 100.00    2.00     NaN        NaN        NaN     NaN     NaN  0.000E+00  0.000E+00  0.000E+00  0.000E+00        NaN
1 100.00    0.30     NaN        NaN        NaN     NaN     NaN  0.000E+00        NaN        NaN        NaN        NaN
1 100.00    0.40     NaN        NaN        NaN     NaN     NaN  0.000E+00        NaN        NaN        NaN        NaN
1 100.00    0.50     NaN        NaN        NaN     NaN     NaN  0.000E+00        NaN        NaN        NaN        NaN
1 100.00    0.60     NaN        NaN        NaN     NaN     NaN  0.000E+00        NaN        NaN        NaN        NaN
1 100.00    0.70     NaN        NaN        NaN     NaN     NaN  0.000E+00        NaN        NaN        NaN        NaN
1 100.00    0.80     NaN        NaN        NaN     NaN     NaN  0.000E+00 -0.737E-02  0.000E+00 -0.526E-01        NaN
1 100.00    0.90     NaN        NaN        NaN     NaN     NaN  0.000E+00 -0.168E-01  0.000E+00 -0.120E+00        NaN
1 100.00    1.00     NaN        NaN        NaN     NaN     NaN  0.000E+00  0.323E-04  0.000E+00  0.231E-03        NaN
1 100.00    1.10     NaN        NaN        NaN     NaN     NaN  0.000E+00  0.000E+00  0.000E+00  0.000E+00        NaN
1 100.00    1.20     NaN        NaN        NaN     NaN     NaN  0.000E+00  0.000E+00  0.000E+00  0.000E+00        NaN
1 100.00    1.30     NaN        NaN        NaN     NaN     NaN  0.000E+00  0.000E+00  0.000E+00  0.000E+00        NaN
1 100.00    1.40     NaN        NaN        NaN     NaN     NaN  0.000E+00  0.000E+00  0.000E+00  0.000E+00        NaN
1 100.00    1.50     NaN        NaN        NaN     NaN     NaN  0.000E+00  0.000E+00  0.000E+00  0.000E+00        NaN
1 100.00    1.60     NaN        NaN        NaN     NaN     NaN  0.000E+00  0.000E+00  0.000E+00  0.000E+00        NaN
1 100.00    1.70     NaN        NaN        NaN     NaN     NaN  0.000E+00  0.000E+00  0.000E+00  0.000E+00        NaN
1 100.00    1.80     NaN        NaN        NaN     NaN     NaN  0.000E+00  0.000E+00  0.000E+00  0.000E+00        NaN
1 100.00    2.00     NaN        NaN        NaN     NaN     NaN  0.000E+00  0.000E+00  0.000E+00  0.000E+00        NaN
1 100.00    0.30     NaN        NaN        NaN     NaN     NaN  0.000E+00        NaN        NaN        NaN        NaN
1 100.00    0.40     NaN        NaN        NaN     NaN     NaN  0.000E+00        NaN        NaN        NaN        NaN
1 100.00    0.50     NaN        NaN        NaN     NaN     NaN  0.000E+00        NaN        NaN        NaN        NaN
1 100.00    0.60     NaN        NaN        NaN     NaN     NaN  0.000E+00        NaN        NaN        NaN        NaN
1 100.00    0.70     NaN        NaN        NaN     NaN     NaN  0.000E+00        NaN        NaN        NaN        NaN
1 100.00    0.80     NaN        NaN        NaN     NaN     NaN  0.000E+00 -0.737E-02  0.000E+00 -0.526E-01        NaN
1 100.00    0.90     NaN        NaN        NaN     NaN     NaN  0.000E+00 -0.168E-01  0.000E+00 -0.120E+00        NaN
1 100.00    1.00     NaN        NaN        NaN     NaN     NaN  0.000E+00  0.323E-04  0.000E+00  0.231E-03        NaN
1 100.00    1.10     NaN        NaN        NaN     NaN     NaN  0.000E+00  0.000E+00  0.000E+00  0.000E+00        NaN
1 100.00    1.20     NaN        NaN        NaN     NaN     NaN  0.000E+00  0.000E+00  0.000E+00  0.000E+00        NaN
1 100.00    1.30     NaN        NaN        NaN     NaN     NaN  0.000E+00  0.000E+00  0.000E+00  0.000E+00        NaN
1 100.00    1.40     NaN        NaN        NaN     NaN     NaN  0.000E+00  0.000E+00  0.000E+00  0.000E+00        NaN
1 100.00    1.50     NaN        NaN        NaN     NaN     NaN  0.000E+00  0.000E+00  0.000E+00  0.000E+00        NaN
1 100.00    1.60     NaN        NaN        NaN     NaN     NaN  0.000E+00  0.000E+00  0.000E+00  0.000E+00        NaN
1 100.00    1.70     NaN        NaN        NaN     NaN     NaN  0.000E+00  0.000E+00  0.000E+00  0.000E+00        NaN
1 100.00    1.80     NaN        NaN        NaN     NaN     NaN  0.000E+00  0.000E+00  0.000E+00  0.000E+00        NaN
1 100.00    2.00     NaN        NaN        NaN     NaN     NaN  0.000E+00  0.000E+00  0.000E+00  0.000E+00        NaN
1 100.00    0.30     NaN        NaN        NaN     NaN     NaN  0.000E+00        NaN        NaN        NaN        NaN
1 100.00    0.40     NaN        NaN        NaN     NaN     NaN  0.000E+00        NaN        NaN        NaN        NaN
1 100.00    0.50     NaN        NaN        NaN     NaN     NaN  0.000E+00        NaN        NaN        NaN        NaN
1 100.00    0.60     NaN        NaN        NaN     NaN     NaN  0.000E+00        NaN        NaN        NaN        NaN
1 100.00    0.70     NaN        NaN        NaN     NaN     NaN  0.000E+00        NaN        NaN        NaN        NaN
1 100.00    0.80     NaN        NaN        NaN     NaN     NaN  0.000E+00 -0.737E-02  0.000E+00 -0.526E-01        NaN
1 100.00    0.90     NaN        NaN        NaN     NaN     NaN  0.000E+00 -0.168E-01  0.000E+00 -0.120E+00        NaN
1 100.00    1.00     NaN        NaN        NaN     NaN     NaN  0.000E+00  0.323E-04  0.000E+00  0.231E-03        NaN
1 100.00    1.10     NaN        NaN        NaN     NaN     NaN  0.000E+00  0.000E+00  0.000E+00  0.000E+00        NaN
1 100.00    1.20     NaN        NaN        NaN     NaN     NaN  0.000E+00  0.000E+00  0.000E+00  0.000E+00        NaN
1 100.00    1.30     NaN        NaN        NaN     NaN     NaN  0.000E+00  0.000E+00  0.000E+00  0.000E+00        NaN
1 100.00    1.40     NaN        NaN        NaN     NaN     NaN  0.000E+00  0.000E+00  0.000E+00  0.000E+00        NaN
1 100.00    1.50     NaN        NaN        NaN     NaN     NaN  0.000E+00  0.000E+00  0.000E+00  0.000E+00        NaN
1 100.00    1.60     NaN        NaN        NaN     NaN     NaN  0.000E+00  0.000E+00  0.000E+00  0.000E+00        NaN
1 100.00    1.70     NaN        NaN        NaN     NaN     NaN  0.000E+00  0.000E+00  0.000E+00  0.000E+00        NaN
1 100.00    1.80     NaN        NaN        NaN     NaN     NaN  0.000E+00  0.000E+00  0.000E+00  0.000E+00        NaN
1 100.00    2.00     NaN        NaN        NaN     NaN     NaN  0.000E+00  0.000E+00  0.000E+00  0.000E+00        NaN
2   1.80    0.30   -0.34  0.790E-02  0.287E-02    1.15    0.13  0.820E+07  0.667E-03  0.243E-03  0.476E-02 -0.608E-03
2   1.80    0.40   -0.34  0.349E-02  0.111E-02    1.09    0.14  0.420E+08  0.134E-02  0.426E-03  0.959E-02 -0.900E-03
2   1.80    0.50   -0.34  0.296E-02  0.868E-03    1.04    0.15  0.585E+08  0.189E-02  0.553E-03  0.135E-01 -0.818E-03
2   1.80    0.60   -0.34  0.292E-02  0.143E-02    0.99    0.16  0.600E+08  0.225E-02  0.111E-02  0.161E-01 -0.518E-03
2   1.80    0.70   -0.34  0.289E-02  0.292E-02    0.95    0.16  0.612E+08  0.234E-02  0.236E-02  0.167E-01 -0.235E-03
2   1.80    0.80   -0.34  0.285E-02  0.559E-02    0.92    0.16  0.625E+08 -0.737E-02  0.145E-01 -0.526E-01  0.000E+00
2   1.80    0.90   -0.34  0.283E-02  0.891E-02    0.90    0.16  0.622E+08 -0.168E-01  0.529E-01 -0.120E+00  0.000E+00
2   1.80    1.00   -0.34  0.308E-02  0.106E-01    0.88    0.16  0.536E+08  0.323E-04  0.111E-03  0.231E-03 -0.000E+00
2   1.80    1.10   -0.34  0.381E-02  0.100E-01    0.87    0.16  0.362E+08  0.145E-01  0.381E-01  0.104E+00 -0.000E+00
2   1.80    1.20   -0.34  0.475E-02  0.684E-02    0.85    0.16  0.237E+08  0.291E-01  0.419E-01  0.208E+00 -0.000E+00
2   1.80    1.30   -0.34  0.568E-02  0.541E-02    0.84    0.16  0.167E+08  0.436E-01  0.416E-01  0.312E+00 -0.000E+00
2   1.80    1.40   -0.34  0.672E-02  0.385E-02    0.83    0.16  0.119E+08  0.581E-01  0.333E-01  0.415E+00 -0.000E+00
2   1.80    1.50   -0.34  0.797E-02  0.333E-02    0.83    0.17  0.844E+07  0.729E-01  0.304E-01  0.520E+00 -0.000E+00
2   1.80    1.60   -0.34  0.854E-02  0.220E-02    0.82    0.16  0.735E+07  0.873E-01  0.225E-01  0.623E+00 -0.000E+00
2   1.80    1.70   -0.34  0.975E-02  0.161E-02    0.81    0.16  0.562E+07  0.102E+00  0.168E-01  0.728E+00 -0.000E+00
2   1.80    1.80   -0.34  0.106E-01  0.175E-02    0.81    0.16  0.471E+07  0.116E+00  0.192E-01  0.832E+00 -0.000E+00
2   1.80    2.00   -0.34  0.697E-02  0.629E-03    0.80    0.16  0.132E+08  0.140E+00  0.126E-01  0.100E+01 -0.000E+00
2 100.00    0.30     NaN        NaN        NaN    1.15    0.13  0.000E+00  0.667E-03  0.243E-03  0.476E-02 -0.608E-03
2 100.00    0.40     NaN        NaN        NaN    1.09    0.14  0.000E+00  0.134E-02  0.426E-03  0.959E-02 -0.900E-03
2 100.00    0.50     NaN        NaN        NaN    1.04    0.15  0.000E+00  0.189E-02  0.553E-03  0.135E-01 -0.818E-03
2 100.00    0.60     NaN        NaN        NaN    0.99    0.16  0.000E+00  0.225E-02  0.111E-02  0.161E-01 -0.518E-03
2 100.00    0.70     NaN        NaN        NaN    0.95    0.16  0.000E+00  0.234E-02  0.236E-02  0.167E-01 -0.235E-03
2 100.00    0.80     NaN        NaN        NaN    0.92    0.16  0.000E+00 -0.737E-02  0.145E-01 -0.526E-01  0.000E+00
2 100.00    0.90     NaN        NaN        NaN    0.90    0.16  0.000E+00 -0.168E-01  0.529E-01 -0.120E+00  0.000E+00
2 100.00    1.00     NaN        NaN        NaN    0.88    0.16  0.000E+00  0.323E-04  0.111E-03  0.231E-03 -0.000E+00
2 100.00    1.10     NaN        NaN        NaN    0.87    0.16  0.000E+00  0.145E-01  0.381E-01  0.104E+00 -0.000E+00
2 100.00    1.20     NaN        NaN        NaN    0.85    0.16  0.000E+00  0.291E-01  0.419E-01  0.208E+00 -0.000E+00
2 100.00    1.30     NaN        NaN        NaN    0.84    0.16  0.000E+00  0.436E-01  0.416E-01  0.312E+00 -0.000E+00
2 100.00    1.40     NaN        NaN        NaN    0.83    0.16  0.000E+00  0.581E-01  0.333E-01  0.415E+00 -0.000E+00
2 100.00    1.50     NaN        NaN        NaN    0.83    0.17  0.000E+00  0.729E-01  0.304E-01  0.520E+00 -0.000E+00
2 100.00    1.60     NaN        NaN        NaN    0.82    0.16  0.000E+00  0.873E-01  0.225E-01  0.623E+00 -0.000E+00
2 100.00    1.70     NaN        NaN        NaN    0.81    0.16  0.000E+00  0.102E+00  0.168E-01  0.728E+00 -0.000E+00
2 100.00    1.80     NaN        NaN        NaN    0.81    0.16  0.000E+00  0.116E+00  0.192E-01  0.832E+00 -0.000E+00
2 100.00    2.00     NaN        NaN        NaN    0.80    0.16  0.000E+00  0.140E+00  0.126E-01  0.100E+01 -0.000E+00
2 100.00    0.30     NaN        NaN        NaN    1.15    0.13  0.000E+00  0.667E-03  0.243E-03  0.476E-02 -0.608E-03
2 100.00    0.40     NaN        NaN        NaN    1.09    0.14  0.000E+00  0.134E-02  0.426E-03  0.959E-02 -0.900E-03
2 100.00    0.50     NaN        NaN        NaN    1.04    0.15  0.000E+00  0.189E-02  0.553E-03  0.135E-01 -0.818E-03
2 100.00    0.60     NaN        NaN        NaN    0.99    0.16  0.000E+00  0.225E-02  0.111E-02  0.161E-01 -0.518E-03
2 100.00    0.70     NaN        NaN        NaN    0.95    0.16  0.000E+00  0.234E-02  0.236E-02  0.167E-01 -0.235E-03
2 100.00    0.80     NaN        NaN        NaN    0.92    0.16  0.000E+00 -0.737E-02  0.145E-01 -0.526E-01  0.000E+00
2 100.00    0.90     NaN        NaN        NaN    0.90    0.16  0.000E+00 -0.168E-01  0.529E-01 -0.120E+00  0.000E+00
2 100.00    1.00     NaN        NaN        NaN    0.88    0.16  0.000E+00  0.323E-04  0.111E-03  0.231E-03 -0.000E+00
2 100.00    1.10     NaN        NaN        NaN    0.87    0.16  0.000E+00  0.145E-01  0.381E-01  0.104E+00 -0.000E+00
2 100.00    1.20     NaN        NaN        NaN    0.85    0.16  0.000E+00  0.291E-01  0.419E-01  0.208E+00 -0.000E+00
2 100.00    1.30     NaN        NaN        NaN    0.84    0.16  0.000E+00  0.436E-01  0.416E-01  0.312E+00 -0.000E+00
2 100.00    1.40     NaN        NaN        NaN    0.83    0.16  0.000E+00  0.581E-01  0.333E-01  0.415E+00 -0.000E+00
2 100.00    1.50     NaN        NaN        NaN    0.83    0.17  0.000E+00  0.729E-01  0.304E-01  0.520E+00 -0.000E+00
2 100.00    1.60     NaN        NaN        NaN    0.82    0.16  0.000E+00  0.873E-01  0.225E-01  0.623E+00 -0.000E+00
2 100.00    1.70     NaN        NaN        NaN    0.81    0.16  0.000E+00  0.102E+00  0.168E-01  0.728E+00 -0.000E+00
2 100.00    1.80     NaN        NaN        NaN    0.81    0.16  0.000E+00  0.116E+00  0.192E-01  0.832E+00 -0.000E+00
2 100.00    2.00     NaN        NaN        NaN    0.80    0.16  0.000E+00  0.140E+00  0.126E-01  0.100E+01 -0.000E+00
2 100.00    0.30     NaN        NaN        NaN    1.15    0.13  0.000E+00  0.667E-03  0.243E-03  0.476E-02 -0.608E-03
2 100.00    0.40     NaN        NaN        NaN    1.09    0.14  0.000E+00  0.134E-02  0.426E-03  0.959E-02 -0.900E-03
2 100.00    0.50     NaN        NaN        NaN    1.04    0.15  0.000E+00  0.189E-02  0.553E-03  0.135E-01 -0.818E-03
2 100.00    0.60     NaN        NaN        NaN    0.99    0.16  0.000E+00  0.225E-02  0.111E-02  0.161E-01 -0.518E-03
2 100.00    0.70     NaN        NaN        NaN    0.95    0.16  0.000E+00  0.234E-02  0.236E-02  0.167E-01 -0.235E-03
2 100.00    0.80     NaN        NaN        NaN    0.92    0.16  0.000E+00 -0.737E-02  0.145E-01 -0.526E-01  0.000E+00
2 100.00    0.90     NaN        NaN        NaN    0.90    0.16  0.000E+00 -0.168E-01  0.529E-01 -0.120E+00  0.000E+00
2 100.00    1.00     NaN        NaN        NaN    0.88    0.16  0.000E+00  0.323E-04  0.111E-03  0.231E-03 -0.000E+00
2 100.00    1.10     NaN        NaN        NaN    0.87    0.16  0.000E+00  0.145E-01  0.381E-01  0.104E+00 -0.000E+00
2 100.00    1.20     NaN        NaN        NaN    0.85    0.16  0.000E+00  0.291E-01  0.419E-01  0.208E+00 -0.000E+00
2 100.00    1.30     NaN        NaN        NaN    0.84    0.16  0.000E+00  0.436E-01  0.416E-01  0.312E+00 -0.000E+00
2 100.00    1.40     NaN        NaN        NaN    0.83    0.16  0.000E+00  0.581E-01  0.333E-01  0.415E+00 -0.000E+00
2 100.00    1.50     NaN        NaN        NaN    0.83    0.17  0.000E+00  0.729E-01  0.304E-01  0.520E+00 -0.000E+00
2 100.00    1.60     NaN        NaN        NaN    0.82    0.16  0.000E+00  0.873E-01  0.225E-01  0.623E+00 -0.000E+00
2 100.00    1.70     NaN        NaN        NaN    0.81    0.16  0.000E+00  0.102E+00  0.168E-01  0.728E+00 -0.000E+00
2 100.00    1.80     NaN        NaN        NaN    0.81    0.16  0.000E+00  0.116E+00  0.192E-01  0.832E+00 -0.000E+00
2 100.00    2.00     NaN        NaN        NaN    0.80    0.16  0.000E+00  0.140E+00  0.126E-01  0.100E+01 -0.000E+00
2 100.00    0.30     NaN        NaN        NaN    1.15    0.13  0.000E+00  0.667E-03  0.243E-03  0.476E-02 -0.608E-03
2 100.00    0.40     NaN        NaN        NaN    1.09    0.14  0.000E+00  0.134E-02  0.426E-03  0.959E-02 -0.900E-03
2 100.00    0.50     NaN        NaN        NaN    1.04    0.15  0.000E+00  0.189E-02  0.553E-03  0.135E-01 -0.818E-03
2 100.00    0.60     NaN        NaN        NaN    0.99    0.16  0.000E+00  0.225E-02  0.111E-02  0.161E-01 -0.518E-03
2 100.00    0.70     NaN        NaN        NaN    0.95    0.16  0.000E+00  0.234E-02  0.236E-02  0.167E-01 -0.235E-03
2 100.00    0.80     NaN        NaN        NaN    0.92    0.16  0.000E+00 -0.737E-02  0.145E-01 -0.526E-01  0.000E+00
2 100.00    0.90     NaN        NaN        NaN    0.90    0.16  0.000E+00 -0.168E-01  0.529E-01 -0.120E+00  0.000E+00
2 100.00    1.00     NaN        NaN        NaN    0.88    0.16  0.000E+00  0.323E-04  0.111E-03  0.231E-03 -0.000E+00
2 100.00    1.10     NaN        NaN        NaN    0.87    0.16  0.000E+00  0.145E-01  0.381E-01  0.104E+00 -0.000E+00
2 100.00    1.20     NaN        NaN        NaN    0.85    0.16  0.000E+00  0.291E-01  0.419E-01  0.208E+00 -0.000E+00
2 100.00    1.30     NaN        NaN        NaN    0.84    0.16  0.000E+00  0.436E-01  0.416E-01  0.312E+00 -0.000E+00
2 100.00    1.40     NaN        NaN        NaN    0.83    0.16  0.000E+00  0.581E-01  0.333E-01  0.415E+00 -0.000E+00
2 100.00    1.50     NaN        NaN        NaN    0.83    0.17  0.000E+00  0.729E-01  0.304E-01  0.520E+00 -0.000E+00
2 100.00    1.60     NaN        NaN        NaN    0.82    0.16  0.000E+00  0.873E-01  0.225E-01  0.623E+00 -0.000E+00
2 100.00    1.70     NaN        NaN        NaN    0.81    0.16  0.000E+00  0.102E+00  0.168E-01  0.728E+00 -0.000E+00
2 100.00    1.80     NaN        NaN        NaN    0.81    0.16  0.000E+00  0.116E+00  0.192E-01  0.832E+00 -0.000E+00
2 100.00    2.00     NaN        NaN        NaN    0.80    0.16  0.000E+00  0.140E+00  0.126E-01  0.100E+01 -0.000E+00
