 0.000E+00  0.990E+02  0.735E+01  0.110E+02  0.670E+01  0.528E+00   Infinity  0.000E+00  0.000E+00  0.000E+00  0.000E+00        NaN  0.000E+00        NaN        NaN        NaN        NaN  0.000E+00  0.000E+00  0.000E+00  0.000E+00  0.000E+00        NaN  0.000E+00
 0.100E-01  0.990E+02  0.735E+01  0.110E+02  0.670E+01  0.528E+00  0.980E+04  0.664E-25  0.665E-25  0.167E-21  0.409E-22  0.109E-02  0.143E-21  0.359E+03  0.308E+03  0.359E+03  0.613E-22  0.845E+10  0.846E+10  0.654E+12  0.708E+13  0.000E+00  0.000E+00  0.000E+00
 0.200E-01  0.990E+02  0.735E+01  0.110E+02  0.670E+01  0.528E+00  0.485E+04  0.328E-24  0.329E-24  0.889E-21  0.216E-21  0.102E-02  0.762E-21  0.386E+03  0.329E+03  0.386E+03  0.324E-21  0.418E+11  0.419E+11  0.346E+13  0.377E+14  0.000E+00  0.000E+00  0.000E+00
 0.300E-01  0.990E+02  0.735E+01  0.110E+02  0.670E+01  0.528E+00  0.320E+04  0.925E-24  0.927E-24  0.249E-20  0.606E-21  0.102E-02  0.213E-20  0.384E+03  0.327E+03  0.384E+03  0.909E-21  0.118E+12  0.118E+12  0.970E+13  0.106E+15  0.000E+00  0.000E+00  0.000E+00
 0.400E-01  0.990E+02  0.735E+01  0.110E+02  0.670E+01  0.528E+00  0.238E+04  0.197E-23  0.198E-23  0.526E-20  0.128E-20  0.103E-02  0.450E-20  0.380E+03  0.323E+03  0.380E+03  0.192E-20  0.251E+12  0.252E+12  0.205E+14  0.223E+15  0.000E+00  0.000E+00  0.000E+00
 0.500E-01  0.990E+02  0.735E+01  0.110E+02  0.670E+01  0.528E+00  0.188E+04  0.370E-23  0.370E-23  0.941E-20  0.229E-20  0.108E-02  0.807E-20  0.363E+03  0.309E+03  0.363E+03  0.343E-20  0.471E+12  0.472E+12  0.366E+14  0.400E+15  0.000E+00  0.000E+00  0.000E+00
 0.600E-01  0.990E+02  0.735E+01  0.110E+02  0.670E+01  0.528E+00  0.155E+04  0.641E-23  0.642E-23  0.151E-19  0.368E-20  0.117E-02  0.130E-19  0.336E+03  0.286E+03  0.336E+03  0.552E-20  0.817E+12  0.818E+12  0.589E+14  0.642E+15  0.000E+00  0.000E+00  0.000E+00
 0.700E-01  0.990E+02  0.735E+01  0.110E+02  0.670E+01  0.528E+00  0.132E+04  0.101E-22  0.101E-22  0.225E-19  0.548E-20  0.123E-02  0.193E-19  0.318E+03  0.271E+03  0.318E+03  0.822E-20  0.129E+13  0.129E+13  0.878E+14  0.957E+15  0.000E+00  0.000E+00  0.000E+00
 0.800E-01  0.990E+02  0.735E+01  0.110E+02  0.670E+01  0.528E+00  0.114E+04  0.154E-22  0.154E-22  0.317E-19  0.771E-20  0.133E-02  0.272E-19  0.295E+03  0.251E+03  0.295E+03  0.116E-19  0.196E+13  0.196E+13  0.123E+15  0.135E+16  0.000E+00  0.000E+00  0.000E+00
 0.900E-01  0.990E+02  0.735E+01  0.110E+02  0.670E+01  0.528E+00  0.100E+04  0.225E-22  0.225E-22  0.426E-19  0.104E-19  0.145E-02  0.365E-19  0.270E+03  0.230E+03  0.270E+03  0.155E-19  0.287E+13  0.287E+13  0.166E+15  0.181E+16  0.000E+00  0.000E+00  0.000E+00
 0.100E+00  0.990E+02  0.735E+01  0.110E+02  0.670E+01  0.528E+00  0.892E+03  0.321E-22  0.321E-22  0.552E-19  0.134E-19  0.160E-02  0.473E-19  0.245E+03  0.209E+03  0.245E+03  0.201E-19  0.409E+13  0.409E+13  0.215E+15  0.234E+16  0.000E+00  0.000E+00  0.000E+00
 0.110E+00  0.990E+02  0.735E+01  0.110E+02  0.670E+01  0.528E+00  0.802E+03  0.446E-22  0.446E-22  0.693E-19  0.169E-19  0.177E-02  0.594E-19  0.222E+03  0.189E+03  0.222E+03  0.253E-19  0.568E+13  0.568E+13  0.270E+15  0.294E+16  0.000E+00  0.000E+00  0.000E+00
 0.120E+00  0.990E+02  0.735E+01  0.110E+02  0.670E+01  0.528E+00  0.727E+03  0.614E-22  0.615E-22  0.848E-19  0.206E-19  0.199E-02  0.727E-19  0.197E+03  0.168E+03  0.197E+03  0.310E-19  0.782E+13  0.783E+13  0.330E+15  0.360E+16  0.000E+00  0.000E+00  0.000E+00
 0.130E+00  0.990E+02  0.735E+01  0.110E+02  0.670E+01  0.528E+00  0.663E+03  0.803E-22  0.804E-22  0.101E-18  0.247E-19  0.217E-02  0.869E-19  0.180E+03  0.154E+03  0.180E+03  0.370E-19  0.102E+14  0.102E+14  0.395E+15  0.430E+16  0.000E+00  0.000E+00  0.000E+00
 0.140E+00  0.990E+02  0.735E+01  0.110E+02  0.670E+01  0.528E+00  0.609E+03  0.107E-21  0.107E-21  0.119E-18  0.289E-19  0.247E-02  0.102E-18  0.159E+03  0.135E+03  0.159E+03  0.434E-19  0.136E+14  0.136E+14  0.463E+15  0.504E+16  0.000E+00  0.000E+00  0.000E+00
 0.150E+00  0.990E+02  0.735E+01  0.110E+02  0.670E+01  0.528E+00  0.562E+03  0.137E-21  0.137E-21  0.137E-18  0.333E-19  0.275E-02  0.117E-18  0.142E+03  0.122E+03  0.142E+03  0.500E-19  0.174E+14  0.175E+14  0.534E+15  0.580E+16  0.000E+00  0.000E+00  0.000E+00
 0.160E+00  0.990E+02  0.735E+01  0.110E+02  0.670E+01  0.528E+00  0.521E+03  0.178E-21  0.178E-21  0.155E-18  0.377E-19  0.316E-02  0.133E-18  0.124E+03  0.106E+03  0.124E+03  0.566E-19  0.227E+14  0.227E+14  0.604E+15  0.657E+16  0.000E+00  0.000E+00  0.000E+00
 0.170E+00  0.990E+02  0.735E+01  0.110E+02  0.670E+01  0.528E+00  0.484E+03  0.223E-21  0.224E-21  0.173E-18  0.421E-19  0.355E-02  0.148E-18  0.110E+03  0.942E+02  0.110E+03  0.632E-19  0.285E+14  0.285E+14  0.674E+15  0.732E+16  0.000E+00  0.000E+00  0.000E+00
 0.180E+00  0.990E+02  0.735E+01  0.110E+02  0.670E+01  0.528E+00  0.452E+03  0.281E-21  0.281E-21  0.190E-18  0.463E-19  0.406E-02  0.163E-18  0.963E+02  0.823E+02  0.963E+02  0.695E-19  0.358E+14  0.358E+14  0.742E+15  0.805E+16  0.000E+00  0.000E+00  0.000E+00
 0.190E+00  0.990E+02  0.735E+01  0.110E+02  0.670E+01  0.528E+00  0.423E+03  0.348E-21  0.349E-21  0.206E-18  0.502E-19  0.463E-02  0.176E-18  0.843E+02  0.721E+02  0.843E+02  0.754E-19  0.444E+14  0.444E+14  0.804E+15  0.873E+16  0.000E+00  0.000E+00  0.000E+00
 0.200E+00  0.990E+02  0.735E+01  0.110E+02  0.670E+01  0.528E+00  0.397E+03  0.432E-21  0.433E-21  0.220E-18  0.538E-19  0.537E-02  0.189E-18  0.727E+02  0.622E+02  0.727E+02  0.807E-19  0.551E+14  0.551E+14  0.861E+15  0.934E+16  0.000E+00  0.000E+00  0.000E+00
 0.210E+00  0.990E+02  0.735E+01  0.110E+02  0.670E+01  0.528E+00  0.373E+03  0.530E-21  0.530E-21  0.233E-18  0.569E-19  0.622E-02  0.199E-18  0.626E+02  0.536E+02  0.626E+02  0.853E-19  0.675E+14  0.675E+14  0.910E+15  0.987E+16  0.000E+00  0.000E+00  0.000E+00
 0.220E+00  0.990E+02  0.735E+01  0.110E+02  0.670E+01  0.528E+00  0.352E+03  0.640E-21  0.640E-21  0.243E-18  0.593E-19  0.720E-02  0.208E-18  0.541E+02  0.463E+02  0.541E+02  0.890E-19  0.815E+14  0.815E+14  0.950E+15  0.103E+17  0.000E+00  0.000E+00  0.000E+00
 0.230E+00  0.990E+02  0.735E+01  0.110E+02  0.670E+01  0.528E+00  0.332E+03  0.775E-21  0.775E-21  0.250E-18  0.611E-19  0.845E-02  0.214E-18  0.460E+02  0.394E+02  0.460E+02  0.917E-19  0.987E+14  0.987E+14  0.979E+15  0.106E+17  0.000E+00  0.000E+00  0.000E+00
 0.240E+00  0.990E+02  0.735E+01  0.110E+02  0.670E+01  0.528E+00  0.314E+03  0.930E-21  0.929E-21  0.254E-18  0.621E-19  0.996E-02  0.217E-18  0.390E+02  0.334E+02  0.390E+02  0.932E-19  0.118E+15  0.118E+15  0.995E+15  0.108E+17  0.000E+00  0.000E+00  0.000E+00
 0.250E+00  0.990E+02  0.735E+01  0.110E+02  0.670E+01  0.528E+00  0.298E+03  0.111E-20  0.111E-20  0.254E-18  0.623E-19  0.119E-01  0.218E-18  0.326E+02  0.280E+02  0.326E+02  0.934E-19  0.142E+15  0.142E+15  0.997E+15  0.108E+17  0.000E+00  0.000E+00  0.000E+00
 0.260E+00  0.990E+02  0.735E+01  0.110E+02  0.670E+01  0.528E+00  0.283E+03  0.131E-20  0.131E-20  0.251E-18  0.615E-19  0.142E-01  0.215E-18  0.273E+02  0.234E+02  0.273E+02  0.922E-19  0.167E+15  0.167E+15  0.985E+15  0.106E+17  0.000E+00  0.000E+00  0.000E+00
 0.270E+00  0.990E+02  0.735E+01  0.110E+02  0.670E+01  0.528E+00  0.269E+03  0.155E-20  0.155E-20  0.243E-18  0.597E-19  0.172E-01  0.208E-18  0.224E+02  0.193E+02  0.224E+02  0.895E-19  0.197E+15  0.197E+15  0.956E+15  0.103E+17  0.000E+00  0.000E+00  0.000E+00
 0.280E+00  0.990E+02  0.735E+01  0.110E+02  0.670E+01  0.528E+00  0.255E+03  0.183E-20  0.183E-20  0.232E-18  0.569E-19  0.212E-01  0.198E-18  0.181E+02  0.156E+02  0.181E+02  0.853E-19  0.233E+15  0.233E+15  0.911E+15  0.983E+16  0.000E+00  0.000E+00  0.000E+00
 0.290E+00  0.990E+02  0.735E+01  0.110E+02  0.670E+01  0.528E+00  0.243E+03  0.214E-20  0.214E-20  0.216E-18  0.530E-19  0.265E-01  0.185E-18  0.144E+02  0.124E+02  0.144E+02  0.795E-19  0.272E+15  0.272E+15  0.848E+15  0.915E+16  0.000E+00  0.000E+00  0.000E+00
 0.300E+00  0.990E+02  0.735E+01  0.110E+02  0.670E+01  0.528E+00  0.232E+03  0.250E-20  0.250E-20  0.195E-18  0.480E-19  0.339E-01  0.167E-18  0.112E+02  0.962E+01  0.112E+02  0.720E-19  0.318E+15  0.318E+15  0.769E+15  0.829E+16  0.000E+00  0.000E+00  0.000E+00
 0.310E+00  0.990E+02  0.735E+01  0.110E+02  0.670E+01  0.528E+00  0.221E+03  0.290E-20  0.290E-20  0.171E-18  0.420E-19  0.445E-01  0.146E-18  0.842E+01  0.726E+01  0.842E+01  0.631E-19  0.369E+15  0.369E+15  0.673E+15  0.725E+16  0.000E+00  0.000E+00  0.000E+00
 0.320E+00  0.990E+02  0.735E+01  0.110E+02  0.670E+01  0.528E+00  0.211E+03  0.336E-20  0.335E-20  0.142E-18  0.351E-19  0.608E-01  0.122E-18  0.606E+01  0.523E+01  0.606E+01  0.526E-19  0.427E+15  0.427E+15  0.561E+15  0.604E+16  0.000E+00  0.000E+00  0.000E+00
 0.330E+00  0.990E+02  0.735E+01  0.110E+02  0.670E+01  0.528E+00  0.202E+03  0.387E-20  0.387E-20  0.110E-18  0.272E-19  0.879E-01  0.945E-19  0.407E+01  0.351E+01  0.407E+01  0.408E-19  0.493E+15  0.493E+15  0.435E+15  0.468E+16  0.000E+00  0.000E+00  0.000E+00
 0.340E+00  0.990E+02  0.735E+01  0.110E+02  0.670E+01  0.528E+00  0.193E+03  0.445E-20  0.444E-20  0.750E-19  0.185E-19  0.140E+00  0.643E-19  0.241E+01  0.208E+01  0.241E+01  0.278E-19  0.566E+15  0.565E+15  0.296E+15  0.318E+16  0.000E+00  0.000E+00  0.000E+00
 0.350E+00  0.990E+02  0.735E+01  0.110E+02  0.670E+01  0.528E+00  0.185E+03  0.510E-20  0.509E-20  0.373E-19  0.920E-20  0.273E+00  0.319E-19  0.105E+01  0.904E+00  0.105E+01  0.138E-19  0.649E+15  0.648E+15  0.147E+15  0.158E+16  0.000E+00  0.000E+00  0.000E+00
 0.360E+00  0.990E+02  0.735E+01  0.110E+02  0.670E+01  0.528E+00  0.177E+03  0.585E-20  0.584E-20  0.000E+00  0.000E+00  0.100E+01  0.000E+00  0.000E+00  0.000E+00  0.000E+00  0.000E+00  0.744E+15  0.743E+15  0.000E+00  0.000E+00  0.000E+00  0.000E+00  0.000E+00
 0.370E+00  0.990E+02  0.735E+01  0.110E+02  0.670E+01  0.528E+00  0.169E+03  0.665E-20  0.664E-20  0.000E+00  0.000E+00  0.100E+01  0.000E+00  0.000E+00  0.000E+00  0.000E+00  0.000E+00  0.847E+15  0.846E+15  0.000E+00  0.000E+00  0.000E+00  0.000E+00  0.000E+00
 0.380E+00  0.990E+02  0.735E+01  0.110E+02  0.670E+01  0.528E+00  0.162E+03  0.753E-20  0.752E-20  0.000E+00  0.000E+00  0.100E+01  0.000E+00  0.000E+00  0.000E+00  0.000E+00  0.000E+00  0.959E+15  0.957E+15  0.000E+00  0.000E+00  0.000E+00  0.000E+00  0.000E+00
 0.390E+00  0.990E+02  0.735E+01  0.110E+02  0.670E+01  0.528E+00  0.156E+03  0.857E-20  0.856E-20  0.000E+00  0.000E+00  0.100E+01  0.000E+00  0.000E+00  0.000E+00  0.000E+00  0.000E+00  0.109E+16  0.109E+16  0.000E+00  0.000E+00  0.000E+00  0.000E+00  0.000E+00
 0.400E+00  0.990E+02  0.735E+01  0.110E+02  0.670E+01  0.528E+00  0.149E+03  0.966E-20  0.964E-20  0.000E+00  0.000E+00  0.100E+01  0.000E+00  0.000E+00  0.000E+00  0.000E+00  0.000E+00  0.123E+16  0.123E+16  0.000E+00  0.000E+00  0.000E+00  0.000E+00  0.000E+00
 0.410E+00  0.990E+02  0.735E+01  0.110E+02  0.670E+01  0.528E+00  0.143E+03  0.110E-19  0.109E-19  0.000E+00  0.000E+00  0.100E+01  0.000E+00  0.000E+00  0.000E+00  0.000E+00  0.000E+00  0.140E+16  0.139E+16  0.000E+00  0.000E+00  0.000E+00  0.000E+00  0.000E+00
 0.420E+00  0.990E+02  0.735E+01  0.110E+02  0.670E+01  0.528E+00  0.138E+03  0.123E-19  0.123E-19  0.000E+00  0.000E+00  0.100E+01  0.000E+00  0.000E+00  0.000E+00  0.000E+00  0.000E+00  0.157E+16  0.156E+16  0.000E+00  0.000E+00  0.000E+00  0.000E+00  0.000E+00
 0.430E+00  0.990E+02  0.735E+01  0.110E+02  0.670E+01  0.528E+00  0.132E+03  0.139E-19  0.138E-19  0.000E+00  0.000E+00  0.100E+01  0.000E+00  0.000E+00  0.000E+00  0.000E+00  0.000E+00  0.177E+16  0.176E+16  0.000E+00  0.000E+00  0.000E+00  0.000E+00  0.000E+00
 0.440E+00  0.990E+02  0.735E+01  0.110E+02  0.670E+01  0.528E+00  0.127E+03  0.155E-19  0.155E-19  0.000E+00  0.000E+00  0.100E+01  0.000E+00  0.000E+00  0.000E+00  0.000E+00  0.000E+00  0.197E+16  0.197E+16  0.000E+00  0.000E+00  0.000E+00  0.000E+00  0.000E+00
 0.450E+00  0.990E+02  0.735E+01  0.110E+02  0.670E+01  0.528E+00  0.122E+03  0.174E-19  0.174E-19  0.000E+00  0.000E+00  0.100E+01  0.000E+00  0.000E+00  0.000E+00  0.000E+00  0.000E+00  0.222E+16  0.221E+16  0.000E+00  0.000E+00  0.000E+00  0.000E+00  0.000E+00
 0.460E+00  0.990E+02  0.735E+01  0.110E+02  0.670E+01  0.528E+00  0.117E+03  0.194E-19  0.194E-19  0.000E+00  0.000E+00  0.100E+01  0.000E+00  0.000E+00  0.000E+00  0.000E+00  0.000E+00  0.247E+16  0.247E+16  0.000E+00  0.000E+00  0.000E+00  0.000E+00  0.000E+00
 0.470E+00  0.990E+02  0.735E+01  0.110E+02  0.670E+01  0.528E+00  0.113E+03  0.216E-19  0.215E-19  0.000E+00  0.000E+00  0.100E+01  0.000E+00  0.000E+00  0.000E+00  0.000E+00  0.000E+00  0.275E+16  0.274E+16  0.000E+00  0.000E+00  0.000E+00  0.000E+00  0.000E+00
 0.480E+00  0.990E+02  0.735E+01  0.110E+02  0.670E+01  0.528E+00  0.108E+03  0.241E-19  0.241E-19  0.000E+00  0.000E+00  0.100E+01  0.000E+00  0.000E+00  0.000E+00  0.000E+00  0.000E+00  0.307E+16  0.307E+16  0.000E+00  0.000E+00  0.000E+00  0.000E+00  0.000E+00
 0.490E+00  0.990E+02  0.735E+01  0.110E+02  0.670E+01  0.528E+00  0.104E+03  0.267E-19  0.267E-19  0.275E-19  0.689E-20  0.727E+00  0.235E-19  0.147E+00  0.129E+00  0.147E+00  0.103E-19  0.340E+16  0.339E+16  0.110E+15  0.117E+16  0.000E+00  0.000E+00  0.000E+00
 0.500E+00  0.990E+02  0.735E+01  0.110E+02  0.670E+01  0.528E+00  0.999E+02  0.298E-19  0.297E-19  0.159E-18  0.400E-19  0.339E+00  0.137E-18  0.765E+00  0.673E+00  0.765E+00  0.600E-19  0.380E+16  0.379E+16  0.641E+15  0.676E+16  0.000E+00  0.000E+00  0.000E+00
 0.510E+00  0.990E+02  0.735E+01  0.110E+02  0.670E+01  0.528E+00  0.960E+02  0.329E-19  0.329E-19  0.328E-18  0.825E-19  0.215E+00  0.281E-18  0.143E+01  0.126E+01  0.143E+01  0.124E-18  0.419E+16  0.418E+16  0.132E+16  0.139E+17  0.000E+00  0.000E+00  0.000E+00
 0.520E+00  0.990E+02  0.735E+01  0.110E+02  0.670E+01  0.528E+00  0.923E+02  0.364E-19  0.364E-19  0.538E-18  0.136E-18  0.156E+00  0.461E-18  0.211E+01  0.187E+01  0.211E+01  0.204E-18  0.464E+16  0.463E+16  0.217E+16  0.228E+17  0.000E+00  0.000E+00  0.000E+00
 0.530E+00  0.990E+02  0.735E+01  0.110E+02  0.670E+01  0.528E+00  0.887E+02  0.404E-19  0.403E-19  0.796E-18  0.201E-18  0.122E+00  0.682E-18  0.282E+01  0.249E+01  0.282E+01  0.302E-18  0.515E+16  0.514E+16  0.322E+16  0.338E+17  0.000E+00  0.000E+00  0.000E+00
 0.540E+00  0.990E+02  0.735E+01  0.110E+02  0.670E+01  0.528E+00  0.852E+02  0.446E-19  0.445E-19  0.111E-17  0.280E-18  0.992E-01  0.949E-18  0.355E+01  0.315E+01  0.355E+01  0.420E-18  0.568E+16  0.567E+16  0.449E+16  0.470E+17  0.000E+00  0.000E+00  0.000E+00
 0.550E+00  0.990E+02  0.735E+01  0.110E+02  0.670E+01  0.528E+00  0.819E+02  0.494E-19  0.493E-19  0.148E-17  0.375E-18  0.837E-01  0.127E-17  0.428E+01  0.380E+01  0.428E+01  0.562E-18  0.629E+16  0.627E+16  0.600E+16  0.627E+17  0.000E+00  0.000E+00  0.000E+00
 0.560E+00  0.990E+02  0.735E+01  0.110E+02  0.670E+01  0.528E+00  0.787E+02  0.545E-19  0.544E-19  0.191E-17  0.486E-18  0.722E-01  0.164E-17  0.502E+01  0.447E+01  0.502E+01  0.729E-18  0.694E+16  0.693E+16  0.779E+16  0.812E+17  0.000E+00  0.000E+00  0.000E+00
 0.570E+00  0.990E+02  0.735E+01  0.110E+02  0.670E+01  0.528E+00  0.756E+02  0.600E-19  0.599E-19  0.242E-17  0.617E-18  0.634E-01  0.208E-17  0.578E+01  0.515E+01  0.578E+01  0.926E-18  0.764E+16  0.762E+16  0.988E+16  0.103E+18  0.000E+00  0.000E+00  0.000E+00
 0.580E+00  0.990E+02  0.735E+01  0.110E+02  0.670E+01  0.528E+00  0.726E+02  0.665E-19  0.663E-19  0.301E-17  0.769E-18  0.568E-01  0.258E-17  0.649E+01  0.580E+01  0.649E+01  0.115E-17  0.847E+16  0.845E+16  0.123E+17  0.128E+18  0.000E+00  0.000E+00  0.000E+00
 0.590E+00  0.990E+02  0.735E+01  0.110E+02  0.670E+01  0.528E+00  0.697E+02  0.733E-19  0.731E-19  0.369E-17  0.945E-18  0.514E-01  0.316E-17  0.722E+01  0.647E+01  0.722E+01  0.142E-17  0.933E+16  0.931E+16  0.151E+17  0.157E+18  0.000E+00  0.000E+00  0.000E+00
 0.600E+00  0.990E+02  0.735E+01  0.110E+02  0.670E+01  0.528E+00  0.669E+02  0.813E-19  0.811E-19  0.447E-17  0.115E-17  0.473E-01  0.383E-17  0.787E+01  0.708E+01  0.787E+01  0.172E-17  0.104E+17  0.103E+17  0.184E+17  0.190E+18  0.000E+00  0.000E+00  0.000E+00
 0.610E+00  0.990E+02  0.735E+01  0.110E+02  0.670E+01  0.528E+00  0.642E+02  0.895E-19  0.893E-19  0.535E-17  0.138E-17  0.436E-01  0.459E-17  0.857E+01  0.772E+01  0.857E+01  0.207E-17  0.114E+17  0.114E+17  0.221E+17  0.227E+18  0.000E+00  0.000E+00  0.000E+00
 0.620E+00  0.990E+02  0.735E+01  0.110E+02  0.670E+01  0.528E+00  0.616E+02  0.986E-19  0.984E-19  0.635E-17  0.164E-17  0.406E-01  0.545E-17  0.923E+01  0.835E+01  0.923E+01  0.246E-17  0.126E+17  0.125E+17  0.263E+17  0.270E+18  0.000E+00  0.000E+00  0.000E+00
 0.630E+00  0.990E+02  0.735E+01  0.110E+02  0.670E+01  0.528E+00  0.590E+02  0.110E-18  0.110E-18  0.748E-17  0.194E-17  0.385E-01  0.641E-17  0.976E+01  0.885E+01  0.976E+01  0.291E-17  0.140E+17  0.140E+17  0.311E+17  0.318E+18  0.000E+00  0.000E+00  0.000E+00
 0.640E+00  0.990E+02  0.735E+01  0.110E+02  0.670E+01  0.528E+00  0.566E+02  0.121E-18  0.121E-18  0.875E-17  0.228E-17  0.365E-01  0.750E-17  0.103E+02  0.939E+01  0.103E+02  0.341E-17  0.155E+17  0.154E+17  0.364E+17  0.371E+18  0.000E+00  0.000E+00  0.000E+00
 0.650E+00  0.990E+02  0.735E+01  0.110E+02  0.670E+01  0.528E+00  0.542E+02  0.134E-18  0.134E-18  0.102E-16  0.265E-17  0.348E-01  0.871E-17  0.108E+02  0.990E+01  0.108E+02  0.398E-17  0.171E+17  0.171E+17  0.425E+17  0.431E+18  0.000E+00  0.000E+00  0.000E+00
 0.660E+00  0.990E+02  0.735E+01  0.110E+02  0.670E+01  0.528E+00  0.519E+02  0.151E-18  0.150E-18  0.117E-16  0.308E-17  0.338E-01  0.101E-16  0.112E+02  0.102E+02  0.112E+02  0.462E-17  0.192E+17  0.191E+17  0.493E+17  0.498E+18  0.000E+00  0.000E+00  0.000E+00
 0.670E+00  0.990E+02  0.735E+01  0.110E+02  0.670E+01  0.528E+00  0.496E+02  0.168E-18  0.167E-18  0.135E-16  0.355E-17  0.327E-01  0.116E-16  0.115E+02  0.106E+02  0.115E+02  0.533E-17  0.213E+17  0.213E+17  0.569E+17  0.572E+18  0.000E+00  0.000E+00  0.000E+00
 0.680E+00  0.990E+02  0.735E+01  0.110E+02  0.670E+01  0.528E+00  0.475E+02  0.187E-18  0.187E-18  0.154E-16  0.408E-17  0.320E-01  0.132E-16  0.118E+02  0.109E+02  0.118E+02  0.612E-17  0.238E+17  0.238E+17  0.653E+17  0.654E+18  0.000E+00  0.000E+00  0.000E+00
 0.690E+00  0.990E+02  0.735E+01  0.110E+02  0.670E+01  0.528E+00  0.454E+02  0.212E-18  0.211E-18  0.175E-16  0.467E-17  0.318E-01  0.150E-16  0.119E+02  0.110E+02  0.119E+02  0.700E-17  0.270E+17  0.269E+17  0.747E+17  0.745E+18  0.000E+00  0.000E+00  0.000E+00
 0.700E+00  0.990E+02  0.735E+01  0.110E+02  0.670E+01  0.528E+00  0.433E+02  0.238E-18  0.238E-18  0.199E-16  0.532E-17  0.315E-01  0.170E-16  0.120E+02  0.112E+02  0.120E+02  0.798E-17  0.303E+17  0.303E+17  0.852E+17  0.844E+18  0.000E+00  0.000E+00  0.000E+00
 0.710E+00  0.990E+02  0.735E+01  0.110E+02  0.670E+01  0.528E+00  0.413E+02  0.269E-18  0.269E-18  0.225E-16  0.604E-17  0.315E-01  0.192E-16  0.119E+02  0.112E+02  0.119E+02  0.906E-17  0.343E+17  0.342E+17  0.967E+17  0.953E+18  0.000E+00  0.000E+00  0.000E+00
 0.720E+00  0.990E+02  0.735E+01  0.110E+02  0.670E+01  0.528E+00  0.394E+02  0.309E-18  0.308E-18  0.253E-16  0.683E-17  0.322E-01  0.216E-16  0.117E+02  0.111E+02  0.117E+02  0.103E-16  0.394E+17  0.393E+17  0.109E+18  0.107E+19  0.000E+00  0.000E+00  0.000E+00
 0.730E+00  0.990E+02  0.735E+01  0.110E+02  0.670E+01  0.528E+00  0.375E+02  0.353E-18  0.352E-18  0.283E-16  0.771E-17  0.327E-01  0.243E-16  0.115E+02  0.110E+02  0.115E+02  0.116E-16  0.449E+17  0.448E+17  0.123E+18  0.120E+19  0.000E+00  0.000E+00  0.000E+00
 0.740E+00  0.990E+02  0.735E+01  0.110E+02  0.670E+01  0.528E+00  0.357E+02  0.405E-18  0.404E-18  0.316E-16  0.867E-17  0.336E-01  0.271E-16  0.112E+02  0.107E+02  0.112E+02  0.130E-16  0.515E+17  0.514E+17  0.139E+18  0.134E+19  0.000E+00  0.000E+00  0.000E+00
 0.750E+00  0.990E+02  0.735E+01  0.110E+02  0.670E+01  0.528E+00  0.339E+02  0.472E-18  0.472E-18  0.352E-16  0.972E-17  0.351E-01  0.302E-16  0.107E+02  0.103E+02  0.107E+02  0.146E-16  0.601E+17  0.601E+17  0.156E+18  0.149E+19  0.000E+00  0.000E+00  0.000E+00
 0.760E+00  0.990E+02  0.735E+01  0.110E+02  0.670E+01  0.528E+00  0.321E+02  0.547E-18  0.548E-18  0.391E-16  0.109E-16  0.367E-01  0.335E-16  0.102E+02  0.993E+01  0.102E+02  0.163E-16  0.697E+17  0.697E+17  0.174E+18  0.166E+19  0.000E+00  0.000E+00  0.000E+00
 0.770E+00  0.990E+02  0.735E+01  0.110E+02  0.670E+01  0.528E+00  0.305E+02  0.638E-18  0.640E-18  0.432E-16  0.121E-16  0.386E-01  0.370E-16  0.965E+01  0.948E+01  0.965E+01  0.182E-16  0.813E+17  0.815E+17  0.194E+18  0.183E+19  0.000E+00  0.000E+00  0.000E+00
 0.780E+00  0.990E+02  0.735E+01  0.110E+02  0.670E+01  0.528E+00  0.288E+02  0.761E-18  0.764E-18  0.477E-16  0.135E-16  0.416E-01  0.409E-16  0.892E+01  0.883E+01  0.892E+01  0.202E-16  0.969E+17  0.973E+17  0.216E+18  0.202E+19  0.000E+00  0.000E+00  0.000E+00
 0.790E+00  0.990E+02  0.735E+01  0.110E+02  0.670E+01  0.528E+00  0.272E+02  0.898E-18  0.904E-18  0.524E-16  0.150E-16  0.446E-01  0.450E-16  0.829E+01  0.829E+01  0.829E+01  0.225E-16  0.114E+18  0.115E+18  0.240E+18  0.223E+19  0.000E+00  0.000E+00  0.000E+00
 0.800E+00  0.990E+02  0.735E+01  0.110E+02  0.670E+01  0.528E+00  0.256E+02  0.107E-17  0.108E-17  0.575E-16  0.166E-16  0.481E-01  0.493E-16  0.764E+01  0.771E+01  0.764E+01  0.249E-16  0.136E+18  0.137E+18  0.265E+18  0.244E+19  0.000E+00  0.000E+00  0.000E+00
 0.810E+00  0.990E+02  0.735E+01  0.110E+02  0.670E+01  0.528E+00  0.241E+02  0.127E-17  0.129E-17  0.629E-16  0.183E-16  0.524E-01  0.539E-16  0.699E+01  0.712E+01  0.699E+01  0.275E-16  0.162E+18  0.164E+18  0.293E+18  0.267E+19  0.000E+00  0.000E+00  0.000E+00
 0.820E+00  0.990E+02  0.735E+01  0.110E+02  0.670E+01  0.528E+00  0.226E+02  0.156E-17  0.158E-17  0.686E-16  0.202E-16  0.586E-01  0.588E-16  0.620E+01  0.637E+01  0.620E+01  0.302E-16  0.199E+18  0.201E+18  0.323E+18  0.291E+19  0.000E+00  0.000E+00  0.000E+00
 0.830E+00  0.990E+02  0.735E+01  0.110E+02  0.670E+01  0.528E+00  0.212E+02  0.190E-17  0.192E-17  0.746E-16  0.221E-16  0.586E-01  0.639E-16  0.554E+01  0.575E+01  0.554E+01  0.332E-16  0.242E+18  0.245E+18  0.355E+18  0.317E+19  0.000E+00  0.000E+00  0.000E+00
 0.840E+00  0.990E+02  0.735E+01  0.110E+02  0.670E+01  0.528E+00  0.197E+02  0.233E-17  0.236E-17  0.809E-16  0.243E-16  0.586E-01  0.693E-16  0.490E+01  0.514E+01  0.490E+01  0.364E-16  0.296E+18  0.301E+18  0.389E+18  0.343E+19  0.000E+00  0.000E+00  0.000E+00
 0.850E+00  0.990E+02  0.735E+01  0.110E+02  0.670E+01  0.528E+00  0.184E+02  0.287E-17  0.291E-17  0.875E-16  0.265E-16  0.586E-01  0.750E-16  0.429E+01  0.456E+01  0.429E+01  0.398E-16  0.365E+18  0.371E+18  0.425E+18  0.371E+19  0.000E+00  0.000E+00  0.000E+00
 0.860E+00  0.990E+02  0.735E+01  0.110E+02  0.670E+01  0.528E+00  0.170E+02  0.363E-17  0.369E-17  0.943E-16  0.289E-16  0.586E-01  0.808E-16  0.365E+01  0.391E+01  0.365E+01  0.434E-16  0.462E+18  0.470E+18  0.463E+18  0.400E+19  0.000E+00  0.000E+00  0.000E+00
 0.870E+00  0.990E+02  0.735E+01  0.110E+02  0.670E+01  0.528E+00  0.157E+02  0.454E-17  0.462E-17  0.101E-15  0.314E-16  0.586E-01  0.868E-16  0.313E+01  0.340E+01  0.313E+01  0.471E-16  0.578E+18  0.588E+18  0.503E+18  0.430E+19  0.000E+00  0.000E+00  0.000E+00
 0.880E+00  0.990E+02  0.735E+01  0.110E+02  0.670E+01  0.528E+00  0.144E+02  0.571E-17  0.582E-17  0.109E-15  0.341E-16  0.586E-01  0.930E-16  0.266E+01  0.293E+01  0.266E+01  0.511E-16  0.728E+18  0.741E+18  0.545E+18  0.461E+19  0.000E+00  0.000E+00  0.000E+00
 0.890E+00  0.990E+02  0.735E+01  0.110E+02  0.670E+01  0.528E+00  0.131E+02  0.725E-17  0.738E-17  0.116E-15  0.368E-16  0.586E-01  0.993E-16  0.224E+01  0.249E+01  0.224E+01  0.552E-16  0.923E+18  0.940E+18  0.589E+18  0.492E+19  0.000E+00  0.000E+00  0.000E+00
 0.900E+00  0.990E+02  0.735E+01  0.110E+02  0.670E+01  0.528E+00  0.119E+02  0.949E-17  0.966E-17  0.123E-15  0.396E-16  0.586E-01  0.106E-15  0.182E+01  0.205E+01  0.182E+01  0.594E-16  0.121E+19  0.123E+19  0.634E+18  0.523E+19  0.000E+00  0.000E+00  0.000E+00
 0.910E+00  0.990E+02  0.735E+01  0.110E+02  0.670E+01  0.528E+00  0.107E+02  0.122E-16  0.124E-16  0.131E-15  0.425E-16  0.586E-01  0.112E-15  0.150E+01  0.171E+01  0.150E+01  0.637E-16  0.155E+19  0.158E+19  0.680E+18  0.555E+19  0.000E+00  0.000E+00  0.000E+00
 0.920E+00  0.990E+02  0.735E+01  0.110E+02  0.670E+01  0.528E+00  0.949E+01  0.158E-16  0.161E-16  0.138E-15  0.454E-16  0.586E-01  0.118E-15  0.123E+01  0.141E+01  0.123E+01  0.681E-16  0.201E+19  0.205E+19  0.727E+18  0.586E+19  0.000E+00  0.000E+00  0.000E+00
 0.930E+00  0.990E+02  0.735E+01  0.110E+02  0.670E+01  0.528E+00  0.833E+01  0.206E-16  0.209E-16  0.145E-15  0.483E-16  0.586E-01  0.125E-15  0.994E+00  0.116E+01  0.994E+00  0.724E-16  0.262E+19  0.266E+19  0.773E+18  0.617E+19  0.000E+00  0.000E+00  0.000E+00
 0.940E+00  0.990E+02  0.735E+01  0.110E+02  0.670E+01  0.528E+00  0.720E+01  0.277E-16  0.281E-16  0.152E-15  0.511E-16  0.586E-01  0.130E-15  0.775E+00  0.909E+00  0.775E+00  0.766E-16  0.352E+19  0.357E+19  0.818E+18  0.646E+19  0.000E+00  0.000E+00  0.000E+00
 0.950E+00  0.990E+02  0.735E+01  0.110E+02  0.670E+01  0.528E+00  0.609E+01  0.361E-16  0.365E-16  0.159E-15  0.537E-16  0.586E-01  0.136E-15  0.621E+00  0.735E+00  0.621E+00  0.806E-16  0.459E+19  0.465E+19  0.860E+18  0.674E+19  0.000E+00  0.000E+00  0.000E+00
 0.960E+00  0.990E+02  0.735E+01  0.110E+02  0.670E+01  0.528E+00  0.501E+01  0.469E-16  0.474E-16  0.165E-15  0.561E-16  0.586E-01  0.141E-15  0.496E+00  0.592E+00  0.496E+00  0.842E-16  0.597E+19  0.604E+19  0.899E+18  0.699E+19  0.000E+00  0.000E+00  0.000E+00
 0.970E+00  0.990E+02  0.735E+01  0.110E+02  0.670E+01  0.528E+00  0.394E+01  0.596E-16  0.601E-16  0.170E-15  0.583E-16  0.586E-01  0.146E-15  0.403E+00  0.484E+00  0.403E+00  0.874E-16  0.759E+19  0.766E+19  0.933E+18  0.721E+19  0.000E+00  0.000E+00  0.000E+00
 0.980E+00  0.990E+02  0.735E+01  0.110E+02  0.670E+01  0.528E+00  0.290E+01  0.740E-16  0.745E-16  0.174E-15  0.599E-16  0.586E-01  0.149E-15  0.334E+00  0.402E+00  0.334E+00  0.899E-16  0.943E+19  0.948E+19  0.959E+18  0.739E+19  0.000E+00  0.000E+00  0.000E+00
 0.990E+00  0.990E+02  0.735E+01  0.110E+02  0.670E+01  0.528E+00  0.188E+01  0.842E-16  0.845E-16  0.177E-15  0.610E-16  0.586E-01  0.152E-15  0.300E+00  0.361E+00  0.300E+00  0.916E-16  0.107E+20  0.108E+20  0.977E+18  0.752E+19  0.000E+00  0.000E+00  0.000E+00
 0.100E+01  0.990E+02  0.735E+01  0.110E+02  0.670E+01  0.528E+00  0.880E+00  0.102E-15  0.886E-16  0.179E-15  0.615E-16  0.586E-01  0.154E-15  0.289E+00  0.347E+00  0.289E+00  0.923E-16  0.130E+20  0.113E+20  0.985E+18  0.760E+19  0.000E+00  0.000E+00  0.000E+00
 0.101E+01  0.990E+02  0.735E+01  0.110E+02  0.670E+01  0.528E+00 -0.998E-01  0.986E-16  0.857E-16  0.176E-15  0.601E-16  0.586E-01  0.151E-15  0.294E+00  0.350E+00  0.294E+00  0.901E-16  0.126E+20  0.109E+20  0.962E+18  0.748E+19  0.000E+00  0.000E+00  0.000E+00
 0.102E+01  0.990E+02  0.735E+01  0.110E+02  0.670E+01  0.528E+00 -0.106E+01  0.887E-16  0.771E-16  0.176E-15  0.594E-16  0.586E-01  0.151E-15  0.327E+00  0.385E+00  0.327E+00  0.890E-16  0.113E+20  0.982E+19  0.951E+18  0.748E+19  0.000E+00  0.000E+00  0.000E+00
 0.103E+01  0.990E+02  0.735E+01  0.110E+02  0.670E+01  0.528E+00 -0.200E+01  0.735E-16  0.639E-16  0.175E-15  0.578E-16  0.586E-01  0.150E-15  0.390E+00  0.452E+00  0.390E+00  0.867E-16  0.936E+19  0.814E+19  0.925E+18  0.741E+19  0.000E+00  0.000E+00  0.000E+00
 0.104E+01  0.990E+02  0.735E+01  0.110E+02  0.670E+01  0.528E+00 -0.293E+01  0.598E-16  0.520E-16  0.171E-15  0.554E-16  0.586E-01  0.147E-15  0.470E+00  0.532E+00  0.470E+00  0.831E-16  0.762E+19  0.662E+19  0.887E+18  0.726E+19  0.000E+00  0.000E+00  0.000E+00
 0.105E+01  0.990E+02  0.735E+01  0.110E+02  0.670E+01  0.528E+00 -0.383E+01  0.477E-16  0.415E-16  0.166E-15  0.523E-16  0.586E-01  0.142E-15  0.571E+00  0.630E+00  0.571E+00  0.784E-16  0.608E+19  0.529E+19  0.837E+18  0.704E+19  0.000E+00  0.000E+00  0.000E+00
 0.106E+01  0.990E+02  0.735E+01  0.110E+02  0.670E+01  0.528E+00 -0.472E+01  0.378E-16  0.328E-16  0.159E-15  0.486E-16  0.586E-01  0.136E-15  0.692E+00  0.740E+00  0.692E+00  0.729E-16  0.481E+19  0.418E+19  0.778E+18  0.675E+19  0.000E+00  0.000E+00  0.000E+00
 0.107E+01  0.990E+02  0.735E+01  0.110E+02  0.670E+01  0.528E+00 -0.560E+01  0.298E-16  0.259E-16  0.151E-15  0.445E-16  0.586E-01  0.130E-15  0.832E+00  0.858E+00  0.832E+00  0.668E-16  0.380E+19  0.330E+19  0.713E+18  0.641E+19  0.000E+00  0.000E+00  0.000E+00
 0.108E+01  0.990E+02  0.735E+01  0.110E+02  0.670E+01  0.528E+00 -0.645E+01  0.231E-16  0.201E-16  0.142E-15  0.403E-16  0.586E-01  0.122E-15  0.101E+01  0.100E+01  0.101E+01  0.605E-16  0.294E+19  0.256E+19  0.646E+18  0.603E+19  0.000E+00  0.000E+00  0.000E+00
 0.109E+01  0.990E+02  0.735E+01  0.110E+02  0.670E+01  0.528E+00 -0.729E+01  0.186E-16  0.162E-16  0.132E-15  0.361E-16  0.586E-01  0.113E-15  0.117E+01  0.112E+01  0.117E+01  0.541E-16  0.237E+19  0.206E+19  0.578E+18  0.562E+19  0.000E+00  0.000E+00  0.000E+00
 0.110E+01  0.990E+02  0.735E+01  0.110E+02  0.670E+01  0.528E+00 -0.812E+01  0.150E-16  0.131E-16  0.122E-15  0.320E-16  0.586E-01  0.105E-15  0.134E+01  0.122E+01  0.134E+01  0.480E-16  0.191E+19  0.167E+19  0.513E+18  0.519E+19  0.000E+00  0.000E+00  0.000E+00
 0.111E+01  0.990E+02  0.735E+01  0.110E+02  0.670E+01  0.528E+00 -0.893E+01  0.122E-16  0.106E-16  0.112E-15  0.282E-16  0.586E-01  0.961E-16  0.150E+01  0.132E+01  0.150E+01  0.423E-16  0.156E+19  0.135E+19  0.451E+18  0.476E+19  0.000E+00  0.000E+00  0.000E+00
 0.112E+01  0.990E+02  0.735E+01  0.110E+02  0.670E+01  0.528E+00 -0.973E+01  0.100E-16  0.871E-17  0.102E-15  0.246E-16  0.586E-01  0.875E-16  0.167E+01  0.141E+01  0.167E+01  0.370E-16  0.128E+19  0.111E+19  0.395E+18  0.433E+19  0.000E+00  0.000E+00  0.000E+00
 0.113E+01  0.990E+02  0.735E+01  0.110E+02  0.670E+01  0.528E+00 -0.105E+02  0.807E-17  0.702E-17  0.925E-16  0.215E-16  0.586E-01  0.793E-16  0.188E+01  0.153E+01  0.188E+01  0.322E-16  0.103E+19  0.894E+18  0.344E+18  0.393E+19  0.000E+00  0.000E+00  0.000E+00
 0.114E+01  0.990E+02  0.735E+01  0.110E+02  0.670E+01  0.528E+00 -0.113E+02  0.671E-17  0.583E-17  0.834E-16  0.186E-16  0.586E-01  0.715E-16  0.204E+01  0.160E+01  0.204E+01  0.279E-16  0.854E+18  0.743E+18  0.298E+18  0.354E+19  0.000E+00  0.000E+00  0.000E+00
 0.115E+01  0.990E+02  0.735E+01  0.110E+02  0.670E+01  0.528E+00 -0.120E+02  0.561E-17  0.488E-17  0.750E-16  0.161E-16  0.586E-01  0.642E-16  0.220E+01  0.165E+01  0.220E+01  0.242E-16  0.714E+18  0.621E+18  0.258E+18  0.318E+19  0.000E+00  0.000E+00  0.000E+00
 0.116E+01  0.990E+02  0.735E+01  0.110E+02  0.670E+01  0.528E+00 -0.128E+02  0.472E-17  0.411E-17  0.671E-16  0.139E-16  0.586E-01  0.576E-16  0.234E+01  0.170E+01  0.234E+01  0.209E-16  0.601E+18  0.523E+18  0.223E+18  0.285E+19  0.000E+00  0.000E+00  0.000E+00
 0.117E+01  0.990E+02  0.735E+01  0.110E+02  0.670E+01  0.528E+00 -0.135E+02  0.400E-17  0.348E-17  0.600E-16  0.120E-16  0.586E-01  0.514E-16  0.247E+01  0.173E+01  0.247E+01  0.181E-16  0.509E+18  0.443E+18  0.193E+18  0.255E+19  0.000E+00  0.000E+00  0.000E+00
 0.118E+01  0.990E+02  0.735E+01  0.110E+02  0.670E+01  0.528E+00 -0.142E+02  0.336E-17  0.292E-17  0.536E-16  0.104E-16  0.586E-01  0.459E-16  0.262E+01  0.178E+01  0.262E+01  0.156E-16  0.427E+18  0.372E+18  0.167E+18  0.227E+19  0.000E+00  0.000E+00  0.000E+00
 0.119E+01  0.990E+02  0.735E+01  0.110E+02  0.670E+01  0.528E+00 -0.149E+02  0.288E-17  0.251E-17  0.477E-16  0.899E-17  0.586E-01  0.409E-16  0.272E+01  0.179E+01  0.272E+01  0.135E-16  0.367E+18  0.319E+18  0.144E+18  0.203E+19  0.000E+00  0.000E+00  0.000E+00
 0.120E+01  0.990E+02  0.735E+01  0.110E+02  0.670E+01  0.528E+00 -0.156E+02  0.250E-17  0.217E-17  0.425E-16  0.778E-17  0.586E-01  0.365E-16  0.280E+01  0.179E+01  0.280E+01  0.117E-16  0.318E+18  0.276E+18  0.125E+18  0.181E+19  0.000E+00  0.000E+00  0.000E+00
 0.121E+01  0.990E+02  0.735E+01  0.110E+02  0.670E+01  0.528E+00 -0.163E+02  0.218E-17  0.190E-17  0.379E-16  0.674E-17  0.586E-01  0.325E-16  0.285E+01  0.178E+01  0.285E+01  0.101E-16  0.278E+18  0.241E+18  0.108E+18  0.161E+19  0.000E+00  0.000E+00  0.000E+00
 0.122E+01  0.990E+02  0.735E+01  0.110E+02  0.670E+01  0.528E+00 -0.170E+02  0.192E-17  0.167E-17  0.337E-16  0.584E-17  0.586E-01  0.289E-16  0.289E+01  0.175E+01  0.289E+01  0.876E-17  0.244E+18  0.212E+18  0.935E+17  0.143E+19  0.000E+00  0.000E+00  0.000E+00
 0.123E+01  0.990E+02  0.735E+01  0.110E+02  0.670E+01  0.528E+00 -0.176E+02  0.169E-17  0.147E-17  0.300E-16  0.507E-17  0.586E-01  0.258E-16  0.291E+01  0.172E+01  0.291E+01  0.761E-17  0.216E+18  0.188E+18  0.812E+17  0.128E+19  0.000E+00  0.000E+00  0.000E+00
 0.124E+01  0.990E+02  0.735E+01  0.110E+02  0.670E+01  0.528E+00 -0.183E+02  0.149E-17  0.129E-17  0.268E-16  0.441E-17  0.586E-01  0.230E-16  0.296E+01  0.171E+01  0.296E+01  0.661E-17  0.189E+18  0.164E+18  0.706E+17  0.114E+19  0.000E+00  0.000E+00  0.000E+00
 0.125E+01  0.990E+02  0.735E+01  0.110E+02  0.670E+01  0.528E+00 -0.189E+02  0.133E-17  0.116E-17  0.239E-16  0.384E-17  0.586E-01  0.205E-16  0.295E+01  0.166E+01  0.295E+01  0.576E-17  0.170E+18  0.147E+18  0.615E+17  0.101E+19  0.000E+00  0.000E+00  0.000E+00
 0.126E+01  0.990E+02  0.735E+01  0.110E+02  0.670E+01  0.528E+00 -0.195E+02  0.120E-17  0.104E-17  0.213E-16  0.335E-17  0.586E-01  0.183E-16  0.292E+01  0.160E+01  0.292E+01  0.503E-17  0.153E+18  0.133E+18  0.536E+17  0.905E+18  0.000E+00  0.000E+00  0.000E+00
 0.127E+01  0.990E+02  0.735E+01  0.110E+02  0.670E+01  0.528E+00 -0.202E+02  0.109E-17  0.946E-18  0.190E-16  0.293E-17  0.586E-01  0.163E-16  0.288E+01  0.155E+01  0.288E+01  0.439E-17  0.139E+18  0.120E+18  0.469E+17  0.808E+18  0.000E+00  0.000E+00  0.000E+00
 0.128E+01  0.990E+02  0.735E+01  0.110E+02  0.670E+01  0.528E+00 -0.208E+02  0.991E-18  0.862E-18  0.170E-16  0.256E-17  0.586E-01  0.146E-16  0.282E+01  0.149E+01  0.282E+01  0.384E-17  0.126E+18  0.110E+18  0.410E+17  0.723E+18  0.000E+00  0.000E+00  0.000E+00
 0.129E+01  0.990E+02  0.735E+01  0.110E+02  0.670E+01  0.528E+00 -0.214E+02  0.907E-18  0.789E-18  0.152E-16  0.225E-17  0.586E-01  0.131E-16  0.276E+01  0.142E+01  0.276E+01  0.337E-17  0.116E+18  0.100E+18  0.360E+17  0.647E+18  0.000E+00  0.000E+00  0.000E+00
 0.130E+01  0.990E+02  0.735E+01  0.110E+02  0.670E+01  0.528E+00 -0.220E+02  0.835E-18  0.726E-18  0.137E-16  0.197E-17  0.586E-01  0.117E-16  0.269E+01  0.136E+01  0.269E+01  0.296E-17  0.106E+18  0.925E+17  0.316E+17  0.580E+18  0.000E+00  0.000E+00  0.000E+00
 0.131E+01  0.990E+02  0.735E+01  0.110E+02  0.670E+01  0.528E+00 -0.225E+02  0.766E-18  0.666E-18  0.123E-16  0.174E-17  0.586E-01  0.105E-16  0.263E+01  0.130E+01  0.263E+01  0.261E-17  0.975E+17  0.848E+17  0.278E+17  0.520E+18  0.000E+00  0.000E+00  0.000E+00
 0.132E+01  0.990E+02  0.735E+01  0.110E+02  0.670E+01  0.528E+00 -0.231E+02  0.710E-18  0.618E-18  0.110E-16  0.153E-17  0.586E-01  0.944E-17  0.255E+01  0.124E+01  0.255E+01  0.230E-17  0.905E+17  0.787E+17  0.245E+17  0.467E+18  0.000E+00  0.000E+00  0.000E+00
 0.133E+01  0.990E+02  0.735E+01  0.110E+02  0.670E+01  0.528E+00 -0.237E+02  0.664E-18  0.577E-18  0.990E-17  0.135E-17  0.586E-01  0.849E-17  0.245E+01  0.117E+01  0.245E+01  0.203E-17  0.845E+17  0.735E+17  0.216E+17  0.420E+18  0.000E+00  0.000E+00  0.000E+00
 0.134E+01  0.990E+02  0.735E+01  0.110E+02  0.670E+01  0.528E+00 -0.242E+02  0.621E-18  0.540E-18  0.892E-17  0.120E-17  0.586E-01  0.764E-17  0.236E+01  0.111E+01  0.236E+01  0.179E-17  0.791E+17  0.688E+17  0.191E+17  0.378E+18  0.000E+00  0.000E+00  0.000E+00
 0.135E+01  0.990E+02  0.735E+01  0.110E+02  0.670E+01  0.528E+00 -0.248E+02  0.583E-18  0.507E-18  0.804E-17  0.106E-17  0.586E-01  0.689E-17  0.226E+01  0.104E+01  0.226E+01  0.159E-17  0.743E+17  0.646E+17  0.169E+17  0.341E+18  0.000E+00  0.000E+00  0.000E+00
 0.136E+01  0.990E+02  0.735E+01  0.110E+02  0.670E+01  0.528E+00 -0.253E+02  0.549E-18  0.477E-18  0.725E-17  0.939E-18  0.586E-01  0.622E-17  0.217E+01  0.983E+00  0.217E+01  0.141E-17  0.699E+17  0.608E+17  0.150E+17  0.308E+18  0.000E+00  0.000E+00  0.000E+00
 0.137E+01  0.990E+02  0.735E+01  0.110E+02  0.670E+01  0.528E+00 -0.259E+02  0.518E-18  0.450E-18  0.655E-17  0.834E-18  0.586E-01  0.562E-17  0.208E+01  0.926E+00  0.208E+01  0.125E-17  0.659E+17  0.573E+17  0.134E+17  0.278E+18  0.000E+00  0.000E+00  0.000E+00
 0.138E+01  0.990E+02  0.735E+01  0.110E+02  0.670E+01  0.528E+00 -0.264E+02  0.489E-18  0.425E-18  0.593E-17  0.742E-18  0.586E-01  0.508E-17  0.199E+01  0.872E+00  0.199E+01  0.111E-17  0.623E+17  0.542E+17  0.119E+17  0.252E+18  0.000E+00  0.000E+00  0.000E+00
 0.139E+01  0.990E+02  0.735E+01  0.110E+02  0.670E+01  0.528E+00 -0.269E+02  0.463E-18  0.403E-18  0.537E-17  0.661E-18  0.586E-01  0.460E-17  0.191E+01  0.821E+00  0.191E+01  0.992E-18  0.589E+17  0.513E+17  0.106E+17  0.228E+18  0.000E+00  0.000E+00  0.000E+00
 0.140E+01  0.990E+02  0.735E+01  0.110E+02  0.670E+01  0.528E+00 -0.274E+02  0.440E-18  0.382E-18  0.487E-17  0.590E-18  0.586E-01  0.417E-17  0.182E+01  0.772E+00  0.182E+01  0.885E-18  0.560E+17  0.487E+17  0.945E+16  0.207E+18  0.000E+00  0.000E+00  0.000E+00
 0.141E+01  0.990E+02  0.735E+01  0.110E+02  0.670E+01  0.528E+00 -0.279E+02  0.417E-18  0.363E-18  0.442E-17  0.527E-18  0.586E-01  0.379E-17  0.174E+01  0.727E+00  0.174E+01  0.791E-18  0.531E+17  0.462E+17  0.844E+16  0.188E+18  0.000E+00  0.000E+00  0.000E+00
 0.142E+01  0.990E+02  0.735E+01  0.110E+02  0.670E+01  0.528E+00 -0.284E+02  0.396E-18  0.344E-18  0.401E-17  0.472E-18  0.586E-01  0.344E-17  0.167E+01  0.685E+00  0.167E+01  0.707E-18  0.504E+17  0.439E+17  0.755E+16  0.170E+18  0.000E+00  0.000E+00  0.000E+00
 0.143E+01  0.990E+02  0.735E+01  0.110E+02  0.670E+01  0.528E+00 -0.289E+02  0.376E-18  0.327E-18  0.365E-17  0.423E-18  0.586E-01  0.313E-17  0.159E+01  0.646E+00  0.159E+01  0.634E-18  0.479E+17  0.417E+17  0.677E+16  0.155E+18  0.000E+00  0.000E+00  0.000E+00
 0.144E+01  0.990E+02  0.735E+01  0.110E+02  0.670E+01  0.528E+00 -0.294E+02  0.359E-18  0.312E-18  0.333E-17  0.379E-18  0.586E-01  0.285E-17  0.152E+01  0.608E+00  0.152E+01  0.569E-18  0.457E+17  0.397E+17  0.607E+16  0.141E+18  0.000E+00  0.000E+00  0.000E+00
 0.145E+01  0.990E+02  0.735E+01  0.110E+02  0.670E+01  0.528E+00 -0.298E+02  0.341E-18  0.296E-18  0.303E-17  0.340E-18  0.586E-01  0.260E-17  0.146E+01  0.575E+00  0.146E+01  0.511E-18  0.434E+17  0.377E+17  0.545E+16  0.129E+18  0.000E+00  0.000E+00  0.000E+00
 0.146E+01  0.990E+02  0.735E+01  0.110E+02  0.670E+01  0.528E+00 -0.303E+02  0.324E-18  0.282E-18  0.277E-17  0.306E-18  0.586E-01  0.237E-17  0.140E+01  0.542E+00  0.140E+01  0.459E-18  0.413E+17  0.359E+17  0.490E+16  0.117E+18  0.000E+00  0.000E+00  0.000E+00
 0.147E+01  0.990E+02  0.735E+01  0.110E+02  0.670E+01  0.528E+00 -0.308E+02  0.309E-18  0.269E-18  0.253E-17  0.276E-18  0.586E-01  0.217E-17  0.134E+01  0.513E+00  0.134E+01  0.413E-18  0.394E+17  0.342E+17  0.441E+16  0.107E+18  0.000E+00  0.000E+00  0.000E+00
 0.148E+01  0.990E+02  0.735E+01  0.110E+02  0.670E+01  0.528E+00 -0.312E+02  0.294E-18  0.256E-18  0.231E-17  0.248E-18  0.586E-01  0.198E-17  0.129E+01  0.485E+00  0.129E+01  0.373E-18  0.375E+17  0.326E+17  0.398E+16  0.980E+17  0.000E+00  0.000E+00  0.000E+00
 0.149E+01  0.990E+02  0.735E+01  0.110E+02  0.670E+01  0.528E+00 -0.317E+02  0.280E-18  0.244E-18  0.211E-17  0.224E-18  0.586E-01  0.181E-17  0.124E+01  0.460E+00  0.124E+01  0.336E-18  0.357E+17  0.310E+17  0.359E+16  0.897E+17  0.000E+00  0.000E+00  0.000E+00
 0.150E+01  0.990E+02  0.735E+01  0.110E+02  0.670E+01  0.528E+00 -0.321E+02  0.266E-18  0.232E-18  0.194E-17  0.202E-18  0.586E-01  0.166E-17  0.119E+01  0.437E+00  0.119E+01  0.304E-18  0.339E+17  0.295E+17  0.324E+16  0.822E+17  0.000E+00  0.000E+00  0.000E+00
 0.151E+01  0.990E+02  0.735E+01  0.110E+02  0.670E+01  0.528E+00 -0.326E+02  0.254E-18  0.221E-18  0.177E-17  0.183E-18  0.586E-01  0.152E-17  0.115E+01  0.415E+00  0.115E+01  0.275E-18  0.323E+17  0.281E+17  0.293E+16  0.753E+17  0.000E+00  0.000E+00  0.000E+00
 0.152E+01  0.990E+02  0.735E+01  0.110E+02  0.670E+01  0.528E+00 -0.330E+02  0.243E-18  0.211E-18  0.163E-17  0.166E-18  0.586E-01  0.140E-17  0.110E+01  0.393E+00  0.110E+01  0.249E-18  0.309E+17  0.269E+17  0.265E+16  0.691E+17  0.000E+00  0.000E+00  0.000E+00
 0.153E+01  0.990E+02  0.735E+01  0.110E+02  0.670E+01  0.528E+00 -0.334E+02  0.230E-18  0.200E-18  0.150E-17  0.150E-18  0.586E-01  0.128E-17  0.107E+01  0.376E+00  0.107E+01  0.225E-18  0.292E+17  0.254E+17  0.241E+16  0.635E+17  0.000E+00  0.000E+00  0.000E+00
 0.154E+01  0.990E+02  0.735E+01  0.110E+02  0.670E+01  0.528E+00 -0.338E+02  0.218E-18  0.189E-18  0.138E-17  0.136E-18  0.586E-01  0.118E-17  0.104E+01  0.360E+00  0.104E+01  0.204E-18  0.277E+17  0.241E+17  0.218E+16  0.584E+17  0.000E+00  0.000E+00  0.000E+00
 0.155E+01  0.990E+02  0.735E+01  0.110E+02  0.670E+01  0.528E+00 -0.342E+02  0.207E-18  0.180E-18  0.127E-17  0.124E-18  0.586E-01  0.108E-17  0.100E+01  0.344E+00  0.100E+01  0.186E-18  0.263E+17  0.229E+17  0.198E+16  0.537E+17  0.000E+00  0.000E+00  0.000E+00
 0.156E+01  0.990E+02  0.735E+01  0.110E+02  0.670E+01  0.528E+00 -0.347E+02  0.196E-18  0.171E-18  0.116E-17  0.112E-18  0.586E-01  0.998E-18  0.975E+00  0.329E+00  0.975E+00  0.169E-18  0.250E+17  0.217E+17  0.180E+16  0.494E+17  0.000E+00  0.000E+00  0.000E+00
 0.157E+01  0.990E+02  0.735E+01  0.110E+02  0.670E+01  0.528E+00 -0.351E+02  0.186E-18  0.162E-18  0.107E-17  0.102E-18  0.586E-01  0.920E-18  0.946E+00  0.316E+00  0.946E+00  0.153E-18  0.237E+17  0.206E+17  0.164E+16  0.456E+17  0.000E+00  0.000E+00  0.000E+00
 0.158E+01  0.990E+02  0.735E+01  0.110E+02  0.670E+01  0.528E+00 -0.355E+02  0.177E-18  0.154E-18  0.990E-18  0.931E-19  0.586E-01  0.848E-18  0.921E+00  0.303E+00  0.921E+00  0.140E-18  0.225E+17  0.196E+17  0.149E+16  0.420E+17  0.000E+00  0.000E+00  0.000E+00
 0.159E+01  0.990E+02  0.735E+01  0.110E+02  0.670E+01  0.528E+00 -0.359E+02  0.167E-18  0.145E-18  0.913E-18  0.849E-19  0.586E-01  0.783E-18  0.898E+00  0.292E+00  0.898E+00  0.127E-18  0.213E+17  0.185E+17  0.136E+16  0.388E+17  0.000E+00  0.000E+00  0.000E+00
 0.160E+01  0.990E+02  0.735E+01  0.110E+02  0.670E+01  0.528E+00 -0.362E+02  0.162E-18  0.141E-18  0.844E-18  0.774E-19  0.586E-01  0.723E-18  0.856E+00  0.275E+00  0.856E+00  0.116E-18  0.206E+17  0.179E+17  0.124E+16  0.358E+17  0.000E+00  0.000E+00  0.000E+00
 0.161E+01  0.990E+02  0.735E+01  0.110E+02  0.670E+01  0.528E+00 -0.366E+02  0.152E-18  0.132E-18  0.780E-18  0.706E-19  0.586E-01  0.668E-18  0.844E+00  0.268E+00  0.844E+00  0.106E-18  0.193E+17  0.168E+17  0.113E+16  0.331E+17  0.000E+00  0.000E+00  0.000E+00
 0.162E+01  0.990E+02  0.735E+01  0.110E+02  0.670E+01  0.528E+00 -0.370E+02  0.142E-18  0.124E-18  0.721E-18  0.645E-19  0.586E-01  0.618E-18  0.832E+00  0.261E+00  0.832E+00  0.968E-19  0.181E+17  0.158E+17  0.103E+16  0.306E+17  0.000E+00  0.000E+00  0.000E+00
 0.163E+01  0.990E+02  0.735E+01  0.110E+02  0.670E+01  0.528E+00 -0.374E+02  0.134E-18  0.117E-18  0.668E-18  0.590E-19  0.586E-01  0.572E-18  0.816E+00  0.252E+00  0.816E+00  0.885E-19  0.171E+17  0.149E+17  0.945E+15  0.283E+17  0.000E+00  0.000E+00  0.000E+00
 0.164E+01  0.990E+02  0.735E+01  0.110E+02  0.670E+01  0.528E+00 -0.378E+02  0.127E-18  0.110E-18  0.618E-18  0.540E-19  0.586E-01  0.530E-18  0.800E+00  0.244E+00  0.800E+00  0.810E-19  0.162E+17  0.141E+17  0.865E+15  0.262E+17  0.000E+00  0.000E+00  0.000E+00
 0.165E+01  0.990E+02  0.735E+01  0.110E+02  0.670E+01  0.528E+00 -0.381E+02  0.120E-18  0.104E-18  0.573E-18  0.495E-19  0.586E-01  0.491E-18  0.787E+00  0.238E+00  0.787E+00  0.742E-19  0.152E+17  0.132E+17  0.792E+15  0.243E+17  0.000E+00  0.000E+00  0.000E+00
 0.166E+01  0.990E+02  0.735E+01  0.110E+02  0.670E+01  0.528E+00 -0.385E+02  0.113E-18  0.987E-19  0.532E-18  0.453E-19  0.586E-01  0.456E-18  0.770E+00  0.230E+00  0.770E+00  0.680E-19  0.144E+17  0.126E+17  0.726E+15  0.226E+17  0.000E+00  0.000E+00  0.000E+00
 0.167E+01  0.990E+02  0.735E+01  0.110E+02  0.670E+01  0.528E+00 -0.388E+02  0.107E-18  0.928E-19  0.493E-18  0.416E-19  0.586E-01  0.423E-18  0.759E+00  0.224E+00  0.759E+00  0.623E-19  0.136E+17  0.118E+17  0.666E+15  0.209E+17  0.000E+00  0.000E+00  0.000E+00
 0.168E+01  0.990E+02  0.735E+01  0.110E+02  0.670E+01  0.528E+00 -0.392E+02  0.100E-18  0.871E-19  0.458E-18  0.381E-19  0.586E-01  0.393E-18  0.752E+00  0.219E+00  0.752E+00  0.572E-19  0.127E+17  0.111E+17  0.611E+15  0.194E+17  0.000E+00  0.000E+00  0.000E+00
 0.169E+01  0.990E+02  0.735E+01  0.110E+02  0.670E+01  0.528E+00 -0.395E+02  0.944E-19  0.821E-19  0.426E-18  0.350E-19  0.586E-01  0.365E-18  0.741E+00  0.213E+00  0.741E+00  0.526E-19  0.120E+17  0.105E+17  0.561E+15  0.181E+17  0.000E+00  0.000E+00  0.000E+00
 0.170E+01  0.990E+02  0.735E+01  0.110E+02  0.670E+01  0.528E+00 -0.399E+02  0.882E-19  0.767E-19  0.396E-18  0.322E-19  0.586E-01  0.339E-18  0.738E+00  0.210E+00  0.738E+00  0.483E-19  0.112E+17  0.976E+16  0.516E+15  0.168E+17  0.000E+00  0.000E+00  0.000E+00
 0.171E+01  0.990E+02  0.735E+01  0.110E+02  0.670E+01  0.528E+00 -0.402E+02  0.830E-19  0.721E-19  0.368E-18  0.296E-19  0.586E-01  0.316E-18  0.729E+00  0.205E+00  0.729E+00  0.444E-19  0.106E+17  0.919E+16  0.474E+15  0.156E+17  0.000E+00  0.000E+00  0.000E+00
 0.172E+01  0.990E+02  0.735E+01  0.110E+02  0.670E+01  0.528E+00 -0.406E+02  0.782E-19  0.680E-19  0.343E-18  0.273E-19  0.586E-01  0.294E-18  0.721E+00  0.201E+00  0.721E+00  0.409E-19  0.995E+16  0.865E+16  0.436E+15  0.146E+17  0.000E+00  0.000E+00  0.000E+00
 0.173E+01  0.990E+02  0.735E+01  0.110E+02  0.670E+01  0.528E+00 -0.409E+02  0.731E-19  0.636E-19  0.319E-18  0.251E-19  0.586E-01  0.274E-18  0.717E+00  0.197E+00  0.717E+00  0.377E-19  0.931E+16  0.810E+16  0.402E+15  0.136E+17  0.000E+00  0.000E+00  0.000E+00
 0.174E+01  0.990E+02  0.735E+01  0.110E+02  0.670E+01  0.528E+00 -0.412E+02  0.682E-19  0.593E-19  0.298E-18  0.231E-19  0.586E-01  0.255E-18  0.717E+00  0.195E+00  0.717E+00  0.347E-19  0.869E+16  0.755E+16  0.370E+15  0.126E+17  0.000E+00  0.000E+00  0.000E+00
 0.175E+01  0.990E+02  0.735E+01  0.110E+02  0.670E+01  0.528E+00 -0.415E+02  0.635E-19  0.553E-19  0.278E-18  0.213E-19  0.586E-01  0.238E-18  0.718E+00  0.193E+00  0.718E+00  0.320E-19  0.809E+16  0.704E+16  0.342E+15  0.118E+17  0.000E+00  0.000E+00  0.000E+00
 0.176E+01  0.990E+02  0.735E+01  0.110E+02  0.670E+01  0.528E+00 -0.419E+02  0.598E-19  0.520E-19  0.259E-18  0.197E-19  0.586E-01  0.222E-18  0.712E+00  0.189E+00  0.712E+00  0.295E-19  0.761E+16  0.662E+16  0.315E+15  0.110E+17  0.000E+00  0.000E+00  0.000E+00
 0.177E+01  0.990E+02  0.735E+01  0.110E+02  0.670E+01  0.528E+00 -0.422E+02  0.554E-19  0.481E-19  0.242E-18  0.182E-19  0.586E-01  0.207E-18  0.717E+00  0.189E+00  0.717E+00  0.273E-19  0.705E+16  0.613E+16  0.291E+15  0.103E+17  0.000E+00  0.000E+00  0.000E+00
 0.178E+01  0.990E+02  0.735E+01  0.110E+02  0.670E+01  0.528E+00 -0.425E+02  0.519E-19  0.452E-19  0.226E-18  0.168E-19  0.586E-01  0.194E-18  0.714E+00  0.186E+00  0.714E+00  0.252E-19  0.661E+16  0.575E+16  0.269E+15  0.958E+16  0.000E+00  0.000E+00  0.000E+00
 0.179E+01  0.990E+02  0.735E+01  0.110E+02  0.670E+01  0.528E+00 -0.428E+02  0.477E-19  0.415E-19  0.211E-18  0.155E-19  0.586E-01  0.181E-18  0.726E+00  0.187E+00  0.726E+00  0.233E-19  0.608E+16  0.528E+16  0.248E+15  0.896E+16  0.000E+00  0.000E+00  0.000E+00
 0.180E+01  0.990E+02  0.735E+01  0.110E+02  0.670E+01  0.528E+00 -0.431E+02  0.447E-19  0.389E-19  0.197E-18  0.143E-19  0.586E-01  0.169E-18  0.725E+00  0.184E+00  0.725E+00  0.215E-19  0.569E+16  0.495E+16  0.230E+15  0.837E+16  0.000E+00  0.000E+00  0.000E+00
 0.181E+01  0.990E+02  0.735E+01  0.110E+02  0.670E+01  0.528E+00 -0.434E+02  0.414E-19  0.360E-19  0.185E-18  0.133E-19  0.586E-01  0.158E-18  0.733E+00  0.185E+00  0.733E+00  0.199E-19  0.527E+16  0.458E+16  0.213E+15  0.783E+16  0.000E+00  0.000E+00  0.000E+00
 0.182E+01  0.990E+02  0.735E+01  0.110E+02  0.670E+01  0.528E+00 -0.437E+02  0.384E-19  0.334E-19  0.173E-18  0.123E-19  0.586E-01  0.148E-18  0.739E+00  0.184E+00  0.739E+00  0.184E-19  0.489E+16  0.425E+16  0.197E+15  0.733E+16  0.000E+00  0.000E+00  0.000E+00
 0.183E+01  0.990E+02  0.735E+01  0.110E+02  0.670E+01  0.528E+00 -0.440E+02  0.358E-19  0.311E-19  0.162E-18  0.114E-19  0.586E-01  0.139E-18  0.743E+00  0.183E+00  0.743E+00  0.171E-19  0.455E+16  0.396E+16  0.182E+15  0.686E+16  0.000E+00  0.000E+00  0.000E+00
 0.184E+01  0.990E+02  0.735E+01  0.110E+02  0.670E+01  0.528E+00 -0.443E+02  0.325E-19  0.283E-19  0.151E-18  0.106E-19  0.586E-01  0.130E-18  0.765E+00  0.187E+00  0.765E+00  0.158E-19  0.414E+16  0.360E+16  0.169E+15  0.643E+16  0.000E+00  0.000E+00  0.000E+00
 0.185E+01  0.990E+02  0.735E+01  0.110E+02  0.670E+01  0.528E+00 -0.446E+02  0.302E-19  0.262E-19  0.142E-18  0.979E-20  0.586E-01  0.122E-18  0.773E+00  0.187E+00  0.773E+00  0.147E-19  0.384E+16  0.334E+16  0.157E+15  0.603E+16  0.000E+00  0.000E+00  0.000E+00
 0.186E+01  0.990E+02  0.735E+01  0.110E+02  0.670E+01  0.528E+00 -0.449E+02  0.277E-19  0.241E-19  0.133E-18  0.908E-20  0.586E-01  0.114E-18  0.790E+00  0.189E+00  0.790E+00  0.136E-19  0.352E+16  0.306E+16  0.145E+15  0.565E+16  0.000E+00  0.000E+00  0.000E+00
 0.187E+01  0.990E+02  0.735E+01  0.110E+02  0.670E+01  0.528E+00 -0.452E+02  0.257E-19  0.224E-19  0.125E-18  0.843E-20  0.586E-01  0.107E-18  0.798E+00  0.189E+00  0.798E+00  0.126E-19  0.327E+16  0.285E+16  0.135E+15  0.530E+16  0.000E+00  0.000E+00  0.000E+00
 0.188E+01  0.990E+02  0.735E+01  0.110E+02  0.670E+01  0.528E+00 -0.455E+02  0.232E-19  0.202E-19  0.117E-18  0.783E-20  0.586E-01  0.100E-18  0.829E+00  0.194E+00  0.829E+00  0.117E-19  0.296E+16  0.257E+16  0.125E+15  0.497E+16  0.000E+00  0.000E+00  0.000E+00
 0.189E+01  0.990E+02  0.735E+01  0.110E+02  0.670E+01  0.528E+00 -0.457E+02  0.214E-19  0.186E-19  0.110E-18  0.728E-20  0.586E-01  0.943E-19  0.844E+00  0.195E+00  0.844E+00  0.109E-19  0.273E+16  0.237E+16  0.117E+15  0.467E+16  0.000E+00  0.000E+00  0.000E+00
 0.190E+01  0.990E+02  0.735E+01  0.110E+02  0.670E+01  0.528E+00 -0.460E+02  0.195E-19  0.170E-19  0.103E-18  0.677E-20  0.586E-01  0.886E-19  0.870E+00  0.199E+00  0.870E+00  0.101E-19  0.248E+16  0.216E+16  0.108E+15  0.439E+16  0.000E+00  0.000E+00  0.000E+00
 0.191E+01  0.990E+02  0.735E+01  0.110E+02  0.670E+01  0.528E+00 -0.463E+02  0.178E-19  0.155E-19  0.971E-19  0.629E-20  0.586E-01  0.832E-19  0.898E+00  0.204E+00  0.898E+00  0.944E-20  0.226E+16  0.197E+16  0.101E+15  0.412E+16  0.000E+00  0.000E+00  0.000E+00
 0.192E+01  0.990E+02  0.735E+01  0.110E+02  0.670E+01  0.528E+00 -0.466E+02  0.165E-19  0.143E-19  0.913E-19  0.586E-20  0.586E-01  0.782E-19  0.910E+00  0.204E+00  0.910E+00  0.878E-20  0.210E+16  0.182E+16  0.938E+14  0.387E+16  0.000E+00  0.000E+00  0.000E+00
 0.193E+01  0.990E+02  0.735E+01  0.110E+02  0.670E+01  0.528E+00 -0.468E+02  0.147E-19  0.128E-19  0.859E-19  0.545E-20  0.586E-01  0.736E-19  0.960E+00  0.213E+00  0.960E+00  0.818E-20  0.187E+16  0.163E+16  0.873E+14  0.364E+16  0.000E+00  0.000E+00  0.000E+00
 0.194E+01  0.990E+02  0.735E+01  0.110E+02  0.670E+01  0.528E+00 -0.471E+02  0.134E-19  0.116E-19  0.808E-19  0.508E-20  0.586E-01  0.692E-19  0.993E+00  0.218E+00  0.993E+00  0.762E-20  0.170E+16  0.148E+16  0.813E+14  0.343E+16  0.000E+00  0.000E+00  0.000E+00
 0.195E+01  0.990E+02  0.735E+01  0.110E+02  0.670E+01  0.528E+00 -0.474E+02  0.119E-19  0.103E-19  0.760E-19  0.473E-20  0.586E-01  0.652E-19  0.105E+01  0.229E+00  0.105E+01  0.710E-20  0.151E+16  0.132E+16  0.758E+14  0.323E+16  0.000E+00  0.000E+00  0.000E+00
 0.196E+01  0.990E+02  0.735E+01  0.110E+02  0.670E+01  0.528E+00 -0.476E+02  0.107E-19  0.931E-20  0.716E-19  0.441E-20  0.586E-01  0.614E-19  0.110E+01  0.237E+00  0.110E+01  0.662E-20  0.136E+16  0.119E+16  0.706E+14  0.304E+16  0.000E+00  0.000E+00  0.000E+00
 0.197E+01  0.990E+02  0.735E+01  0.110E+02  0.670E+01  0.528E+00 -0.479E+02  0.968E-20  0.842E-20  0.674E-19  0.411E-20  0.586E-01  0.578E-19  0.114E+01  0.244E+00  0.114E+01  0.617E-20  0.123E+16  0.107E+16  0.659E+14  0.286E+16  0.000E+00  0.000E+00  0.000E+00
 0.198E+01  0.990E+02  0.735E+01  0.110E+02  0.670E+01  0.528E+00 -0.481E+02  0.864E-20  0.752E-20  0.635E-19  0.384E-20  0.586E-01  0.545E-19  0.121E+01  0.255E+00  0.121E+01  0.576E-20  0.110E+16  0.957E+15  0.615E+14  0.270E+16  0.000E+00  0.000E+00  0.000E+00
 0.199E+01  0.990E+02  0.735E+01  0.110E+02  0.670E+01  0.528E+00 -0.484E+02  0.781E-20  0.679E-20  0.599E-19  0.358E-20  0.586E-01  0.513E-19  0.126E+01  0.264E+00  0.126E+01  0.537E-20  0.994E+15  0.864E+15  0.574E+14  0.254E+16  0.000E+00  0.000E+00  0.000E+00
 0.200E+01  0.990E+02  0.735E+01  0.110E+02  0.670E+01  0.528E+00 -0.486E+02  0.662E-20  0.576E-20  0.565E-19  0.335E-20  0.586E-01  0.484E-19  0.140E+01  0.291E+00  0.140E+01  0.502E-20  0.843E+15  0.733E+15  0.536E+14  0.240E+16  0.000E+00  0.000E+00  0.000E+00
