1 100.00    0.16     NaN        NaN        NaN     NaN     NaN  0.000E+00        NaN        NaN        NaN        NaN
1 100.00    0.28     NaN        NaN        NaN     NaN     NaN  0.000E+00        NaN        NaN        NaN        NaN
1 100.00    0.36     NaN        NaN        NaN     NaN     NaN  0.000E+00        NaN        NaN        NaN        NaN
1 100.00    0.49     NaN        NaN        NaN     NaN     NaN  0.000E+00        NaN        NaN        NaN        NaN
1 100.00    0.64     NaN        NaN        NaN     NaN     NaN  0.000E+00        NaN        NaN        NaN        NaN
1 100.00    0.70     NaN        NaN        NaN     NaN     NaN  0.000E+00        NaN        NaN        NaN        NaN
1 100.00    0.80     NaN        NaN        NaN     NaN     NaN  0.000E+00 -0.526E-02  0.000E+00 -0.526E-01        NaN
1 100.00    0.90     NaN        NaN        NaN     NaN     NaN  0.000E+00 -0.120E-01  0.000E+00 -0.120E+00        NaN
1 100.00    1.00     NaN        NaN        NaN     NaN     NaN  0.000E+00  0.000E+00  0.000E+00  0.000E+00        NaN
1 100.00    1.10     NaN        NaN        NaN     NaN     NaN  0.000E+00  0.000E+00  0.000E+00  0.000E+00        NaN
1 100.00    1.20     NaN        NaN        NaN     NaN     NaN  0.000E+00  0.000E+00  0.000E+00  0.000E+00        NaN
1 100.00    0.16     NaN        NaN        NaN     NaN     NaN  0.000E+00        NaN        NaN        NaN        NaN
1 100.00    0.28     NaN        NaN        NaN     NaN     NaN  0.000E+00        NaN        NaN        NaN        NaN
1 100.00    0.36     NaN        NaN        NaN     NaN     NaN  0.000E+00        NaN        NaN        NaN        NaN
1 100.00    0.49     NaN        NaN        NaN     NaN     NaN  0.000E+00        NaN        NaN        NaN        NaN
1 100.00    0.64     NaN        NaN        NaN     NaN     NaN  0.000E+00        NaN        NaN        NaN        NaN
1 100.00    0.70     NaN        NaN        NaN     NaN     NaN  0.000E+00        NaN        NaN        NaN        NaN
1 100.00    0.80     NaN        NaN        NaN     NaN     NaN  0.000E+00 -0.526E-02  0.000E+00 -0.526E-01        NaN
1 100.00    0.90     NaN        NaN        NaN     NaN     NaN  0.000E+00 -0.120E-01  0.000E+00 -0.120E+00        NaN
1 100.00    1.00     NaN        NaN        NaN     NaN     NaN  0.000E+00  0.000E+00  0.000E+00  0.000E+00        NaN
1 100.00    1.10     NaN        NaN        NaN     NaN     NaN  0.000E+00  0.000E+00  0.000E+00  0.000E+00        NaN
1 100.00    1.20     NaN        NaN        NaN     NaN     NaN  0.000E+00  0.000E+00  0.000E+00  0.000E+00        NaN
1 100.00    0.16     NaN        NaN        NaN     NaN     NaN  0.000E+00        NaN        NaN        NaN        NaN
1 100.00    0.28     NaN        NaN        NaN     NaN     NaN  0.000E+00        NaN        NaN        NaN        NaN
1 100.00    0.36     NaN        NaN        NaN     NaN     NaN  0.000E+00        NaN        NaN        NaN        NaN
1 100.00    0.49     NaN        NaN        NaN     NaN     NaN  0.000E+00        NaN        NaN        NaN        NaN
1 100.00    0.64     NaN        NaN        NaN     NaN     NaN  0.000E+00        NaN        NaN        NaN        NaN
1 100.00    0.70     NaN        NaN        NaN     NaN     NaN  0.000E+00        NaN        NaN        NaN        NaN
1 100.00    0.80     NaN        NaN        NaN     NaN     NaN  0.000E+00 -0.526E-02  0.000E+00 -0.526E-01        NaN
1 100.00    0.90     NaN        NaN        NaN     NaN     NaN  0.000E+00 -0.120E-01  0.000E+00 -0.120E+00        NaN
1 100.00    1.00     NaN        NaN        NaN     NaN     NaN  0.000E+00  0.000E+00  0.000E+00  0.000E+00        NaN
1 100.00    1.10     NaN        NaN        NaN     NaN     NaN  0.000E+00  0.000E+00  0.000E+00  0.000E+00        NaN
1 100.00    1.20     NaN        NaN        NaN     NaN     NaN  0.000E+00  0.000E+00  0.000E+00  0.000E+00        NaN
1 100.00    0.16     NaN        NaN        NaN     NaN     NaN  0.000E+00        NaN        NaN        NaN        NaN
1 100.00    0.28     NaN        NaN        NaN     NaN     NaN  0.000E+00        NaN        NaN        NaN        NaN
1 100.00    0.36     NaN        NaN        NaN     NaN     NaN  0.000E+00        NaN        NaN        NaN        NaN
1 100.00    0.49     NaN        NaN        NaN     NaN     NaN  0.000E+00        NaN        NaN        NaN        NaN
1 100.00    0.64     NaN        NaN        NaN     NaN     NaN  0.000E+00        NaN        NaN        NaN        NaN
1 100.00    0.70     NaN        NaN        NaN     NaN     NaN  0.000E+00        NaN        NaN        NaN        NaN
1 100.00    0.80     NaN        NaN        NaN     NaN     NaN  0.000E+00 -0.526E-02  0.000E+00 -0.526E-01        NaN
1 100.00    0.90     NaN        NaN        NaN     NaN     NaN  0.000E+00 -0.120E-01  0.000E+00 -0.120E+00        NaN
1 100.00    1.00     NaN        NaN        NaN     NaN     NaN  0.000E+00  0.000E+00  0.000E+00  0.000E+00        NaN
1 100.00    1.10     NaN        NaN        NaN     NaN     NaN  0.000E+00  0.000E+00  0.000E+00  0.000E+00        NaN
1 100.00    1.20     NaN        NaN        NaN     NaN     NaN  0.000E+00  0.000E+00  0.000E+00  0.000E+00        NaN
1   0.55    0.16    0.12        NaN        NaN     NaN     NaN  0.000E+00        NaN        NaN        NaN        NaN
1   0.55    0.28    0.12        NaN        NaN     NaN     NaN  0.000E+00        NaN        NaN        NaN        NaN
1   0.55    0.36    0.12  0.852E-02  0.388E-02    5.72    2.72  0.306E+08  0.377E-02  0.172E-02  0.799E-02 -0.365E-02
1   0.55    0.49    0.12  0.415E-02  0.919E-03    4.54    3.52  0.129E+09  0.391E-02  0.864E-03  0.136E-01 -0.267E-02
1   0.55    0.64    0.12  0.119E-01  0.972E-03    3.53    4.70  0.158E+08  0.402E-02  0.329E-03  0.171E-01 -0.906E-03
1   0.55    0.70    0.12  0.696E-01  0.343E-02    3.30    5.65  0.459E+06  0.402E-02  0.198E-03  0.172E-01 -0.450E-03
1   0.55    0.80    0.12        NaN        NaN     NaN     NaN  0.000E+00  0.609E-02  0.000E+00 -0.526E-01        NaN
1   0.55    0.90    0.12        NaN        NaN     NaN     NaN  0.000E+00  0.116E-01  0.000E+00 -0.120E+00        NaN
1   0.55    1.00    0.12        NaN        NaN     NaN     NaN  0.000E+00  0.370E-02  0.000E+00  0.000E+00        NaN
1   0.55    1.10    0.12        NaN        NaN     NaN     NaN  0.000E+00  0.370E-02  0.000E+00  0.000E+00        NaN
1   0.55    1.20    0.12        NaN        NaN     NaN     NaN  0.000E+00  0.370E-02  0.000E+00  0.000E+00        NaN
2   0.15    0.16    0.43  0.171E-02  0.212E-02    7.06    1.18  0.816E+09  0.372E-02  0.461E-02 -0.439E-02  0.581E-02
2   0.15    0.28    0.43  0.451E-02  0.316E-02    5.44    1.73  0.118E+09  0.371E-02  0.260E-02  0.340E-02 -0.254E-02
2   0.15    0.36    0.43  0.201E-01  0.927E-02    4.69    2.14  0.596E+07  0.377E-02  0.174E-02  0.797E-02 -0.379E-02
2   0.15    0.49    0.43        NaN        NaN     NaN     NaN  0.000E+00        NaN        NaN        NaN        NaN
2   0.15    0.64    0.43        NaN        NaN     NaN     NaN  0.000E+00        NaN        NaN        NaN        NaN
2   0.15    0.70    0.43        NaN        NaN     NaN     NaN  0.000E+00        NaN        NaN        NaN        NaN
2   0.15    0.80    0.43        NaN        NaN     NaN     NaN  0.000E+00  0.609E-02  0.000E+00 -0.526E-01        NaN
2   0.15    0.90    0.43        NaN        NaN     NaN     NaN  0.000E+00  0.116E-01  0.000E+00 -0.120E+00        NaN
2   0.15    1.00    0.43        NaN        NaN     NaN     NaN  0.000E+00  0.370E-02  0.000E+00  0.000E+00        NaN
2   0.15    1.10    0.43        NaN        NaN     NaN     NaN  0.000E+00  0.370E-02  0.000E+00  0.000E+00        NaN
2   0.15    1.20    0.43        NaN        NaN     NaN     NaN  0.000E+00  0.370E-02  0.000E+00  0.000E+00        NaN
2   0.30    0.16    0.28  0.570E-02  0.707E-02    7.04    1.17  0.723E+08  0.372E-02  0.461E-02 -0.439E-02  0.581E-02
2   0.30    0.28    0.28  0.334E-02  0.235E-02    5.55    1.77  0.210E+09  0.371E-02  0.260E-02  0.340E-02 -0.254E-02
2   0.30    0.36    0.28  0.402E-02  0.185E-02    4.52    2.05  0.146E+09  0.377E-02  0.174E-02  0.796E-02 -0.382E-02
2   0.30    0.49    0.28  0.508E-02  0.117E-02    3.70    2.70  0.911E+08  0.390E-02  0.900E-03  0.136E-01 -0.284E-02
2   0.30    0.64    0.28        NaN        NaN     NaN     NaN  0.000E+00        NaN        NaN        NaN        NaN
2   0.30    0.70    0.28        NaN        NaN     NaN     NaN  0.000E+00        NaN        NaN        NaN        NaN
2   0.30    0.80    0.28        NaN        NaN     NaN     NaN  0.000E+00  0.609E-02  0.000E+00 -0.526E-01        NaN
2   0.30    0.90    0.28        NaN        NaN     NaN     NaN  0.000E+00  0.116E-01  0.000E+00 -0.120E+00        NaN
2   0.30    1.00    0.28        NaN        NaN     NaN     NaN  0.000E+00  0.370E-02  0.000E+00  0.000E+00        NaN
2   0.30    1.10    0.28        NaN        NaN     NaN     NaN  0.000E+00  0.370E-02  0.000E+00  0.000E+00        NaN
2   0.30    1.20    0.28        NaN        NaN     NaN     NaN  0.000E+00  0.370E-02  0.000E+00  0.000E+00        NaN
2   0.45    0.16    0.20        NaN        NaN    7.04    1.17  0.000E+00  0.372E-02  0.461E-02 -0.439E-02  0.581E-02
2   0.45    0.28    0.20  0.728E-02  0.510E-02    5.55    1.77  0.428E+08  0.371E-02  0.260E-02  0.340E-02 -0.254E-02
2   0.45    0.36    0.20  0.454E-02  0.210E-02    4.60    2.09  0.110E+09  0.377E-02  0.174E-02  0.796E-02 -0.381E-02
2   0.45    0.49    0.20  0.410E-02  0.939E-03    3.78    2.79  0.135E+09  0.390E-02  0.893E-03  0.136E-01 -0.282E-02
2   0.45    0.64    0.20        NaN        NaN     NaN     NaN  0.000E+00        NaN        NaN        NaN        NaN
2   0.45    0.70    0.20        NaN        NaN     NaN     NaN  0.000E+00        NaN        NaN        NaN        NaN
2   0.45    0.80    0.20        NaN        NaN     NaN     NaN  0.000E+00  0.609E-02  0.000E+00 -0.526E-01        NaN
2   0.45    0.90    0.20        NaN        NaN     NaN     NaN  0.000E+00  0.116E-01  0.000E+00 -0.120E+00        NaN
2   0.45    1.00    0.20        NaN        NaN     NaN     NaN  0.000E+00  0.370E-02  0.000E+00  0.000E+00        NaN
2   0.45    1.10    0.20        NaN        NaN     NaN     NaN  0.000E+00  0.370E-02  0.000E+00  0.000E+00        NaN
2   0.45    1.20    0.20        NaN        NaN     NaN     NaN  0.000E+00  0.370E-02  0.000E+00  0.000E+00        NaN
2 100.00    0.16     NaN        NaN        NaN    7.04    1.17  0.000E+00 -0.439E-03  0.544E-03 -0.439E-02  0.581E-02
2 100.00    0.28     NaN        NaN        NaN    5.55    1.77  0.000E+00  0.340E-03  0.238E-03  0.340E-02 -0.254E-02
2 100.00    0.36     NaN        NaN        NaN    4.60    2.09  0.000E+00  0.796E-03  0.368E-03  0.796E-02 -0.381E-02
2 100.00    0.49     NaN        NaN        NaN    3.78    2.79  0.000E+00  0.136E-02  0.310E-03  0.136E-01 -0.282E-02
2 100.00    0.64     NaN        NaN        NaN     NaN     NaN  0.000E+00        NaN        NaN        NaN        NaN
2 100.00    0.70     NaN        NaN        NaN     NaN     NaN  0.000E+00        NaN        NaN        NaN        NaN
2 100.00    0.80     NaN        NaN        NaN     NaN     NaN  0.000E+00 -0.526E-02  0.000E+00 -0.526E-01        NaN
2 100.00    0.90     NaN        NaN        NaN     NaN     NaN  0.000E+00 -0.120E-01  0.000E+00 -0.120E+00        NaN
2 100.00    1.00     NaN        NaN        NaN     NaN     NaN  0.000E+00  0.000E+00  0.000E+00  0.000E+00        NaN
2 100.00    1.10     NaN        NaN        NaN     NaN     NaN  0.000E+00  0.000E+00  0.000E+00  0.000E+00        NaN
2 100.00    1.20     NaN        NaN        NaN     NaN     NaN  0.000E+00  0.000E+00  0.000E+00  0.000E+00        NaN
2 100.00    0.16     NaN        NaN        NaN    7.04    1.17  0.000E+00 -0.439E-03  0.544E-03 -0.439E-02  0.581E-02
2 100.00    0.28     NaN        NaN        NaN    5.55    1.77  0.000E+00  0.340E-03  0.238E-03  0.340E-02 -0.254E-02
2 100.00    0.36     NaN        NaN        NaN    4.60    2.09  0.000E+00  0.796E-03  0.368E-03  0.796E-02 -0.381E-02
2 100.00    0.49     NaN        NaN        NaN    3.78    2.79  0.000E+00  0.136E-02  0.310E-03  0.136E-01 -0.282E-02
2 100.00    0.64     NaN        NaN        NaN     NaN     NaN  0.000E+00        NaN        NaN        NaN        NaN
2 100.00    0.70     NaN        NaN        NaN     NaN     NaN  0.000E+00        NaN        NaN        NaN        NaN
2 100.00    0.80     NaN        NaN        NaN     NaN     NaN  0.000E+00 -0.526E-02  0.000E+00 -0.526E-01        NaN
2 100.00    0.90     NaN        NaN        NaN     NaN     NaN  0.000E+00 -0.120E-01  0.000E+00 -0.120E+00        NaN
2 100.00    1.00     NaN        NaN        NaN     NaN     NaN  0.000E+00  0.000E+00  0.000E+00  0.000E+00        NaN
2 100.00    1.10     NaN        NaN        NaN     NaN     NaN  0.000E+00  0.000E+00  0.000E+00  0.000E+00        NaN
2 100.00    1.20     NaN        NaN        NaN     NaN     NaN  0.000E+00  0.000E+00  0.000E+00  0.000E+00        NaN
