 0.100E+00  0.163E+01  0.713E+02  0.880E+01  0.136E+00  0.866E+01  0.155E+02  0.637E-09  0.638E-09  0.433E-08  0.124E-08  0.285E+00  0.371E-08  0.971E+00  0.972E+00  0.969E+00  0.000E+00  0.705E+26  0.706E+26  0.173E+26  0.160E+27  0.371E-28  0.000E+00  0.000E+00
 0.110E+00  0.179E+01  0.713E+02  0.880E+01  0.149E+00  0.865E+01  0.153E+02  0.625E-09  0.626E-09  0.428E-08  0.122E-08  0.284E+00  0.366E-08  0.977E+00  0.977E+00  0.975E+00  0.000E+00  0.692E+26  0.693E+26  0.170E+26  0.158E+27  0.366E-28  0.000E+00  0.000E+00
 0.120E+00  0.195E+01  0.713E+02  0.880E+01  0.163E+00  0.864E+01  0.151E+02  0.612E-09  0.613E-09  0.421E-08  0.120E-08  0.283E+00  0.360E-08  0.981E+00  0.981E+00  0.980E+00  0.000E+00  0.678E+26  0.679E+26  0.167E+26  0.155E+27  0.360E-28  0.000E+00  0.000E+00
 0.130E+00  0.210E+01  0.713E+02  0.880E+01  0.176E+00  0.862E+01  0.150E+02  0.599E-09  0.599E-09  0.413E-08  0.118E-08  0.282E+00  0.354E-08  0.984E+00  0.984E+00  0.983E+00  0.000E+00  0.663E+26  0.664E+26  0.164E+26  0.152E+27  0.354E-28  0.000E+00  0.000E+00
 0.140E+00  0.226E+01  0.713E+02  0.880E+01  0.189E+00  0.861E+01  0.148E+02  0.585E-09  0.585E-09  0.404E-08  0.115E-08  0.282E+00  0.346E-08  0.986E+00  0.986E+00  0.985E+00  0.000E+00  0.647E+26  0.648E+26  0.161E+26  0.149E+27  0.346E-28  0.000E+00  0.000E+00
 0.150E+00  0.242E+01  0.713E+02  0.880E+01  0.202E+00  0.860E+01  0.146E+02  0.570E-09  0.570E-09  0.395E-08  0.113E-08  0.281E+00  0.338E-08  0.988E+00  0.988E+00  0.987E+00  0.000E+00  0.631E+26  0.632E+26  0.157E+26  0.146E+27  0.338E-28  0.000E+00  0.000E+00
 0.160E+00  0.258E+01  0.713E+02  0.880E+01  0.215E+00  0.858E+01  0.144E+02  0.555E-09  0.555E-09  0.385E-08  0.110E-08  0.281E+00  0.329E-08  0.990E+00  0.989E+00  0.989E+00  0.000E+00  0.614E+26  0.615E+26  0.153E+26  0.142E+27  0.329E-28  0.000E+00  0.000E+00
 0.170E+00  0.273E+01  0.713E+02  0.880E+01  0.228E+00  0.857E+01  0.142E+02  0.539E-09  0.539E-09  0.374E-08  0.107E-08  0.281E+00  0.320E-08  0.991E+00  0.991E+00  0.990E+00  0.000E+00  0.596E+26  0.597E+26  0.149E+26  0.138E+27  0.320E-28  0.000E+00  0.000E+00
 0.180E+00  0.289E+01  0.713E+02  0.880E+01  0.242E+00  0.856E+01  0.140E+02  0.522E-09  0.523E-09  0.363E-08  0.104E-08  0.281E+00  0.311E-08  0.992E+00  0.992E+00  0.991E+00  0.000E+00  0.578E+26  0.579E+26  0.144E+26  0.134E+27  0.311E-28  0.000E+00  0.000E+00
 0.190E+00  0.305E+01  0.713E+02  0.880E+01  0.255E+00  0.855E+01  0.139E+02  0.506E-09  0.506E-09  0.352E-08  0.101E-08  0.280E+00  0.301E-08  0.993E+00  0.993E+00  0.992E+00  0.000E+00  0.560E+26  0.560E+26  0.140E+26  0.130E+27  0.301E-28  0.000E+00  0.000E+00
 0.200E+00  0.320E+01  0.713E+02  0.880E+01  0.268E+00  0.853E+01  0.137E+02  0.489E-09  0.489E-09  0.340E-08  0.973E-09  0.280E+00  0.291E-08  0.994E+00  0.994E+00  0.993E+00  0.000E+00  0.542E+26  0.542E+26  0.135E+26  0.126E+27  0.291E-28  0.000E+00  0.000E+00
 0.210E+00  0.336E+01  0.713E+02  0.880E+01  0.281E+00  0.852E+01  0.135E+02  0.472E-09  0.472E-09  0.329E-08  0.940E-09  0.280E+00  0.282E-08  0.994E+00  0.995E+00  0.994E+00  0.000E+00  0.523E+26  0.523E+26  0.131E+26  0.121E+27  0.282E-28  0.000E+00  0.000E+00
 0.220E+00  0.351E+01  0.713E+02  0.880E+01  0.293E+00  0.851E+01  0.133E+02  0.455E-09  0.455E-09  0.317E-08  0.906E-09  0.280E+00  0.271E-08  0.995E+00  0.996E+00  0.994E+00  0.000E+00  0.504E+26  0.504E+26  0.126E+26  0.117E+27  0.271E-28  0.000E+00  0.000E+00
 0.230E+00  0.367E+01  0.713E+02  0.880E+01  0.306E+00  0.849E+01  0.132E+02  0.438E-09  0.438E-09  0.305E-08  0.873E-09  0.280E+00  0.261E-08  0.995E+00  0.996E+00  0.995E+00  0.000E+00  0.485E+26  0.485E+26  0.122E+26  0.113E+27  0.261E-28  0.000E+00  0.000E+00
 0.240E+00  0.382E+01  0.713E+02  0.880E+01  0.319E+00  0.848E+01  0.130E+02  0.421E-09  0.421E-09  0.293E-08  0.839E-09  0.280E+00  0.251E-08  0.996E+00  0.997E+00  0.995E+00  0.000E+00  0.466E+26  0.466E+26  0.117E+26  0.108E+27  0.251E-28  0.000E+00  0.000E+00
 0.250E+00  0.397E+01  0.713E+02  0.880E+01  0.332E+00  0.847E+01  0.128E+02  0.404E-09  0.404E-09  0.282E-08  0.806E-09  0.280E+00  0.241E-08  0.996E+00  0.998E+00  0.996E+00  0.000E+00  0.448E+26  0.447E+26  0.112E+26  0.104E+27  0.241E-28  0.000E+00  0.000E+00
 0.260E+00  0.413E+01  0.713E+02  0.880E+01  0.345E+00  0.846E+01  0.126E+02  0.387E-09  0.387E-09  0.270E-08  0.773E-09  0.280E+00  0.231E-08  0.996E+00  0.998E+00  0.996E+00  0.000E+00  0.429E+26  0.429E+26  0.108E+26  0.997E+26  0.231E-28  0.000E+00  0.000E+00
 0.270E+00  0.428E+01  0.713E+02  0.880E+01  0.357E+00  0.844E+01  0.124E+02  0.371E-09  0.371E-09  0.258E-08  0.740E-09  0.280E+00  0.221E-08  0.996E+00  0.998E+00  0.996E+00  0.000E+00  0.411E+26  0.410E+26  0.103E+26  0.954E+26  0.221E-28  0.000E+00  0.000E+00
 0.280E+00  0.443E+01  0.713E+02  0.880E+01  0.370E+00  0.843E+01  0.123E+02  0.355E-09  0.354E-09  0.247E-08  0.708E-09  0.280E+00  0.212E-08  0.996E+00  0.998E+00  0.996E+00  0.000E+00  0.393E+26  0.392E+26  0.985E+25  0.912E+26  0.212E-28  0.000E+00  0.000E+00
 0.290E+00  0.458E+01  0.713E+02  0.880E+01  0.383E+00  0.842E+01  0.121E+02  0.339E-09  0.338E-09  0.236E-08  0.676E-09  0.280E+00  0.202E-08  0.995E+00  0.998E+00  0.995E+00  0.000E+00  0.375E+26  0.375E+26  0.941E+25  0.870E+26  0.202E-28  0.000E+00  0.000E+00
 0.300E+00  0.473E+01  0.713E+02  0.880E+01  0.395E+00  0.840E+01  0.119E+02  0.323E-09  0.323E-09  0.225E-08  0.645E-09  0.280E+00  0.193E-08  0.995E+00  0.998E+00  0.995E+00  0.000E+00  0.358E+26  0.357E+26  0.898E+25  0.829E+26  0.193E-28  0.000E+00  0.000E+00
 0.310E+00  0.488E+01  0.713E+02  0.880E+01  0.408E+00  0.839E+01  0.117E+02  0.308E-09  0.308E-09  0.214E-08  0.614E-09  0.280E+00  0.183E-08  0.994E+00  0.998E+00  0.994E+00  0.000E+00  0.341E+26  0.341E+26  0.855E+25  0.790E+26  0.183E-28  0.000E+00  0.000E+00
 0.320E+00  0.503E+01  0.713E+02  0.880E+01  0.420E+00  0.838E+01  0.116E+02  0.293E-09  0.293E-09  0.203E-08  0.584E-09  0.280E+00  0.174E-08  0.992E+00  0.998E+00  0.993E+00  0.000E+00  0.324E+26  0.324E+26  0.813E+25  0.751E+26  0.174E-28  0.000E+00  0.000E+00
 0.330E+00  0.518E+01  0.713E+02  0.880E+01  0.433E+00  0.837E+01  0.114E+02  0.279E-09  0.278E-09  0.193E-08  0.555E-09  0.281E+00  0.166E-08  0.991E+00  0.997E+00  0.992E+00  0.000E+00  0.308E+26  0.308E+26  0.773E+25  0.712E+26  0.166E-28  0.000E+00  0.000E+00
 0.340E+00  0.533E+01  0.713E+02  0.880E+01  0.445E+00  0.835E+01  0.112E+02  0.265E-09  0.264E-09  0.183E-08  0.527E-09  0.281E+00  0.157E-08  0.990E+00  0.996E+00  0.990E+00  0.000E+00  0.293E+26  0.293E+26  0.733E+25  0.676E+26  0.157E-28  0.000E+00  0.000E+00
 0.350E+00  0.548E+01  0.713E+02  0.880E+01  0.458E+00  0.834E+01  0.111E+02  0.251E-09  0.251E-09  0.173E-08  0.499E-09  0.281E+00  0.149E-08  0.988E+00  0.996E+00  0.989E+00  0.000E+00  0.278E+26  0.278E+26  0.695E+25  0.640E+26  0.149E-28  0.000E+00  0.000E+00
 0.360E+00  0.563E+01  0.713E+02  0.880E+01  0.470E+00  0.833E+01  0.109E+02  0.238E-09  0.238E-09  0.164E-08  0.472E-09  0.282E+00  0.141E-08  0.986E+00  0.995E+00  0.987E+00  0.000E+00  0.263E+26  0.263E+26  0.658E+25  0.605E+26  0.141E-28  0.000E+00  0.000E+00
 0.370E+00  0.577E+01  0.713E+02  0.880E+01  0.483E+00  0.832E+01  0.107E+02  0.225E-09  0.225E-09  0.155E-08  0.447E-09  0.282E+00  0.133E-08  0.984E+00  0.994E+00  0.985E+00  0.000E+00  0.249E+26  0.249E+26  0.622E+25  0.572E+26  0.133E-28  0.000E+00  0.000E+00
 0.380E+00  0.592E+01  0.713E+02  0.880E+01  0.495E+00  0.831E+01  0.105E+02  0.213E-09  0.213E-09  0.146E-08  0.422E-09  0.282E+00  0.125E-08  0.982E+00  0.992E+00  0.983E+00  0.000E+00  0.236E+26  0.235E+26  0.588E+25  0.539E+26  0.125E-28  0.000E+00  0.000E+00
 0.390E+00  0.607E+01  0.713E+02  0.880E+01  0.507E+00  0.829E+01  0.104E+02  0.201E-09  0.201E-09  0.138E-08  0.398E-09  0.283E+00  0.118E-08  0.979E+00  0.991E+00  0.981E+00  0.000E+00  0.223E+26  0.222E+26  0.555E+25  0.508E+26  0.118E-28  0.000E+00  0.000E+00
 0.400E+00  0.622E+01  0.713E+02  0.880E+01  0.519E+00  0.828E+01  0.102E+02  0.190E-09  0.190E-09  0.130E-08  0.375E-09  0.283E+00  0.111E-08  0.977E+00  0.990E+00  0.979E+00  0.000E+00  0.210E+26  0.210E+26  0.523E+25  0.479E+26  0.111E-28  0.000E+00  0.000E+00
 0.410E+00  0.636E+01  0.713E+02  0.880E+01  0.532E+00  0.827E+01  0.100E+02  0.179E-09  0.179E-09  0.122E-08  0.354E-09  0.284E+00  0.105E-08  0.975E+00  0.988E+00  0.976E+00  0.000E+00  0.198E+26  0.198E+26  0.492E+25  0.450E+26  0.105E-28  0.000E+00  0.000E+00
 0.420E+00  0.651E+01  0.713E+02  0.880E+01  0.544E+00  0.826E+01  0.987E+01  0.169E-09  0.169E-09  0.115E-08  0.333E-09  0.284E+00  0.985E-09  0.972E+00  0.987E+00  0.974E+00  0.000E+00  0.187E+26  0.187E+26  0.463E+25  0.423E+26  0.985E-29  0.000E+00  0.000E+00
 0.430E+00  0.665E+01  0.713E+02  0.880E+01  0.556E+00  0.824E+01  0.970E+01  0.159E-09  0.159E-09  0.108E-08  0.313E-09  0.285E+00  0.925E-09  0.969E+00  0.985E+00  0.972E+00  0.000E+00  0.176E+26  0.176E+26  0.435E+25  0.397E+26  0.925E-29  0.000E+00  0.000E+00
 0.440E+00  0.680E+01  0.713E+02  0.880E+01  0.568E+00  0.823E+01  0.953E+01  0.150E-09  0.149E-09  0.101E-08  0.294E-09  0.285E+00  0.868E-09  0.967E+00  0.983E+00  0.969E+00  0.000E+00  0.166E+26  0.165E+26  0.409E+25  0.373E+26  0.868E-29  0.000E+00  0.000E+00
 0.450E+00  0.694E+01  0.713E+02  0.880E+01  0.580E+00  0.822E+01  0.936E+01  0.141E-09  0.140E-09  0.947E-09  0.275E-09  0.286E+00  0.813E-09  0.964E+00  0.982E+00  0.967E+00  0.000E+00  0.156E+26  0.155E+26  0.383E+25  0.349E+26  0.813E-29  0.000E+00  0.000E+00
 0.460E+00  0.709E+01  0.713E+02  0.880E+01  0.592E+00  0.821E+01  0.920E+01  0.132E-09  0.132E-09  0.886E-09  0.258E-09  0.287E+00  0.762E-09  0.961E+00  0.980E+00  0.964E+00  0.000E+00  0.146E+26  0.146E+26  0.359E+25  0.327E+26  0.762E-29  0.000E+00  0.000E+00
 0.470E+00  0.723E+01  0.713E+02  0.880E+01  0.604E+00  0.820E+01  0.903E+01  0.124E-09  0.124E-09  0.829E-09  0.242E-09  0.287E+00  0.713E-09  0.959E+00  0.978E+00  0.961E+00  0.000E+00  0.137E+26  0.137E+26  0.337E+25  0.306E+26  0.713E-29  0.000E+00  0.000E+00
 0.480E+00  0.737E+01  0.713E+02  0.880E+01  0.616E+00  0.818E+01  0.887E+01  0.116E-09  0.116E-09  0.775E-09  0.226E-09  0.288E+00  0.667E-09  0.956E+00  0.976E+00  0.959E+00  0.000E+00  0.129E+26  0.128E+26  0.315E+25  0.286E+26  0.667E-29  0.000E+00  0.000E+00
 0.490E+00  0.751E+01  0.713E+02  0.880E+01  0.628E+00  0.817E+01  0.870E+01  0.109E-09  0.109E-09  0.724E-09  0.211E-09  0.288E+00  0.623E-09  0.953E+00  0.974E+00  0.956E+00  0.000E+00  0.120E+26  0.120E+26  0.294E+25  0.267E+26  0.623E-29  0.000E+00  0.000E+00
 0.500E+00  0.766E+01  0.713E+02  0.880E+01  0.640E+00  0.816E+01  0.854E+01  0.102E-09  0.102E-09  0.676E-09  0.197E-09  0.289E+00  0.581E-09  0.950E+00  0.972E+00  0.954E+00  0.000E+00  0.113E+26  0.112E+26  0.275E+25  0.249E+26  0.581E-29  0.000E+00  0.000E+00
 0.510E+00  0.780E+01  0.713E+02  0.880E+01  0.652E+00  0.815E+01  0.837E+01  0.953E-10  0.950E-10  0.630E-09  0.184E-09  0.289E+00  0.542E-09  0.948E+00  0.970E+00  0.951E+00  0.000E+00  0.105E+26  0.105E+26  0.256E+25  0.233E+26  0.542E-29  0.000E+00  0.000E+00
 0.520E+00  0.794E+01  0.713E+02  0.880E+01  0.663E+00  0.814E+01  0.821E+01  0.890E-10  0.888E-10  0.587E-09  0.172E-09  0.290E+00  0.505E-09  0.945E+00  0.967E+00  0.948E+00  0.000E+00  0.986E+25  0.983E+25  0.239E+25  0.217E+26  0.505E-29  0.000E+00  0.000E+00
 0.530E+00  0.808E+01  0.713E+02  0.880E+01  0.675E+00  0.812E+01  0.805E+01  0.831E-10  0.829E-10  0.546E-09  0.160E-09  0.291E+00  0.470E-09  0.942E+00  0.965E+00  0.946E+00  0.000E+00  0.920E+25  0.917E+25  0.223E+25  0.202E+26  0.470E-29  0.000E+00  0.000E+00
 0.540E+00  0.822E+01  0.713E+02  0.880E+01  0.687E+00  0.811E+01  0.788E+01  0.775E-10  0.773E-10  0.508E-09  0.149E-09  0.291E+00  0.437E-09  0.939E+00  0.963E+00  0.943E+00  0.000E+00  0.858E+25  0.856E+25  0.207E+25  0.188E+26  0.437E-29  0.000E+00  0.000E+00
 0.550E+00  0.836E+01  0.713E+02  0.880E+01  0.699E+00  0.810E+01  0.772E+01  0.723E-10  0.720E-10  0.472E-09  0.138E-09  0.292E+00  0.406E-09  0.936E+00  0.960E+00  0.940E+00  0.000E+00  0.800E+25  0.798E+25  0.193E+25  0.174E+26  0.406E-29  0.000E+00  0.000E+00
 0.560E+00  0.850E+01  0.713E+02  0.880E+01  0.710E+00  0.809E+01  0.756E+01  0.673E-10  0.671E-10  0.438E-09  0.128E-09  0.293E+00  0.377E-09  0.933E+00  0.958E+00  0.937E+00  0.000E+00  0.745E+25  0.743E+25  0.179E+25  0.162E+26  0.377E-29  0.000E+00  0.000E+00
 0.570E+00  0.864E+01  0.713E+02  0.880E+01  0.722E+00  0.808E+01  0.740E+01  0.626E-10  0.624E-10  0.406E-09  0.119E-09  0.293E+00  0.350E-09  0.930E+00  0.955E+00  0.935E+00  0.000E+00  0.693E+25  0.691E+25  0.166E+25  0.150E+26  0.350E-29  0.000E+00  0.000E+00
 0.580E+00  0.878E+01  0.713E+02  0.880E+01  0.734E+00  0.807E+01  0.724E+01  0.582E-10  0.580E-10  0.376E-09  0.110E-09  0.294E+00  0.324E-09  0.927E+00  0.952E+00  0.932E+00  0.000E+00  0.644E+25  0.642E+25  0.154E+25  0.139E+26  0.324E-29  0.000E+00  0.000E+00
 0.590E+00  0.892E+01  0.713E+02  0.880E+01  0.745E+00  0.805E+01  0.708E+01  0.540E-10  0.539E-10  0.348E-09  0.102E-09  0.295E+00  0.300E-09  0.924E+00  0.949E+00  0.929E+00  0.000E+00  0.598E+25  0.596E+25  0.142E+25  0.129E+26  0.300E-29  0.000E+00  0.000E+00
 0.600E+00  0.906E+01  0.713E+02  0.880E+01  0.757E+00  0.804E+01  0.692E+01  0.501E-10  0.500E-10  0.322E-09  0.946E-10  0.295E+00  0.278E-09  0.921E+00  0.946E+00  0.926E+00  0.000E+00  0.555E+25  0.553E+25  0.132E+25  0.119E+26  0.278E-29  0.000E+00  0.000E+00
 0.610E+00  0.919E+01  0.713E+02  0.880E+01  0.768E+00  0.803E+01  0.676E+01  0.465E-10  0.463E-10  0.298E-09  0.874E-10  0.296E+00  0.257E-09  0.918E+00  0.943E+00  0.923E+00  0.000E+00  0.515E+25  0.513E+25  0.122E+25  0.110E+26  0.257E-29  0.000E+00  0.000E+00
 0.620E+00  0.933E+01  0.713E+02  0.880E+01  0.780E+00  0.802E+01  0.660E+01  0.430E-10  0.429E-10  0.275E-09  0.806E-10  0.297E+00  0.237E-09  0.915E+00  0.940E+00  0.921E+00  0.000E+00  0.476E+25  0.475E+25  0.112E+25  0.101E+26  0.237E-29  0.000E+00  0.000E+00
 0.630E+00  0.947E+01  0.713E+02  0.880E+01  0.791E+00  0.801E+01  0.644E+01  0.398E-10  0.397E-10  0.253E-09  0.743E-10  0.297E+00  0.218E-09  0.912E+00  0.936E+00  0.917E+00  0.000E+00  0.441E+25  0.439E+25  0.103E+25  0.935E+25  0.218E-29  0.000E+00  0.000E+00
 0.640E+00  0.960E+01  0.713E+02  0.880E+01  0.803E+00  0.800E+01  0.628E+01  0.368E-10  0.367E-10  0.233E-09  0.684E-10  0.298E+00  0.201E-09  0.910E+00  0.934E+00  0.915E+00  0.000E+00  0.407E+25  0.406E+25  0.953E+24  0.862E+25  0.201E-29  0.000E+00  0.000E+00
 0.650E+00  0.974E+01  0.713E+02  0.880E+01  0.814E+00  0.799E+01  0.613E+01  0.339E-10  0.338E-10  0.215E-09  0.630E-10  0.298E+00  0.185E-09  0.908E+00  0.932E+00  0.914E+00  0.000E+00  0.375E+25  0.374E+25  0.877E+24  0.793E+25  0.185E-29  0.000E+00  0.000E+00
 0.660E+00  0.988E+01  0.713E+02  0.880E+01  0.825E+00  0.797E+01  0.597E+01  0.312E-10  0.311E-10  0.198E-09  0.578E-10  0.299E+00  0.171E-09  0.907E+00  0.929E+00  0.913E+00  0.000E+00  0.346E+25  0.345E+25  0.805E+24  0.729E+25  0.171E-29  0.000E+00  0.000E+00
 0.670E+00  0.100E+02  0.713E+02  0.880E+01  0.837E+00  0.796E+01  0.581E+01  0.287E-10  0.286E-10  0.182E-09  0.531E-10  0.299E+00  0.157E-09  0.906E+00  0.927E+00  0.912E+00  0.000E+00  0.318E+25  0.317E+25  0.739E+24  0.670E+25  0.157E-29  0.000E+00  0.000E+00
 0.680E+00  0.101E+02  0.713E+02  0.880E+01  0.848E+00  0.795E+01  0.566E+01  0.264E-10  0.263E-10  0.167E-09  0.487E-10  0.299E+00  0.144E-09  0.905E+00  0.924E+00  0.912E+00  0.000E+00  0.293E+25  0.292E+25  0.678E+24  0.616E+25  0.144E-29  0.000E+00  0.000E+00
 0.690E+00  0.103E+02  0.713E+02  0.880E+01  0.859E+00  0.794E+01  0.550E+01  0.242E-10  0.242E-10  0.153E-09  0.446E-10  0.299E+00  0.132E-09  0.906E+00  0.923E+00  0.912E+00  0.000E+00  0.268E+25  0.267E+25  0.621E+24  0.565E+25  0.132E-29  0.000E+00  0.000E+00
 0.700E+00  0.104E+02  0.713E+02  0.880E+01  0.870E+00  0.793E+01  0.534E+01  0.222E-10  0.221E-10  0.141E-09  0.408E-10  0.298E+00  0.121E-09  0.909E+00  0.923E+00  0.915E+00  0.000E+00  0.245E+25  0.245E+25  0.568E+24  0.519E+25  0.121E-29  0.000E+00  0.000E+00
 0.710E+00  0.106E+02  0.713E+02  0.880E+01  0.882E+00  0.792E+01  0.519E+01  0.203E-10  0.202E-10  0.129E-09  0.373E-10  0.297E+00  0.111E-09  0.913E+00  0.923E+00  0.919E+00  0.000E+00  0.224E+25  0.224E+25  0.519E+24  0.476E+25  0.111E-29  0.000E+00  0.000E+00
 0.720E+00  0.107E+02  0.713E+02  0.880E+01  0.893E+00  0.791E+01  0.504E+01  0.185E-10  0.184E-10  0.118E-09  0.340E-10  0.297E+00  0.102E-09  0.917E+00  0.924E+00  0.923E+00  0.000E+00  0.205E+25  0.204E+25  0.474E+24  0.436E+25  0.102E-29  0.000E+00  0.000E+00
 0.730E+00  0.108E+02  0.713E+02  0.880E+01  0.904E+00  0.790E+01  0.488E+01  0.168E-10  0.168E-10  0.108E-09  0.310E-10  0.295E+00  0.935E-10  0.922E+00  0.925E+00  0.929E+00  0.000E+00  0.186E+25  0.186E+25  0.432E+24  0.400E+25  0.935E-30  0.000E+00  0.000E+00
 0.740E+00  0.109E+02  0.713E+02  0.880E+01  0.915E+00  0.789E+01  0.473E+01  0.153E-10  0.152E-10  0.991E-10  0.282E-10  0.294E+00  0.855E-10  0.928E+00  0.926E+00  0.935E+00  0.000E+00  0.169E+25  0.169E+25  0.393E+24  0.366E+25  0.855E-30  0.000E+00  0.000E+00
 0.750E+00  0.111E+02  0.713E+02  0.880E+01  0.926E+00  0.787E+01  0.457E+01  0.183E-14  0.183E-14  0.118E-12  0.330E-13  0.405E-01  0.101E-12  0.918E+01  0.901E+01  0.918E+01  0.000E+00  0.203E+21  0.203E+21  0.460E+21  0.435E+22  0.101E-32  0.000E+00  0.000E+00
 0.760E+00  0.112E+02  0.713E+02  0.880E+01  0.937E+00  0.786E+01  0.442E+01  0.203E-14  0.204E-14  0.122E-12  0.345E-13  0.433E-01  0.105E-12  0.856E+01  0.847E+01  0.856E+01  0.000E+00  0.225E+21  0.225E+21  0.480E+21  0.450E+22  0.105E-32  0.000E+00  0.000E+00
 0.770E+00  0.113E+02  0.713E+02  0.880E+01  0.948E+00  0.785E+01  0.427E+01  0.223E-14  0.224E-14  0.126E-12  0.359E-13  0.459E-01  0.108E-12  0.805E+01  0.803E+01  0.805E+01  0.000E+00  0.247E+21  0.248E+21  0.500E+21  0.466E+22  0.108E-32  0.000E+00  0.000E+00
 0.780E+00  0.115E+02  0.713E+02  0.880E+01  0.959E+00  0.784E+01  0.412E+01  0.250E-14  0.252E-14  0.130E-12  0.374E-13  0.498E-01  0.112E-12  0.738E+01  0.742E+01  0.738E+01  0.000E+00  0.277E+21  0.279E+21  0.521E+21  0.480E+22  0.112E-32  0.000E+00  0.000E+00
 0.790E+00  0.116E+02  0.713E+02  0.880E+01  0.970E+00  0.783E+01  0.397E+01  0.273E-14  0.275E-14  0.134E-12  0.389E-13  0.526E-01  0.115E-12  0.696E+01  0.706E+01  0.696E+01  0.000E+00  0.302E+21  0.305E+21  0.541E+21  0.495E+22  0.115E-32  0.000E+00  0.000E+00
 0.800E+00  0.117E+02  0.713E+02  0.880E+01  0.981E+00  0.782E+01  0.381E+01  0.316E-14  0.320E-14  0.138E-12  0.403E-13  0.590E-01  0.118E-12  0.616E+01  0.630E+01  0.616E+01  0.000E+00  0.350E+21  0.354E+21  0.561E+21  0.509E+22  0.118E-32  0.000E+00  0.000E+00
 0.810E+00  0.119E+02  0.713E+02  0.880E+01  0.992E+00  0.781E+01  0.366E+01  0.357E-14  0.361E-14  0.141E-12  0.417E-13  0.645E-01  0.121E-12  0.559E+01  0.578E+01  0.559E+01  0.000E+00  0.395E+21  0.400E+21  0.581E+21  0.522E+22  0.121E-32  0.000E+00  0.000E+00
 0.820E+00  0.120E+02  0.713E+02  0.880E+01  0.100E+01  0.780E+01  0.351E+01  0.404E-14  0.410E-14  0.145E-12  0.432E-13  0.710E-01  0.124E-12  0.504E+01  0.526E+01  0.504E+01  0.000E+00  0.447E+21  0.454E+21  0.601E+21  0.534E+22  0.124E-32  0.000E+00  0.000E+00
 0.830E+00  0.121E+02  0.713E+02  0.880E+01  0.101E+01  0.779E+01  0.336E+01  0.470E-14  0.478E-14  0.148E-12  0.446E-13  0.801E-01  0.127E-12  0.442E+01  0.466E+01  0.442E+01  0.000E+00  0.520E+21  0.529E+21  0.620E+21  0.546E+22  0.127E-32  0.000E+00  0.000E+00
 0.840E+00  0.123E+02  0.713E+02  0.880E+01  0.102E+01  0.778E+01  0.322E+01  0.537E-14  0.548E-14  0.151E-12  0.459E-13  0.890E-01  0.129E-12  0.394E+01  0.419E+01  0.394E+01  0.000E+00  0.595E+21  0.607E+21  0.639E+21  0.557E+22  0.129E-32  0.000E+00  0.000E+00
 0.850E+00  0.124E+02  0.713E+02  0.880E+01  0.103E+01  0.777E+01  0.307E+01  0.617E-14  0.630E-14  0.154E-12  0.472E-13  0.993E-01  0.132E-12  0.348E+01  0.375E+01  0.348E+01  0.000E+00  0.683E+21  0.698E+21  0.657E+21  0.567E+22  0.132E-32  0.000E+00  0.000E+00
 0.860E+00  0.125E+02  0.713E+02  0.880E+01  0.105E+01  0.775E+01  0.292E+01  0.734E-14  0.751E-14  0.156E-12  0.485E-13  0.114E+00  0.134E-12  0.297E+01  0.323E+01  0.297E+01  0.000E+00  0.813E+21  0.831E+21  0.675E+21  0.576E+22  0.134E-32  0.000E+00  0.000E+00
 0.870E+00  0.126E+02  0.713E+02  0.880E+01  0.106E+01  0.774E+01  0.277E+01  0.862E-14  0.882E-14  0.158E-12  0.496E-13  0.130E+00  0.136E-12  0.256E+01  0.281E+01  0.256E+01  0.000E+00  0.954E+21  0.977E+21  0.691E+21  0.584E+22  0.136E-32  0.000E+00  0.000E+00
 0.880E+00  0.128E+02  0.713E+02  0.880E+01  0.107E+01  0.773E+01  0.262E+01  0.104E-13  0.107E-13  0.160E-12  0.507E-13  0.152E+00  0.137E-12  0.214E+01  0.238E+01  0.214E+01  0.000E+00  0.115E+22  0.118E+22  0.706E+21  0.590E+22  0.137E-32  0.000E+00  0.000E+00
 0.890E+00  0.129E+02  0.713E+02  0.880E+01  0.108E+01  0.772E+01  0.247E+01  0.123E-13  0.126E-13  0.161E-12  0.517E-13  0.173E+00  0.138E-12  0.182E+01  0.204E+01  0.182E+01  0.000E+00  0.137E+22  0.140E+22  0.720E+21  0.595E+22  0.138E-32  0.000E+00  0.000E+00
 0.900E+00  0.130E+02  0.713E+02  0.880E+01  0.109E+01  0.771E+01  0.233E+01  0.147E-13  0.150E-13  0.162E-12  0.526E-13  0.199E+00  0.139E-12  0.154E+01  0.175E+01  0.154E+01  0.000E+00  0.163E+22  0.167E+22  0.732E+21  0.599E+22  0.139E-32  0.000E+00  0.000E+00
 0.910E+00  0.132E+02  0.713E+02  0.880E+01  0.110E+01  0.770E+01  0.218E+01  0.181E-13  0.185E-13  0.163E-12  0.533E-13  0.233E+00  0.140E-12  0.126E+01  0.144E+01  0.126E+01  0.000E+00  0.200E+22  0.205E+22  0.743E+21  0.601E+22  0.140E-32  0.000E+00  0.000E+00
 0.920E+00  0.133E+02  0.713E+02  0.880E+01  0.111E+01  0.769E+01  0.203E+01  0.218E-13  0.223E-13  0.163E-12  0.539E-13  0.268E+00  0.140E-12  0.104E+01  0.121E+01  0.104E+01  0.000E+00  0.242E+22  0.247E+22  0.751E+21  0.602E+22  0.140E-32  0.000E+00  0.000E+00
 0.930E+00  0.134E+02  0.713E+02  0.880E+01  0.112E+01  0.768E+01  0.189E+01  0.266E-13  0.272E-13  0.163E-12  0.543E-13  0.308E+00  0.139E-12  0.855E+00  0.999E+00  0.855E+00  0.000E+00  0.295E+22  0.301E+22  0.756E+21  0.600E+22  0.139E-32  0.000E+00  0.000E+00
 0.940E+00  0.135E+02  0.713E+02  0.880E+01  0.113E+01  0.767E+01  0.174E+01  0.332E-13  0.339E-13  0.162E-12  0.545E-13  0.358E+00  0.139E-12  0.681E+00  0.803E+00  0.681E+00  0.000E+00  0.368E+22  0.375E+22  0.758E+21  0.597E+22  0.139E-32  0.000E+00  0.000E+00
 0.950E+00  0.137E+02  0.713E+02  0.880E+01  0.114E+01  0.766E+01  0.160E+01  0.402E-13  0.409E-13  0.160E-12  0.544E-13  0.404E+00  0.137E-12  0.559E+00  0.664E+00  0.559E+00  0.000E+00  0.445E+22  0.453E+22  0.757E+21  0.591E+22  0.137E-32  0.000E+00  0.000E+00
 0.960E+00  0.138E+02  0.713E+02  0.880E+01  0.115E+01  0.765E+01  0.145E+01  0.493E-13  0.500E-13  0.158E-12  0.540E-13  0.457E+00  0.136E-12  0.452E+00  0.540E+00  0.452E+00  0.000E+00  0.546E+22  0.554E+22  0.752E+21  0.584E+22  0.136E-32  0.000E+00  0.000E+00
 0.970E+00  0.139E+02  0.713E+02  0.880E+01  0.116E+01  0.764E+01  0.131E+01  0.577E-13  0.584E-13  0.155E-12  0.533E-13  0.499E+00  0.133E-12  0.381E+00  0.457E+00  0.381E+00  0.000E+00  0.639E+22  0.646E+22  0.743E+21  0.574E+22  0.133E-32  0.000E+00  0.000E+00
 0.980E+00  0.140E+02  0.713E+02  0.880E+01  0.117E+01  0.763E+01  0.117E+01  0.654E-13  0.659E-13  0.152E-12  0.523E-13  0.535E+00  0.130E-12  0.330E+00  0.397E+00  0.330E+00  0.000E+00  0.724E+22  0.730E+22  0.728E+21  0.561E+22  0.130E-32  0.000E+00  0.000E+00
 0.990E+00  0.142E+02  0.713E+02  0.880E+01  0.118E+01  0.762E+01  0.102E+01  0.707E-13  0.709E-13  0.148E-12  0.509E-13  0.560E+00  0.127E-12  0.298E+00  0.359E+00  0.298E+00  0.000E+00  0.782E+22  0.786E+22  0.709E+21  0.546E+22  0.127E-32  0.000E+00  0.000E+00
 0.100E+01  0.143E+02  0.713E+02  0.880E+01  0.119E+01  0.761E+01  0.880E+00  0.705E-13  0.705E-13  0.143E-12  0.491E-13  0.567E+00  0.123E-12  0.290E+00  0.348E+00  0.290E+00  0.000E+00  0.780E+22  0.780E+22  0.683E+21  0.528E+22  0.123E-32  0.000E+00  0.000E+00
 0.101E+01  0.144E+02  0.713E+02  0.880E+01  0.120E+01  0.760E+01  0.738E+00  0.660E-13  0.652E-13  0.137E-12  0.468E-13  0.558E+00  0.118E-12  0.301E+00  0.359E+00  0.301E+00  0.000E+00  0.731E+22  0.722E+22  0.652E+21  0.507E+22  0.118E-32  0.000E+00  0.000E+00
 0.102E+01  0.145E+02  0.713E+02  0.880E+01  0.121E+01  0.759E+01  0.596E+00  0.585E-13  0.572E-13  0.131E-12  0.442E-13  0.537E+00  0.112E-12  0.328E+00  0.387E+00  0.328E+00  0.000E+00  0.648E+22  0.633E+22  0.616E+21  0.484E+22  0.112E-32  0.000E+00  0.000E+00
 0.103E+01  0.146E+02  0.713E+02  0.880E+01  0.122E+01  0.758E+01  0.454E+00  0.494E-13  0.477E-13  0.124E-12  0.414E-13  0.506E+00  0.107E-12  0.372E+00  0.433E+00  0.372E+00  0.000E+00  0.547E+22  0.528E+22  0.576E+21  0.459E+22  0.107E-32  0.000E+00  0.000E+00
 0.104E+01  0.148E+02  0.713E+02  0.880E+01  0.123E+01  0.757E+01  0.312E+00  0.392E-13  0.374E-13  0.117E-12  0.383E-13  0.460E+00  0.100E-12  0.448E+00  0.511E+00  0.448E+00  0.000E+00  0.434E+22  0.414E+22  0.533E+21  0.433E+22  0.100E-32  0.000E+00  0.000E+00
 0.105E+01  0.149E+02  0.713E+02  0.880E+01  0.124E+01  0.756E+01  0.171E+00  0.315E-13  0.296E-13  0.110E-12  0.350E-13  0.420E+00  0.941E-13  0.529E+00  0.591E+00  0.529E+00  0.000E+00  0.348E+22  0.328E+22  0.488E+21  0.405E+22  0.941E-33  0.000E+00  0.000E+00
 0.106E+01  0.150E+02  0.713E+02  0.880E+01  0.125E+01  0.755E+01  0.308E-01  0.243E-13  0.227E-13  0.102E-12  0.317E-13  0.373E+00  0.876E-13  0.644E+00  0.700E+00  0.644E+00  0.000E+00  0.269E+22  0.251E+22  0.442E+21  0.377E+22  0.876E-33  0.000E+00  0.000E+00
 0.107E+01  0.151E+02  0.713E+02  0.880E+01  0.126E+01  0.754E+01 -0.110E+00  0.193E-13  0.177E-13  0.933E-13  0.281E-13  0.339E+00  0.800E-13  0.751E+00  0.792E+00  0.751E+00  0.000E+00  0.213E+22  0.196E+22  0.391E+21  0.344E+22  0.800E-33  0.000E+00  0.000E+00
 0.108E+01  0.153E+02  0.713E+02  0.880E+01  0.127E+01  0.753E+01 -0.249E+00  0.152E-13  0.139E-13  0.853E-13  0.249E-13  0.305E+00  0.731E-13  0.879E+00  0.897E+00  0.879E+00  0.000E+00  0.169E+22  0.153E+22  0.346E+21  0.315E+22  0.731E-33  0.000E+00  0.000E+00
 0.109E+01  0.154E+02  0.713E+02  0.880E+01  0.128E+01  0.752E+01 -0.389E+00  0.118E-13  0.106E-13  0.774E-13  0.218E-13  0.270E+00  0.664E-13  0.105E+01  0.103E+01  0.105E+01  0.000E+00  0.130E+22  0.117E+22  0.304E+21  0.286E+22  0.664E-33  0.000E+00  0.000E+00
 0.110E+01  0.155E+02  0.713E+02  0.880E+01  0.129E+01  0.751E+01 -0.528E+00  0.938E-14  0.832E-14  0.698E-13  0.189E-13  0.245E+00  0.598E-13  0.120E+01  0.114E+01  0.120E+01  0.000E+00  0.104E+22  0.921E+21  0.264E+21  0.258E+22  0.598E-33  0.000E+00  0.000E+00
 0.111E+01  0.156E+02  0.713E+02  0.880E+01  0.130E+01  0.750E+01 -0.667E+00  0.740E-14  0.648E-14  0.625E-13  0.164E-13  0.221E+00  0.536E-13  0.138E+01  0.126E+01  0.138E+01  0.000E+00  0.819E+21  0.718E+21  0.228E+21  0.231E+22  0.536E-33  0.000E+00  0.000E+00
 0.112E+01  0.157E+02  0.713E+02  0.880E+01  0.131E+01  0.749E+01 -0.805E+00  0.602E-14  0.521E-14  0.556E-13  0.140E-13  0.204E+00  0.477E-13  0.153E+01  0.135E+01  0.153E+01  0.000E+00  0.667E+21  0.577E+21  0.195E+21  0.205E+22  0.477E-33  0.000E+00  0.000E+00
 0.113E+01  0.159E+02  0.713E+02  0.880E+01  0.132E+01  0.748E+01 -0.943E+00  0.492E-14  0.420E-14  0.493E-13  0.120E-13  0.190E+00  0.423E-13  0.168E+01  0.143E+01  0.168E+01  0.000E+00  0.544E+21  0.465E+21  0.167E+21  0.182E+22  0.423E-33  0.000E+00  0.000E+00
 0.114E+01  0.160E+02  0.713E+02  0.880E+01  0.133E+01  0.747E+01 -0.108E+01  0.394E-14  0.333E-14  0.435E-13  0.102E-13  0.174E+00  0.373E-13  0.187E+01  0.153E+01  0.187E+01  0.000E+00  0.437E+21  0.368E+21  0.142E+21  0.161E+22  0.373E-33  0.000E+00  0.000E+00
 0.115E+01  0.161E+02  0.713E+02  0.880E+01  0.134E+01  0.746E+01 -0.122E+01  0.325E-14  0.271E-14  0.383E-13  0.866E-14  0.164E+00  0.328E-13  0.202E+01  0.160E+01  0.202E+01  0.000E+00  0.360E+21  0.300E+21  0.121E+21  0.141E+22  0.328E-33  0.000E+00  0.000E+00
 0.116E+01  0.162E+02  0.713E+02  0.880E+01  0.135E+01  0.745E+01 -0.136E+01  0.261E-14  0.217E-14  0.335E-13  0.734E-14  0.152E+00  0.287E-13  0.220E+01  0.169E+01  0.220E+01  0.000E+00  0.289E+21  0.241E+21  0.102E+21  0.124E+22  0.287E-33  0.000E+00  0.000E+00
 0.117E+01  0.163E+02  0.713E+02  0.880E+01  0.136E+01  0.744E+01 -0.149E+01  0.216E-14  0.180E-14  0.293E-13  0.622E-14  0.145E+00  0.251E-13  0.233E+01  0.173E+01  0.233E+01  0.000E+00  0.239E+21  0.199E+21  0.866E+20  0.108E+22  0.251E-33  0.000E+00  0.000E+00
 0.118E+01  0.164E+02  0.713E+02  0.880E+01  0.137E+01  0.743E+01 -0.163E+01  0.180E-14  0.150E-14  0.256E-13  0.526E-14  0.140E+00  0.220E-13  0.244E+01  0.176E+01  0.244E+01  0.000E+00  0.199E+21  0.166E+21  0.732E+20  0.946E+21  0.220E-33  0.000E+00  0.000E+00
 0.119E+01  0.166E+02  0.713E+02  0.880E+01  0.138E+01  0.742E+01 -0.176E+01  0.147E-14  0.123E-14  0.223E-13  0.445E-14  0.133E+00  0.192E-13  0.260E+01  0.181E+01  0.260E+01  0.000E+00  0.163E+21  0.136E+21  0.620E+20  0.825E+21  0.192E-33  0.000E+00  0.000E+00
 0.120E+01  0.167E+02  0.713E+02  0.880E+01  0.139E+01  0.741E+01 -0.190E+01  0.124E-14  0.103E-14  0.195E-13  0.377E-14  0.129E+00  0.167E-13  0.269E+01  0.182E+01  0.269E+01  0.000E+00  0.137E+21  0.114E+21  0.525E+20  0.719E+21  0.167E-33  0.000E+00  0.000E+00
 0.121E+01  0.168E+02  0.713E+02  0.880E+01  0.140E+01  0.740E+01 -0.203E+01  0.103E-14  0.858E-15  0.170E-13  0.319E-14  0.124E+00  0.145E-13  0.282E+01  0.186E+01  0.282E+01  0.000E+00  0.114E+21  0.950E+20  0.445E+20  0.626E+21  0.145E-33  0.000E+00  0.000E+00
 0.122E+01  0.169E+02  0.713E+02  0.880E+01  0.141E+01  0.739E+01 -0.217E+01  0.875E-15  0.729E-15  0.148E-13  0.271E-14  0.122E+00  0.127E-13  0.289E+01  0.186E+01  0.289E+01  0.000E+00  0.969E+20  0.807E+20  0.377E+20  0.545E+21  0.127E-33  0.000E+00  0.000E+00
 0.123E+01  0.170E+02  0.713E+02  0.880E+01  0.142E+01  0.738E+01 -0.230E+01  0.749E-15  0.624E-15  0.129E-13  0.230E-14  0.120E+00  0.110E-13  0.295E+01  0.184E+01  0.295E+01  0.000E+00  0.829E+20  0.691E+20  0.320E+20  0.475E+21  0.110E-33  0.000E+00  0.000E+00
 0.124E+01  0.171E+02  0.713E+02  0.880E+01  0.143E+01  0.737E+01 -0.244E+01  0.636E-15  0.530E-15  0.112E-13  0.196E-14  0.117E+00  0.961E-14  0.302E+01  0.185E+01  0.302E+01  0.000E+00  0.704E+20  0.587E+20  0.272E+20  0.414E+21  0.961E-34  0.000E+00  0.000E+00
 0.125E+01  0.173E+02  0.713E+02  0.880E+01  0.144E+01  0.736E+01 -0.257E+01  0.551E-15  0.459E-15  0.978E-14  0.167E-14  0.117E+00  0.838E-14  0.304E+01  0.181E+01  0.304E+01  0.000E+00  0.610E+20  0.509E+20  0.232E+20  0.361E+21  0.838E-34  0.000E+00  0.000E+00
 0.126E+01  0.174E+02  0.713E+02  0.880E+01  0.145E+01  0.735E+01 -0.270E+01  0.466E-15  0.388E-15  0.853E-14  0.142E-14  0.114E+00  0.731E-14  0.314E+01  0.183E+01  0.314E+01  0.000E+00  0.516E+20  0.430E+20  0.198E+20  0.315E+21  0.731E-34  0.000E+00  0.000E+00
 0.127E+01  0.175E+02  0.713E+02  0.880E+01  0.146E+01  0.734E+01 -0.284E+01  0.414E-15  0.345E-15  0.745E-14  0.122E-14  0.116E+00  0.638E-14  0.308E+01  0.176E+01  0.308E+01  0.000E+00  0.458E+20  0.382E+20  0.169E+20  0.275E+21  0.638E-34  0.000E+00  0.000E+00
 0.128E+01  0.176E+02  0.713E+02  0.880E+01  0.147E+01  0.733E+01 -0.297E+01  0.360E-15  0.300E-15  0.651E-14  0.104E-14  0.115E+00  0.558E-14  0.310E+01  0.173E+01  0.310E+01  0.000E+00  0.398E+20  0.332E+20  0.145E+20  0.240E+21  0.558E-34  0.000E+00  0.000E+00
 0.129E+01  0.177E+02  0.713E+02  0.880E+01  0.148E+01  0.732E+01 -0.310E+01  0.314E-15  0.262E-15  0.569E-14  0.892E-15  0.115E+00  0.488E-14  0.311E+01  0.170E+01  0.311E+01  0.000E+00  0.348E+20  0.290E+20  0.124E+20  0.210E+21  0.488E-34  0.000E+00  0.000E+00
 0.130E+01  0.178E+02  0.713E+02  0.880E+01  0.149E+01  0.731E+01 -0.323E+01  0.280E-15  0.233E-15  0.499E-14  0.766E-15  0.117E+00  0.428E-14  0.305E+01  0.164E+01  0.305E+01  0.000E+00  0.310E+20  0.258E+20  0.107E+20  0.184E+21  0.428E-34  0.000E+00  0.000E+00
 0.131E+01  0.179E+02  0.713E+02  0.880E+01  0.150E+01  0.730E+01 -0.337E+01  0.251E-15  0.209E-15  0.437E-14  0.659E-15  0.119E+00  0.375E-14  0.299E+01  0.158E+01  0.299E+01  0.000E+00  0.277E+20  0.231E+20  0.917E+19  0.161E+21  0.375E-34  0.000E+00  0.000E+00
 0.132E+01  0.181E+02  0.713E+02  0.880E+01  0.151E+01  0.729E+01 -0.350E+01  0.225E-15  0.188E-15  0.384E-14  0.568E-15  0.122E+00  0.329E-14  0.292E+01  0.151E+01  0.292E+01  0.000E+00  0.249E+20  0.208E+20  0.791E+19  0.142E+21  0.329E-34  0.000E+00  0.000E+00
 0.133E+01  0.182E+02  0.713E+02  0.880E+01  0.152E+01  0.728E+01 -0.363E+01  0.201E-15  0.167E-15  0.337E-14  0.490E-15  0.124E+00  0.289E-14  0.288E+01  0.146E+01  0.288E+01  0.000E+00  0.222E+20  0.185E+20  0.683E+19  0.125E+21  0.289E-34  0.000E+00  0.000E+00
 0.134E+01  0.183E+02  0.713E+02  0.880E+01  0.153E+01  0.727E+01 -0.376E+01  0.182E-15  0.152E-15  0.297E-14  0.424E-15  0.127E+00  0.255E-14  0.280E+01  0.140E+01  0.280E+01  0.000E+00  0.201E+20  0.168E+20  0.590E+19  0.110E+21  0.255E-34  0.000E+00  0.000E+00
 0.135E+01  0.184E+02  0.713E+02  0.880E+01  0.154E+01  0.726E+01 -0.389E+01  0.165E-15  0.137E-15  0.262E-14  0.367E-15  0.130E+00  0.224E-14  0.272E+01  0.134E+01  0.272E+01  0.000E+00  0.183E+20  0.152E+20  0.511E+19  0.966E+20  0.224E-34  0.000E+00  0.000E+00
 0.136E+01  0.185E+02  0.713E+02  0.880E+01  0.155E+01  0.725E+01 -0.402E+01  0.149E-15  0.124E-15  0.231E-14  0.319E-15  0.133E+00  0.198E-14  0.265E+01  0.128E+01  0.265E+01  0.000E+00  0.165E+20  0.138E+20  0.444E+19  0.852E+20  0.198E-34  0.000E+00  0.000E+00
 0.137E+01  0.186E+02  0.713E+02  0.880E+01  0.156E+01  0.724E+01 -0.415E+01  0.137E-15  0.114E-15  0.204E-14  0.277E-15  0.137E+00  0.175E-14  0.256E+01  0.122E+01  0.256E+01  0.000E+00  0.151E+20  0.126E+20  0.386E+19  0.753E+20  0.175E-34  0.000E+00  0.000E+00
 0.138E+01  0.187E+02  0.713E+02  0.880E+01  0.157E+01  0.723E+01 -0.428E+01  0.125E-15  0.104E-15  0.180E-14  0.241E-15  0.142E+00  0.155E-14  0.247E+01  0.116E+01  0.247E+01  0.000E+00  0.139E+20  0.115E+20  0.336E+19  0.666E+20  0.155E-34  0.000E+00  0.000E+00
 0.139E+01  0.188E+02  0.713E+02  0.880E+01  0.157E+01  0.723E+01 -0.441E+01  0.115E-15  0.958E-16  0.160E-14  0.210E-15  0.146E+00  0.137E-14  0.238E+01  0.110E+01  0.238E+01  0.000E+00  0.127E+20  0.106E+20  0.293E+19  0.589E+20  0.137E-34  0.000E+00  0.000E+00
 0.140E+01  0.190E+02  0.713E+02  0.880E+01  0.158E+01  0.722E+01 -0.454E+01  0.106E-15  0.882E-16  0.142E-14  0.183E-15  0.151E+00  0.121E-14  0.229E+01  0.104E+01  0.229E+01  0.000E+00  0.117E+20  0.977E+19  0.255E+19  0.523E+20  0.121E-34  0.000E+00  0.000E+00
 0.141E+01  0.191E+02  0.713E+02  0.880E+01  0.159E+01  0.721E+01 -0.466E+01  0.969E-16  0.808E-16  0.126E-14  0.160E-15  0.155E+00  0.108E-14  0.222E+01  0.993E+00  0.222E+01  0.000E+00  0.107E+20  0.894E+19  0.223E+19  0.464E+20  0.108E-34  0.000E+00  0.000E+00
 0.142E+01  0.192E+02  0.713E+02  0.880E+01  0.160E+01  0.720E+01 -0.479E+01  0.896E-16  0.746E-16  0.112E-14  0.141E-15  0.161E+00  0.957E-15  0.214E+01  0.941E+00  0.214E+01  0.000E+00  0.992E+19  0.826E+19  0.196E+19  0.412E+20  0.957E-35  0.000E+00  0.000E+00
 0.143E+01  0.193E+02  0.713E+02  0.880E+01  0.161E+01  0.719E+01 -0.492E+01  0.830E-16  0.692E-16  0.994E-15  0.123E-15  0.166E+00  0.852E-15  0.205E+01  0.890E+00  0.205E+01  0.000E+00  0.919E+19  0.766E+19  0.172E+19  0.367E+20  0.852E-35  0.000E+00  0.000E+00
 0.144E+01  0.194E+02  0.713E+02  0.880E+01  0.162E+01  0.718E+01 -0.505E+01  0.771E-16  0.642E-16  0.885E-15  0.108E-15  0.172E+00  0.759E-15  0.197E+01  0.843E+00  0.197E+01  0.000E+00  0.853E+19  0.711E+19  0.151E+19  0.327E+20  0.759E-35  0.000E+00  0.000E+00
 0.145E+01  0.195E+02  0.713E+02  0.880E+01  0.163E+01  0.717E+01 -0.517E+01  0.715E-16  0.596E-16  0.790E-15  0.952E-16  0.178E+00  0.677E-15  0.189E+01  0.799E+00  0.189E+01  0.000E+00  0.791E+19  0.660E+19  0.133E+19  0.291E+20  0.677E-35  0.000E+00  0.000E+00
 0.146E+01  0.196E+02  0.713E+02  0.880E+01  0.164E+01  0.716E+01 -0.530E+01  0.664E-16  0.553E-16  0.705E-15  0.838E-16  0.184E+00  0.604E-15  0.182E+01  0.758E+00  0.182E+01  0.000E+00  0.735E+19  0.612E+19  0.117E+19  0.260E+20  0.604E-35  0.000E+00  0.000E+00
 0.147E+01  0.197E+02  0.713E+02  0.880E+01  0.165E+01  0.715E+01 -0.543E+01  0.616E-16  0.514E-16  0.630E-15  0.739E-16  0.190E+00  0.540E-15  0.175E+01  0.719E+00  0.175E+01  0.000E+00  0.683E+19  0.569E+19  0.103E+19  0.233E+20  0.540E-35  0.000E+00  0.000E+00
 0.148E+01  0.198E+02  0.713E+02  0.880E+01  0.166E+01  0.714E+01 -0.555E+01  0.574E-16  0.479E-16  0.564E-15  0.653E-16  0.196E+00  0.483E-15  0.168E+01  0.682E+00  0.168E+01  0.000E+00  0.636E+19  0.530E+19  0.909E+18  0.208E+20  0.483E-35  0.000E+00  0.000E+00
 0.149E+01  0.199E+02  0.713E+02  0.880E+01  0.167E+01  0.713E+01 -0.568E+01  0.534E-16  0.445E-16  0.505E-15  0.577E-16  0.202E+00  0.433E-15  0.162E+01  0.648E+00  0.162E+01  0.000E+00  0.592E+19  0.493E+19  0.804E+18  0.186E+20  0.433E-35  0.000E+00  0.000E+00
 0.150E+01  0.201E+02  0.713E+02  0.880E+01  0.168E+01  0.712E+01 -0.580E+01  0.414E-16  0.414E-16  0.453E-15  0.511E-16  0.208E+00  0.388E-15  0.156E+01  0.617E+00  0.156E+01  0.000E+00  0.458E+19  0.458E+19  0.711E+18  0.167E+20  0.388E-35  0.000E+00  0.000E+00
 0.151E+01  0.202E+02  0.713E+02  0.880E+01  0.168E+01  0.712E+01 -0.593E+01  0.386E-16  0.386E-16  0.407E-15  0.453E-16  0.215E+00  0.349E-15  0.150E+01  0.586E+00  0.150E+01  0.000E+00  0.428E+19  0.428E+19  0.630E+18  0.150E+20  0.349E-35  0.000E+00  0.000E+00
 0.152E+01  0.203E+02  0.713E+02  0.880E+01  0.169E+01  0.711E+01 -0.605E+01  0.360E-16  0.360E-16  0.366E-15  0.402E-16  0.221E+00  0.313E-15  0.145E+01  0.559E+00  0.145E+01  0.000E+00  0.398E+19  0.398E+19  0.559E+18  0.135E+20  0.313E-35  0.000E+00  0.000E+00
 0.153E+01  0.204E+02  0.713E+02  0.880E+01  0.170E+01  0.710E+01 -0.618E+01  0.338E-16  0.338E-16  0.329E-15  0.357E-16  0.228E+00  0.282E-15  0.139E+01  0.529E+00  0.139E+01  0.000E+00  0.374E+19  0.374E+19  0.497E+18  0.121E+20  0.282E-35  0.000E+00  0.000E+00
 0.154E+01  0.205E+02  0.713E+02  0.880E+01  0.171E+01  0.709E+01 -0.630E+01  0.313E-16  0.313E-16  0.296E-15  0.317E-16  0.233E+00  0.254E-15  0.135E+01  0.508E+00  0.135E+01  0.000E+00  0.346E+19  0.346E+19  0.442E+18  0.109E+20  0.254E-35  0.000E+00  0.000E+00
 0.155E+01  0.206E+02  0.713E+02  0.880E+01  0.172E+01  0.708E+01 -0.643E+01  0.293E-16  0.293E-16  0.267E-15  0.283E-16  0.240E+00  0.229E-15  0.130E+01  0.482E+00  0.130E+01  0.000E+00  0.324E+19  0.324E+19  0.394E+18  0.986E+19  0.229E-35  0.000E+00  0.000E+00
 0.156E+01  0.207E+02  0.713E+02  0.880E+01  0.173E+01  0.707E+01 -0.655E+01  0.272E-16  0.272E-16  0.241E-15  0.252E-16  0.245E+00  0.207E-15  0.127E+01  0.464E+00  0.127E+01  0.000E+00  0.301E+19  0.301E+19  0.351E+18  0.889E+19  0.207E-35  0.000E+00  0.000E+00
 0.157E+01  0.208E+02  0.713E+02  0.880E+01  0.174E+01  0.706E+01 -0.667E+01  0.255E-16  0.255E-16  0.218E-15  0.225E-16  0.253E+00  0.187E-15  0.122E+01  0.442E+00  0.122E+01  0.000E+00  0.282E+19  0.282E+19  0.313E+18  0.803E+19  0.187E-35  0.000E+00  0.000E+00
 0.158E+01  0.209E+02  0.713E+02  0.880E+01  0.175E+01  0.705E+01 -0.680E+01  0.237E-16  0.237E-16  0.197E-15  0.201E-16  0.259E+00  0.169E-15  0.118E+01  0.423E+00  0.118E+01  0.000E+00  0.263E+19  0.263E+19  0.280E+18  0.726E+19  0.169E-35  0.000E+00  0.000E+00
 0.159E+01  0.210E+02  0.713E+02  0.880E+01  0.176E+01  0.704E+01 -0.692E+01  0.221E-16  0.221E-16  0.178E-15  0.180E-16  0.264E+00  0.153E-15  0.115E+01  0.406E+00  0.115E+01  0.000E+00  0.245E+19  0.245E+19  0.250E+18  0.657E+19  0.153E-35  0.000E+00  0.000E+00
 0.160E+01  0.211E+02  0.713E+02  0.880E+01  0.176E+01  0.704E+01 -0.704E+01  0.206E-16  0.206E-16  0.161E-15  0.161E-16  0.270E+00  0.138E-15  0.112E+01  0.391E+00  0.112E+01  0.000E+00  0.228E+19  0.228E+19  0.224E+18  0.595E+19  0.138E-35  0.000E+00  0.000E+00
 0.161E+01  0.212E+02  0.713E+02  0.880E+01  0.177E+01  0.703E+01 -0.716E+01  0.192E-16  0.192E-16  0.146E-15  0.144E-16  0.275E+00  0.125E-15  0.109E+01  0.376E+00  0.109E+01  0.000E+00  0.212E+19  0.212E+19  0.201E+18  0.539E+19  0.125E-35  0.000E+00  0.000E+00
 0.162E+01  0.213E+02  0.713E+02  0.880E+01  0.178E+01  0.702E+01 -0.728E+01  0.178E-16  0.178E-16  0.133E-15  0.129E-16  0.280E+00  0.114E-15  0.106E+01  0.362E+00  0.106E+01  0.000E+00  0.198E+19  0.198E+19  0.180E+18  0.489E+19  0.114E-35  0.000E+00  0.000E+00
 0.163E+01  0.214E+02  0.713E+02  0.880E+01  0.179E+01  0.701E+01 -0.741E+01  0.167E-16  0.167E-16  0.120E-15  0.116E-16  0.287E+00  0.103E-15  0.103E+01  0.347E+00  0.103E+01  0.000E+00  0.185E+19  0.185E+19  0.162E+18  0.444E+19  0.103E-35  0.000E+00  0.000E+00
 0.164E+01  0.215E+02  0.713E+02  0.880E+01  0.180E+01  0.700E+01 -0.753E+01  0.156E-16  0.156E-16  0.109E-15  0.104E-16  0.292E+00  0.937E-16  0.100E+01  0.335E+00  0.100E+01  0.000E+00  0.172E+19  0.172E+19  0.145E+18  0.404E+19  0.937E-36  0.000E+00  0.000E+00
 0.165E+01  0.216E+02  0.713E+02  0.880E+01  0.181E+01  0.699E+01 -0.765E+01  0.144E-16  0.144E-16  0.994E-16  0.938E-17  0.296E+00  0.852E-16  0.983E+00  0.325E+00  0.983E+00  0.000E+00  0.160E+19  0.160E+19  0.131E+18  0.367E+19  0.852E-36  0.000E+00  0.000E+00
 0.166E+01  0.218E+02  0.713E+02  0.880E+01  0.182E+01  0.698E+01 -0.777E+01  0.135E-16  0.135E-16  0.905E-16  0.844E-17  0.301E+00  0.776E-16  0.960E+00  0.313E+00  0.960E+00  0.000E+00  0.149E+19  0.149E+19  0.118E+18  0.334E+19  0.776E-36  0.000E+00  0.000E+00
 0.167E+01  0.219E+02  0.713E+02  0.880E+01  0.183E+01  0.697E+01 -0.789E+01  0.126E-16  0.126E-16  0.824E-16  0.760E-17  0.307E+00  0.707E-16  0.935E+00  0.302E+00  0.935E+00  0.000E+00  0.139E+19  0.139E+19  0.106E+18  0.304E+19  0.707E-36  0.000E+00  0.000E+00
 0.168E+01  0.220E+02  0.713E+02  0.880E+01  0.183E+01  0.697E+01 -0.801E+01  0.117E-16  0.117E-16  0.752E-16  0.686E-17  0.311E+00  0.644E-16  0.919E+00  0.294E+00  0.919E+00  0.000E+00  0.129E+19  0.129E+19  0.955E+17  0.277E+19  0.644E-36  0.000E+00  0.000E+00
 0.169E+01  0.221E+02  0.713E+02  0.880E+01  0.184E+01  0.696E+01 -0.813E+01  0.109E-16  0.109E-16  0.686E-16  0.619E-17  0.316E+00  0.588E-16  0.897E+00  0.283E+00  0.897E+00  0.000E+00  0.121E+19  0.121E+19  0.862E+17  0.253E+19  0.588E-36  0.000E+00  0.000E+00
 0.170E+01  0.222E+02  0.713E+02  0.880E+01  0.185E+01  0.695E+01 -0.825E+01  0.101E-16  0.101E-16  0.626E-16  0.559E-17  0.320E+00  0.537E-16  0.882E+00  0.276E+00  0.882E+00  0.000E+00  0.112E+19  0.112E+19  0.778E+17  0.231E+19  0.537E-36  0.000E+00  0.000E+00
 0.171E+01  0.223E+02  0.713E+02  0.880E+01  0.186E+01  0.694E+01 -0.837E+01  0.941E-17  0.941E-17  0.572E-16  0.505E-17  0.323E+00  0.490E-16  0.868E+00  0.268E+00  0.868E+00  0.000E+00  0.104E+19  0.104E+19  0.704E+17  0.211E+19  0.490E-36  0.000E+00  0.000E+00
 0.172E+01  0.224E+02  0.713E+02  0.880E+01  0.187E+01  0.693E+01 -0.848E+01  0.879E-17  0.879E-17  0.523E-16  0.457E-17  0.328E+00  0.448E-16  0.850E+00  0.260E+00  0.850E+00  0.000E+00  0.974E+18  0.974E+18  0.637E+17  0.193E+19  0.448E-36  0.000E+00  0.000E+00
 0.173E+01  0.225E+02  0.713E+02  0.880E+01  0.188E+01  0.692E+01 -0.860E+01  0.813E-17  0.813E-17  0.479E-16  0.414E-17  0.331E+00  0.410E-16  0.841E+00  0.255E+00  0.841E+00  0.000E+00  0.900E+18  0.900E+18  0.577E+17  0.177E+19  0.410E-36  0.000E+00  0.000E+00
 0.174E+01  0.226E+02  0.713E+02  0.880E+01  0.189E+01  0.691E+01 -0.872E+01  0.754E-17  0.754E-17  0.438E-16  0.375E-17  0.333E+00  0.376E-16  0.830E+00  0.249E+00  0.830E+00  0.000E+00  0.835E+18  0.835E+18  0.522E+17  0.162E+19  0.376E-36  0.000E+00  0.000E+00
 0.175E+01  0.227E+02  0.713E+02  0.880E+01  0.189E+01  0.691E+01 -0.884E+01  0.696E-17  0.696E-17  0.401E-16  0.340E-17  0.335E+00  0.344E-16  0.824E+00  0.244E+00  0.824E+00  0.000E+00  0.771E+18  0.771E+18  0.474E+17  0.148E+19  0.344E-36  0.000E+00  0.000E+00
 0.176E+01  0.228E+02  0.713E+02  0.880E+01  0.190E+01  0.690E+01 -0.896E+01  0.649E-17  0.649E-17  0.368E-16  0.309E-17  0.339E+00  0.316E-16  0.810E+00  0.238E+00  0.810E+00  0.000E+00  0.719E+18  0.719E+18  0.430E+17  0.136E+19  0.316E-36  0.000E+00  0.000E+00
 0.177E+01  0.229E+02  0.713E+02  0.880E+01  0.191E+01  0.689E+01 -0.907E+01  0.607E-17  0.607E-17  0.338E-16  0.280E-17  0.343E+00  0.289E-16  0.795E+00  0.231E+00  0.795E+00  0.000E+00  0.672E+18  0.672E+18  0.391E+17  0.125E+19  0.289E-36  0.000E+00  0.000E+00
 0.178E+01  0.230E+02  0.713E+02  0.880E+01  0.192E+01  0.688E+01 -0.919E+01  0.558E-17  0.558E-17  0.310E-16  0.255E-17  0.344E+00  0.266E-16  0.793E+00  0.228E+00  0.793E+00  0.000E+00  0.618E+18  0.618E+18  0.355E+17  0.114E+19  0.266E-36  0.000E+00  0.000E+00
 0.179E+01  0.231E+02  0.713E+02  0.880E+01  0.193E+01  0.687E+01 -0.931E+01  0.517E-17  0.517E-17  0.285E-16  0.232E-17  0.346E+00  0.244E-16  0.787E+00  0.224E+00  0.787E+00  0.000E+00  0.572E+18  0.572E+18  0.323E+17  0.105E+19  0.244E-36  0.000E+00  0.000E+00
 0.180E+01  0.232E+02  0.713E+02  0.880E+01  0.194E+01  0.686E+01 -0.942E+01  0.481E-17  0.481E-17  0.262E-16  0.211E-17  0.348E+00  0.224E-16  0.778E+00  0.219E+00  0.778E+00  0.000E+00  0.532E+18  0.532E+18  0.294E+17  0.966E+18  0.224E-36  0.000E+00  0.000E+00
 0.181E+01  0.233E+02  0.713E+02  0.880E+01  0.195E+01  0.685E+01 -0.954E+01  0.442E-17  0.442E-17  0.241E-16  0.192E-17  0.348E+00  0.206E-16  0.778E+00  0.217E+00  0.778E+00  0.000E+00  0.490E+18  0.490E+18  0.268E+17  0.889E+18  0.206E-36  0.000E+00  0.000E+00
 0.182E+01  0.234E+02  0.713E+02  0.880E+01  0.195E+01  0.685E+01 -0.965E+01  0.412E-17  0.412E-17  0.222E-16  0.175E-17  0.351E+00  0.190E-16  0.769E+00  0.213E+00  0.769E+00  0.000E+00  0.456E+18  0.456E+18  0.244E+17  0.818E+18  0.190E-36  0.000E+00  0.000E+00
 0.183E+01  0.235E+02  0.713E+02  0.880E+01  0.196E+01  0.684E+01 -0.977E+01  0.378E-17  0.378E-17  0.204E-16  0.160E-17  0.350E+00  0.175E-16  0.772E+00  0.211E+00  0.772E+00  0.000E+00  0.419E+18  0.419E+18  0.222E+17  0.754E+18  0.175E-36  0.000E+00  0.000E+00
 0.184E+01  0.236E+02  0.713E+02  0.880E+01  0.197E+01  0.683E+01 -0.989E+01  0.351E-17  0.351E-17  0.188E-16  0.146E-17  0.352E+00  0.161E-16  0.767E+00  0.208E+00  0.767E+00  0.000E+00  0.388E+18  0.388E+18  0.203E+17  0.694E+18  0.161E-36  0.000E+00  0.000E+00
 0.185E+01  0.237E+02  0.713E+02  0.880E+01  0.198E+01  0.682E+01 -0.100E+02  0.323E-17  0.323E-17  0.173E-16  0.133E-17  0.352E+00  0.149E-16  0.768E+00  0.206E+00  0.768E+00  0.000E+00  0.357E+18  0.357E+18  0.185E+17  0.640E+18  0.149E-36  0.000E+00  0.000E+00
 0.186E+01  0.238E+02  0.713E+02  0.880E+01  0.199E+01  0.681E+01 -0.101E+02  0.297E-17  0.297E-17  0.160E-16  0.122E-17  0.351E+00  0.137E-16  0.769E+00  0.205E+00  0.769E+00  0.000E+00  0.329E+18  0.329E+18  0.169E+17  0.591E+18  0.137E-36  0.000E+00  0.000E+00
 0.187E+01  0.239E+02  0.713E+02  0.880E+01  0.200E+01  0.680E+01 -0.102E+02  0.275E-17  0.275E-17  0.148E-16  0.111E-17  0.352E+00  0.127E-16  0.768E+00  0.203E+00  0.768E+00  0.000E+00  0.304E+18  0.304E+18  0.155E+17  0.545E+18  0.127E-36  0.000E+00  0.000E+00
 0.188E+01  0.240E+02  0.713E+02  0.880E+01  0.200E+01  0.680E+01 -0.103E+02  0.254E-17  0.254E-17  0.136E-16  0.102E-17  0.352E+00  0.117E-16  0.768E+00  0.200E+00  0.768E+00  0.000E+00  0.281E+18  0.281E+18  0.142E+17  0.504E+18  0.117E-36  0.000E+00  0.000E+00
 0.189E+01  0.241E+02  0.713E+02  0.880E+01  0.201E+01  0.679E+01 -0.105E+02  0.233E-17  0.233E-17  0.126E-16  0.932E-18  0.350E+00  0.108E-16  0.773E+00  0.200E+00  0.773E+00  0.000E+00  0.258E+18  0.258E+18  0.130E+17  0.465E+18  0.108E-36  0.000E+00  0.000E+00
 0.190E+01  0.242E+02  0.713E+02  0.880E+01  0.202E+01  0.678E+01 -0.106E+02  0.214E-17  0.214E-17  0.117E-16  0.854E-18  0.349E+00  0.999E-17  0.779E+00  0.200E+00  0.779E+00  0.000E+00  0.237E+18  0.237E+18  0.119E+17  0.430E+18  0.999E-37  0.000E+00  0.000E+00
 0.191E+01  0.243E+02  0.713E+02  0.880E+01  0.203E+01  0.677E+01 -0.107E+02  0.197E-17  0.197E-17  0.108E-16  0.783E-18  0.348E+00  0.925E-17  0.781E+00  0.198E+00  0.781E+00  0.000E+00  0.218E+18  0.218E+18  0.109E+17  0.398E+18  0.925E-37  0.000E+00  0.000E+00
 0.192E+01  0.244E+02  0.713E+02  0.880E+01  0.204E+01  0.676E+01 -0.108E+02  0.182E-17  0.182E-17  0.999E-17  0.718E-18  0.348E+00  0.856E-17  0.783E+00  0.197E+00  0.783E+00  0.000E+00  0.202E+18  0.202E+18  0.100E+17  0.369E+18  0.856E-37  0.000E+00  0.000E+00
 0.193E+01  0.245E+02  0.713E+02  0.880E+01  0.204E+01  0.676E+01 -0.109E+02  0.167E-17  0.167E-17  0.925E-17  0.659E-18  0.346E+00  0.793E-17  0.790E+00  0.197E+00  0.790E+00  0.000E+00  0.185E+18  0.185E+18  0.917E+16  0.341E+18  0.793E-37  0.000E+00  0.000E+00
 0.194E+01  0.246E+02  0.713E+02  0.880E+01  0.205E+01  0.675E+01 -0.110E+02  0.152E-17  0.152E-17  0.857E-17  0.605E-18  0.341E+00  0.734E-17  0.807E+00  0.199E+00  0.807E+00  0.000E+00  0.168E+18  0.168E+18  0.842E+16  0.316E+18  0.734E-37  0.000E+00  0.000E+00
 0.195E+01  0.247E+02  0.713E+02  0.880E+01  0.206E+01  0.674E+01 -0.111E+02  0.139E-17  0.139E-17  0.794E-17  0.556E-18  0.338E+00  0.681E-17  0.819E+00  0.200E+00  0.819E+00  0.000E+00  0.153E+18  0.153E+18  0.774E+16  0.293E+18  0.681E-37  0.000E+00  0.000E+00
 0.196E+01  0.248E+02  0.713E+02  0.880E+01  0.207E+01  0.673E+01 -0.112E+02  0.128E-17  0.128E-17  0.737E-17  0.511E-18  0.336E+00  0.632E-17  0.826E+00  0.200E+00  0.826E+00  0.000E+00  0.141E+18  0.141E+18  0.711E+16  0.272E+18  0.632E-37  0.000E+00  0.000E+00
 0.197E+01  0.249E+02  0.713E+02  0.880E+01  0.208E+01  0.672E+01 -0.114E+02  0.116E-17  0.116E-17  0.684E-17  0.470E-18  0.331E+00  0.586E-17  0.844E+00  0.203E+00  0.844E+00  0.000E+00  0.128E+18  0.128E+18  0.654E+16  0.252E+18  0.586E-37  0.000E+00  0.000E+00
 0.198E+01  0.250E+02  0.713E+02  0.880E+01  0.208E+01  0.672E+01 -0.115E+02  0.107E-17  0.107E-17  0.635E-17  0.432E-18  0.329E+00  0.544E-17  0.851E+00  0.203E+00  0.851E+00  0.000E+00  0.118E+18  0.118E+18  0.602E+16  0.234E+18  0.544E-37  0.000E+00  0.000E+00
 0.199E+01  0.250E+02  0.713E+02  0.880E+01  0.209E+01  0.671E+01 -0.116E+02  0.969E-18  0.969E-18  0.590E-17  0.398E-18  0.325E+00  0.505E-17  0.869E+00  0.205E+00  0.869E+00  0.000E+00  0.107E+18  0.107E+18  0.554E+16  0.218E+18  0.505E-37  0.000E+00  0.000E+00
 0.200E+01  0.251E+02  0.713E+02  0.880E+01  0.210E+01  0.670E+01 -0.117E+02  0.746E+03  0.746E+03  0.548E-17  0.367E-18  0.100E+01  0.470E-17  0.105E-20  0.246E-21  0.105E-20  0.000E+00  0.827E+38  0.827E+38  0.510E+16  0.202E+18  0.470E-37  0.000E+00  0.000E+00
 0.201E+01  0.252E+02  0.713E+02  0.880E+01  0.211E+01  0.669E+01 -0.118E+02  0.125E-47  0.125E-47  0.510E-17  0.338E-18  0.718E-30  0.437E-17  0.582E+30  0.135E+30  0.582E+30  0.000E+00  0.138E-12  0.138E-12  0.470E+16  0.188E+18  0.437E-37  0.000E+00  0.000E+00
 0.202E+01  0.253E+02  0.713E+02  0.880E+01  0.212E+01  0.668E+01 -0.119E+02  0.846E-77  0.846E-77  0.474E-17  0.312E-18  0.523E-59  0.406E-17  0.800E+59  0.184E+59  0.800E+59  0.000E+00  0.937E-42  0.937E-42  0.434E+16  0.175E+18  0.406E-37  0.000E+00  0.000E+00
 0.203E+01  0.254E+02  0.713E+02  0.880E+01  0.212E+01  0.668E+01 -0.120E+02  0.671-107  0.671-107  0.441E-17  0.287E-18  0.446E-89  0.378E-17  0.939E+89  0.214E+89  0.939E+89  0.000E+00  0.743E-72  0.743E-72  0.400E+16  0.163E+18  0.378E-37  0.000E+00  0.000E+00
 0.204E+01  0.255E+02  0.713E+02  0.880E+01  0.213E+01  0.667E+01 -0.121E+02  0.555-138  0.555-138  0.411E-17  0.265E-18  0.396-120  0.352E-17  0.106+121  0.239+120  0.106+121  0.000E+00  0.614-103  0.614-103  0.369E+16  0.152E+18  0.352E-37  0.000E+00  0.000E+00
 0.205E+01  0.256E+02  0.713E+02  0.880E+01  0.214E+01  0.666E+01 -0.122E+02  0.431-170  0.431-170  0.382E-17  0.245E-18  0.330-152  0.328E-17  0.127+153  0.284+152  0.127+153  0.000E+00  0.477-135  0.477-135  0.341E+16  0.141E+18  0.328E-37  0.000E+00  0.000E+00
 0.206E+01  0.257E+02  0.713E+02  0.880E+01  0.215E+01  0.665E+01 -0.124E+02  0.302-203  0.302-203  0.356E-17  0.226E-18  0.248-185  0.305E-17  0.168+186  0.374+185  0.168+186  0.000E+00  0.335-168  0.335-168  0.315E+16  0.132E+18  0.305E-37  0.000E+00  0.000E+00
 0.207E+01  0.258E+02  0.713E+02  0.880E+01  0.216E+01  0.664E+01 -0.125E+02  0.178-237  0.178-237  0.332E-17  0.209E-18  0.157-219  0.285E-17  0.267+220  0.588+219  0.267+220  0.000E+00  0.197-202  0.197-202  0.291E+16  0.123E+18  0.285E-37  0.000E+00  0.000E+00
 0.208E+01  0.259E+02  0.713E+02  0.880E+01  0.216E+01  0.664E+01 -0.126E+02  0.760-273  0.760-273  0.310E-17  0.194E-18  0.719-255  0.266E-17  0.582+255  0.127+255  0.582+255  0.000E+00  0.842-238  0.842-238  0.269E+16  0.114E+18  0.266E-37  0.000E+00  0.000E+00
 0.209E+01  0.260E+02  0.713E+02  0.880E+01  0.217E+01  0.663E+01 -0.127E+02  0.224-309  0.224-309  0.289E-17  0.179E-18  0.227-291  0.248E-17  0.184+292  0.400+291  0.184+292  0.000E+00  0.248-274  0.248-274  0.249E+16  0.107E+18  0.248E-37  0.000E+00  0.000E+00
 0.210E+01  0.261E+02  0.713E+02  0.880E+01  0.218E+01  0.662E+01 -0.128E+02  0.000E+00  0.000E+00  0.270E-17  0.166E-18  0.000E+00  0.231E-17   Infinity   Infinity   Infinity  0.000E+00  0.000E+00  0.000E+00  0.231E+16  0.996E+17  0.231E-37  0.000E+00  0.000E+00
