1 100.00    0.30     NaN        NaN        NaN     NaN     NaN  0.000E+00        NaN        NaN        NaN        NaN
1 100.00    0.40     NaN        NaN        NaN     NaN     NaN  0.000E+00        NaN        NaN        NaN        NaN
1 100.00    0.50     NaN        NaN        NaN     NaN     NaN  0.000E+00        NaN        NaN        NaN        NaN
1 100.00    0.60     NaN        NaN        NaN     NaN     NaN  0.000E+00        NaN        NaN        NaN        NaN
1 100.00    0.70     NaN        NaN        NaN     NaN     NaN  0.000E+00        NaN        NaN        NaN        NaN
1 100.00    0.80     NaN        NaN        NaN     NaN     NaN  0.000E+00 -0.737E-02  0.000E+00 -0.526E-01        NaN
1 100.00    0.90     NaN        NaN        NaN     NaN     NaN  0.000E+00 -0.168E-01  0.000E+00 -0.120E+00        NaN
1 100.00    1.00     NaN        NaN        NaN     NaN     NaN  0.000E+00  0.323E-04  0.000E+00  0.231E-03        NaN
1 100.00    1.10     NaN        NaN        NaN     NaN     NaN  0.000E+00  0.000E+00  0.000E+00  0.000E+00        NaN
1 100.00    1.20     NaN        NaN        NaN     NaN     NaN  0.000E+00  0.000E+00  0.000E+00  0.000E+00        NaN
1 100.00    1.30     NaN        NaN        NaN     NaN     NaN  0.000E+00  0.000E+00  0.000E+00  0.000E+00        NaN
1 100.00    1.40     NaN        NaN        NaN     NaN     NaN  0.000E+00  0.000E+00  0.000E+00  0.000E+00        NaN
1 100.00    1.50     NaN        NaN        NaN     NaN     NaN  0.000E+00  0.000E+00  0.000E+00  0.000E+00        NaN
1 100.00    1.60     NaN        NaN        NaN     NaN     NaN  0.000E+00  0.000E+00  0.000E+00  0.000E+00        NaN
1 100.00    1.70     NaN        NaN        NaN     NaN     NaN  0.000E+00  0.000E+00  0.000E+00  0.000E+00        NaN
1 100.00    1.80     NaN        NaN        NaN     NaN     NaN  0.000E+00  0.000E+00  0.000E+00  0.000E+00        NaN
1 100.00    2.00     NaN        NaN        NaN     NaN     NaN  0.000E+00  0.000E+00  0.000E+00  0.000E+00        NaN
1 100.00    0.30     NaN        NaN        NaN     NaN     NaN  0.000E+00        NaN        NaN        NaN        NaN
1 100.00    0.40     NaN        NaN        NaN     NaN     NaN  0.000E+00        NaN        NaN        NaN        NaN
1 100.00    0.50     NaN        NaN        NaN     NaN     NaN  0.000E+00        NaN        NaN        NaN        NaN
1 100.00    0.60     NaN        NaN        NaN     NaN     NaN  0.000E+00        NaN        NaN        NaN        NaN
1 100.00    0.70     NaN        NaN        NaN     NaN     NaN  0.000E+00        NaN        NaN        NaN        NaN
1 100.00    0.80     NaN        NaN        NaN     NaN     NaN  0.000E+00 -0.737E-02  0.000E+00 -0.526E-01        NaN
1 100.00    0.90     NaN        NaN        NaN     NaN     NaN  0.000E+00 -0.168E-01  0.000E+00 -0.120E+00        NaN
1 100.00    1.00     NaN        NaN        NaN     NaN     NaN  0.000E+00  0.323E-04  0.000E+00  0.231E-03        NaN
1 100.00    1.10     NaN        NaN        NaN     NaN     NaN  0.000E+00  0.000E+00  0.000E+00  0.000E+00        NaN
1 100.00    1.20     NaN        NaN        NaN     NaN     NaN  0.000E+00  0.000E+00  0.000E+00  0.000E+00        NaN
1 100.00    1.30     NaN        NaN        NaN     NaN     NaN  0.000E+00  0.000E+00  0.000E+00  0.000E+00        NaN
1 100.00    1.40     NaN        NaN        NaN     NaN     NaN  0.000E+00  0.000E+00  0.000E+00  0.000E+00        NaN
1 100.00    1.50     NaN        NaN        NaN     NaN     NaN  0.000E+00  0.000E+00  0.000E+00  0.000E+00        NaN
1 100.00    1.60     NaN        NaN        NaN     NaN     NaN  0.000E+00  0.000E+00  0.000E+00  0.000E+00        NaN
1 100.00    1.70     NaN        NaN        NaN     NaN     NaN  0.000E+00  0.000E+00  0.000E+00  0.000E+00        NaN
1 100.00    1.80     NaN        NaN        NaN     NaN     NaN  0.000E+00  0.000E+00  0.000E+00  0.000E+00        NaN
1 100.00    2.00     NaN        NaN        NaN     NaN     NaN  0.000E+00  0.000E+00  0.000E+00  0.000E+00        NaN
1 100.00    0.30     NaN        NaN        NaN     NaN     NaN  0.000E+00        NaN        NaN        NaN        NaN
1 100.00    0.40     NaN        NaN        NaN     NaN     NaN  0.000E+00        NaN        NaN        NaN        NaN
1 100.00    0.50     NaN        NaN        NaN     NaN     NaN  0.000E+00        NaN        NaN        NaN        NaN
1 100.00    0.60     NaN        NaN        NaN     NaN     NaN  0.000E+00        NaN        NaN        NaN        NaN
1 100.00    0.70     NaN        NaN        NaN     NaN     NaN  0.000E+00        NaN        NaN        NaN        NaN
1 100.00    0.80     NaN        NaN        NaN     NaN     NaN  0.000E+00 -0.737E-02  0.000E+00 -0.526E-01        NaN
1 100.00    0.90     NaN        NaN        NaN     NaN     NaN  0.000E+00 -0.168E-01  0.000E+00 -0.120E+00        NaN
1 100.00    1.00     NaN        NaN        NaN     NaN     NaN  0.000E+00  0.323E-04  0.000E+00  0.231E-03        NaN
1 100.00    1.10     NaN        NaN        NaN     NaN     NaN  0.000E+00  0.000E+00  0.000E+00  0.000E+00        NaN
1 100.00    1.20     NaN        NaN        NaN     NaN     NaN  0.000E+00  0.000E+00  0.000E+00  0.000E+00        NaN
1 100.00    1.30     NaN        NaN        NaN     NaN     NaN  0.000E+00  0.000E+00  0.000E+00  0.000E+00        NaN
1 100.00    1.40     NaN        NaN        NaN     NaN     NaN  0.000E+00  0.000E+00  0.000E+00  0.000E+00        NaN
1 100.00    1.50     NaN        NaN        NaN     NaN     NaN  0.000E+00  0.000E+00  0.000E+00  0.000E+00        NaN
1 100.00    1.60     NaN        NaN        NaN     NaN     NaN  0.000E+00  0.000E+00  0.000E+00  0.000E+00        NaN
1 100.00    1.70     NaN        NaN        NaN     NaN     NaN  0.000E+00  0.000E+00  0.000E+00  0.000E+00        NaN
1 100.00    1.80     NaN        NaN        NaN     NaN     NaN  0.000E+00  0.000E+00  0.000E+00  0.000E+00        NaN
1 100.00    2.00     NaN        NaN        NaN     NaN     NaN  0.000E+00  0.000E+00  0.000E+00  0.000E+00        NaN
1 100.00    0.30     NaN        NaN        NaN     NaN     NaN  0.000E+00        NaN        NaN        NaN        NaN
1 100.00    0.40     NaN        NaN        NaN     NaN     NaN  0.000E+00        NaN        NaN        NaN        NaN
1 100.00    0.50     NaN        NaN        NaN     NaN     NaN  0.000E+00        NaN        NaN        NaN        NaN
1 100.00    0.60     NaN        NaN        NaN     NaN     NaN  0.000E+00        NaN        NaN        NaN        NaN
1 100.00    0.70     NaN        NaN        NaN     NaN     NaN  0.000E+00        NaN        NaN        NaN        NaN
1 100.00    0.80     NaN        NaN        NaN     NaN     NaN  0.000E+00 -0.737E-02  0.000E+00 -0.526E-01        NaN
1 100.00    0.90     NaN        NaN        NaN     NaN     NaN  0.000E+00 -0.168E-01  0.000E+00 -0.120E+00        NaN
1 100.00    1.00     NaN        NaN        NaN     NaN     NaN  0.000E+00  0.323E-04  0.000E+00  0.231E-03        NaN
1 100.00    1.10     NaN        NaN        NaN     NaN     NaN  0.000E+00  0.000E+00  0.000E+00  0.000E+00        NaN
1 100.00    1.20     NaN        NaN        NaN     NaN     NaN  0.000E+00  0.000E+00  0.000E+00  0.000E+00        NaN
1 100.00    1.30     NaN        NaN        NaN     NaN     NaN  0.000E+00  0.000E+00  0.000E+00  0.000E+00        NaN
1 100.00    1.40     NaN        NaN        NaN     NaN     NaN  0.000E+00  0.000E+00  0.000E+00  0.000E+00        NaN
1 100.00    1.50     NaN        NaN        NaN     NaN     NaN  0.000E+00  0.000E+00  0.000E+00  0.000E+00        NaN
1 100.00    1.60     NaN        NaN        NaN     NaN     NaN  0.000E+00  0.000E+00  0.000E+00  0.000E+00        NaN
1 100.00    1.70     NaN        NaN        NaN     NaN     NaN  0.000E+00  0.000E+00  0.000E+00  0.000E+00        NaN
1 100.00    1.80     NaN        NaN        NaN     NaN     NaN  0.000E+00  0.000E+00  0.000E+00  0.000E+00        NaN
1 100.00    2.00     NaN        NaN        NaN     NaN     NaN  0.000E+00  0.000E+00  0.000E+00  0.000E+00        NaN
1 100.00    0.30     NaN        NaN        NaN     NaN     NaN  0.000E+00        NaN        NaN        NaN        NaN
1 100.00    0.40     NaN        NaN        NaN     NaN     NaN  0.000E+00        NaN        NaN        NaN        NaN
1 100.00    0.50     NaN        NaN        NaN     NaN     NaN  0.000E+00        NaN        NaN        NaN        NaN
1 100.00    0.60     NaN        NaN        NaN     NaN     NaN  0.000E+00        NaN        NaN        NaN        NaN
1 100.00    0.70     NaN        NaN        NaN     NaN     NaN  0.000E+00        NaN        NaN        NaN        NaN
1 100.00    0.80     NaN        NaN        NaN     NaN     NaN  0.000E+00 -0.737E-02  0.000E+00 -0.526E-01        NaN
1 100.00    0.90     NaN        NaN        NaN     NaN     NaN  0.000E+00 -0.168E-01  0.000E+00 -0.120E+00        NaN
1 100.00    1.00     NaN        NaN        NaN     NaN     NaN  0.000E+00  0.323E-04  0.000E+00  0.231E-03        NaN
1 100.00    1.10     NaN        NaN        NaN     NaN     NaN  0.000E+00  0.000E+00  0.000E+00  0.000E+00        NaN
1 100.00    1.20     NaN        NaN        NaN     NaN     NaN  0.000E+00  0.000E+00  0.000E+00  0.000E+00        NaN
1 100.00    1.30     NaN        NaN        NaN     NaN     NaN  0.000E+00  0.000E+00  0.000E+00  0.000E+00        NaN
1 100.00    1.40     NaN        NaN        NaN     NaN     NaN  0.000E+00  0.000E+00  0.000E+00  0.000E+00        NaN
1 100.00    1.50     NaN        NaN        NaN     NaN     NaN  0.000E+00  0.000E+00  0.000E+00  0.000E+00        NaN
1 100.00    1.60     NaN        NaN        NaN     NaN     NaN  0.000E+00  0.000E+00  0.000E+00  0.000E+00        NaN
1 100.00    1.70     NaN        NaN        NaN     NaN     NaN  0.000E+00  0.000E+00  0.000E+00  0.000E+00        NaN
1 100.00    1.80     NaN        NaN        NaN     NaN     NaN  0.000E+00  0.000E+00  0.000E+00  0.000E+00        NaN
1 100.00    2.00     NaN        NaN        NaN     NaN     NaN  0.000E+00  0.000E+00  0.000E+00  0.000E+00        NaN
2   1.80    0.30   -0.23        NaN        NaN     NaN     NaN  0.000E+00        NaN        NaN        NaN        NaN
2   1.80    0.40   -0.23        NaN        NaN     NaN     NaN  0.000E+00        NaN        NaN        NaN        NaN
2   1.80    0.50   -0.23  0.409E-02  0.127E-02    1.84    1.04  0.351E+08  0.190E-02  0.590E-03  0.136E-01 -0.356E-02
2   1.80    0.60   -0.23  0.244E-02  0.798E-03    1.63    1.12  0.982E+08  0.227E-02  0.743E-03  0.162E-01 -0.208E-02
2   1.80    0.70   -0.23  0.252E-02  0.606E-03    1.40    1.20  0.924E+08  0.237E-02  0.570E-03  0.169E-01 -0.852E-03
2   1.80    0.80   -0.23  0.291E-02  0.260E-03    1.20    1.26  0.690E+08 -0.737E-02  0.659E-03 -0.526E-01  0.000E+00
2   1.80    0.90   -0.23  0.291E-02  0.424E-03    1.03    1.30  0.682E+08 -0.168E-01  0.245E-02 -0.120E+00  0.000E+00
2   1.80    1.00   -0.23  0.286E-02  0.939E-03    0.88    1.31  0.714E+08  0.323E-04  0.106E-04  0.231E-03 -0.000E+00
2   1.80    1.10   -0.23  0.386E-02  0.533E-03    0.77    1.30  0.404E+08  0.235E-01  0.325E-02  0.168E+00 -0.000E+00
2   1.80    1.20   -0.23  0.552E-02  0.223E-03    0.67    1.31  0.198E+08  0.471E-01  0.190E-02  0.336E+00 -0.000E+00
2   1.80    1.30   -0.23  0.745E-02  0.111E-03    0.58    1.31  0.108E+08  0.706E-01  0.105E-02  0.505E+00 -0.000E+00
2   1.80    1.40   -0.23  0.988E-02  0.650E-04    0.51    1.31  0.615E+07  0.942E-01  0.620E-03  0.673E+00 -0.000E+00
2   1.80    1.50   -0.23  0.120E-01  0.412E-04    0.44    1.31  0.414E+07  0.118E+00  0.403E-03  0.841E+00 -0.000E+00
2   1.80    1.60   -0.23  0.148E-01  0.287E-04    0.39    1.31  0.273E+07  0.140E+00  0.271E-03  0.100E+01 -0.000E+00
2   1.80    1.70   -0.23  0.179E-01  0.248E-04    0.33    1.33  0.187E+07  0.140E+00  0.194E-03  0.100E+01 -0.000E+00
2   1.80    1.80   -0.23  0.202E-01  0.000E+00     NaN    1.32  0.146E+07  0.140E+00  0.000E+00  0.100E+01 -0.000E+00
2   1.80    2.00   -0.23  0.185E-01  0.000E+00     NaN    1.30  0.174E+07  0.140E+00  0.000E+00  0.100E+01 -0.000E+00
2 100.00    0.30     NaN        NaN        NaN     NaN     NaN  0.000E+00        NaN        NaN        NaN        NaN
2 100.00    0.40     NaN        NaN        NaN     NaN     NaN  0.000E+00        NaN        NaN        NaN        NaN
2 100.00    0.50     NaN        NaN        NaN    1.84    1.04  0.000E+00  0.190E-02  0.590E-03  0.136E-01 -0.356E-02
2 100.00    0.60     NaN        NaN        NaN    1.63    1.12  0.000E+00  0.227E-02  0.743E-03  0.162E-01 -0.208E-02
2 100.00    0.70     NaN        NaN        NaN    1.40    1.20  0.000E+00  0.237E-02  0.570E-03  0.169E-01 -0.852E-03
2 100.00    0.80     NaN        NaN        NaN    1.20    1.26  0.000E+00 -0.737E-02  0.659E-03 -0.526E-01  0.000E+00
2 100.00    0.90     NaN        NaN        NaN    1.03    1.30  0.000E+00 -0.168E-01  0.245E-02 -0.120E+00  0.000E+00
2 100.00    1.00     NaN        NaN        NaN    0.88    1.31  0.000E+00  0.323E-04  0.106E-04  0.231E-03 -0.000E+00
2 100.00    1.10     NaN        NaN        NaN    0.77    1.30  0.000E+00  0.235E-01  0.325E-02  0.168E+00 -0.000E+00
2 100.00    1.20     NaN        NaN        NaN    0.67    1.31  0.000E+00  0.471E-01  0.190E-02  0.336E+00 -0.000E+00
2 100.00    1.30     NaN        NaN        NaN    0.58    1.31  0.000E+00  0.706E-01  0.105E-02  0.505E+00 -0.000E+00
2 100.00    1.40     NaN        NaN        NaN    0.51    1.31  0.000E+00  0.942E-01  0.620E-03  0.673E+00 -0.000E+00
2 100.00    1.50     NaN        NaN        NaN    0.44    1.31  0.000E+00  0.118E+00  0.403E-03  0.841E+00 -0.000E+00
2 100.00    1.60     NaN        NaN        NaN    0.39    1.31  0.000E+00  0.140E+00  0.271E-03  0.100E+01 -0.000E+00
2 100.00    1.70     NaN        NaN        NaN    0.33    1.33  0.000E+00  0.140E+00  0.194E-03  0.100E+01 -0.000E+00
2 100.00    1.80     NaN        NaN        NaN     NaN    1.32  0.000E+00  0.140E+00  0.000E+00  0.100E+01 -0.000E+00
2 100.00    2.00     NaN        NaN        NaN     NaN    1.30  0.000E+00  0.140E+00  0.000E+00  0.100E+01 -0.000E+00
2 100.00    0.30     NaN        NaN        NaN     NaN     NaN  0.000E+00        NaN        NaN        NaN        NaN
2 100.00    0.40     NaN        NaN        NaN     NaN     NaN  0.000E+00        NaN        NaN        NaN        NaN
2 100.00    0.50     NaN        NaN        NaN    1.84    1.04  0.000E+00  0.190E-02  0.590E-03  0.136E-01 -0.356E-02
2 100.00    0.60     NaN        NaN        NaN    1.63    1.12  0.000E+00  0.227E-02  0.743E-03  0.162E-01 -0.208E-02
2 100.00    0.70     NaN        NaN        NaN    1.40    1.20  0.000E+00  0.237E-02  0.570E-03  0.169E-01 -0.852E-03
2 100.00    0.80     NaN        NaN        NaN    1.20    1.26  0.000E+00 -0.737E-02  0.659E-03 -0.526E-01  0.000E+00
2 100.00    0.90     NaN        NaN        NaN    1.03    1.30  0.000E+00 -0.168E-01  0.245E-02 -0.120E+00  0.000E+00
2 100.00    1.00     NaN        NaN        NaN    0.88    1.31  0.000E+00  0.323E-04  0.106E-04  0.231E-03 -0.000E+00
2 100.00    1.10     NaN        NaN        NaN    0.77    1.30  0.000E+00  0.235E-01  0.325E-02  0.168E+00 -0.000E+00
2 100.00    1.20     NaN        NaN        NaN    0.67    1.31  0.000E+00  0.471E-01  0.190E-02  0.336E+00 -0.000E+00
2 100.00    1.30     NaN        NaN        NaN    0.58    1.31  0.000E+00  0.706E-01  0.105E-02  0.505E+00 -0.000E+00
2 100.00    1.40     NaN        NaN        NaN    0.51    1.31  0.000E+00  0.942E-01  0.620E-03  0.673E+00 -0.000E+00
2 100.00    1.50     NaN        NaN        NaN    0.44    1.31  0.000E+00  0.118E+00  0.403E-03  0.841E+00 -0.000E+00
2 100.00    1.60     NaN        NaN        NaN    0.39    1.31  0.000E+00  0.140E+00  0.271E-03  0.100E+01 -0.000E+00
2 100.00    1.70     NaN        NaN        NaN    0.33    1.33  0.000E+00  0.140E+00  0.194E-03  0.100E+01 -0.000E+00
2 100.00    1.80     NaN        NaN        NaN     NaN    1.32  0.000E+00  0.140E+00  0.000E+00  0.100E+01 -0.000E+00
2 100.00    2.00     NaN        NaN        NaN     NaN    1.30  0.000E+00  0.140E+00  0.000E+00  0.100E+01 -0.000E+00
2 100.00    0.30     NaN        NaN        NaN     NaN     NaN  0.000E+00        NaN        NaN        NaN        NaN
2 100.00    0.40     NaN        NaN        NaN     NaN     NaN  0.000E+00        NaN        NaN        NaN        NaN
2 100.00    0.50     NaN        NaN        NaN    1.84    1.04  0.000E+00  0.190E-02  0.590E-03  0.136E-01 -0.356E-02
2 100.00    0.60     NaN        NaN        NaN    1.63    1.12  0.000E+00  0.227E-02  0.743E-03  0.162E-01 -0.208E-02
2 100.00    0.70     NaN        NaN        NaN    1.40    1.20  0.000E+00  0.237E-02  0.570E-03  0.169E-01 -0.852E-03
2 100.00    0.80     NaN        NaN        NaN    1.20    1.26  0.000E+00 -0.737E-02  0.659E-03 -0.526E-01  0.000E+00
2 100.00    0.90     NaN        NaN        NaN    1.03    1.30  0.000E+00 -0.168E-01  0.245E-02 -0.120E+00  0.000E+00
2 100.00    1.00     NaN        NaN        NaN    0.88    1.31  0.000E+00  0.323E-04  0.106E-04  0.231E-03 -0.000E+00
2 100.00    1.10     NaN        NaN        NaN    0.77    1.30  0.000E+00  0.235E-01  0.325E-02  0.168E+00 -0.000E+00
2 100.00    1.20     NaN        NaN        NaN    0.67    1.31  0.000E+00  0.471E-01  0.190E-02  0.336E+00 -0.000E+00
2 100.00    1.30     NaN        NaN        NaN    0.58    1.31  0.000E+00  0.706E-01  0.105E-02  0.505E+00 -0.000E+00
2 100.00    1.40     NaN        NaN        NaN    0.51    1.31  0.000E+00  0.942E-01  0.620E-03  0.673E+00 -0.000E+00
2 100.00    1.50     NaN        NaN        NaN    0.44    1.31  0.000E+00  0.118E+00  0.403E-03  0.841E+00 -0.000E+00
2 100.00    1.60     NaN        NaN        NaN    0.39    1.31  0.000E+00  0.140E+00  0.271E-03  0.100E+01 -0.000E+00
2 100.00    1.70     NaN        NaN        NaN    0.33    1.33  0.000E+00  0.140E+00  0.194E-03  0.100E+01 -0.000E+00
2 100.00    1.80     NaN        NaN        NaN     NaN    1.32  0.000E+00  0.140E+00  0.000E+00  0.100E+01 -0.000E+00
2 100.00    2.00     NaN        NaN        NaN     NaN    1.30  0.000E+00  0.140E+00  0.000E+00  0.100E+01 -0.000E+00
2 100.00    0.30     NaN        NaN        NaN     NaN     NaN  0.000E+00        NaN        NaN        NaN        NaN
2 100.00    0.40     NaN        NaN        NaN     NaN     NaN  0.000E+00        NaN        NaN        NaN        NaN
2 100.00    0.50     NaN        NaN        NaN    1.84    1.04  0.000E+00  0.190E-02  0.590E-03  0.136E-01 -0.356E-02
2 100.00    0.60     NaN        NaN        NaN    1.63    1.12  0.000E+00  0.227E-02  0.743E-03  0.162E-01 -0.208E-02
2 100.00    0.70     NaN        NaN        NaN    1.40    1.20  0.000E+00  0.237E-02  0.570E-03  0.169E-01 -0.852E-03
2 100.00    0.80     NaN        NaN        NaN    1.20    1.26  0.000E+00 -0.737E-02  0.659E-03 -0.526E-01  0.000E+00
2 100.00    0.90     NaN        NaN        NaN    1.03    1.30  0.000E+00 -0.168E-01  0.245E-02 -0.120E+00  0.000E+00
2 100.00    1.00     NaN        NaN        NaN    0.88    1.31  0.000E+00  0.323E-04  0.106E-04  0.231E-03 -0.000E+00
2 100.00    1.10     NaN        NaN        NaN    0.77    1.30  0.000E+00  0.235E-01  0.325E-02  0.168E+00 -0.000E+00
2 100.00    1.20     NaN        NaN        NaN    0.67    1.31  0.000E+00  0.471E-01  0.190E-02  0.336E+00 -0.000E+00
2 100.00    1.30     NaN        NaN        NaN    0.58    1.31  0.000E+00  0.706E-01  0.105E-02  0.505E+00 -0.000E+00
2 100.00    1.40     NaN        NaN        NaN    0.51    1.31  0.000E+00  0.942E-01  0.620E-03  0.673E+00 -0.000E+00
2 100.00    1.50     NaN        NaN        NaN    0.44    1.31  0.000E+00  0.118E+00  0.403E-03  0.841E+00 -0.000E+00
2 100.00    1.60     NaN        NaN        NaN    0.39    1.31  0.000E+00  0.140E+00  0.271E-03  0.100E+01 -0.000E+00
2 100.00    1.70     NaN        NaN        NaN    0.33    1.33  0.000E+00  0.140E+00  0.194E-03  0.100E+01 -0.000E+00
2 100.00    1.80     NaN        NaN        NaN     NaN    1.32  0.000E+00  0.140E+00  0.000E+00  0.100E+01 -0.000E+00
2 100.00    2.00     NaN        NaN        NaN     NaN    1.30  0.000E+00  0.140E+00  0.000E+00  0.100E+01 -0.000E+00
