 # th     pit     q2      x      sig_u     rate_u
 #                           0.6/GeV.sr)    (Hz)
 # th     pit     q2      x      sig_u     rate_u
 #                           0.6/GeV.sr)    (Hz)
 # th     pit     q2      x      sig_u     rate_u
 #                           0.6/GeV.sr)    (Hz)
 # th     pit     q2      x      sig_u     rate_u
 #                           0.6/GeV.sr)    (Hz)
 # th     pit     q2      x      sig_u     rate_u
 #                           0.6/GeV.sr)    (Hz)
 # th     pit     q2      x      sig_u     rate_u
 #                           0.6/GeV.sr)    (Hz)
2  8.190  7.687    1.4   0.661  0.523E-06  0.213E+01  0.131E-04  0.286E-04  0.970E-04  0.000E+00
2  8.190  7.696    1.4   0.667  0.522E-06  0.425E+01  0.130E-04  0.285E-04  0.964E-04  0.000E+00
2  8.190  7.704    1.4   0.673  0.521E-06  0.637E+01  0.130E-04  0.284E-04  0.959E-04  0.000E+00
2  8.190  7.713    1.4   0.678  0.521E-06  0.849E+01  0.130E-04  0.283E-04  0.954E-04  0.000E+00
2  8.190  7.721    1.4   0.684  0.521E-06  0.106E+02  0.130E-04  0.282E-04  0.948E-04  0.000E+00
2  8.190  7.729    1.4   0.691  0.522E-06  0.127E+02  0.131E-04  0.281E-04  0.943E-04  0.000E+00
2  8.190  7.738    1.4   0.697  0.523E-06  0.149E+02  0.131E-04  0.279E-04  0.938E-04  0.000E+00
2  8.190  7.746    1.4   0.703  0.525E-06  0.170E+02  0.131E-04  0.278E-04  0.933E-04  0.000E+00
2  8.190  7.754    1.4   0.709  0.526E-06  0.191E+02  0.132E-04  0.277E-04  0.928E-04  0.000E+00
2  8.190  7.763    1.4   0.716  0.529E-06  0.213E+02  0.132E-04  0.276E-04  0.922E-04  0.000E+00
2  8.190  7.771    1.4   0.722  0.532E-06  0.235E+02  0.133E-04  0.275E-04  0.917E-04  0.000E+00
2  8.190  7.779    1.4   0.729  0.534E-06  0.256E+02  0.134E-04  0.273E-04  0.912E-04  0.000E+00
2  8.190  7.788    1.4   0.736  0.538E-06  0.278E+02  0.134E-04  0.272E-04  0.907E-04  0.000E+00
2  8.190  7.796    1.4   0.743  0.540E-06  0.300E+02  0.135E-04  0.271E-04  0.901E-04  0.000E+00
2  8.190  7.804    1.4   0.750  0.544E-06  0.322E+02  0.136E-04  0.269E-04  0.896E-04  0.000E+00
2  8.190  7.813    1.4   0.757  0.546E-06  0.345E+02  0.137E-04  0.268E-04  0.891E-04  0.000E+00
2  8.190  7.821    1.4   0.764  0.549E-06  0.367E+02  0.137E-04  0.266E-04  0.885E-04  0.000E+00
2  8.190  7.829    1.4   0.772  0.551E-06  0.389E+02  0.138E-04  0.265E-04  0.880E-04  0.000E+00
2  8.190  7.838    1.4   0.779  0.552E-06  0.412E+02  0.138E-04  0.263E-04  0.874E-04  0.000E+00
2  8.190  7.846    1.4   0.787  0.552E-06  0.434E+02  0.138E-04  0.261E-04  0.868E-04  0.000E+00
2  8.190  7.855    1.4   0.795  0.551E-06  0.457E+02  0.138E-04  0.259E-04  0.862E-04  0.000E+00
2  8.190  7.863    1.4   0.803  0.549E-06  0.479E+02  0.137E-04  0.257E-04  0.856E-04  0.000E+00
2  8.190  7.871    1.4   0.811  0.545E-06  0.501E+02  0.136E-04  0.255E-04  0.850E-04  0.000E+00
2  8.190  7.880    1.4   0.819  0.541E-06  0.523E+02  0.135E-04  0.253E-04  0.844E-04  0.000E+00
2  8.190  7.888    1.4   0.827  0.535E-06  0.545E+02  0.134E-04  0.250E-04  0.838E-04  0.000E+00
2  8.190  7.896    1.4   0.836  0.528E-06  0.567E+02  0.132E-04  0.248E-04  0.832E-04  0.000E+00
2  8.190  7.905    1.4   0.845  0.519E-06  0.588E+02  0.130E-04  0.246E-04  0.825E-04  0.000E+00
2  8.190  7.913    1.4   0.853  0.509E-06  0.608E+02  0.127E-04  0.243E-04  0.819E-04  0.000E+00
2  8.190  7.921    1.4   0.862  0.499E-06  0.629E+02  0.125E-04  0.241E-04  0.812E-04  0.000E+00
2  8.190  7.930    1.4   0.872  0.486E-06  0.649E+02  0.122E-04  0.238E-04  0.805E-04  0.000E+00
2  8.190  7.938    1.4   0.881  0.476E-06  0.668E+02  0.119E-04  0.235E-04  0.799E-04  0.000E+00
2  8.190  7.946    1.4   0.891  0.463E-06  0.687E+02  0.116E-04  0.233E-04  0.792E-04  0.000E+00
2  8.190  7.955    1.4   0.900  0.452E-06  0.705E+02  0.113E-04  0.230E-04  0.786E-04  0.000E+00
2  8.190  7.963    1.4   0.910  0.439E-06  0.723E+02  0.110E-04  0.228E-04  0.779E-04  0.000E+00
2  8.190  7.972    1.4   0.920  0.429E-06  0.741E+02  0.107E-04  0.225E-04  0.772E-04  0.000E+00
2  8.190  7.980    1.4   0.931  0.419E-06  0.758E+02  0.105E-04  0.223E-04  0.765E-04  0.000E+00
2  8.190  7.988    1.4   0.941  0.411E-06  0.774E+02  0.103E-04  0.220E-04  0.759E-04  0.000E+00
2  8.190  7.997    1.4   0.952  0.404E-06  0.791E+02  0.101E-04  0.218E-04  0.753E-04  0.000E+00
2  8.190  8.005    1.4   0.963  0.398E-06  0.807E+02  0.995E-05  0.215E-04  0.746E-04  0.000E+00
2  8.190  8.013    1.4   0.974  0.395E-06  0.823E+02  0.988E-05  0.213E-04  0.739E-04  0.000E+00
2  8.190  8.022    1.4   0.986  0.393E-06  0.839E+02  0.982E-05  0.211E-04  0.733E-04  0.000E+00
2  8.190  8.030    1.4   0.998  0.393E-06  0.855E+02  0.983E-05  0.209E-04  0.727E-04  0.000E+00
2  8.190  8.038    1.4   1.010  0.397E-06  0.871E+02  0.992E-05  0.207E-04  0.720E-04  0.000E+00
2  8.190  8.047    1.4   1.022  0.401E-06  0.888E+02  0.100E-04  0.205E-04  0.714E-04  0.000E+00
2  8.190  8.055    1.4   1.034  0.406E-06  0.904E+02  0.102E-04  0.203E-04  0.707E-04  0.000E+00
2  8.190  8.063    1.4   1.047  0.414E-06  0.921E+02  0.103E-04  0.202E-04  0.701E-04  0.000E+00
2  8.190  8.072    1.4   1.060  0.424E-06  0.938E+02  0.106E-04  0.200E-04  0.694E-04  0.000E+00
2  8.190  8.080    1.5   1.074  0.433E-06  0.956E+02  0.108E-04  0.198E-04  0.687E-04  0.000E+00
2  8.190  8.089    1.5   1.088  0.444E-06  0.974E+02  0.111E-04  0.196E-04  0.680E-04  0.000E+00
2  8.190  8.097    1.5   1.102  0.458E-06  0.993E+02  0.115E-04  0.195E-04  0.673E-04  0.000E+00
2  8.190  8.105    1.5   1.116  0.473E-06  0.101E+03  0.118E-04  0.193E-04  0.665E-04  0.000E+00
2  8.190  8.114    1.5   1.131  0.488E-06  0.103E+03  0.122E-04  0.191E-04  0.657E-04  0.000E+00
2  8.190  8.122    1.5   1.146  0.502E-06  0.105E+03  0.126E-04  0.189E-04  0.649E-04  0.000E+00
2  8.190  8.130    1.5   1.161  0.518E-06  0.107E+03  0.130E-04  0.186E-04  0.640E-04  0.000E+00
2  8.190  8.139    1.5   1.177  0.531E-06  0.109E+03  0.133E-04  0.184E-04  0.631E-04  0.000E+00
2  8.190  8.147    1.5   1.194  0.547E-06  0.112E+03  0.137E-04  0.181E-04  0.621E-04  0.000E+00
2  8.190  8.155    1.5   1.210  0.561E-06  0.114E+03  0.140E-04  0.178E-04  0.610E-04  0.000E+00
2  8.190  8.164    1.5   1.227  0.570E-06  0.116E+03  0.143E-04  0.175E-04  0.598E-04  0.000E+00
2  8.190  8.172    1.5   1.245  0.578E-06  0.119E+03  0.145E-04  0.171E-04  0.586E-04  0.000E+00
2  8.190  8.180    1.5   1.263  0.577E-06  0.121E+03  0.144E-04  0.167E-04  0.573E-04  0.000E+00
2  8.190  8.189    1.5   1.282  0.578E-06  0.123E+03  0.144E-04  0.162E-04  0.559E-04  0.000E+00
2  8.190  8.197    1.5   1.301  0.564E-06  0.126E+03  0.141E-04  0.157E-04  0.544E-04  0.000E+00
2  8.190  8.206    1.5   1.320  0.546E-06  0.128E+03  0.136E-04  0.151E-04  0.528E-04  0.000E+00
2  8.190  8.214    1.5   1.341  0.516E-06  0.130E+03  0.129E-04  0.145E-04  0.511E-04  0.000E+00
2  8.190  8.222    1.5   1.361  0.477E-06  0.132E+03  0.119E-04  0.139E-04  0.493E-04  0.000E+00
2  8.190  8.231    1.5   1.383  0.428E-06  0.134E+03  0.107E-04  0.132E-04  0.474E-04  0.000E+00
2  8.190  8.239    1.5   1.405  0.375E-06  0.135E+03  0.937E-05  0.125E-04  0.454E-04  0.000E+00
2  8.190  8.247    1.5   1.427  0.323E-06  0.137E+03  0.806E-05  0.118E-04  0.434E-04  0.000E+00
2  8.190  8.256    1.5   1.451  0.270E-06  0.138E+03  0.675E-05  0.111E-04  0.413E-04  0.000E+00
2  8.190  8.264    1.5   1.475  0.223E-06  0.139E+03  0.558E-05  0.103E-04  0.392E-04  0.000E+00
2  8.190  8.272    1.5   1.500  0.182E-06  0.139E+03  0.454E-05  0.956E-05  0.371E-04  0.000E+00
2  8.190  8.281    1.5   1.525  0.149E-06  0.140E+03  0.372E-05  0.882E-05  0.349E-04  0.000E+00
2  8.190  8.289    1.5   1.552  0.121E-06  0.140E+03  0.302E-05  0.810E-05  0.328E-04  0.000E+00
2  8.190  8.297    1.5   1.579  0.962E-07  0.141E+03  0.241E-05  0.741E-05  0.307E-04  0.000E+00
2  8.190  8.306    1.5   1.608  0.778E-07  0.141E+03  0.194E-05  0.675E-05  0.287E-04  0.000E+00
2  8.190  8.314    1.5   1.637  0.663E-07  0.141E+03  0.159E-05  0.613E-05  0.267E-04  0.000E+00
2  8.190  8.322    1.5   1.667  0.541E-07  0.142E+03  0.130E-05  0.555E-05  0.248E-04  0.000E+00
2  8.190  8.331    1.5   1.699  0.453E-07  0.142E+03  0.104E-05  0.501E-05  0.229E-04  0.000E+00
2  8.190  8.339    1.5   1.731  0.394E-07  0.142E+03  0.866E-06  0.452E-05  0.212E-04  0.000E+00
2  8.190  8.348    1.5   1.765  0.336E-07  0.142E+03  0.706E-06  0.407E-05  0.196E-04  0.000E+00
2  8.190  8.356    1.5   1.800  0.290E-07  0.142E+03  0.581E-06  0.365E-05  0.181E-04  0.000E+00
2  8.190  8.364    1.5   1.836  0.252E-07  0.142E+03  0.480E-06  0.328E-05  0.167E-04  0.000E+00
2  8.190  8.373    1.5   1.874  0.224E-07  0.142E+03  0.404E-06  0.294E-05  0.153E-04  0.000E+00
2  8.190  8.381    1.5   1.913  0.199E-07  0.142E+03  0.338E-06  0.264E-05  0.141E-04  0.000E+00
2  8.190  8.389    1.5   1.954  0.177E-07  0.142E+03  0.283E-06  0.235E-05  0.129E-04  0.000E+00
2  8.190  8.398    1.5   1.997  0.149E-07  0.142E+03  0.239E-06  0.212E-05  0.119E-04  0.000E+00
2  8.190  8.406    1.5   2.041  0.137E-07  0.142E+03  0.205E-06  0.190E-05  0.109E-04  0.000E+00
2  8.190  8.414    1.5   2.088  0.129E-07  0.142E+03  0.180E-06  0.169E-05  0.995E-05  0.000E+00
2  8.190  8.423    1.5   2.136  0.117E-07  0.142E+03  0.152E-06  0.151E-05  0.907E-05  0.000E+00
2  8.190  8.431    1.5   2.186  0.109E-07  0.142E+03  0.131E-06  0.135E-05  0.824E-05  0.000E+00
2  8.190  8.439    1.5   2.239  0.995E-08  0.142E+03  0.109E-06  0.120E-05  0.745E-05  0.000E+00
2  8.190  8.448    1.5   2.295  0.985E-08  0.142E+03  0.985E-07  0.106E-05  0.670E-05  0.000E+00
2  8.190  8.456    1.5   2.353  0.945E-08  0.142E+03  0.851E-07  0.930E-06  0.601E-05  0.000E+00
2  8.190  8.465    1.5   2.414  0.952E-08  0.143E+03  0.761E-07  0.811E-06  0.534E-05  0.000E+00
2  8.190  8.473    1.5   2.478  0.910E-08  0.143E+03  0.637E-07  0.700E-06  0.469E-05  0.000E+00
2  8.190  8.481    1.5   2.545  0.898E-08  0.143E+03  0.539E-07  0.595E-06  0.405E-05  0.000E+00
2  8.190  8.490    1.5   2.617  0.932E-08  0.143E+03  0.466E-07  0.494E-06  0.341E-05  0.000E+00
2  8.190  8.498    1.5   2.692  0.947E-08  0.143E+03  0.379E-07  0.396E-06  0.277E-05  0.000E+00
2  8.190  8.506    1.5   2.771  0.902E-08  0.143E+03  0.271E-07  0.300E-06  0.212E-05  0.000E+00
2  8.190  8.515    1.5   2.855  0.271E-11  0.143E+03  0.542E-11  0.203E-06  0.145E-05  0.000E+00
2  8.190  8.523    1.5   2.944  0.114E-19  0.143E+03  0.114E-19  0.103E-06  0.744E-06  0.000E+00
 # th     pit     q2      x      sig_u     rate_u
 #                           0.6/GeV.sr)    (Hz)
 # th     pit     q2      x      sig_u     rate_u
 #                           0.6/GeV.sr)    (Hz)
 # th     pit     q2      x      sig_u     rate_u
 #                           0.6/GeV.sr)    (Hz)
 # th     pit     q2      x      sig_u     rate_u
 #                           0.6/GeV.sr)    (Hz)
