 0.100E+00  0.807E+00  0.819E+01  0.880E+01  0.450E+01  0.430E+01  0.815E+01  0.407E-06  0.408E-06  0.292E-05  0.821E-06  0.275E+00  0.249E-05  0.102E+01  0.101E+01  0.102E+01  0.000E+00  0.451E+29  0.451E+29  0.114E+29  0.108E+30  0.249E-25  0.000E+00  0.000E+00
 0.110E+00  0.845E+00  0.819E+01  0.880E+01  0.471E+01  0.409E+01  0.772E+01  0.430E-06  0.431E-06  0.310E-05  0.872E-06  0.274E+00  0.265E-05  0.103E+01  0.101E+01  0.102E+01  0.000E+00  0.476E+29  0.477E+29  0.121E+29  0.114E+30  0.265E-25  0.000E+00  0.000E+00
 0.120E+00  0.879E+00  0.819E+01  0.880E+01  0.490E+01  0.390E+01  0.733E+01  0.452E-06  0.453E-06  0.327E-05  0.919E-06  0.273E+00  0.279E-05  0.103E+01  0.102E+01  0.103E+01  0.000E+00  0.500E+29  0.501E+29  0.128E+29  0.121E+30  0.279E-25  0.000E+00  0.000E+00
 0.130E+00  0.910E+00  0.819E+01  0.880E+01  0.507E+01  0.373E+01  0.697E+01  0.472E-06  0.472E-06  0.342E-05  0.962E-06  0.272E+00  0.292E-05  0.103E+01  0.102E+01  0.103E+01  0.000E+00  0.522E+29  0.523E+29  0.134E+29  0.126E+30  0.292E-25  0.000E+00  0.000E+00
 0.140E+00  0.938E+00  0.819E+01  0.880E+01  0.523E+01  0.357E+01  0.665E+01  0.490E-06  0.491E-06  0.356E-05  0.100E-05  0.272E+00  0.304E-05  0.104E+01  0.102E+01  0.103E+01  0.000E+00  0.543E+29  0.543E+29  0.139E+29  0.131E+30  0.304E-25  0.000E+00  0.000E+00
 0.150E+00  0.965E+00  0.819E+01  0.880E+01  0.537E+01  0.343E+01  0.635E+01  0.507E-06  0.507E-06  0.369E-05  0.104E-05  0.272E+00  0.315E-05  0.104E+01  0.102E+01  0.104E+01  0.000E+00  0.561E+29  0.561E+29  0.144E+29  0.136E+30  0.315E-25  0.000E+00  0.000E+00
 0.160E+00  0.989E+00  0.819E+01  0.880E+01  0.551E+01  0.329E+01  0.607E+01  0.521E-06  0.522E-06  0.380E-05  0.107E-05  0.271E+00  0.325E-05  0.104E+01  0.102E+01  0.104E+01  0.000E+00  0.577E+29  0.578E+29  0.149E+29  0.140E+30  0.325E-25  0.000E+00  0.000E+00
 0.170E+00  0.101E+01  0.819E+01  0.880E+01  0.563E+01  0.317E+01  0.582E+01  0.535E-06  0.535E-06  0.391E-05  0.110E-05  0.271E+00  0.334E-05  0.104E+01  0.103E+01  0.104E+01  0.000E+00  0.592E+29  0.593E+29  0.153E+29  0.144E+30  0.334E-25  0.000E+00  0.000E+00
 0.180E+00  0.103E+01  0.819E+01  0.880E+01  0.575E+01  0.305E+01  0.558E+01  0.547E-06  0.547E-06  0.400E-05  0.113E-05  0.271E+00  0.342E-05  0.104E+01  0.103E+01  0.104E+01  0.000E+00  0.606E+29  0.606E+29  0.157E+29  0.148E+30  0.342E-25  0.000E+00  0.000E+00
 0.190E+00  0.105E+01  0.819E+01  0.880E+01  0.585E+01  0.295E+01  0.536E+01  0.558E-06  0.558E-06  0.409E-05  0.115E-05  0.270E+00  0.350E-05  0.105E+01  0.103E+01  0.104E+01  0.000E+00  0.618E+29  0.618E+29  0.160E+29  0.151E+30  0.350E-25  0.000E+00  0.000E+00
 0.200E+00  0.107E+01  0.819E+01  0.880E+01  0.595E+01  0.285E+01  0.515E+01  0.567E-06  0.568E-06  0.417E-05  0.117E-05  0.269E+00  0.357E-05  0.105E+01  0.103E+01  0.105E+01  0.000E+00  0.628E+29  0.628E+29  0.163E+29  0.154E+30  0.357E-25  0.000E+00  0.000E+00
 0.210E+00  0.109E+01  0.819E+01  0.880E+01  0.605E+01  0.275E+01  0.496E+01  0.576E-06  0.576E-06  0.425E-05  0.119E-05  0.269E+00  0.363E-05  0.105E+01  0.104E+01  0.105E+01  0.000E+00  0.637E+29  0.638E+29  0.166E+29  0.157E+30  0.363E-25  0.000E+00  0.000E+00
 0.220E+00  0.110E+01  0.819E+01  0.880E+01  0.613E+01  0.267E+01  0.478E+01  0.583E-06  0.583E-06  0.432E-05  0.121E-05  0.268E+00  0.369E-05  0.106E+01  0.104E+01  0.106E+01  0.000E+00  0.646E+29  0.646E+29  0.169E+29  0.159E+30  0.369E-25  0.000E+00  0.000E+00
 0.230E+00  0.112E+01  0.819E+01  0.880E+01  0.622E+01  0.258E+01  0.462E+01  0.591E-06  0.591E-06  0.438E-05  0.123E-05  0.268E+00  0.375E-05  0.106E+01  0.104E+01  0.106E+01  0.000E+00  0.654E+29  0.654E+29  0.172E+29  0.162E+30  0.375E-25  0.000E+00  0.000E+00
 0.240E+00  0.113E+01  0.819E+01  0.880E+01  0.629E+01  0.251E+01  0.446E+01  0.600E-06  0.600E-06  0.444E-05  0.125E-05  0.268E+00  0.380E-05  0.106E+01  0.104E+01  0.106E+01  0.000E+00  0.664E+29  0.664E+29  0.174E+29  0.164E+30  0.380E-25  0.000E+00  0.000E+00
 0.250E+00  0.114E+01  0.819E+01  0.880E+01  0.636E+01  0.244E+01  0.431E+01  0.610E-06  0.610E-06  0.450E-05  0.127E-05  0.269E+00  0.385E-05  0.105E+01  0.104E+01  0.105E+01  0.000E+00  0.676E+29  0.676E+29  0.176E+29  0.166E+30  0.385E-25  0.000E+00  0.000E+00
 0.260E+00  0.115E+01  0.819E+01  0.880E+01  0.643E+01  0.237E+01  0.417E+01  0.616E-06  0.616E-06  0.455E-05  0.128E-05  0.269E+00  0.389E-05  0.106E+01  0.104E+01  0.105E+01  0.000E+00  0.682E+29  0.682E+29  0.178E+29  0.168E+30  0.389E-25  0.000E+00  0.000E+00
 0.270E+00  0.117E+01  0.819E+01  0.880E+01  0.650E+01  0.230E+01  0.403E+01  0.618E-06  0.618E-06  0.459E-05  0.129E-05  0.267E+00  0.392E-05  0.106E+01  0.105E+01  0.106E+01  0.000E+00  0.684E+29  0.684E+29  0.180E+29  0.169E+30  0.392E-25  0.000E+00  0.000E+00
 0.280E+00  0.118E+01  0.819E+01  0.880E+01  0.656E+01  0.224E+01  0.391E+01  0.621E-06  0.620E-06  0.463E-05  0.130E-05  0.267E+00  0.396E-05  0.107E+01  0.105E+01  0.106E+01  0.000E+00  0.687E+29  0.687E+29  0.182E+29  0.171E+30  0.396E-25  0.000E+00  0.000E+00
 0.290E+00  0.119E+01  0.819E+01  0.880E+01  0.662E+01  0.218E+01  0.379E+01  0.624E-06  0.623E-06  0.466E-05  0.131E-05  0.266E+00  0.399E-05  0.107E+01  0.105E+01  0.107E+01  0.000E+00  0.691E+29  0.690E+29  0.183E+29  0.172E+30  0.399E-25  0.000E+00  0.000E+00
 0.300E+00  0.120E+01  0.819E+01  0.880E+01  0.667E+01  0.213E+01  0.368E+01  0.627E-06  0.626E-06  0.469E-05  0.132E-05  0.266E+00  0.401E-05  0.107E+01  0.106E+01  0.107E+01  0.000E+00  0.694E+29  0.693E+29  0.184E+29  0.173E+30  0.401E-25  0.000E+00  0.000E+00
 0.310E+00  0.121E+01  0.819E+01  0.880E+01  0.672E+01  0.208E+01  0.357E+01  0.631E-06  0.630E-06  0.471E-05  0.133E-05  0.266E+00  0.403E-05  0.107E+01  0.106E+01  0.107E+01  0.000E+00  0.698E+29  0.698E+29  0.186E+29  0.174E+30  0.403E-25  0.000E+00  0.000E+00
 0.320E+00  0.122E+01  0.819E+01  0.880E+01  0.677E+01  0.203E+01  0.346E+01  0.635E-06  0.634E-06  0.473E-05  0.134E-05  0.267E+00  0.404E-05  0.107E+01  0.106E+01  0.106E+01  0.000E+00  0.703E+29  0.702E+29  0.187E+29  0.174E+30  0.404E-25  0.000E+00  0.000E+00
 0.330E+00  0.122E+01  0.819E+01  0.880E+01  0.682E+01  0.198E+01  0.337E+01  0.636E-06  0.635E-06  0.474E-05  0.135E-05  0.266E+00  0.406E-05  0.107E+01  0.106E+01  0.106E+01  0.000E+00  0.704E+29  0.703E+29  0.188E+29  0.175E+30  0.406E-25  0.000E+00  0.000E+00
 0.340E+00  0.123E+01  0.819E+01  0.880E+01  0.687E+01  0.193E+01  0.327E+01  0.638E-06  0.637E-06  0.475E-05  0.135E-05  0.267E+00  0.406E-05  0.106E+01  0.106E+01  0.106E+01  0.000E+00  0.706E+29  0.705E+29  0.189E+29  0.175E+30  0.406E-25  0.000E+00  0.000E+00
 0.350E+00  0.124E+01  0.819E+01  0.880E+01  0.691E+01  0.189E+01  0.318E+01  0.645E-06  0.644E-06  0.474E-05  0.136E-05  0.269E+00  0.406E-05  0.105E+01  0.105E+01  0.105E+01  0.000E+00  0.714E+29  0.713E+29  0.189E+29  0.175E+30  0.406E-25  0.000E+00  0.000E+00
 0.360E+00  0.125E+01  0.819E+01  0.880E+01  0.695E+01  0.185E+01  0.310E+01  0.659E-06  0.658E-06  0.474E-05  0.136E-05  0.273E+00  0.406E-05  0.103E+01  0.103E+01  0.103E+01  0.000E+00  0.729E+29  0.728E+29  0.189E+29  0.175E+30  0.406E-25  0.000E+00  0.000E+00
 0.370E+00  0.126E+01  0.819E+01  0.880E+01  0.699E+01  0.181E+01  0.302E+01  0.675E-06  0.674E-06  0.472E-05  0.136E-05  0.279E+00  0.404E-05  0.100E+01  0.101E+01  0.100E+01  0.000E+00  0.747E+29  0.746E+29  0.189E+29  0.174E+30  0.404E-25  0.000E+00  0.000E+00
 0.380E+00  0.126E+01  0.819E+01  0.880E+01  0.703E+01  0.177E+01  0.294E+01  0.686E-06  0.685E-06  0.470E-05  0.136E-05  0.283E+00  0.402E-05  0.979E+00  0.989E+00  0.978E+00  0.000E+00  0.760E+29  0.759E+29  0.189E+29  0.173E+30  0.402E-25  0.000E+00  0.000E+00
 0.390E+00  0.127E+01  0.819E+01  0.880E+01  0.707E+01  0.173E+01  0.286E+01  0.687E-06  0.685E-06  0.466E-05  0.135E-05  0.284E+00  0.399E-05  0.972E+00  0.983E+00  0.971E+00  0.000E+00  0.760E+29  0.759E+29  0.188E+29  0.172E+30  0.399E-25  0.000E+00  0.000E+00
 0.400E+00  0.127E+01  0.819E+01  0.880E+01  0.710E+01  0.170E+01  0.279E+01  0.674E-06  0.672E-06  0.462E-05  0.134E-05  0.282E+00  0.396E-05  0.982E+00  0.995E+00  0.982E+00  0.000E+00  0.746E+29  0.744E+29  0.186E+29  0.171E+30  0.396E-25  0.000E+00  0.000E+00
 0.410E+00  0.128E+01  0.819E+01  0.880E+01  0.714E+01  0.166E+01  0.272E+01  0.654E-06  0.653E-06  0.457E-05  0.132E-05  0.279E+00  0.392E-05  0.100E+01  0.101E+01  0.100E+01  0.000E+00  0.724E+29  0.723E+29  0.184E+29  0.169E+30  0.392E-25  0.000E+00  0.000E+00
 0.420E+00  0.129E+01  0.819E+01  0.880E+01  0.717E+01  0.163E+01  0.266E+01  0.635E-06  0.633E-06  0.452E-05  0.131E-05  0.275E+00  0.387E-05  0.102E+01  0.103E+01  0.102E+01  0.000E+00  0.703E+29  0.701E+29  0.182E+29  0.167E+30  0.387E-25  0.000E+00  0.000E+00
 0.430E+00  0.129E+01  0.819E+01  0.880E+01  0.720E+01  0.160E+01  0.259E+01  0.619E-06  0.618E-06  0.445E-05  0.129E-05  0.273E+00  0.382E-05  0.103E+01  0.104E+01  0.103E+01  0.000E+00  0.686E+29  0.684E+29  0.180E+29  0.164E+30  0.382E-25  0.000E+00  0.000E+00
 0.440E+00  0.130E+01  0.819E+01  0.880E+01  0.723E+01  0.157E+01  0.253E+01  0.612E-06  0.611E-06  0.439E-05  0.127E-05  0.274E+00  0.376E-05  0.103E+01  0.104E+01  0.103E+01  0.000E+00  0.678E+29  0.676E+29  0.177E+29  0.162E+30  0.376E-25  0.000E+00  0.000E+00
 0.450E+00  0.130E+01  0.819E+01  0.880E+01  0.726E+01  0.154E+01  0.247E+01  0.609E-06  0.607E-06  0.432E-05  0.125E-05  0.275E+00  0.370E-05  0.102E+01  0.103E+01  0.102E+01  0.000E+00  0.674E+29  0.672E+29  0.174E+29  0.159E+30  0.370E-25  0.000E+00  0.000E+00
 0.460E+00  0.131E+01  0.819E+01  0.880E+01  0.729E+01  0.151E+01  0.242E+01  0.606E-06  0.604E-06  0.424E-05  0.123E-05  0.278E+00  0.364E-05  0.100E+01  0.102E+01  0.100E+01  0.000E+00  0.671E+29  0.669E+29  0.171E+29  0.157E+30  0.364E-25  0.000E+00  0.000E+00
 0.470E+00  0.131E+01  0.819E+01  0.880E+01  0.731E+01  0.149E+01  0.236E+01  0.605E-06  0.603E-06  0.417E-05  0.121E-05  0.281E+00  0.358E-05  0.987E+00  0.100E+01  0.988E+00  0.000E+00  0.670E+29  0.668E+29  0.168E+29  0.154E+30  0.358E-25  0.000E+00  0.000E+00
 0.480E+00  0.132E+01  0.819E+01  0.880E+01  0.734E+01  0.146E+01  0.231E+01  0.604E-06  0.603E-06  0.409E-05  0.119E-05  0.285E+00  0.351E-05  0.970E+00  0.985E+00  0.971E+00  0.000E+00  0.669E+29  0.668E+29  0.165E+29  0.151E+30  0.351E-25  0.000E+00  0.000E+00
 0.490E+00  0.132E+01  0.819E+01  0.880E+01  0.736E+01  0.144E+01  0.226E+01  0.597E-06  0.596E-06  0.402E-05  0.117E-05  0.286E+00  0.345E-05  0.964E+00  0.979E+00  0.965E+00  0.000E+00  0.662E+29  0.660E+29  0.162E+29  0.148E+30  0.345E-25  0.000E+00  0.000E+00
 0.500E+00  0.133E+01  0.819E+01  0.880E+01  0.739E+01  0.141E+01  0.221E+01  0.581E-06  0.579E-06  0.395E-05  0.114E-05  0.284E+00  0.339E-05  0.973E+00  0.988E+00  0.975E+00  0.000E+00  0.643E+29  0.642E+29  0.159E+29  0.146E+30  0.339E-25  0.000E+00  0.000E+00
 0.510E+00  0.133E+01  0.819E+01  0.880E+01  0.741E+01  0.139E+01  0.216E+01  0.558E-06  0.556E-06  0.387E-05  0.112E-05  0.280E+00  0.333E-05  0.994E+00  0.101E+01  0.996E+00  0.000E+00  0.618E+29  0.616E+29  0.157E+29  0.143E+30  0.333E-25  0.000E+00  0.000E+00
 0.520E+00  0.133E+01  0.819E+01  0.880E+01  0.743E+01  0.137E+01  0.211E+01  0.531E-06  0.530E-06  0.380E-05  0.110E-05  0.274E+00  0.326E-05  0.102E+01  0.104E+01  0.103E+01  0.000E+00  0.588E+29  0.586E+29  0.154E+29  0.140E+30  0.326E-25  0.000E+00  0.000E+00
 0.530E+00  0.134E+01  0.819E+01  0.880E+01  0.745E+01  0.135E+01  0.207E+01  0.506E-06  0.504E-06  0.373E-05  0.109E-05  0.268E+00  0.321E-05  0.106E+01  0.108E+01  0.106E+01  0.000E+00  0.560E+29  0.559E+29  0.151E+29  0.138E+30  0.321E-25  0.000E+00  0.000E+00
 0.540E+00  0.134E+01  0.819E+01  0.880E+01  0.748E+01  0.132E+01  0.202E+01  0.484E-06  0.483E-06  0.366E-05  0.107E-05  0.263E+00  0.315E-05  0.108E+01  0.111E+01  0.109E+01  0.000E+00  0.536E+29  0.535E+29  0.149E+29  0.135E+30  0.315E-25  0.000E+00  0.000E+00
 0.550E+00  0.135E+01  0.819E+01  0.880E+01  0.750E+01  0.130E+01  0.198E+01  0.468E-06  0.467E-06  0.360E-05  0.105E-05  0.259E+00  0.309E-05  0.110E+01  0.113E+01  0.111E+01  0.000E+00  0.518E+29  0.517E+29  0.146E+29  0.133E+30  0.309E-25  0.000E+00  0.000E+00
 0.560E+00  0.135E+01  0.819E+01  0.880E+01  0.752E+01  0.128E+01  0.194E+01  0.457E-06  0.456E-06  0.354E-05  0.104E-05  0.258E+00  0.304E-05  0.111E+01  0.114E+01  0.111E+01  0.000E+00  0.506E+29  0.504E+29  0.144E+29  0.130E+30  0.304E-25  0.000E+00  0.000E+00
 0.570E+00  0.135E+01  0.819E+01  0.880E+01  0.754E+01  0.126E+01  0.190E+01  0.450E-06  0.449E-06  0.347E-05  0.102E-05  0.259E+00  0.299E-05  0.111E+01  0.114E+01  0.111E+01  0.000E+00  0.498E+29  0.497E+29  0.142E+29  0.128E+30  0.299E-25  0.000E+00  0.000E+00
 0.580E+00  0.136E+01  0.819E+01  0.880E+01  0.755E+01  0.125E+01  0.186E+01  0.446E-06  0.445E-06  0.342E-05  0.101E-05  0.260E+00  0.294E-05  0.110E+01  0.113E+01  0.110E+01  0.000E+00  0.494E+29  0.492E+29  0.140E+29  0.126E+30  0.294E-25  0.000E+00  0.000E+00
 0.590E+00  0.136E+01  0.819E+01  0.880E+01  0.757E+01  0.123E+01  0.182E+01  0.444E-06  0.443E-06  0.336E-05  0.995E-06  0.262E+00  0.289E-05  0.108E+01  0.112E+01  0.109E+01  0.000E+00  0.492E+29  0.490E+29  0.139E+29  0.124E+30  0.289E-25  0.000E+00  0.000E+00
 0.600E+00  0.136E+01  0.819E+01  0.880E+01  0.759E+01  0.121E+01  0.179E+01  0.445E-06  0.444E-06  0.330E-05  0.983E-06  0.266E+00  0.284E-05  0.106E+01  0.111E+01  0.107E+01  0.000E+00  0.493E+29  0.491E+29  0.137E+29  0.122E+30  0.284E-25  0.000E+00  0.000E+00
 0.610E+00  0.137E+01  0.819E+01  0.880E+01  0.761E+01  0.119E+01  0.175E+01  0.449E-06  0.447E-06  0.324E-05  0.971E-06  0.271E+00  0.279E-05  0.104E+01  0.108E+01  0.104E+01  0.000E+00  0.497E+29  0.495E+29  0.135E+29  0.120E+30  0.279E-25  0.000E+00  0.000E+00
 0.620E+00  0.137E+01  0.819E+01  0.880E+01  0.762E+01  0.118E+01  0.172E+01  0.456E-06  0.454E-06  0.319E-05  0.959E-06  0.277E+00  0.275E-05  0.100E+01  0.106E+01  0.101E+01  0.000E+00  0.505E+29  0.503E+29  0.133E+29  0.118E+30  0.275E-25  0.000E+00  0.000E+00
 0.630E+00  0.137E+01  0.819E+01  0.880E+01  0.764E+01  0.116E+01  0.169E+01  0.465E-06  0.463E-06  0.314E-05  0.946E-06  0.285E+00  0.270E-05  0.968E+00  0.102E+01  0.972E+00  0.000E+00  0.515E+29  0.513E+29  0.132E+29  0.116E+30  0.270E-25  0.000E+00  0.000E+00
 0.640E+00  0.137E+01  0.819E+01  0.880E+01  0.766E+01  0.114E+01  0.165E+01  0.477E-06  0.475E-06  0.309E-05  0.934E-06  0.293E+00  0.266E-05  0.929E+00  0.982E+00  0.933E+00  0.000E+00  0.528E+29  0.526E+29  0.130E+29  0.114E+30  0.266E-25  0.000E+00  0.000E+00
 0.650E+00  0.138E+01  0.819E+01  0.880E+01  0.767E+01  0.113E+01  0.162E+01  0.488E-06  0.487E-06  0.304E-05  0.921E-06  0.301E+00  0.262E-05  0.892E+00  0.947E+00  0.896E+00  0.000E+00  0.541E+29  0.539E+29  0.128E+29  0.112E+30  0.262E-25  0.000E+00  0.000E+00
 0.660E+00  0.138E+01  0.819E+01  0.880E+01  0.769E+01  0.111E+01  0.159E+01  0.499E-06  0.497E-06  0.299E-05  0.907E-06  0.309E+00  0.258E-05  0.860E+00  0.913E+00  0.864E+00  0.000E+00  0.552E+29  0.550E+29  0.126E+29  0.110E+30  0.258E-25  0.000E+00  0.000E+00
 0.670E+00  0.138E+01  0.819E+01  0.880E+01  0.770E+01  0.110E+01  0.156E+01  0.506E-06  0.504E-06  0.294E-05  0.894E-06  0.316E+00  0.253E-05  0.834E+00  0.887E+00  0.838E+00  0.000E+00  0.560E+29  0.558E+29  0.124E+29  0.109E+30  0.253E-25  0.000E+00  0.000E+00
 0.680E+00  0.138E+01  0.819E+01  0.880E+01  0.771E+01  0.109E+01  0.153E+01  0.508E-06  0.506E-06  0.290E-05  0.880E-06  0.320E+00  0.250E-05  0.819E+00  0.869E+00  0.823E+00  0.000E+00  0.562E+29  0.560E+29  0.122E+29  0.107E+30  0.250E-25  0.000E+00  0.000E+00
 0.690E+00  0.139E+01  0.819E+01  0.880E+01  0.773E+01  0.107E+01  0.150E+01  0.504E-06  0.502E-06  0.285E-05  0.864E-06  0.322E+00  0.246E-05  0.812E+00  0.860E+00  0.816E+00  0.000E+00  0.558E+29  0.556E+29  0.120E+29  0.105E+30  0.246E-25  0.000E+00  0.000E+00
 0.700E+00  0.139E+01  0.819E+01  0.880E+01  0.774E+01  0.106E+01  0.148E+01  0.492E-06  0.490E-06  0.281E-05  0.850E-06  0.319E+00  0.242E-05  0.820E+00  0.867E+00  0.824E+00  0.000E+00  0.544E+29  0.543E+29  0.118E+29  0.104E+30  0.242E-25  0.000E+00  0.000E+00
 0.710E+00  0.139E+01  0.819E+01  0.880E+01  0.776E+01  0.104E+01  0.145E+01  0.472E-06  0.470E-06  0.277E-05  0.834E-06  0.314E+00  0.239E-05  0.843E+00  0.887E+00  0.847E+00  0.000E+00  0.523E+29  0.521E+29  0.116E+29  0.102E+30  0.239E-25  0.000E+00  0.000E+00
 0.720E+00  0.139E+01  0.819E+01  0.880E+01  0.777E+01  0.103E+01  0.142E+01  0.445E-06  0.444E-06  0.274E-05  0.819E-06  0.304E+00  0.236E-05  0.881E+00  0.923E+00  0.886E+00  0.000E+00  0.493E+29  0.492E+29  0.114E+29  0.101E+30  0.236E-25  0.000E+00  0.000E+00
 0.730E+00  0.140E+01  0.819E+01  0.880E+01  0.778E+01  0.102E+01  0.140E+01  0.414E-06  0.413E-06  0.270E-05  0.804E-06  0.292E+00  0.233E-05  0.935E+00  0.974E+00  0.939E+00  0.000E+00  0.459E+29  0.457E+29  0.112E+29  0.997E+29  0.233E-25  0.000E+00  0.000E+00
 0.740E+00  0.140E+01  0.819E+01  0.880E+01  0.779E+01  0.101E+01  0.137E+01  0.380E-06  0.379E-06  0.267E-05  0.790E-06  0.277E+00  0.230E-05  0.101E+01  0.104E+01  0.101E+01  0.000E+00  0.421E+29  0.420E+29  0.110E+29  0.985E+29  0.230E-25  0.000E+00  0.000E+00
 0.750E+00  0.140E+01  0.819E+01  0.880E+01  0.780E+01  0.995E+00  0.135E+01  0.345E-06  0.345E-06  0.263E-05  0.775E-06  0.261E+00  0.227E-05  0.109E+01  0.112E+01  0.110E+01  0.000E+00  0.382E+29  0.382E+29  0.108E+29  0.972E+29  0.227E-25  0.000E+00  0.000E+00
 0.760E+00  0.140E+01  0.819E+01  0.880E+01  0.782E+01  0.984E+00  0.132E+01  0.312E-06  0.312E-06  0.260E-05  0.762E-06  0.244E+00  0.224E-05  0.119E+01  0.122E+01  0.120E+01  0.000E+00  0.345E+29  0.345E+29  0.106E+29  0.961E+29  0.224E-25  0.000E+00  0.000E+00
 0.770E+00  0.141E+01  0.819E+01  0.880E+01  0.783E+01  0.972E+00  0.130E+01  0.282E-06  0.283E-06  0.258E-05  0.750E-06  0.229E+00  0.222E-05  0.130E+01  0.133E+01  0.131E+01  0.000E+00  0.312E+29  0.313E+29  0.104E+29  0.950E+29  0.222E-25  0.000E+00  0.000E+00
 0.780E+00  0.141E+01  0.819E+01  0.880E+01  0.784E+01  0.961E+00  0.128E+01  0.254E-06  0.256E-06  0.255E-05  0.739E-06  0.213E+00  0.219E-05  0.142E+01  0.145E+01  0.143E+01  0.000E+00  0.281E+29  0.283E+29  0.103E+29  0.940E+29  0.219E-25  0.000E+00  0.000E+00
 0.790E+00  0.141E+01  0.819E+01  0.880E+01  0.785E+01  0.951E+00  0.125E+01  0.234E-06  0.236E-06  0.252E-05  0.729E-06  0.202E+00  0.217E-05  0.153E+01  0.154E+01  0.153E+01  0.000E+00  0.260E+29  0.262E+29  0.102E+29  0.932E+29  0.217E-25  0.000E+00  0.000E+00
 0.800E+00  0.141E+01  0.819E+01  0.880E+01  0.786E+01  0.940E+00  0.123E+01  0.216E-06  0.218E-06  0.250E-05  0.720E-06  0.191E+00  0.215E-05  0.164E+01  0.165E+01  0.164E+01  0.000E+00  0.239E+29  0.241E+29  0.100E+29  0.922E+29  0.215E-25  0.000E+00  0.000E+00
 0.810E+00  0.141E+01  0.819E+01  0.880E+01  0.787E+01  0.930E+00  0.121E+01  0.203E-06  0.206E-06  0.248E-05  0.713E-06  0.184E+00  0.213E-05  0.172E+01  0.173E+01  0.173E+01  0.000E+00  0.225E+29  0.228E+29  0.993E+28  0.915E+29  0.213E-25  0.000E+00  0.000E+00
 0.820E+00  0.141E+01  0.819E+01  0.880E+01  0.788E+01  0.919E+00  0.119E+01  0.198E-06  0.201E-06  0.246E-05  0.707E-06  0.181E+00  0.212E-05  0.175E+01  0.176E+01  0.176E+01  0.000E+00  0.219E+29  0.222E+29  0.984E+28  0.908E+29  0.212E-25  0.000E+00  0.000E+00
 0.830E+00  0.142E+01  0.819E+01  0.880E+01  0.789E+01  0.909E+00  0.117E+01  0.194E-06  0.197E-06  0.244E-05  0.701E-06  0.179E+00  0.210E-05  0.177E+01  0.178E+01  0.178E+01  0.000E+00  0.214E+29  0.218E+29  0.977E+28  0.902E+29  0.210E-25  0.000E+00  0.000E+00
 0.840E+00  0.142E+01  0.819E+01  0.880E+01  0.790E+01  0.900E+00  0.115E+01  0.197E-06  0.201E-06  0.243E-05  0.698E-06  0.183E+00  0.209E-05  0.173E+01  0.174E+01  0.173E+01  0.000E+00  0.218E+29  0.222E+29  0.972E+28  0.896E+29  0.209E-25  0.000E+00  0.000E+00
 0.850E+00  0.142E+01  0.819E+01  0.880E+01  0.791E+01  0.890E+00  0.113E+01  0.202E-06  0.206E-06  0.241E-05  0.695E-06  0.188E+00  0.208E-05  0.167E+01  0.169E+01  0.168E+01  0.000E+00  0.223E+29  0.228E+29  0.968E+28  0.891E+29  0.208E-25  0.000E+00  0.000E+00
 0.860E+00  0.142E+01  0.819E+01  0.880E+01  0.792E+01  0.881E+00  0.111E+01  0.216E-06  0.221E-06  0.240E-05  0.693E-06  0.199E+00  0.207E-05  0.155E+01  0.157E+01  0.156E+01  0.000E+00  0.239E+29  0.245E+29  0.965E+28  0.886E+29  0.207E-25  0.000E+00  0.000E+00
 0.870E+00  0.142E+01  0.819E+01  0.880E+01  0.793E+01  0.872E+00  0.109E+01  0.231E-06  0.236E-06  0.239E-05  0.693E-06  0.211E+00  0.205E-05  0.144E+01  0.147E+01  0.145E+01  0.000E+00  0.256E+29  0.262E+29  0.965E+28  0.882E+29  0.205E-25  0.000E+00  0.000E+00
 0.880E+00  0.142E+01  0.819E+01  0.880E+01  0.794E+01  0.863E+00  0.107E+01  0.260E-06  0.266E-06  0.238E-05  0.693E-06  0.232E+00  0.205E-05  0.128E+01  0.130E+01  0.128E+01  0.000E+00  0.287E+29  0.294E+29  0.965E+28  0.878E+29  0.205E-25  0.000E+00  0.000E+00
 0.890E+00  0.143E+01  0.819E+01  0.880E+01  0.795E+01  0.854E+00  0.106E+01  0.280E-06  0.286E-06  0.237E-05  0.693E-06  0.246E+00  0.204E-05  0.118E+01  0.121E+01  0.119E+01  0.000E+00  0.310E+29  0.317E+29  0.965E+28  0.874E+29  0.204E-25  0.000E+00  0.000E+00
 0.900E+00  0.143E+01  0.819E+01  0.880E+01  0.795E+01  0.845E+00  0.104E+01  0.332E-06  0.340E-06  0.236E-05  0.694E-06  0.280E+00  0.203E-05  0.991E+00  0.102E+01  0.994E+00  0.000E+00  0.368E+29  0.377E+29  0.966E+28  0.871E+29  0.203E-25  0.000E+00  0.000E+00
 0.910E+00  0.143E+01  0.819E+01  0.880E+01  0.796E+01  0.837E+00  0.102E+01  0.374E-06  0.383E-06  0.235E-05  0.695E-06  0.306E+00  0.202E-05  0.876E+00  0.907E+00  0.879E+00  0.000E+00  0.414E+29  0.424E+29  0.968E+28  0.867E+29  0.202E-25  0.000E+00  0.000E+00
 0.920E+00  0.143E+01  0.819E+01  0.880E+01  0.797E+01  0.829E+00  0.100E+01  0.437E-06  0.448E-06  0.234E-05  0.695E-06  0.341E+00  0.201E-05  0.746E+00  0.777E+00  0.748E+00  0.000E+00  0.484E+29  0.496E+29  0.968E+28  0.862E+29  0.201E-25  0.000E+00  0.000E+00
 0.930E+00  0.143E+01  0.819E+01  0.880E+01  0.798E+01  0.821E+00  0.988E+00  0.496E-06  0.506E-06  0.232E-05  0.696E-06  0.370E+00  0.200E-05  0.656E+00  0.687E+00  0.658E+00  0.000E+00  0.549E+29  0.561E+29  0.969E+28  0.858E+29  0.200E-25  0.000E+00  0.000E+00
 0.940E+00  0.143E+01  0.819E+01  0.880E+01  0.799E+01  0.813E+00  0.972E+00  0.561E-06  0.572E-06  0.231E-05  0.696E-06  0.400E+00  0.199E-05  0.578E+00  0.608E+00  0.579E+00  0.000E+00  0.621E+29  0.633E+29  0.969E+28  0.853E+29  0.199E-25  0.000E+00  0.000E+00
 0.950E+00  0.144E+01  0.819E+01  0.880E+01  0.799E+01  0.805E+00  0.956E+00  0.627E-06  0.638E-06  0.230E-05  0.695E-06  0.428E+00  0.197E-05  0.514E+00  0.545E+00  0.516E+00  0.000E+00  0.694E+29  0.706E+29  0.967E+28  0.847E+29  0.197E-25  0.000E+00  0.000E+00
 0.960E+00  0.144E+01  0.819E+01  0.880E+01  0.800E+01  0.797E+00  0.940E+00  0.706E-06  0.716E-06  0.228E-05  0.693E-06  0.458E+00  0.196E-05  0.455E+00  0.484E+00  0.456E+00  0.000E+00  0.781E+29  0.793E+29  0.965E+28  0.841E+29  0.196E-25  0.000E+00  0.000E+00
 0.970E+00  0.144E+01  0.819E+01  0.880E+01  0.801E+01  0.790E+00  0.925E+00  0.761E-06  0.769E-06  0.226E-05  0.690E-06  0.478E+00  0.194E-05  0.420E+00  0.448E+00  0.421E+00  0.000E+00  0.842E+29  0.852E+29  0.960E+28  0.834E+29  0.194E-25  0.000E+00  0.000E+00
 0.980E+00  0.144E+01  0.819E+01  0.880E+01  0.802E+01  0.783E+00  0.910E+00  0.808E-06  0.815E-06  0.224E-05  0.685E-06  0.495E+00  0.192E-05  0.393E+00  0.420E+00  0.394E+00  0.000E+00  0.895E+29  0.902E+29  0.954E+28  0.826E+29  0.192E-25  0.000E+00  0.000E+00
 0.990E+00  0.144E+01  0.819E+01  0.880E+01  0.802E+01  0.775E+00  0.895E+00  0.833E-06  0.836E-06  0.221E-05  0.679E-06  0.504E+00  0.190E-05  0.379E+00  0.406E+00  0.380E+00  0.000E+00  0.922E+29  0.925E+29  0.945E+28  0.817E+29  0.190E-25  0.000E+00  0.000E+00
 0.100E+01  0.144E+01  0.819E+01  0.880E+01  0.803E+01  0.768E+00  0.880E+00  0.841E-06  0.841E-06  0.219E-05  0.671E-06  0.508E+00  0.188E-05  0.372E+00  0.399E+00  0.373E+00  0.000E+00  0.931E+29  0.931E+29  0.934E+28  0.808E+29  0.188E-25  0.000E+00  0.000E+00
 0.101E+01  0.144E+01  0.819E+01  0.880E+01  0.804E+01  0.761E+00  0.866E+00  0.823E-06  0.821E-06  0.216E-05  0.661E-06  0.506E+00  0.186E-05  0.376E+00  0.403E+00  0.377E+00  0.000E+00  0.912E+29  0.909E+29  0.921E+28  0.797E+29  0.186E-25  0.000E+00  0.000E+00
 0.102E+01  0.144E+01  0.819E+01  0.880E+01  0.805E+01  0.755E+00  0.852E+00  0.789E-06  0.784E-06  0.213E-05  0.650E-06  0.498E+00  0.183E-05  0.388E+00  0.415E+00  0.389E+00  0.000E+00  0.874E+29  0.868E+29  0.906E+28  0.785E+29  0.183E-25  0.000E+00  0.000E+00
 0.103E+01  0.145E+01  0.819E+01  0.880E+01  0.805E+01  0.748E+00  0.838E+00  0.740E-06  0.732E-06  0.209E-05  0.638E-06  0.485E+00  0.180E-05  0.408E+00  0.436E+00  0.409E+00  0.000E+00  0.819E+29  0.810E+29  0.888E+28  0.772E+29  0.180E-25  0.000E+00  0.000E+00
 0.104E+01  0.145E+01  0.819E+01  0.880E+01  0.806E+01  0.741E+00  0.825E+00  0.679E-06  0.670E-06  0.205E-05  0.623E-06  0.468E+00  0.176E-05  0.438E+00  0.465E+00  0.439E+00  0.000E+00  0.752E+29  0.742E+29  0.868E+28  0.758E+29  0.176E-25  0.000E+00  0.000E+00
 0.105E+01  0.145E+01  0.819E+01  0.880E+01  0.807E+01  0.735E+00  0.811E+00  0.616E-06  0.606E-06  0.201E-05  0.607E-06  0.448E+00  0.173E-05  0.474E+00  0.501E+00  0.476E+00  0.000E+00  0.683E+29  0.671E+29  0.846E+28  0.743E+29  0.173E-25  0.000E+00  0.000E+00
 0.106E+01  0.145E+01  0.819E+01  0.880E+01  0.807E+01  0.728E+00  0.798E+00  0.551E-06  0.540E-06  0.197E-05  0.590E-06  0.425E+00  0.169E-05  0.521E+00  0.547E+00  0.522E+00  0.000E+00  0.610E+29  0.598E+29  0.822E+28  0.727E+29  0.169E-25  0.000E+00  0.000E+00
 0.107E+01  0.145E+01  0.819E+01  0.880E+01  0.808E+01  0.722E+00  0.785E+00  0.490E-06  0.479E-06  0.192E-05  0.572E-06  0.402E+00  0.165E-05  0.574E+00  0.597E+00  0.575E+00  0.000E+00  0.543E+29  0.530E+29  0.796E+28  0.710E+29  0.165E-25  0.000E+00  0.000E+00
 0.108E+01  0.145E+01  0.819E+01  0.880E+01  0.808E+01  0.716E+00  0.773E+00  0.445E-06  0.433E-06  0.188E-05  0.553E-06  0.384E+00  0.161E-05  0.619E+00  0.638E+00  0.621E+00  0.000E+00  0.493E+29  0.479E+29  0.770E+28  0.693E+29  0.161E-25  0.000E+00  0.000E+00
 0.109E+01  0.145E+01  0.819E+01  0.880E+01  0.809E+01  0.710E+00  0.760E+00  0.381E-06  0.370E-06  0.183E-05  0.533E-06  0.353E+00  0.157E-05  0.706E+00  0.720E+00  0.708E+00  0.000E+00  0.422E+29  0.409E+29  0.742E+28  0.675E+29  0.157E-25  0.000E+00  0.000E+00
 0.110E+01  0.145E+01  0.819E+01  0.880E+01  0.810E+01  0.704E+00  0.748E+00  0.345E-06  0.333E-06  0.178E-05  0.512E-06  0.336E+00  0.153E-05  0.763E+00  0.769E+00  0.765E+00  0.000E+00  0.381E+29  0.369E+29  0.713E+28  0.656E+29  0.153E-25  0.000E+00  0.000E+00
 0.111E+01  0.145E+01  0.819E+01  0.880E+01  0.810E+01  0.698E+00  0.736E+00  0.302E-06  0.291E-06  0.173E-05  0.491E-06  0.313E+00  0.148E-05  0.849E+00  0.845E+00  0.851E+00  0.000E+00  0.334E+29  0.322E+29  0.684E+28  0.637E+29  0.148E-25  0.000E+00  0.000E+00
 0.112E+01  0.146E+01  0.819E+01  0.880E+01  0.811E+01  0.692E+00  0.724E+00  0.265E-06  0.255E-06  0.167E-05  0.470E-06  0.292E+00  0.144E-05  0.939E+00  0.923E+00  0.941E+00  0.000E+00  0.294E+29  0.282E+29  0.655E+28  0.618E+29  0.144E-25  0.000E+00  0.000E+00
 0.113E+01  0.146E+01  0.819E+01  0.880E+01  0.811E+01  0.687E+00  0.713E+00  0.233E-06  0.222E-06  0.162E-05  0.450E-06  0.271E+00  0.139E-05  0.104E+01  0.101E+01  0.104E+01  0.000E+00  0.257E+29  0.246E+29  0.626E+28  0.599E+29  0.139E-25  0.000E+00  0.000E+00
 0.114E+01  0.146E+01  0.819E+01  0.880E+01  0.812E+01  0.681E+00  0.701E+00  0.211E-06  0.201E-06  0.157E-05  0.429E-06  0.258E+00  0.135E-05  0.111E+01  0.107E+01  0.112E+01  0.000E+00  0.233E+29  0.223E+29  0.597E+28  0.579E+29  0.135E-25  0.000E+00  0.000E+00
 0.115E+01  0.146E+01  0.819E+01  0.880E+01  0.812E+01  0.676E+00  0.690E+00  0.195E-06  0.185E-06  0.152E-05  0.409E-06  0.249E+00  0.130E-05  0.117E+01  0.110E+01  0.117E+01  0.000E+00  0.216E+29  0.205E+29  0.569E+28  0.560E+29  0.130E-25  0.000E+00  0.000E+00
 0.116E+01  0.146E+01  0.819E+01  0.880E+01  0.813E+01  0.670E+00  0.679E+00  0.159E-06  0.151E-06  0.146E-05  0.389E-06  0.219E+00  0.126E-05  0.139E+01  0.129E+01  0.139E+01  0.000E+00  0.176E+29  0.167E+29  0.541E+28  0.541E+29  0.126E-25  0.000E+00  0.000E+00
 0.117E+01  0.146E+01  0.819E+01  0.880E+01  0.813E+01  0.665E+00  0.668E+00  0.144E-06  0.136E-06  0.141E-05  0.370E-06  0.208E+00  0.121E-05  0.149E+01  0.136E+01  0.149E+01  0.000E+00  0.159E+29  0.150E+29  0.514E+28  0.521E+29  0.121E-25  0.000E+00  0.000E+00
 0.118E+01  0.146E+01  0.819E+01  0.880E+01  0.814E+01  0.660E+00  0.657E+00  0.125E-06  0.118E-06  0.136E-05  0.351E-06  0.191E+00  0.117E-05  0.165E+01  0.149E+01  0.166E+01  0.000E+00  0.138E+29  0.130E+29  0.489E+28  0.503E+29  0.117E-25  0.000E+00  0.000E+00
 0.119E+01  0.146E+01  0.819E+01  0.880E+01  0.815E+01  0.655E+00  0.647E+00  0.113E-06  0.106E-06  0.131E-05  0.333E-06  0.181E+00  0.113E-05  0.176E+01  0.157E+01  0.177E+01  0.000E+00  0.125E+29  0.118E+29  0.464E+28  0.484E+29  0.113E-25  0.000E+00  0.000E+00
 0.120E+01  0.146E+01  0.819E+01  0.880E+01  0.815E+01  0.650E+00  0.637E+00  0.104E-06  0.971E-07  0.126E-05  0.316E-06  0.174E+00  0.109E-05  0.186E+01  0.163E+01  0.186E+01  0.000E+00  0.115E+29  0.107E+29  0.440E+28  0.466E+29  0.109E-25  0.000E+00  0.000E+00
 0.121E+01  0.146E+01  0.819E+01  0.880E+01  0.816E+01  0.645E+00  0.626E+00  0.917E-07  0.855E-07  0.122E-05  0.300E-06  0.162E+00  0.104E-05  0.203E+01  0.175E+01  0.204E+01  0.000E+00  0.102E+29  0.947E+28  0.417E+28  0.449E+29  0.104E-25  0.000E+00  0.000E+00
 0.122E+01  0.146E+01  0.819E+01  0.880E+01  0.816E+01  0.640E+00  0.616E+00  0.846E-07  0.786E-07  0.117E-05  0.284E-06  0.156E+00  0.100E-05  0.213E+01  0.181E+01  0.213E+01  0.000E+00  0.936E+28  0.870E+28  0.396E+28  0.432E+29  0.100E-25  0.000E+00  0.000E+00
 0.123E+01  0.147E+01  0.819E+01  0.880E+01  0.816E+01  0.635E+00  0.606E+00  0.734E-07  0.679E-07  0.112E-05  0.269E-06  0.143E+00  0.966E-06  0.236E+01  0.198E+01  0.237E+01  0.000E+00  0.812E+28  0.752E+28  0.375E+28  0.415E+29  0.966E-26  0.000E+00  0.000E+00
 0.124E+01  0.147E+01  0.819E+01  0.880E+01  0.817E+01  0.630E+00  0.597E+00  0.693E-07  0.640E-07  0.108E-05  0.255E-06  0.140E+00  0.929E-06  0.241E+01  0.200E+01  0.242E+01  0.000E+00  0.768E+28  0.709E+28  0.356E+28  0.399E+29  0.929E-26  0.000E+00  0.000E+00
 0.125E+01  0.147E+01  0.819E+01  0.880E+01  0.817E+01  0.626E+00  0.587E+00  0.638E-07  0.586E-07  0.104E-05  0.242E-06  0.135E+00  0.893E-06  0.253E+01  0.207E+01  0.254E+01  0.000E+00  0.706E+28  0.649E+28  0.337E+28  0.384E+29  0.893E-26  0.000E+00  0.000E+00
 0.126E+01  0.147E+01  0.819E+01  0.880E+01  0.818E+01  0.621E+00  0.577E+00  0.561E-07  0.514E-07  0.999E-06  0.230E-06  0.124E+00  0.858E-06  0.278E+01  0.223E+01  0.278E+01  0.000E+00  0.621E+28  0.569E+28  0.320E+28  0.369E+29  0.858E-26  0.000E+00  0.000E+00
 0.127E+01  0.147E+01  0.819E+01  0.880E+01  0.818E+01  0.616E+00  0.568E+00  0.494E-07  0.451E-07  0.961E-06  0.218E-06  0.115E+00  0.825E-06  0.304E+01  0.242E+01  0.305E+01  0.000E+00  0.547E+28  0.500E+28  0.303E+28  0.355E+29  0.825E-26  0.000E+00  0.000E+00
 0.128E+01  0.147E+01  0.819E+01  0.880E+01  0.819E+01  0.612E+00  0.559E+00  0.466E-07  0.425E-07  0.924E-06  0.207E-06  0.113E+00  0.793E-06  0.311E+01  0.243E+01  0.311E+01  0.000E+00  0.516E+28  0.470E+28  0.288E+28  0.341E+29  0.793E-26  0.000E+00  0.000E+00
 0.129E+01  0.147E+01  0.819E+01  0.880E+01  0.819E+01  0.608E+00  0.550E+00  0.414E-07  0.376E-07  0.888E-06  0.196E-06  0.105E+00  0.763E-06  0.338E+01  0.261E+01  0.338E+01  0.000E+00  0.458E+28  0.416E+28  0.273E+28  0.328E+29  0.763E-26  0.000E+00  0.000E+00
 0.130E+01  0.147E+01  0.819E+01  0.880E+01  0.820E+01  0.603E+00  0.541E+00  0.383E-07  0.347E-07  0.854E-06  0.187E-06  0.101E+00  0.734E-06  0.352E+01  0.269E+01  0.352E+01  0.000E+00  0.424E+28  0.384E+28  0.260E+28  0.315E+29  0.734E-26  0.000E+00  0.000E+00
 0.131E+01  0.147E+01  0.819E+01  0.880E+01  0.820E+01  0.599E+00  0.532E+00  0.364E-07  0.328E-07  0.822E-06  0.177E-06  0.997E-01  0.706E-06  0.358E+01  0.270E+01  0.359E+01  0.000E+00  0.403E+28  0.363E+28  0.247E+28  0.303E+29  0.706E-26  0.000E+00  0.000E+00
 0.132E+01  0.147E+01  0.819E+01  0.880E+01  0.821E+01  0.595E+00  0.523E+00  0.323E-07  0.291E-07  0.791E-06  0.169E-06  0.926E-01  0.679E-06  0.389E+01  0.290E+01  0.389E+01  0.000E+00  0.358E+28  0.322E+28  0.235E+28  0.292E+29  0.679E-26  0.000E+00  0.000E+00
 0.133E+01  0.147E+01  0.819E+01  0.880E+01  0.821E+01  0.590E+00  0.515E+00  0.308E-07  0.276E-07  0.762E-06  0.160E-06  0.915E-01  0.654E-06  0.394E+01  0.291E+01  0.395E+01  0.000E+00  0.341E+28  0.305E+28  0.223E+28  0.281E+29  0.654E-26  0.000E+00  0.000E+00
 0.134E+01  0.147E+01  0.819E+01  0.880E+01  0.821E+01  0.586E+00  0.506E+00  0.286E-07  0.256E-07  0.734E-06  0.153E-06  0.884E-01  0.630E-06  0.410E+01  0.298E+01  0.410E+01  0.000E+00  0.317E+28  0.283E+28  0.213E+28  0.271E+29  0.630E-26  0.000E+00  0.000E+00
 0.135E+01  0.148E+01  0.819E+01  0.880E+01  0.822E+01  0.582E+00  0.498E+00  0.244E-07  0.217E-07  0.707E-06  0.145E-06  0.788E-01  0.607E-06  0.465E+01  0.335E+01  0.466E+01  0.000E+00  0.270E+28  0.240E+28  0.203E+28  0.261E+29  0.607E-26  0.000E+00  0.000E+00
 0.136E+01  0.148E+01  0.819E+01  0.880E+01  0.822E+01  0.578E+00  0.490E+00  0.231E-07  0.205E-07  0.682E-06  0.139E-06  0.774E-01  0.585E-06  0.475E+01  0.338E+01  0.475E+01  0.000E+00  0.256E+28  0.227E+28  0.193E+28  0.252E+29  0.585E-26  0.000E+00  0.000E+00
 0.137E+01  0.148E+01  0.819E+01  0.880E+01  0.823E+01  0.574E+00  0.482E+00  0.221E-07  0.196E-07  0.657E-06  0.132E-06  0.766E-01  0.564E-06  0.480E+01  0.338E+01  0.481E+01  0.000E+00  0.245E+28  0.217E+28  0.184E+28  0.243E+29  0.564E-26  0.000E+00  0.000E+00
 0.138E+01  0.148E+01  0.819E+01  0.880E+01  0.823E+01  0.570E+00  0.474E+00  0.196E-07  0.173E-07  0.634E-06  0.126E-06  0.707E-01  0.545E-06  0.524E+01  0.365E+01  0.525E+01  0.000E+00  0.217E+28  0.191E+28  0.176E+28  0.234E+29  0.545E-26  0.000E+00  0.000E+00
 0.139E+01  0.148E+01  0.819E+01  0.880E+01  0.823E+01  0.567E+00  0.466E+00  0.188E-07  0.165E-07  0.613E-06  0.121E-06  0.701E-01  0.526E-06  0.530E+01  0.365E+01  0.530E+01  0.000E+00  0.208E+28  0.183E+28  0.168E+28  0.226E+29  0.526E-26  0.000E+00  0.000E+00
 0.140E+01  0.148E+01  0.819E+01  0.880E+01  0.824E+01  0.563E+00  0.458E+00  0.180E-07  0.158E-07  0.592E-06  0.115E-06  0.693E-01  0.508E-06  0.537E+01  0.366E+01  0.537E+01  0.000E+00  0.199E+28  0.174E+28  0.160E+28  0.218E+29  0.508E-26  0.000E+00  0.000E+00
 0.141E+01  0.148E+01  0.819E+01  0.880E+01  0.824E+01  0.559E+00  0.450E+00  0.163E-07  0.143E-07  0.572E-06  0.110E-06  0.653E-01  0.491E-06  0.572E+01  0.386E+01  0.573E+01  0.000E+00  0.181E+28  0.158E+28  0.153E+28  0.211E+29  0.491E-26  0.000E+00  0.000E+00
 0.142E+01  0.148E+01  0.819E+01  0.880E+01  0.824E+01  0.555E+00  0.443E+00  0.157E-07  0.137E-07  0.553E-06  0.104E-06  0.647E-01  0.475E-06  0.579E+01  0.382E+01  0.579E+01  0.000E+00  0.173E+28  0.151E+28  0.145E+28  0.204E+29  0.475E-26  0.000E+00  0.000E+00
 0.143E+01  0.148E+01  0.819E+01  0.880E+01  0.825E+01  0.552E+00  0.435E+00  0.150E-07  0.130E-07  0.535E-06  0.100E-06  0.639E-01  0.460E-06  0.587E+01  0.384E+01  0.587E+01  0.000E+00  0.166E+28  0.144E+28  0.139E+28  0.198E+29  0.460E-26  0.000E+00  0.000E+00
 0.144E+01  0.148E+01  0.819E+01  0.880E+01  0.825E+01  0.548E+00  0.428E+00  0.148E-07  0.128E-07  0.518E-06  0.959E-07  0.650E-01  0.445E-06  0.577E+01  0.373E+01  0.577E+01  0.000E+00  0.164E+28  0.142E+28  0.134E+28  0.191E+29  0.445E-26  0.000E+00  0.000E+00
 0.145E+01  0.148E+01  0.819E+01  0.880E+01  0.826E+01  0.545E+00  0.420E+00  0.123E-07  0.106E-07  0.502E-06  0.920E-07  0.559E-01  0.431E-06  0.677E+01  0.434E+01  0.678E+01  0.000E+00  0.136E+28  0.117E+28  0.128E+28  0.185E+29  0.431E-26  0.000E+00  0.000E+00
 0.146E+01  0.148E+01  0.819E+01  0.880E+01  0.826E+01  0.541E+00  0.413E+00  0.118E-07  0.102E-07  0.487E-06  0.884E-07  0.554E-01  0.418E-06  0.684E+01  0.434E+01  0.684E+01  0.000E+00  0.131E+28  0.113E+28  0.123E+28  0.180E+29  0.418E-26  0.000E+00  0.000E+00
 0.147E+01  0.148E+01  0.819E+01  0.880E+01  0.826E+01  0.538E+00  0.406E+00  0.115E-07  0.990E-08  0.472E-06  0.849E-07  0.556E-01  0.405E-06  0.682E+01  0.429E+01  0.682E+01  0.000E+00  0.128E+28  0.110E+28  0.118E+28  0.174E+29  0.405E-26  0.000E+00  0.000E+00
 0.148E+01  0.148E+01  0.819E+01  0.880E+01  0.827E+01  0.534E+00  0.399E+00  0.105E-07  0.901E-08  0.458E-06  0.817E-07  0.523E-01  0.393E-06  0.727E+01  0.453E+01  0.728E+01  0.000E+00  0.116E+28  0.997E+27  0.114E+28  0.169E+29  0.393E-26  0.000E+00  0.000E+00
 0.149E+01  0.148E+01  0.819E+01  0.880E+01  0.827E+01  0.531E+00  0.392E+00  0.102E-07  0.867E-08  0.445E-06  0.786E-07  0.519E-01  0.382E-06  0.734E+01  0.453E+01  0.735E+01  0.000E+00  0.112E+28  0.960E+27  0.109E+28  0.164E+29  0.382E-26  0.000E+00  0.000E+00
 0.150E+01  0.149E+01  0.819E+01  0.880E+01  0.827E+01  0.528E+00  0.385E+00  0.844E-08  0.844E-08  0.433E-06  0.757E-07  0.521E-01  0.371E-06  0.732E+01  0.448E+01  0.733E+01  0.000E+00  0.935E+27  0.935E+27  0.105E+28  0.160E+29  0.371E-26  0.000E+00  0.000E+00
 0.151E+01  0.149E+01  0.819E+01  0.880E+01  0.828E+01  0.524E+00  0.379E+00  0.845E-08  0.845E-08  0.421E-06  0.729E-07  0.536E-01  0.361E-06  0.711E+01  0.431E+01  0.711E+01  0.000E+00  0.936E+27  0.936E+27  0.102E+28  0.155E+29  0.361E-26  0.000E+00  0.000E+00
 0.152E+01  0.149E+01  0.819E+01  0.880E+01  0.828E+01  0.521E+00  0.372E+00  0.710E-08  0.710E-08  0.409E-06  0.703E-07  0.466E-01  0.351E-06  0.823E+01  0.495E+01  0.823E+01  0.000E+00  0.786E+27  0.786E+27  0.979E+27  0.151E+29  0.351E-26  0.000E+00  0.000E+00
 0.153E+01  0.149E+01  0.819E+01  0.880E+01  0.828E+01  0.518E+00  0.365E+00  0.686E-08  0.686E-08  0.398E-06  0.678E-07  0.463E-01  0.342E-06  0.829E+01  0.494E+01  0.829E+01  0.000E+00  0.760E+27  0.760E+27  0.945E+27  0.147E+29  0.342E-26  0.000E+00  0.000E+00
 0.154E+01  0.149E+01  0.819E+01  0.880E+01  0.829E+01  0.515E+00  0.359E+00  0.671E-08  0.671E-08  0.388E-06  0.655E-07  0.465E-01  0.333E-06  0.826E+01  0.488E+01  0.826E+01  0.000E+00  0.743E+27  0.743E+27  0.912E+27  0.143E+29  0.333E-26  0.000E+00  0.000E+00
 0.155E+01  0.149E+01  0.819E+01  0.880E+01  0.829E+01  0.512E+00  0.352E+00  0.663E-08  0.663E-08  0.378E-06  0.633E-07  0.472E-01  0.324E-06  0.814E+01  0.477E+01  0.814E+01  0.000E+00  0.734E+27  0.734E+27  0.881E+27  0.139E+29  0.324E-26  0.000E+00  0.000E+00
 0.156E+01  0.149E+01  0.819E+01  0.880E+01  0.829E+01  0.508E+00  0.346E+00  0.607E-08  0.607E-08  0.368E-06  0.612E-07  0.444E-01  0.316E-06  0.867E+01  0.504E+01  0.868E+01  0.000E+00  0.672E+27  0.672E+27  0.852E+27  0.136E+29  0.316E-26  0.000E+00  0.000E+00
 0.157E+01  0.149E+01  0.819E+01  0.880E+01  0.829E+01  0.505E+00  0.340E+00  0.593E-08  0.593E-08  0.359E-06  0.592E-07  0.446E-01  0.308E-06  0.865E+01  0.499E+01  0.866E+01  0.000E+00  0.657E+27  0.657E+27  0.824E+27  0.133E+29  0.308E-26  0.000E+00  0.000E+00
 0.158E+01  0.149E+01  0.819E+01  0.880E+01  0.830E+01  0.502E+00  0.334E+00  0.594E-08  0.594E-08  0.350E-06  0.573E-07  0.457E-01  0.301E-06  0.843E+01  0.483E+01  0.844E+01  0.000E+00  0.657E+27  0.657E+27  0.798E+27  0.129E+29  0.301E-26  0.000E+00  0.000E+00
 0.159E+01  0.149E+01  0.819E+01  0.880E+01  0.830E+01  0.499E+00  0.327E+00  0.594E-08  0.594E-08  0.342E-06  0.555E-07  0.468E-01  0.293E-06  0.823E+01  0.467E+01  0.823E+01  0.000E+00  0.658E+27  0.658E+27  0.773E+27  0.126E+29  0.293E-26  0.000E+00  0.000E+00
 0.160E+01  0.149E+01  0.819E+01  0.880E+01  0.830E+01  0.496E+00  0.321E+00  0.499E-08  0.499E-08  0.334E-06  0.538E-07  0.405E-01  0.287E-06  0.957E+01  0.540E+01  0.958E+01  0.000E+00  0.552E+27  0.552E+27  0.749E+27  0.123E+29  0.287E-26  0.000E+00  0.000E+00
 0.161E+01  0.149E+01  0.819E+01  0.880E+01  0.831E+01  0.494E+00  0.315E+00  0.489E-08  0.489E-08  0.327E-06  0.522E-07  0.407E-01  0.280E-06  0.954E+01  0.533E+01  0.954E+01  0.000E+00  0.541E+27  0.541E+27  0.726E+27  0.121E+29  0.280E-26  0.000E+00  0.000E+00
 0.162E+01  0.149E+01  0.819E+01  0.880E+01  0.831E+01  0.491E+00  0.309E+00  0.484E-08  0.484E-08  0.319E-06  0.506E-07  0.412E-01  0.274E-06  0.941E+01  0.523E+01  0.942E+01  0.000E+00  0.536E+27  0.536E+27  0.705E+27  0.118E+29  0.274E-26  0.000E+00  0.000E+00
 0.163E+01  0.149E+01  0.819E+01  0.880E+01  0.831E+01  0.488E+00  0.304E+00  0.485E-08  0.485E-08  0.312E-06  0.492E-07  0.422E-01  0.267E-06  0.918E+01  0.507E+01  0.918E+01  0.000E+00  0.537E+27  0.537E+27  0.684E+27  0.115E+29  0.267E-26  0.000E+00  0.000E+00
 0.164E+01  0.149E+01  0.819E+01  0.880E+01  0.831E+01  0.485E+00  0.298E+00  0.425E-08  0.425E-08  0.305E-06  0.478E-07  0.380E-01  0.261E-06  0.103E+02  0.562E+01  0.103E+02  0.000E+00  0.470E+27  0.470E+27  0.665E+27  0.113E+29  0.261E-26  0.000E+00  0.000E+00
 0.165E+01  0.149E+01  0.819E+01  0.880E+01  0.832E+01  0.482E+00  0.292E+00  0.414E-08  0.414E-08  0.299E-06  0.464E-07  0.378E-01  0.256E-06  0.103E+02  0.561E+01  0.103E+02  0.000E+00  0.458E+27  0.458E+27  0.646E+27  0.110E+29  0.256E-26  0.000E+00  0.000E+00
 0.166E+01  0.149E+01  0.819E+01  0.880E+01  0.832E+01  0.479E+00  0.286E+00  0.407E-08  0.407E-08  0.292E-06  0.451E-07  0.379E-01  0.251E-06  0.103E+02  0.555E+01  0.103E+02  0.000E+00  0.450E+27  0.450E+27  0.629E+27  0.108E+29  0.251E-26  0.000E+00  0.000E+00
 0.167E+01  0.149E+01  0.819E+01  0.880E+01  0.832E+01  0.477E+00  0.281E+00  0.403E-08  0.403E-08  0.286E-06  0.439E-07  0.384E-01  0.246E-06  0.101E+02  0.544E+01  0.101E+02  0.000E+00  0.447E+27  0.447E+27  0.612E+27  0.106E+29  0.246E-26  0.000E+00  0.000E+00
 0.168E+01  0.149E+01  0.819E+01  0.880E+01  0.833E+01  0.474E+00  0.275E+00  0.377E-08  0.377E-08  0.281E-06  0.428E-07  0.367E-01  0.241E-06  0.106E+02  0.567E+01  0.107E+02  0.000E+00  0.417E+27  0.417E+27  0.595E+27  0.104E+29  0.241E-26  0.000E+00  0.000E+00
 0.169E+01  0.150E+01  0.819E+01  0.880E+01  0.833E+01  0.471E+00  0.270E+00  0.370E-08  0.370E-08  0.275E-06  0.416E-07  0.368E-01  0.236E-06  0.106E+02  0.562E+01  0.106E+02  0.000E+00  0.410E+27  0.410E+27  0.580E+27  0.102E+29  0.236E-26  0.000E+00  0.000E+00
 0.170E+01  0.150E+01  0.819E+01  0.880E+01  0.833E+01  0.469E+00  0.265E+00  0.371E-08  0.371E-08  0.270E-06  0.406E-07  0.375E-01  0.232E-06  0.104E+02  0.547E+01  0.104E+02  0.000E+00  0.410E+27  0.410E+27  0.565E+27  0.997E+28  0.232E-26  0.000E+00  0.000E+00
 0.171E+01  0.150E+01  0.819E+01  0.880E+01  0.833E+01  0.466E+00  0.259E+00  0.371E-08  0.371E-08  0.265E-06  0.396E-07  0.382E-01  0.227E-06  0.102E+02  0.533E+01  0.102E+02  0.000E+00  0.411E+27  0.411E+27  0.551E+27  0.978E+28  0.227E-26  0.000E+00  0.000E+00
 0.172E+01  0.150E+01  0.819E+01  0.880E+01  0.834E+01  0.464E+00  0.254E+00  0.371E-08  0.371E-08  0.260E-06  0.386E-07  0.390E-01  0.223E-06  0.100E+02  0.520E+01  0.100E+02  0.000E+00  0.411E+27  0.411E+27  0.537E+27  0.960E+28  0.223E-26  0.000E+00  0.000E+00
 0.173E+01  0.150E+01  0.819E+01  0.880E+01  0.834E+01  0.461E+00  0.249E+00  0.323E-08  0.323E-08  0.255E-06  0.376E-07  0.347E-01  0.219E-06  0.113E+02  0.582E+01  0.113E+02  0.000E+00  0.358E+27  0.358E+27  0.524E+27  0.942E+28  0.219E-26  0.000E+00  0.000E+00
 0.174E+01  0.150E+01  0.819E+01  0.880E+01  0.834E+01  0.459E+00  0.244E+00  0.318E-08  0.318E-08  0.251E-06  0.367E-07  0.348E-01  0.215E-06  0.113E+02  0.577E+01  0.113E+02  0.000E+00  0.352E+27  0.352E+27  0.512E+27  0.925E+28  0.215E-26  0.000E+00  0.000E+00
 0.175E+01  0.150E+01  0.819E+01  0.880E+01  0.834E+01  0.456E+00  0.238E+00  0.316E-08  0.316E-08  0.246E-06  0.359E-07  0.352E-01  0.211E-06  0.111E+02  0.568E+01  0.111E+02  0.000E+00  0.350E+27  0.350E+27  0.500E+27  0.909E+28  0.211E-26  0.000E+00  0.000E+00
 0.176E+01  0.150E+01  0.819E+01  0.880E+01  0.835E+01  0.454E+00  0.233E+00  0.316E-08  0.316E-08  0.242E-06  0.351E-07  0.358E-01  0.207E-06  0.109E+02  0.554E+01  0.109E+02  0.000E+00  0.350E+27  0.350E+27  0.488E+27  0.893E+28  0.207E-26  0.000E+00  0.000E+00
 0.177E+01  0.150E+01  0.819E+01  0.880E+01  0.835E+01  0.451E+00  0.228E+00  0.316E-08  0.316E-08  0.238E-06  0.343E-07  0.364E-01  0.204E-06  0.107E+02  0.542E+01  0.107E+02  0.000E+00  0.350E+27  0.350E+27  0.477E+27  0.878E+28  0.204E-26  0.000E+00  0.000E+00
 0.178E+01  0.150E+01  0.819E+01  0.880E+01  0.835E+01  0.449E+00  0.223E+00  0.282E-08  0.282E-08  0.234E-06  0.335E-07  0.332E-01  0.200E-06  0.118E+02  0.593E+01  0.118E+02  0.000E+00  0.313E+27  0.313E+27  0.466E+27  0.863E+28  0.200E-26  0.000E+00  0.000E+00
 0.179E+01  0.150E+01  0.819E+01  0.880E+01  0.835E+01  0.446E+00  0.219E+00  0.278E-08  0.278E-08  0.230E-06  0.328E-07  0.333E-01  0.197E-06  0.118E+02  0.589E+01  0.118E+02  0.000E+00  0.308E+27  0.308E+27  0.456E+27  0.849E+28  0.197E-26  0.000E+00  0.000E+00
 0.180E+01  0.150E+01  0.819E+01  0.880E+01  0.836E+01  0.444E+00  0.214E+00  0.274E-08  0.274E-08  0.226E-06  0.320E-07  0.333E-01  0.194E-06  0.118E+02  0.585E+01  0.118E+02  0.000E+00  0.303E+27  0.303E+27  0.446E+27  0.835E+28  0.194E-26  0.000E+00  0.000E+00
 0.181E+01  0.150E+01  0.819E+01  0.880E+01  0.836E+01  0.442E+00  0.209E+00  0.272E-08  0.272E-08  0.223E-06  0.314E-07  0.336E-01  0.191E-06  0.117E+02  0.576E+01  0.117E+02  0.000E+00  0.301E+27  0.301E+27  0.437E+27  0.822E+28  0.191E-26  0.000E+00  0.000E+00
 0.182E+01  0.150E+01  0.819E+01  0.880E+01  0.836E+01  0.439E+00  0.204E+00  0.272E-08  0.272E-08  0.219E-06  0.307E-07  0.342E-01  0.188E-06  0.115E+02  0.564E+01  0.115E+02  0.000E+00  0.301E+27  0.301E+27  0.427E+27  0.808E+28  0.188E-26  0.000E+00  0.000E+00
 0.183E+01  0.150E+01  0.819E+01  0.880E+01  0.836E+01  0.437E+00  0.199E+00  0.257E-08  0.257E-08  0.216E-06  0.301E-07  0.329E-01  0.185E-06  0.120E+02  0.584E+01  0.120E+02  0.000E+00  0.285E+27  0.285E+27  0.419E+27  0.796E+28  0.185E-26  0.000E+00  0.000E+00
 0.184E+01  0.150E+01  0.819E+01  0.880E+01  0.837E+01  0.435E+00  0.195E+00  0.254E-08  0.254E-08  0.212E-06  0.295E-07  0.330E-01  0.182E-06  0.119E+02  0.580E+01  0.119E+02  0.000E+00  0.281E+27  0.281E+27  0.410E+27  0.784E+28  0.182E-26  0.000E+00  0.000E+00
 0.185E+01  0.150E+01  0.819E+01  0.880E+01  0.837E+01  0.433E+00  0.190E+00  0.254E-08  0.254E-08  0.209E-06  0.289E-07  0.335E-01  0.179E-06  0.118E+02  0.568E+01  0.118E+02  0.000E+00  0.281E+27  0.281E+27  0.402E+27  0.772E+28  0.179E-26  0.000E+00  0.000E+00
 0.186E+01  0.150E+01  0.819E+01  0.880E+01  0.837E+01  0.430E+00  0.186E+00  0.254E-08  0.254E-08  0.206E-06  0.283E-07  0.340E-01  0.177E-06  0.116E+02  0.557E+01  0.116E+02  0.000E+00  0.281E+27  0.281E+27  0.394E+27  0.760E+28  0.177E-26  0.000E+00  0.000E+00
 0.187E+01  0.150E+01  0.819E+01  0.880E+01  0.837E+01  0.428E+00  0.181E+00  0.254E-08  0.254E-08  0.203E-06  0.277E-07  0.345E-01  0.174E-06  0.114E+02  0.546E+01  0.114E+02  0.000E+00  0.281E+27  0.281E+27  0.386E+27  0.749E+28  0.174E-26  0.000E+00  0.000E+00
 0.188E+01  0.150E+01  0.819E+01  0.880E+01  0.837E+01  0.426E+00  0.177E+00  0.229E-08  0.229E-08  0.200E-06  0.272E-07  0.316E-01  0.171E-06  0.125E+02  0.594E+01  0.125E+02  0.000E+00  0.253E+27  0.253E+27  0.379E+27  0.738E+28  0.171E-26  0.000E+00  0.000E+00
 0.189E+01  0.150E+01  0.819E+01  0.880E+01  0.838E+01  0.424E+00  0.172E+00  0.226E-08  0.226E-08  0.197E-06  0.267E-07  0.317E-01  0.169E-06  0.125E+02  0.591E+01  0.125E+02  0.000E+00  0.250E+27  0.250E+27  0.372E+27  0.727E+28  0.169E-26  0.000E+00  0.000E+00
 0.190E+01  0.150E+01  0.819E+01  0.880E+01  0.838E+01  0.422E+00  0.168E+00  0.223E-08  0.223E-08  0.194E-06  0.262E-07  0.317E-01  0.166E-06  0.125E+02  0.588E+01  0.125E+02  0.000E+00  0.247E+27  0.247E+27  0.365E+27  0.717E+28  0.166E-26  0.000E+00  0.000E+00
 0.191E+01  0.150E+01  0.819E+01  0.880E+01  0.838E+01  0.420E+00  0.164E+00  0.221E-08  0.221E-08  0.191E-06  0.257E-07  0.319E-01  0.164E-06  0.124E+02  0.581E+01  0.124E+02  0.000E+00  0.245E+27  0.245E+27  0.358E+27  0.707E+28  0.164E-26  0.000E+00  0.000E+00
 0.192E+01  0.150E+01  0.819E+01  0.880E+01  0.838E+01  0.418E+00  0.159E+00  0.221E-08  0.221E-08  0.189E-06  0.252E-07  0.324E-01  0.162E-06  0.122E+02  0.570E+01  0.122E+02  0.000E+00  0.245E+27  0.245E+27  0.351E+27  0.697E+28  0.162E-26  0.000E+00  0.000E+00
 0.193E+01  0.151E+01  0.819E+01  0.880E+01  0.838E+01  0.416E+00  0.155E+00  0.221E-08  0.221E-08  0.186E-06  0.248E-07  0.328E-01  0.160E-06  0.120E+02  0.560E+01  0.120E+02  0.000E+00  0.245E+27  0.245E+27  0.345E+27  0.687E+28  0.160E-26  0.000E+00  0.000E+00
 0.194E+01  0.151E+01  0.819E+01  0.880E+01  0.839E+01  0.414E+00  0.151E+00  0.206E-08  0.206E-08  0.184E-06  0.243E-07  0.311E-01  0.157E-06  0.127E+02  0.589E+01  0.127E+02  0.000E+00  0.229E+27  0.229E+27  0.339E+27  0.678E+28  0.157E-26  0.000E+00  0.000E+00
 0.195E+01  0.151E+01  0.819E+01  0.880E+01  0.839E+01  0.412E+00  0.147E+00  0.207E-08  0.207E-08  0.181E-06  0.239E-07  0.316E-01  0.155E-06  0.125E+02  0.579E+01  0.125E+02  0.000E+00  0.229E+27  0.229E+27  0.333E+27  0.669E+28  0.155E-26  0.000E+00  0.000E+00
 0.196E+01  0.151E+01  0.819E+01  0.880E+01  0.839E+01  0.410E+00  0.143E+00  0.209E-08  0.209E-08  0.179E-06  0.235E-07  0.324E-01  0.153E-06  0.122E+02  0.561E+01  0.122E+02  0.000E+00  0.232E+27  0.232E+27  0.327E+27  0.660E+28  0.153E-26  0.000E+00  0.000E+00
 0.197E+01  0.151E+01  0.819E+01  0.880E+01  0.839E+01  0.408E+00  0.139E+00  0.236E-08  0.236E-08  0.176E-06  0.231E-07  0.369E-01  0.151E-06  0.107E+02  0.488E+01  0.107E+02  0.000E+00  0.262E+27  0.262E+27  0.321E+27  0.651E+28  0.151E-26  0.000E+00  0.000E+00
 0.198E+01  0.151E+01  0.819E+01  0.880E+01  0.839E+01  0.406E+00  0.135E+00  0.356E-08  0.356E-08  0.174E-06  0.227E-07  0.552E-01  0.149E-06  0.699E+01  0.319E+01  0.699E+01  0.000E+00  0.394E+27  0.394E+27  0.316E+27  0.643E+28  0.149E-26  0.000E+00  0.000E+00
 0.199E+01  0.151E+01  0.819E+01  0.880E+01  0.840E+01  0.404E+00  0.131E+00  0.566E-08  0.566E-08  0.172E-06  0.223E-07  0.861E-01  0.147E-06  0.433E+01  0.197E+01  0.433E+01  0.000E+00  0.627E+27  0.627E+27  0.311E+27  0.634E+28  0.147E-26  0.000E+00  0.000E+00
 0.200E+01  0.151E+01  0.819E+01  0.880E+01  0.840E+01  0.402E+00  0.127E+00  0.657E-08  0.657E-08  0.170E-06  0.219E-07  0.998E-01  0.145E-06  0.369E+01  0.167E+01  0.369E+01  0.000E+00  0.728E+27  0.728E+27  0.306E+27  0.626E+28  0.145E-26  0.000E+00  0.000E+00
 0.201E+01  0.151E+01  0.819E+01  0.880E+01  0.840E+01  0.400E+00  0.123E+00  0.361E-08  0.361E-08  0.168E-06  0.216E-07  0.581E-01  0.144E-06  0.662E+01  0.299E+01  0.662E+01  0.000E+00  0.400E+27  0.400E+27  0.301E+27  0.618E+28  0.144E-26  0.000E+00  0.000E+00
 0.202E+01  0.151E+01  0.819E+01  0.880E+01  0.840E+01  0.398E+00  0.119E+00  0.135E-08  0.135E-08  0.165E-06  0.212E-07  0.228E-01  0.142E-06  0.175E+02  0.787E+01  0.175E+02  0.000E+00  0.149E+27  0.149E+27  0.296E+27  0.611E+28  0.142E-26  0.000E+00  0.000E+00
 0.203E+01  0.151E+01  0.819E+01  0.880E+01  0.840E+01  0.396E+00  0.115E+00  0.281E-09  0.281E-09  0.163E-06  0.209E-07  0.489E-02  0.140E-06  0.832E+02  0.372E+02  0.832E+02  0.000E+00  0.311E+26  0.311E+26  0.291E+27  0.603E+28  0.140E-26  0.000E+00  0.000E+00
 0.204E+01  0.151E+01  0.819E+01  0.880E+01  0.841E+01  0.394E+00  0.111E+00  0.326E-10  0.326E-10  0.161E-06  0.206E-07  0.578E-03  0.138E-06  0.707E+03  0.315E+03  0.708E+03  0.000E+00  0.361E+25  0.361E+25  0.286E+27  0.596E+28  0.138E-26  0.000E+00  0.000E+00
 0.205E+01  0.151E+01  0.819E+01  0.880E+01  0.841E+01  0.392E+00  0.107E+00  0.215E-11  0.215E-11  0.159E-06  0.202E-07  0.386E-04  0.137E-06  0.106E+05  0.471E+04  0.106E+05  0.000E+00  0.238E+24  0.238E+24  0.282E+27  0.589E+28  0.137E-26  0.000E+00  0.000E+00
 0.206E+01  0.151E+01  0.819E+01  0.880E+01  0.841E+01  0.391E+00  0.104E+00  0.817E-13  0.817E-13  0.158E-06  0.199E-07  0.148E-05  0.135E-06  0.275E+06  0.122E+06  0.275E+06  0.000E+00  0.905E+22  0.905E+22  0.277E+27  0.581E+28  0.135E-26  0.000E+00  0.000E+00
 0.207E+01  0.151E+01  0.819E+01  0.880E+01  0.841E+01  0.389E+00  0.999E-01  0.182E-14  0.182E-14  0.156E-06  0.196E-07  0.335E-07  0.133E-06  0.122E+08  0.539E+07  0.122E+08  0.000E+00  0.201E+21  0.201E+21  0.273E+27  0.575E+28  0.133E-26  0.000E+00  0.000E+00
 0.208E+01  0.151E+01  0.819E+01  0.880E+01  0.841E+01  0.387E+00  0.962E-01  0.241E-16  0.241E-16  0.154E-06  0.193E-07  0.448E-09  0.132E-06  0.912E+09  0.401E+09  0.912E+09  0.000E+00  0.267E+19  0.267E+19  0.269E+27  0.568E+28  0.132E-26  0.000E+00  0.000E+00
 0.209E+01  0.151E+01  0.819E+01  0.880E+01  0.841E+01  0.385E+00  0.925E-01  0.193E-18  0.193E-18  0.152E-06  0.190E-07  0.363E-11  0.130E-06  0.113E+12  0.494E+11  0.113E+12  0.000E+00  0.213E+17  0.213E+17  0.265E+27  0.561E+28  0.130E-26  0.000E+00  0.000E+00
 0.210E+01  0.151E+01  0.819E+01  0.880E+01  0.842E+01  0.383E+00  0.889E-01  0.957E-21  0.957E-21  0.150E-06  0.187E-07  0.182E-13  0.129E-06  0.224E+14  0.979E+13  0.224E+14  0.000E+00  0.106E+15  0.106E+15  0.261E+27  0.555E+28  0.129E-26  0.000E+00  0.000E+00
 0.211E+01  0.151E+01  0.819E+01  0.880E+01  0.842E+01  0.382E+00  0.854E-01  0.355E-23  0.355E-23  0.149E-06  0.185E-07  0.684E-16  0.127E-06  0.598E+16  0.260E+16  0.598E+16  0.000E+00  0.393E+12  0.393E+12  0.257E+27  0.548E+28  0.127E-26  0.000E+00  0.000E+00
 0.212E+01  0.151E+01  0.819E+01  0.880E+01  0.842E+01  0.380E+00  0.818E-01  0.323E-25  0.323E-25  0.147E-06  0.182E-07  0.630E-18  0.126E-06  0.650E+18  0.282E+18  0.650E+18  0.000E+00  0.357E+10  0.357E+10  0.253E+27  0.542E+28  0.126E-26  0.000E+00  0.000E+00
 0.213E+01  0.151E+01  0.819E+01  0.880E+01  0.842E+01  0.378E+00  0.783E-01  0.109E-26  0.109E-26  0.145E-06  0.179E-07  0.214E-19  0.125E-06  0.191E+20  0.826E+19  0.191E+20  0.000E+00  0.120E+09  0.120E+09  0.250E+27  0.536E+28  0.125E-26  0.000E+00  0.000E+00
 0.214E+01  0.151E+01  0.819E+01  0.880E+01  0.842E+01  0.377E+00  0.748E-01  0.433E-28  0.433E-28  0.144E-06  0.177E-07  0.865E-21  0.123E-06  0.474E+21  0.204E+21  0.474E+21  0.000E+00  0.480E+07  0.480E+07  0.246E+27  0.530E+28  0.123E-26  0.000E+00  0.000E+00
 0.215E+01  0.151E+01  0.819E+01  0.880E+01  0.843E+01  0.375E+00  0.714E-01  0.175E-29  0.175E-29  0.142E-06  0.174E-07  0.353E-22  0.122E-06  0.116E+23  0.498E+22  0.116E+23  0.000E+00  0.194E+06  0.194E+06  0.243E+27  0.524E+28  0.122E-26  0.000E+00  0.000E+00
 0.216E+01  0.151E+01  0.819E+01  0.880E+01  0.843E+01  0.373E+00  0.680E-01  0.705E-31  0.705E-31  0.141E-06  0.172E-07  0.144E-23  0.120E-06  0.285E+24  0.122E+24  0.285E+24  0.000E+00  0.780E+04  0.780E+04  0.239E+27  0.519E+28  0.120E-26  0.000E+00  0.000E+00
 0.217E+01  0.151E+01  0.819E+01  0.880E+01  0.843E+01  0.372E+00  0.646E-01  0.284E-32  0.284E-32  0.139E-06  0.169E-07  0.586E-25  0.119E-06  0.700E+25  0.298E+25  0.700E+25  0.000E+00  0.314E+03  0.314E+03  0.236E+27  0.513E+28  0.119E-26  0.000E+00  0.000E+00
 0.218E+01  0.151E+01  0.819E+01  0.880E+01  0.843E+01  0.370E+00  0.612E-01  0.114E-33  0.114E-33  0.137E-06  0.167E-07  0.238E-26  0.118E-06  0.172E+27  0.732E+26  0.172E+27  0.000E+00  0.126E+02  0.126E+02  0.233E+27  0.507E+28  0.118E-26  0.000E+00  0.000E+00
 0.219E+01  0.151E+01  0.819E+01  0.880E+01  0.843E+01  0.368E+00  0.579E-01  0.415E-35  0.415E-35  0.136E-06  0.165E-07  0.875E-28  0.117E-06  0.469E+28  0.199E+28  0.469E+28  0.000E+00  0.459E+00  0.459E+00  0.229E+27  0.502E+28  0.117E-26  0.000E+00  0.000E+00
 0.220E+01  0.151E+01  0.819E+01  0.880E+01  0.843E+01  0.367E+00  0.546E-01  0.164E-36  0.164E-36  0.135E-06  0.163E-07  0.350E-29  0.115E-06  0.117E+30  0.495E+29  0.117E+30  0.000E+00  0.182E-01  0.182E-01  0.226E+27  0.497E+28  0.115E-26  0.000E+00  0.000E+00
 0.221E+01  0.151E+01  0.819E+01  0.880E+01  0.843E+01  0.365E+00  0.513E-01  0.654E-38  0.654E-38  0.133E-06  0.160E-07  0.141E-30  0.114E-06  0.291E+31  0.123E+31  0.291E+31  0.000E+00  0.724E-03  0.724E-03  0.223E+27  0.492E+28  0.114E-26  0.000E+00  0.000E+00
 0.222E+01  0.151E+01  0.819E+01  0.880E+01  0.844E+01  0.364E+00  0.481E-01  0.258E-39  0.258E-39  0.132E-06  0.158E-07  0.562E-32  0.113E-06  0.729E+32  0.306E+32  0.729E+32  0.000E+00  0.286E-04  0.286E-04  0.220E+27  0.486E+28  0.113E-26  0.000E+00  0.000E+00
 0.223E+01  0.151E+01  0.819E+01  0.880E+01  0.844E+01  0.362E+00  0.449E-01  0.103E-40  0.103E-40  0.130E-06  0.156E-07  0.227E-33  0.112E-06  0.180E+34  0.756E+33  0.180E+34  0.000E+00  0.114E-05  0.114E-05  0.217E+27  0.481E+28  0.112E-26  0.000E+00  0.000E+00
 0.224E+01  0.152E+01  0.819E+01  0.880E+01  0.844E+01  0.360E+00  0.417E-01  0.412E-42  0.412E-42  0.129E-06  0.154E-07  0.917E-35  0.111E-06  0.447E+35  0.187E+35  0.447E+35  0.000E+00  0.457E-07  0.457E-07  0.214E+27  0.477E+28  0.111E-26  0.000E+00  0.000E+00
 0.225E+01  0.152E+01  0.819E+01  0.880E+01  0.844E+01  0.359E+00  0.385E-01  0.164E-43  0.164E-43  0.128E-06  0.152E-07  0.369E-36  0.110E-06  0.111E+37  0.462E+36  0.111E+37  0.000E+00  0.182E-08  0.182E-08  0.212E+27  0.472E+28  0.110E-26  0.000E+00  0.000E+00
 0.226E+01  0.152E+01  0.819E+01  0.880E+01  0.844E+01  0.357E+00  0.354E-01  0.655E-45  0.655E-45  0.127E-06  0.150E-07  0.149E-37  0.108E-06  0.276E+38  0.114E+38  0.276E+38  0.000E+00  0.726E-10  0.726E-10  0.209E+27  0.467E+28  0.108E-26  0.000E+00  0.000E+00
 0.227E+01  0.152E+01  0.819E+01  0.880E+01  0.844E+01  0.356E+00  0.323E-01  0.238E-46  0.238E-46  0.125E-06  0.148E-07  0.545E-39  0.107E-06  0.753E+39  0.312E+39  0.753E+39  0.000E+00  0.263E-11  0.263E-11  0.206E+27  0.462E+28  0.107E-26  0.000E+00  0.000E+00
 0.228E+01  0.152E+01  0.819E+01  0.880E+01  0.845E+01  0.354E+00  0.292E-01  0.939E-48  0.939E-48  0.124E-06  0.146E-07  0.217E-40  0.106E-06  0.189E+41  0.779E+40  0.189E+41  0.000E+00  0.104E-12  0.104E-12  0.204E+27  0.458E+28  0.106E-26  0.000E+00  0.000E+00
 0.229E+01  0.152E+01  0.819E+01  0.880E+01  0.845E+01  0.353E+00  0.262E-01  0.368E-49  0.368E-49  0.123E-06  0.144E-07  0.861E-42  0.105E-06  0.477E+42  0.196E+42  0.477E+42  0.000E+00  0.408E-14  0.408E-14  0.201E+27  0.453E+28  0.105E-26  0.000E+00  0.000E+00
 0.230E+01  0.152E+01  0.819E+01  0.880E+01  0.845E+01  0.351E+00  0.231E-01  0.145E-50  0.145E-50  0.122E-06  0.143E-07  0.343E-43  0.104E-06  0.120E+44  0.491E+43  0.120E+44  0.000E+00  0.161E-15  0.161E-15  0.199E+27  0.449E+28  0.104E-26  0.000E+00  0.000E+00
 0.231E+01  0.152E+01  0.819E+01  0.880E+01  0.845E+01  0.350E+00  0.201E-01  0.572E-52  0.572E-52  0.120E-06  0.141E-07  0.136E-44  0.103E-06  0.301E+45  0.123E+45  0.301E+45  0.000E+00  0.633E-17  0.633E-17  0.196E+27  0.445E+28  0.103E-26  0.000E+00  0.000E+00
 0.232E+01  0.152E+01  0.819E+01  0.880E+01  0.845E+01  0.348E+00  0.171E-01  0.225E-53  0.225E-53  0.119E-06  0.139E-07  0.542E-46  0.102E-06  0.758E+46  0.309E+46  0.758E+46  0.000E+00  0.249E-18  0.249E-18  0.194E+27  0.440E+28  0.102E-26  0.000E+00  0.000E+00
 0.233E+01  0.152E+01  0.819E+01  0.880E+01  0.845E+01  0.347E+00  0.142E-01  0.889E-55  0.889E-55  0.118E-06  0.137E-07  0.216E-47  0.101E-06  0.190E+48  0.773E+47  0.190E+48  0.000E+00  0.985E-20  0.985E-20  0.191E+27  0.436E+28  0.101E-26  0.000E+00  0.000E+00
 0.234E+01  0.152E+01  0.819E+01  0.880E+01  0.845E+01  0.346E+00  0.113E-01  0.352E-56  0.352E-56  0.117E-06  0.136E-07  0.863E-49  0.100E-06  0.476E+49  0.193E+49  0.476E+49  0.000E+00  0.389E-21  0.389E-21  0.189E+27  0.432E+28  0.100E-26  0.000E+00  0.000E+00
 0.235E+01  0.152E+01  0.819E+01  0.880E+01  0.846E+01  0.344E+00  0.835E-02  0.130E-57  0.130E-57  0.116E-06  0.134E-07  0.323E-50  0.994E-07  0.127E+51  0.514E+50  0.127E+51  0.000E+00  0.144E-22  0.144E-22  0.187E+27  0.428E+28  0.994E-27  0.000E+00  0.000E+00
 0.236E+01  0.152E+01  0.819E+01  0.880E+01  0.846E+01  0.343E+00  0.547E-02  0.511E-59  0.511E-59  0.115E-06  0.133E-07  0.128E-51  0.985E-07  0.321E+52  0.130E+52  0.321E+52  0.000E+00  0.566E-24  0.566E-24  0.185E+27  0.424E+28  0.985E-27  0.000E+00  0.000E+00
 0.237E+01  0.152E+01  0.819E+01  0.880E+01  0.846E+01  0.341E+00  0.261E-02  0.201E-60  0.201E-60  0.114E-06  0.131E-07  0.508E-53  0.976E-07  0.808E+53  0.325E+53  0.808E+53  0.000E+00  0.223E-25  0.223E-25  0.182E+27  0.420E+28  0.976E-27  0.000E+00  0.000E+00
 0.238E+01  0.152E+01  0.819E+01  0.880E+01  0.846E+01  0.340E+00 -0.223E-03  0.793E-62  0.793E-62  0.240E-07  0.275E-08  0.950E-54  0.206E-07  0.433E+54  0.173E+54  0.433E+54  0.000E+00  0.877E-27  0.877E-27  0.383E+26  0.886E+27  0.206E-27  0.000E+00  0.000E+00
 0.239E+01  0.152E+01  0.819E+01  0.880E+01  0.846E+01  0.339E+00 -0.304E-02  0.312E-63  0.312E-63  0.236E-07  0.269E-08  0.380E-55  0.202E-07  0.108E+56  0.432E+55  0.108E+56  0.000E+00  0.345E-28  0.345E-28  0.375E+26  0.870E+27  0.202E-27  0.000E+00  0.000E+00
 0.240E+01  0.152E+01  0.819E+01  0.880E+01  0.846E+01  0.337E+00 -0.583E-02  0.122E-64  0.122E-64  0.232E-07  0.264E-08  0.152E-56  0.199E-07  0.270E+57  0.108E+57  0.270E+57  0.000E+00  0.136E-29  0.136E-29  0.368E+26  0.855E+27  0.199E-27  0.000E+00  0.000E+00
 0.241E+01  0.152E+01  0.819E+01  0.880E+01  0.846E+01  0.336E+00 -0.859E-02  0.481E-66  0.481E-66  0.228E-07  0.259E-08  0.608E-58  0.195E-07  0.676E+58  0.269E+58  0.676E+58  0.000E+00  0.532E-31  0.532E-31  0.360E+26  0.840E+27  0.195E-27  0.000E+00  0.000E+00
 0.242E+01  0.152E+01  0.819E+01  0.880E+01  0.847E+01  0.335E+00 -0.113E-01  0.189E-67  0.189E-67  0.224E-07  0.254E-08  0.243E-59  0.192E-07  0.169E+60  0.672E+59  0.169E+60  0.000E+00  0.209E-32  0.209E-32  0.353E+26  0.825E+27  0.192E-27  0.000E+00  0.000E+00
 0.243E+01  0.152E+01  0.819E+01  0.880E+01  0.847E+01  0.333E+00 -0.141E-01  0.663E-69  0.663E-69  0.220E-07  0.249E-08  0.868E-61  0.188E-07  0.474E+61  0.188E+61  0.474E+61  0.000E+00  0.734E-34  0.734E-34  0.346E+26  0.811E+27  0.188E-27  0.000E+00  0.000E+00
 0.244E+01  0.152E+01  0.819E+01  0.880E+01  0.847E+01  0.332E+00 -0.168E-01  0.258E-70  0.258E-70  0.216E-07  0.244E-08  0.343E-62  0.185E-07  0.120E+63  0.473E+62  0.120E+63  0.000E+00  0.285E-35  0.285E-35  0.340E+26  0.798E+27  0.185E-27  0.000E+00  0.000E+00
 0.245E+01  0.152E+01  0.819E+01  0.880E+01  0.847E+01  0.331E+00 -0.194E-01  0.994E-72  0.994E-72  0.212E-07  0.239E-08  0.135E-63  0.182E-07  0.305E+64  0.120E+64  0.305E+64  0.000E+00  0.110E-36  0.110E-36  0.333E+26  0.784E+27  0.182E-27  0.000E+00  0.000E+00
 0.246E+01  0.152E+01  0.819E+01  0.880E+01  0.847E+01  0.329E+00 -0.221E-01  0.386E-73  0.386E-73  0.209E-07  0.235E-08  0.532E-65  0.179E-07  0.773E+65  0.304E+65  0.773E+65  0.000E+00  0.427E-38  0.427E-38  0.327E+26  0.771E+27  0.179E-27  0.000E+00  0.000E+00
 0.247E+01  0.152E+01  0.819E+01  0.880E+01  0.847E+01  0.328E+00 -0.247E-01  0.151E-74  0.151E-74  0.205E-07  0.230E-08  0.211E-66  0.176E-07  0.195E+67  0.764E+66  0.195E+67  0.000E+00  0.167E-39  0.167E-39  0.320E+26  0.758E+27  0.176E-27  0.000E+00  0.000E+00
 0.248E+01  0.152E+01  0.819E+01  0.880E+01  0.847E+01  0.327E+00 -0.274E-01  0.588E-76  0.588E-76  0.202E-07  0.226E-08  0.838E-68  0.173E-07  0.491E+68  0.192E+68  0.491E+68  0.000E+00  0.651E-41  0.651E-41  0.314E+26  0.746E+27  0.173E-27  0.000E+00  0.000E+00
 0.249E+01  0.152E+01  0.819E+01  0.880E+01  0.847E+01  0.326E+00 -0.300E-01  0.229E-77  0.229E-77  0.199E-07  0.222E-08  0.332E-69  0.170E-07  0.124E+70  0.483E+69  0.124E+70  0.000E+00  0.254E-42  0.254E-42  0.309E+26  0.734E+27  0.170E-27  0.000E+00  0.000E+00
 0.250E+01  0.152E+01  0.819E+01  0.880E+01  0.848E+01  0.324E+00 -0.325E-01  0.893E-79  0.893E-79  0.196E-07  0.218E-08  0.132E-70  0.168E-07  0.313E+71  0.122E+71  0.313E+71  0.000E+00  0.989E-44  0.989E-44  0.303E+26  0.722E+27  0.168E-27  0.000E+00  0.000E+00
 0.251E+01  0.152E+01  0.819E+01  0.880E+01  0.848E+01  0.323E+00 -0.351E-01  0.348E-80  0.348E-80  0.192E-07  0.214E-08  0.520E-72  0.165E-07  0.790E+72  0.307E+72  0.790E+72  0.000E+00  0.385E-45  0.385E-45  0.297E+26  0.710E+27  0.165E-27  0.000E+00  0.000E+00
 0.252E+01  0.152E+01  0.819E+01  0.880E+01  0.848E+01  0.322E+00 -0.376E-01  0.126E-81  0.126E-81  0.189E-07  0.210E-08  0.192E-73  0.162E-07  0.214E+74  0.829E+73  0.214E+74  0.000E+00  0.140E-46  0.140E-46  0.292E+26  0.699E+27  0.162E-27  0.000E+00  0.000E+00
 0.253E+01  0.152E+01  0.819E+01  0.880E+01  0.848E+01  0.321E+00 -0.402E-01  0.491E-83  0.491E-83  0.186E-07  0.206E-08  0.759E-75  0.160E-07  0.542E+75  0.210E+75  0.542E+75  0.000E+00  0.544E-48  0.544E-48  0.287E+26  0.688E+27  0.160E-27  0.000E+00  0.000E+00
 0.254E+01  0.152E+01  0.819E+01  0.880E+01  0.848E+01  0.319E+00 -0.427E-01  0.191E-84  0.191E-84  0.183E-07  0.202E-08  0.300E-76  0.157E-07  0.137E+77  0.530E+76  0.137E+77  0.000E+00  0.211E-49  0.211E-49  0.282E+26  0.677E+27  0.157E-27  0.000E+00  0.000E+00
 0.255E+01  0.152E+01  0.819E+01  0.880E+01  0.848E+01  0.318E+00 -0.451E-01  0.740E-86  0.740E-86  0.181E-07  0.199E-08  0.118E-77  0.155E-07  0.348E+78  0.134E+78  0.348E+78  0.000E+00  0.820E-51  0.820E-51  0.277E+26  0.666E+27  0.155E-27  0.000E+00  0.000E+00
 0.256E+01  0.152E+01  0.819E+01  0.880E+01  0.848E+01  0.317E+00 -0.476E-01  0.287E-87  0.287E-87  0.178E-07  0.195E-08  0.465E-79  0.152E-07  0.884E+79  0.340E+79  0.884E+79  0.000E+00  0.318E-52  0.318E-52  0.272E+26  0.656E+27  0.152E-27  0.000E+00  0.000E+00
 0.257E+01  0.152E+01  0.819E+01  0.880E+01  0.848E+01  0.316E+00 -0.501E-01  0.111E-88  0.111E-88  0.175E-07  0.192E-08  0.183E-80  0.150E-07  0.225E+81  0.862E+80  0.225E+81  0.000E+00  0.123E-53  0.123E-53  0.267E+26  0.646E+27  0.150E-27  0.000E+00  0.000E+00
 0.258E+01  0.152E+01  0.819E+01  0.880E+01  0.849E+01  0.315E+00 -0.525E-01  0.431E-90  0.431E-90  0.172E-07  0.188E-08  0.720E-82  0.148E-07  0.572E+82  0.219E+82  0.572E+82  0.000E+00  0.477E-55  0.477E-55  0.262E+26  0.636E+27  0.148E-27  0.000E+00  0.000E+00
 0.259E+01  0.152E+01  0.819E+01  0.880E+01  0.849E+01  0.313E+00 -0.549E-01  0.167E-91  0.167E-91  0.170E-07  0.185E-08  0.283E-83  0.145E-07  0.146E+84  0.556E+83  0.146E+84  0.000E+00  0.184E-56  0.184E-56  0.258E+26  0.626E+27  0.145E-27  0.000E+00  0.000E+00
 0.260E+01  0.152E+01  0.819E+01  0.880E+01  0.849E+01  0.312E+00 -0.573E-01  0.644E-93  0.644E-93  0.167E-07  0.182E-08  0.111E-84  0.143E-07  0.371E+85  0.141E+85  0.371E+85  0.000E+00  0.713E-58  0.713E-58  0.253E+26  0.617E+27  0.143E-27  0.000E+00  0.000E+00
 0.261E+01  0.152E+01  0.819E+01  0.880E+01  0.849E+01  0.311E+00 -0.597E-01  0.249E-94  0.249E-94  0.165E-07  0.179E-08  0.435E-86  0.141E-07  0.945E+86  0.359E+86  0.945E+86  0.000E+00  0.276E-59  0.276E-59  0.249E+26  0.608E+27  0.141E-27  0.000E+00  0.000E+00
 0.262E+01  0.152E+01  0.819E+01  0.880E+01  0.849E+01  0.310E+00 -0.620E-01  0.841E-96  0.841E-96  0.162E-07  0.176E-08  0.149E-87  0.139E-07  0.276E+88  0.105E+88  0.276E+88  0.000E+00  0.931E-61  0.931E-61  0.245E+26  0.599E+27  0.139E-27  0.000E+00  0.000E+00
 0.263E+01  0.152E+01  0.819E+01  0.880E+01  0.849E+01  0.309E+00 -0.643E-01  0.322E-97  0.322E-97  0.160E-07  0.173E-08  0.581E-89  0.137E-07  0.709E+89  0.268E+89  0.709E+89  0.000E+00  0.357E-62  0.357E-62  0.241E+26  0.590E+27  0.137E-27  0.000E+00  0.000E+00
 0.264E+01  0.152E+01  0.819E+01  0.880E+01  0.849E+01  0.308E+00 -0.667E-01  0.124E-98  0.124E-98  0.158E-07  0.170E-08  0.227E-90  0.135E-07  0.181E+91  0.685E+90  0.181E+91  0.000E+00  0.138E-63  0.138E-63  0.237E+26  0.581E+27  0.135E-27  0.000E+00  0.000E+00
 0.265E+01  0.152E+01  0.819E+01  0.880E+01  0.849E+01  0.307E+00 -0.690E-01  0.478-100  0.478-100  0.155E-07  0.167E-08  0.888E-92  0.133E-07  0.464E+92  0.175E+92  0.464E+92  0.000E+00  0.530E-65  0.530E-65  0.233E+26  0.573E+27  0.133E-27  0.000E+00  0.000E+00
 0.266E+01  0.152E+01  0.819E+01  0.880E+01  0.849E+01  0.305E+00 -0.713E-01  0.184-101  0.184-101  0.153E-07  0.164E-08  0.347E-93  0.131E-07  0.119E+94  0.447E+93  0.119E+94  0.000E+00  0.204E-66  0.204E-66  0.229E+26  0.565E+27  0.131E-27  0.000E+00  0.000E+00
 0.267E+01  0.153E+01  0.819E+01  0.880E+01  0.850E+01  0.304E+00 -0.735E-01  0.709-103  0.709-103  0.151E-07  0.162E-08  0.135E-94  0.129E-07  0.304E+95  0.114E+95  0.304E+95  0.000E+00  0.785E-68  0.785E-68  0.225E+26  0.557E+27  0.129E-27  0.000E+00  0.000E+00
 0.268E+01  0.153E+01  0.819E+01  0.880E+01  0.850E+01  0.303E+00 -0.758E-01  0.272-104  0.272-104  0.149E-07  0.159E-08  0.528E-96  0.127E-07  0.780E+96  0.292E+96  0.780E+96  0.000E+00  0.302E-69  0.302E-69  0.222E+26  0.549E+27  0.127E-27  0.000E+00  0.000E+00
 0.269E+01  0.153E+01  0.819E+01  0.880E+01  0.850E+01  0.302E+00 -0.780E-01  0.105-105  0.105-105  0.147E-07  0.157E-08  0.206E-97  0.126E-07  0.200E+98  0.748E+97  0.200E+98  0.000E+00  0.116E-70  0.116E-70  0.218E+26  0.541E+27  0.126E-27  0.000E+00  0.000E+00
 0.270E+01  0.153E+01  0.819E+01  0.880E+01  0.850E+01  0.301E+00 -0.802E-01  0.402-107  0.402-107  0.145E-07  0.154E-08  0.802E-99  0.124E-07  0.514E+99  0.192E+99  0.514E+99  0.000E+00  0.445E-72  0.445E-72  0.215E+26  0.534E+27  0.124E-27  0.000E+00  0.000E+00
 0.271E+01  0.153E+01  0.819E+01  0.880E+01  0.850E+01  0.300E+00 -0.825E-01  0.154-108  0.154-108  0.143E-07  0.152E-08  0.312-100  0.122E-07  0.132+101  0.492+100  0.132+101  0.000E+00  0.171E-73  0.171E-73  0.211E+26  0.526E+27  0.122E-27  0.000E+00  0.000E+00
 0.272E+01  0.153E+01  0.819E+01  0.880E+01  0.850E+01  0.299E+00 -0.846E-01  0.591-110  0.591-110  0.141E-07  0.149E-08  0.121-101  0.121E-07  0.340+102  0.126+102  0.340+102  0.000E+00  0.655E-75  0.655E-75  0.208E+26  0.519E+27  0.121E-27  0.000E+00  0.000E+00
 0.273E+01  0.153E+01  0.819E+01  0.880E+01  0.850E+01  0.298E+00 -0.868E-01  0.199-111  0.199-111  0.139E-07  0.147E-08  0.413-103  0.119E-07  0.997+103  0.370+103  0.997+103  0.000E+00  0.220E-76  0.220E-76  0.205E+26  0.512E+27  0.119E-27  0.000E+00  0.000E+00
 0.274E+01  0.153E+01  0.819E+01  0.880E+01  0.850E+01  0.297E+00 -0.890E-01  0.756-113  0.756-113  0.137E-07  0.145E-08  0.159-104  0.117E-07  0.259+105  0.958+104  0.259+105  0.000E+00  0.837E-78  0.837E-78  0.202E+26  0.505E+27  0.117E-27  0.000E+00  0.000E+00
 0.275E+01  0.153E+01  0.819E+01  0.880E+01  0.850E+01  0.296E+00 -0.911E-01  0.287-114  0.287-114  0.135E-07  0.143E-08  0.614-106  0.116E-07  0.672+106  0.248+106  0.672+106  0.000E+00  0.318E-79  0.318E-79  0.198E+26  0.498E+27  0.116E-27  0.000E+00  0.000E+00
 0.276E+01  0.153E+01  0.819E+01  0.880E+01  0.851E+01  0.295E+00 -0.933E-01  0.110-115  0.110-115  0.133E-07  0.140E-08  0.238-107  0.114E-07  0.173+108  0.639+107  0.173+108  0.000E+00  0.122E-80  0.122E-80  0.195E+26  0.491E+27  0.114E-27  0.000E+00  0.000E+00
 0.277E+01  0.153E+01  0.819E+01  0.880E+01  0.851E+01  0.294E+00 -0.954E-01  0.420-117  0.420-117  0.131E-07  0.138E-08  0.922-109  0.113E-07  0.447+109  0.165+109  0.447+109  0.000E+00  0.465E-82  0.465E-82  0.193E+26  0.485E+27  0.113E-27  0.000E+00  0.000E+00
 0.278E+01  0.153E+01  0.819E+01  0.880E+01  0.851E+01  0.293E+00 -0.975E-01  0.160-118  0.160-118  0.130E-07  0.136E-08  0.357-110  0.111E-07  0.115+111  0.425+110  0.115+111  0.000E+00  0.178E-83  0.178E-83  0.190E+26  0.479E+27  0.111E-27  0.000E+00  0.000E+00
 0.279E+01  0.153E+01  0.819E+01  0.880E+01  0.851E+01  0.292E+00 -0.996E-01  0.613-120  0.613-120  0.128E-07  0.134E-08  0.138-111  0.110E-07  0.298+112  0.110+112  0.298+112  0.000E+00  0.678E-85  0.678E-85  0.187E+26  0.472E+27  0.110E-27  0.000E+00  0.000E+00
 0.280E+01  0.153E+01  0.819E+01  0.880E+01  0.851E+01  0.291E+00 -0.102E+00  0.234-121  0.234-121  0.126E-07  0.132E-08  0.534-113  0.108E-07  0.772+113  0.283+113  0.772+113  0.000E+00  0.259E-86  0.259E-86  0.184E+26  0.466E+27  0.108E-27  0.000E+00  0.000E+00
 0.281E+01  0.153E+01  0.819E+01  0.880E+01  0.851E+01  0.290E+00 -0.104E+00  0.891-123  0.891-123  0.125E-07  0.130E-08  0.206-114  0.107E-07  0.200+115  0.731+114  0.200+115  0.000E+00  0.987E-88  0.987E-88  0.181E+26  0.460E+27  0.107E-27  0.000E+00  0.000E+00
 0.282E+01  0.153E+01  0.819E+01  0.880E+01  0.851E+01  0.289E+00 -0.106E+00  0.340-124  0.340-124  0.123E-07  0.128E-08  0.797-116  0.106E-07  0.517+116  0.189+116  0.517+116  0.000E+00  0.376E-89  0.376E-89  0.179E+26  0.454E+27  0.106E-27  0.000E+00  0.000E+00
 0.283E+01  0.153E+01  0.819E+01  0.880E+01  0.851E+01  0.288E+00 -0.108E+00  0.129-125  0.129-125  0.122E-07  0.126E-08  0.307-117  0.104E-07  0.134+118  0.489+117  0.134+118  0.000E+00  0.143E-90  0.143E-90  0.176E+26  0.448E+27  0.104E-27  0.000E+00  0.000E+00
 0.284E+01  0.153E+01  0.819E+01  0.880E+01  0.851E+01  0.287E+00 -0.110E+00  0.458-127  0.458-127  0.120E-07  0.125E-08  0.110-118  0.103E-07  0.374+119  0.136+119  0.374+119  0.000E+00  0.507E-92  0.507E-92  0.174E+26  0.443E+27  0.103E-27  0.000E+00  0.000E+00
 0.285E+01  0.153E+01  0.819E+01  0.880E+01  0.851E+01  0.286E+00 -0.112E+00  0.174-128  0.174-128  0.118E-07  0.123E-08  0.425-120  0.102E-07  0.972+120  0.353+120  0.972+120  0.000E+00  0.193E-93  0.193E-93  0.171E+26  0.437E+27  0.102E-27  0.000E+00  0.000E+00
 0.286E+01  0.153E+01  0.819E+01  0.880E+01  0.852E+01  0.285E+00 -0.114E+00  0.663-130  0.663-130  0.117E-07  0.121E-08  0.163-121  0.100E-07  0.252+122  0.914+121  0.252+122  0.000E+00  0.734E-95  0.734E-95  0.169E+26  0.432E+27  0.100E-27  0.000E+00  0.000E+00
 0.287E+01  0.153E+01  0.819E+01  0.880E+01  0.852E+01  0.284E+00 -0.116E+00  0.252-131  0.252-131  0.116E-07  0.119E-08  0.629-123  0.990E-08  0.655+123  0.237+123  0.655+123  0.000E+00  0.279E-96  0.279E-96  0.166E+26  0.426E+27  0.990E-28  0.000E+00  0.000E+00
 0.288E+01  0.153E+01  0.819E+01  0.880E+01  0.852E+01  0.283E+00 -0.118E+00  0.957-133  0.957-133  0.114E-07  0.118E-08  0.242-124  0.978E-08  0.170+125  0.615+124  0.170+125  0.000E+00  0.106E-97  0.106E-97  0.164E+26  0.421E+27  0.978E-28  0.000E+00  0.000E+00
 0.289E+01  0.153E+01  0.819E+01  0.880E+01  0.852E+01  0.282E+00 -0.120E+00  0.363-134  0.363-134  0.113E-07  0.116E-08  0.931-126  0.966E-08  0.443+126  0.160+126  0.443+126  0.000E+00  0.402E-99  0.402E-99  0.162E+26  0.416E+27  0.966E-28  0.000E+00  0.000E+00
 0.290E+01  0.153E+01  0.819E+01  0.880E+01  0.852E+01  0.281E+00 -0.122E+00  0.138-135  0.138-135  0.111E-07  0.115E-08  0.357-127  0.955E-08  0.115+128  0.415+127  0.115+128  0.000E+00  0.153-100  0.153-100  0.159E+26  0.411E+27  0.955E-28  0.000E+00  0.000E+00
 0.291E+01  0.153E+01  0.819E+01  0.880E+01  0.852E+01  0.280E+00 -0.124E+00  0.523-137  0.523-137  0.110E-07  0.113E-08  0.137-128  0.943E-08  0.301+129  0.108+129  0.301+129  0.000E+00  0.579-102  0.579-102  0.157E+26  0.406E+27  0.943E-28  0.000E+00  0.000E+00
 0.292E+01  0.153E+01  0.819E+01  0.880E+01  0.852E+01  0.279E+00 -0.125E+00  0.198-138  0.198-138  0.109E-07  0.111E-08  0.527-130  0.932E-08  0.783+130  0.281+130  0.783+130  0.000E+00  0.219-103  0.219-103  0.155E+26  0.401E+27  0.932E-28  0.000E+00  0.000E+00
 0.293E+01  0.153E+01  0.819E+01  0.880E+01  0.852E+01  0.278E+00 -0.127E+00  0.751-140  0.751-140  0.107E-07  0.110E-08  0.202-131  0.921E-08  0.204+132  0.732+131  0.204+132  0.000E+00  0.832-105  0.832-105  0.153E+26  0.396E+27  0.921E-28  0.000E+00  0.000E+00
 0.294E+01  0.153E+01  0.819E+01  0.880E+01  0.852E+01  0.277E+00 -0.129E+00  0.284-141  0.284-141  0.106E-07  0.108E-08  0.774-133  0.910E-08  0.533+133  0.191+133  0.533+133  0.000E+00  0.315-106  0.315-106  0.151E+26  0.392E+27  0.910E-28  0.000E+00  0.000E+00
 0.295E+01  0.153E+01  0.819E+01  0.880E+01  0.852E+01  0.276E+00 -0.131E+00  0.108-142  0.108-142  0.105E-07  0.107E-08  0.296-134  0.899E-08  0.139+135  0.497+134  0.139+135  0.000E+00  0.119-107  0.119-107  0.149E+26  0.387E+27  0.899E-28  0.000E+00  0.000E+00
 0.296E+01  0.153E+01  0.819E+01  0.880E+01  0.852E+01  0.275E+00 -0.133E+00  0.407-144  0.407-144  0.104E-07  0.106E-08  0.114-135  0.889E-08  0.364+136  0.130+136  0.364+136  0.000E+00  0.451-109  0.451-109  0.147E+26  0.383E+27  0.889E-28  0.000E+00  0.000E+00
 0.297E+01  0.153E+01  0.819E+01  0.880E+01  0.853E+01  0.275E+00 -0.135E+00  0.133-145  0.133-145  0.102E-07  0.104E-08  0.374-137  0.878E-08  0.110+138  0.393+137  0.110+138  0.000E+00  0.147-110  0.147-110  0.145E+26  0.378E+27  0.878E-28  0.000E+00  0.000E+00
 0.298E+01  0.153E+01  0.819E+01  0.880E+01  0.853E+01  0.274E+00 -0.137E+00  0.501-147  0.501-147  0.101E-07  0.103E-08  0.143-138  0.868E-08  0.289+139  0.103+139  0.289+139  0.000E+00  0.555-112  0.555-112  0.143E+26  0.374E+27  0.868E-28  0.000E+00  0.000E+00
 0.299E+01  0.153E+01  0.819E+01  0.880E+01  0.853E+01  0.273E+00 -0.138E+00  0.189-148  0.189-148  0.100E-07  0.101E-08  0.546-140  0.858E-08  0.755+140  0.268+140  0.755+140  0.000E+00  0.210-113  0.210-113  0.141E+26  0.370E+27  0.858E-28  0.000E+00  0.000E+00
 0.300E+01  0.153E+01  0.819E+01  0.880E+01  0.853E+01  0.272E+00 -0.140E+00  0.715-150  0.715-150  0.990E-08  0.100E-08  0.209-141  0.849E-08  0.198+142  0.700+141  0.198+142  0.000E+00  0.792-115  0.792-115  0.139E+26  0.365E+27  0.849E-28  0.000E+00  0.000E+00
