 0.100E+00  0.112E+01  0.122E+02  0.880E+01  0.282E+01  0.598E+01  0.110E+02  0.724E-07  0.725E-07  0.510E-06  0.144E-06  0.278E+00  0.436E-06  0.101E+01  0.995E+00  0.100E+01  0.000E+00  0.801E+28  0.803E+28  0.201E+28  0.188E+29  0.436E-26  0.000E+00  0.000E+00
 0.110E+00  0.120E+01  0.122E+02  0.880E+01  0.300E+01  0.580E+01  0.106E+02  0.746E-07  0.748E-07  0.529E-06  0.149E-06  0.277E+00  0.452E-06  0.101E+01  0.100E+01  0.101E+01  0.000E+00  0.827E+28  0.828E+28  0.208E+28  0.195E+29  0.452E-26  0.000E+00  0.000E+00
 0.120E+00  0.127E+01  0.122E+02  0.880E+01  0.318E+01  0.562E+01  0.102E+02  0.767E-07  0.768E-07  0.546E-06  0.154E-06  0.276E+00  0.467E-06  0.102E+01  0.100E+01  0.101E+01  0.000E+00  0.849E+28  0.851E+28  0.215E+28  0.202E+29  0.467E-26  0.000E+00  0.000E+00
 0.130E+00  0.133E+01  0.122E+02  0.880E+01  0.334E+01  0.546E+01  0.979E+01  0.786E-07  0.787E-07  0.561E-06  0.158E-06  0.276E+00  0.479E-06  0.102E+01  0.101E+01  0.102E+01  0.000E+00  0.870E+28  0.871E+28  0.220E+28  0.207E+29  0.479E-26  0.000E+00  0.000E+00
 0.140E+00  0.139E+01  0.122E+02  0.880E+01  0.350E+01  0.530E+01  0.944E+01  0.802E-07  0.803E-07  0.574E-06  0.162E-06  0.275E+00  0.490E-06  0.102E+01  0.101E+01  0.102E+01  0.000E+00  0.888E+28  0.889E+28  0.226E+28  0.212E+29  0.490E-26  0.000E+00  0.000E+00
 0.150E+00  0.145E+01  0.122E+02  0.880E+01  0.365E+01  0.515E+01  0.910E+01  0.816E-07  0.817E-07  0.585E-06  0.165E-06  0.275E+00  0.500E-06  0.102E+01  0.101E+01  0.102E+01  0.000E+00  0.904E+28  0.905E+28  0.230E+28  0.216E+29  0.500E-26  0.000E+00  0.000E+00
 0.160E+00  0.151E+01  0.122E+02  0.880E+01  0.378E+01  0.502E+01  0.879E+01  0.829E-07  0.830E-07  0.594E-06  0.168E-06  0.275E+00  0.508E-06  0.102E+01  0.101E+01  0.102E+01  0.000E+00  0.918E+28  0.918E+28  0.234E+28  0.219E+29  0.508E-26  0.000E+00  0.000E+00
 0.170E+00  0.156E+01  0.122E+02  0.880E+01  0.391E+01  0.489E+01  0.849E+01  0.839E-07  0.840E-07  0.602E-06  0.170E-06  0.274E+00  0.515E-06  0.102E+01  0.101E+01  0.102E+01  0.000E+00  0.929E+28  0.930E+28  0.237E+28  0.222E+29  0.515E-26  0.000E+00  0.000E+00
 0.180E+00  0.161E+01  0.122E+02  0.880E+01  0.404E+01  0.476E+01  0.821E+01  0.848E-07  0.848E-07  0.608E-06  0.172E-06  0.274E+00  0.520E-06  0.102E+01  0.101E+01  0.102E+01  0.000E+00  0.939E+28  0.939E+28  0.240E+28  0.224E+29  0.520E-26  0.000E+00  0.000E+00
 0.190E+00  0.166E+01  0.122E+02  0.880E+01  0.416E+01  0.464E+01  0.794E+01  0.854E-07  0.855E-07  0.613E-06  0.174E-06  0.274E+00  0.524E-06  0.102E+01  0.102E+01  0.102E+01  0.000E+00  0.946E+28  0.947E+28  0.242E+28  0.226E+29  0.524E-26  0.000E+00  0.000E+00
 0.200E+00  0.170E+01  0.122E+02  0.880E+01  0.427E+01  0.453E+01  0.768E+01  0.859E-07  0.860E-07  0.617E-06  0.175E-06  0.274E+00  0.528E-06  0.103E+01  0.102E+01  0.102E+01  0.000E+00  0.952E+28  0.952E+28  0.243E+28  0.228E+29  0.528E-26  0.000E+00  0.000E+00
 0.210E+00  0.174E+01  0.122E+02  0.880E+01  0.438E+01  0.442E+01  0.744E+01  0.863E-07  0.863E-07  0.619E-06  0.175E-06  0.274E+00  0.530E-06  0.103E+01  0.102E+01  0.102E+01  0.000E+00  0.955E+28  0.955E+28  0.244E+28  0.229E+29  0.530E-26  0.000E+00  0.000E+00
 0.220E+00  0.178E+01  0.122E+02  0.880E+01  0.448E+01  0.432E+01  0.720E+01  0.864E-07  0.864E-07  0.621E-06  0.176E-06  0.274E+00  0.531E-06  0.103E+01  0.102E+01  0.102E+01  0.000E+00  0.957E+28  0.957E+28  0.245E+28  0.229E+29  0.531E-26  0.000E+00  0.000E+00
 0.230E+00  0.182E+01  0.122E+02  0.880E+01  0.458E+01  0.422E+01  0.698E+01  0.864E-07  0.864E-07  0.621E-06  0.176E-06  0.274E+00  0.531E-06  0.103E+01  0.102E+01  0.102E+01  0.000E+00  0.957E+28  0.957E+28  0.245E+28  0.229E+29  0.531E-26  0.000E+00  0.000E+00
 0.240E+00  0.186E+01  0.122E+02  0.880E+01  0.467E+01  0.413E+01  0.677E+01  0.863E-07  0.863E-07  0.620E-06  0.176E-06  0.274E+00  0.530E-06  0.103E+01  0.102E+01  0.102E+01  0.000E+00  0.955E+28  0.955E+28  0.245E+28  0.229E+29  0.530E-26  0.000E+00  0.000E+00
 0.250E+00  0.190E+01  0.122E+02  0.880E+01  0.476E+01  0.404E+01  0.657E+01  0.860E-07  0.860E-07  0.618E-06  0.175E-06  0.274E+00  0.529E-06  0.103E+01  0.102E+01  0.102E+01  0.000E+00  0.952E+28  0.952E+28  0.244E+28  0.228E+29  0.529E-26  0.000E+00  0.000E+00
 0.260E+00  0.193E+01  0.122E+02  0.880E+01  0.485E+01  0.395E+01  0.637E+01  0.856E-07  0.856E-07  0.615E-06  0.174E-06  0.274E+00  0.526E-06  0.103E+01  0.102E+01  0.103E+01  0.000E+00  0.948E+28  0.947E+28  0.243E+28  0.227E+29  0.526E-26  0.000E+00  0.000E+00
 0.270E+00  0.196E+01  0.122E+02  0.880E+01  0.493E+01  0.387E+01  0.618E+01  0.851E-07  0.850E-07  0.611E-06  0.173E-06  0.274E+00  0.523E-06  0.103E+01  0.102E+01  0.103E+01  0.000E+00  0.942E+28  0.942E+28  0.241E+28  0.226E+29  0.523E-26  0.000E+00  0.000E+00
 0.280E+00  0.199E+01  0.122E+02  0.880E+01  0.501E+01  0.379E+01  0.601E+01  0.845E-07  0.844E-07  0.607E-06  0.172E-06  0.274E+00  0.519E-06  0.103E+01  0.102E+01  0.103E+01  0.000E+00  0.935E+28  0.935E+28  0.240E+28  0.224E+29  0.519E-26  0.000E+00  0.000E+00
 0.290E+00  0.202E+01  0.122E+02  0.880E+01  0.508E+01  0.372E+01  0.583E+01  0.837E-07  0.837E-07  0.601E-06  0.171E-06  0.274E+00  0.515E-06  0.103E+01  0.102E+01  0.103E+01  0.000E+00  0.927E+28  0.926E+28  0.238E+28  0.222E+29  0.515E-26  0.000E+00  0.000E+00
 0.300E+00  0.205E+01  0.122E+02  0.880E+01  0.515E+01  0.365E+01  0.567E+01  0.829E-07  0.828E-07  0.595E-06  0.169E-06  0.274E+00  0.510E-06  0.103E+01  0.102E+01  0.103E+01  0.000E+00  0.918E+28  0.917E+28  0.235E+28  0.220E+29  0.510E-26  0.000E+00  0.000E+00
 0.310E+00  0.208E+01  0.122E+02  0.880E+01  0.522E+01  0.358E+01  0.551E+01  0.819E-07  0.818E-07  0.589E-06  0.167E-06  0.274E+00  0.504E-06  0.103E+01  0.102E+01  0.103E+01  0.000E+00  0.907E+28  0.906E+28  0.233E+28  0.217E+29  0.504E-26  0.000E+00  0.000E+00
 0.320E+00  0.211E+01  0.122E+02  0.880E+01  0.529E+01  0.351E+01  0.536E+01  0.809E-07  0.808E-07  0.582E-06  0.165E-06  0.273E+00  0.498E-06  0.103E+01  0.102E+01  0.103E+01  0.000E+00  0.896E+28  0.895E+28  0.230E+28  0.215E+29  0.498E-26  0.000E+00  0.000E+00
 0.330E+00  0.213E+01  0.122E+02  0.880E+01  0.536E+01  0.344E+01  0.521E+01  0.798E-07  0.797E-07  0.574E-06  0.163E-06  0.273E+00  0.491E-06  0.103E+01  0.102E+01  0.103E+01  0.000E+00  0.883E+28  0.882E+28  0.227E+28  0.212E+29  0.491E-26  0.000E+00  0.000E+00
 0.340E+00  0.216E+01  0.122E+02  0.880E+01  0.542E+01  0.338E+01  0.507E+01  0.786E-07  0.785E-07  0.566E-06  0.161E-06  0.273E+00  0.485E-06  0.103E+01  0.102E+01  0.103E+01  0.000E+00  0.871E+28  0.869E+28  0.224E+28  0.209E+29  0.485E-26  0.000E+00  0.000E+00
 0.350E+00  0.218E+01  0.122E+02  0.880E+01  0.548E+01  0.332E+01  0.493E+01  0.775E-07  0.774E-07  0.557E-06  0.159E-06  0.273E+00  0.477E-06  0.103E+01  0.102E+01  0.103E+01  0.000E+00  0.859E+28  0.857E+28  0.221E+28  0.206E+29  0.477E-26  0.000E+00  0.000E+00
 0.360E+00  0.220E+01  0.122E+02  0.880E+01  0.554E+01  0.326E+01  0.480E+01  0.766E-07  0.765E-07  0.548E-06  0.156E-06  0.274E+00  0.470E-06  0.102E+01  0.102E+01  0.102E+01  0.000E+00  0.848E+28  0.847E+28  0.218E+28  0.202E+29  0.470E-26  0.000E+00  0.000E+00
 0.370E+00  0.223E+01  0.122E+02  0.880E+01  0.559E+01  0.321E+01  0.467E+01  0.756E-07  0.755E-07  0.539E-06  0.154E-06  0.275E+00  0.462E-06  0.102E+01  0.102E+01  0.102E+01  0.000E+00  0.837E+28  0.836E+28  0.214E+28  0.199E+29  0.462E-26  0.000E+00  0.000E+00
 0.380E+00  0.225E+01  0.122E+02  0.880E+01  0.565E+01  0.315E+01  0.455E+01  0.741E-07  0.740E-07  0.530E-06  0.151E-06  0.274E+00  0.454E-06  0.102E+01  0.102E+01  0.102E+01  0.000E+00  0.821E+28  0.819E+28  0.211E+28  0.196E+29  0.454E-26  0.000E+00  0.000E+00
 0.390E+00  0.227E+01  0.122E+02  0.880E+01  0.570E+01  0.310E+01  0.443E+01  0.726E-07  0.724E-07  0.520E-06  0.149E-06  0.274E+00  0.446E-06  0.103E+01  0.103E+01  0.103E+01  0.000E+00  0.804E+28  0.802E+28  0.207E+28  0.192E+29  0.446E-26  0.000E+00  0.000E+00
 0.400E+00  0.229E+01  0.122E+02  0.880E+01  0.575E+01  0.305E+01  0.431E+01  0.712E-07  0.711E-07  0.510E-06  0.146E-06  0.274E+00  0.438E-06  0.103E+01  0.103E+01  0.103E+01  0.000E+00  0.788E+28  0.787E+28  0.203E+28  0.188E+29  0.438E-26  0.000E+00  0.000E+00
 0.410E+00  0.231E+01  0.122E+02  0.880E+01  0.580E+01  0.300E+01  0.420E+01  0.700E-07  0.698E-07  0.500E-06  0.143E-06  0.274E+00  0.429E-06  0.102E+01  0.103E+01  0.102E+01  0.000E+00  0.775E+28  0.773E+28  0.200E+28  0.185E+29  0.429E-26  0.000E+00  0.000E+00
 0.420E+00  0.233E+01  0.122E+02  0.880E+01  0.585E+01  0.295E+01  0.409E+01  0.688E-07  0.687E-07  0.490E-06  0.141E-06  0.275E+00  0.420E-06  0.102E+01  0.102E+01  0.102E+01  0.000E+00  0.762E+28  0.760E+28  0.196E+28  0.181E+29  0.420E-26  0.000E+00  0.000E+00
 0.430E+00  0.235E+01  0.122E+02  0.880E+01  0.589E+01  0.291E+01  0.399E+01  0.679E-07  0.677E-07  0.480E-06  0.138E-06  0.276E+00  0.412E-06  0.101E+01  0.102E+01  0.101E+01  0.000E+00  0.751E+28  0.750E+28  0.192E+28  0.177E+29  0.412E-26  0.000E+00  0.000E+00
 0.440E+00  0.236E+01  0.122E+02  0.880E+01  0.594E+01  0.286E+01  0.389E+01  0.667E-07  0.666E-07  0.470E-06  0.135E-06  0.277E+00  0.403E-06  0.101E+01  0.102E+01  0.101E+01  0.000E+00  0.739E+28  0.737E+28  0.188E+28  0.173E+29  0.403E-26  0.000E+00  0.000E+00
 0.450E+00  0.238E+01  0.122E+02  0.880E+01  0.598E+01  0.282E+01  0.379E+01  0.650E-07  0.648E-07  0.460E-06  0.133E-06  0.276E+00  0.395E-06  0.101E+01  0.102E+01  0.101E+01  0.000E+00  0.719E+28  0.717E+28  0.185E+28  0.170E+29  0.395E-26  0.000E+00  0.000E+00
 0.460E+00  0.240E+01  0.122E+02  0.880E+01  0.602E+01  0.278E+01  0.369E+01  0.633E-07  0.632E-07  0.450E-06  0.130E-06  0.275E+00  0.386E-06  0.102E+01  0.103E+01  0.102E+01  0.000E+00  0.701E+28  0.700E+28  0.181E+28  0.166E+29  0.386E-26  0.000E+00  0.000E+00
 0.470E+00  0.241E+01  0.122E+02  0.880E+01  0.606E+01  0.274E+01  0.360E+01  0.620E-07  0.619E-07  0.439E-06  0.127E-06  0.276E+00  0.377E-06  0.101E+01  0.103E+01  0.102E+01  0.000E+00  0.687E+28  0.685E+28  0.177E+28  0.162E+29  0.377E-26  0.000E+00  0.000E+00
 0.480E+00  0.243E+01  0.122E+02  0.880E+01  0.610E+01  0.270E+01  0.351E+01  0.609E-07  0.607E-07  0.429E-06  0.124E-06  0.277E+00  0.368E-06  0.101E+01  0.103E+01  0.101E+01  0.000E+00  0.674E+28  0.672E+28  0.173E+28  0.158E+29  0.368E-26  0.000E+00  0.000E+00
 0.490E+00  0.244E+01  0.122E+02  0.880E+01  0.614E+01  0.266E+01  0.342E+01  0.595E-07  0.594E-07  0.419E-06  0.122E-06  0.277E+00  0.360E-06  0.101E+01  0.103E+01  0.101E+01  0.000E+00  0.659E+28  0.657E+28  0.170E+28  0.155E+29  0.360E-26  0.000E+00  0.000E+00
 0.500E+00  0.246E+01  0.122E+02  0.880E+01  0.618E+01  0.262E+01  0.334E+01  0.584E-07  0.583E-07  0.409E-06  0.119E-06  0.278E+00  0.351E-06  0.100E+01  0.102E+01  0.100E+01  0.000E+00  0.647E+28  0.645E+28  0.166E+28  0.151E+29  0.351E-26  0.000E+00  0.000E+00
 0.510E+00  0.247E+01  0.122E+02  0.880E+01  0.621E+01  0.259E+01  0.326E+01  0.576E-07  0.574E-07  0.398E-06  0.116E-06  0.280E+00  0.342E-06  0.991E+00  0.101E+01  0.993E+00  0.000E+00  0.638E+28  0.636E+28  0.162E+28  0.147E+29  0.342E-26  0.000E+00  0.000E+00
 0.520E+00  0.249E+01  0.122E+02  0.880E+01  0.625E+01  0.255E+01  0.318E+01  0.571E-07  0.569E-07  0.388E-06  0.114E-06  0.284E+00  0.333E-06  0.975E+00  0.100E+01  0.977E+00  0.000E+00  0.632E+28  0.630E+28  0.158E+28  0.143E+29  0.333E-26  0.000E+00  0.000E+00
 0.530E+00  0.250E+01  0.122E+02  0.880E+01  0.628E+01  0.252E+01  0.310E+01  0.568E-07  0.567E-07  0.378E-06  0.111E-06  0.288E+00  0.325E-06  0.953E+00  0.979E+00  0.955E+00  0.000E+00  0.629E+28  0.627E+28  0.154E+28  0.139E+29  0.325E-26  0.000E+00  0.000E+00
 0.540E+00  0.252E+01  0.122E+02  0.880E+01  0.632E+01  0.248E+01  0.302E+01  0.567E-07  0.565E-07  0.367E-06  0.108E-06  0.294E+00  0.316E-06  0.928E+00  0.957E+00  0.931E+00  0.000E+00  0.628E+28  0.626E+28  0.151E+28  0.136E+29  0.316E-26  0.000E+00  0.000E+00
 0.550E+00  0.253E+01  0.122E+02  0.880E+01  0.635E+01  0.245E+01  0.295E+01  0.563E-07  0.561E-07  0.357E-06  0.105E-06  0.298E+00  0.307E-06  0.909E+00  0.938E+00  0.912E+00  0.000E+00  0.623E+28  0.621E+28  0.147E+28  0.132E+29  0.307E-26  0.000E+00  0.000E+00
 0.560E+00  0.254E+01  0.122E+02  0.880E+01  0.638E+01  0.242E+01  0.288E+01  0.551E-07  0.549E-07  0.346E-06  0.102E-06  0.300E+00  0.298E-06  0.901E+00  0.932E+00  0.904E+00  0.000E+00  0.610E+28  0.608E+28  0.142E+28  0.128E+29  0.298E-26  0.000E+00  0.000E+00
 0.570E+00  0.255E+01  0.122E+02  0.880E+01  0.641E+01  0.239E+01  0.281E+01  0.530E-07  0.528E-07  0.336E-06  0.993E-07  0.298E+00  0.289E-06  0.908E+00  0.940E+00  0.911E+00  0.000E+00  0.587E+28  0.585E+28  0.138E+28  0.124E+29  0.289E-26  0.000E+00  0.000E+00
 0.580E+00  0.256E+01  0.122E+02  0.880E+01  0.644E+01  0.236E+01  0.274E+01  0.504E-07  0.502E-07  0.325E-06  0.962E-07  0.294E+00  0.280E-06  0.925E+00  0.958E+00  0.928E+00  0.000E+00  0.558E+28  0.556E+28  0.134E+28  0.120E+29  0.280E-26  0.000E+00  0.000E+00
 0.590E+00  0.258E+01  0.122E+02  0.880E+01  0.647E+01  0.233E+01  0.267E+01  0.480E-07  0.478E-07  0.314E-06  0.931E-07  0.291E+00  0.270E-06  0.939E+00  0.974E+00  0.943E+00  0.000E+00  0.531E+28  0.529E+28  0.130E+28  0.116E+29  0.270E-26  0.000E+00  0.000E+00
 0.600E+00  0.259E+01  0.122E+02  0.880E+01  0.650E+01  0.230E+01  0.261E+01  0.458E-07  0.456E-07  0.304E-06  0.900E-07  0.288E+00  0.261E-06  0.951E+00  0.986E+00  0.954E+00  0.000E+00  0.507E+28  0.505E+28  0.125E+28  0.112E+29  0.261E-26  0.000E+00  0.000E+00
 0.610E+00  0.260E+01  0.122E+02  0.880E+01  0.653E+01  0.227E+01  0.254E+01  0.440E-07  0.438E-07  0.293E-06  0.868E-07  0.287E+00  0.252E-06  0.955E+00  0.991E+00  0.959E+00  0.000E+00  0.487E+28  0.485E+28  0.121E+28  0.108E+29  0.252E-26  0.000E+00  0.000E+00
 0.620E+00  0.261E+01  0.122E+02  0.880E+01  0.656E+01  0.224E+01  0.248E+01  0.425E-07  0.423E-07  0.282E-06  0.836E-07  0.288E+00  0.243E-06  0.953E+00  0.988E+00  0.957E+00  0.000E+00  0.470E+28  0.469E+28  0.116E+28  0.104E+29  0.243E-26  0.000E+00  0.000E+00
 0.630E+00  0.262E+01  0.122E+02  0.880E+01  0.658E+01  0.222E+01  0.242E+01  0.413E-07  0.411E-07  0.272E-06  0.805E-07  0.290E+00  0.234E-06  0.944E+00  0.978E+00  0.949E+00  0.000E+00  0.457E+28  0.455E+28  0.112E+28  0.100E+29  0.234E-26  0.000E+00  0.000E+00
 0.640E+00  0.263E+01  0.122E+02  0.880E+01  0.661E+01  0.219E+01  0.236E+01  0.403E-07  0.402E-07  0.261E-06  0.774E-07  0.293E+00  0.225E-06  0.929E+00  0.962E+00  0.933E+00  0.000E+00  0.447E+28  0.445E+28  0.108E+28  0.965E+28  0.225E-26  0.000E+00  0.000E+00
 0.650E+00  0.264E+01  0.122E+02  0.880E+01  0.663E+01  0.217E+01  0.230E+01  0.394E-07  0.393E-07  0.251E-06  0.743E-07  0.297E+00  0.216E-06  0.915E+00  0.946E+00  0.919E+00  0.000E+00  0.436E+28  0.435E+28  0.103E+28  0.927E+28  0.216E-26  0.000E+00  0.000E+00
 0.660E+00  0.265E+01  0.122E+02  0.880E+01  0.666E+01  0.214E+01  0.225E+01  0.379E-07  0.378E-07  0.241E-06  0.712E-07  0.297E+00  0.208E-06  0.912E+00  0.942E+00  0.917E+00  0.000E+00  0.420E+28  0.419E+28  0.992E+27  0.891E+28  0.208E-26  0.000E+00  0.000E+00
 0.670E+00  0.266E+01  0.122E+02  0.880E+01  0.668E+01  0.212E+01  0.219E+01  0.360E-07  0.358E-07  0.232E-06  0.683E-07  0.295E+00  0.200E-06  0.923E+00  0.953E+00  0.928E+00  0.000E+00  0.398E+28  0.397E+28  0.951E+27  0.855E+28  0.200E-26  0.000E+00  0.000E+00
 0.680E+00  0.267E+01  0.122E+02  0.880E+01  0.671E+01  0.209E+01  0.214E+01  0.338E-07  0.337E-07  0.222E-06  0.654E-07  0.291E+00  0.191E-06  0.942E+00  0.971E+00  0.947E+00  0.000E+00  0.374E+28  0.373E+28  0.911E+27  0.820E+28  0.191E-26  0.000E+00  0.000E+00
 0.690E+00  0.268E+01  0.122E+02  0.880E+01  0.673E+01  0.207E+01  0.208E+01  0.317E-07  0.316E-07  0.213E-06  0.626E-07  0.286E+00  0.184E-06  0.963E+00  0.991E+00  0.969E+00  0.000E+00  0.351E+28  0.350E+28  0.872E+27  0.787E+28  0.184E-26  0.000E+00  0.000E+00
 0.700E+00  0.269E+01  0.122E+02  0.880E+01  0.675E+01  0.205E+01  0.203E+01  0.298E-07  0.297E-07  0.204E-06  0.600E-07  0.282E+00  0.176E-06  0.983E+00  0.101E+01  0.988E+00  0.000E+00  0.330E+28  0.329E+28  0.835E+27  0.754E+28  0.176E-26  0.000E+00  0.000E+00
 0.710E+00  0.270E+01  0.122E+02  0.880E+01  0.678E+01  0.202E+01  0.198E+01  0.280E-07  0.279E-07  0.196E-06  0.574E-07  0.278E+00  0.169E-06  0.100E+01  0.103E+01  0.101E+01  0.000E+00  0.310E+28  0.309E+28  0.799E+27  0.724E+28  0.169E-26  0.000E+00  0.000E+00
 0.720E+00  0.271E+01  0.122E+02  0.880E+01  0.680E+01  0.200E+01  0.193E+01  0.263E-07  0.263E-07  0.188E-06  0.549E-07  0.274E+00  0.162E-06  0.102E+01  0.105E+01  0.103E+01  0.000E+00  0.292E+28  0.291E+28  0.765E+27  0.694E+28  0.162E-26  0.000E+00  0.000E+00
 0.730E+00  0.271E+01  0.122E+02  0.880E+01  0.682E+01  0.198E+01  0.188E+01  0.249E-07  0.248E-07  0.180E-06  0.525E-07  0.271E+00  0.155E-06  0.104E+01  0.106E+01  0.105E+01  0.000E+00  0.275E+28  0.274E+28  0.731E+27  0.666E+28  0.155E-26  0.000E+00  0.000E+00
 0.740E+00  0.272E+01  0.122E+02  0.880E+01  0.684E+01  0.196E+01  0.184E+01  0.237E-07  0.236E-07  0.173E-06  0.502E-07  0.270E+00  0.149E-06  0.105E+01  0.106E+01  0.105E+01  0.000E+00  0.263E+28  0.262E+28  0.700E+27  0.638E+28  0.149E-26  0.000E+00  0.000E+00
 0.750E+00  0.273E+01  0.122E+02  0.880E+01  0.686E+01  0.194E+01  0.179E+01  0.229E-07  0.229E-07  0.166E-06  0.481E-07  0.272E+00  0.143E-06  0.103E+01  0.105E+01  0.104E+01  0.000E+00  0.253E+28  0.253E+28  0.669E+27  0.611E+28  0.143E-26  0.000E+00  0.000E+00
 0.760E+00  0.274E+01  0.122E+02  0.880E+01  0.688E+01  0.192E+01  0.175E+01  0.224E-07  0.224E-07  0.159E-06  0.460E-07  0.276E+00  0.137E-06  0.101E+01  0.102E+01  0.102E+01  0.000E+00  0.248E+28  0.248E+28  0.640E+27  0.586E+28  0.137E-26  0.000E+00  0.000E+00
 0.770E+00  0.275E+01  0.122E+02  0.880E+01  0.690E+01  0.190E+01  0.170E+01  0.220E-07  0.221E-07  0.152E-06  0.439E-07  0.282E+00  0.131E-06  0.985E+00  0.995E+00  0.990E+00  0.000E+00  0.244E+28  0.244E+28  0.611E+27  0.561E+28  0.131E-26  0.000E+00  0.000E+00
 0.780E+00  0.275E+01  0.122E+02  0.880E+01  0.692E+01  0.188E+01  0.166E+01  0.214E-07  0.216E-07  0.146E-06  0.420E-07  0.286E+00  0.126E-06  0.965E+00  0.973E+00  0.970E+00  0.000E+00  0.237E+28  0.239E+28  0.584E+27  0.538E+28  0.126E-26  0.000E+00  0.000E+00
 0.790E+00  0.276E+01  0.122E+02  0.880E+01  0.694E+01  0.186E+01  0.161E+01  0.208E-07  0.210E-07  0.140E-06  0.401E-07  0.289E+00  0.120E-06  0.952E+00  0.958E+00  0.957E+00  0.000E+00  0.230E+28  0.232E+28  0.559E+27  0.516E+28  0.120E-26  0.000E+00  0.000E+00
 0.800E+00  0.277E+01  0.122E+02  0.880E+01  0.696E+01  0.184E+01  0.157E+01  0.201E-07  0.203E-07  0.134E-06  0.384E-07  0.291E+00  0.115E-06  0.944E+00  0.947E+00  0.949E+00  0.000E+00  0.222E+28  0.225E+28  0.535E+27  0.495E+28  0.115E-26  0.000E+00  0.000E+00
 0.810E+00  0.278E+01  0.122E+02  0.880E+01  0.697E+01  0.183E+01  0.153E+01  0.193E-07  0.196E-07  0.128E-06  0.367E-07  0.292E+00  0.111E-06  0.937E+00  0.937E+00  0.941E+00  0.000E+00  0.214E+28  0.217E+28  0.511E+27  0.474E+28  0.111E-26  0.000E+00  0.000E+00
 0.820E+00  0.278E+01  0.122E+02  0.880E+01  0.699E+01  0.181E+01  0.149E+01  0.184E-07  0.187E-07  0.123E-06  0.352E-07  0.291E+00  0.106E-06  0.940E+00  0.940E+00  0.945E+00  0.000E+00  0.204E+28  0.207E+28  0.490E+27  0.455E+28  0.106E-26  0.000E+00  0.000E+00
 0.830E+00  0.279E+01  0.122E+02  0.880E+01  0.701E+01  0.179E+01  0.145E+01  0.174E-07  0.177E-07  0.118E-06  0.337E-07  0.288E+00  0.102E-06  0.955E+00  0.952E+00  0.959E+00  0.000E+00  0.193E+28  0.196E+28  0.469E+27  0.437E+28  0.102E-26  0.000E+00  0.000E+00
 0.840E+00  0.280E+01  0.122E+02  0.880E+01  0.703E+01  0.177E+01  0.141E+01  0.162E-07  0.165E-07  0.114E-06  0.323E-07  0.282E+00  0.979E-07  0.984E+00  0.978E+00  0.988E+00  0.000E+00  0.179E+28  0.183E+28  0.450E+27  0.420E+28  0.979E-27  0.000E+00  0.000E+00
 0.850E+00  0.280E+01  0.122E+02  0.880E+01  0.704E+01  0.176E+01  0.138E+01  0.148E-07  0.152E-07  0.109E-06  0.310E-07  0.273E+00  0.941E-07  0.103E+01  0.102E+01  0.103E+01  0.000E+00  0.164E+28  0.168E+28  0.432E+27  0.404E+28  0.941E-27  0.000E+00  0.000E+00
 0.860E+00  0.281E+01  0.122E+02  0.880E+01  0.706E+01  0.174E+01  0.134E+01  0.137E-07  0.140E-07  0.105E-06  0.298E-07  0.265E+00  0.905E-07  0.108E+01  0.107E+01  0.108E+01  0.000E+00  0.151E+28  0.155E+28  0.415E+27  0.388E+28  0.905E-27  0.000E+00  0.000E+00
 0.870E+00  0.282E+01  0.122E+02  0.880E+01  0.707E+01  0.173E+01  0.130E+01  0.124E-07  0.127E-07  0.101E-06  0.287E-07  0.254E+00  0.872E-07  0.114E+01  0.113E+01  0.114E+01  0.000E+00  0.138E+28  0.141E+28  0.400E+27  0.374E+28  0.872E-27  0.000E+00  0.000E+00
 0.880E+00  0.282E+01  0.122E+02  0.880E+01  0.709E+01  0.171E+01  0.127E+01  0.115E-07  0.118E-07  0.977E-07  0.277E-07  0.247E+00  0.840E-07  0.118E+01  0.117E+01  0.119E+01  0.000E+00  0.128E+28  0.131E+28  0.385E+27  0.360E+28  0.840E-27  0.000E+00  0.000E+00
 0.890E+00  0.283E+01  0.122E+02  0.880E+01  0.711E+01  0.169E+01  0.123E+01  0.110E-07  0.113E-07  0.942E-07  0.267E-07  0.245E+00  0.811E-07  0.119E+01  0.118E+01  0.120E+01  0.000E+00  0.122E+28  0.125E+28  0.372E+27  0.348E+28  0.811E-27  0.000E+00  0.000E+00
 0.900E+00  0.283E+01  0.122E+02  0.880E+01  0.712E+01  0.168E+01  0.120E+01  0.106E-07  0.109E-07  0.910E-07  0.258E-07  0.244E+00  0.783E-07  0.120E+01  0.119E+01  0.120E+01  0.000E+00  0.117E+28  0.120E+28  0.359E+27  0.336E+28  0.783E-27  0.000E+00  0.000E+00
 0.910E+00  0.284E+01  0.122E+02  0.880E+01  0.714E+01  0.166E+01  0.116E+01  0.105E-07  0.107E-07  0.879E-07  0.249E-07  0.249E+00  0.756E-07  0.117E+01  0.116E+01  0.117E+01  0.000E+00  0.116E+28  0.119E+28  0.347E+27  0.324E+28  0.756E-27  0.000E+00  0.000E+00
 0.920E+00  0.285E+01  0.122E+02  0.880E+01  0.715E+01  0.165E+01  0.113E+01  0.110E-07  0.112E-07  0.851E-07  0.241E-07  0.263E+00  0.732E-07  0.108E+01  0.108E+01  0.109E+01  0.000E+00  0.122E+28  0.124E+28  0.336E+27  0.314E+28  0.732E-27  0.000E+00  0.000E+00
 0.930E+00  0.285E+01  0.122E+02  0.880E+01  0.717E+01  0.163E+01  0.110E+01  0.118E-07  0.121E-07  0.822E-07  0.234E-07  0.285E+00  0.707E-07  0.972E+00  0.968E+00  0.975E+00  0.000E+00  0.131E+28  0.134E+28  0.326E+27  0.303E+28  0.707E-27  0.000E+00  0.000E+00
 0.940E+00  0.286E+01  0.122E+02  0.880E+01  0.718E+01  0.162E+01  0.106E+01  0.128E-07  0.131E-07  0.796E-07  0.227E-07  0.308E+00  0.685E-07  0.871E+00  0.869E+00  0.874E+00  0.000E+00  0.142E+28  0.145E+28  0.316E+27  0.294E+28  0.685E-27  0.000E+00  0.000E+00
 0.950E+00  0.286E+01  0.122E+02  0.880E+01  0.719E+01  0.161E+01  0.103E+01  0.141E-07  0.143E-07  0.771E-07  0.220E-07  0.335E+00  0.663E-07  0.767E+00  0.767E+00  0.770E+00  0.000E+00  0.156E+28  0.159E+28  0.306E+27  0.284E+28  0.663E-27  0.000E+00  0.000E+00
 0.960E+00  0.287E+01  0.122E+02  0.880E+01  0.721E+01  0.159E+01  0.100E+01  0.158E-07  0.161E-07  0.746E-07  0.213E-07  0.369E+00  0.641E-07  0.663E+00  0.663E+00  0.665E+00  0.000E+00  0.175E+28  0.178E+28  0.297E+27  0.275E+28  0.641E-27  0.000E+00  0.000E+00
 0.970E+00  0.287E+01  0.122E+02  0.880E+01  0.722E+01  0.158E+01  0.969E+00  0.174E-07  0.176E-07  0.722E-07  0.207E-07  0.397E+00  0.620E-07  0.587E+00  0.588E+00  0.588E+00  0.000E+00  0.192E+28  0.195E+28  0.288E+27  0.266E+28  0.620E-27  0.000E+00  0.000E+00
 0.980E+00  0.288E+01  0.122E+02  0.880E+01  0.723E+01  0.157E+01  0.939E+00  0.186E-07  0.187E-07  0.698E-07  0.200E-07  0.421E+00  0.600E-07  0.532E+00  0.534E+00  0.534E+00  0.000E+00  0.206E+28  0.207E+28  0.279E+27  0.258E+28  0.600E-27  0.000E+00  0.000E+00
 0.990E+00  0.288E+01  0.122E+02  0.880E+01  0.725E+01  0.155E+01  0.909E+00  0.197E-07  0.198E-07  0.674E-07  0.194E-07  0.442E+00  0.580E-07  0.487E+00  0.490E+00  0.489E+00  0.000E+00  0.218E+28  0.219E+28  0.270E+27  0.249E+28  0.580E-27  0.000E+00  0.000E+00
 0.100E+01  0.289E+01  0.122E+02  0.880E+01  0.726E+01  0.154E+01  0.880E+00  0.197E-07  0.197E-07  0.651E-07  0.187E-07  0.451E+00  0.560E-07  0.472E+00  0.474E+00  0.473E+00  0.000E+00  0.218E+28  0.218E+28  0.260E+27  0.240E+28  0.560E-27  0.000E+00  0.000E+00
 0.101E+01  0.290E+01  0.122E+02  0.880E+01  0.727E+01  0.153E+01  0.852E+00  0.192E-07  0.191E-07  0.627E-07  0.180E-07  0.452E+00  0.539E-07  0.468E+00  0.470E+00  0.469E+00  0.000E+00  0.213E+28  0.212E+28  0.251E+27  0.231E+28  0.539E-27  0.000E+00  0.000E+00
 0.102E+01  0.290E+01  0.122E+02  0.880E+01  0.728E+01  0.152E+01  0.823E+00  0.180E-07  0.178E-07  0.603E-07  0.173E-07  0.444E+00  0.519E-07  0.484E+00  0.485E+00  0.485E+00  0.000E+00  0.199E+28  0.197E+28  0.241E+27  0.223E+28  0.519E-27  0.000E+00  0.000E+00
 0.103E+01  0.290E+01  0.122E+02  0.880E+01  0.730E+01  0.150E+01  0.796E+00  0.163E-07  0.161E-07  0.580E-07  0.165E-07  0.429E+00  0.498E-07  0.516E+00  0.515E+00  0.517E+00  0.000E+00  0.180E+28  0.178E+28  0.230E+27  0.214E+28  0.498E-27  0.000E+00  0.000E+00
 0.104E+01  0.291E+01  0.122E+02  0.880E+01  0.731E+01  0.149E+01  0.768E+00  0.145E-07  0.143E-07  0.556E-07  0.158E-07  0.410E+00  0.478E-07  0.557E+00  0.552E+00  0.558E+00  0.000E+00  0.161E+28  0.158E+28  0.219E+27  0.205E+28  0.478E-27  0.000E+00  0.000E+00
 0.105E+01  0.291E+01  0.122E+02  0.880E+01  0.732E+01  0.148E+01  0.742E+00  0.124E-07  0.121E-07  0.532E-07  0.150E-07  0.382E+00  0.457E-07  0.628E+00  0.618E+00  0.629E+00  0.000E+00  0.137E+28  0.134E+28  0.208E+27  0.196E+28  0.457E-27  0.000E+00  0.000E+00
 0.106E+01  0.292E+01  0.122E+02  0.880E+01  0.733E+01  0.147E+01  0.715E+00  0.107E-07  0.105E-07  0.508E-07  0.142E-07  0.358E+00  0.437E-07  0.694E+00  0.676E+00  0.696E+00  0.000E+00  0.119E+28  0.116E+28  0.197E+27  0.188E+28  0.437E-27  0.000E+00  0.000E+00
 0.107E+01  0.292E+01  0.122E+02  0.880E+01  0.734E+01  0.146E+01  0.689E+00  0.918E-08  0.891E-08  0.485E-07  0.133E-07  0.333E+00  0.416E-07  0.778E+00  0.749E+00  0.779E+00  0.000E+00  0.102E+28  0.986E+27  0.186E+27  0.179E+28  0.416E-27  0.000E+00  0.000E+00
 0.108E+01  0.293E+01  0.122E+02  0.880E+01  0.736E+01  0.144E+01  0.663E+00  0.790E-08  0.763E-08  0.461E-07  0.125E-07  0.310E+00  0.396E-07  0.864E+00  0.821E+00  0.866E+00  0.000E+00  0.874E+27  0.844E+27  0.174E+27  0.170E+28  0.396E-27  0.000E+00  0.000E+00
 0.109E+01  0.293E+01  0.122E+02  0.880E+01  0.737E+01  0.143E+01  0.638E+00  0.675E-08  0.649E-08  0.438E-07  0.117E-07  0.288E+00  0.376E-07  0.964E+00  0.902E+00  0.966E+00  0.000E+00  0.747E+27  0.719E+27  0.163E+27  0.162E+28  0.376E-27  0.000E+00  0.000E+00
 0.110E+01  0.294E+01  0.122E+02  0.880E+01  0.738E+01  0.142E+01  0.613E+00  0.575E-08  0.551E-08  0.416E-07  0.109E-07  0.266E+00  0.357E-07  0.108E+01  0.991E+00  0.108E+01  0.000E+00  0.637E+27  0.610E+27  0.152E+27  0.153E+28  0.357E-27  0.000E+00  0.000E+00
 0.111E+01  0.294E+01  0.122E+02  0.880E+01  0.739E+01  0.141E+01  0.589E+00  0.496E-08  0.473E-08  0.394E-07  0.102E-07  0.247E+00  0.338E-07  0.119E+01  0.107E+01  0.119E+01  0.000E+00  0.549E+27  0.523E+27  0.141E+27  0.145E+28  0.338E-27  0.000E+00  0.000E+00
 0.112E+01  0.295E+01  0.122E+02  0.880E+01  0.740E+01  0.140E+01  0.565E+00  0.423E-08  0.402E-08  0.372E-07  0.941E-08  0.228E+00  0.319E-07  0.132E+01  0.117E+01  0.133E+01  0.000E+00  0.468E+27  0.445E+27  0.131E+27  0.137E+28  0.319E-27  0.000E+00  0.000E+00
 0.113E+01  0.295E+01  0.122E+02  0.880E+01  0.741E+01  0.139E+01  0.541E+00  0.366E-08  0.346E-08  0.352E-07  0.871E-08  0.213E+00  0.302E-07  0.145E+01  0.126E+01  0.145E+01  0.000E+00  0.406E+27  0.383E+27  0.121E+27  0.130E+28  0.302E-27  0.000E+00  0.000E+00
 0.114E+01  0.295E+01  0.122E+02  0.880E+01  0.742E+01  0.138E+01  0.518E+00  0.316E-08  0.298E-08  0.332E-07  0.805E-08  0.198E+00  0.285E-07  0.159E+01  0.135E+01  0.159E+01  0.000E+00  0.350E+27  0.330E+27  0.112E+27  0.122E+28  0.285E-27  0.000E+00  0.000E+00
 0.115E+01  0.296E+01  0.122E+02  0.880E+01  0.743E+01  0.137E+01  0.495E+00  0.273E-08  0.256E-08  0.313E-07  0.743E-08  0.184E+00  0.269E-07  0.174E+01  0.145E+01  0.175E+01  0.000E+00  0.303E+27  0.284E+27  0.104E+27  0.116E+28  0.269E-27  0.000E+00  0.000E+00
 0.116E+01  0.296E+01  0.122E+02  0.880E+01  0.744E+01  0.136E+01  0.472E+00  0.239E-08  0.223E-08  0.295E-07  0.686E-08  0.173E+00  0.253E-07  0.189E+01  0.154E+01  0.189E+01  0.000E+00  0.265E+27  0.247E+27  0.955E+26  0.109E+28  0.253E-27  0.000E+00  0.000E+00
 0.117E+01  0.297E+01  0.122E+02  0.880E+01  0.745E+01  0.135E+01  0.449E+00  0.217E-08  0.202E-08  0.278E-07  0.632E-08  0.167E+00  0.239E-07  0.197E+01  0.156E+01  0.197E+01  0.000E+00  0.241E+27  0.224E+27  0.880E+26  0.103E+28  0.239E-27  0.000E+00  0.000E+00
 0.118E+01  0.297E+01  0.122E+02  0.880E+01  0.746E+01  0.134E+01  0.427E+00  0.178E-08  0.164E-08  0.262E-07  0.583E-08  0.148E+00  0.225E-07  0.228E+01  0.177E+01  0.228E+01  0.000E+00  0.197E+27  0.182E+27  0.811E+26  0.967E+27  0.225E-27  0.000E+00  0.000E+00
 0.119E+01  0.297E+01  0.122E+02  0.880E+01  0.747E+01  0.133E+01  0.406E+00  0.160E-08  0.147E-08  0.247E-07  0.537E-08  0.142E+00  0.212E-07  0.240E+01  0.182E+01  0.240E+01  0.000E+00  0.177E+27  0.163E+27  0.748E+26  0.911E+27  0.212E-27  0.000E+00  0.000E+00
 0.120E+01  0.298E+01  0.122E+02  0.880E+01  0.748E+01  0.132E+01  0.384E+00  0.137E-08  0.126E-08  0.233E-07  0.496E-08  0.130E+00  0.200E-07  0.265E+01  0.197E+01  0.265E+01  0.000E+00  0.151E+27  0.139E+27  0.690E+26  0.859E+27  0.200E-27  0.000E+00  0.000E+00
 0.121E+01  0.298E+01  0.122E+02  0.880E+01  0.749E+01  0.131E+01  0.363E+00  0.124E-08  0.114E-08  0.220E-07  0.458E-08  0.126E+00  0.188E-07  0.276E+01  0.201E+01  0.276E+01  0.000E+00  0.138E+27  0.126E+27  0.638E+26  0.811E+27  0.188E-27  0.000E+00  0.000E+00
 0.122E+01  0.298E+01  0.122E+02  0.880E+01  0.750E+01  0.130E+01  0.342E+00  0.110E-08  0.997E-09  0.207E-07  0.423E-08  0.118E+00  0.178E-07  0.297E+01  0.212E+01  0.297E+01  0.000E+00  0.121E+27  0.110E+27  0.589E+26  0.765E+27  0.178E-27  0.000E+00  0.000E+00
 0.123E+01  0.299E+01  0.122E+02  0.880E+01  0.751E+01  0.129E+01  0.322E+00  0.997E-09  0.904E-09  0.196E-07  0.392E-08  0.114E+00  0.168E-07  0.310E+01  0.217E+01  0.310E+01  0.000E+00  0.110E+27  0.100E+27  0.545E+26  0.723E+27  0.168E-27  0.000E+00  0.000E+00
 0.124E+01  0.299E+01  0.122E+02  0.880E+01  0.751E+01  0.129E+01  0.301E+00  0.869E-09  0.785E-09  0.185E-07  0.363E-08  0.106E+00  0.159E-07  0.337E+01  0.231E+01  0.337E+01  0.000E+00  0.962E+26  0.869E+26  0.505E+26  0.684E+27  0.159E-27  0.000E+00  0.000E+00
 0.125E+01  0.299E+01  0.122E+02  0.880E+01  0.752E+01  0.128E+01  0.281E+00  0.790E-09  0.711E-09  0.175E-07  0.337E-08  0.102E+00  0.150E-07  0.353E+01  0.237E+01  0.353E+01  0.000E+00  0.875E+26  0.787E+26  0.469E+26  0.647E+27  0.150E-27  0.000E+00  0.000E+00
 0.126E+01  0.300E+01  0.122E+02  0.880E+01  0.753E+01  0.127E+01  0.262E+00  0.695E-09  0.623E-09  0.166E-07  0.313E-08  0.950E-01  0.142E-07  0.381E+01  0.252E+01  0.381E+01  0.000E+00  0.770E+26  0.690E+26  0.436E+26  0.613E+27  0.142E-27  0.000E+00  0.000E+00
 0.127E+01  0.300E+01  0.122E+02  0.880E+01  0.754E+01  0.126E+01  0.242E+00  0.646E-09  0.576E-09  0.158E-07  0.292E-08  0.930E-01  0.135E-07  0.390E+01  0.253E+01  0.391E+01  0.000E+00  0.715E+26  0.638E+26  0.407E+26  0.582E+27  0.135E-27  0.000E+00  0.000E+00
 0.128E+01  0.301E+01  0.122E+02  0.880E+01  0.755E+01  0.125E+01  0.223E+00  0.552E-09  0.490E-09  0.150E-07  0.273E-08  0.842E-01  0.128E-07  0.436E+01  0.278E+01  0.436E+01  0.000E+00  0.611E+26  0.543E+26  0.380E+26  0.552E+27  0.128E-27  0.000E+00  0.000E+00
 0.129E+01  0.301E+01  0.122E+02  0.880E+01  0.756E+01  0.124E+01  0.204E+00  0.507E-09  0.449E-09  0.142E-07  0.255E-08  0.815E-01  0.122E-07  0.452E+01  0.284E+01  0.452E+01  0.000E+00  0.562E+26  0.497E+26  0.356E+26  0.525E+27  0.122E-27  0.000E+00  0.000E+00
 0.130E+01  0.301E+01  0.122E+02  0.880E+01  0.757E+01  0.123E+01  0.185E+00  0.450E-09  0.397E-09  0.135E-07  0.240E-08  0.762E-01  0.116E-07  0.487E+01  0.302E+01  0.487E+01  0.000E+00  0.499E+26  0.440E+26  0.334E+26  0.499E+27  0.116E-27  0.000E+00  0.000E+00
 0.131E+01  0.301E+01  0.122E+02  0.880E+01  0.757E+01  0.123E+01  0.167E+00  0.425E-09  0.373E-09  0.129E-07  0.225E-08  0.753E-01  0.110E-07  0.494E+01  0.302E+01  0.494E+01  0.000E+00  0.470E+26  0.413E+26  0.314E+26  0.475E+27  0.110E-27  0.000E+00  0.000E+00
 0.132E+01  0.302E+01  0.122E+02  0.880E+01  0.758E+01  0.122E+01  0.149E+00  0.379E-09  0.332E-09  0.123E-07  0.212E-08  0.707E-01  0.105E-07  0.528E+01  0.320E+01  0.529E+01  0.000E+00  0.420E+26  0.367E+26  0.295E+26  0.453E+27  0.105E-27  0.000E+00  0.000E+00
 0.133E+01  0.302E+01  0.122E+02  0.880E+01  0.759E+01  0.121E+01  0.131E+00  0.359E-09  0.312E-09  0.117E-07  0.200E-08  0.699E-01  0.100E-07  0.535E+01  0.320E+01  0.536E+01  0.000E+00  0.397E+26  0.346E+26  0.279E+26  0.432E+27  0.100E-27  0.000E+00  0.000E+00
 0.134E+01  0.302E+01  0.122E+02  0.880E+01  0.760E+01  0.120E+01  0.113E+00  0.323E-09  0.280E-09  0.112E-07  0.189E-08  0.660E-01  0.959E-08  0.570E+01  0.338E+01  0.570E+01  0.000E+00  0.358E+26  0.310E+26  0.264E+26  0.413E+27  0.959E-28  0.000E+00  0.000E+00
 0.135E+01  0.303E+01  0.122E+02  0.880E+01  0.760E+01  0.120E+01  0.955E-01  0.292E-09  0.252E-09  0.107E-07  0.179E-08  0.625E-01  0.916E-08  0.605E+01  0.355E+01  0.605E+01  0.000E+00  0.323E+26  0.279E+26  0.250E+26  0.394E+27  0.916E-28  0.000E+00  0.000E+00
 0.136E+01  0.303E+01  0.122E+02  0.880E+01  0.761E+01  0.119E+01  0.782E-01  0.273E-09  0.235E-09  0.102E-07  0.170E-08  0.610E-01  0.877E-08  0.621E+01  0.361E+01  0.621E+01  0.000E+00  0.303E+26  0.261E+26  0.237E+26  0.377E+27  0.877E-28  0.000E+00  0.000E+00
 0.137E+01  0.303E+01  0.122E+02  0.880E+01  0.762E+01  0.118E+01  0.611E-01  0.249E-09  0.213E-09  0.979E-08  0.161E-08  0.579E-01  0.839E-08  0.656E+01  0.379E+01  0.656E+01  0.000E+00  0.275E+26  0.236E+26  0.225E+26  0.361E+27  0.839E-28  0.000E+00  0.000E+00
 0.138E+01  0.304E+01  0.122E+02  0.880E+01  0.763E+01  0.117E+01  0.443E-01  0.237E-09  0.203E-09  0.939E-08  0.154E-08  0.575E-01  0.805E-08  0.662E+01  0.379E+01  0.662E+01  0.000E+00  0.263E+26  0.224E+26  0.214E+26  0.347E+27  0.805E-28  0.000E+00  0.000E+00
 0.139E+01  0.304E+01  0.122E+02  0.880E+01  0.763E+01  0.117E+01  0.276E-01  0.217E-09  0.185E-09  0.901E-08  0.146E-08  0.548E-01  0.773E-08  0.696E+01  0.396E+01  0.696E+01  0.000E+00  0.241E+26  0.205E+26  0.204E+26  0.333E+27  0.773E-28  0.000E+00  0.000E+00
 0.140E+01  0.304E+01  0.122E+02  0.880E+01  0.764E+01  0.116E+01  0.112E-01  0.208E-09  0.176E-09  0.867E-08  0.140E-08  0.543E-01  0.743E-08  0.703E+01  0.396E+01  0.703E+01  0.000E+00  0.230E+26  0.195E+26  0.194E+26  0.320E+27  0.743E-28  0.000E+00  0.000E+00
 0.141E+01  0.304E+01  0.122E+02  0.880E+01  0.765E+01  0.115E+01 -0.506E-02  0.190E-09  0.161E-09  0.467E-08  0.741E-09  0.887E-01  0.401E-08  0.416E+01  0.231E+01  0.416E+01  0.000E+00  0.211E+26  0.178E+26  0.103E+26  0.173E+27  0.401E-28  0.000E+00  0.000E+00
 0.142E+01  0.305E+01  0.122E+02  0.880E+01  0.766E+01  0.114E+01 -0.211E-01  0.178E-09  0.150E-09  0.437E-08  0.688E-09  0.885E-01  0.375E-08  0.417E+01  0.230E+01  0.417E+01  0.000E+00  0.197E+26  0.166E+26  0.958E+25  0.161E+27  0.375E-28  0.000E+00  0.000E+00
 0.143E+01  0.305E+01  0.122E+02  0.880E+01  0.766E+01  0.114E+01 -0.369E-01  0.169E-09  0.142E-09  0.410E-08  0.640E-09  0.894E-01  0.351E-08  0.412E+01  0.225E+01  0.412E+01  0.000E+00  0.188E+26  0.157E+26  0.891E+25  0.151E+27  0.351E-28  0.000E+00  0.000E+00
 0.144E+01  0.305E+01  0.122E+02  0.880E+01  0.767E+01  0.113E+01 -0.526E-01  0.159E-09  0.133E-09  0.384E-08  0.595E-09  0.891E-01  0.329E-08  0.414E+01  0.224E+01  0.414E+01  0.000E+00  0.176E+26  0.147E+26  0.828E+25  0.142E+27  0.329E-28  0.000E+00  0.000E+00
 0.145E+01  0.306E+01  0.122E+02  0.880E+01  0.768E+01  0.112E+01 -0.681E-01  0.151E-09  0.126E-09  0.361E-08  0.554E-09  0.902E-01  0.309E-08  0.408E+01  0.219E+01  0.408E+01  0.000E+00  0.168E+26  0.140E+26  0.771E+25  0.133E+27  0.309E-28  0.000E+00  0.000E+00
 0.146E+01  0.306E+01  0.122E+02  0.880E+01  0.768E+01  0.112E+01 -0.833E-01  0.142E-09  0.119E-09  0.339E-08  0.516E-09  0.902E-01  0.291E-08  0.409E+01  0.218E+01  0.409E+01  0.000E+00  0.157E+26  0.131E+26  0.719E+25  0.125E+27  0.291E-28  0.000E+00  0.000E+00
 0.147E+01  0.306E+01  0.122E+02  0.880E+01  0.769E+01  0.111E+01 -0.984E-01  0.137E-09  0.114E-09  0.319E-08  0.481E-09  0.922E-01  0.273E-08  0.399E+01  0.211E+01  0.399E+01  0.000E+00  0.152E+26  0.126E+26  0.670E+25  0.118E+27  0.273E-28  0.000E+00  0.000E+00
 0.148E+01  0.306E+01  0.122E+02  0.880E+01  0.770E+01  0.110E+01 -0.113E+00  0.128E-09  0.107E-09  0.300E-08  0.449E-09  0.916E-01  0.258E-08  0.402E+01  0.210E+01  0.402E+01  0.000E+00  0.142E+26  0.118E+26  0.626E+25  0.111E+27  0.258E-28  0.000E+00  0.000E+00
 0.149E+01  0.307E+01  0.122E+02  0.880E+01  0.770E+01  0.110E+01 -0.128E+00  0.121E-09  0.101E-09  0.283E-08  0.420E-09  0.919E-01  0.243E-08  0.401E+01  0.208E+01  0.401E+01  0.000E+00  0.134E+26  0.112E+26  0.584E+25  0.105E+27  0.243E-28  0.000E+00  0.000E+00
 0.150E+01  0.307E+01  0.122E+02  0.880E+01  0.771E+01  0.109E+01 -0.143E+00  0.973E-10  0.973E-10  0.267E-08  0.392E-09  0.938E-01  0.229E-08  0.392E+01  0.202E+01  0.392E+01  0.000E+00  0.108E+26  0.108E+26  0.546E+25  0.987E+26  0.229E-28  0.000E+00  0.000E+00
 0.151E+01  0.307E+01  0.122E+02  0.880E+01  0.772E+01  0.108E+01 -0.157E+00  0.915E-10  0.915E-10  0.252E-08  0.367E-09  0.934E-01  0.216E-08  0.394E+01  0.201E+01  0.394E+01  0.000E+00  0.101E+26  0.101E+26  0.511E+25  0.932E+26  0.216E-28  0.000E+00  0.000E+00
 0.152E+01  0.307E+01  0.122E+02  0.880E+01  0.772E+01  0.108E+01 -0.171E+00  0.893E-10  0.893E-10  0.239E-08  0.344E-09  0.962E-01  0.205E-08  0.382E+01  0.193E+01  0.382E+01  0.000E+00  0.988E+25  0.988E+25  0.479E+25  0.881E+26  0.205E-28  0.000E+00  0.000E+00
 0.153E+01  0.308E+01  0.122E+02  0.880E+01  0.773E+01  0.107E+01 -0.185E+00  0.864E-10  0.864E-10  0.226E-08  0.322E-09  0.982E-01  0.194E-08  0.373E+01  0.187E+01  0.373E+01  0.000E+00  0.956E+25  0.956E+25  0.449E+25  0.833E+26  0.194E-28  0.000E+00  0.000E+00
 0.154E+01  0.308E+01  0.122E+02  0.880E+01  0.773E+01  0.107E+01 -0.199E+00  0.821E-10  0.821E-10  0.214E-08  0.303E-09  0.987E-01  0.183E-08  0.372E+01  0.184E+01  0.372E+01  0.000E+00  0.910E+25  0.910E+25  0.421E+25  0.789E+26  0.183E-28  0.000E+00  0.000E+00
 0.155E+01  0.308E+01  0.122E+02  0.880E+01  0.774E+01  0.106E+01 -0.213E+00  0.776E-10  0.776E-10  0.202E-08  0.284E-09  0.984E-01  0.174E-08  0.373E+01  0.183E+01  0.373E+01  0.000E+00  0.859E+25  0.859E+25  0.396E+25  0.747E+26  0.174E-28  0.000E+00  0.000E+00
 0.156E+01  0.308E+01  0.122E+02  0.880E+01  0.775E+01  0.105E+01 -0.227E+00  0.759E-10  0.759E-10  0.192E-08  0.267E-09  0.101E+00  0.164E-08  0.361E+01  0.176E+01  0.361E+01  0.000E+00  0.840E+25  0.840E+25  0.372E+25  0.708E+26  0.164E-28  0.000E+00  0.000E+00
 0.157E+01  0.309E+01  0.122E+02  0.880E+01  0.775E+01  0.105E+01 -0.240E+00  0.724E-10  0.724E-10  0.182E-08  0.251E-09  0.102E+00  0.156E-08  0.359E+01  0.173E+01  0.359E+01  0.000E+00  0.802E+25  0.802E+25  0.349E+25  0.672E+26  0.156E-28  0.000E+00  0.000E+00
 0.158E+01  0.309E+01  0.122E+02  0.880E+01  0.776E+01  0.104E+01 -0.253E+00  0.703E-10  0.703E-10  0.173E-08  0.236E-09  0.104E+00  0.148E-08  0.351E+01  0.168E+01  0.351E+01  0.000E+00  0.778E+25  0.778E+25  0.329E+25  0.637E+26  0.148E-28  0.000E+00  0.000E+00
 0.159E+01  0.309E+01  0.122E+02  0.880E+01  0.776E+01  0.104E+01 -0.267E+00  0.672E-10  0.672E-10  0.164E-08  0.222E-09  0.105E+00  0.141E-08  0.349E+01  0.165E+01  0.349E+01  0.000E+00  0.744E+25  0.744E+25  0.310E+25  0.605E+26  0.141E-28  0.000E+00  0.000E+00
 0.160E+01  0.309E+01  0.122E+02  0.880E+01  0.777E+01  0.103E+01 -0.280E+00  0.653E-10  0.653E-10  0.156E-08  0.210E-09  0.107E+00  0.134E-08  0.341E+01  0.161E+01  0.341E+01  0.000E+00  0.723E+25  0.723E+25  0.292E+25  0.575E+26  0.134E-28  0.000E+00  0.000E+00
 0.161E+01  0.310E+01  0.122E+02  0.880E+01  0.778E+01  0.102E+01 -0.292E+00  0.639E-10  0.639E-10  0.148E-08  0.198E-09  0.110E+00  0.127E-08  0.331E+01  0.155E+01  0.331E+01  0.000E+00  0.707E+25  0.707E+25  0.275E+25  0.547E+26  0.127E-28  0.000E+00  0.000E+00
 0.162E+01  0.310E+01  0.122E+02  0.880E+01  0.778E+01  0.102E+01 -0.305E+00  0.611E-10  0.611E-10  0.141E-08  0.187E-09  0.110E+00  0.121E-08  0.329E+01  0.153E+01  0.329E+01  0.000E+00  0.676E+25  0.676E+25  0.260E+25  0.520E+26  0.121E-28  0.000E+00  0.000E+00
 0.163E+01  0.310E+01  0.122E+02  0.880E+01  0.779E+01  0.101E+01 -0.318E+00  0.587E-10  0.587E-10  0.134E-08  0.176E-09  0.111E+00  0.115E-08  0.326E+01  0.150E+01  0.326E+01  0.000E+00  0.650E+25  0.650E+25  0.245E+25  0.495E+26  0.115E-28  0.000E+00  0.000E+00
 0.164E+01  0.310E+01  0.122E+02  0.880E+01  0.779E+01  0.101E+01 -0.330E+00  0.571E-10  0.571E-10  0.128E-08  0.166E-09  0.113E+00  0.109E-08  0.319E+01  0.146E+01  0.319E+01  0.000E+00  0.632E+25  0.632E+25  0.232E+25  0.471E+26  0.109E-28  0.000E+00  0.000E+00
 0.165E+01  0.310E+01  0.122E+02  0.880E+01  0.780E+01  0.100E+01 -0.342E+00  0.552E-10  0.552E-10  0.122E-08  0.157E-09  0.115E+00  0.104E-08  0.315E+01  0.143E+01  0.315E+01  0.000E+00  0.611E+25  0.611E+25  0.219E+25  0.449E+26  0.104E-28  0.000E+00  0.000E+00
 0.166E+01  0.311E+01  0.122E+02  0.880E+01  0.780E+01  0.997E+00 -0.355E+00  0.536E-10  0.536E-10  0.116E-08  0.149E-09  0.117E+00  0.994E-09  0.309E+01  0.139E+01  0.309E+01  0.000E+00  0.594E+25  0.594E+25  0.207E+25  0.428E+26  0.994E-29  0.000E+00  0.000E+00
 0.167E+01  0.311E+01  0.122E+02  0.880E+01  0.781E+01  0.992E+00 -0.367E+00  0.526E-10  0.526E-10  0.111E-08  0.141E-09  0.120E+00  0.948E-09  0.300E+01  0.134E+01  0.300E+01  0.000E+00  0.582E+25  0.582E+25  0.196E+25  0.408E+26  0.948E-29  0.000E+00  0.000E+00
 0.168E+01  0.311E+01  0.122E+02  0.880E+01  0.781E+01  0.987E+00 -0.379E+00  0.505E-10  0.505E-10  0.106E-08  0.134E-09  0.120E+00  0.904E-09  0.299E+01  0.132E+01  0.299E+01  0.000E+00  0.559E+25  0.559E+25  0.186E+25  0.389E+26  0.904E-29  0.000E+00  0.000E+00
 0.169E+01  0.311E+01  0.122E+02  0.880E+01  0.782E+01  0.981E+00 -0.390E+00  0.495E-10  0.495E-10  0.101E-08  0.127E-09  0.123E+00  0.863E-09  0.291E+01  0.128E+01  0.291E+01  0.000E+00  0.548E+25  0.548E+25  0.176E+25  0.372E+26  0.863E-29  0.000E+00  0.000E+00
 0.170E+01  0.311E+01  0.122E+02  0.880E+01  0.782E+01  0.976E+00 -0.402E+00  0.475E-10  0.475E-10  0.962E-09  0.120E-09  0.124E+00  0.825E-09  0.290E+01  0.127E+01  0.290E+01  0.000E+00  0.526E+25  0.526E+25  0.167E+25  0.355E+26  0.825E-29  0.000E+00  0.000E+00
 0.171E+01  0.312E+01  0.122E+02  0.880E+01  0.783E+01  0.971E+00 -0.414E+00  0.465E-10  0.465E-10  0.920E-09  0.114E-09  0.127E+00  0.788E-09  0.282E+01  0.123E+01  0.282E+01  0.000E+00  0.515E+25  0.515E+25  0.159E+25  0.339E+26  0.788E-29  0.000E+00  0.000E+00
 0.172E+01  0.312E+01  0.122E+02  0.880E+01  0.783E+01  0.966E+00 -0.425E+00  0.448E-10  0.448E-10  0.879E-09  0.108E-09  0.127E+00  0.754E-09  0.280E+01  0.121E+01  0.280E+01  0.000E+00  0.496E+25  0.496E+25  0.151E+25  0.325E+26  0.754E-29  0.000E+00  0.000E+00
 0.173E+01  0.312E+01  0.122E+02  0.880E+01  0.784E+01  0.961E+00 -0.436E+00  0.440E-10  0.440E-10  0.841E-09  0.103E-09  0.130E+00  0.721E-09  0.273E+01  0.117E+01  0.273E+01  0.000E+00  0.487E+25  0.487E+25  0.143E+25  0.310E+26  0.721E-29  0.000E+00  0.000E+00
 0.174E+01  0.312E+01  0.122E+02  0.880E+01  0.784E+01  0.956E+00 -0.448E+00  0.431E-10  0.431E-10  0.805E-09  0.979E-10  0.133E+00  0.690E-09  0.267E+01  0.114E+01  0.267E+01  0.000E+00  0.477E+25  0.477E+25  0.136E+25  0.297E+26  0.690E-29  0.000E+00  0.000E+00
 0.175E+01  0.312E+01  0.122E+02  0.880E+01  0.785E+01  0.951E+00 -0.459E+00  0.416E-10  0.416E-10  0.771E-09  0.931E-10  0.134E+00  0.661E-09  0.265E+01  0.112E+01  0.265E+01  0.000E+00  0.461E+25  0.461E+25  0.130E+25  0.284E+26  0.661E-29  0.000E+00  0.000E+00
 0.176E+01  0.313E+01  0.122E+02  0.880E+01  0.785E+01  0.947E+00 -0.470E+00  0.408E-10  0.408E-10  0.738E-09  0.886E-10  0.137E+00  0.633E-09  0.259E+01  0.109E+01  0.259E+01  0.000E+00  0.451E+25  0.451E+25  0.123E+25  0.272E+26  0.633E-29  0.000E+00  0.000E+00
 0.177E+01  0.313E+01  0.122E+02  0.880E+01  0.786E+01  0.942E+00 -0.480E+00  0.400E-10  0.400E-10  0.708E-09  0.844E-10  0.140E+00  0.606E-09  0.253E+01  0.105E+01  0.253E+01  0.000E+00  0.443E+25  0.443E+25  0.118E+25  0.261E+26  0.606E-29  0.000E+00  0.000E+00
 0.178E+01  0.313E+01  0.122E+02  0.880E+01  0.786E+01  0.937E+00 -0.491E+00  0.385E-10  0.385E-10  0.678E-09  0.804E-10  0.140E+00  0.581E-09  0.252E+01  0.104E+01  0.252E+01  0.000E+00  0.427E+25  0.427E+25  0.112E+25  0.250E+26  0.581E-29  0.000E+00  0.000E+00
 0.179E+01  0.313E+01  0.122E+02  0.880E+01  0.787E+01  0.932E+00 -0.502E+00  0.378E-10  0.378E-10  0.651E-09  0.767E-10  0.143E+00  0.558E-09  0.246E+01  0.101E+01  0.246E+01  0.000E+00  0.418E+25  0.418E+25  0.107E+25  0.240E+26  0.558E-29  0.000E+00  0.000E+00
 0.180E+01  0.313E+01  0.122E+02  0.880E+01  0.787E+01  0.928E+00 -0.512E+00  0.365E-10  0.365E-10  0.624E-09  0.731E-10  0.144E+00  0.535E-09  0.244E+01  0.100E+01  0.244E+01  0.000E+00  0.405E+25  0.405E+25  0.102E+25  0.230E+26  0.535E-29  0.000E+00  0.000E+00
 0.181E+01  0.314E+01  0.122E+02  0.880E+01  0.788E+01  0.923E+00 -0.523E+00  0.358E-10  0.358E-10  0.599E-09  0.698E-10  0.147E+00  0.514E-09  0.239E+01  0.974E+00  0.239E+01  0.000E+00  0.397E+25  0.397E+25  0.972E+24  0.221E+26  0.514E-29  0.000E+00  0.000E+00
 0.182E+01  0.314E+01  0.122E+02  0.880E+01  0.788E+01  0.919E+00 -0.533E+00  0.345E-10  0.345E-10  0.576E-09  0.666E-10  0.147E+00  0.493E-09  0.239E+01  0.966E+00  0.239E+01  0.000E+00  0.382E+25  0.382E+25  0.928E+24  0.212E+26  0.493E-29  0.000E+00  0.000E+00
 0.183E+01  0.314E+01  0.122E+02  0.880E+01  0.789E+01  0.914E+00 -0.543E+00  0.338E-10  0.338E-10  0.553E-09  0.637E-10  0.149E+00  0.474E-09  0.234E+01  0.941E+00  0.234E+01  0.000E+00  0.374E+25  0.374E+25  0.886E+24  0.204E+26  0.474E-29  0.000E+00  0.000E+00
 0.184E+01  0.314E+01  0.122E+02  0.880E+01  0.789E+01  0.910E+00 -0.554E+00  0.332E-10  0.332E-10  0.532E-09  0.608E-10  0.152E+00  0.456E-09  0.229E+01  0.917E+00  0.229E+01  0.000E+00  0.367E+25  0.367E+25  0.847E+24  0.196E+26  0.456E-29  0.000E+00  0.000E+00
 0.185E+01  0.314E+01  0.122E+02  0.880E+01  0.789E+01  0.905E+00 -0.564E+00  0.321E-10  0.321E-10  0.511E-09  0.582E-10  0.153E+00  0.438E-09  0.228E+01  0.907E+00  0.228E+01  0.000E+00  0.355E+25  0.355E+25  0.810E+24  0.189E+26  0.438E-29  0.000E+00  0.000E+00
 0.186E+01  0.314E+01  0.122E+02  0.880E+01  0.790E+01  0.901E+00 -0.574E+00  0.314E-10  0.314E-10  0.492E-09  0.556E-10  0.155E+00  0.422E-09  0.224E+01  0.886E+00  0.224E+01  0.000E+00  0.348E+25  0.348E+25  0.775E+24  0.182E+26  0.422E-29  0.000E+00  0.000E+00
 0.187E+01  0.315E+01  0.122E+02  0.880E+01  0.790E+01  0.897E+00 -0.583E+00  0.310E-10  0.310E-10  0.473E-09  0.532E-10  0.159E+00  0.406E-09  0.218E+01  0.858E+00  0.218E+01  0.000E+00  0.343E+25  0.343E+25  0.741E+24  0.175E+26  0.406E-29  0.000E+00  0.000E+00
 0.188E+01  0.315E+01  0.122E+02  0.880E+01  0.791E+01  0.892E+00 -0.593E+00  0.298E-10  0.298E-10  0.456E-09  0.510E-10  0.159E+00  0.391E-09  0.218E+01  0.855E+00  0.218E+01  0.000E+00  0.330E+25  0.330E+25  0.710E+24  0.168E+26  0.391E-29  0.000E+00  0.000E+00
 0.189E+01  0.315E+01  0.122E+02  0.880E+01  0.791E+01  0.888E+00 -0.603E+00  0.292E-10  0.292E-10  0.439E-09  0.488E-10  0.161E+00  0.376E-09  0.214E+01  0.835E+00  0.214E+01  0.000E+00  0.324E+25  0.324E+25  0.680E+24  0.162E+26  0.376E-29  0.000E+00  0.000E+00
 0.190E+01  0.315E+01  0.122E+02  0.880E+01  0.792E+01  0.884E+00 -0.612E+00  0.283E-10  0.283E-10  0.423E-09  0.468E-10  0.161E+00  0.362E-09  0.214E+01  0.828E+00  0.214E+01  0.000E+00  0.313E+25  0.313E+25  0.652E+24  0.156E+26  0.362E-29  0.000E+00  0.000E+00
 0.191E+01  0.315E+01  0.122E+02  0.880E+01  0.792E+01  0.880E+00 -0.622E+00  0.277E-10  0.277E-10  0.407E-09  0.449E-10  0.164E+00  0.349E-09  0.210E+01  0.811E+00  0.210E+01  0.000E+00  0.306E+25  0.306E+25  0.625E+24  0.150E+26  0.349E-29  0.000E+00  0.000E+00
 0.192E+01  0.315E+01  0.122E+02  0.880E+01  0.792E+01  0.876E+00 -0.631E+00  0.273E-10  0.273E-10  0.393E-09  0.430E-10  0.167E+00  0.337E-09  0.205E+01  0.787E+00  0.205E+01  0.000E+00  0.303E+25  0.303E+25  0.599E+24  0.145E+26  0.337E-29  0.000E+00  0.000E+00
 0.193E+01  0.316E+01  0.122E+02  0.880E+01  0.793E+01  0.871E+00 -0.640E+00  0.263E-10  0.263E-10  0.379E-09  0.413E-10  0.167E+00  0.325E-09  0.206E+01  0.785E+00  0.206E+01  0.000E+00  0.291E+25  0.291E+25  0.575E+24  0.140E+26  0.325E-29  0.000E+00  0.000E+00
 0.194E+01  0.316E+01  0.122E+02  0.880E+01  0.793E+01  0.867E+00 -0.650E+00  0.260E-10  0.260E-10  0.365E-09  0.396E-10  0.170E+00  0.313E-09  0.201E+01  0.763E+00  0.201E+01  0.000E+00  0.288E+25  0.288E+25  0.552E+24  0.135E+26  0.313E-29  0.000E+00  0.000E+00
 0.195E+01  0.316E+01  0.122E+02  0.880E+01  0.794E+01  0.863E+00 -0.659E+00  0.255E-10  0.255E-10  0.353E-09  0.381E-10  0.173E+00  0.302E-09  0.197E+01  0.745E+00  0.197E+01  0.000E+00  0.283E+25  0.283E+25  0.530E+24  0.130E+26  0.302E-29  0.000E+00  0.000E+00
 0.196E+01  0.316E+01  0.122E+02  0.880E+01  0.794E+01  0.859E+00 -0.668E+00  0.250E-10  0.250E-10  0.341E-09  0.366E-10  0.175E+00  0.292E-09  0.195E+01  0.731E+00  0.195E+01  0.000E+00  0.277E+25  0.277E+25  0.509E+24  0.126E+26  0.292E-29  0.000E+00  0.000E+00
 0.197E+01  0.316E+01  0.122E+02  0.880E+01  0.794E+01  0.855E+00 -0.677E+00  0.253E-10  0.253E-10  0.329E-09  0.351E-10  0.182E+00  0.282E-09  0.186E+01  0.694E+00  0.186E+01  0.000E+00  0.280E+25  0.280E+25  0.489E+24  0.121E+26  0.282E-29  0.000E+00  0.000E+00
 0.198E+01  0.316E+01  0.122E+02  0.880E+01  0.795E+01  0.852E+00 -0.686E+00  0.263E-10  0.263E-10  0.318E-09  0.338E-10  0.193E+00  0.272E-09  0.173E+01  0.643E+00  0.173E+01  0.000E+00  0.291E+25  0.291E+25  0.470E+24  0.117E+26  0.272E-29  0.000E+00  0.000E+00
 0.199E+01  0.317E+01  0.122E+02  0.880E+01  0.795E+01  0.848E+00 -0.694E+00  0.266E-10  0.266E-10  0.307E-09  0.325E-10  0.200E+00  0.263E-09  0.165E+01  0.610E+00  0.165E+01  0.000E+00  0.295E+25  0.295E+25  0.452E+24  0.113E+26  0.263E-29  0.000E+00  0.000E+00
 0.200E+01  0.317E+01  0.122E+02  0.880E+01  0.796E+01  0.844E+00 -0.703E+00  0.242E-10  0.242E-10  0.297E-09  0.312E-10  0.191E+00  0.254E-09  0.175E+01  0.645E+00  0.175E+01  0.000E+00  0.268E+25  0.268E+25  0.435E+24  0.110E+26  0.254E-29  0.000E+00  0.000E+00
 0.201E+01  0.317E+01  0.122E+02  0.880E+01  0.796E+01  0.840E+00 -0.712E+00  0.605E-11  0.605E-11  0.287E-09  0.301E-10  0.573E-01  0.246E-09  0.678E+01  0.248E+01  0.678E+01  0.000E+00  0.670E+24  0.670E+24  0.419E+24  0.106E+26  0.246E-29  0.000E+00  0.000E+00
 0.202E+01  0.317E+01  0.122E+02  0.880E+01  0.796E+01  0.836E+00 -0.720E+00  0.269E-11  0.269E-11  0.278E-09  0.290E-10  0.272E-01  0.238E-09  0.148E+02  0.539E+01  0.148E+02  0.000E+00  0.298E+24  0.298E+24  0.403E+24  0.102E+26  0.238E-29  0.000E+00  0.000E+00
 0.203E+01  0.317E+01  0.122E+02  0.880E+01  0.797E+01  0.833E+00 -0.729E+00  0.123E-11  0.123E-11  0.269E-09  0.279E-10  0.131E-01  0.230E-09  0.311E+02  0.113E+02  0.311E+02  0.000E+00  0.137E+24  0.137E+24  0.388E+24  0.992E+25  0.230E-29  0.000E+00  0.000E+00
 0.204E+01  0.317E+01  0.122E+02  0.880E+01  0.797E+01  0.829E+00 -0.737E+00  0.465E-12  0.465E-12  0.260E-09  0.269E-10  0.514E-02  0.223E-09  0.799E+02  0.289E+02  0.799E+02  0.000E+00  0.515E+23  0.515E+23  0.374E+24  0.960E+25  0.223E-29  0.000E+00  0.000E+00
 0.205E+01  0.317E+01  0.122E+02  0.880E+01  0.797E+01  0.825E+00 -0.746E+00  0.138E-12  0.138E-12  0.252E-09  0.259E-10  0.158E-02  0.216E-09  0.261E+03  0.939E+02  0.261E+03  0.000E+00  0.153E+23  0.153E+23  0.360E+24  0.929E+25  0.216E-29  0.000E+00  0.000E+00
 0.206E+01  0.318E+01  0.122E+02  0.880E+01  0.798E+01  0.822E+00 -0.754E+00  0.321E-13  0.321E-13  0.244E-09  0.250E-10  0.380E-03  0.209E-09  0.109E+04  0.389E+03  0.109E+04  0.000E+00  0.355E+22  0.355E+22  0.348E+24  0.900E+25  0.209E-29  0.000E+00  0.000E+00
 0.207E+01  0.318E+01  0.122E+02  0.880E+01  0.798E+01  0.818E+00 -0.762E+00  0.588E-14  0.588E-14  0.236E-09  0.241E-10  0.719E-04  0.202E-09  0.574E+04  0.205E+04  0.574E+04  0.000E+00  0.651E+21  0.651E+21  0.335E+24  0.872E+25  0.202E-29  0.000E+00  0.000E+00
 0.208E+01  0.318E+01  0.122E+02  0.880E+01  0.799E+01  0.814E+00 -0.770E+00  0.855E-15  0.855E-15  0.229E-09  0.232E-10  0.108E-04  0.196E-09  0.382E+05  0.136E+05  0.382E+05  0.000E+00  0.946E+20  0.946E+20  0.323E+24  0.845E+25  0.196E-29  0.000E+00  0.000E+00
 0.209E+01  0.318E+01  0.122E+02  0.880E+01  0.799E+01  0.811E+00 -0.778E+00  0.990E-16  0.990E-16  0.222E-09  0.224E-10  0.129E-05  0.190E-09  0.320E+06  0.113E+06  0.320E+06  0.000E+00  0.110E+20  0.110E+20  0.312E+24  0.819E+25  0.190E-29  0.000E+00  0.000E+00
 0.210E+01  0.318E+01  0.122E+02  0.880E+01  0.799E+01  0.807E+00 -0.786E+00  0.920E-17  0.920E-17  0.215E-09  0.216E-10  0.124E-06  0.184E-09  0.334E+07  0.118E+07  0.334E+07  0.000E+00  0.102E+19  0.102E+19  0.301E+24  0.794E+25  0.184E-29  0.000E+00  0.000E+00
