 # th     pit     q2      x      sig_u     rate_u
 #                           0.6/GeV.sr)    (Hz)
1 12.209  6.679    2.7   0.668  0.470E-07  0.245E+00  0.118E-05  0.230E-05  0.782E-05  0.000E+00
1 12.209  6.686    2.7   0.671  0.465E-07  0.488E+00  0.116E-05  0.228E-05  0.775E-05  0.000E+00
1 12.209  6.694    2.7   0.674  0.460E-07  0.728E+00  0.115E-05  0.226E-05  0.768E-05  0.000E+00
1 12.209  6.701    2.7   0.677  0.454E-07  0.965E+00  0.114E-05  0.224E-05  0.760E-05  0.000E+00
1 12.209  6.708    2.7   0.680  0.449E-07  0.120E+01  0.112E-05  0.221E-05  0.753E-05  0.000E+00
1 12.209  6.715    2.7   0.683  0.444E-07  0.143E+01  0.111E-05  0.219E-05  0.746E-05  0.000E+00
1 12.209  6.723    2.7   0.687  0.439E-07  0.166E+01  0.110E-05  0.217E-05  0.739E-05  0.000E+00
1 12.209  6.730    2.7   0.690  0.433E-07  0.189E+01  0.108E-05  0.215E-05  0.731E-05  0.000E+00
1 12.209  6.737    2.7   0.693  0.428E-07  0.211E+01  0.107E-05  0.213E-05  0.724E-05  0.000E+00
1 12.209  6.744    2.7   0.696  0.423E-07  0.233E+01  0.106E-05  0.210E-05  0.717E-05  0.000E+00
1 12.209  6.752    2.7   0.699  0.418E-07  0.255E+01  0.105E-05  0.208E-05  0.709E-05  0.000E+00
1 12.209  6.759    2.7   0.702  0.413E-07  0.277E+01  0.103E-05  0.206E-05  0.702E-05  0.000E+00
1 12.209  6.766    2.7   0.706  0.409E-07  0.298E+01  0.102E-05  0.204E-05  0.695E-05  0.000E+00
1 12.209  6.774    2.7   0.709  0.404E-07  0.319E+01  0.101E-05  0.202E-05  0.687E-05  0.000E+00
1 12.209  6.781    2.7   0.712  0.400E-07  0.340E+01  0.999E-06  0.199E-05  0.680E-05  0.000E+00
1 12.209  6.788    2.7   0.716  0.395E-07  0.361E+01  0.988E-06  0.197E-05  0.672E-05  0.000E+00
1 12.209  6.795    2.7   0.719  0.391E-07  0.381E+01  0.977E-06  0.195E-05  0.665E-05  0.000E+00
1 12.209  6.803    2.7   0.722  0.386E-07  0.401E+01  0.966E-06  0.193E-05  0.658E-05  0.000E+00
1 12.209  6.810    2.7   0.726  0.382E-07  0.421E+01  0.955E-06  0.191E-05  0.650E-05  0.000E+00
1 12.209  6.817    2.7   0.729  0.378E-07  0.441E+01  0.944E-06  0.188E-05  0.643E-05  0.000E+00
1 12.209  6.824    2.7   0.733  0.373E-07  0.460E+01  0.934E-06  0.186E-05  0.636E-05  0.000E+00
1 12.209  6.832    2.7   0.736  0.369E-07  0.480E+01  0.923E-06  0.184E-05  0.628E-05  0.000E+00
1 12.209  6.839    2.7   0.740  0.365E-07  0.499E+01  0.913E-06  0.182E-05  0.621E-05  0.000E+00
1 12.209  6.846    2.7   0.743  0.361E-07  0.518E+01  0.903E-06  0.180E-05  0.614E-05  0.000E+00
1 12.209  6.853    2.7   0.747  0.357E-07  0.536E+01  0.892E-06  0.177E-05  0.606E-05  0.000E+00
1 12.209  6.861    2.7   0.750  0.353E-07  0.555E+01  0.882E-06  0.175E-05  0.599E-05  0.000E+00
1 12.209  6.868    2.7   0.754  0.349E-07  0.573E+01  0.872E-06  0.173E-05  0.592E-05  0.000E+00
1 12.209  6.875    2.7   0.758  0.345E-07  0.591E+01  0.861E-06  0.171E-05  0.585E-05  0.000E+00
1 12.209  6.882    2.7   0.761  0.340E-07  0.609E+01  0.851E-06  0.169E-05  0.577E-05  0.000E+00
1 12.209  6.890    2.7   0.765  0.336E-07  0.626E+01  0.840E-06  0.167E-05  0.570E-05  0.000E+00
1 12.209  6.897    2.7   0.769  0.332E-07  0.643E+01  0.830E-06  0.164E-05  0.563E-05  0.000E+00
1 12.209  6.904    2.7   0.773  0.328E-07  0.661E+01  0.819E-06  0.162E-05  0.556E-05  0.000E+00
1 12.209  6.911    2.8   0.776  0.323E-07  0.677E+01  0.808E-06  0.160E-05  0.549E-05  0.000E+00
1 12.209  6.919    2.8   0.780  0.319E-07  0.694E+01  0.797E-06  0.158E-05  0.542E-05  0.000E+00
1 12.209  6.926    2.8   0.784  0.315E-07  0.710E+01  0.787E-06  0.156E-05  0.535E-05  0.000E+00
1 12.209  6.933    2.8   0.788  0.310E-07  0.727E+01  0.775E-06  0.154E-05  0.528E-05  0.000E+00
1 12.209  6.940    2.8   0.792  0.306E-07  0.743E+01  0.765E-06  0.152E-05  0.521E-05  0.000E+00
1 12.209  6.948    2.8   0.796  0.301E-07  0.758E+01  0.754E-06  0.150E-05  0.514E-05  0.000E+00
1 12.209  6.955    2.8   0.800  0.297E-07  0.774E+01  0.742E-06  0.148E-05  0.507E-05  0.000E+00
1 12.209  6.962    2.8   0.804  0.293E-07  0.789E+01  0.732E-06  0.146E-05  0.500E-05  0.000E+00
1 12.209  6.970    2.8   0.808  0.288E-07  0.804E+01  0.721E-06  0.144E-05  0.493E-05  0.000E+00
1 12.209  6.977    2.8   0.812  0.284E-07  0.819E+01  0.710E-06  0.142E-05  0.487E-05  0.000E+00
1 12.209  6.984    2.8   0.816  0.280E-07  0.834E+01  0.700E-06  0.140E-05  0.480E-05  0.000E+00
1 12.209  6.991    2.8   0.820  0.276E-07  0.848E+01  0.689E-06  0.138E-05  0.473E-05  0.000E+00
1 12.209  6.999    2.8   0.824  0.272E-07  0.862E+01  0.679E-06  0.136E-05  0.467E-05  0.000E+00
1 12.209  7.006    2.8   0.828  0.268E-07  0.876E+01  0.669E-06  0.134E-05  0.460E-05  0.000E+00
1 12.209  7.013    2.8   0.833  0.264E-07  0.890E+01  0.659E-06  0.132E-05  0.454E-05  0.000E+00
1 12.209  7.020    2.8   0.837  0.260E-07  0.904E+01  0.650E-06  0.130E-05  0.447E-05  0.000E+00
1 12.209  7.028    2.8   0.841  0.256E-07  0.917E+01  0.640E-06  0.128E-05  0.441E-05  0.000E+00
1 12.209  7.035    2.8   0.845  0.253E-07  0.930E+01  0.631E-06  0.126E-05  0.435E-05  0.000E+00
1 12.209  7.042    2.8   0.850  0.249E-07  0.943E+01  0.623E-06  0.124E-05  0.428E-05  0.000E+00
1 12.209  7.049    2.8   0.854  0.246E-07  0.956E+01  0.614E-06  0.123E-05  0.422E-05  0.000E+00
1 12.209  7.057    2.8   0.859  0.242E-07  0.969E+01  0.606E-06  0.121E-05  0.416E-05  0.000E+00
1 12.209  7.064    2.8   0.863  0.239E-07  0.981E+01  0.597E-06  0.119E-05  0.410E-05  0.000E+00
1 12.209  7.071    2.8   0.868  0.236E-07  0.993E+01  0.590E-06  0.117E-05  0.404E-05  0.000E+00
1 12.209  7.078    2.8   0.872  0.233E-07  0.101E+02  0.582E-06  0.115E-05  0.398E-05  0.000E+00
1 12.209  7.086    2.8   0.877  0.230E-07  0.102E+02  0.575E-06  0.114E-05  0.392E-05  0.000E+00
1 12.209  7.093    2.8   0.881  0.227E-07  0.103E+02  0.567E-06  0.112E-05  0.386E-05  0.000E+00
1 12.209  7.100    2.8   0.886  0.224E-07  0.104E+02  0.560E-06  0.110E-05  0.380E-05  0.000E+00
1 12.209  7.107    2.8   0.891  0.221E-07  0.105E+02  0.553E-06  0.109E-05  0.375E-05  0.000E+00
1 12.209  7.115    2.8   0.896  0.219E-07  0.106E+02  0.547E-06  0.107E-05  0.369E-05  0.000E+00
1 12.209  7.122    2.8   0.900  0.216E-07  0.108E+02  0.540E-06  0.105E-05  0.363E-05  0.000E+00
1 12.209  7.129    2.8   0.905  0.213E-07  0.109E+02  0.533E-06  0.104E-05  0.358E-05  0.000E+00
1 12.209  7.137    2.8   0.910  0.211E-07  0.110E+02  0.527E-06  0.102E-05  0.352E-05  0.000E+00
1 12.209  7.144    2.8   0.915  0.208E-07  0.111E+02  0.521E-06  0.100E-05  0.347E-05  0.000E+00
1 12.209  7.151    2.8   0.920  0.206E-07  0.112E+02  0.514E-06  0.986E-06  0.341E-05  0.000E+00
1 12.209  7.158    2.8   0.925  0.203E-07  0.113E+02  0.508E-06  0.970E-06  0.336E-05  0.000E+00
1 12.209  7.166    2.9   0.930  0.201E-07  0.114E+02  0.502E-06  0.955E-06  0.331E-05  0.000E+00
1 12.209  7.173    2.9   0.935  0.198E-07  0.115E+02  0.496E-06  0.939E-06  0.326E-05  0.000E+00
1 12.209  7.180    2.9   0.940  0.196E-07  0.116E+02  0.489E-06  0.924E-06  0.321E-05  0.000E+00
1 12.209  7.187    2.9   0.945  0.193E-07  0.117E+02  0.483E-06  0.909E-06  0.315E-05  0.000E+00
1 12.209  7.195    2.9   0.951  0.191E-07  0.118E+02  0.477E-06  0.894E-06  0.310E-05  0.000E+00
1 12.209  7.202    2.9   0.956  0.188E-07  0.119E+02  0.470E-06  0.879E-06  0.305E-05  0.000E+00
1 12.209  7.209    2.9   0.961  0.186E-07  0.120E+02  0.464E-06  0.864E-06  0.301E-05  0.000E+00
1 12.209  7.216    2.9   0.967  0.183E-07  0.121E+02  0.458E-06  0.850E-06  0.296E-05  0.000E+00
1 12.209  7.224    2.9   0.972  0.181E-07  0.122E+02  0.452E-06  0.835E-06  0.291E-05  0.000E+00
1 12.209  7.231    2.9   0.978  0.178E-07  0.123E+02  0.445E-06  0.821E-06  0.286E-05  0.000E+00
1 12.209  7.238    2.9   0.983  0.176E-07  0.124E+02  0.439E-06  0.807E-06  0.282E-05  0.000E+00
1 12.209  7.245    2.9   0.989  0.173E-07  0.125E+02  0.432E-06  0.793E-06  0.277E-05  0.000E+00
1 12.209  7.253    2.9   0.994  0.170E-07  0.126E+02  0.425E-06  0.780E-06  0.272E-05  0.000E+00
1 12.209  7.260    2.9   1.000  0.167E-07  0.126E+02  0.418E-06  0.766E-06  0.268E-05  0.000E+00
1 12.209  7.267    2.9   1.006  0.165E-07  0.127E+02  0.412E-06  0.753E-06  0.263E-05  0.000E+00
1 12.209  7.274    2.9   1.012  0.162E-07  0.128E+02  0.404E-06  0.740E-06  0.259E-05  0.000E+00
1 12.209  7.282    2.9   1.017  0.159E-07  0.129E+02  0.397E-06  0.727E-06  0.255E-05  0.000E+00
1 12.209  7.289    2.9   1.023  0.156E-07  0.130E+02  0.389E-06  0.714E-06  0.250E-05  0.000E+00
1 12.209  7.296    2.9   1.029  0.153E-07  0.131E+02  0.383E-06  0.702E-06  0.246E-05  0.000E+00
1 12.209  7.303    2.9   1.035  0.150E-07  0.131E+02  0.375E-06  0.689E-06  0.242E-05  0.000E+00
1 12.209  7.311    2.9   1.041  0.147E-07  0.132E+02  0.369E-06  0.677E-06  0.238E-05  0.000E+00
1 12.209  7.318    2.9   1.048  0.144E-07  0.133E+02  0.361E-06  0.664E-06  0.234E-05  0.000E+00
1 12.209  7.325    2.9   1.054  0.142E-07  0.134E+02  0.356E-06  0.652E-06  0.230E-05  0.000E+00
1 12.209  7.333    2.9   1.060  0.140E-07  0.134E+02  0.350E-06  0.641E-06  0.226E-05  0.000E+00
1 12.209  7.340    2.9   1.066  0.137E-07  0.135E+02  0.343E-06  0.629E-06  0.222E-05  0.000E+00
1 12.209  7.347    2.9   1.073  0.135E-07  0.136E+02  0.337E-06  0.617E-06  0.218E-05  0.000E+00
1 12.209  7.354    2.9   1.079  0.133E-07  0.136E+02  0.332E-06  0.606E-06  0.214E-05  0.000E+00
1 12.209  7.362    2.9   1.086  0.131E-07  0.137E+02  0.328E-06  0.595E-06  0.210E-05  0.000E+00
1 12.209  7.369    2.9   1.092  0.130E-07  0.138E+02  0.325E-06  0.584E-06  0.206E-05  0.000E+00
1 12.209  7.376    2.9   1.099  0.129E-07  0.139E+02  0.322E-06  0.573E-06  0.203E-05  0.000E+00
1 12.209  7.383    2.9   1.106  0.127E-07  0.139E+02  0.318E-06  0.562E-06  0.199E-05  0.000E+00
1 12.209  7.391    2.9   1.112  0.127E-07  0.140E+02  0.317E-06  0.551E-06  0.195E-05  0.000E+00
1 12.209  7.398    2.9   1.119  0.126E-07  0.141E+02  0.314E-06  0.540E-06  0.192E-05  0.000E+00
1 12.209  7.405    2.9   1.126  0.125E-07  0.141E+02  0.313E-06  0.530E-06  0.188E-05  0.000E+00
1 12.209  7.412    3.0   1.133  0.125E-07  0.142E+02  0.312E-06  0.519E-06  0.185E-05  0.000E+00
1 12.209  7.420    3.0   1.140  0.124E-07  0.142E+02  0.311E-06  0.509E-06  0.181E-05  0.000E+00
1 12.209  7.427    3.0   1.147  0.125E-07  0.143E+02  0.312E-06  0.498E-06  0.177E-05  0.000E+00
1 12.209  7.434    3.0   1.155  0.124E-07  0.144E+02  0.310E-06  0.488E-06  0.174E-05  0.000E+00
1 12.209  7.441    3.0   1.162  0.124E-07  0.144E+02  0.311E-06  0.478E-06  0.170E-05  0.000E+00
1 12.209  7.449    3.0   1.169  0.125E-07  0.145E+02  0.311E-06  0.468E-06  0.167E-05  0.000E+00
1 12.209  7.456    3.0   1.177  0.125E-07  0.146E+02  0.312E-06  0.458E-06  0.163E-05  0.000E+00
1 12.209  7.463    3.0   1.184  0.125E-07  0.146E+02  0.312E-06  0.448E-06  0.160E-05  0.000E+00
1 12.209  7.470    3.0   1.192  0.125E-07  0.147E+02  0.313E-06  0.438E-06  0.157E-05  0.000E+00
1 12.209  7.478    3.0   1.200  0.125E-07  0.148E+02  0.314E-06  0.427E-06  0.153E-05  0.000E+00
1 12.209  7.485    3.0   1.207  0.125E-07  0.148E+02  0.312E-06  0.417E-06  0.150E-05  0.000E+00
1 12.209  7.492    3.0   1.215  0.125E-07  0.149E+02  0.312E-06  0.407E-06  0.146E-05  0.000E+00
1 12.209  7.500    3.0   1.223  0.124E-07  0.150E+02  0.310E-06  0.397E-06  0.143E-05  0.000E+00
1 12.209  7.507    3.0   1.231  0.123E-07  0.150E+02  0.309E-06  0.387E-06  0.139E-05  0.000E+00
1 12.209  7.514    3.0   1.240  0.122E-07  0.151E+02  0.305E-06  0.376E-06  0.136E-05  0.000E+00
1 12.209  7.521    3.0   1.248  0.120E-07  0.152E+02  0.301E-06  0.366E-06  0.133E-05  0.000E+00
1 12.209  7.529    3.0   1.256  0.118E-07  0.152E+02  0.296E-06  0.356E-06  0.129E-05  0.000E+00
1 12.209  7.536    3.0   1.265  0.116E-07  0.153E+02  0.289E-06  0.345E-06  0.126E-05  0.000E+00
1 12.209  7.543    3.0   1.273  0.112E-07  0.153E+02  0.280E-06  0.334E-06  0.122E-05  0.000E+00
1 12.209  7.550    3.0   1.282  0.109E-07  0.154E+02  0.271E-06  0.324E-06  0.119E-05  0.000E+00
1 12.209  7.558    3.0   1.290  0.104E-07  0.154E+02  0.260E-06  0.313E-06  0.116E-05  0.000E+00
1 12.209  7.565    3.0   1.299  0.988E-08  0.155E+02  0.247E-06  0.302E-06  0.112E-05  0.000E+00
1 12.209  7.572    3.0   1.308  0.935E-08  0.155E+02  0.234E-06  0.292E-06  0.109E-05  0.000E+00
1 12.209  7.579    3.0   1.317  0.874E-08  0.156E+02  0.218E-06  0.281E-06  0.105E-05  0.000E+00
1 12.209  7.587    3.0   1.326  0.812E-08  0.156E+02  0.203E-06  0.270E-06  0.102E-05  0.000E+00
1 12.209  7.594    3.0   1.336  0.748E-08  0.157E+02  0.187E-06  0.259E-06  0.984E-06  0.000E+00
1 12.209  7.601    3.0   1.345  0.681E-08  0.157E+02  0.170E-06  0.248E-06  0.951E-06  0.000E+00
1 12.209  7.608    3.0   1.354  0.622E-08  0.157E+02  0.155E-06  0.238E-06  0.918E-06  0.000E+00
1 12.209  7.616    3.0   1.364  0.565E-08  0.158E+02  0.141E-06  0.227E-06  0.886E-06  0.000E+00
1 12.209  7.623    3.0   1.374  0.510E-08  0.158E+02  0.128E-06  0.216E-06  0.851E-06  0.000E+00
1 12.209  7.630    3.0   1.384  0.456E-08  0.158E+02  0.114E-06  0.206E-06  0.819E-06  0.000E+00
1 12.209  7.637    3.0   1.394  0.408E-08  0.158E+02  0.102E-06  0.196E-06  0.788E-06  0.000E+00
1 12.209  7.645    3.0   1.404  0.363E-08  0.159E+02  0.908E-07  0.186E-06  0.757E-06  0.000E+00
1 12.209  7.652    3.0   1.414  0.327E-08  0.159E+02  0.818E-07  0.176E-06  0.723E-06  0.000E+00
1 12.209  7.659    3.0   1.424  0.292E-08  0.159E+02  0.731E-07  0.166E-06  0.694E-06  0.000E+00
1 12.209  7.666    3.1   1.435  0.260E-08  0.159E+02  0.651E-07  0.157E-06  0.665E-06  0.000E+00
1 12.209  7.674    3.1   1.445  0.231E-08  0.159E+02  0.577E-07  0.148E-06  0.637E-06  0.000E+00
1 12.209  7.681    3.1   1.456  0.205E-08  0.159E+02  0.513E-07  0.139E-06  0.605E-06  0.000E+00
1 12.209  7.688    3.1   1.467  0.184E-08  0.159E+02  0.460E-07  0.131E-06  0.579E-06  0.000E+00
1 12.209  7.696    3.1   1.478  0.165E-08  0.159E+02  0.413E-07  0.123E-06  0.553E-06  0.000E+00
1 12.209  7.703    3.1   1.489  0.150E-08  0.160E+02  0.374E-07  0.116E-06  0.528E-06  0.000E+00
1 12.209  7.710    3.1   1.501  0.134E-08  0.160E+02  0.336E-07  0.108E-06  0.499E-06  0.000E+00
1 12.209  7.717    3.1   1.512  0.119E-08  0.160E+02  0.297E-07  0.101E-06  0.476E-06  0.000E+00
1 12.209  7.725    3.1   1.524  0.108E-08  0.160E+02  0.270E-07  0.950E-07  0.454E-06  0.000E+00
1 12.209  7.732    3.1   1.535  0.951E-09  0.160E+02  0.238E-07  0.883E-07  0.428E-06  0.000E+00
1 12.209  7.739    3.1   1.547  0.853E-09  0.160E+02  0.213E-07  0.827E-07  0.407E-06  0.000E+00
1 12.209  7.746    3.1   1.560  0.766E-09  0.160E+02  0.192E-07  0.775E-07  0.388E-06  0.000E+00
1 12.209  7.754    3.1   1.572  0.692E-09  0.160E+02  0.173E-07  0.726E-07  0.370E-06  0.000E+00
1 12.209  7.761    3.1   1.584  0.632E-09  0.160E+02  0.158E-07  0.672E-07  0.346E-06  0.000E+00
1 12.209  7.768    3.1   1.597  0.570E-09  0.160E+02  0.143E-07  0.630E-07  0.330E-06  0.000E+00
1 12.209  7.775    3.1   1.610  0.520E-09  0.160E+02  0.130E-07  0.590E-07  0.314E-06  0.000E+00
1 12.209  7.783    3.1   1.623  0.473E-09  0.160E+02  0.118E-07  0.554E-07  0.299E-06  0.000E+00
1 12.209  7.790    3.1   1.636  0.429E-09  0.160E+02  0.107E-07  0.510E-07  0.279E-06  0.000E+00
1 12.209  7.797    3.1   1.649  0.388E-09  0.160E+02  0.970E-08  0.479E-07  0.265E-06  0.000E+00
1 12.209  7.804    3.1   1.663  0.356E-09  0.160E+02  0.891E-08  0.450E-07  0.253E-06  0.000E+00
1 12.209  7.812    3.1   1.677  0.321E-09  0.160E+02  0.802E-08  0.423E-07  0.241E-06  0.000E+00
1 12.209  7.819    3.1   1.691  0.295E-09  0.160E+02  0.738E-08  0.388E-07  0.223E-06  0.000E+00
1 12.209  7.826    3.1   1.705  0.282E-09  0.160E+02  0.676E-08  0.365E-07  0.212E-06  0.000E+00
1 12.209  7.833    3.1   1.719  0.261E-09  0.160E+02  0.626E-08  0.343E-07  0.202E-06  0.000E+00
 # th     pit     q2      x      sig_u     rate_u
 #                           0.6/GeV.sr)    (Hz)
 # th     pit     q2      x      sig_u     rate_u
 #                           0.6/GeV.sr)    (Hz)
 # th     pit     q2      x      sig_u     rate_u
 #                           0.6/GeV.sr)    (Hz)
 # th     pit     q2      x      sig_u     rate_u
 #                           0.6/GeV.sr)    (Hz)
 # th     pit     q2      x      sig_u     rate_u
 #                           0.6/GeV.sr)    (Hz)
2  8.190  7.687    1.4   0.661  0.523E-06  0.213E+01  0.131E-04  0.286E-04  0.970E-04  0.000E+00
2  8.190  7.696    1.4   0.667  0.522E-06  0.425E+01  0.130E-04  0.285E-04  0.964E-04  0.000E+00
2  8.190  7.704    1.4   0.673  0.521E-06  0.637E+01  0.130E-04  0.284E-04  0.959E-04  0.000E+00
2  8.190  7.713    1.4   0.678  0.521E-06  0.849E+01  0.130E-04  0.283E-04  0.954E-04  0.000E+00
2  8.190  7.721    1.4   0.684  0.521E-06  0.106E+02  0.130E-04  0.282E-04  0.948E-04  0.000E+00
2  8.190  7.729    1.4   0.691  0.522E-06  0.127E+02  0.131E-04  0.281E-04  0.943E-04  0.000E+00
2  8.190  7.738    1.4   0.697  0.523E-06  0.149E+02  0.131E-04  0.279E-04  0.938E-04  0.000E+00
2  8.190  7.746    1.4   0.703  0.525E-06  0.170E+02  0.131E-04  0.278E-04  0.933E-04  0.000E+00
2  8.190  7.754    1.4   0.709  0.526E-06  0.191E+02  0.132E-04  0.277E-04  0.928E-04  0.000E+00
2  8.190  7.763    1.4   0.716  0.529E-06  0.213E+02  0.132E-04  0.276E-04  0.922E-04  0.000E+00
2  8.190  7.771    1.4   0.722  0.532E-06  0.235E+02  0.133E-04  0.275E-04  0.917E-04  0.000E+00
2  8.190  7.779    1.4   0.729  0.534E-06  0.256E+02  0.134E-04  0.273E-04  0.912E-04  0.000E+00
2  8.190  7.788    1.4   0.736  0.538E-06  0.278E+02  0.134E-04  0.272E-04  0.907E-04  0.000E+00
2  8.190  7.796    1.4   0.743  0.540E-06  0.300E+02  0.135E-04  0.271E-04  0.901E-04  0.000E+00
2  8.190  7.804    1.4   0.750  0.544E-06  0.322E+02  0.136E-04  0.269E-04  0.896E-04  0.000E+00
2  8.190  7.813    1.4   0.757  0.546E-06  0.345E+02  0.137E-04  0.268E-04  0.891E-04  0.000E+00
2  8.190  7.821    1.4   0.764  0.549E-06  0.367E+02  0.137E-04  0.266E-04  0.885E-04  0.000E+00
2  8.190  7.829    1.4   0.772  0.551E-06  0.389E+02  0.138E-04  0.265E-04  0.880E-04  0.000E+00
2  8.190  7.838    1.4   0.779  0.552E-06  0.412E+02  0.138E-04  0.263E-04  0.874E-04  0.000E+00
2  8.190  7.846    1.4   0.787  0.552E-06  0.434E+02  0.138E-04  0.261E-04  0.868E-04  0.000E+00
2  8.190  7.855    1.4   0.795  0.551E-06  0.457E+02  0.138E-04  0.259E-04  0.862E-04  0.000E+00
2  8.190  7.863    1.4   0.803  0.549E-06  0.479E+02  0.137E-04  0.257E-04  0.856E-04  0.000E+00
2  8.190  7.871    1.4   0.811  0.545E-06  0.501E+02  0.136E-04  0.255E-04  0.850E-04  0.000E+00
2  8.190  7.880    1.4   0.819  0.541E-06  0.523E+02  0.135E-04  0.253E-04  0.844E-04  0.000E+00
2  8.190  7.888    1.4   0.827  0.535E-06  0.545E+02  0.134E-04  0.250E-04  0.838E-04  0.000E+00
2  8.190  7.896    1.4   0.836  0.528E-06  0.567E+02  0.132E-04  0.248E-04  0.832E-04  0.000E+00
2  8.190  7.905    1.4   0.845  0.519E-06  0.588E+02  0.130E-04  0.246E-04  0.825E-04  0.000E+00
2  8.190  7.913    1.4   0.853  0.509E-06  0.608E+02  0.127E-04  0.243E-04  0.819E-04  0.000E+00
2  8.190  7.921    1.4   0.862  0.499E-06  0.629E+02  0.125E-04  0.241E-04  0.812E-04  0.000E+00
2  8.190  7.930    1.4   0.872  0.486E-06  0.649E+02  0.122E-04  0.238E-04  0.805E-04  0.000E+00
2  8.190  7.938    1.4   0.881  0.476E-06  0.668E+02  0.119E-04  0.235E-04  0.799E-04  0.000E+00
2  8.190  7.946    1.4   0.891  0.463E-06  0.687E+02  0.116E-04  0.233E-04  0.792E-04  0.000E+00
2  8.190  7.955    1.4   0.900  0.452E-06  0.705E+02  0.113E-04  0.230E-04  0.786E-04  0.000E+00
2  8.190  7.963    1.4   0.910  0.439E-06  0.723E+02  0.110E-04  0.228E-04  0.779E-04  0.000E+00
2  8.190  7.972    1.4   0.920  0.429E-06  0.741E+02  0.107E-04  0.225E-04  0.772E-04  0.000E+00
2  8.190  7.980    1.4   0.931  0.419E-06  0.758E+02  0.105E-04  0.223E-04  0.765E-04  0.000E+00
2  8.190  7.988    1.4   0.941  0.411E-06  0.774E+02  0.103E-04  0.220E-04  0.759E-04  0.000E+00
2  8.190  7.997    1.4   0.952  0.404E-06  0.791E+02  0.101E-04  0.218E-04  0.753E-04  0.000E+00
2  8.190  8.005    1.4   0.963  0.398E-06  0.807E+02  0.995E-05  0.215E-04  0.746E-04  0.000E+00
2  8.190  8.013    1.4   0.974  0.395E-06  0.823E+02  0.988E-05  0.213E-04  0.739E-04  0.000E+00
2  8.190  8.022    1.4   0.986  0.393E-06  0.839E+02  0.982E-05  0.211E-04  0.733E-04  0.000E+00
2  8.190  8.030    1.4   0.998  0.393E-06  0.855E+02  0.983E-05  0.209E-04  0.727E-04  0.000E+00
2  8.190  8.038    1.4   1.010  0.397E-06  0.871E+02  0.992E-05  0.207E-04  0.720E-04  0.000E+00
2  8.190  8.047    1.4   1.022  0.401E-06  0.888E+02  0.100E-04  0.205E-04  0.714E-04  0.000E+00
2  8.190  8.055    1.4   1.034  0.406E-06  0.904E+02  0.102E-04  0.203E-04  0.707E-04  0.000E+00
2  8.190  8.063    1.4   1.047  0.414E-06  0.921E+02  0.103E-04  0.202E-04  0.701E-04  0.000E+00
2  8.190  8.072    1.4   1.060  0.424E-06  0.938E+02  0.106E-04  0.200E-04  0.694E-04  0.000E+00
2  8.190  8.080    1.5   1.074  0.433E-06  0.956E+02  0.108E-04  0.198E-04  0.687E-04  0.000E+00
2  8.190  8.089    1.5   1.088  0.444E-06  0.974E+02  0.111E-04  0.196E-04  0.680E-04  0.000E+00
2  8.190  8.097    1.5   1.102  0.458E-06  0.993E+02  0.115E-04  0.195E-04  0.673E-04  0.000E+00
2  8.190  8.105    1.5   1.116  0.473E-06  0.101E+03  0.118E-04  0.193E-04  0.665E-04  0.000E+00
2  8.190  8.114    1.5   1.131  0.488E-06  0.103E+03  0.122E-04  0.191E-04  0.657E-04  0.000E+00
2  8.190  8.122    1.5   1.146  0.502E-06  0.105E+03  0.126E-04  0.189E-04  0.649E-04  0.000E+00
2  8.190  8.130    1.5   1.161  0.518E-06  0.107E+03  0.130E-04  0.186E-04  0.640E-04  0.000E+00
2  8.190  8.139    1.5   1.177  0.531E-06  0.109E+03  0.133E-04  0.184E-04  0.631E-04  0.000E+00
2  8.190  8.147    1.5   1.194  0.547E-06  0.112E+03  0.137E-04  0.181E-04  0.621E-04  0.000E+00
2  8.190  8.155    1.5   1.210  0.561E-06  0.114E+03  0.140E-04  0.178E-04  0.610E-04  0.000E+00
2  8.190  8.164    1.5   1.227  0.570E-06  0.116E+03  0.143E-04  0.175E-04  0.598E-04  0.000E+00
2  8.190  8.172    1.5   1.245  0.578E-06  0.119E+03  0.145E-04  0.171E-04  0.586E-04  0.000E+00
2  8.190  8.180    1.5   1.263  0.577E-06  0.121E+03  0.144E-04  0.167E-04  0.573E-04  0.000E+00
2  8.190  8.189    1.5   1.282  0.578E-06  0.123E+03  0.144E-04  0.162E-04  0.559E-04  0.000E+00
2  8.190  8.197    1.5   1.301  0.564E-06  0.126E+03  0.141E-04  0.157E-04  0.544E-04  0.000E+00
2  8.190  8.206    1.5   1.320  0.546E-06  0.128E+03  0.136E-04  0.151E-04  0.528E-04  0.000E+00
2  8.190  8.214    1.5   1.341  0.516E-06  0.130E+03  0.129E-04  0.145E-04  0.511E-04  0.000E+00
2  8.190  8.222    1.5   1.361  0.477E-06  0.132E+03  0.119E-04  0.139E-04  0.493E-04  0.000E+00
2  8.190  8.231    1.5   1.383  0.428E-06  0.134E+03  0.107E-04  0.132E-04  0.474E-04  0.000E+00
2  8.190  8.239    1.5   1.405  0.375E-06  0.135E+03  0.937E-05  0.125E-04  0.454E-04  0.000E+00
2  8.190  8.247    1.5   1.427  0.323E-06  0.137E+03  0.806E-05  0.118E-04  0.434E-04  0.000E+00
2  8.190  8.256    1.5   1.451  0.270E-06  0.138E+03  0.675E-05  0.111E-04  0.413E-04  0.000E+00
2  8.190  8.264    1.5   1.475  0.223E-06  0.139E+03  0.558E-05  0.103E-04  0.392E-04  0.000E+00
2  8.190  8.272    1.5   1.500  0.182E-06  0.139E+03  0.454E-05  0.956E-05  0.371E-04  0.000E+00
2  8.190  8.281    1.5   1.525  0.149E-06  0.140E+03  0.372E-05  0.882E-05  0.349E-04  0.000E+00
2  8.190  8.289    1.5   1.552  0.121E-06  0.140E+03  0.302E-05  0.810E-05  0.328E-04  0.000E+00
2  8.190  8.297    1.5   1.579  0.962E-07  0.141E+03  0.241E-05  0.741E-05  0.307E-04  0.000E+00
2  8.190  8.306    1.5   1.608  0.778E-07  0.141E+03  0.194E-05  0.675E-05  0.287E-04  0.000E+00
2  8.190  8.314    1.5   1.637  0.663E-07  0.141E+03  0.159E-05  0.613E-05  0.267E-04  0.000E+00
2  8.190  8.322    1.5   1.667  0.541E-07  0.142E+03  0.130E-05  0.555E-05  0.248E-04  0.000E+00
2  8.190  8.331    1.5   1.699  0.453E-07  0.142E+03  0.104E-05  0.501E-05  0.229E-04  0.000E+00
2  8.190  8.339    1.5   1.731  0.394E-07  0.142E+03  0.866E-06  0.452E-05  0.212E-04  0.000E+00
2  8.190  8.348    1.5   1.765  0.336E-07  0.142E+03  0.706E-06  0.407E-05  0.196E-04  0.000E+00
2  8.190  8.356    1.5   1.800  0.290E-07  0.142E+03  0.581E-06  0.365E-05  0.181E-04  0.000E+00
2  8.190  8.364    1.5   1.836  0.252E-07  0.142E+03  0.480E-06  0.328E-05  0.167E-04  0.000E+00
2  8.190  8.373    1.5   1.874  0.224E-07  0.142E+03  0.404E-06  0.294E-05  0.153E-04  0.000E+00
2  8.190  8.381    1.5   1.913  0.199E-07  0.142E+03  0.338E-06  0.264E-05  0.141E-04  0.000E+00
2  8.190  8.389    1.5   1.954  0.177E-07  0.142E+03  0.283E-06  0.235E-05  0.129E-04  0.000E+00
2  8.190  8.398    1.5   1.997  0.149E-07  0.142E+03  0.239E-06  0.212E-05  0.119E-04  0.000E+00
2  8.190  8.406    1.5   2.041  0.137E-07  0.142E+03  0.205E-06  0.190E-05  0.109E-04  0.000E+00
2  8.190  8.414    1.5   2.088  0.129E-07  0.142E+03  0.180E-06  0.169E-05  0.995E-05  0.000E+00
2  8.190  8.423    1.5   2.136  0.117E-07  0.142E+03  0.152E-06  0.151E-05  0.907E-05  0.000E+00
2  8.190  8.431    1.5   2.186  0.109E-07  0.142E+03  0.131E-06  0.135E-05  0.824E-05  0.000E+00
2  8.190  8.439    1.5   2.239  0.995E-08  0.142E+03  0.109E-06  0.120E-05  0.745E-05  0.000E+00
2  8.190  8.448    1.5   2.295  0.985E-08  0.142E+03  0.985E-07  0.106E-05  0.670E-05  0.000E+00
2  8.190  8.456    1.5   2.353  0.945E-08  0.142E+03  0.851E-07  0.930E-06  0.601E-05  0.000E+00
2  8.190  8.465    1.5   2.414  0.952E-08  0.143E+03  0.761E-07  0.811E-06  0.534E-05  0.000E+00
2  8.190  8.473    1.5   2.478  0.910E-08  0.143E+03  0.637E-07  0.700E-06  0.469E-05  0.000E+00
2  8.190  8.481    1.5   2.545  0.898E-08  0.143E+03  0.539E-07  0.595E-06  0.405E-05  0.000E+00
2  8.190  8.490    1.5   2.617  0.932E-08  0.143E+03  0.466E-07  0.494E-06  0.341E-05  0.000E+00
2  8.190  8.498    1.5   2.692  0.947E-08  0.143E+03  0.379E-07  0.396E-06  0.277E-05  0.000E+00
2  8.190  8.506    1.5   2.771  0.902E-08  0.143E+03  0.271E-07  0.300E-06  0.212E-05  0.000E+00
2  8.190  8.515    1.5   2.855  0.271E-11  0.143E+03  0.542E-11  0.203E-06  0.145E-05  0.000E+00
2  8.190  8.523    1.5   2.944  0.114E-19  0.143E+03  0.114E-19  0.103E-06  0.744E-06  0.000E+00
 # th     pit     q2      x      sig_u     rate_u
 #                           0.6/GeV.sr)    (Hz)
 # th     pit     q2      x      sig_u     rate_u
 #                           0.6/GeV.sr)    (Hz)
 # th     pit     q2      x      sig_u     rate_u
 #                           0.6/GeV.sr)    (Hz)
 # th     pit     q2      x      sig_u     rate_u
 #                           0.6/GeV.sr)    (Hz)
