

 QCDNUM example job fpdflib.car
 ------------------------------






        +-----------------------------------------------+
        |                                               |
        | You are using the double precision version of |
        |                                               |
        |              Q C D N U M 16.12                |
        |                                               |
        |         Author  : Michiel Botje               |
        |         Email   : h24@nikhef.nl               |
        |                                               |
        |         Date    : 12-08-98                    |
        |         Max NX  : 151                         |
        |         Max NQ2 :  61                         |
        |                                               |
        +-----------------------------------------------+






  
  *****  PDFLIB Version:  6.06  Released on  950315  at  17.05  in the  
 CERN Program Library     W5051  *****
  *****  Library compiled on       950317 at         1007  *****

 QNFILW: Calculate F2 weights

 QNFILW: Calculate F2c weights


  
  
  Nucleon PDFs :  Ngroup =            3,   Nset =           38
 ,  for MRS Fit (A) (L230-MSb) Structure Functions
  ----------------------------------------------------------------------------------------------------------------


 F2 at Q2 =     0.10000E+03

     X           F2          F2_uds      F2_c    F2_uds + F2_c 
 0.10000E-04 0.84634E+01 0.60037E+01 0.20132E+01 0.80170E+01
 0.20000E-04 0.66595E+01 0.47563E+01 0.15594E+01 0.63158E+01
 0.50000E-04 0.48365E+01 0.34889E+01 0.11060E+01 0.45949E+01
 0.10000E-03 0.37816E+01 0.27513E+01 0.84825E+00 0.35995E+01
 0.20000E-03 0.29479E+01 0.21655E+01 0.64680E+00 0.28123E+01
 0.50000E-03 0.21101E+01 0.15737E+01 0.44651E+00 0.20203E+01
 0.10000E-02 0.16350E+01 0.12369E+01 0.33307E+00 0.15700E+01
 0.20000E-02 0.12666E+01 0.97549E+00 0.24467E+00 0.12202E+01
 0.50000E-02 0.91079E+00 0.72426E+00 0.15705E+00 0.88130E+00
 0.10000E-01 0.72060E+00 0.59223E+00 0.10767E+00 0.69990E+00
 0.20000E-01 0.58542E+00 0.50141E+00 0.69546E-01 0.57096E+00
 0.50000E-01 0.46919E+00 0.42757E+00 0.32909E-01 0.46048E+00
 0.10000E+00 0.40306E+00 0.38352E+00 0.14306E-01 0.39782E+00
 0.20000E+00 0.31714E+00 0.31147E+00 0.35995E-02 0.31507E+00
 0.50000E+00 0.94070E-01 0.94000E-01 0.36597E-04 0.94037E-01
 0.60000E+00 0.46006E-01 0.45999E-01 0.58631E-05 0.46005E-01
 0.70000E+00 0.16886E-01 0.16886E-01 0.45179E-06 0.16886E-01
 0.80000E+00 0.37761E-02 0.37761E-02 0.11964E-07 0.37762E-02
 0.90000E+00 0.27055E-03 0.27056E-03 0.17146E-09 0.27056E-03


  nxg  nqg  nxt  nqt
  100   39   19   12
 xxtab
 0.10000E-04 0.20000E-04 0.50000E-04 0.10000E-03 0.20000E-03 0.50000E-03
 0.10000E-02 0.20000E-02 0.50000E-02 0.10000E-01 0.20000E-01 0.50000E-01
 0.10000E+00 0.20000E+00 0.50000E+00 0.60000E+00 0.70000E+00 0.80000E+00
 0.90000E+00
 qqtab
 0.20000E+01 0.50000E+01 0.10000E+02 0.20000E+02 0.50000E+02 0.10000E+03
 0.20000E+03 0.50000E+03 0.10000E+04 0.20000E+04 0.50000E+04 0.10000E+05
 gluon
 0.15095E+02 0.12396E+02 0.95807E+01 0.78944E+01 0.65178E+01 0.50758E+01
 0.42174E+01 0.35181E+01 0.27915E+01 0.23605E+01 0.20094E+01 0.16194E+01
 0.13072E+01 0.86352E+00 0.12629E+00 0.46707E-01 0.12322E-01 0.18216E-02
 0.71486E-04 0.28371E+02 0.22959E+02 0.17359E+02 0.14033E+02 0.11338E+02
 0.85390E+01 0.68859E+01 0.55461E+01 0.41569E+01 0.33289E+01 0.26475E+01
 0.18945E+01 0.13566E+01 0.76512E+00 0.78402E-01 0.25604E-01 0.58137E-02
 0.70894E-03 0.20741E-04 0.40947E+02 0.32790E+02 0.24417E+02 0.19485E+02
 0.15519E+02 0.11438E+02 0.90516E+01 0.71333E+01 0.51638E+01 0.40018E+01
 0.30557E+01 0.20365E+01 0.13576E+01 0.69706E+00 0.58017E-01 0.17628E-01
 0.36684E-02 0.40001E-03 0.98624E-05 0.55419E+02 0.43937E+02 0.32252E+02
 0.25434E+02 0.19997E+02 0.14457E+02 0.11253E+02 0.87023E+01 0.61150E+01
 0.46091E+01 0.34007E+01 0.21348E+01 0.13398E+01 0.63593E+00 0.44583E-01
 0.12770E-01 0.24742E-02 0.24621E-03 0.52769E-05 0.77024E+02 0.60306E+02
 0.43495E+02 0.33809E+02 0.26173E+02 0.18499E+02 0.14125E+02 0.10690E+02
 0.72641E+01 0.53079E+01 0.37698E+01 0.22145E+01 0.12999E+01 0.56560E+00
 0.32907E-01 0.88471E-02 0.15874E-02 0.14319E-03 0.26401E-05 0.94948E+02
 0.73676E+02 0.52479E+02 0.40384E+02 0.30929E+02 0.21526E+02 0.16226E+02
 0.12105E+02 0.80464E+01 0.57622E+01 0.39927E+01 0.22471E+01 0.12631E+01
 0.51959E+00 0.26861E-01 0.69406E-02 0.11868E-02 0.10069E-03 0.16895E-05
 0.11403E+03 0.87723E+02 0.61750E+02 0.47071E+02 0.35692E+02 0.24489E+02
 0.18243E+02 0.13435E+02 0.87555E+01 0.61586E+01 0.41753E+01 0.22624E+01
 0.12238E+01 0.47903E+00 0.22341E-01 0.55785E-02 0.91517E-03 0.73651E-04
 0.11395E-05 0.14076E+03 0.10713E+03 0.74304E+02 0.55980E+02 0.41931E+02
 0.28275E+02 0.20767E+02 0.15060E+02 0.95887E+01 0.66049E+01 0.43659E+01
 0.22637E+01 0.11709E+01 0.43261E+00 0.17934E-01 0.43089E-02 0.67467E-03
 0.51167E-04 0.72255E-06 0.16198E+03 0.12232E+03 0.83947E+02 0.62720E+02
 0.46574E+02 0.31028E+02 0.22567E+02 0.16192E+02 0.10148E+02 0.68919E+01
 0.44788E+01 0.22548E+01 0.11317E+01 0.40215E+00 0.15423E-01 0.36137E-02
 0.54891E-03 0.40057E-04 0.53308E-06 0.18395E+03 0.13787E+03 0.93667E+02
 0.69429E+02 0.51135E+02 0.33680E+02 0.24272E+02 0.17245E+02 0.10652E+02
 0.71418E+01 0.45702E+01 0.22399E+01 0.10938E+01 0.37513E+00 0.13413E-01
 0.30738E-02 0.45454E-03 0.32061E-04 0.40487E-06 0.21404E+03 0.15890E+03
 0.10658E+03 0.78222E+02 0.57026E+02 0.37034E+02 0.26391E+02 0.18527E+02
 0.11245E+02 0.74241E+01 0.46643E+01 0.22143E+01 0.10464E+01 0.34388E+00
 0.11321E-01 0.25284E-02 0.36247E-03 0.24583E-04 0.29219E-06 0.23752E+03
 0.17512E+03 0.11638E+03 0.84803E+02 0.61374E+02 0.39460E+02 0.27898E+02
 0.19421E+02 0.11645E+02 0.76070E+01 0.47193E+01 0.21920E+01 0.10127E+01
 0.32314E+00 0.10057E-01 0.22079E-02 0.31008E-03 0.20490E-04 0.23395E-06
 qprot
 0.25689E+01 0.20909E+01 0.15952E+01 0.13001E+01 0.10610E+01 0.81383E+00
 0.67027E+00 0.55809E+00 0.45313E+00 0.40493E+00 0.38407E+00 0.39487E+00
 0.41435E+00 0.39880E+00 0.16603E+00 0.89575E-01 0.36691E-01 0.94127E-02
 0.83967E-03 0.34956E+01 0.28358E+01 0.21506E+01 0.17425E+01 0.14116E+01
 0.10692E+01 0.86965E+00 0.71244E+00 0.56126E+00 0.48551E+00 0.44118E+00
 0.42281E+00 0.41804E+00 0.37546E+00 0.13421E+00 0.68738E-01 0.26502E-01
 0.62966E-02 0.50052E-03 0.44293E+01 0.35740E+01 0.26887E+01 0.21634E+01
 0.17389E+01 0.13013E+01 0.10470E+01 0.84660E+00 0.65208E+00 0.55125E+00
 0.48636E+00 0.44433E+00 0.42217E+00 0.36267E+00 0.11797E+00 0.58533E-01
 0.21752E-01 0.49353E-02 0.36627E-03 0.54909E+01 0.44010E+01 0.32794E+01
 0.26180E+01 0.20865E+01 0.15420E+01 0.12274E+01 0.98017E+00 0.73973E+00
 0.61295E+00 0.52734E+00 0.46257E+00 0.42488E+00 0.35158E+00 0.10557E+00
 0.50980E-01 0.18364E-01 0.40075E-02 0.28081E-03 0.71898E+01 0.57053E+01
 0.41927E+01 0.33099E+01 0.26068E+01 0.18940E+01 0.14862E+01 0.11679E+01
 0.85915E+00 0.69468E+00 0.57978E+00 0.48449E+00 0.42761E+00 0.33886E+00
 0.92917E-01 0.43522E-01 0.15138E-01 0.31638E-02 0.20810E-03 0.86311E+01
 0.67988E+01 0.49459E+01 0.38731E+01 0.30246E+01 0.21711E+01 0.16867E+01
 0.13108E+01 0.94758E+00 0.75369E+00 0.61647E+00 0.49879E+00 0.42869E+00
 0.33012E+00 0.85248E-01 0.39138E-01 0.13306E-01 0.27041E-02 0.17078E-03
 0.10164E+02 0.79507E+01 0.57291E+01 0.44526E+01 0.34498E+01 0.24489E+01
 0.18851E+01 0.14502E+01 0.10320E+01 0.80893E+00 0.64992E+00 0.51099E+00
 0.42888E+00 0.32186E+00 0.78738E-01 0.35506E-01 0.11828E-01 0.23448E-02
 0.14288E-03 0.12313E+02 0.95494E+01 0.68013E+01 0.52374E+01 0.40190E+01
 0.28146E+01 0.21428E+01 0.16286E+01 0.11376E+01 0.87655E+00 0.68969E+00
 0.52439E+00 0.42797E+00 0.31151E+00 0.71458E-01 0.31547E-01 0.10260E-01
 0.19762E-02 0.11555E-03 0.14019E+02 0.10807E+02 0.76344E+01 0.58410E+01
 0.44522E+01 0.30887E+01 0.23336E+01 0.17588E+01 0.12131E+01 0.92388E+00
 0.71675E+00 0.53275E+00 0.42658E+00 0.30403E+00 0.66721E-01 0.29033E-01
 0.92910E-02 0.17550E-02 0.99828E-04 0.15786E+02 0.12101E+02 0.84823E+01
 0.64505E+01 0.48858E+01 0.33598E+01 0.25203E+01 0.18849E+01 0.12849E+01
 0.96815E+00 0.74148E+00 0.53980E+00 0.42467E+00 0.29681E+00 0.62510E-01
 0.26841E-01 0.84627E-02 0.15705E-02 0.87133E-04 0.18205E+02 0.13857E+02
 0.96208E+01 0.72615E+01 0.54575E+01 0.37124E+01 0.27606E+01 0.20451E+01
 0.13744E+01 0.10223E+01 0.77093E+00 0.54737E+00 0.42151E+00 0.28762E+00
 0.57600E-01 0.24337E-01 0.75369E-02 0.13694E-02 0.73762E-04 0.20089E+02
 0.15214E+02 0.10492E+02 0.78768E+01 0.58874E+01 0.39743E+01 0.29371E+01
 0.21615E+01 0.14382E+01 0.10603E+01 0.79099E+00 0.55195E+00 0.41873E+00
 0.28094E+00 0.54301E-01 0.22686E-01 0.69390E-02 0.12425E-02 0.65591E-04
 F2p
 0.25433E+01 0.20712E+01 0.15818E+01 0.12907E+01 0.10550E+01 0.81197E+00
 0.67109E+00 0.56100E+00 0.45683E+00 0.40617E+00 0.37825E+00 0.37103E+00
 0.37537E+00 0.36153E+00 0.18926E+00 0.11413E+00 0.53189E-01 0.15924E-01
 0.17285E-02 0.34661E+01 0.28114E+01 0.21318E+01 0.17271E+01 0.13991E+01
 0.10600E+01 0.86230E+00 0.70622E+00 0.55448E+00 0.47560E+00 0.42457E+00
 0.39198E+00 0.37855E+00 0.34463E+00 0.15122E+00 0.85112E-01 0.36647E-01
 0.99535E-02 0.93973E-03 0.43792E+01 0.35315E+01 0.26544E+01 0.21342E+01
 0.17140E+01 0.12810E+01 0.10294E+01 0.83089E+00 0.63695E+00 0.53428E+00
 0.46481E+00 0.41331E+00 0.38707E+00 0.33848E+00 0.13223E+00 0.71362E-01
 0.29296E-01 0.75078E-02 0.65251E-03 0.54143E+01 0.43359E+01 0.32268E+01
 0.25731E+01 0.20480E+01 0.15104E+01 0.11999E+01 0.95587E+00 0.71767E+00
 0.59061E+00 0.50252E+00 0.43221E+00 0.39366E+00 0.33221E+00 0.11771E+00
 0.61327E-01 0.24190E-01 0.59044E-02 0.47885E-03 0.70637E+01 0.55993E+01
 0.41081E+01 0.32383E+01 0.25460E+01 0.18447E+01 0.14437E+01 0.11310E+01
 0.82728E+00 0.66479E+00 0.55011E+00 0.45368E+00 0.39922E+00 0.32328E+00
 0.10294E+00 0.51611E-01 0.19485E-01 0.45090E-02 0.33905E-03 0.84634E+01
 0.66595E+01 0.48365E+01 0.37816E+01 0.29479E+01 0.21101E+01 0.16350E+01
 0.12666E+01 0.91079E+00 0.72060E+00 0.58542E+00 0.46919E+00 0.40306E+00
 0.31714E+00 0.94070E-01 0.46006E-01 0.16886E-01 0.37761E-02 0.27055E-03
 0.99517E+01 0.77765E+01 0.55945E+01 0.43415E+01 0.33579E+01 0.23770E+01
 0.18251E+01 0.13998E+01 0.99132E+00 0.77352E+00 0.61813E+00 0.48275E+00
 0.40568E+00 0.31095E+00 0.86559E-01 0.41407E-01 0.14821E-01 0.32156E-02
 0.22080E-03 0.12038E+02 0.93276E+01 0.66333E+01 0.51010E+01 0.39080E+01
 0.27297E+01 0.20733E+01 0.15714E+01 0.10930E+01 0.83908E+00 0.65761E+00
 0.49798E+00 0.40756E+00 0.30275E+00 0.78190E-01 0.36448E-01 0.12670E-01
 0.26538E-02 0.17349E-03 0.13696E+02 0.10549E+02 0.74417E+01 0.56864E+01
 0.43278E+01 0.29952E+01 0.22579E+01 0.16975E+01 0.11663E+01 0.88547E+00
 0.68482E+00 0.50771E+00 0.40798E+00 0.29656E+00 0.72768E-01 0.33331E-01
 0.11360E-01 0.23239E-02 0.14702E-03 0.15414E+02 0.11806E+02 0.82655E+01
 0.62783E+01 0.47489E+01 0.32584E+01 0.24393E+01 0.18201E+01 0.12365E+01
 0.92919E+00 0.70990E+00 0.51608E+00 0.40768E+00 0.29040E+00 0.67967E-01
 0.30636E-01 0.10255E-01 0.20533E-02 0.12610E-03 0.17766E+02 0.13514E+02
 0.93731E+01 0.70675E+01 0.53054E+01 0.36019E+01 0.26737E+01 0.19767E+01
 0.13245E+01 0.98308E+00 0.74004E+00 0.52529E+00 0.40637E+00 0.28236E+00
 0.62394E-01 0.27586E-01 0.90368E-02 0.17635E-02 0.10456E-03 0.19600E+02
 0.14836E+02 0.10222E+02 0.76674E+01 0.57249E+01 0.38578E+01 0.28464E+01
 0.20909E+01 0.13876E+01 0.10210E+01 0.76074E+00 0.53104E+00 0.40481E+00
 0.27639E+00 0.58666E-01 0.25593E-01 0.82597E-02 0.15838E-02 0.91670E-04


 +-------+---+-------+--------------+------------------------------------+
 | var   |typ| deflt |     value    | description                        |
 +-------+---+-------+--------------+------------------------------------+
 | W1ANA | L |   T   |       F      | Analytical LO weight calculation   |
 | W1NUM | L |   F   |       F      | Numerical  LO weight calculation   |
 | W2NUM | L |   T   |       F      | Numerical NLO weight calculation   |
 | W2STF | L |   T   |       T      | Structure function NLO weights     |
 | WTF2C | L |   F   |       T      | F2_charm  weight calculation       |
 | WTF2B | L |   F   |       F      | F2_bottom weight calculation       |
 | WTFLC | L |   F   |       F      | FL_charm  weight calculation       |
 | WTFLB | L |   F   |       F      | FL_bottom weight calculation       |
 | LIMCK | L |   T   |       T      | Check x, Q2 limits and cuts        |
 | CLOWQ | L |   T   |       T      | Heavy F2,FL only for Q2 > 1.5 GeV2 |
 | ORDER | I |   2   |       2      | LO (1) or NLO (2) calculations     |
 | SCAX0 | R |  0.20 |  0.20000E+00 | x-grid  scale from log --> linear  |
 | SCAQ0 | R | +inf  |  0.10000E+11 | Q2-grid scale from log --> linear  |
 | MCSTF | R |  1.5  |  0.16432E+01 | C mass for F2c, FLc (GeV)          |
 | MBSTF | R |  5.0  |  0.54772E+01 | B mass for F2b, FLb (GeV)          |
 | MCALF | R |  1.5  |  0.16432E+01 | C mass for alpha_s evolution (GeV) |
 | MBALF | R |  5.0  |  0.54772E+01 | B mass for alpha_s evolution (GeV) |
 | MTALF | R | 188.  |  0.18800E+03 | T mass for alpha_s evolution (GeV) |
 | ALFAS | R | 0.180 |  0.18000E+00 | Value of alpha_s                   |
 | ALFQ0 | R |  50.  |  0.50000E+02 | Q2 where alpha_s is given (GeV2)   |
 | AAAR2 | R |  1.0  |  0.10000E+01 | R2 = A*M2 + B (ren. scale)         |
 | BBBR2 | R |  0.0  |  0.00000E+00 | R2 = A*M2 + B (ren. scale)         |
 | AAM2L | R |  1.0  |  0.10000E+01 | M2 = A*Q2 + B (light fact. scale)  |
 | BBM2L | R |  0.0  |  0.00000E+00 | M2 = A*Q2 + B (light fact. scale)  |
 | AAM2H | R |  1.0  |  0.10000E+01 | M2 = A*Q2 + B (heavy fact. scale)  |
 | BBM2H | R |  0.0  |  0.00000E+00 | M2 = A*Q2 + B (heavy fact. scale)  |
 +-------+---+-------+--------------+------------------------------------+
 | TCHRM | R | -inf  |  0.27000E+01 | Charm threshold  (GeV2)            |
 | TBOTT | R | +inf  |  0.30000E+02 | Bottom threshold (GeV2)            |
 | XMINC | R |  0.0  | -0.10000E+01 | Xmin cut  (.le.0 = no cut)         |
 | QMINC | R |  0.0  | -0.10000E+01 | Qmin cut  (.le.0 = no cut)         |
 | QMAXC | R |  0.0  | -0.10000E+01 | Qmax cut  (.le.0 = no cut)         |
 | ROOTS | R |  0.0  | -0.10000E+01 | Roots cut (.le.0 = no cut)         |
 | QMINA | R |  0.0  |  0.20000E+01 | Lowest Q2 gridpoint above Lambda2  |
 +-------+---+-------+--------------+------------------------------------+
 | ASOLD | L |   F   |       F      | Use old (incorrect) a_s evolution  |
 | BMARK | L |   F   |       F      | Do not use: for tests only         |
 | FLFAC | R |  0.0  |  0.00000E+00 | Hands off : for experts only       |
 +-------+---+-------+--------------+------------------------------------+





 +-------------+------------------------------------------------------------+
 |             | W_ 1  W_ 2  W_ 3  W_ 4  W_ 5  W_ 6  W_ 7  W_ 8  W_ 9  W_10 |
 | ID NAME  nf | SING  DTYP  UTYP  DLIG  ULIG  FREE  FREE  FREE  FREE  FREE |
 +-------------+------------------------------------------------------------+
 |  0 GLUON    | 0.00  0.00  0.00  0.00  0.00  0.00  0.00  0.00  0.00  0.00 |
 |  1 SINGL    | 1.00  0.00  0.00  0.00  0.00  0.00  0.00  0.00  0.00  0.00 |
 |  2 DTYPE    | 0.00  1.00  0.00  0.00  0.00  0.00  0.00  0.00  0.00  0.00 |
 |  3 UTYPE    | 0.00  0.00  1.00  0.00  0.00  0.00  0.00  0.00  0.00  0.00 |
 |  4 DLIGH    | 0.00  0.00  0.00  1.00  0.00  0.00  0.00  0.00  0.00  0.00 |
 |  5 ULIGH    | 0.00  0.00  0.00  0.00  1.00  0.00  0.00  0.00  0.00  0.00 |
 +-------------+------------------------------------------------------------+
 | 11 PROTO  3 | 0.22  0.11  0.44  0.00  0.00  0.00  0.00  0.00  0.00  0.00 |
 |           4 | 0.28  0.11  0.44  0.00  0.00  0.00  0.00  0.00  0.00  0.00 |
 |           5 | 0.24  0.11  0.44  0.00  0.00  0.00  0.00  0.00  0.00  0.00 |
 | 12 PLIGH  3 | 0.22  0.00  0.00  0.11  0.44  0.00  0.00  0.00  0.00  0.00 |
 |           4 | 0.17  0.00  0.00  0.11  0.44  0.00  0.00  0.00  0.00  0.00 |
 |           5 | 0.13  0.00  0.00  0.11  0.44  0.00  0.00  0.00  0.00  0.00 |
 +-------------+------------------------------------------------------------+






 QCDNUM x-Q2 evolution grid
 --------------------------

   nx      xmin      xmax   nq      qmin      qmax
  100 0.0000100 1.0000000   39      2.00  10000.00

 Xgrid (heavy quarks)
   1 0.10000E-04   2 0.11220E-04   3 0.12589E-04   4 0.14125E-04   5 0.15849E-04
   6 0.17783E-04   7 0.19953E-04   8 0.22387E-04   9 0.25119E-04  10 0.28184E-04
  11 0.31623E-04  12 0.35481E-04  13 0.39811E-04  14 0.44668E-04  15 0.50119E-04
  16 0.56234E-04  17 0.63096E-04  18 0.70795E-04  19 0.79433E-04  20 0.89125E-04
  21 0.10000E-03  22 0.11220E-03  23 0.12589E-03  24 0.14125E-03  25 0.15849E-03
  26 0.17783E-03  27 0.19953E-03  28 0.22387E-03  29 0.25119E-03  30 0.28184E-03
  31 0.31623E-03  32 0.35481E-03  33 0.39811E-03  34 0.44668E-03  35 0.50119E-03
  36 0.56234E-03  37 0.63096E-03  38 0.70795E-03  39 0.79433E-03  40 0.89125E-03
  41 0.10000E-02  42 0.11220E-02  43 0.12589E-02  44 0.14125E-02  45 0.15849E-02
  46 0.17783E-02  47 0.19953E-02  48 0.22387E-02  49 0.25119E-02  50 0.28184E-02
  51 0.31623E-02  52 0.35481E-02  53 0.39811E-02  54 0.44668E-02  55 0.50119E-02
  56 0.56234E-02  57 0.63096E-02  58 0.70795E-02  59 0.79433E-02  60 0.89125E-02
  61 0.10000E-01  62 0.11220E-01  63 0.12589E-01  64 0.14125E-01  65 0.15849E-01
  66 0.17783E-01  67 0.19953E-01  68 0.22387E-01  69 0.25119E-01  70 0.28184E-01
  71 0.31623E-01  72 0.35481E-01  73 0.39811E-01  74 0.44668E-01  75 0.50119E-01
  76 0.56234E-01  77 0.63096E-01  78 0.70795E-01  79 0.79433E-01  80 0.89125E-01
  81 0.10000E+00  82 0.11220E+00  83 0.12589E+00  84 0.14125E+00  85 0.15849E+00
  86 0.17783E+00  87 0.19953E+00  88 0.22387E+00  89 0.25119E+00  90 0.28184E+00
  91 0.31623E+00  92 0.35481E+00  93 0.39811E+00  94 0.44668E+00  95 0.50119E+00
  96 0.56234E+00  97 0.63096E+00  98 0.70795E+00  99 0.79433E+00 100 0.89125E+00

 Xgrid
   1 0.10000E-04   2 0.11492E-04   3 0.13206E-04   4 0.15176E-04   5 0.17439E-04
   6 0.20041E-04   7 0.23030E-04   8 0.26465E-04   9 0.30413E-04  10 0.34949E-04
  11 0.40163E-04  12 0.46153E-04  13 0.53038E-04  14 0.60949E-04  15 0.70040E-04
  16 0.80488E-04  17 0.92494E-04  18 0.10629E-03  19 0.12215E-03  20 0.14037E-03
  21 0.16130E-03  22 0.18536E-03  23 0.21301E-03  24 0.24479E-03  25 0.28130E-03
  26 0.32326E-03  27 0.37148E-03  28 0.42689E-03  29 0.49057E-03  30 0.56374E-03
  31 0.64783E-03  32 0.74447E-03  33 0.85551E-03  34 0.98312E-03  35 0.11298E-02
  36 0.12983E-02  37 0.14920E-02  38 0.17145E-02  39 0.19702E-02  40 0.22641E-02
  41 0.26019E-02  42 0.29900E-02  43 0.34360E-02  44 0.39485E-02  45 0.45374E-02
  46 0.52143E-02  47 0.59921E-02  48 0.68859E-02  49 0.79130E-02  50 0.90933E-02
  51 0.10450E-01  52 0.12008E-01  53 0.13800E-01  54 0.15858E-01  55 0.18224E-01
  56 0.20942E-01  57 0.24066E-01  58 0.27655E-01  59 0.31780E-01  60 0.36521E-01
  61 0.41969E-01  62 0.48229E-01  63 0.55423E-01  64 0.63690E-01  65 0.73190E-01
  66 0.84108E-01  67 0.96653E-01  68 0.11107E+00  69 0.12764E+00  70 0.14668E+00
  71 0.16856E+00  72 0.19370E+00  73 0.22140E+00  74 0.24921E+00  75 0.27702E+00
  76 0.30483E+00  77 0.33263E+00  78 0.36044E+00  79 0.38825E+00  80 0.41605E+00
  81 0.44386E+00  82 0.47167E+00  83 0.49947E+00  84 0.52728E+00  85 0.55509E+00
  86 0.58290E+00  87 0.61070E+00  88 0.63851E+00  89 0.66632E+00  90 0.69412E+00
  91 0.72193E+00  92 0.74974E+00  93 0.77754E+00  94 0.80535E+00  95 0.83316E+00
  96 0.86097E+00  97 0.88877E+00  98 0.91658E+00  99 0.94439E+00 100 0.97219E+00

 Qgrid
   1 0.20000E+01   2 0.25338E+01   3 0.27000E+01   4 0.32102E+01   5 0.40670E+01
   6 0.51526E+01   7 0.65279E+01   8 0.82704E+01   9 0.10478E+02  10 0.13275E+02
  11 0.16818E+02  12 0.21307E+02  13 0.26994E+02  14 0.30000E+02  15 0.34200E+02
  16 0.43328E+02  17 0.54893E+02  18 0.69545E+02  19 0.88108E+02  20 0.11163E+03
  21 0.14142E+03  22 0.17917E+03  23 0.22699E+03  24 0.28758E+03  25 0.36434E+03
  26 0.46159E+03  27 0.58480E+03  28 0.74090E+03  29 0.93866E+03  30 0.11892E+04
  31 0.15066E+04  32 0.19088E+04  33 0.24183E+04  34 0.30638E+04  35 0.38815E+04
  36 0.49176E+04  37 0.62302E+04  38 0.78932E+04  39 0.10000E+05

 Thresholds and cuts
 Q2  charm .......:  0.27000E+01
 Q2 bottom .......:  0.30000E+02
 Xmin  cut .......: -0.10000E+01
 Qmin  cut .......: -0.10000E+01
 Qmax  cut .......: -0.10000E+01
 Roots cut .......: -0.10000E+01
 Qmin  alpha_s ...:  0.20000E+01



 --------------------------------------------------------------------------
 Structure function calls            F2       FL      xF3      F2h      FLh
 --------------------------------------------------------------------------
 Slow calculation                   266        0        0       19        0
 Fast calculation                     0        0        0        0        0
 Outside grid or cuts                 0        0        0        0        0
 --------------------------------------------------------------------------
 Total                              266        0        0       19        0
 --------------------------------------------------------------------------


 -------------------------------------------------
 Routine     # calls   # evols   CPU sec  CPU/evol
 -------------------------------------------------
 EVOLNM            0       0.0       0.0      0.00
 EVOLNP            0       0.0       0.0      0.00
 EVOLSG            0       0.0       0.0      0.00
 -------------------------------------------------
 AP total          0       0.0       0.0      0.00
 
 STFAST            0       0.0       0.0
 QNFILW            1                18.8
 Other                               0.8
 -------------------------------------------------
 Total                              19.6
 -------------------------------------------------
