

 QCDNUM example job mrsa.car
 ---------------------------






        +-----------------------------------------------+
        |                                               |
        | You are using the double precision version of |
        |                                               |
        |              Q C D N U M 16.12                |
        |                                               |
        |         Author  : Michiel Botje               |
        |         Email   : h24@nikhef.nl               |
        |                                               |
        |         Date    : 12-08-98                    |
        |         Max NX  : 151                         |
        |         Max NQ2 :  61                         |
        |                                               |
        +-----------------------------------------------+







 QNFILW: Calculate LO weights analytically

 QNFILW: Calculate NLO weights

 QNFILW: Calculate F2 weights




  nxg  nqg  nxt  nqt
  100   40   19   12
 xxtab
 0.10000E-04 0.20000E-04 0.50000E-04 0.10000E-03 0.20000E-03 0.50000E-03
 0.10000E-02 0.20000E-02 0.50000E-02 0.10000E-01 0.20000E-01 0.50000E-01
 0.10000E+00 0.20000E+00 0.50000E+00 0.60000E+00 0.70000E+00 0.80000E+00
 0.90000E+00
 qqtab
 0.20000E+01 0.50000E+01 0.10000E+02 0.20000E+02 0.50000E+02 0.10000E+03
 0.20000E+03 0.50000E+03 0.10000E+04 0.20000E+04 0.50000E+04 0.10000E+05
 gluon
 0.14313E+02 0.11667E+02 0.89268E+01 0.72989E+01 0.59805E+01 0.46141E+01
 0.38112E+01 0.31664E+01 0.25114E+01 0.21355E+01 0.18409E+01 0.15251E+01
 0.12614E+01 0.84749E+00 0.12101E+00 0.43749E-01 0.11151E-01 0.15581E-02
 0.54002E-04 0.28005E+02 0.22704E+02 0.17206E+02 0.13933E+02 0.11276E+02
 0.85087E+01 0.68702E+01 0.55391E+01 0.41550E+01 0.33274E+01 0.26446E+01
 0.18887E+01 0.13500E+01 0.76113E+00 0.78860E-01 0.25942E-01 0.59543E-02
 0.73871E-03 0.22435E-04 0.40459E+02 0.32568E+02 0.24407E+02 0.19564E+02
 0.15644E+02 0.11581E+02 0.91882E+01 0.72538E+01 0.52554E+01 0.40696E+01
 0.31001E+01 0.20542E+01 0.13618E+01 0.69750E+00 0.59848E-01 0.18610E-01
 0.40139E-02 0.46489E-03 0.13156E-04 0.54613E+02 0.43621E+02 0.32304E+02
 0.25625E+02 0.20249E+02 0.14718E+02 0.11488E+02 0.88994E+01 0.62568E+01
 0.47111E+01 0.34678E+01 0.21654E+01 0.13519E+01 0.64037E+00 0.46896E-01
 0.13908E-01 0.28483E-02 0.31194E-03 0.83675E-05 0.74605E+02 0.58991E+02
 0.43035E+02 0.33700E+02 0.26248E+02 0.18665E+02 0.14295E+02 0.10838E+02
 0.73694E+01 0.53826E+01 0.38197E+01 0.22407E+01 0.13133E+01 0.57203E+00
 0.35214E-01 0.99188E-02 0.19215E-02 0.19858E-03 0.50660E-05 0.90695E+02
 0.71189E+02 0.51378E+02 0.39866E+02 0.30739E+02 0.21532E+02 0.16280E+02
 0.12166E+02 0.80916E+01 0.57943E+01 0.40164E+01 0.22644E+01 0.12751E+01
 0.52635E+00 0.28960E-01 0.78932E-02 0.14766E-02 0.14732E-03 0.36566E-05
 0.10780E+03 0.84020E+02 0.60017E+02 0.46169E+02 0.35263E+02 0.24357E+02
 0.18198E+02 0.13421E+02 0.87483E+01 0.61538E+01 0.41769E+01 0.22734E+01
 0.12355E+01 0.48622E+00 0.24205E-01 0.64091E-02 0.11632E-02 0.11266E-03
 0.27369E-05 0.13173E+03 0.10176E+03 0.71767E+02 0.54622E+02 0.41238E+02
 0.28002E+02 0.20623E+02 0.14968E+02 0.95261E+01 0.65607E+01 0.43443E+01
 0.22691E+01 0.11832E+01 0.44035E+00 0.19506E-01 0.49964E-02 0.87628E-03
 0.82160E-04 0.19529E-05 0.15065E+03 0.11565E+03 0.80827E+02 0.61056E+02
 0.45722E+02 0.30680E+02 0.22370E+02 0.16059E+02 0.10053E+02 0.68245E+01
 0.44436E+01 0.22571E+01 0.11445E+01 0.41022E+00 0.16800E-01 0.42101E-02
 0.72217E-03 0.66340E-04 0.15565E-05 0.17016E+03 0.12985E+03 0.89979E+02
 0.67491E+02 0.50156E+02 0.33282E+02 0.24044E+02 0.17085E+02 0.10533E+02
 0.70559E+01 0.45238E+01 0.22399E+01 0.11072E+01 0.38340E+00 0.14621E-01
 0.35931E-02 0.60440E-03 0.54551E-04 0.12659E-05 0.19671E+03 0.14899E+03
 0.10216E+03 0.75957E+02 0.55920E+02 0.36604E+02 0.26144E+02 0.18347E+02
 0.11104E+02 0.73191E+01 0.46057E+01 0.22114E+01 0.10601E+01 0.35226E+00
 0.12341E-01 0.29642E-02 0.48752E-03 0.43136E-04 0.98871E-06 0.21724E+03
 0.16368E+03 0.11138E+03 0.82309E+02 0.60195E+02 0.39025E+02 0.27652E+02
 0.19236E+02 0.11493E+02 0.74904E+01 0.46527E+01 0.21869E+01 0.10264E+01
 0.33147E+00 0.10958E-01 0.25921E-02 0.42003E-03 0.36685E-04 0.83395E-06
 qprot
 0.26785E+01 0.21751E+01 0.16533E+01 0.13431E+01 0.10921E+01 0.83324E+00
 0.68318E+00 0.56602E+00 0.45612E+00 0.40495E+00 0.38153E+00 0.38972E+00
 0.40802E+00 0.39137E+00 0.15993E+00 0.85543E-01 0.34632E-01 0.87288E-02
 0.75137E-03 0.34935E+01 0.28325E+01 0.21471E+01 0.17395E+01 0.14092E+01
 0.10678E+01 0.86904E+00 0.71252E+00 0.56220E+00 0.48712E+00 0.44348E+00
 0.42565E+00 0.42012E+00 0.37518E+00 0.13264E+00 0.67764E-01 0.26057E-01
 0.61740E-02 0.48983E-03 0.44239E+01 0.35730E+01 0.26920E+01 0.21688E+01
 0.17456E+01 0.13086E+01 0.10542E+01 0.85326E+00 0.65804E+00 0.55688E+00
 0.49192E+00 0.44959E+00 0.42591E+00 0.36361E+00 0.11766E+00 0.58418E-01
 0.21754E-01 0.49599E-02 0.37416E-03 0.54643E+01 0.43922E+01 0.32852E+01
 0.26299E+01 0.21013E+01 0.15575E+01 0.12417E+01 0.99270E+00 0.74967E+00
 0.62137E+00 0.53484E+00 0.46898E+00 0.42914E+00 0.35265E+00 0.10573E+00
 0.51210E-01 0.18543E-01 0.40884E-02 0.29521E-03 0.71001E+01 0.56659E+01
 0.41926E+01 0.33255E+01 0.26300E+01 0.19190E+01 0.15090E+01 0.11870E+01
 0.87291E+00 0.70529E+00 0.58841E+00 0.49128E+00 0.43176E+00 0.33956E+00
 0.93301E-01 0.43926E-01 0.15404E-01 0.32685E-02 0.22453E-03 0.84739E+01
 0.67252E+01 0.49365E+01 0.38890E+01 0.30525E+01 0.22023E+01 0.17149E+01
 0.13338E+01 0.96330E+00 0.76512E+00 0.62524E+00 0.50540E+00 0.43248E+00
 0.33039E+00 0.85639E-01 0.39558E-01 0.13576E-01 0.28073E-02 0.18652E-03
 0.99240E+01 0.78342E+01 0.57063E+01 0.44663E+01 0.34809E+01 0.24851E+01
 0.19176E+01 0.14762E+01 0.10489E+01 0.82047E+00 0.65832E+00 0.51715E+00
 0.43220E+00 0.32168E+00 0.79074E-01 0.35893E-01 0.12076E-01 0.24389E-02
 0.15717E-03 0.11944E+02 0.93660E+01 0.67563E+01 0.52457E+01 0.40526E+01
 0.28561E+01 0.21798E+01 0.16573E+01 0.11550E+01 0.88749E+00 0.69710E+00
 0.52977E+00 0.43071E+00 0.31089E+00 0.71714E-01 0.31873E-01 0.10470E-01
 0.20550E-02 0.12766E-03 0.13542E+02 0.10568E+02 0.75704E+01 0.58441E+01
 0.44870E+01 0.31336E+01 0.23733E+01 0.17890E+01 0.12303E+01 0.93400E+00
 0.72319E+00 0.53752E+00 0.42897E+00 0.30324E+00 0.66943E-01 0.29320E-01
 0.94724E-02 0.18227E-02 0.11038E-03 0.15193E+02 0.11801E+02 0.83981E+01
 0.64478E+01 0.49215E+01 0.34078E+01 0.25625E+01 0.19163E+01 0.13017E+01
 0.97727E+00 0.74686E+00 0.54399E+00 0.42684E+00 0.29600E+00 0.62725E-01
 0.27099E-01 0.86196E-02 0.16281E-02 0.96279E-04 0.17446E+02 0.13472E+02
 0.95087E+01 0.72511E+01 0.54945E+01 0.37644E+01 0.28058E+01 0.20777E+01
 0.13905E+01 0.10300E+01 0.77492E+00 0.55093E+00 0.42360E+00 0.28702E+00
 0.57850E-01 0.24575E-01 0.76685E-02 0.14158E-02 0.81317E-04 0.19198E+02
 0.14764E+02 0.10359E+02 0.78610E+01 0.59257E+01 0.40295E+01 0.29846E+01
 0.21949E+01 0.14537E+01 0.10668E+01 0.79398E+00 0.55516E+00 0.42091E+00
 0.28064E+00 0.54602E-01 0.22922E-01 0.70561E-02 0.12819E-02 0.72130E-04
 F2p
 0.26463E+01 0.21499E+01 0.16357E+01 0.13304E+01 0.10837E+01 0.82979E+00
 0.68305E+00 0.56858E+00 0.46019E+00 0.40702E+00 0.37684E+00 0.36698E+00
 0.36990E+00 0.35507E+00 0.18279E+00 0.10930E+00 0.50354E-01 0.14813E-01
 0.15516E-02 0.34661E+01 0.28099E+01 0.21295E+01 0.17250E+01 0.13975E+01
 0.10590E+01 0.86193E+00 0.70639E+00 0.55536E+00 0.47704E+00 0.42662E+00
 0.39460E+00 0.38069E+00 0.34473E+00 0.14952E+00 0.83938E-01 0.36045E-01
 0.97615E-02 0.91950E-03 0.43815E+01 0.35362E+01 0.26613E+01 0.21419E+01
 0.17221E+01 0.12888E+01 0.10366E+01 0.83727E+00 0.64235E+00 0.53923E+00
 0.46966E+00 0.41808E+00 0.39074E+00 0.33961E+00 0.13183E+00 0.71187E-01
 0.29279E-01 0.75381E-02 0.66550E-03 0.54005E+01 0.43361E+01 0.32377E+01
 0.25880E+01 0.20644E+01 0.15262E+01 0.12140E+01 0.96778E+00 0.72682E+00
 0.59820E+00 0.50920E+00 0.43805E+00 0.39780E+00 0.33339E+00 0.11779E+00
 0.61544E-01 0.24398E-01 0.60140E-02 0.50215E-03 0.69971E+01 0.55752E+01
 0.41162E+01 0.32585E+01 0.25713E+01 0.18700E+01 0.14662E+01 0.11494E+01
 0.84043E+00 0.67484E+00 0.55818E+00 0.46004E+00 0.40329E+00 0.32404E+00
 0.10325E+00 0.52026E-01 0.19797E-01 0.46486E-02 0.36465E-03 0.83372E+01
 0.66061E+01 0.48376E+01 0.38033E+01 0.29786E+01 0.21418E+01 0.16630E+01
 0.12893E+01 0.92627E+00 0.73185E+00 0.59395E+00 0.47554E+00 0.40682E+00
 0.31746E+00 0.94396E-01 0.46440E-01 0.17201E-01 0.39115E-02 0.29444E-03
 0.97513E+01 0.76853E+01 0.55844E+01 0.43621E+01 0.33922E+01 0.24138E+01
 0.18575E+01 0.14256E+01 0.10082E+01 0.78519E+00 0.62654E+00 0.48875E+00
 0.40900E+00 0.31082E+00 0.86833E-01 0.41805E-01 0.15109E-01 0.33371E-02
 0.24197E-03 0.11722E+02 0.91766E+01 0.66042E+01 0.51176E+01 0.39453E+01
 0.27720E+01 0.21103E+01 0.16002E+01 0.11107E+01 0.85047E+00 0.66528E+00
 0.50330E+00 0.41030E+00 0.30217E+00 0.78392E-01 0.36782E-01 0.12911E-01
 0.27537E-02 0.19093E-03 0.13281E+02 0.10347E+02 0.73959E+01 0.56987E+01
 0.43666E+01 0.30408E+01 0.22977E+01 0.17278E+01 0.11840E+01 0.89620E+00
 0.69165E+00 0.51245E+00 0.41037E+00 0.29579E+00 0.72943E-01 0.33626E-01
 0.11567E-01 0.24085E-02 0.16192E-03 0.14893E+02 0.11550E+02 0.82019E+01
 0.62860E+01 0.47889E+01 0.33071E+01 0.24815E+01 0.18515E+01 0.12539E+01
 0.93904E+00 0.71578E+00 0.52027E+00 0.40984E+00 0.28961E+00 0.68146E-01
 0.30903E-01 0.10433E-01 0.21245E-02 0.13880E-03 0.17095E+02 0.13182E+02
 0.92849E+01 0.70688E+01 0.53469E+01 0.36545E+01 0.27186E+01 0.20093E+01
 0.13412E+01 0.99159E+00 0.74461E+00 0.52888E+00 0.40843E+00 0.28176E+00
 0.62622E-01 0.27837E-01 0.91857E-02 0.18201E-02 0.11483E-03 0.18809E+02
 0.14444E+02 0.10115E+02 0.76641E+01 0.57679E+01 0.39133E+01 0.28936E+01
 0.21243E+01 0.14037E+01 0.10285E+01 0.76436E+00 0.53428E+00 0.40695E+00
 0.27607E+00 0.58957E-01 0.25843E-01 0.83923E-02 0.16313E-02 0.10043E-03


 +-------+---+-------+--------------+------------------------------------+
 | var   |typ| deflt |     value    | description                        |
 +-------+---+-------+--------------+------------------------------------+
 | W1ANA | L |   T   |       T      | Analytical LO weight calculation   |
 | W1NUM | L |   F   |       F      | Numerical  LO weight calculation   |
 | W2NUM | L |   T   |       T      | Numerical NLO weight calculation   |
 | W2STF | L |   T   |       T      | Structure function NLO weights     |
 | WTF2C | L |   F   |       F      | F2_charm  weight calculation       |
 | WTF2B | L |   F   |       F      | F2_bottom weight calculation       |
 | WTFLC | L |   F   |       F      | FL_charm  weight calculation       |
 | WTFLB | L |   F   |       F      | FL_bottom weight calculation       |
 | LIMCK | L |   T   |       T      | Check x, Q2 limits and cuts        |
 | CLOWQ | L |   T   |       T      | Heavy F2,FL only for Q2 > 1.5 GeV2 |
 | ORDER | I |   2   |       2      | LO (1) or NLO (2) calculations     |
 | SCAX0 | R |  0.20 |  0.20000E+00 | x-grid  scale from log --> linear  |
 | SCAQ0 | R | +inf  |  0.10000E+11 | Q2-grid scale from log --> linear  |
 | MCSTF | R |  1.5  |  0.16432E+01 | C mass for F2c, FLc (GeV)          |
 | MBSTF | R |  5.0  |  0.54772E+01 | B mass for F2b, FLb (GeV)          |
 | MCALF | R |  1.5  |  0.16432E+01 | C mass for alpha_s evolution (GeV) |
 | MBALF | R |  5.0  |  0.54772E+01 | B mass for alpha_s evolution (GeV) |
 | MTALF | R | 188.  |  0.18800E+03 | T mass for alpha_s evolution (GeV) |
 | ALFAS | R | 0.180 |  0.18000E+00 | Value of alpha_s                   |
 | ALFQ0 | R |  50.  |  0.50000E+02 | Q2 where alpha_s is given (GeV2)   |
 | AAAR2 | R |  1.0  |  0.10000E+01 | R2 = A*M2 + B (ren. scale)         |
 | BBBR2 | R |  0.0  |  0.00000E+00 | R2 = A*M2 + B (ren. scale)         |
 | AAM2L | R |  1.0  |  0.10000E+01 | M2 = A*Q2 + B (light fact. scale)  |
 | BBM2L | R |  0.0  |  0.00000E+00 | M2 = A*Q2 + B (light fact. scale)  |
 | AAM2H | R |  1.0  |  0.10000E+01 | M2 = A*Q2 + B (heavy fact. scale)  |
 | BBM2H | R |  0.0  |  0.00000E+00 | M2 = A*Q2 + B (heavy fact. scale)  |
 +-------+---+-------+--------------+------------------------------------+
 | TCHRM | R | -inf  |  0.27000E+01 | Charm threshold  (GeV2)            |
 | TBOTT | R | +inf  |  0.30000E+02 | Bottom threshold (GeV2)            |
 | XMINC | R |  0.0  | -0.10000E+01 | Xmin cut  (.le.0 = no cut)         |
 | QMINC | R |  0.0  | -0.10000E+01 | Qmin cut  (.le.0 = no cut)         |
 | QMAXC | R |  0.0  | -0.10000E+01 | Qmax cut  (.le.0 = no cut)         |
 | ROOTS | R |  0.0  | -0.10000E+01 | Roots cut (.le.0 = no cut)         |
 | QMINA | R |  0.0  |  0.20000E+01 | Lowest Q2 gridpoint above Lambda2  |
 +-------+---+-------+--------------+------------------------------------+
 | ASOLD | L |   F   |       F      | Use old (incorrect) a_s evolution  |
 | BMARK | L |   F   |       F      | Do not use: for tests only         |
 | FLFAC | R |  0.0  |  0.00000E+00 | Hands off : for experts only       |
 +-------+---+-------+--------------+------------------------------------+





 +-------------+------------------------------------------------------------+
 |             | W_ 1  W_ 2  W_ 3  W_ 4  W_ 5  W_ 6  W_ 7  W_ 8  W_ 9  W_10 |
 | ID NAME  nf | SING  UPLU  DPLU  SPLU  CPLU  BPLU  UPVA  DNVA  FREE  FREE |
 +-------------+------------------------------------------------------------+
 |  0 GLUON    | 0.00  0.00  0.00  0.00  0.00  0.00  0.00  0.00  0.00  0.00 |
 |  1 SINGL    | 1.00  0.00  0.00  0.00  0.00  0.00  0.00  0.00  0.00  0.00 |
 |  2 UPLUS    | 0.00  1.00  0.00  0.00  0.00  0.00  0.00  0.00  0.00  0.00 |
 |  3 DPLUS    | 0.00  0.00  1.00  0.00  0.00  0.00  0.00  0.00  0.00  0.00 |
 |  4 SPLUS    | 0.00  0.00  0.00  1.00  0.00  0.00  0.00  0.00  0.00  0.00 |
 |  5 CPLUS    | 0.00  0.00  0.00  0.00  1.00  0.00  0.00  0.00  0.00  0.00 |
 |  6 BPLUS    | 0.00  0.00  0.00  0.00  0.00  1.00  0.00  0.00  0.00  0.00 |
 |  7 UPVAL    | 0.00  0.00  0.00  0.00  0.00  0.00  1.00  0.00  0.00  0.00 |
 |  8 DNVAL    | 0.00  0.00  0.00  0.00  0.00  0.00  0.00  1.00  0.00  0.00 |
 +-------------+------------------------------------------------------------+
 | 11 UP     3 | 0.17  0.50  0.00  0.00  0.00  0.00  0.50  0.00  0.00  0.00 |
 |           4 | 0.12  0.50  0.00  0.00  0.00  0.00  0.50  0.00  0.00  0.00 |
 |           5 | 0.10  0.50  0.00  0.00  0.00  0.00  0.50  0.00  0.00  0.00 |
 | 12 UBAR   3 | 0.17  0.50  0.00  0.00  0.00  0.00 -0.50  0.00  0.00  0.00 |
 |           4 | 0.12  0.50  0.00  0.00  0.00  0.00 -0.50  0.00  0.00  0.00 |
 |           5 | 0.10  0.50  0.00  0.00  0.00  0.00 -0.50  0.00  0.00  0.00 |
 | 13 DN     3 | 0.17  0.00  0.50  0.00  0.00  0.00  0.00  0.50  0.00  0.00 |
 |           4 | 0.12  0.00  0.50  0.00  0.00  0.00  0.00  0.50  0.00  0.00 |
 |           5 | 0.10  0.00  0.50  0.00  0.00  0.00  0.00  0.50  0.00  0.00 |
 | 14 DBAR   3 | 0.17  0.00  0.50  0.00  0.00  0.00  0.00 -0.50  0.00  0.00 |
 |           4 | 0.12  0.00  0.50  0.00  0.00  0.00  0.00 -0.50  0.00  0.00 |
 |           5 | 0.10  0.00  0.50  0.00  0.00  0.00  0.00 -0.50  0.00  0.00 |
 | 15 SBAR   3 | 0.17  0.00  0.00  0.50  0.00  0.00  0.00  0.00  0.00  0.00 |
 |           4 | 0.12  0.00  0.00  0.50  0.00  0.00  0.00  0.00  0.00  0.00 |
 |           5 | 0.10  0.00  0.00  0.50  0.00  0.00  0.00  0.00  0.00  0.00 |
 | 16 CBAR   3 | 0.17  0.00  0.00  0.00  0.50  0.00  0.00  0.00  0.00  0.00 |
 |           4 | 0.12  0.00  0.00  0.00  0.50  0.00  0.00  0.00  0.00  0.00 |
 |           5 | 0.10  0.00  0.00  0.00  0.50  0.00  0.00  0.00  0.00  0.00 |
 | 17 BBAR   3 | 0.17  0.00  0.00  0.00  0.00  0.50  0.00  0.00  0.00  0.00 |
 |           4 | 0.12  0.00  0.00  0.00  0.00  0.50  0.00  0.00  0.00  0.00 |
 |           5 | 0.10  0.00  0.00  0.00  0.00  0.50  0.00  0.00  0.00  0.00 |
 | 18 PROTO  3 | 0.22  0.44  0.11  0.11  0.00  0.00  0.00  0.00  0.00  0.00 |
 |           4 | 0.28  0.44  0.11  0.11  0.44  0.00  0.00  0.00  0.00  0.00 |
 |           5 | 0.24  0.44  0.11  0.11  0.44  0.11  0.00  0.00  0.00  0.00 |
 | 19 DEUTE  3 | 0.22  0.28  0.28  0.11  0.00  0.00  0.00  0.00  0.00  0.00 |
 |           4 | 0.28  0.28  0.28  0.11  0.44  0.00  0.00  0.00  0.00  0.00 |
 |           5 | 0.24  0.28  0.28  0.11  0.44  0.11  0.00  0.00  0.00  0.00 |
 +-------------+------------------------------------------------------------+






 QCDNUM x-Q2 evolution grid
 --------------------------

   nx      xmin      xmax   nq      qmin      qmax
  100 0.0000100 1.0000000   40      2.00  10000.00

 Xgrid (heavy quarks)
   1 0.10000E-04   2 0.11220E-04   3 0.12589E-04   4 0.14125E-04   5 0.15849E-04
   6 0.17783E-04   7 0.19953E-04   8 0.22387E-04   9 0.25119E-04  10 0.28184E-04
  11 0.31623E-04  12 0.35481E-04  13 0.39811E-04  14 0.44668E-04  15 0.50119E-04
  16 0.56234E-04  17 0.63096E-04  18 0.70795E-04  19 0.79433E-04  20 0.89125E-04
  21 0.10000E-03  22 0.11220E-03  23 0.12589E-03  24 0.14125E-03  25 0.15849E-03
  26 0.17783E-03  27 0.19953E-03  28 0.22387E-03  29 0.25119E-03  30 0.28184E-03
  31 0.31623E-03  32 0.35481E-03  33 0.39811E-03  34 0.44668E-03  35 0.50119E-03
  36 0.56234E-03  37 0.63096E-03  38 0.70795E-03  39 0.79433E-03  40 0.89125E-03
  41 0.10000E-02  42 0.11220E-02  43 0.12589E-02  44 0.14125E-02  45 0.15849E-02
  46 0.17783E-02  47 0.19953E-02  48 0.22387E-02  49 0.25119E-02  50 0.28184E-02
  51 0.31623E-02  52 0.35481E-02  53 0.39811E-02  54 0.44668E-02  55 0.50119E-02
  56 0.56234E-02  57 0.63096E-02  58 0.70795E-02  59 0.79433E-02  60 0.89125E-02
  61 0.10000E-01  62 0.11220E-01  63 0.12589E-01  64 0.14125E-01  65 0.15849E-01
  66 0.17783E-01  67 0.19953E-01  68 0.22387E-01  69 0.25119E-01  70 0.28184E-01
  71 0.31623E-01  72 0.35481E-01  73 0.39811E-01  74 0.44668E-01  75 0.50119E-01
  76 0.56234E-01  77 0.63096E-01  78 0.70795E-01  79 0.79433E-01  80 0.89125E-01
  81 0.10000E+00  82 0.11220E+00  83 0.12589E+00  84 0.14125E+00  85 0.15849E+00
  86 0.17783E+00  87 0.19953E+00  88 0.22387E+00  89 0.25119E+00  90 0.28184E+00
  91 0.31623E+00  92 0.35481E+00  93 0.39811E+00  94 0.44668E+00  95 0.50119E+00
  96 0.56234E+00  97 0.63096E+00  98 0.70795E+00  99 0.79433E+00 100 0.89125E+00

 Xgrid
   1 0.10000E-04   2 0.11492E-04   3 0.13206E-04   4 0.15176E-04   5 0.17439E-04
   6 0.20041E-04   7 0.23030E-04   8 0.26465E-04   9 0.30413E-04  10 0.34949E-04
  11 0.40163E-04  12 0.46153E-04  13 0.53038E-04  14 0.60949E-04  15 0.70040E-04
  16 0.80488E-04  17 0.92494E-04  18 0.10629E-03  19 0.12215E-03  20 0.14037E-03
  21 0.16130E-03  22 0.18536E-03  23 0.21301E-03  24 0.24479E-03  25 0.28130E-03
  26 0.32326E-03  27 0.37148E-03  28 0.42689E-03  29 0.49057E-03  30 0.56374E-03
  31 0.64783E-03  32 0.74447E-03  33 0.85551E-03  34 0.98312E-03  35 0.11298E-02
  36 0.12983E-02  37 0.14920E-02  38 0.17145E-02  39 0.19702E-02  40 0.22641E-02
  41 0.26019E-02  42 0.29900E-02  43 0.34360E-02  44 0.39485E-02  45 0.45374E-02
  46 0.52143E-02  47 0.59921E-02  48 0.68859E-02  49 0.79130E-02  50 0.90933E-02
  51 0.10450E-01  52 0.12008E-01  53 0.13800E-01  54 0.15858E-01  55 0.18224E-01
  56 0.20942E-01  57 0.24066E-01  58 0.27655E-01  59 0.31780E-01  60 0.36521E-01
  61 0.41969E-01  62 0.48229E-01  63 0.55423E-01  64 0.63690E-01  65 0.73190E-01
  66 0.84108E-01  67 0.96653E-01  68 0.11107E+00  69 0.12764E+00  70 0.14668E+00
  71 0.16856E+00  72 0.19370E+00  73 0.22140E+00  74 0.24921E+00  75 0.27702E+00
  76 0.30483E+00  77 0.33263E+00  78 0.36044E+00  79 0.38825E+00  80 0.41605E+00
  81 0.44386E+00  82 0.47167E+00  83 0.49947E+00  84 0.52728E+00  85 0.55509E+00
  86 0.58290E+00  87 0.61070E+00  88 0.63851E+00  89 0.66632E+00  90 0.69412E+00
  91 0.72193E+00  92 0.74974E+00  93 0.77754E+00  94 0.80535E+00  95 0.83316E+00
  96 0.86097E+00  97 0.88877E+00  98 0.91658E+00  99 0.94439E+00 100 0.97219E+00

 Qgrid
   1 0.20000E+01   2 0.25338E+01   3 0.27000E+01   4 0.32102E+01   5 0.40000E+01
   6 0.40670E+01   7 0.51526E+01   8 0.65279E+01   9 0.82704E+01  10 0.10478E+02
  11 0.13275E+02  12 0.16818E+02  13 0.21307E+02  14 0.26994E+02  15 0.30000E+02
  16 0.34200E+02  17 0.43328E+02  18 0.54893E+02  19 0.69545E+02  20 0.88108E+02
  21 0.11163E+03  22 0.14142E+03  23 0.17917E+03  24 0.22699E+03  25 0.28758E+03
  26 0.36434E+03  27 0.46159E+03  28 0.58480E+03  29 0.74090E+03  30 0.93866E+03
  31 0.11892E+04  32 0.15066E+04  33 0.19088E+04  34 0.24183E+04  35 0.30638E+04
  36 0.38815E+04  37 0.49176E+04  38 0.62302E+04  39 0.78932E+04  40 0.10000E+05

 Thresholds and cuts
 Q2  charm .......:  0.27000E+01
 Q2 bottom .......:  0.30000E+02
 Xmin  cut .......: -0.10000E+01
 Qmin  cut .......: -0.10000E+01
 Qmax  cut .......: -0.10000E+01
 Roots cut .......: -0.10000E+01
 Qmin  alpha_s ...:  0.20000E+01



 --------------------------------------------------------------------------
 Structure function calls            F2       FL      xF3      F2h      FLh
 --------------------------------------------------------------------------
 Slow calculation                   456        0        0        0        0
 Fast calculation                     0        0        0        0        0
 Outside grid or cuts                 0        0        0        0        0
 --------------------------------------------------------------------------
 Total                              456        0        0        0        0
 --------------------------------------------------------------------------


 -------------------------------------------------
 Routine     # calls   # evols   CPU sec  CPU/evol
 -------------------------------------------------
 EVOLNM            2       2.0       0.0      0.02
 EVOLNP           12       4.8       0.0      0.01
 EVOLSG            1       1.0       0.0      0.04
 -------------------------------------------------
 AP total         15       7.8       0.1      0.02
 
 STFAST            0       0.0       0.0
 QNFILW            1                37.0
 Other                               0.6
 -------------------------------------------------
 Total                              37.8
 -------------------------------------------------
