

 QCDNUM example job workshop.car
 -------------------------------






        +-----------------------------------------------+
        |                                               |
        | You are using the double precision version of |
        |                                               |
        |              Q C D N U M 16.12                |
        |                                               |
        |         Author  : Michiel Botje               |
        |         Email   : h24@nikhef.nl               |
        |                                               |
        |         Date    : 12-08-98                    |
        |         Max NX  : 151                         |
        |         Max NQ2 :  61                         |
        |                                               |
        +-----------------------------------------------+







 QNFILW: Calculate LO weights analytically

 QNFILW: Calculate NLO weights

 QNFILW: Calculate F2 weights


 AU=     0.222 AD=     0.091 AS=     0.150 AG=     0.537
 AGLUE  =         1.9083594473
 AUPVAL =         2.1875000000
 ADNVAL =         1.2304687500
 ASEA   =         0.6733449216


  nxg  nqg  nxt  nqt
  100   30   17   11
 xxtab
 0.10000E-04 0.20000E-04 0.50000E-04 0.10000E-03 0.20000E-03 0.50000E-03
 0.10000E-02 0.20000E-02 0.50000E-02 0.10000E-01 0.20000E-01 0.50000E-01
 0.10000E+00 0.20000E+00 0.50000E+00 0.70000E+00 0.90000E+00
 qqtab
 0.40000E+01 0.10000E+02 0.20000E+02 0.50000E+02 0.10000E+03 0.20000E+03
 0.50000E+03 0.10000E+04 0.20000E+04 0.50000E+04 0.10000E+05
 gluon
 0.19083E+02 0.16612E+02 0.13836E+02 0.12042E+02 0.10478E+02 0.87076E+01
 0.75613E+01 0.65494E+01 0.53729E+01 0.45612E+01 0.37745E+01 0.26903E+01
 0.17882E+01 0.86558E+00 0.68545E-01 0.50507E-02 0.23000E-04 0.38684E+02
 0.32799E+02 0.26264E+02 0.22096E+02 0.18511E+02 0.14524E+02 0.11999E+02
 0.98259E+01 0.74025E+01 0.58371E+01 0.44488E+01 0.28052E+01 0.16787E+01
 0.71871E+00 0.44830E-01 0.28676E-02 0.12360E-04 0.56864E+02 0.47404E+02
 0.37039E+02 0.30530E+02 0.25010E+02 0.18986E+02 0.15253E+02 0.12109E+02
 0.87075E+01 0.65954E+01 0.48042E+01 0.28270E+01 0.15911E+01 0.63262E+00
 0.34078E-01 0.20072E-02 0.84934E-05 0.84662E+02 0.69212E+02 0.52594E+02
 0.42369E+02 0.33861E+02 0.24798E+02 0.19333E+02 0.14850E+02 0.10170E+02
 0.73859E+01 0.51315E+01 0.28076E+01 0.14800E+01 0.54307E+00 0.24981E-01
 0.13544E-02 0.56717E-05 0.10803E+03 0.87202E+02 0.65083E+02 0.51663E+02
 0.40642E+02 0.29091E+02 0.22255E+02 0.16745E+02 0.11122E+02 0.78674E+01
 0.53062E+01 0.27724E+01 0.14014E+01 0.48810E+00 0.20268E-01 0.10449E-02
 0.43575E-05 0.13314E+03 0.10624E+03 0.78019E+02 0.61121E+02 0.47411E+02
 0.33257E+02 0.25021E+02 0.18486E+02 0.11954E+02 0.82651E+01 0.54323E+01
 0.27265E+01 0.13284E+01 0.44195E+00 0.16793E-01 0.83104E-03 0.34535E-05
 0.16840E+03 0.13258E+03 0.95543E+02 0.73712E+02 0.56253E+02 0.38546E+02
 0.28447E+02 0.20582E+02 0.12907E+02 0.86918E+01 0.55454E+01 0.26570E+01
 0.12402E+01 0.39107E+00 0.13408E-01 0.63461E-03 0.26225E-05 0.19637E+03
 0.15319E+03 0.10899E+03 0.83220E+02 0.62812E+02 0.42368E+02 0.30865E+02
 0.22021E+02 0.13528E+02 0.89513E+01 0.55989E+01 0.26007E+01 0.11797E+01
 0.35887E+00 0.11502E-01 0.52965E-03 0.21767E-05 0.22521E+03 0.17423E+03
 0.12252E+03 0.92664E+02 0.69241E+02 0.46038E+02 0.33146E+02 0.23349E+02
 0.14079E+02 0.91682E+01 0.56321E+01 0.25433E+01 0.11239E+01 0.33082E+00
 0.99744E-02 0.44856E-03 0.18309E-05 0.26442E+03 0.20250E+03 0.14040E+03
 0.10498E+03 0.77503E+02 0.50650E+02 0.35955E+02 0.24944E+02 0.14709E+02
 0.93982E+01 0.56509E+01 0.24674E+01 0.10569E+01 0.29919E+00 0.84028E-02
 0.36813E-03 0.14863E-05 0.29469E+03 0.22411E+03 0.15387E+03 0.11415E+03
 0.83572E+02 0.53970E+02 0.37942E+02 0.26047E+02 0.15125E+02 0.95383E+01
 0.56509E+01 0.24108E+01 0.10107E+01 0.27848E+00 0.74521E-02 0.32093E-03
 0.12834E-05
 qprot
 0.14997E+01 0.13074E+01 0.10926E+01 0.95508E+00 0.83689E+00 0.70682E+00
 0.62663E+00 0.56075E+00 0.49424E+00 0.45793E+00 0.43139E+00 0.40155E+00
 0.36591E+00 0.29096E+00 0.93328E-01 0.23005E-01 0.98451E-03 0.30485E+01
 0.25966E+01 0.20953E+01 0.17767E+01 0.15041E+01 0.12046E+01 0.10190E+01
 0.86431E+00 0.70186E+00 0.60612E+00 0.52924E+00 0.44397E+00 0.37453E+00
 0.27618E+00 0.78389E-01 0.17797E-01 0.66627E-03 0.44253E+01 0.37177E+01
 0.29405E+01 0.24518E+01 0.20375E+01 0.15872E+01 0.13111E+01 0.10824E+01
 0.84322E+00 0.70228E+00 0.58908E+00 0.46678E+00 0.37687E+00 0.26586E+00
 0.69942E-01 0.15064E-01 0.51766E-03 0.64877E+01 0.53656E+01 0.41504E+01
 0.33975E+01 0.27678E+01 0.20940E+01 0.16873E+01 0.13548E+01 0.10119E+01
 0.81234E+00 0.65404E+00 0.48859E+00 0.37671E+00 0.25342E+00 0.61273E-01
 0.12433E-01 0.38806E-03 0.82117E+01 0.67222E+01 0.51251E+01 0.41462E+01
 0.33352E+01 0.24772E+01 0.19654E+01 0.15512E+01 0.11289E+01 0.88595E+00
 0.69550E+00 0.50085E+00 0.37512E+00 0.24478E+00 0.55957E-01 0.10905E-01
 0.31897E-03 0.10064E+02 0.81618E+01 0.61421E+01 0.49165E+01 0.39103E+01
 0.28573E+01 0.22363E+01 0.17387E+01 0.12371E+01 0.95214E+00 0.73136E+00
 0.51028E+00 0.37267E+00 0.23678E+00 0.51473E-01 0.96716E-02 0.26683E-03
 0.12673E+02 0.10166E+02 0.75344E+01 0.59568E+01 0.46757E+01 0.33524E+01
 0.25829E+01 0.19739E+01 0.13688E+01 0.10303E+01 0.77203E+00 0.51955E+00
 0.36864E+00 0.22706E+00 0.46482E-01 0.83565E-02 0.21485E-03 0.14757E+02
 0.11749E+02 0.86165E+01 0.67550E+01 0.52549E+01 0.37198E+01 0.28358E+01
 0.21422E+01 0.14603E+01 0.10831E+01 0.79839E+00 0.52464E+00 0.36519E+00
 0.22031E+00 0.43284E-01 0.75485E-02 0.18491E-03 0.16917E+02 0.13377E+02
 0.97165E+01 0.75586E+01 0.58322E+01 0.40804E+01 0.30809E+01 0.23031E+01
 0.15458E+01 0.11313E+01 0.82172E+00 0.52848E+00 0.36154E+00 0.21401E+00
 0.40466E-01 0.68583E-02 0.16055E-03 0.19882E+02 0.15589E+02 0.11192E+02
 0.86250E+01 0.65893E+01 0.45454E+01 0.33926E+01 0.25044E+01 0.16500E+01
 0.11887E+01 0.84840E+00 0.53195E+00 0.35653E+00 0.20631E+00 0.37241E-01
 0.60957E-02 0.13506E-03 0.22192E+02 0.17298E+02 0.12319E+02 0.94317E+01
 0.71563E+01 0.48886E+01 0.36196E+01 0.26489E+01 0.17232E+01 0.12280E+01
 0.86604E+00 0.53365E+00 0.35268E+00 0.20090E+00 0.35097E-01 0.56045E-02
 0.11943E-03
 F2p
 0.15779E+01 0.13754E+01 0.11486E+01 0.10031E+01 0.87728E+00 0.73712E+00
 0.64866E+00 0.57332E+00 0.49158E+00 0.44138E+00 0.39966E+00 0.35325E+00
 0.31705E+00 0.26212E+00 0.10511E+00 0.31826E-01 0.19088E-02 0.31123E+01
 0.26443E+01 0.21253E+01 0.17956E+01 0.15134E+01 0.12028E+01 0.10097E+01
 0.84762E+00 0.67528E+00 0.57196E+00 0.48822E+00 0.39891E+00 0.33594E+00
 0.25705E+00 0.87611E-01 0.23689E-01 0.11918E-02 0.44603E+01 0.37356E+01
 0.29410E+01 0.24422E+01 0.20200E+01 0.15616E+01 0.12807E+01 0.10479E+01
 0.80416E+00 0.66027E+00 0.54520E+00 0.42506E+00 0.34425E+00 0.25139E+00
 0.77718E-01 0.19589E-01 0.88183E-03 0.64683E+01 0.53323E+01 0.41051E+01
 0.33469E+01 0.27142E+01 0.20391E+01 0.16329E+01 0.13017E+01 0.96122E+00
 0.76397E+00 0.60885E+00 0.45097E+00 0.34990E+00 0.24297E+00 0.67668E-01
 0.15803E-01 0.63018E-03 0.81423E+01 0.66444E+01 0.50426E+01 0.40637E+01
 0.32550E+01 0.24022E+01 0.18954E+01 0.14867E+01 0.10719E+01 0.83472E+00
 0.65043E+00 0.46612E+00 0.35176E+00 0.23647E+00 0.61542E-01 0.13666E-01
 0.50266E-03 0.99391E+01 0.80366E+01 0.60217E+01 0.48028E+01 0.38049E+01
 0.27643E+01 0.21530E+01 0.16651E+01 0.11757E+01 0.89933E+00 0.68705E+00
 0.47823E+00 0.35218E+00 0.23009E+00 0.56393E-01 0.11971E-01 0.40971E-03
 0.12471E+02 0.99764E+01 0.73644E+01 0.58035E+01 0.45396E+01 0.32386E+01
 0.24850E+01 0.18908E+01 0.13033E+01 0.97665E+00 0.72924E+00 0.49073E+00
 0.35124E+00 0.22198E+00 0.50686E-01 0.10196E-01 0.32010E-03 0.14494E+02
 0.11510E+02 0.84103E+01 0.65737E+01 0.50978E+01 0.35923E+01 0.27288E+01
 0.20536E+01 0.13929E+01 0.10295E+01 0.75699E+00 0.49799E+00 0.34971E+00
 0.21615E+00 0.47047E-01 0.91232E-02 0.27010E-03 0.16594E+02 0.13089E+02
 0.94755E+01 0.73510E+01 0.56557E+01 0.39409E+01 0.29662E+01 0.22101E+01
 0.14772E+01 0.10781E+01 0.78179E+00 0.50380E+00 0.34770E+00 0.21058E+00
 0.43851E-01 0.82181E-02 0.23034E-03 0.19479E+02 0.15239E+02 0.10907E+02
 0.83852E+01 0.63899E+01 0.43925E+01 0.32695E+01 0.24070E+01 0.15807E+01
 0.11365E+01 0.81046E+00 0.50959E+00 0.34450E+00 0.20364E+00 0.40209E-01
 0.72310E-02 0.18975E-03 0.21730E+02 0.16903E+02 0.12003E+02 0.91697E+01
 0.69414E+01 0.47268E+01 0.34915E+01 0.25492E+01 0.16537E+01 0.11767E+01
 0.82959E+00 0.51285E+00 0.34180E+00 0.19869E+00 0.37797E-01 0.66026E-02
 0.16539E-03


 +-------+---+-------+--------------+------------------------------------+
 | var   |typ| deflt |     value    | description                        |
 +-------+---+-------+--------------+------------------------------------+
 | W1ANA | L |   T   |       T      | Analytical LO weight calculation   |
 | W1NUM | L |   F   |       F      | Numerical  LO weight calculation   |
 | W2NUM | L |   T   |       T      | Numerical NLO weight calculation   |
 | W2STF | L |   T   |       T      | Structure function NLO weights     |
 | WTF2C | L |   F   |       F      | F2_charm  weight calculation       |
 | WTF2B | L |   F   |       F      | F2_bottom weight calculation       |
 | WTFLC | L |   F   |       F      | FL_charm  weight calculation       |
 | WTFLB | L |   F   |       F      | FL_bottom weight calculation       |
 | LIMCK | L |   T   |       T      | Check x, Q2 limits and cuts        |
 | CLOWQ | L |   T   |       T      | Heavy F2,FL only for Q2 > 1.5 GeV2 |
 | ORDER | I |   2   |       2      | LO (1) or NLO (2) calculations     |
 | SCAX0 | R |  0.20 |  0.20000E+00 | x-grid  scale from log --> linear  |
 | SCAQ0 | R | +inf  |  0.10000E+11 | Q2-grid scale from log --> linear  |
 | MCSTF | R |  1.5  |  0.15000E+01 | C mass for F2c, FLc (GeV)          |
 | MBSTF | R |  5.0  |  0.50000E+01 | B mass for F2b, FLb (GeV)          |
 | MCALF | R |  1.5  |  0.15000E+01 | C mass for alpha_s evolution (GeV) |
 | MBALF | R |  5.0  |  0.50000E+01 | B mass for alpha_s evolution (GeV) |
 | MTALF | R | 188.  |  0.18800E+03 | T mass for alpha_s evolution (GeV) |
 | ALFAS | R | 0.180 |  0.11800E+00 | Value of alpha_s                   |
 | ALFQ0 | R |  50.  |  0.83152E+04 | Q2 where alpha_s is given (GeV2)   |
 | AAAR2 | R |  1.0  |  0.10000E+01 | R2 = A*M2 + B (ren. scale)         |
 | BBBR2 | R |  0.0  |  0.00000E+00 | R2 = A*M2 + B (ren. scale)         |
 | AAM2L | R |  1.0  |  0.10000E+01 | M2 = A*Q2 + B (light fact. scale)  |
 | BBM2L | R |  0.0  |  0.00000E+00 | M2 = A*Q2 + B (light fact. scale)  |
 | AAM2H | R |  1.0  |  0.10000E+01 | M2 = A*Q2 + B (heavy fact. scale)  |
 | BBM2H | R |  0.0  |  0.00000E+00 | M2 = A*Q2 + B (heavy fact. scale)  |
 +-------+---+-------+--------------+------------------------------------+
 | TCHRM | R | -inf  |  0.10000E+00 | Charm threshold  (GeV2)            |
 | TBOTT | R | +inf  |  0.10000E+07 | Bottom threshold (GeV2)            |
 | XMINC | R |  0.0  | -0.10000E+01 | Xmin cut  (.le.0 = no cut)         |
 | QMINC | R |  0.0  | -0.10000E+01 | Qmin cut  (.le.0 = no cut)         |
 | QMAXC | R |  0.0  | -0.10000E+01 | Qmax cut  (.le.0 = no cut)         |
 | ROOTS | R |  0.0  | -0.10000E+01 | Roots cut (.le.0 = no cut)         |
 | QMINA | R |  0.0  |  0.40000E+01 | Lowest Q2 gridpoint above Lambda2  |
 +-------+---+-------+--------------+------------------------------------+
 | ASOLD | L |   F   |       F      | Use old (incorrect) a_s evolution  |
 | BMARK | L |   F   |       F      | Do not use: for tests only         |
 | FLFAC | R |  0.0  |  0.00000E+00 | Hands off : for experts only       |
 +-------+---+-------+--------------+------------------------------------+





 +-------------+------------------------------------------------------------+
 |             | W_ 1  W_ 2  W_ 3  W_ 4  W_ 5  W_ 6  W_ 7  W_ 8  W_ 9  W_10 |
 | ID NAME  nf | SING  UPLU  CPLU  UPVA  DNVA  FREE  FREE  FREE  FREE  FREE |
 +-------------+------------------------------------------------------------+
 |  0 GLUON    | 0.00  0.00  0.00  0.00  0.00  0.00  0.00  0.00  0.00  0.00 |
 |  1 SINGL    | 1.00  0.00  0.00  0.00  0.00  0.00  0.00  0.00  0.00  0.00 |
 |  2 UPLUS    | 0.00  1.00  0.00  0.00  0.00  0.00  0.00  0.00  0.00  0.00 |
 |  3 CPLUS    | 0.00  0.00  1.00  0.00  0.00  0.00  0.00  0.00  0.00  0.00 |
 |  4 UPVAL    | 0.00  0.00  0.00  1.00  0.00  0.00  0.00  0.00  0.00  0.00 |
 |  5 DNVAL    | 0.00  0.00  0.00  0.00  1.00  0.00  0.00  0.00  0.00  0.00 |
 +-------------+------------------------------------------------------------+
 | 11 PROTO  4 | 0.28  0.33  0.33  0.00  0.00  0.00  0.00  0.00  0.00  0.00 |
 +-------------+------------------------------------------------------------+






 QCDNUM x-Q2 evolution grid
 --------------------------

   nx      xmin      xmax   nq      qmin      qmax
  100 0.0000100 1.0000000   30      4.00  10000.00

 Xgrid (heavy quarks)
   1 0.10000E-04   2 0.11220E-04   3 0.12589E-04   4 0.14125E-04   5 0.15849E-04
   6 0.17783E-04   7 0.19953E-04   8 0.22387E-04   9 0.25119E-04  10 0.28184E-04
  11 0.31623E-04  12 0.35481E-04  13 0.39811E-04  14 0.44668E-04  15 0.50119E-04
  16 0.56234E-04  17 0.63096E-04  18 0.70795E-04  19 0.79433E-04  20 0.89125E-04
  21 0.10000E-03  22 0.11220E-03  23 0.12589E-03  24 0.14125E-03  25 0.15849E-03
  26 0.17783E-03  27 0.19953E-03  28 0.22387E-03  29 0.25119E-03  30 0.28184E-03
  31 0.31623E-03  32 0.35481E-03  33 0.39811E-03  34 0.44668E-03  35 0.50119E-03
  36 0.56234E-03  37 0.63096E-03  38 0.70795E-03  39 0.79433E-03  40 0.89125E-03
  41 0.10000E-02  42 0.11220E-02  43 0.12589E-02  44 0.14125E-02  45 0.15849E-02
  46 0.17783E-02  47 0.19953E-02  48 0.22387E-02  49 0.25119E-02  50 0.28184E-02
  51 0.31623E-02  52 0.35481E-02  53 0.39811E-02  54 0.44668E-02  55 0.50119E-02
  56 0.56234E-02  57 0.63096E-02  58 0.70795E-02  59 0.79433E-02  60 0.89125E-02
  61 0.10000E-01  62 0.11220E-01  63 0.12589E-01  64 0.14125E-01  65 0.15849E-01
  66 0.17783E-01  67 0.19953E-01  68 0.22387E-01  69 0.25119E-01  70 0.28184E-01
  71 0.31623E-01  72 0.35481E-01  73 0.39811E-01  74 0.44668E-01  75 0.50119E-01
  76 0.56234E-01  77 0.63096E-01  78 0.70795E-01  79 0.79433E-01  80 0.89125E-01
  81 0.10000E+00  82 0.11220E+00  83 0.12589E+00  84 0.14125E+00  85 0.15849E+00
  86 0.17783E+00  87 0.19953E+00  88 0.22387E+00  89 0.25119E+00  90 0.28184E+00
  91 0.31623E+00  92 0.35481E+00  93 0.39811E+00  94 0.44668E+00  95 0.50119E+00
  96 0.56234E+00  97 0.63096E+00  98 0.70795E+00  99 0.79433E+00 100 0.89125E+00

 Xgrid
   1 0.10000E-04   2 0.11492E-04   3 0.13206E-04   4 0.15176E-04   5 0.17439E-04
   6 0.20041E-04   7 0.23030E-04   8 0.26465E-04   9 0.30413E-04  10 0.34949E-04
  11 0.40163E-04  12 0.46153E-04  13 0.53038E-04  14 0.60949E-04  15 0.70040E-04
  16 0.80488E-04  17 0.92494E-04  18 0.10629E-03  19 0.12215E-03  20 0.14037E-03
  21 0.16130E-03  22 0.18536E-03  23 0.21301E-03  24 0.24479E-03  25 0.28130E-03
  26 0.32326E-03  27 0.37148E-03  28 0.42689E-03  29 0.49057E-03  30 0.56374E-03
  31 0.64783E-03  32 0.74447E-03  33 0.85551E-03  34 0.98312E-03  35 0.11298E-02
  36 0.12983E-02  37 0.14920E-02  38 0.17145E-02  39 0.19702E-02  40 0.22641E-02
  41 0.26019E-02  42 0.29900E-02  43 0.34360E-02  44 0.39485E-02  45 0.45374E-02
  46 0.52143E-02  47 0.59921E-02  48 0.68859E-02  49 0.79130E-02  50 0.90933E-02
  51 0.10450E-01  52 0.12008E-01  53 0.13800E-01  54 0.15858E-01  55 0.18224E-01
  56 0.20942E-01  57 0.24066E-01  58 0.27655E-01  59 0.31780E-01  60 0.36521E-01
  61 0.41969E-01  62 0.48229E-01  63 0.55423E-01  64 0.63690E-01  65 0.73190E-01
  66 0.84108E-01  67 0.96653E-01  68 0.11107E+00  69 0.12764E+00  70 0.14668E+00
  71 0.16856E+00  72 0.19370E+00  73 0.22140E+00  74 0.24921E+00  75 0.27702E+00
  76 0.30483E+00  77 0.33263E+00  78 0.36044E+00  79 0.38825E+00  80 0.41605E+00
  81 0.44386E+00  82 0.47167E+00  83 0.49947E+00  84 0.52728E+00  85 0.55509E+00
  86 0.58290E+00  87 0.61070E+00  88 0.63851E+00  89 0.66632E+00  90 0.69412E+00
  91 0.72193E+00  92 0.74974E+00  93 0.77754E+00  94 0.80535E+00  95 0.83316E+00
  96 0.86097E+00  97 0.88877E+00  98 0.91658E+00  99 0.94439E+00 100 0.97219E+00

 Qgrid
   1 0.40000E+01   2 0.52388E+01   3 0.68612E+01   4 0.89861E+01   5 0.11769E+02
   6 0.15414E+02   7 0.20187E+02   8 0.26439E+02   9 0.34628E+02  10 0.45352E+02
  11 0.59397E+02  12 0.77792E+02  13 0.10188E+03  14 0.13344E+03  15 0.17476E+03
  16 0.22888E+03  17 0.29977E+03  18 0.39261E+03  19 0.51419E+03  20 0.67344E+03
  21 0.88200E+03  22 0.11551E+04  23 0.15129E+04  24 0.19814E+04  25 0.25951E+04
  26 0.33987E+04  27 0.44513E+04  28 0.58299E+04  29 0.76354E+04  30 0.10000E+05

 Thresholds and cuts
 Q2  charm .......:  0.10000E+00
 Q2 bottom .......:  0.10000E+07
 Xmin  cut .......: -0.10000E+01
 Qmin  cut .......: -0.10000E+01
 Qmax  cut .......: -0.10000E+01
 Roots cut .......: -0.10000E+01
 Qmin  alpha_s ...:  0.40000E+01



 --------------------------------------------------------------------------
 Structure function calls            F2       FL      xF3      F2h      FLh
 --------------------------------------------------------------------------
 Slow calculation                   187        0        0        0        0
 Fast calculation                     0        0        0        0        0
 Outside grid or cuts                 0        0        0        0        0
 --------------------------------------------------------------------------
 Total                              187        0        0        0        0
 --------------------------------------------------------------------------


 -------------------------------------------------
 Routine     # calls   # evols   CPU sec  CPU/evol
 -------------------------------------------------
 EVOLNM            2       2.0       0.0      0.01
 EVOLNP            2       2.0       0.0      0.01
 EVOLSG            1       1.0       0.0      0.03
 -------------------------------------------------
 AP total          5       5.0       0.1      0.01
 
 STFAST            0       0.0       0.0
 QNFILW            1                37.3
 Other                               0.3
 -------------------------------------------------
 Total                              37.7
 -------------------------------------------------
