  4.6723  2.8793  0.3000   0.181E-03  0.356E+00  0.357E+00  0.597E-05  0.556E-01  0.556E-01  0.228E-01  0.107E+01  1.6251
  4.5569  2.9266  0.3100   0.203E-03  0.352E+00  0.352E+00  0.672E-05  0.547E-01  0.547E-01  0.224E-01  0.107E+01  1.6518
  4.4453  2.9723  0.3200   0.228E-03  0.343E+00  0.344E+00  0.757E-05  0.536E-01  0.536E-01  0.220E-01  0.107E+01  1.6776
  4.3372  3.0166  0.3300   0.257E-03  0.336E+00  0.336E+00  0.852E-05  0.527E-01  0.527E-01  0.216E-01  0.106E+01  1.7026
  4.2324  3.0595  0.3400   0.283E-03  0.330E+00  0.331E+00  0.940E-05  0.520E-01  0.520E-01  0.213E-01  0.106E+01  1.7268
  4.1309  3.1011  0.3500   0.315E-03  0.306E+00  0.306E+00  0.105E-04  0.518E-01  0.518E-01  0.212E-01  0.984E+00  1.7503
  4.0325  3.1414  0.3600   0.346E-03  0.317E+00  0.317E+00  0.116E-04  0.829E-02  0.831E-02  0.340E-02  0.636E+01  1.7731
  3.9370  3.1805  0.3700   0.383E-03  0.317E+00  0.318E+00  0.127E-04  0.778E-02  0.779E-02  0.319E-02  0.680E+01  1.7951
  3.8443  3.2185  0.3800   0.416E-03  0.281E+00  0.281E+00  0.138E-04  0.394E-01  0.394E-01  0.161E-01  0.119E+01  1.8166
  3.7542  3.2554  0.3900   0.457E-03  0.243E+00  0.243E+00  0.152E-04  0.475E-01  0.475E-01  0.194E-01  0.854E+00  1.8374
  3.6668  3.2912  0.4000   0.498E-03  0.264E+00  0.265E+00  0.165E-04  0.473E-01  0.473E-01  0.194E-01  0.932E+00  1.8576
  3.5818  3.3260  0.4100   0.540E-03  0.256E+00  0.256E+00  0.179E-04  0.462E-01  0.463E-01  0.189E-01  0.924E+00  1.8773
  3.4992  3.3599  0.4200   0.584E-03  0.277E+00  0.278E+00  0.193E-04  0.452E-01  0.452E-01  0.185E-01  0.102E+01  1.8964
  3.4188  3.3928  0.4300   0.629E-03  0.241E+00  0.242E+00  0.208E-04  0.440E-01  0.441E-01  0.180E-01  0.916E+00  1.9150
  3.3406  3.4249  0.4400   0.688E-03  0.232E+00  0.232E+00  0.226E-04  0.433E-01  0.433E-01  0.177E-01  0.895E+00  1.9330
  3.2645  3.4560  0.4500   0.734E-03  0.224E+00  0.225E+00  0.241E-04  0.427E-01  0.428E-01  0.175E-01  0.877E+00  1.9506
  3.1904  3.4864  0.4600   0.797E-03  0.226E+00  0.227E+00  0.260E-04  0.424E-01  0.424E-01  0.174E-01  0.890E+00  1.9678
  3.1182  3.5160  0.4700   0.864E-03  0.230E+00  0.231E+00  0.280E-04  0.422E-01  0.423E-01  0.173E-01  0.910E+00  1.9845
  3.0478  3.5448  0.4800   0.932E-03  0.224E+00  0.225E+00  0.300E-04  0.420E-01  0.420E-01  0.172E-01  0.891E+00  2.0007
  2.9793  3.5729  0.4900   0.101E-02  0.218E+00  0.219E+00  0.320E-04  0.416E-01  0.416E-01  0.170E-01  0.878E+00  2.0166
  2.9124  3.6003  0.5000   0.110E-02  0.212E+00  0.213E+00  0.345E-04  0.408E-01  0.408E-01  0.167E-01  0.870E+00  2.0321
  2.8472  3.6270  0.5100   0.120E-02  0.206E+00  0.207E+00  0.367E-04  0.396E-01  0.396E-01  0.162E-01  0.869E+00  2.0471
  2.7836  3.6530  0.5200   0.131E-02  0.201E+00  0.203E+00  0.392E-04  0.378E-01  0.379E-01  0.155E-01  0.893E+00  2.0618
  2.7215  3.6785  0.5300   0.143E-02  0.191E+00  0.192E+00  0.422E-04  0.339E-01  0.339E-01  0.139E-01  0.945E+00  2.0762
  2.6609  3.7033  0.5400   0.158E-02  0.189E+00  0.190E+00  0.451E-04  0.316E-01  0.317E-01  0.130E-01  0.100E+01  2.0902
  2.6017  3.7276  0.5500   0.175E-02  0.180E+00  0.181E+00  0.483E-04  0.332E-01  0.332E-01  0.136E-01  0.910E+00  2.1039
  2.5439  3.7512  0.5600   0.195E-02  0.172E+00  0.174E+00  0.518E-04  0.323E-01  0.323E-01  0.132E-01  0.898E+00  2.1173
  2.4874  3.7744  0.5700   0.217E-02  0.167E+00  0.170E+00  0.559E-04  0.315E-01  0.316E-01  0.129E-01  0.894E+00  2.1303
  2.4323  3.7970  0.5800   0.243E-02  0.162E+00  0.165E+00  0.606E-04  0.310E-01  0.311E-01  0.127E-01  0.884E+00  2.1431
  2.3783  3.8191  0.5900   0.274E-02  0.158E+00  0.161E+00  0.651E-04  0.307E-01  0.307E-01  0.126E-01  0.872E+00  2.1556
  2.3255  3.8407  0.6000   0.310E-02  0.151E+00  0.154E+00  0.714E-04  0.302E-01  0.302E-01  0.124E-01  0.851E+00  2.1678
  2.2739  3.8618  0.6100   0.354E-02  0.142E+00  0.146E+00  0.779E-04  0.293E-01  0.294E-01  0.120E-01  0.827E+00  2.1797
  2.2235  3.8825  0.6200   0.399E-02  0.135E+00  0.139E+00  0.846E-04  0.280E-01  0.281E-01  0.115E-01  0.826E+00  2.1914
  2.1741  3.9028  0.6300   0.456E-02  0.128E+00  0.132E+00  0.931E-04  0.264E-01  0.265E-01  0.109E-01  0.832E+00  2.2028
  2.1257  3.9226  0.6400   0.521E-02  0.122E+00  0.127E+00  0.102E-03  0.247E-01  0.248E-01  0.102E-01  0.856E+00  2.2140
  2.0784  3.9420  0.6500   0.568E-02  0.116E+00  0.121E+00  0.113E-03  0.230E-01  0.231E-01  0.948E-02  0.875E+00  2.2249
  2.0320  3.9609  0.6600   0.627E-02  0.108E+00  0.114E+00  0.125E-03  0.215E-01  0.216E-01  0.885E-02  0.879E+00  2.2356
  1.9867  3.9795  0.6700   0.685E-02  0.104E+00  0.111E+00  0.138E-03  0.201E-01  0.202E-01  0.827E-02  0.915E+00  2.2461
  1.9422  3.9978  0.6800   0.753E-02  0.982E-01  0.106E+00  0.156E-03  0.190E-01  0.191E-01  0.783E-02  0.922E+00  2.2564
  1.8986  4.0156  0.6900   0.821E-02  0.937E-01  0.102E+00  0.174E-03  0.181E-01  0.183E-01  0.748E-02  0.930E+00  2.2665
  1.8559  4.0331  0.7000   0.897E-02  0.886E-01  0.976E-01  0.196E-03  0.173E-01  0.175E-01  0.717E-02  0.929E+00  2.2763
  1.8141  4.0502  0.7100   0.981E-02  0.837E-01  0.935E-01  0.222E-03  0.166E-01  0.168E-01  0.690E-02  0.926E+00  2.2860
  1.7731  4.0670  0.7200   0.107E-01  0.794E-01  0.902E-01  0.252E-03  0.161E-01  0.163E-01  0.669E-02  0.920E+00  2.2955
  1.7328  4.0835  0.7300   0.117E-01  0.728E-01  0.845E-01  0.287E-03  0.156E-01  0.159E-01  0.653E-02  0.883E+00  2.3048
  1.6934  4.0997  0.7400   0.127E-01  0.693E-01  0.820E-01  0.331E-03  0.153E-01  0.156E-01  0.639E-02  0.876E+00  2.3139
  1.6547  4.1155  0.7500   0.137E-01  0.653E-01  0.789E-01  0.380E-03  0.149E-01  0.153E-01  0.627E-02  0.859E+00  2.3229
  1.6167  4.1311  0.7600   0.149E-01  0.619E-01  0.768E-01  0.441E-03  0.146E-01  0.150E-01  0.615E-02  0.852E+00  2.3317
  1.5794  4.1464  0.7700   0.160E-01  0.581E-01  0.741E-01  0.506E-03  0.141E-01  0.146E-01  0.600E-02  0.843E+00  2.3403
  1.5428  4.1614  0.7800   0.171E-01  0.549E-01  0.719E-01  0.589E-03  0.135E-01  0.141E-01  0.577E-02  0.851E+00  2.3487
  1.5069  4.1761  0.7900   0.182E-01  0.518E-01  0.699E-01  0.683E-03  0.126E-01  0.133E-01  0.545E-02  0.876E+00  2.3570
  1.4717  4.1905  0.8000   0.193E-01  0.498E-01  0.691E-01  0.799E-03  0.118E-01  0.126E-01  0.515E-02  0.917E+00  2.3652
  1.4370  4.2047  0.8100   0.204E-01  0.466E-01  0.670E-01  0.935E-03  0.108E-01  0.117E-01  0.480E-02  0.952E+00  2.3732
  1.4030  4.2186  0.8200   0.214E-01  0.433E-01  0.647E-01  0.110E-02  0.972E-02  0.108E-01  0.443E-02  0.997E+00  2.3811
  1.3696  4.2323  0.8300   0.224E-01  0.402E-01  0.626E-01  0.129E-02  0.796E-02  0.925E-02  0.379E-02  0.113E+01  2.3888
  1.3368  4.2458  0.8400   0.234E-01  0.372E-01  0.607E-01  0.153E-02  0.595E-02  0.747E-02  0.306E-02  0.135E+01  2.3964
  1.3046  4.2590  0.8500   0.244E-01  0.352E-01  0.596E-01  0.180E-02  0.629E-02  0.809E-02  0.331E-02  0.123E+01  2.4038
  1.2729  4.2720  0.8600   0.253E-01  0.325E-01  0.578E-01  0.215E-02  0.532E-02  0.747E-02  0.306E-02  0.129E+01  2.4112
  1.2417  4.2847  0.8700   0.260E-01  0.300E-01  0.560E-01  0.255E-02  0.470E-02  0.726E-02  0.297E-02  0.129E+01  2.4184
  1.2111  4.2973  0.8800   0.268E-01  0.276E-01  0.545E-01  0.302E-02  0.397E-02  0.699E-02  0.286E-02  0.130E+01  2.4254
  1.1810  4.3096  0.8900   0.275E-01  0.259E-01  0.534E-01  0.364E-02  0.341E-02  0.705E-02  0.289E-02  0.126E+01  2.4324
  1.1514  4.3217  0.9000   0.280E-01  0.239E-01  0.519E-01  0.437E-02  0.286E-02  0.723E-02  0.296E-02  0.120E+01  2.4392
  1.1223  4.3336  0.9100   0.285E-01  0.218E-01  0.503E-01  0.519E-02  0.227E-02  0.746E-02  0.306E-02  0.112E+01  2.4460
  1.0936  4.3454  0.9200   0.289E-01  0.202E-01  0.491E-01  0.624E-02  0.188E-02  0.812E-02  0.333E-02  0.101E+01  2.4526
  1.0655  4.3569  0.9300   0.292E-01  0.186E-01  0.478E-01  0.745E-02  0.155E-02  0.900E-02  0.369E-02  0.885E+00  2.4591
  1.0377  4.3683  0.9400   0.297E-01  0.169E-01  0.466E-01  0.879E-02  0.128E-02  0.101E-01  0.413E-02  0.770E+00  2.4655
  1.0105  4.3795  0.9500   0.299E-01  0.152E-01  0.452E-01  0.102E-01  0.107E-02  0.113E-01  0.464E-02  0.665E+00  2.4718
  0.9836  4.3905  0.9600   0.299E-01  0.142E-01  0.441E-01  0.119E-01  0.894E-03  0.127E-01  0.522E-02  0.576E+00  2.4780
  0.9572  4.4013  0.9700   0.300E-01  0.126E-01  0.426E-01  0.134E-01  0.740E-03  0.141E-01  0.578E-02  0.503E+00  2.4841
  0.9312  4.4119  0.9800   0.301E-01  0.116E-01  0.416E-01  0.146E-01  0.620E-03  0.153E-01  0.625E-02  0.455E+00  2.4902
  0.9056  4.4224  0.9900   0.300E-01  0.106E-01  0.406E-01  0.155E-01  0.520E-03  0.160E-01  0.657E-02  0.422E+00  2.4961
  0.8804  4.4328  1.0000   0.298E-01  0.983E-02  0.396E-01  0.156E-01  0.439E-03  0.160E-01  0.657E-02  0.412E+00  2.5019
  0.8555  4.4429  1.0100   0.295E-01  0.894E-02  0.385E-01  0.154E-01  0.372E-03  0.157E-01  0.644E-02  0.408E+00  2.5077
  0.8311  4.4529  1.0200   0.293E-01  0.789E-02  0.372E-01  0.144E-01  0.315E-03  0.147E-01  0.601E-02  0.422E+00  2.5133
  0.8070  4.4628  1.0300   0.288E-01  0.712E-02  0.359E-01  0.131E-01  0.268E-03  0.133E-01  0.547E-02  0.448E+00  2.5189
  0.7833  4.4725  1.0400   0.283E-01  0.630E-02  0.346E-01  0.116E-01  0.227E-03  0.118E-01  0.484E-02  0.487E+00  2.5244
  0.7599  4.4821  1.0500   0.276E-01  0.572E-02  0.333E-01  0.100E-01  0.198E-03  0.102E-01  0.418E-02  0.545E+00  2.5298
  0.7369  4.4915  1.0600   0.271E-01  0.541E-02  0.325E-01  0.871E-02  0.172E-03  0.888E-02  0.364E-02  0.609E+00  2.5351
  0.7142  4.5008  1.0700   0.262E-01  0.489E-02  0.311E-01  0.739E-02  0.151E-03  0.754E-02  0.309E-02  0.686E+00  2.5403
  0.6918  4.5100  1.0800   0.254E-01  0.444E-02  0.298E-01  0.626E-02  0.132E-03  0.639E-02  0.262E-02  0.778E+00  2.5455
  0.6698  4.5190  1.0900   0.245E-01  0.401E-02  0.285E-01  0.531E-02  0.115E-03  0.542E-02  0.222E-02  0.877E+00  2.5506
  0.6480  4.5279  1.1000   0.236E-01  0.359E-02  0.272E-01  0.452E-02  0.101E-03  0.462E-02  0.189E-02  0.980E+00  2.5556
  0.6266  4.5367  1.1100   0.225E-01  0.327E-02  0.258E-01  0.385E-02  0.893E-04  0.394E-02  0.162E-02  0.109E+01  2.5606
  0.6055  4.5454  1.1200   0.216E-01  0.295E-02  0.245E-01  0.328E-02  0.790E-04  0.336E-02  0.138E-02  0.122E+01  2.5655
  0.5847  4.5539  1.1300   0.205E-01  0.261E-02  0.231E-01  0.279E-02  0.699E-04  0.286E-02  0.117E-02  0.135E+01  2.5703
  0.5641  4.5623  1.1400   0.194E-01  0.241E-02  0.218E-01  0.241E-02  0.619E-04  0.247E-02  0.101E-02  0.147E+01  2.5750
  0.5439  4.5706  1.1500   0.183E-01  0.211E-02  0.205E-01  0.206E-02  0.549E-04  0.212E-02  0.868E-03  0.161E+01  2.5797
  0.5239  4.5788  1.1600   0.172E-01  0.184E-02  0.190E-01  0.179E-02  0.489E-04  0.184E-02  0.754E-03  0.172E+01  2.5843
  0.5042  4.5869  1.1700   0.161E-01  0.170E-02  0.178E-01  0.155E-02  0.436E-04  0.160E-02  0.654E-03  0.186E+01  2.5889
  0.4848  4.5948  1.1800   0.151E-01  0.152E-02  0.166E-01  0.135E-02  0.390E-04  0.139E-02  0.567E-03  0.200E+01  2.5934
  0.4656  4.6027  1.1900   0.141E-01  0.134E-02  0.154E-01  0.118E-02  0.348E-04  0.122E-02  0.499E-03  0.211E+01  2.5978
  0.4467  4.6104  1.2000   0.131E-01  0.119E-02  0.143E-01  0.104E-02  0.312E-04  0.107E-02  0.438E-03  0.224E+01  2.6022
  0.4280  4.6181  1.2100   0.122E-01  0.106E-02  0.133E-01  0.904E-03  0.279E-04  0.932E-03  0.382E-03  0.237E+01  2.6065
  0.4096  4.6256  1.2200   0.114E-01  0.933E-03  0.123E-01  0.789E-03  0.250E-04  0.814E-03  0.334E-03  0.252E+01  2.6108
  0.3914  4.6331  1.2300   0.106E-01  0.824E-03  0.114E-01  0.697E-03  0.225E-04  0.720E-03  0.295E-03  0.265E+01  2.6150
  0.3734  4.6404  1.2400   0.992E-02  0.729E-03  0.107E-01  0.622E-03  0.202E-04  0.642E-03  0.263E-03  0.277E+01  2.6191
  0.3557  4.6477  1.2500   0.928E-02  0.636E-03  0.992E-02  0.549E-03  0.181E-04  0.567E-03  0.232E-03  0.292E+01  2.6232
  0.3382  4.6549  1.2600   0.876E-02  0.558E-03  0.932E-02  0.489E-03  0.162E-04  0.505E-03  0.207E-03  0.308E+01  2.6273
  0.3210  4.6619  1.2700   0.820E-02  0.485E-03  0.868E-02  0.439E-03  0.144E-04  0.454E-03  0.186E-03  0.319E+01  2.6313
  0.3039  4.6689  1.2800   0.774E-02  0.422E-03  0.816E-02  0.392E-03  0.128E-04  0.405E-03  0.166E-03  0.336E+01  2.6352
  0.2871  4.6758  1.2900   0.740E-02  0.366E-03  0.776E-02  0.353E-03  0.114E-04  0.364E-03  0.149E-03  0.355E+01  2.6391
  0.2705  4.6826  1.3000   0.701E-02  0.318E-03  0.733E-02  0.318E-03  0.101E-04  0.328E-03  0.134E-03  0.373E+01  2.6429
  0.2540  4.6893  1.3100   0.676E-02  0.275E-03  0.704E-02  0.285E-03  0.895E-05  0.294E-03  0.121E-03  0.399E+01  2.6467
  0.2378  4.6960  1.3200   0.654E-02  0.237E-03  0.677E-02  0.261E-03  0.793E-05  0.269E-03  0.110E-03  0.420E+01  2.6505
  0.2218  4.7025  1.3300   0.633E-02  0.205E-03  0.654E-02  0.234E-03  0.697E-05  0.241E-03  0.989E-04  0.451E+01  2.6542
  0.2060  4.7090  1.3400   0.614E-02  0.176E-03  0.632E-02  0.212E-03  0.610E-05  0.218E-03  0.895E-04  0.482E+01  2.6578
  0.1904  4.7154  1.3500   0.606E-02  0.150E-03  0.621E-02  0.194E-03  0.531E-05  0.199E-03  0.817E-04  0.519E+01  2.6615
  0.1749  4.7218  1.3600   0.575E-02  0.128E-03  0.587E-02  0.178E-03  0.459E-05  0.183E-03  0.750E-04  0.535E+01  2.6650
  0.1597  4.7280  1.3700   0.515E-02  0.108E-03  0.525E-02  0.162E-03  0.393E-05  0.166E-03  0.680E-04  0.527E+01  2.6686
  0.1446  4.7342  1.3800   0.469E-02  0.908E-04  0.478E-02  0.149E-03  0.334E-05  0.153E-03  0.625E-04  0.522E+01  2.6720
  0.1297  4.7403  1.3900   0.426E-02  0.758E-04  0.434E-02  0.137E-03  0.280E-05  0.140E-03  0.573E-04  0.517E+01  2.6755
  0.1150  4.7463  1.4000   0.389E-02  0.628E-04  0.396E-02  0.126E-03  0.234E-05  0.129E-03  0.527E-04  0.513E+01  2.6789
  0.1004  4.7523  1.4100   0.357E-02  0.515E-04  0.362E-02  0.117E-03  0.194E-05  0.119E-03  0.486E-04  0.509E+01  2.6823
  0.0860  4.7582  1.4200   0.329E-02  0.419E-04  0.333E-02  0.108E-03  0.159E-05  0.110E-03  0.449E-04  0.506E+01  2.6856
  0.0718  4.7640  1.4300   0.303E-02  0.337E-04  0.306E-02  0.100E-03  0.129E-05  0.101E-03  0.416E-04  0.503E+01  2.6889
  0.0578  4.7697  1.4400   0.280E-02  0.270E-04  0.283E-02  0.931E-04  0.104E-05  0.942E-04  0.386E-04  0.501E+01  2.6921
  0.0439  4.7754  1.4500   0.262E-02  0.214E-04  0.264E-02  0.872E-04  0.833E-06  0.880E-04  0.361E-04  0.499E+01  2.6953
  0.0302  4.7811  1.4600   0.243E-02  0.168E-04  0.245E-02  0.813E-04  0.661E-06  0.820E-04  0.336E-04  0.498E+01  2.6985
  0.0166  4.7866  1.4700   0.227E-02  0.131E-04  0.228E-02  0.760E-04  0.519E-06  0.765E-04  0.313E-04  0.497E+01  2.7016
  0.0032  4.7921  1.4800   0.212E-02  0.100E-04  0.213E-02  0.711E-04  0.401E-06  0.715E-04  0.293E-04  0.496E+01  2.7047
 -0.0101  4.7976  1.4900   0.198E-02  0.762E-05  0.199E-02  0.667E-04  0.252E-06  0.669E-04  0.274E-04  0.496E+01  2.7078
 -0.0232  4.8029  1.5000   0.186E-02  0.568E-05  0.187E-02  0.626E-04  0.187E-06  0.628E-04  0.257E-04  0.495E+01  2.7109
 -0.0362  4.8083  1.5100   0.175E-02  0.416E-05  0.175E-02  0.590E-04  0.133E-06  0.591E-04  0.242E-04  0.495E+01  2.7139
 -0.0491  4.8135  1.5200   0.165E-02  0.298E-05  0.165E-02  0.557E-04  0.888E-07  0.557E-04  0.228E-04  0.494E+01  2.7168
 -0.0618  4.8187  1.5300   0.156E-02  0.208E-05  0.156E-02  0.526E-04  0.562E-07  0.526E-04  0.216E-04  0.494E+01  2.7198
 -0.0743  4.8239  1.5400   0.147E-02  0.141E-05  0.148E-02  0.497E-04  0.316E-07  0.498E-04  0.204E-04  0.494E+01  2.7227
 -0.0868  4.8290  1.5500   0.140E-02  0.923E-06  0.140E-02  0.471E-04  0.129E-07  0.471E-04  0.193E-04  0.494E+01  2.7255
 -0.0991  4.8340  1.5600   0.132E-02  0.883E-07  0.132E-02  0.447E-04  0.502E-08  0.447E-04  0.183E-04  0.494E+01  2.7284
 -0.1112  4.8390  1.5700   0.126E-02  0.921E-09  0.126E-02  0.425E-04  0.000E+00  0.425E-04  0.174E-04  0.494E+01  2.7312
 -0.1232  4.8439  1.5800   0.119E-02  0.565E-09  0.119E-02  0.402E-04  0.000E+00  0.402E-04  0.165E-04  0.494E+01  2.7340
 -0.1351  4.8488  1.5900   0.113E-02  0.345E-09  0.113E-02  0.383E-04  0.000E+00  0.383E-04  0.157E-04  0.494E+01  2.7367
 -0.1469  4.8536  1.6000   0.108E-02  0.210E-09  0.108E-02  0.365E-04  0.000E+00  0.365E-04  0.150E-04  0.494E+01  2.7395
 -0.1586  4.8584  1.6100   0.102E-02  0.127E-09  0.102E-02  0.344E-04  0.000E+00  0.344E-04  0.141E-04  0.493E+01  2.7421
 -0.1701  4.8631  1.6200   0.974E-03  0.769E-10  0.974E-03  0.329E-04  0.000E+00  0.329E-04  0.135E-04  0.494E+01  2.7448
 -0.1815  4.8678  1.6300   0.932E-03  0.462E-10  0.932E-03  0.315E-04  0.000E+00  0.315E-04  0.129E-04  0.494E+01  2.7475
 -0.1928  4.8724  1.6400   0.889E-03  0.277E-10  0.889E-03  0.300E-04  0.000E+00  0.300E-04  0.123E-04  0.494E+01  2.7501
 -0.2040  4.8770  1.6500   0.843E-03  0.165E-10  0.843E-03  0.285E-04  0.000E+00  0.285E-04  0.117E-04  0.494E+01  2.7526
 -0.2151  4.8815  1.6600   0.809E-03  0.978E-11  0.809E-03  0.273E-04  0.000E+00  0.273E-04  0.112E-04  0.494E+01  2.7552
 -0.2260  4.8860  1.6700   0.774E-03  0.578E-11  0.774E-03  0.261E-04  0.000E+00  0.261E-04  0.107E-04  0.494E+01  2.7577
 -0.2369  4.8905  1.6800   0.737E-03  0.340E-11  0.737E-03  0.249E-04  0.000E+00  0.249E-04  0.102E-04  0.494E+01  2.7602
 -0.2476  4.8949  1.6900   0.706E-03  0.199E-11  0.706E-03  0.237E-04  0.000E+00  0.237E-04  0.970E-05  0.497E+01  2.7627
 -0.2582  4.8992  1.7000   0.671E-03  0.116E-11  0.671E-03  0.225E-04  0.000E+00  0.225E-04  0.921E-05  0.497E+01  2.7652
 -0.2688  4.9035  1.7100   0.642E-03  0.675E-12  0.642E-03  0.218E-04  0.000E+00  0.218E-04  0.891E-05  0.492E+01  2.7676
 -0.2792  4.9078  1.7200   0.612E-03  0.390E-12  0.612E-03  0.207E-04  0.000E+00  0.207E-04  0.849E-05  0.492E+01  2.7700
 -0.2895  4.9120  1.7300   0.584E-03  0.225E-12  0.584E-03  0.197E-04  0.000E+00  0.197E-04  0.809E-05  0.493E+01  2.7724
 -0.2997  4.9162  1.7400   0.557E-03  0.129E-12  0.557E-03  0.188E-04  0.000E+00  0.188E-04  0.771E-05  0.493E+01  2.7748
 -0.3098  4.9203  1.7500   0.531E-03  0.734E-13  0.531E-03  0.179E-04  0.000E+00  0.179E-04  0.735E-05  0.493E+01  2.7771
 -0.3198  4.9244  1.7600   0.507E-03  0.417E-13  0.507E-03  0.171E-04  0.000E+00  0.171E-04  0.702E-05  0.493E+01  2.7794
 -0.3298  4.9285  1.7700   0.484E-03  0.235E-13  0.484E-03  0.164E-04  0.000E+00  0.164E-04  0.670E-05  0.493E+01  2.7817
 -0.3396  4.9325  1.7800   0.460E-03  0.132E-13  0.460E-03  0.154E-04  0.000E+00  0.154E-04  0.632E-05  0.497E+01  2.7840
 -0.3493  4.9365  1.7900   0.438E-03  0.742E-14  0.438E-03  0.148E-04  0.000E+00  0.148E-04  0.605E-05  0.494E+01  2.7862
 -0.3590  4.9405  1.8000   0.415E-03  0.414E-14  0.415E-03  0.141E-04  0.000E+00  0.141E-04  0.576E-05  0.493E+01  2.7885
 -0.3685  4.9444  1.8100   0.395E-03  0.230E-14  0.395E-03  0.132E-04  0.000E+00  0.132E-04  0.541E-05  0.499E+01  2.7907
 -0.3780  4.9483  1.8200   0.375E-03  0.127E-14  0.375E-03  0.126E-04  0.000E+00  0.126E-04  0.515E-05  0.497E+01  2.7929
 -0.3873  4.9521  1.8300   0.354E-03  0.697E-15  0.354E-03  0.119E-04  0.000E+00  0.119E-04  0.488E-05  0.496E+01  2.7950
 -0.3966  4.9559  1.8400   0.335E-03  0.382E-15  0.335E-03  0.113E-04  0.000E+00  0.113E-04  0.465E-05  0.492E+01  2.7972
 -0.4058  4.9597  1.8500   0.316E-03  0.208E-15  0.316E-03  0.107E-04  0.000E+00  0.107E-04  0.437E-05  0.493E+01  2.7993
 -0.4149  4.9634  1.8600   0.298E-03  0.113E-15  0.298E-03  0.100E-04  0.000E+00  0.100E-04  0.411E-05  0.495E+01  2.8014
 -0.4239  4.9671  1.8700   0.279E-03  0.609E-16  0.279E-03  0.944E-05  0.000E+00  0.944E-05  0.387E-05  0.492E+01  2.8035
 -0.4329  4.9708  1.8800   0.261E-03  0.328E-16  0.261E-03  0.876E-05  0.000E+00  0.876E-05  0.359E-05  0.496E+01  2.8056
 -0.4417  4.9744  1.8900   0.243E-03  0.175E-16  0.243E-03  0.821E-05  0.000E+00  0.821E-05  0.336E-05  0.494E+01  2.8076
 -0.4505  4.9780  1.9000   0.226E-03  0.933E-17  0.226E-03  0.758E-05  0.000E+00  0.758E-05  0.311E-05  0.496E+01  2.8096
 -0.4592  4.9815  1.9100   0.208E-03  0.494E-17  0.208E-03  0.703E-05  0.000E+00  0.703E-05  0.288E-05  0.494E+01  2.8117
 -0.4678  4.9851  1.9200   0.191E-03  0.260E-17  0.191E-03  0.644E-05  0.000E+00  0.644E-05  0.264E-05  0.494E+01  2.8137
 -0.4764  4.9886  1.9300   0.173E-03  0.136E-17  0.173E-03  0.583E-05  0.000E+00  0.583E-05  0.239E-05  0.495E+01  2.8156
 -0.4849  4.9920  1.9400   0.155E-03  0.704E-18  0.155E-03  0.524E-05  0.000E+00  0.524E-05  0.214E-05  0.494E+01  2.8176
 -0.4932  4.9955  1.9500   0.137E-03  0.360E-18  0.137E-03  0.456E-05  0.000E+00  0.456E-05  0.187E-05  0.500E+01  2.8195
 -0.5016  4.9989  1.9600   0.118E-03  0.179E-18  0.118E-03  0.395E-05  0.000E+00  0.395E-05  0.162E-05  0.496E+01  2.8215
 -0.5098  5.0023  1.9700   0.964E-04  0.854E-19  0.964E-04  0.320E-05  0.000E+00  0.320E-05  0.131E-05  0.502E+01  2.8234
 -0.5180  5.0056  1.9800   0.720E-04  0.368E-19  0.720E-04  0.240E-05  0.000E+00  0.240E-05  0.981E-06  0.501E+01  2.8252
 -0.5261  5.0089  1.9900   0.383E-04  0.118E-19  0.383E-04  0.132E-05  0.000E+00  0.132E-05  0.540E-06  0.484E+01  2.8271
