#   <x>	    xdx	   dAzz		 db1d	  	  w_ave	   qq	Ntotal	   sys_Azz    sys_b1s	  Azz	 	b1d			sig_d_u	  sig_n		 sig_he		 f_dil
2   0.16    0.07  0.164E-02  0.203E-02    2.65    1.21  0.888E+09  0.220E-02  0.272E-02  0.000E+00  0.000E+00  0.402E-06  0.291E-05  0.820E-06  0.273E+00  0.124E-05
2   0.28    0.04  0.259E-02  0.174E-02    2.36    1.21  0.371E+09  0.232E-02  0.156E-02  0.000E+00  0.000E+00  0.332E-06  0.246E-05  0.693E-06  0.268E+00  0.104E-05
2   0.36    0.04  0.282E-02  0.145E-02    2.17    1.21  0.292E+09  0.225E-02  0.116E-02  0.000E+00  0.000E+00  0.293E-06  0.207E-05  0.594E-06  0.277E+00  0.891E-06
2   0.49    0.09  0.257E-02  0.845E-03    2.01    1.21  0.355E+09  0.220E-02  0.725E-03  0.000E+00  0.000E+00  0.193E-06  0.137E-05  0.397E-06  0.276E+00  0.592E-06
2   0.64    0.06  0.106E-01  0.315E-02    1.88    1.21  0.158E+08  0.168E-02  0.501E-03  0.000E+00  0.000E+00  0.159E-06  0.919E-06  0.280E-06  0.318E+00  0.417E-06
2   0.70    0.05  0.668E-01  0.157E-01    1.82    1.21  0.459E+06  0.169E-02  0.398E-03  0.000E+00  0.000E+00  0.123E-06  0.796E-06  0.238E-06  0.295E+00  0.356E-06
2   0.50    0.05  0.234E-01  0.900E-02    2.05    0.24  0.500E+07  0.184E-01  0.709E-02  0.000E+00 -0.000E+00  0.289E-05  0.505E-04  0.130E-04  0.135E+00  0.000E+00  0.000E+00  0.000E+00  0.000E+00  0.000E+00
2   0.30    0.05  0.141E-01  0.571E-02    2.04    0.13  0.820E+07  0.184E-01  0.746E-02  0.000E+00 -0.000E+00  0.905E-05  0.117E-03  0.274E-04  0.175E+00  0.000E+00  0.000E+00  0.000E+00  0.000E+00  0.000E+00
2   0.60    0.05  0.150E-01  0.514E-02    2.03    0.26  0.148E+08  0.000E+00  0.000E+00  0.000E+00 -0.000E+00  0.294E-05  0.573E-04  0.159E-04  0.122E+00  0.000E+00  0.000E+00  0.000E+00  0.000E+00  0.000E+00
2   0.70    0.05  0.891E-02  0.434E-02    2.01    0.28  0.205E+08  0.000E+00  0.000E+00  0.000E+00 -0.000E+00  0.474E-05  0.601E-04  0.177E-04  0.175E+00  0.000E+00  0.000E+00  0.000E+00  0.000E+00  0.000E+00
2   0.80    0.05  0.484E-02  0.499E-02    1.99    0.29  0.229E+08  0.484E-02  0.500E-02  0.000E+00  0.000E+00  0.108E-04  0.666E-04  0.205E-04  0.304E+00  0.000E+00  0.000E+00  0.000E+00  0.000E+00  0.000E+00
2   0.90    0.05  0.302E-02  0.624E-02    1.97    0.29  0.250E+08  0.110E-01  0.228E-01  0.000E+00  0.000E+00  0.223E-04  0.699E-04  0.219E-04  0.462E+00  0.000E+00  0.000E+00  0.000E+00  0.000E+00  0.000E+00
2   1.00    0.05  0.285E-02  0.727E-02    1.95    0.29  0.224E+08  0.212E-04  0.541E-04  0.000E+00 -0.000E+00  0.280E-04  0.688E-04  0.212E-04  0.522E+00  0.000E+00  0.000E+00  0.000E+00  0.000E+00  0.000E+00
2   1.10    0.05  0.423E-02  0.687E-02    1.94    0.29  0.155E+08  0.107E-01  0.174E-01  0.000E+00 -0.000E+00  0.180E-04  0.644E-04  0.189E-04  0.430E+00  0.000E+00  0.000E+00  0.000E+00  0.000E+00  0.000E+00
2   1.20    0.05  0.805E-02  0.669E-02    1.93    0.29  0.894E+07  0.214E-01  0.178E-01  0.000E+00 -0.000E+00  0.923E-05  0.588E-04  0.163E-04  0.299E+00  0.000E+00  0.000E+00  0.000E+00  0.000E+00  0.000E+00
2   1.30    0.05  0.142E-01  0.582E-02    1.92    0.30  0.704E+07  0.322E-01  0.132E-01  0.000E+00 -0.000E+00  0.460E-05  0.529E-04  0.141E-04  0.192E+00  0.000E+00  0.000E+00  0.000E+00  0.000E+00  0.000E+00
2   1.40    0.05  0.235E-01  0.600E-02    1.91    0.30  0.475E+07  0.429E-01  0.110E-01  0.000E+00 -0.000E+00  0.288E-05  0.483E-04  0.123E-04  0.140E+00  0.000E+00  0.000E+00  0.000E+00  0.000E+00  0.000E+00
2   1.50    0.05  0.396E-01  0.602E-02    1.90    0.30  0.351E+07  0.537E-01  0.816E-02  0.000E+00 -0.000E+00  0.173E-05  0.442E-04  0.110E-04  0.968E-01  0.000E+00  0.000E+00  0.000E+00  0.000E+00  0.000E+00
2   1.60    0.05  0.701E-01  0.590E-02    1.90    0.30  0.282E+07  0.645E-01  0.542E-02  0.000E+00 -0.000E+00  0.953E-06  0.404E-04  0.981E-05  0.608E-01  0.000E+00  0.000E+00  0.000E+00  0.000E+00  0.000E+00
2   1.70    0.05  0.915E-01  0.608E-02    1.89    0.30  0.223E+07  0.752E-01  0.500E-02  0.000E+00 -0.000E+00  0.761E-06  0.379E-04  0.906E-05  0.524E-01  0.000E+00  0.000E+00  0.000E+00  0.000E+00  0.000E+00
2   1.80    0.05  0.932E-01  0.619E-02    1.88    0.30  0.189E+07  0.860E-01  0.571E-02  0.000E+00 -0.000E+00  0.760E-06  0.354E-04  0.838E-05  0.558E-01  0.000E+00  0.000E+00  0.000E+00  0.000E+00  0.000E+00
2   2.00    0.10  0.206E-01  0.685E-03    1.88    0.30  0.304E+07  0.920E-01  0.306E-02  0.000E+00 -0.000E+00  0.296E-05  0.318E-04  0.747E-05  0.204E+00  0.000E+00  0.000E+00  0.291E-01  0.130E+00  0.133E+00
2   0.40    0.05  0.923E-02  0.294E-02    2.02    0.14  0.420E+08  0.184E-01  0.586E-02  0.000E+00 -0.000E+00  0.835E-05  0.170E-03  0.438E-04  0.118E+00  0.000E+00  0.000E+00  0.000E+00  0.000E+00  0.000E+00
2   0.50    0.05  0.824E-02  0.246E-02    2.00    0.15  0.585E+08  0.184E-01  0.549E-02  0.000E+00 -0.000E+00  0.107E-04  0.230E-03  0.639E-04  0.112E+00  0.000E+00  0.000E+00  0.000E+00  0.000E+00  0.000E+00
2   0.60    0.05  0.522E-02  0.262E-02    1.97    0.16  0.600E+08  0.000E+00  0.000E+00  0.000E+00 -0.000E+00  0.239E-04  0.304E-03  0.910E-04  0.175E+00  0.000E+00  0.000E+00  0.000E+00  0.000E+00  0.000E+00
2   0.70    0.05  0.320E-02  0.322E-02    1.95    0.16  0.612E+08  0.000E+00  0.000E+00  0.000E+00 -0.000E+00  0.515E-04  0.350E-03  0.110E-03  0.283E+00  0.000E+00  0.000E+00  0.000E+00  0.000E+00  0.000E+00
2   0.80    0.05  0.210E-02  0.413E-02    1.94    0.16  0.625E+08  0.484E-02  0.952E-02  0.000E+00  0.000E+00  0.104E-03  0.379E-03  0.122E-03  0.423E+00  0.000E+00  0.000E+00  0.000E+00  0.000E+00  0.000E+00
2   0.90    0.05  0.163E-02  0.513E-02    1.93    0.16  0.622E+08  0.110E-01  0.348E-01  0.000E+00  0.000E+00  0.167E-03  0.377E-03  0.121E-03  0.543E+00  0.000E+00  0.000E+00  0.000E+00  0.000E+00  0.000E+00
2   1.00    0.05  0.168E-02  0.575E-02    1.92    0.16  0.536E+08  0.212E-04  0.728E-04  0.000E+00 -0.000E+00  0.183E-03  0.362E-03  0.114E-03  0.575E+00  0.000E+00  0.000E+00  0.000E+00  0.000E+00  0.000E+00
2   1.10    0.05  0.226E-02  0.593E-02    1.91    0.16  0.362E+08  0.954E-02  0.251E-01  0.000E+00 -0.000E+00  0.141E-03  0.342E-03  0.103E-03  0.527E+00  0.000E+00  0.000E+00  0.000E+00  0.000E+00  0.000E+00
2   1.20    0.05  0.372E-02  0.535E-02    1.91    0.16  0.237E+08  0.191E-01  0.275E-01  0.000E+00 -0.000E+00  0.767E-04  0.312E-03  0.897E-04  0.399E+00  0.000E+00  0.000E+00  0.000E+00  0.000E+00  0.000E+00
2   1.30    0.05  0.559E-02  0.517E-02    1.90    0.16  0.167E+08  0.287E-01  0.265E-01  0.000E+00 -0.000E+00  0.499E-04  0.292E-03  0.803E-04  0.317E+00  0.000E+00  0.000E+00  0.000E+00  0.000E+00  0.000E+00
2   1.40    0.05  0.882E-02  0.505E-02    1.89    0.16  0.119E+08  0.382E-01  0.219E-01  0.000E+00 -0.000E+00  0.314E-04  0.274E-03  0.728E-04  0.238E+00  0.000E+00  0.000E+00  0.000E+00  0.000E+00  0.000E+00
2   1.50    0.05  0.126E-01  0.527E-02    1.89    0.17  0.844E+07  0.479E-01  0.200E-01  0.000E+00 -0.000E+00  0.222E-04  0.247E-03  0.635E-04  0.197E+00  0.000E+00  0.000E+00  0.000E+00  0.000E+00  0.000E+00
2   1.60    0.05  0.191E-01  0.492E-02    1.89    0.16  0.735E+07  0.574E-01  0.148E-01  0.000E+00 -0.000E+00  0.141E-04  0.238E-03  0.597E-04  0.140E+00  0.000E+00  0.000E+00  0.000E+00  0.000E+00  0.000E+00
2   1.70    0.05  0.306E-01  0.505E-02    1.88    0.16  0.562E+07  0.669E-01  0.111E-01  0.000E+00 -0.000E+00  0.902E-05  0.224E-03  0.552E-04  0.996E-01  0.000E+00  0.000E+00  0.000E+00  0.000E+00  0.000E+00
2   1.80    0.05  0.318E-01  0.524E-02    1.88    0.16  0.471E+07  0.766E-01  0.126E-01  0.000E+00 -0.000E+00  0.896E-05  0.211E-03  0.513E-04  0.105E+00  0.000E+00  0.000E+00  0.000E+00  0.000E+00  0.000E+00
2   2.00    0.10  0.309E-02  0.279E-03    1.88    0.16  0.132E+08  0.920E-01  0.830E-02  0.000E+00 -0.000E+00  0.172E-03  0.199E-03  0.475E-04  0.705E+00  0.000E+00  0.000E+00  0.437E-02  0.130E+00  0.130E+00
2   0.60    0.05  0.212E-01  0.499E-02    2.52    1.30  0.151E+07  0.000E+00  0.000E+00  0.000E+00 -0.000E+00  0.283E-06  0.205E-05  0.613E-06  0.272E+00  0.000E+00  0.000E+00  0.000E+00  0.000E+00  0.000E+00
2   0.70    0.05  0.844E-02  0.185E-02    2.46    1.37  0.692E+07  0.000E+00  0.000E+00  0.000E+00  0.000E+00  0.267E-06  0.154E-05  0.465E-06  0.319E+00  0.000E+00  0.000E+00  0.000E+00  0.000E+00  0.000E+00
2   0.80    0.05  0.134E-01  0.113E-02    2.39    1.46  0.695E+07  0.484E-02  0.409E-03  0.000E+00  0.000E+00  0.103E-06  0.112E-05  0.322E-06  0.200E+00  0.000E+00  0.000E+00  0.000E+00  0.000E+00  0.000E+00
2   0.90    0.05  0.974E-02  0.937E-03    2.32    1.54  0.694E+07  0.110E-01  0.106E-02  0.000E+00 -0.000E+00  0.122E-06  0.878E-06  0.258E-06  0.273E+00  0.000E+00  0.000E+00  0.000E+00  0.000E+00  0.000E+00
2   1.00    0.05  0.499E-02  0.105E-02    2.26    1.59  0.792E+07  0.212E-04  0.446E-05  0.000E+00 -0.000E+00  0.270E-06  0.718E-06  0.219E-06  0.503E+00  0.000E+00  0.000E+00  0.000E+00  0.000E+00  0.000E+00
2   1.10    0.05  0.107E-01  0.788E-03    2.20    1.61  0.427E+07  0.165E-01  0.122E-02  0.000E+00 -0.000E+00  0.997E-07  0.560E-06  0.160E-06  0.325E+00  0.000E+00  0.000E+00  0.000E+00  0.000E+00  0.000E+00
2   1.20    0.05  0.309E-01  0.616E-03    2.15    1.62  0.197E+07  0.331E-01  0.659E-03  0.000E+00  0.000E+00  0.282E-07  0.390E-06  0.956E-07  0.166E+00  0.000E+00  0.000E+00  0.000E+00  0.000E+00  0.000E+00
2   1.30    0.05  0.724E-01  0.497E-03    2.10    1.63  0.105E+07  0.496E-01  0.341E-03  0.000E+00 -0.000E+00  0.102E-07  0.264E-06  0.560E-07  0.967E-01  0.000E+00  0.000E+00  0.000E+00  0.000E+00  0.000E+00
2   1.40    0.05  0.143E+00  0.428E-03    2.06    1.64  0.568E+06  0.663E-01  0.199E-03  0.000E+00 -0.000E+00  0.455E-08  0.179E-06  0.336E-07  0.666E-01  0.000E+00  0.000E+00  0.000E+00  0.000E+00  0.000E+00
2   1.50    0.05  0.243E+00  0.365E-03    2.02    1.65  0.375E+06  0.831E-01  0.125E-03  0.000E+00  0.000E+00  0.233E-08  0.130E-06  0.220E-07  0.481E-01  0.000E+00  0.000E+00  0.000E+00  0.000E+00  0.000E+00
2   1.60    0.05  0.357E+00  0.341E-03    1.98    1.65  0.245E+06  0.920E-01  0.878E-04  0.000E+00 -0.000E+00  0.150E-08  0.101E-06  0.157E-07  0.404E-01  0.000E+00  0.000E+00  0.000E+00  0.000E+00  0.000E+00
2   1.70    0.05  0.466E+00  0.332E-03    1.95    1.65  0.169E+06  0.920E-01  0.656E-04  0.000E+00 -0.000E+00  0.115E-08  0.847E-07  0.123E-07  0.373E-01  0.000E+00  0.000E+00  0.000E+00  0.000E+00  0.000E+00
2   1.80    0.05  0.612E+00  0.340E-03    1.92    1.63  0.121E+06  0.920E-01  0.511E-04  0.000E+00 -0.000E+00  0.946E-09  0.776E-07  0.107E-07  0.336E-01  0.000E+00  0.000E+00  0.000E+00  0.000E+00  0.000E+00
2   2.00    0.10  0.356E+00  0.144E-03    1.88    1.60  0.121E+06  0.920E-01  0.372E-04  0.000E+00 -0.000E+00  0.143E-08  0.669E-07  0.851E-08  0.576E-01  0.000E+00  0.000E+00  0.504E+00  0.130E+00  0.521E+00
2   0.30    0.05  0.644E-02  0.427E-02    2.41    0.47  0.216E+08  0.184E-01  0.122E-01  0.000E+00  0.000E+00  0.554E-05  0.487E-04  0.134E-04  0.236E+00  0.000E+00  0.000E+00  0.000E+00  0.000E+00  0.000E+00
2   0.40    0.05  0.175E-02  0.154E-02    2.35    0.51  0.216E+09  0.184E-01  0.161E-01  0.000E+00 -0.000E+00  0.770E-05  0.546E-04  0.165E-04  0.275E+00  0.000E+00  0.000E+00  0.000E+00  0.000E+00  0.000E+00
2   0.50    0.05  0.137E-02  0.126E-02    2.29    0.57  0.258E+09  0.184E-01  0.169E-01  0.000E+00 -0.000E+00  0.771E-05  0.439E-04  0.132E-04  0.321E+00  0.000E+00  0.000E+00  0.000E+00  0.000E+00  0.000E+00
2   0.60    0.05  0.273E-02  0.928E-03    2.23    0.61  0.185E+09  0.000E+00  0.000E+00  0.000E+00 -0.000E+00  0.282E-05  0.327E-04  0.893E-05  0.190E+00  0.000E+00  0.000E+00  0.000E+00  0.000E+00  0.000E+00
2   0.70    0.05  0.451E-02  0.820E-03    2.16    0.62  0.139E+09  0.000E+00  0.000E+00  0.000E+00 -0.000E+00  0.188E-05  0.332E-04  0.896E-05  0.133E+00  0.000E+00  0.000E+00  0.000E+00  0.000E+00  0.000E+00
2   0.80    0.05  0.324E-02  0.856E-03    2.11    0.62  0.127E+09  0.484E-02  0.128E-02  0.000E+00  0.000E+00  0.347E-05  0.392E-04  0.114E-04  0.193E+00  0.000E+00  0.000E+00  0.000E+00  0.000E+00  0.000E+00
2   0.90    0.05  0.149E-02  0.106E-02    2.07    0.62  0.148E+09  0.110E-01  0.786E-02  0.000E+00  0.000E+00  0.103E-04  0.437E-04  0.135E-04  0.387E+00  0.000E+00  0.000E+00  0.000E+00  0.000E+00  0.000E+00
2   1.00    0.05  0.110E-02  0.129E-02    2.04    0.63  0.153E+09  0.212E-04  0.249E-04  0.000E+00 -0.000E+00  0.173E-04  0.434E-04  0.136E-04  0.517E+00  0.000E+00  0.000E+00  0.000E+00  0.000E+00  0.000E+00
2   1.10    0.05  0.189E-02  0.117E-02    2.01    0.63  0.961E+08  0.127E-01  0.787E-02  0.000E+00 -0.000E+00  0.963E-05  0.411E-04  0.122E-04  0.387E+00  0.000E+00  0.000E+00  0.000E+00  0.000E+00  0.000E+00
2   1.20    0.05  0.438E-02  0.103E-02    1.99    0.63  0.533E+08  0.254E-01  0.599E-02  0.000E+00 -0.000E+00  0.368E-05  0.345E-04  0.946E-05  0.225E+00  0.000E+00  0.000E+00  0.000E+00  0.000E+00  0.000E+00
2   1.30    0.05  0.876E-02  0.938E-03    1.97    0.63  0.360E+08  0.381E-01  0.408E-02  0.000E+00 -0.000E+00  0.175E-05  0.303E-04  0.769E-05  0.136E+00  0.000E+00  0.000E+00  0.000E+00  0.000E+00  0.000E+00
2   1.40    0.05  0.165E-01  0.952E-03    1.95    0.63  0.209E+08  0.508E-01  0.293E-02  0.000E+00 -0.000E+00  0.943E-06  0.248E-04  0.581E-05  0.948E-01  0.000E+00  0.000E+00  0.000E+00  0.000E+00  0.000E+00
2   1.50    0.05  0.262E-01  0.838E-03    1.93    0.62  0.183E+08  0.634E-01  0.203E-02  0.000E+00 -0.000E+00  0.543E-06  0.221E-04  0.494E-05  0.638E-01  0.000E+00  0.000E+00  0.000E+00  0.000E+00  0.000E+00
2   1.60    0.05  0.516E-01  0.878E-03    1.92    0.61  0.124E+08  0.758E-01  0.129E-02  0.000E+00  0.000E+00  0.305E-06  0.206E-04  0.449E-05  0.394E-01  0.000E+00  0.000E+00  0.000E+00  0.000E+00  0.000E+00
2   1.70    0.05  0.621E-01  0.851E-03    1.91    0.63  0.844E+07  0.890E-01  0.122E-02  0.000E+00 -0.000E+00  0.232E-06  0.157E-04  0.337E-05  0.395E-01  0.000E+00  0.000E+00  0.000E+00  0.000E+00  0.000E+00
2   1.80    0.05  0.101E+00  0.830E-03    1.90    0.63  0.683E+07  0.920E-01  0.753E-03  0.000E+00 -0.000E+00  0.142E-06  0.143E-04  0.302E-05  0.269E-01  0.000E+00  0.000E+00  0.000E+00  0.000E+00  0.000E+00
2   2.00    0.10  0.254E-01  0.153E-03    1.88    0.62  0.947E+07  0.920E-01  0.556E-03  0.000E+00 -0.000E+00  0.448E-06  0.124E-04  0.257E-05  0.914E-01  0.000E+00  0.000E+00  0.359E-01  0.130E+00  0.135E+00
2   0.50    0.05  0.134E-01  0.363E-02    3.04    2.08  0.328E+07  0.184E-01  0.499E-02  0.000E+00  0.000E+00  0.121E-06  0.794E-06  0.233E-06  0.292E+00  0.000E+00  0.000E+00  0.000E+00  0.000E+00  0.000E+00
2   0.60    0.05  0.605E-02  0.990E-03    2.95    2.23  0.162E+08  0.000E+00  0.000E+00  0.000E+00 -0.000E+00  0.816E-07  0.539E-06  0.159E-06  0.290E+00  0.000E+00  0.000E+00  0.000E+00  0.000E+00  0.000E+00
2   0.70    0.05  0.677E-02  0.598E-03    2.84    2.42  0.147E+08  0.000E+00  0.000E+00  0.000E+00  0.000E+00  0.431E-07  0.311E-06  0.912E-07  0.273E+00  0.000E+00  0.000E+00  0.000E+00  0.000E+00  0.000E+00
2   0.80    0.05  0.741E-02  0.414E-03    2.72    2.57  0.103E+08  0.134E-01  0.747E-03  0.000E+00 -0.000E+00  0.285E-07  0.184E-06  0.529E-07  0.296E+00  0.000E+00  0.000E+00  0.000E+00  0.000E+00  0.000E+00
2   0.90    0.05  0.116E-01  0.315E-03    2.61    2.66  0.619E+07  0.380E-02  0.103E-03  0.000E+00  0.000E+00  0.145E-07  0.123E-06  0.352E-07  0.242E+00  0.000E+00  0.000E+00  0.000E+00  0.000E+00  0.000E+00
2   1.00    0.05  0.691E-02  0.360E-03    2.50    2.69  0.496E+07  0.212E-04  0.111E-05  0.000E+00 -0.000E+00  0.301E-07  0.957E-07  0.278E-07  0.460E+00  0.000E+00  0.000E+00  0.000E+00  0.000E+00  0.000E+00
2   1.10    0.05  0.167E-01  0.248E-03    2.40    2.71  0.236E+07  0.135E-02  0.201E-04  0.000E+00  0.000E+00  0.938E-08  0.659E-07  0.176E-07  0.280E+00  0.000E+00  0.000E+00  0.000E+00  0.000E+00  0.000E+00
2   1.20    0.05  0.548E-01  0.178E-03    2.32    2.74  0.924E+06  0.155E-01  0.506E-04  0.000E+00  0.000E+00  0.218E-08  0.383E-07  0.833E-08  0.136E+00  0.000E+00  0.000E+00  0.000E+00  0.000E+00  0.000E+00
2   1.30    0.05  0.133E+00  0.137E-03    2.24    2.76  0.440E+06  0.413E-01  0.424E-04  0.000E+00 -0.000E+00  0.722E-09  0.229E-07  0.416E-08  0.813E-01  0.000E+00  0.000E+00  0.000E+00  0.000E+00  0.000E+00
2   1.40    0.05  0.335E+00  0.129E-03    2.18    2.85  0.154E+06  0.672E-01  0.259E-04  0.000E+00  0.000E+00  0.264E-09  0.130E-07  0.212E-08  0.545E-01  0.000E+00  0.000E+00  0.000E+00  0.000E+00  0.000E+00
2   1.50    0.05  0.393E+00  0.686E-04    2.13    3.02  0.393E+05  0.834E-01  0.145E-04  0.000E+00  0.000E+00  0.108E-09  0.302E-08  0.445E-09  0.926E-01  0.000E+00  0.000E+00  0.000E+00  0.000E+00  0.000E+00
2   1.60    0.05  0.579E+00  0.548E-04    2.08    3.20  0.130E+05  0.842E-01  0.797E-05  0.000E+00        NaN  0.527E-10  0.121E-08  0.162E-09  0.110E+00  0.000E+00  0.000E+00  0.000E+00  0.000E+00  0.000E+00
2   1.70    0.05  0.792E+00  0.463E-04    2.03    3.36  0.477E+04  0.704E-01  0.412E-05  0.000E+00        NaN  0.300E-10  0.558E-09  0.686E-10  0.133E+00  0.000E+00  0.000E+00  0.000E+00  0.000E+00  0.000E+00
2   1.80    0.05  0.108E+01  0.408E-04    1.98    3.50  0.187E+04  0.472E-01  0.179E-05  0.000E+00        NaN  0.182E-10  0.279E-09  0.318E-10  0.158E+00  0.000E+00  0.000E+00  0.000E+00  0.000E+00  0.000E+00
2   2.00    0.10  0.153E+01  0.274E-04    1.89    3.72  0.570E+03  0.920E-01  0.165E-05  0.000E+00        NaN  0.766E-11  0.879E-10  0.886E-11  0.201E+00  0.000E+00  0.000E+00  0.216E+01  0.130E+00  0.217E+01
2   0.50    0.05  0.481E-02  0.150E-02    2.55    1.04  0.351E+08  0.184E-01  0.574E-02  0.000E+00  0.000E+00  0.109E-05  0.893E-05  0.259E-05  0.248E+00  0.000E+00  0.000E+00  0.000E+00  0.000E+00  0.000E+00
2   0.60    0.05  0.239E-02  0.778E-03    2.48    1.12  0.982E+08  0.000E+00  0.000E+00  0.000E+00  0.000E+00  0.110E-05  0.695E-05  0.212E-05  0.299E+00  0.000E+00  0.000E+00  0.000E+00  0.000E+00  0.000E+00
2   0.70    0.05  0.251E-02  0.592E-03    2.40    1.20  0.924E+08  0.000E+00  0.000E+00  0.000E+00 -0.000E+00  0.773E-06  0.503E-05  0.150E-05  0.293E+00  0.000E+00  0.000E+00  0.000E+00  0.000E+00  0.000E+00
2   0.80    0.05  0.493E-02  0.439E-03    2.33    1.26  0.690E+08  0.134E-01  0.119E-02  0.000E+00  0.000E+00  0.309E-06  0.402E-05  0.114E-05  0.172E+00  0.000E+00  0.000E+00  0.000E+00  0.000E+00  0.000E+00
2   0.90    0.05  0.289E-02  0.422E-03    2.26    1.30  0.682E+08  0.380E-02  0.554E-03  0.000E+00  0.000E+00  0.563E-06  0.366E-05  0.108E-05  0.293E+00  0.000E+00  0.000E+00  0.000E+00  0.000E+00  0.000E+00
2   1.00    0.05  0.164E-02  0.537E-03    2.20    1.31  0.714E+08  0.212E-04  0.697E-05  0.000E+00 -0.000E+00  0.135E-05  0.347E-05  0.107E-05  0.511E+00  0.000E+00  0.000E+00  0.000E+00  0.000E+00  0.000E+00
2   1.10    0.05  0.325E-02  0.438E-03    2.14    1.30  0.404E+08  0.135E-02  0.182E-03  0.000E+00  0.000E+00  0.596E-06  0.304E-05  0.883E-06  0.346E+00  0.000E+00  0.000E+00  0.000E+00  0.000E+00  0.000E+00
2   1.20    0.05  0.893E-02  0.353E-03    2.10    1.31  0.198E+08  0.155E-01  0.613E-03  0.000E+00  0.000E+00  0.182E-06  0.226E-05  0.576E-06  0.181E+00  0.000E+00  0.000E+00  0.000E+00  0.000E+00  0.000E+00
2   1.30    0.05  0.204E-01  0.298E-03    2.06    1.31  0.108E+08  0.413E-01  0.604E-03  0.000E+00  -Infinity  0.699E-07  0.162E-05  0.364E-06  0.107E+00  0.000E+00  0.000E+00  0.000E+00  0.000E+00  0.000E+00
2   1.40    0.05  0.402E-01  0.265E-03    2.02    1.31  0.615E+07  0.672E-01  0.442E-03  0.000E+00 -0.000E+00  0.323E-07  0.117E-05  0.236E-06  0.717E-01  0.000E+00  0.000E+00  0.000E+00  0.000E+00  0.000E+00
2   1.50    0.05  0.671E-01  0.229E-03    1.99    1.31  0.414E+07  0.834E-01  0.285E-03  0.000E+00  -Infinity  0.172E-07  0.874E-06  0.160E-06  0.524E-01  0.000E+00  0.000E+00  0.000E+00  0.000E+00  0.000E+00
2   1.60    0.05  0.109E+00  0.216E-03    1.96    1.31  0.273E+07  0.842E-01  0.167E-03  0.000E+00  0.000E+00  0.103E-07  0.699E-06  0.118E-06  0.397E-01  0.000E+00  0.000E+00  0.000E+00  0.000E+00  0.000E+00
2   1.70    0.05  0.143E+00  0.197E-03    1.94    1.33  0.187E+07  0.704E-01  0.974E-04  0.000E+00 -0.000E+00  0.704E-08  0.524E-06  0.827E-07  0.366E-01  0.000E+00  0.000E+00  0.000E+00  0.000E+00  0.000E+00
2   1.80    0.05  0.181E+00  0.188E-03    1.92    1.32  0.146E+07  0.472E-01  0.490E-04  0.000E+00 -0.000E+00  0.543E-08  0.458E-06  0.681E-07  0.326E-01  0.000E+00  0.000E+00  0.000E+00  0.000E+00  0.000E+00
2   2.00    0.10  0.497E-01  0.365E-04    1.88    1.30  0.174E+07  0.920E-01  0.675E-04  0.000E+00 -0.000E+00  0.161E-07  0.377E-06  0.512E-07  0.109E+00  0.000E+00  0.000E+00  0.703E-01  0.130E+00  0.148E+00
