1   1.50    0.30   -0.31        NaN        NaN     NaN     NaN  0.000E+00        NaN        NaN        NaN        NaN
1   1.50    0.40   -0.31        NaN        NaN     NaN     NaN  0.000E+00        NaN        NaN        NaN        NaN
1   1.50    0.50   -0.31        NaN        NaN     NaN     NaN  0.000E+00        NaN        NaN        NaN        NaN
1   1.50    0.60   -0.31  0.190E-01  0.477E-02    1.64    1.30  0.151E+07  0.228E-02  0.573E-03  0.163E-01 -0.196E-02
1   1.50    0.70   -0.31  0.888E-02  0.193E-02    1.46    1.37  0.692E+07  0.237E-02  0.515E-03  0.170E-01 -0.798E-03
1   1.50    0.80   -0.31  0.884E-02  0.747E-03    1.25    1.46  0.695E+07 -0.737E-02  0.622E-03 -0.526E-01  0.000E+00
1   1.50    0.90   -0.31  0.880E-02  0.846E-03    1.05    1.54  0.694E+07 -0.168E-01  0.161E-02 -0.120E+00  0.000E+00
1   1.50    1.00   -0.31  0.830E-02  0.174E-02    0.88    1.59  0.792E+07  0.323E-04  0.679E-05  0.231E-03 -0.000E+00
1   1.50    1.10   -0.31  0.115E-01  0.898E-03    0.74    1.61  0.427E+07  0.251E-01  0.197E-02  0.179E+00 -0.000E+00
1   1.50    1.20   -0.31  0.169E-01  0.355E-03    0.62    1.62  0.197E+07  0.503E-01  0.106E-02  0.359E+00 -0.000E+00
1   1.50    1.30   -0.31  0.232E-01  0.172E-03    0.51    1.63  0.105E+07  0.755E-01  0.562E-03  0.540E+00 -0.000E+00
1   1.50    1.40   -0.31  0.314E-01  0.942E-04    0.41    1.64  0.568E+06  0.101E+00  0.303E-03  0.721E+00 -0.000E+00
1   1.50    1.50   -0.31  0.386E-01  0.574E-04    0.33    1.65  0.375E+06  0.126E+00  0.188E-03  0.903E+00 -0.000E+00
1   1.50    1.60   -0.31  0.477E-01  0.438E-04    0.25    1.65  0.245E+06  0.140E+00  0.129E-03  0.100E+01 -0.000E+00
1   1.50    1.70   -0.31  0.574E-01  0.000E+00     NaN    1.65  0.169E+06  0.140E+00  0.000E+00  0.100E+01 -0.000E+00
1   1.50    1.80   -0.31  0.679E-01  0.000E+00     NaN    1.63  0.121E+06  0.140E+00  0.000E+00  0.100E+01 -0.000E+00
1   1.50    2.00   -0.31  0.679E-01  0.000E+00     NaN    1.60  0.121E+06  0.140E+00  0.000E+00  0.100E+01 -0.000E+00
1 100.00    0.30     NaN        NaN        NaN     NaN     NaN  0.000E+00        NaN        NaN        NaN        NaN
1 100.00    0.40     NaN        NaN        NaN     NaN     NaN  0.000E+00        NaN        NaN        NaN        NaN
1 100.00    0.50     NaN        NaN        NaN     NaN     NaN  0.000E+00        NaN        NaN        NaN        NaN
1 100.00    0.60     NaN        NaN        NaN    1.64    1.30  0.000E+00  0.228E-02  0.573E-03  0.163E-01 -0.196E-02
1 100.00    0.70     NaN        NaN        NaN    1.46    1.37  0.000E+00  0.237E-02  0.515E-03  0.170E-01 -0.798E-03
1 100.00    0.80     NaN        NaN        NaN    1.25    1.46  0.000E+00 -0.737E-02  0.622E-03 -0.526E-01  0.000E+00
1 100.00    0.90     NaN        NaN        NaN    1.05    1.54  0.000E+00 -0.168E-01  0.161E-02 -0.120E+00  0.000E+00
1 100.00    1.00     NaN        NaN        NaN    0.88    1.59  0.000E+00  0.323E-04  0.679E-05  0.231E-03 -0.000E+00
1 100.00    1.10     NaN        NaN        NaN    0.74    1.61  0.000E+00  0.251E-01  0.197E-02  0.179E+00 -0.000E+00
1 100.00    1.20     NaN        NaN        NaN    0.62    1.62  0.000E+00  0.503E-01  0.106E-02  0.359E+00 -0.000E+00
1 100.00    1.30     NaN        NaN        NaN    0.51    1.63  0.000E+00  0.755E-01  0.562E-03  0.540E+00 -0.000E+00
1 100.00    1.40     NaN        NaN        NaN    0.41    1.64  0.000E+00  0.101E+00  0.303E-03  0.721E+00 -0.000E+00
1 100.00    1.50     NaN        NaN        NaN    0.33    1.65  0.000E+00  0.126E+00  0.188E-03  0.903E+00 -0.000E+00
1 100.00    1.60     NaN        NaN        NaN    0.25    1.65  0.000E+00  0.140E+00  0.129E-03  0.100E+01 -0.000E+00
1 100.00    1.70     NaN        NaN        NaN     NaN    1.65  0.000E+00  0.140E+00  0.000E+00  0.100E+01 -0.000E+00
1 100.00    1.80     NaN        NaN        NaN     NaN    1.63  0.000E+00  0.140E+00  0.000E+00  0.100E+01 -0.000E+00
1 100.00    2.00     NaN        NaN        NaN     NaN    1.60  0.000E+00  0.140E+00  0.000E+00  0.100E+01 -0.000E+00
1 100.00    0.30     NaN        NaN        NaN     NaN     NaN  0.000E+00        NaN        NaN        NaN        NaN
1 100.00    0.40     NaN        NaN        NaN     NaN     NaN  0.000E+00        NaN        NaN        NaN        NaN
1 100.00    0.50     NaN        NaN        NaN     NaN     NaN  0.000E+00        NaN        NaN        NaN        NaN
1 100.00    0.60     NaN        NaN        NaN    1.64    1.30  0.000E+00  0.228E-02  0.573E-03  0.163E-01 -0.196E-02
1 100.00    0.70     NaN        NaN        NaN    1.46    1.37  0.000E+00  0.237E-02  0.515E-03  0.170E-01 -0.798E-03
1 100.00    0.80     NaN        NaN        NaN    1.25    1.46  0.000E+00 -0.737E-02  0.622E-03 -0.526E-01  0.000E+00
1 100.00    0.90     NaN        NaN        NaN    1.05    1.54  0.000E+00 -0.168E-01  0.161E-02 -0.120E+00  0.000E+00
1 100.00    1.00     NaN        NaN        NaN    0.88    1.59  0.000E+00  0.323E-04  0.679E-05  0.231E-03 -0.000E+00
1 100.00    1.10     NaN        NaN        NaN    0.74    1.61  0.000E+00  0.251E-01  0.197E-02  0.179E+00 -0.000E+00
1 100.00    1.20     NaN        NaN        NaN    0.62    1.62  0.000E+00  0.503E-01  0.106E-02  0.359E+00 -0.000E+00
1 100.00    1.30     NaN        NaN        NaN    0.51    1.63  0.000E+00  0.755E-01  0.562E-03  0.540E+00 -0.000E+00
1 100.00    1.40     NaN        NaN        NaN    0.41    1.64  0.000E+00  0.101E+00  0.303E-03  0.721E+00 -0.000E+00
1 100.00    1.50     NaN        NaN        NaN    0.33    1.65  0.000E+00  0.126E+00  0.188E-03  0.903E+00 -0.000E+00
1 100.00    1.60     NaN        NaN        NaN    0.25    1.65  0.000E+00  0.140E+00  0.129E-03  0.100E+01 -0.000E+00
1 100.00    1.70     NaN        NaN        NaN     NaN    1.65  0.000E+00  0.140E+00  0.000E+00  0.100E+01 -0.000E+00
1 100.00    1.80     NaN        NaN        NaN     NaN    1.63  0.000E+00  0.140E+00  0.000E+00  0.100E+01 -0.000E+00
1 100.00    2.00     NaN        NaN        NaN     NaN    1.60  0.000E+00  0.140E+00  0.000E+00  0.100E+01 -0.000E+00
1 100.00    0.30     NaN        NaN        NaN     NaN     NaN  0.000E+00        NaN        NaN        NaN        NaN
1 100.00    0.40     NaN        NaN        NaN     NaN     NaN  0.000E+00        NaN        NaN        NaN        NaN
1 100.00    0.50     NaN        NaN        NaN     NaN     NaN  0.000E+00        NaN        NaN        NaN        NaN
1 100.00    0.60     NaN        NaN        NaN    1.64    1.30  0.000E+00  0.228E-02  0.573E-03  0.163E-01 -0.196E-02
1 100.00    0.70     NaN        NaN        NaN    1.46    1.37  0.000E+00  0.237E-02  0.515E-03  0.170E-01 -0.798E-03
1 100.00    0.80     NaN        NaN        NaN    1.25    1.46  0.000E+00 -0.737E-02  0.622E-03 -0.526E-01  0.000E+00
1 100.00    0.90     NaN        NaN        NaN    1.05    1.54  0.000E+00 -0.168E-01  0.161E-02 -0.120E+00  0.000E+00
1 100.00    1.00     NaN        NaN        NaN    0.88    1.59  0.000E+00  0.323E-04  0.679E-05  0.231E-03 -0.000E+00
1 100.00    1.10     NaN        NaN        NaN    0.74    1.61  0.000E+00  0.251E-01  0.197E-02  0.179E+00 -0.000E+00
1 100.00    1.20     NaN        NaN        NaN    0.62    1.62  0.000E+00  0.503E-01  0.106E-02  0.359E+00 -0.000E+00
1 100.00    1.30     NaN        NaN        NaN    0.51    1.63  0.000E+00  0.755E-01  0.562E-03  0.540E+00 -0.000E+00
1 100.00    1.40     NaN        NaN        NaN    0.41    1.64  0.000E+00  0.101E+00  0.303E-03  0.721E+00 -0.000E+00
1 100.00    1.50     NaN        NaN        NaN    0.33    1.65  0.000E+00  0.126E+00  0.188E-03  0.903E+00 -0.000E+00
1 100.00    1.60     NaN        NaN        NaN    0.25    1.65  0.000E+00  0.140E+00  0.129E-03  0.100E+01 -0.000E+00
1 100.00    1.70     NaN        NaN        NaN     NaN    1.65  0.000E+00  0.140E+00  0.000E+00  0.100E+01 -0.000E+00
1 100.00    1.80     NaN        NaN        NaN     NaN    1.63  0.000E+00  0.140E+00  0.000E+00  0.100E+01 -0.000E+00
1 100.00    2.00     NaN        NaN        NaN     NaN    1.60  0.000E+00  0.140E+00  0.000E+00  0.100E+01 -0.000E+00
1 100.00    0.30     NaN        NaN        NaN     NaN     NaN  0.000E+00        NaN        NaN        NaN        NaN
1 100.00    0.40     NaN        NaN        NaN     NaN     NaN  0.000E+00        NaN        NaN        NaN        NaN
1 100.00    0.50     NaN        NaN        NaN     NaN     NaN  0.000E+00        NaN        NaN        NaN        NaN
1 100.00    0.60     NaN        NaN        NaN    1.64    1.30  0.000E+00  0.228E-02  0.573E-03  0.163E-01 -0.196E-02
1 100.00    0.70     NaN        NaN        NaN    1.46    1.37  0.000E+00  0.237E-02  0.515E-03  0.170E-01 -0.798E-03
1 100.00    0.80     NaN        NaN        NaN    1.25    1.46  0.000E+00 -0.737E-02  0.622E-03 -0.526E-01  0.000E+00
1 100.00    0.90     NaN        NaN        NaN    1.05    1.54  0.000E+00 -0.168E-01  0.161E-02 -0.120E+00  0.000E+00
1 100.00    1.00     NaN        NaN        NaN    0.88    1.59  0.000E+00  0.323E-04  0.679E-05  0.231E-03 -0.000E+00
1 100.00    1.10     NaN        NaN        NaN    0.74    1.61  0.000E+00  0.251E-01  0.197E-02  0.179E+00 -0.000E+00
1 100.00    1.20     NaN        NaN        NaN    0.62    1.62  0.000E+00  0.503E-01  0.106E-02  0.359E+00 -0.000E+00
1 100.00    1.30     NaN        NaN        NaN    0.51    1.63  0.000E+00  0.755E-01  0.562E-03  0.540E+00 -0.000E+00
1 100.00    1.40     NaN        NaN        NaN    0.41    1.64  0.000E+00  0.101E+00  0.303E-03  0.721E+00 -0.000E+00
1 100.00    1.50     NaN        NaN        NaN    0.33    1.65  0.000E+00  0.126E+00  0.188E-03  0.903E+00 -0.000E+00
1 100.00    1.60     NaN        NaN        NaN    0.25    1.65  0.000E+00  0.140E+00  0.129E-03  0.100E+01 -0.000E+00
1 100.00    1.70     NaN        NaN        NaN     NaN    1.65  0.000E+00  0.140E+00  0.000E+00  0.100E+01 -0.000E+00
1 100.00    1.80     NaN        NaN        NaN     NaN    1.63  0.000E+00  0.140E+00  0.000E+00  0.100E+01 -0.000E+00
1 100.00    2.00     NaN        NaN        NaN     NaN    1.60  0.000E+00  0.140E+00  0.000E+00  0.100E+01 -0.000E+00
2 100.00    0.30     NaN        NaN        NaN     NaN     NaN  0.000E+00        NaN        NaN        NaN        NaN
2 100.00    0.40     NaN        NaN        NaN     NaN     NaN  0.000E+00        NaN        NaN        NaN        NaN
2 100.00    0.50     NaN        NaN        NaN     NaN     NaN  0.000E+00        NaN        NaN        NaN        NaN
2 100.00    0.60     NaN        NaN        NaN     NaN     NaN  0.000E+00        NaN        NaN        NaN        NaN
2 100.00    0.70     NaN        NaN        NaN     NaN     NaN  0.000E+00        NaN        NaN        NaN        NaN
2 100.00    0.80     NaN        NaN        NaN     NaN     NaN  0.000E+00 -0.737E-02  0.000E+00 -0.526E-01        NaN
2 100.00    0.90     NaN        NaN        NaN     NaN     NaN  0.000E+00 -0.168E-01  0.000E+00 -0.120E+00        NaN
2 100.00    1.00     NaN        NaN        NaN     NaN     NaN  0.000E+00  0.323E-04  0.000E+00  0.231E-03        NaN
2 100.00    1.10     NaN        NaN        NaN     NaN     NaN  0.000E+00  0.000E+00  0.000E+00  0.000E+00        NaN
2 100.00    1.20     NaN        NaN        NaN     NaN     NaN  0.000E+00  0.000E+00  0.000E+00  0.000E+00        NaN
2 100.00    1.30     NaN        NaN        NaN     NaN     NaN  0.000E+00  0.000E+00  0.000E+00  0.000E+00        NaN
2 100.00    1.40     NaN        NaN        NaN     NaN     NaN  0.000E+00  0.000E+00  0.000E+00  0.000E+00        NaN
2 100.00    1.50     NaN        NaN        NaN     NaN     NaN  0.000E+00  0.000E+00  0.000E+00  0.000E+00        NaN
2 100.00    1.60     NaN        NaN        NaN     NaN     NaN  0.000E+00  0.000E+00  0.000E+00  0.000E+00        NaN
2 100.00    1.70     NaN        NaN        NaN     NaN     NaN  0.000E+00  0.000E+00  0.000E+00  0.000E+00        NaN
2 100.00    1.80     NaN        NaN        NaN     NaN     NaN  0.000E+00  0.000E+00  0.000E+00  0.000E+00        NaN
2 100.00    2.00     NaN        NaN        NaN     NaN     NaN  0.000E+00  0.000E+00  0.000E+00  0.000E+00        NaN
2 100.00    0.30     NaN        NaN        NaN     NaN     NaN  0.000E+00        NaN        NaN        NaN        NaN
2 100.00    0.40     NaN        NaN        NaN     NaN     NaN  0.000E+00        NaN        NaN        NaN        NaN
2 100.00    0.50     NaN        NaN        NaN     NaN     NaN  0.000E+00        NaN        NaN        NaN        NaN
2 100.00    0.60     NaN        NaN        NaN     NaN     NaN  0.000E+00        NaN        NaN        NaN        NaN
2 100.00    0.70     NaN        NaN        NaN     NaN     NaN  0.000E+00        NaN        NaN        NaN        NaN
2 100.00    0.80     NaN        NaN        NaN     NaN     NaN  0.000E+00 -0.737E-02  0.000E+00 -0.526E-01        NaN
2 100.00    0.90     NaN        NaN        NaN     NaN     NaN  0.000E+00 -0.168E-01  0.000E+00 -0.120E+00        NaN
2 100.00    1.00     NaN        NaN        NaN     NaN     NaN  0.000E+00  0.323E-04  0.000E+00  0.231E-03        NaN
2 100.00    1.10     NaN        NaN        NaN     NaN     NaN  0.000E+00  0.000E+00  0.000E+00  0.000E+00        NaN
2 100.00    1.20     NaN        NaN        NaN     NaN     NaN  0.000E+00  0.000E+00  0.000E+00  0.000E+00        NaN
2 100.00    1.30     NaN        NaN        NaN     NaN     NaN  0.000E+00  0.000E+00  0.000E+00  0.000E+00        NaN
2 100.00    1.40     NaN        NaN        NaN     NaN     NaN  0.000E+00  0.000E+00  0.000E+00  0.000E+00        NaN
2 100.00    1.50     NaN        NaN        NaN     NaN     NaN  0.000E+00  0.000E+00  0.000E+00  0.000E+00        NaN
2 100.00    1.60     NaN        NaN        NaN     NaN     NaN  0.000E+00  0.000E+00  0.000E+00  0.000E+00        NaN
2 100.00    1.70     NaN        NaN        NaN     NaN     NaN  0.000E+00  0.000E+00  0.000E+00  0.000E+00        NaN
2 100.00    1.80     NaN        NaN        NaN     NaN     NaN  0.000E+00  0.000E+00  0.000E+00  0.000E+00        NaN
2 100.00    2.00     NaN        NaN        NaN     NaN     NaN  0.000E+00  0.000E+00  0.000E+00  0.000E+00        NaN
2 100.00    0.30     NaN        NaN        NaN     NaN     NaN  0.000E+00        NaN        NaN        NaN        NaN
2 100.00    0.40     NaN        NaN        NaN     NaN     NaN  0.000E+00        NaN        NaN        NaN        NaN
2 100.00    0.50     NaN        NaN        NaN     NaN     NaN  0.000E+00        NaN        NaN        NaN        NaN
2 100.00    0.60     NaN        NaN        NaN     NaN     NaN  0.000E+00        NaN        NaN        NaN        NaN
2 100.00    0.70     NaN        NaN        NaN     NaN     NaN  0.000E+00        NaN        NaN        NaN        NaN
2 100.00    0.80     NaN        NaN        NaN     NaN     NaN  0.000E+00 -0.737E-02  0.000E+00 -0.526E-01        NaN
2 100.00    0.90     NaN        NaN        NaN     NaN     NaN  0.000E+00 -0.168E-01  0.000E+00 -0.120E+00        NaN
2 100.00    1.00     NaN        NaN        NaN     NaN     NaN  0.000E+00  0.323E-04  0.000E+00  0.231E-03        NaN
2 100.00    1.10     NaN        NaN        NaN     NaN     NaN  0.000E+00  0.000E+00  0.000E+00  0.000E+00        NaN
2 100.00    1.20     NaN        NaN        NaN     NaN     NaN  0.000E+00  0.000E+00  0.000E+00  0.000E+00        NaN
2 100.00    1.30     NaN        NaN        NaN     NaN     NaN  0.000E+00  0.000E+00  0.000E+00  0.000E+00        NaN
2 100.00    1.40     NaN        NaN        NaN     NaN     NaN  0.000E+00  0.000E+00  0.000E+00  0.000E+00        NaN
2 100.00    1.50     NaN        NaN        NaN     NaN     NaN  0.000E+00  0.000E+00  0.000E+00  0.000E+00        NaN
2 100.00    1.60     NaN        NaN        NaN     NaN     NaN  0.000E+00  0.000E+00  0.000E+00  0.000E+00        NaN
2 100.00    1.70     NaN        NaN        NaN     NaN     NaN  0.000E+00  0.000E+00  0.000E+00  0.000E+00        NaN
2 100.00    1.80     NaN        NaN        NaN     NaN     NaN  0.000E+00  0.000E+00  0.000E+00  0.000E+00        NaN
2 100.00    2.00     NaN        NaN        NaN     NaN     NaN  0.000E+00  0.000E+00  0.000E+00  0.000E+00        NaN
2 100.00    0.30     NaN        NaN        NaN     NaN     NaN  0.000E+00        NaN        NaN        NaN        NaN
2 100.00    0.40     NaN        NaN        NaN     NaN     NaN  0.000E+00        NaN        NaN        NaN        NaN
2 100.00    0.50     NaN        NaN        NaN     NaN     NaN  0.000E+00        NaN        NaN        NaN        NaN
2 100.00    0.60     NaN        NaN        NaN     NaN     NaN  0.000E+00        NaN        NaN        NaN        NaN
2 100.00    0.70     NaN        NaN        NaN     NaN     NaN  0.000E+00        NaN        NaN        NaN        NaN
2 100.00    0.80     NaN        NaN        NaN     NaN     NaN  0.000E+00 -0.737E-02  0.000E+00 -0.526E-01        NaN
2 100.00    0.90     NaN        NaN        NaN     NaN     NaN  0.000E+00 -0.168E-01  0.000E+00 -0.120E+00        NaN
2 100.00    1.00     NaN        NaN        NaN     NaN     NaN  0.000E+00  0.323E-04  0.000E+00  0.231E-03        NaN
2 100.00    1.10     NaN        NaN        NaN     NaN     NaN  0.000E+00  0.000E+00  0.000E+00  0.000E+00        NaN
2 100.00    1.20     NaN        NaN        NaN     NaN     NaN  0.000E+00  0.000E+00  0.000E+00  0.000E+00        NaN
2 100.00    1.30     NaN        NaN        NaN     NaN     NaN  0.000E+00  0.000E+00  0.000E+00  0.000E+00        NaN
2 100.00    1.40     NaN        NaN        NaN     NaN     NaN  0.000E+00  0.000E+00  0.000E+00  0.000E+00        NaN
2 100.00    1.50     NaN        NaN        NaN     NaN     NaN  0.000E+00  0.000E+00  0.000E+00  0.000E+00        NaN
2 100.00    1.60     NaN        NaN        NaN     NaN     NaN  0.000E+00  0.000E+00  0.000E+00  0.000E+00        NaN
2 100.00    1.70     NaN        NaN        NaN     NaN     NaN  0.000E+00  0.000E+00  0.000E+00  0.000E+00        NaN
2 100.00    1.80     NaN        NaN        NaN     NaN     NaN  0.000E+00  0.000E+00  0.000E+00  0.000E+00        NaN
2 100.00    2.00     NaN        NaN        NaN     NaN     NaN  0.000E+00  0.000E+00  0.000E+00  0.000E+00        NaN
2 100.00    0.30     NaN        NaN        NaN     NaN     NaN  0.000E+00        NaN        NaN        NaN        NaN
2 100.00    0.40     NaN        NaN        NaN     NaN     NaN  0.000E+00        NaN        NaN        NaN        NaN
2 100.00    0.50     NaN        NaN        NaN     NaN     NaN  0.000E+00        NaN        NaN        NaN        NaN
2 100.00    0.60     NaN        NaN        NaN     NaN     NaN  0.000E+00        NaN        NaN        NaN        NaN
2 100.00    0.70     NaN        NaN        NaN     NaN     NaN  0.000E+00        NaN        NaN        NaN        NaN
2 100.00    0.80     NaN        NaN        NaN     NaN     NaN  0.000E+00 -0.737E-02  0.000E+00 -0.526E-01        NaN
2 100.00    0.90     NaN        NaN        NaN     NaN     NaN  0.000E+00 -0.168E-01  0.000E+00 -0.120E+00        NaN
2 100.00    1.00     NaN        NaN        NaN     NaN     NaN  0.000E+00  0.323E-04  0.000E+00  0.231E-03        NaN
2 100.00    1.10     NaN        NaN        NaN     NaN     NaN  0.000E+00  0.000E+00  0.000E+00  0.000E+00        NaN
2 100.00    1.20     NaN        NaN        NaN     NaN     NaN  0.000E+00  0.000E+00  0.000E+00  0.000E+00        NaN
2 100.00    1.30     NaN        NaN        NaN     NaN     NaN  0.000E+00  0.000E+00  0.000E+00  0.000E+00        NaN
2 100.00    1.40     NaN        NaN        NaN     NaN     NaN  0.000E+00  0.000E+00  0.000E+00  0.000E+00        NaN
2 100.00    1.50     NaN        NaN        NaN     NaN     NaN  0.000E+00  0.000E+00  0.000E+00  0.000E+00        NaN
2 100.00    1.60     NaN        NaN        NaN     NaN     NaN  0.000E+00  0.000E+00  0.000E+00  0.000E+00        NaN
2 100.00    1.70     NaN        NaN        NaN     NaN     NaN  0.000E+00  0.000E+00  0.000E+00  0.000E+00        NaN
2 100.00    1.80     NaN        NaN        NaN     NaN     NaN  0.000E+00  0.000E+00  0.000E+00  0.000E+00        NaN
2 100.00    2.00     NaN        NaN        NaN     NaN     NaN  0.000E+00  0.000E+00  0.000E+00  0.000E+00        NaN
