1   1.00    0.30   -0.16        NaN        NaN     NaN     NaN  0.000E+00        NaN        NaN        NaN        NaN
1   1.00    0.40   -0.16        NaN        NaN     NaN     NaN  0.000E+00        NaN        NaN        NaN        NaN
1   1.00    0.50   -0.16  0.135E-01  0.313E-02    2.70    2.08  0.328E+07  0.194E-02  0.451E-03  0.138E-01 -0.291E-02
1   1.00    0.60   -0.16  0.605E-02  0.983E-03    2.36    2.23  0.162E+08  0.231E-02  0.375E-03  0.165E-01 -0.161E-02
1   1.00    0.70   -0.16  0.636E-02  0.571E-03    1.93    2.42  0.147E+08  0.239E-02  0.215E-03  0.171E-01 -0.617E-03
1   1.00    0.80   -0.16  0.755E-02  0.429E-03    1.54    2.57  0.103E+08 -0.737E-02  0.418E-03 -0.526E-01  0.000E+00
1   1.00    0.90   -0.16  0.972E-02  0.265E-03    1.19    2.66  0.619E+07 -0.168E-01  0.458E-03 -0.120E+00  0.000E+00
1   1.00    1.00   -0.16  0.109E-01  0.571E-03    0.89    2.69  0.496E+07  0.323E-04  0.169E-05  0.231E-03 -0.000E+00
1   1.00    1.10   -0.16  0.161E-01  0.260E-03    0.65    2.71  0.236E+07  0.301E-01  0.485E-03  0.215E+00 -0.000E+00
1   1.00    1.20   -0.16  0.257E-01  0.896E-04    0.43    2.74  0.924E+06  0.604E-01  0.210E-03  0.431E+00 -0.000E+00
1   1.00    1.30   -0.16  0.372E-01  0.000E+00     NaN    2.76  0.440E+06  0.909E-01  0.000E+00  0.649E+00 -0.000E+00
1   1.00    1.40   -0.16  0.629E-01  0.000E+00     NaN    2.85  0.154E+06  0.123E+00  0.000E+00  0.876E+00 -0.000E+00
1   1.00    1.50   -0.16  0.126E+00  0.000E+00     NaN    3.02  0.393E+05  0.140E+00  0.000E+00  0.100E+01        NaN
1   1.00    1.60   -0.16  0.220E+00  0.000E+00     NaN    3.20  0.130E+05  0.140E+00  0.000E+00  0.100E+01        NaN
1   1.00    1.70   -0.16  0.364E+00  0.000E+00     NaN    3.36  0.477E+04  0.140E+00  0.000E+00  0.100E+01        NaN
1   1.00    1.80   -0.16  0.586E+00  0.000E+00     NaN    3.50  0.187E+04  0.140E+00  0.000E+00  0.100E+01        NaN
1   1.00    2.00   -0.16  0.106E+01  0.000E+00     NaN    3.72  0.570E+03  0.140E+00  0.000E+00  0.100E+01        NaN
1 100.00    0.30     NaN        NaN        NaN     NaN     NaN  0.000E+00        NaN        NaN        NaN        NaN
1 100.00    0.40     NaN        NaN        NaN     NaN     NaN  0.000E+00        NaN        NaN        NaN        NaN
1 100.00    0.50     NaN        NaN        NaN    2.70    2.08  0.000E+00  0.194E-02  0.451E-03  0.138E-01 -0.291E-02
1 100.00    0.60     NaN        NaN        NaN    2.36    2.23  0.000E+00  0.231E-02  0.375E-03  0.165E-01 -0.161E-02
1 100.00    0.70     NaN        NaN        NaN    1.93    2.42  0.000E+00  0.239E-02  0.215E-03  0.171E-01 -0.617E-03
1 100.00    0.80     NaN        NaN        NaN    1.54    2.57  0.000E+00 -0.737E-02  0.418E-03 -0.526E-01  0.000E+00
1 100.00    0.90     NaN        NaN        NaN    1.19    2.66  0.000E+00 -0.168E-01  0.458E-03 -0.120E+00  0.000E+00
1 100.00    1.00     NaN        NaN        NaN    0.89    2.69  0.000E+00  0.323E-04  0.169E-05  0.231E-03 -0.000E+00
1 100.00    1.10     NaN        NaN        NaN    0.65    2.71  0.000E+00  0.301E-01  0.485E-03  0.215E+00 -0.000E+00
1 100.00    1.20     NaN        NaN        NaN    0.43    2.74  0.000E+00  0.604E-01  0.210E-03  0.431E+00 -0.000E+00
1 100.00    1.30     NaN        NaN        NaN     NaN    2.76  0.000E+00  0.909E-01  0.000E+00  0.649E+00 -0.000E+00
1 100.00    1.40     NaN        NaN        NaN     NaN    2.85  0.000E+00  0.123E+00  0.000E+00  0.876E+00 -0.000E+00
1 100.00    1.50     NaN        NaN        NaN     NaN    3.02  0.000E+00  0.140E+00  0.000E+00  0.100E+01        NaN
1 100.00    1.60     NaN        NaN        NaN     NaN    3.20  0.000E+00  0.140E+00  0.000E+00  0.100E+01        NaN
1 100.00    1.70     NaN        NaN        NaN     NaN    3.36  0.000E+00  0.140E+00  0.000E+00  0.100E+01        NaN
1 100.00    1.80     NaN        NaN        NaN     NaN    3.50  0.000E+00  0.140E+00  0.000E+00  0.100E+01        NaN
1 100.00    2.00     NaN        NaN        NaN     NaN    3.72  0.000E+00  0.140E+00  0.000E+00  0.100E+01        NaN
1 100.00    0.30     NaN        NaN        NaN     NaN     NaN  0.000E+00        NaN        NaN        NaN        NaN
1 100.00    0.40     NaN        NaN        NaN     NaN     NaN  0.000E+00        NaN        NaN        NaN        NaN
1 100.00    0.50     NaN        NaN        NaN    2.70    2.08  0.000E+00  0.194E-02  0.451E-03  0.138E-01 -0.291E-02
1 100.00    0.60     NaN        NaN        NaN    2.36    2.23  0.000E+00  0.231E-02  0.375E-03  0.165E-01 -0.161E-02
1 100.00    0.70     NaN        NaN        NaN    1.93    2.42  0.000E+00  0.239E-02  0.215E-03  0.171E-01 -0.617E-03
1 100.00    0.80     NaN        NaN        NaN    1.54    2.57  0.000E+00 -0.737E-02  0.418E-03 -0.526E-01  0.000E+00
1 100.00    0.90     NaN        NaN        NaN    1.19    2.66  0.000E+00 -0.168E-01  0.458E-03 -0.120E+00  0.000E+00
1 100.00    1.00     NaN        NaN        NaN    0.89    2.69  0.000E+00  0.323E-04  0.169E-05  0.231E-03 -0.000E+00
1 100.00    1.10     NaN        NaN        NaN    0.65    2.71  0.000E+00  0.301E-01  0.485E-03  0.215E+00 -0.000E+00
1 100.00    1.20     NaN        NaN        NaN    0.43    2.74  0.000E+00  0.604E-01  0.210E-03  0.431E+00 -0.000E+00
1 100.00    1.30     NaN        NaN        NaN     NaN    2.76  0.000E+00  0.909E-01  0.000E+00  0.649E+00 -0.000E+00
1 100.00    1.40     NaN        NaN        NaN     NaN    2.85  0.000E+00  0.123E+00  0.000E+00  0.876E+00 -0.000E+00
1 100.00    1.50     NaN        NaN        NaN     NaN    3.02  0.000E+00  0.140E+00  0.000E+00  0.100E+01        NaN
1 100.00    1.60     NaN        NaN        NaN     NaN    3.20  0.000E+00  0.140E+00  0.000E+00  0.100E+01        NaN
1 100.00    1.70     NaN        NaN        NaN     NaN    3.36  0.000E+00  0.140E+00  0.000E+00  0.100E+01        NaN
1 100.00    1.80     NaN        NaN        NaN     NaN    3.50  0.000E+00  0.140E+00  0.000E+00  0.100E+01        NaN
1 100.00    2.00     NaN        NaN        NaN     NaN    3.72  0.000E+00  0.140E+00  0.000E+00  0.100E+01        NaN
1 100.00    0.30     NaN        NaN        NaN     NaN     NaN  0.000E+00        NaN        NaN        NaN        NaN
1 100.00    0.40     NaN        NaN        NaN     NaN     NaN  0.000E+00        NaN        NaN        NaN        NaN
1 100.00    0.50     NaN        NaN        NaN    2.70    2.08  0.000E+00  0.194E-02  0.451E-03  0.138E-01 -0.291E-02
1 100.00    0.60     NaN        NaN        NaN    2.36    2.23  0.000E+00  0.231E-02  0.375E-03  0.165E-01 -0.161E-02
1 100.00    0.70     NaN        NaN        NaN    1.93    2.42  0.000E+00  0.239E-02  0.215E-03  0.171E-01 -0.617E-03
1 100.00    0.80     NaN        NaN        NaN    1.54    2.57  0.000E+00 -0.737E-02  0.418E-03 -0.526E-01  0.000E+00
1 100.00    0.90     NaN        NaN        NaN    1.19    2.66  0.000E+00 -0.168E-01  0.458E-03 -0.120E+00  0.000E+00
1 100.00    1.00     NaN        NaN        NaN    0.89    2.69  0.000E+00  0.323E-04  0.169E-05  0.231E-03 -0.000E+00
1 100.00    1.10     NaN        NaN        NaN    0.65    2.71  0.000E+00  0.301E-01  0.485E-03  0.215E+00 -0.000E+00
1 100.00    1.20     NaN        NaN        NaN    0.43    2.74  0.000E+00  0.604E-01  0.210E-03  0.431E+00 -0.000E+00
1 100.00    1.30     NaN        NaN        NaN     NaN    2.76  0.000E+00  0.909E-01  0.000E+00  0.649E+00 -0.000E+00
1 100.00    1.40     NaN        NaN        NaN     NaN    2.85  0.000E+00  0.123E+00  0.000E+00  0.876E+00 -0.000E+00
1 100.00    1.50     NaN        NaN        NaN     NaN    3.02  0.000E+00  0.140E+00  0.000E+00  0.100E+01        NaN
1 100.00    1.60     NaN        NaN        NaN     NaN    3.20  0.000E+00  0.140E+00  0.000E+00  0.100E+01        NaN
1 100.00    1.70     NaN        NaN        NaN     NaN    3.36  0.000E+00  0.140E+00  0.000E+00  0.100E+01        NaN
1 100.00    1.80     NaN        NaN        NaN     NaN    3.50  0.000E+00  0.140E+00  0.000E+00  0.100E+01        NaN
1 100.00    2.00     NaN        NaN        NaN     NaN    3.72  0.000E+00  0.140E+00  0.000E+00  0.100E+01        NaN
1 100.00    0.30     NaN        NaN        NaN     NaN     NaN  0.000E+00        NaN        NaN        NaN        NaN
1 100.00    0.40     NaN        NaN        NaN     NaN     NaN  0.000E+00        NaN        NaN        NaN        NaN
1 100.00    0.50     NaN        NaN        NaN    2.70    2.08  0.000E+00  0.194E-02  0.451E-03  0.138E-01 -0.291E-02
1 100.00    0.60     NaN        NaN        NaN    2.36    2.23  0.000E+00  0.231E-02  0.375E-03  0.165E-01 -0.161E-02
1 100.00    0.70     NaN        NaN        NaN    1.93    2.42  0.000E+00  0.239E-02  0.215E-03  0.171E-01 -0.617E-03
1 100.00    0.80     NaN        NaN        NaN    1.54    2.57  0.000E+00 -0.737E-02  0.418E-03 -0.526E-01  0.000E+00
1 100.00    0.90     NaN        NaN        NaN    1.19    2.66  0.000E+00 -0.168E-01  0.458E-03 -0.120E+00  0.000E+00
1 100.00    1.00     NaN        NaN        NaN    0.89    2.69  0.000E+00  0.323E-04  0.169E-05  0.231E-03 -0.000E+00
1 100.00    1.10     NaN        NaN        NaN    0.65    2.71  0.000E+00  0.301E-01  0.485E-03  0.215E+00 -0.000E+00
1 100.00    1.20     NaN        NaN        NaN    0.43    2.74  0.000E+00  0.604E-01  0.210E-03  0.431E+00 -0.000E+00
1 100.00    1.30     NaN        NaN        NaN     NaN    2.76  0.000E+00  0.909E-01  0.000E+00  0.649E+00 -0.000E+00
1 100.00    1.40     NaN        NaN        NaN     NaN    2.85  0.000E+00  0.123E+00  0.000E+00  0.876E+00 -0.000E+00
1 100.00    1.50     NaN        NaN        NaN     NaN    3.02  0.000E+00  0.140E+00  0.000E+00  0.100E+01        NaN
1 100.00    1.60     NaN        NaN        NaN     NaN    3.20  0.000E+00  0.140E+00  0.000E+00  0.100E+01        NaN
1 100.00    1.70     NaN        NaN        NaN     NaN    3.36  0.000E+00  0.140E+00  0.000E+00  0.100E+01        NaN
1 100.00    1.80     NaN        NaN        NaN     NaN    3.50  0.000E+00  0.140E+00  0.000E+00  0.100E+01        NaN
1 100.00    2.00     NaN        NaN        NaN     NaN    3.72  0.000E+00  0.140E+00  0.000E+00  0.100E+01        NaN
2 100.00    0.30     NaN        NaN        NaN     NaN     NaN  0.000E+00        NaN        NaN        NaN        NaN
2 100.00    0.40     NaN        NaN        NaN     NaN     NaN  0.000E+00        NaN        NaN        NaN        NaN
2 100.00    0.50     NaN        NaN        NaN     NaN     NaN  0.000E+00        NaN        NaN        NaN        NaN
2 100.00    0.60     NaN        NaN        NaN     NaN     NaN  0.000E+00        NaN        NaN        NaN        NaN
2 100.00    0.70     NaN        NaN        NaN     NaN     NaN  0.000E+00        NaN        NaN        NaN        NaN
2 100.00    0.80     NaN        NaN        NaN     NaN     NaN  0.000E+00 -0.737E-02  0.000E+00 -0.526E-01        NaN
2 100.00    0.90     NaN        NaN        NaN     NaN     NaN  0.000E+00 -0.168E-01  0.000E+00 -0.120E+00        NaN
2 100.00    1.00     NaN        NaN        NaN     NaN     NaN  0.000E+00  0.323E-04  0.000E+00  0.231E-03        NaN
2 100.00    1.10     NaN        NaN        NaN     NaN     NaN  0.000E+00  0.000E+00  0.000E+00  0.000E+00        NaN
2 100.00    1.20     NaN        NaN        NaN     NaN     NaN  0.000E+00  0.000E+00  0.000E+00  0.000E+00        NaN
2 100.00    1.30     NaN        NaN        NaN     NaN     NaN  0.000E+00  0.000E+00  0.000E+00  0.000E+00        NaN
2 100.00    1.40     NaN        NaN        NaN     NaN     NaN  0.000E+00  0.000E+00  0.000E+00  0.000E+00        NaN
2 100.00    1.50     NaN        NaN        NaN     NaN     NaN  0.000E+00  0.000E+00  0.000E+00  0.000E+00        NaN
2 100.00    1.60     NaN        NaN        NaN     NaN     NaN  0.000E+00  0.000E+00  0.000E+00  0.000E+00        NaN
2 100.00    1.70     NaN        NaN        NaN     NaN     NaN  0.000E+00  0.000E+00  0.000E+00  0.000E+00        NaN
2 100.00    1.80     NaN        NaN        NaN     NaN     NaN  0.000E+00  0.000E+00  0.000E+00  0.000E+00        NaN
2 100.00    2.00     NaN        NaN        NaN     NaN     NaN  0.000E+00  0.000E+00  0.000E+00  0.000E+00        NaN
2 100.00    0.30     NaN        NaN        NaN     NaN     NaN  0.000E+00        NaN        NaN        NaN        NaN
2 100.00    0.40     NaN        NaN        NaN     NaN     NaN  0.000E+00        NaN        NaN        NaN        NaN
2 100.00    0.50     NaN        NaN        NaN     NaN     NaN  0.000E+00        NaN        NaN        NaN        NaN
2 100.00    0.60     NaN        NaN        NaN     NaN     NaN  0.000E+00        NaN        NaN        NaN        NaN
2 100.00    0.70     NaN        NaN        NaN     NaN     NaN  0.000E+00        NaN        NaN        NaN        NaN
2 100.00    0.80     NaN        NaN        NaN     NaN     NaN  0.000E+00 -0.737E-02  0.000E+00 -0.526E-01        NaN
2 100.00    0.90     NaN        NaN        NaN     NaN     NaN  0.000E+00 -0.168E-01  0.000E+00 -0.120E+00        NaN
2 100.00    1.00     NaN        NaN        NaN     NaN     NaN  0.000E+00  0.323E-04  0.000E+00  0.231E-03        NaN
2 100.00    1.10     NaN        NaN        NaN     NaN     NaN  0.000E+00  0.000E+00  0.000E+00  0.000E+00        NaN
2 100.00    1.20     NaN        NaN        NaN     NaN     NaN  0.000E+00  0.000E+00  0.000E+00  0.000E+00        NaN
2 100.00    1.30     NaN        NaN        NaN     NaN     NaN  0.000E+00  0.000E+00  0.000E+00  0.000E+00        NaN
2 100.00    1.40     NaN        NaN        NaN     NaN     NaN  0.000E+00  0.000E+00  0.000E+00  0.000E+00        NaN
2 100.00    1.50     NaN        NaN        NaN     NaN     NaN  0.000E+00  0.000E+00  0.000E+00  0.000E+00        NaN
2 100.00    1.60     NaN        NaN        NaN     NaN     NaN  0.000E+00  0.000E+00  0.000E+00  0.000E+00        NaN
2 100.00    1.70     NaN        NaN        NaN     NaN     NaN  0.000E+00  0.000E+00  0.000E+00  0.000E+00        NaN
2 100.00    1.80     NaN        NaN        NaN     NaN     NaN  0.000E+00  0.000E+00  0.000E+00  0.000E+00        NaN
2 100.00    2.00     NaN        NaN        NaN     NaN     NaN  0.000E+00  0.000E+00  0.000E+00  0.000E+00        NaN
2 100.00    0.30     NaN        NaN        NaN     NaN     NaN  0.000E+00        NaN        NaN        NaN        NaN
2 100.00    0.40     NaN        NaN        NaN     NaN     NaN  0.000E+00        NaN        NaN        NaN        NaN
2 100.00    0.50     NaN        NaN        NaN     NaN     NaN  0.000E+00        NaN        NaN        NaN        NaN
2 100.00    0.60     NaN        NaN        NaN     NaN     NaN  0.000E+00        NaN        NaN        NaN        NaN
2 100.00    0.70     NaN        NaN        NaN     NaN     NaN  0.000E+00        NaN        NaN        NaN        NaN
2 100.00    0.80     NaN        NaN        NaN     NaN     NaN  0.000E+00 -0.737E-02  0.000E+00 -0.526E-01        NaN
2 100.00    0.90     NaN        NaN        NaN     NaN     NaN  0.000E+00 -0.168E-01  0.000E+00 -0.120E+00        NaN
2 100.00    1.00     NaN        NaN        NaN     NaN     NaN  0.000E+00  0.323E-04  0.000E+00  0.231E-03        NaN
2 100.00    1.10     NaN        NaN        NaN     NaN     NaN  0.000E+00  0.000E+00  0.000E+00  0.000E+00        NaN
2 100.00    1.20     NaN        NaN        NaN     NaN     NaN  0.000E+00  0.000E+00  0.000E+00  0.000E+00        NaN
2 100.00    1.30     NaN        NaN        NaN     NaN     NaN  0.000E+00  0.000E+00  0.000E+00  0.000E+00        NaN
2 100.00    1.40     NaN        NaN        NaN     NaN     NaN  0.000E+00  0.000E+00  0.000E+00  0.000E+00        NaN
2 100.00    1.50     NaN        NaN        NaN     NaN     NaN  0.000E+00  0.000E+00  0.000E+00  0.000E+00        NaN
2 100.00    1.60     NaN        NaN        NaN     NaN     NaN  0.000E+00  0.000E+00  0.000E+00  0.000E+00        NaN
2 100.00    1.70     NaN        NaN        NaN     NaN     NaN  0.000E+00  0.000E+00  0.000E+00  0.000E+00        NaN
2 100.00    1.80     NaN        NaN        NaN     NaN     NaN  0.000E+00  0.000E+00  0.000E+00  0.000E+00        NaN
2 100.00    2.00     NaN        NaN        NaN     NaN     NaN  0.000E+00  0.000E+00  0.000E+00  0.000E+00        NaN
2 100.00    0.30     NaN        NaN        NaN     NaN     NaN  0.000E+00        NaN        NaN        NaN        NaN
2 100.00    0.40     NaN        NaN        NaN     NaN     NaN  0.000E+00        NaN        NaN        NaN        NaN
2 100.00    0.50     NaN        NaN        NaN     NaN     NaN  0.000E+00        NaN        NaN        NaN        NaN
2 100.00    0.60     NaN        NaN        NaN     NaN     NaN  0.000E+00        NaN        NaN        NaN        NaN
2 100.00    0.70     NaN        NaN        NaN     NaN     NaN  0.000E+00        NaN        NaN        NaN        NaN
2 100.00    0.80     NaN        NaN        NaN     NaN     NaN  0.000E+00 -0.737E-02  0.000E+00 -0.526E-01        NaN
2 100.00    0.90     NaN        NaN        NaN     NaN     NaN  0.000E+00 -0.168E-01  0.000E+00 -0.120E+00        NaN
2 100.00    1.00     NaN        NaN        NaN     NaN     NaN  0.000E+00  0.323E-04  0.000E+00  0.231E-03        NaN
2 100.00    1.10     NaN        NaN        NaN     NaN     NaN  0.000E+00  0.000E+00  0.000E+00  0.000E+00        NaN
2 100.00    1.20     NaN        NaN        NaN     NaN     NaN  0.000E+00  0.000E+00  0.000E+00  0.000E+00        NaN
2 100.00    1.30     NaN        NaN        NaN     NaN     NaN  0.000E+00  0.000E+00  0.000E+00  0.000E+00        NaN
2 100.00    1.40     NaN        NaN        NaN     NaN     NaN  0.000E+00  0.000E+00  0.000E+00  0.000E+00        NaN
2 100.00    1.50     NaN        NaN        NaN     NaN     NaN  0.000E+00  0.000E+00  0.000E+00  0.000E+00        NaN
2 100.00    1.60     NaN        NaN        NaN     NaN     NaN  0.000E+00  0.000E+00  0.000E+00  0.000E+00        NaN
2 100.00    1.70     NaN        NaN        NaN     NaN     NaN  0.000E+00  0.000E+00  0.000E+00  0.000E+00        NaN
2 100.00    1.80     NaN        NaN        NaN     NaN     NaN  0.000E+00  0.000E+00  0.000E+00  0.000E+00        NaN
2 100.00    2.00     NaN        NaN        NaN     NaN     NaN  0.000E+00  0.000E+00  0.000E+00  0.000E+00        NaN
2 100.00    0.30     NaN        NaN        NaN     NaN     NaN  0.000E+00        NaN        NaN        NaN        NaN
2 100.00    0.40     NaN        NaN        NaN     NaN     NaN  0.000E+00        NaN        NaN        NaN        NaN
2 100.00    0.50     NaN        NaN        NaN     NaN     NaN  0.000E+00        NaN        NaN        NaN        NaN
2 100.00    0.60     NaN        NaN        NaN     NaN     NaN  0.000E+00        NaN        NaN        NaN        NaN
2 100.00    0.70     NaN        NaN        NaN     NaN     NaN  0.000E+00        NaN        NaN        NaN        NaN
2 100.00    0.80     NaN        NaN        NaN     NaN     NaN  0.000E+00 -0.737E-02  0.000E+00 -0.526E-01        NaN
2 100.00    0.90     NaN        NaN        NaN     NaN     NaN  0.000E+00 -0.168E-01  0.000E+00 -0.120E+00        NaN
2 100.00    1.00     NaN        NaN        NaN     NaN     NaN  0.000E+00  0.323E-04  0.000E+00  0.231E-03        NaN
2 100.00    1.10     NaN        NaN        NaN     NaN     NaN  0.000E+00  0.000E+00  0.000E+00  0.000E+00        NaN
2 100.00    1.20     NaN        NaN        NaN     NaN     NaN  0.000E+00  0.000E+00  0.000E+00  0.000E+00        NaN
2 100.00    1.30     NaN        NaN        NaN     NaN     NaN  0.000E+00  0.000E+00  0.000E+00  0.000E+00        NaN
2 100.00    1.40     NaN        NaN        NaN     NaN     NaN  0.000E+00  0.000E+00  0.000E+00  0.000E+00        NaN
2 100.00    1.50     NaN        NaN        NaN     NaN     NaN  0.000E+00  0.000E+00  0.000E+00  0.000E+00        NaN
2 100.00    1.60     NaN        NaN        NaN     NaN     NaN  0.000E+00  0.000E+00  0.000E+00  0.000E+00        NaN
2 100.00    1.70     NaN        NaN        NaN     NaN     NaN  0.000E+00  0.000E+00  0.000E+00  0.000E+00        NaN
2 100.00    1.80     NaN        NaN        NaN     NaN     NaN  0.000E+00  0.000E+00  0.000E+00  0.000E+00        NaN
2 100.00    2.00     NaN        NaN        NaN     NaN     NaN  0.000E+00  0.000E+00  0.000E+00  0.000E+00        NaN
