 # th     pit     q2      x      sig_u     rate_u
 #                           0.6/GeV.sr)    (Hz)
1 12.209  6.679    2.7   0.668  0.470E-07  0.245E+00  0.118E-05  0.230E-05  0.782E-05  0.000E+00
1 12.209  6.686    2.7   0.671  0.465E-07  0.488E+00  0.116E-05  0.228E-05  0.775E-05  0.000E+00
1 12.209  6.694    2.7   0.674  0.460E-07  0.728E+00  0.115E-05  0.226E-05  0.768E-05  0.000E+00
1 12.209  6.701    2.7   0.677  0.454E-07  0.965E+00  0.114E-05  0.224E-05  0.760E-05  0.000E+00
1 12.209  6.708    2.7   0.680  0.449E-07  0.120E+01  0.112E-05  0.221E-05  0.753E-05  0.000E+00
1 12.209  6.715    2.7   0.683  0.444E-07  0.143E+01  0.111E-05  0.219E-05  0.746E-05  0.000E+00
1 12.209  6.723    2.7   0.687  0.439E-07  0.166E+01  0.110E-05  0.217E-05  0.739E-05  0.000E+00
1 12.209  6.730    2.7   0.690  0.433E-07  0.189E+01  0.108E-05  0.215E-05  0.731E-05  0.000E+00
1 12.209  6.737    2.7   0.693  0.428E-07  0.211E+01  0.107E-05  0.213E-05  0.724E-05  0.000E+00
1 12.209  6.744    2.7   0.696  0.423E-07  0.233E+01  0.106E-05  0.210E-05  0.717E-05  0.000E+00
1 12.209  6.752    2.7   0.699  0.418E-07  0.255E+01  0.105E-05  0.208E-05  0.709E-05  0.000E+00
1 12.209  6.759    2.7   0.702  0.413E-07  0.277E+01  0.103E-05  0.206E-05  0.702E-05  0.000E+00
1 12.209  6.766    2.7   0.706  0.409E-07  0.298E+01  0.102E-05  0.204E-05  0.695E-05  0.000E+00
1 12.209  6.774    2.7   0.709  0.404E-07  0.319E+01  0.101E-05  0.202E-05  0.687E-05  0.000E+00
1 12.209  6.781    2.7   0.712  0.400E-07  0.340E+01  0.999E-06  0.199E-05  0.680E-05  0.000E+00
1 12.209  6.788    2.7   0.716  0.395E-07  0.361E+01  0.988E-06  0.197E-05  0.672E-05  0.000E+00
1 12.209  6.795    2.7   0.719  0.391E-07  0.381E+01  0.977E-06  0.195E-05  0.665E-05  0.000E+00
1 12.209  6.803    2.7   0.722  0.386E-07  0.401E+01  0.966E-06  0.193E-05  0.658E-05  0.000E+00
1 12.209  6.810    2.7   0.726  0.382E-07  0.421E+01  0.955E-06  0.191E-05  0.650E-05  0.000E+00
1 12.209  6.817    2.7   0.729  0.378E-07  0.441E+01  0.944E-06  0.188E-05  0.643E-05  0.000E+00
1 12.209  6.824    2.7   0.733  0.373E-07  0.460E+01  0.934E-06  0.186E-05  0.636E-05  0.000E+00
1 12.209  6.832    2.7   0.736  0.369E-07  0.480E+01  0.923E-06  0.184E-05  0.628E-05  0.000E+00
1 12.209  6.839    2.7   0.740  0.365E-07  0.499E+01  0.913E-06  0.182E-05  0.621E-05  0.000E+00
1 12.209  6.846    2.7   0.743  0.361E-07  0.518E+01  0.903E-06  0.180E-05  0.614E-05  0.000E+00
1 12.209  6.853    2.7   0.747  0.357E-07  0.536E+01  0.892E-06  0.177E-05  0.606E-05  0.000E+00
1 12.209  6.861    2.7   0.750  0.353E-07  0.555E+01  0.882E-06  0.175E-05  0.599E-05  0.000E+00
1 12.209  6.868    2.7   0.754  0.349E-07  0.573E+01  0.872E-06  0.173E-05  0.592E-05  0.000E+00
1 12.209  6.875    2.7   0.758  0.345E-07  0.591E+01  0.861E-06  0.171E-05  0.585E-05  0.000E+00
1 12.209  6.882    2.7   0.761  0.340E-07  0.609E+01  0.851E-06  0.169E-05  0.577E-05  0.000E+00
1 12.209  6.890    2.7   0.765  0.336E-07  0.626E+01  0.840E-06  0.167E-05  0.570E-05  0.000E+00
1 12.209  6.897    2.7   0.769  0.332E-07  0.643E+01  0.830E-06  0.164E-05  0.563E-05  0.000E+00
1 12.209  6.904    2.7   0.773  0.328E-07  0.661E+01  0.819E-06  0.162E-05  0.556E-05  0.000E+00
1 12.209  6.911    2.8   0.776  0.323E-07  0.677E+01  0.808E-06  0.160E-05  0.549E-05  0.000E+00
1 12.209  6.919    2.8   0.780  0.319E-07  0.694E+01  0.797E-06  0.158E-05  0.542E-05  0.000E+00
1 12.209  6.926    2.8   0.784  0.315E-07  0.710E+01  0.787E-06  0.156E-05  0.535E-05  0.000E+00
1 12.209  6.933    2.8   0.788  0.310E-07  0.727E+01  0.775E-06  0.154E-05  0.528E-05  0.000E+00
1 12.209  6.940    2.8   0.792  0.306E-07  0.743E+01  0.765E-06  0.152E-05  0.521E-05  0.000E+00
1 12.209  6.948    2.8   0.796  0.301E-07  0.758E+01  0.754E-06  0.150E-05  0.514E-05  0.000E+00
1 12.209  6.955    2.8   0.800  0.297E-07  0.774E+01  0.742E-06  0.148E-05  0.507E-05  0.000E+00
1 12.209  6.962    2.8   0.804  0.293E-07  0.789E+01  0.732E-06  0.146E-05  0.500E-05  0.000E+00
1 12.209  6.970    2.8   0.808  0.288E-07  0.804E+01  0.721E-06  0.144E-05  0.493E-05  0.000E+00
1 12.209  6.977    2.8   0.812  0.284E-07  0.819E+01  0.710E-06  0.142E-05  0.487E-05  0.000E+00
1 12.209  6.984    2.8   0.816  0.280E-07  0.834E+01  0.700E-06  0.140E-05  0.480E-05  0.000E+00
1 12.209  6.991    2.8   0.820  0.276E-07  0.848E+01  0.689E-06  0.138E-05  0.473E-05  0.000E+00
1 12.209  6.999    2.8   0.824  0.272E-07  0.862E+01  0.679E-06  0.136E-05  0.467E-05  0.000E+00
1 12.209  7.006    2.8   0.828  0.268E-07  0.876E+01  0.669E-06  0.134E-05  0.460E-05  0.000E+00
1 12.209  7.013    2.8   0.833  0.264E-07  0.890E+01  0.659E-06  0.132E-05  0.454E-05  0.000E+00
1 12.209  7.020    2.8   0.837  0.260E-07  0.904E+01  0.650E-06  0.130E-05  0.447E-05  0.000E+00
1 12.209  7.028    2.8   0.841  0.256E-07  0.917E+01  0.640E-06  0.128E-05  0.441E-05  0.000E+00
1 12.209  7.035    2.8   0.845  0.253E-07  0.930E+01  0.631E-06  0.126E-05  0.435E-05  0.000E+00
1 12.209  7.042    2.8   0.850  0.249E-07  0.943E+01  0.623E-06  0.124E-05  0.428E-05  0.000E+00
1 12.209  7.049    2.8   0.854  0.246E-07  0.956E+01  0.614E-06  0.123E-05  0.422E-05  0.000E+00
1 12.209  7.057    2.8   0.859  0.242E-07  0.969E+01  0.606E-06  0.121E-05  0.416E-05  0.000E+00
1 12.209  7.064    2.8   0.863  0.239E-07  0.981E+01  0.597E-06  0.119E-05  0.410E-05  0.000E+00
1 12.209  7.071    2.8   0.868  0.236E-07  0.993E+01  0.590E-06  0.117E-05  0.404E-05  0.000E+00
1 12.209  7.078    2.8   0.872  0.233E-07  0.101E+02  0.582E-06  0.115E-05  0.398E-05  0.000E+00
1 12.209  7.086    2.8   0.877  0.230E-07  0.102E+02  0.575E-06  0.114E-05  0.392E-05  0.000E+00
1 12.209  7.093    2.8   0.881  0.227E-07  0.103E+02  0.567E-06  0.112E-05  0.386E-05  0.000E+00
1 12.209  7.100    2.8   0.886  0.224E-07  0.104E+02  0.560E-06  0.110E-05  0.380E-05  0.000E+00
1 12.209  7.107    2.8   0.891  0.221E-07  0.105E+02  0.553E-06  0.109E-05  0.375E-05  0.000E+00
1 12.209  7.115    2.8   0.896  0.219E-07  0.106E+02  0.547E-06  0.107E-05  0.369E-05  0.000E+00
1 12.209  7.122    2.8   0.900  0.216E-07  0.108E+02  0.540E-06  0.105E-05  0.363E-05  0.000E+00
1 12.209  7.129    2.8   0.905  0.213E-07  0.109E+02  0.533E-06  0.104E-05  0.358E-05  0.000E+00
1 12.209  7.137    2.8   0.910  0.211E-07  0.110E+02  0.527E-06  0.102E-05  0.352E-05  0.000E+00
1 12.209  7.144    2.8   0.915  0.208E-07  0.111E+02  0.521E-06  0.100E-05  0.347E-05  0.000E+00
1 12.209  7.151    2.8   0.920  0.206E-07  0.112E+02  0.514E-06  0.986E-06  0.341E-05  0.000E+00
1 12.209  7.158    2.8   0.925  0.203E-07  0.113E+02  0.508E-06  0.970E-06  0.336E-05  0.000E+00
1 12.209  7.166    2.9   0.930  0.201E-07  0.114E+02  0.502E-06  0.955E-06  0.331E-05  0.000E+00
1 12.209  7.173    2.9   0.935  0.198E-07  0.115E+02  0.496E-06  0.939E-06  0.326E-05  0.000E+00
1 12.209  7.180    2.9   0.940  0.196E-07  0.116E+02  0.489E-06  0.924E-06  0.321E-05  0.000E+00
1 12.209  7.187    2.9   0.945  0.193E-07  0.117E+02  0.483E-06  0.909E-06  0.315E-05  0.000E+00
1 12.209  7.195    2.9   0.951  0.191E-07  0.118E+02  0.477E-06  0.894E-06  0.310E-05  0.000E+00
1 12.209  7.202    2.9   0.956  0.188E-07  0.119E+02  0.470E-06  0.879E-06  0.305E-05  0.000E+00
1 12.209  7.209    2.9   0.961  0.186E-07  0.120E+02  0.464E-06  0.864E-06  0.301E-05  0.000E+00
1 12.209  7.216    2.9   0.967  0.183E-07  0.121E+02  0.458E-06  0.850E-06  0.296E-05  0.000E+00
1 12.209  7.224    2.9   0.972  0.181E-07  0.122E+02  0.452E-06  0.835E-06  0.291E-05  0.000E+00
1 12.209  7.231    2.9   0.978  0.178E-07  0.123E+02  0.445E-06  0.821E-06  0.286E-05  0.000E+00
1 12.209  7.238    2.9   0.983  0.176E-07  0.124E+02  0.439E-06  0.807E-06  0.282E-05  0.000E+00
1 12.209  7.245    2.9   0.989  0.173E-07  0.125E+02  0.432E-06  0.793E-06  0.277E-05  0.000E+00
1 12.209  7.253    2.9   0.994  0.170E-07  0.126E+02  0.425E-06  0.780E-06  0.272E-05  0.000E+00
1 12.209  7.260    2.9   1.000  0.167E-07  0.126E+02  0.418E-06  0.766E-06  0.268E-05  0.000E+00
1 12.209  7.267    2.9   1.006  0.165E-07  0.127E+02  0.412E-06  0.753E-06  0.263E-05  0.000E+00
1 12.209  7.274    2.9   1.012  0.162E-07  0.128E+02  0.404E-06  0.740E-06  0.259E-05  0.000E+00
1 12.209  7.282    2.9   1.017  0.159E-07  0.129E+02  0.397E-06  0.727E-06  0.255E-05  0.000E+00
1 12.209  7.289    2.9   1.023  0.156E-07  0.130E+02  0.389E-06  0.714E-06  0.250E-05  0.000E+00
1 12.209  7.296    2.9   1.029  0.153E-07  0.131E+02  0.383E-06  0.702E-06  0.246E-05  0.000E+00
1 12.209  7.303    2.9   1.035  0.150E-07  0.131E+02  0.375E-06  0.689E-06  0.242E-05  0.000E+00
1 12.209  7.311    2.9   1.041  0.147E-07  0.132E+02  0.369E-06  0.677E-06  0.238E-05  0.000E+00
1 12.209  7.318    2.9   1.048  0.144E-07  0.133E+02  0.361E-06  0.664E-06  0.234E-05  0.000E+00
1 12.209  7.325    2.9   1.054  0.142E-07  0.134E+02  0.356E-06  0.652E-06  0.230E-05  0.000E+00
1 12.209  7.333    2.9   1.060  0.140E-07  0.134E+02  0.350E-06  0.641E-06  0.226E-05  0.000E+00
1 12.209  7.340    2.9   1.066  0.137E-07  0.135E+02  0.343E-06  0.629E-06  0.222E-05  0.000E+00
1 12.209  7.347    2.9   1.073  0.135E-07  0.136E+02  0.337E-06  0.617E-06  0.218E-05  0.000E+00
1 12.209  7.354    2.9   1.079  0.133E-07  0.136E+02  0.332E-06  0.606E-06  0.214E-05  0.000E+00
1 12.209  7.362    2.9   1.086  0.131E-07  0.137E+02  0.328E-06  0.595E-06  0.210E-05  0.000E+00
1 12.209  7.369    2.9   1.092  0.130E-07  0.138E+02  0.325E-06  0.584E-06  0.206E-05  0.000E+00
1 12.209  7.376    2.9   1.099  0.129E-07  0.139E+02  0.322E-06  0.573E-06  0.203E-05  0.000E+00
1 12.209  7.383    2.9   1.106  0.127E-07  0.139E+02  0.318E-06  0.562E-06  0.199E-05  0.000E+00
1 12.209  7.391    2.9   1.112  0.127E-07  0.140E+02  0.317E-06  0.551E-06  0.195E-05  0.000E+00
1 12.209  7.398    2.9   1.119  0.126E-07  0.141E+02  0.314E-06  0.540E-06  0.192E-05  0.000E+00
1 12.209  7.405    2.9   1.126  0.125E-07  0.141E+02  0.313E-06  0.530E-06  0.188E-05  0.000E+00
1 12.209  7.412    3.0   1.133  0.125E-07  0.142E+02  0.312E-06  0.519E-06  0.185E-05  0.000E+00
1 12.209  7.420    3.0   1.140  0.124E-07  0.142E+02  0.311E-06  0.509E-06  0.181E-05  0.000E+00
1 12.209  7.427    3.0   1.147  0.125E-07  0.143E+02  0.312E-06  0.498E-06  0.177E-05  0.000E+00
1 12.209  7.434    3.0   1.155  0.124E-07  0.144E+02  0.310E-06  0.488E-06  0.174E-05  0.000E+00
1 12.209  7.441    3.0   1.162  0.124E-07  0.144E+02  0.311E-06  0.478E-06  0.170E-05  0.000E+00
1 12.209  7.449    3.0   1.169  0.125E-07  0.145E+02  0.311E-06  0.468E-06  0.167E-05  0.000E+00
1 12.209  7.456    3.0   1.177  0.125E-07  0.146E+02  0.312E-06  0.458E-06  0.163E-05  0.000E+00
1 12.209  7.463    3.0   1.184  0.125E-07  0.146E+02  0.312E-06  0.448E-06  0.160E-05  0.000E+00
1 12.209  7.470    3.0   1.192  0.125E-07  0.147E+02  0.313E-06  0.438E-06  0.157E-05  0.000E+00
1 12.209  7.478    3.0   1.200  0.125E-07  0.148E+02  0.314E-06  0.427E-06  0.153E-05  0.000E+00
1 12.209  7.485    3.0   1.207  0.125E-07  0.148E+02  0.312E-06  0.417E-06  0.150E-05  0.000E+00
1 12.209  7.492    3.0   1.215  0.125E-07  0.149E+02  0.312E-06  0.407E-06  0.146E-05  0.000E+00
1 12.209  7.500    3.0   1.223  0.124E-07  0.150E+02  0.310E-06  0.397E-06  0.143E-05  0.000E+00
1 12.209  7.507    3.0   1.231  0.123E-07  0.150E+02  0.309E-06  0.387E-06  0.139E-05  0.000E+00
1 12.209  7.514    3.0   1.240  0.122E-07  0.151E+02  0.305E-06  0.376E-06  0.136E-05  0.000E+00
1 12.209  7.521    3.0   1.248  0.120E-07  0.152E+02  0.301E-06  0.366E-06  0.133E-05  0.000E+00
1 12.209  7.529    3.0   1.256  0.118E-07  0.152E+02  0.296E-06  0.356E-06  0.129E-05  0.000E+00
1 12.209  7.536    3.0   1.265  0.116E-07  0.153E+02  0.289E-06  0.345E-06  0.126E-05  0.000E+00
1 12.209  7.543    3.0   1.273  0.112E-07  0.153E+02  0.280E-06  0.334E-06  0.122E-05  0.000E+00
1 12.209  7.550    3.0   1.282  0.109E-07  0.154E+02  0.271E-06  0.324E-06  0.119E-05  0.000E+00
1 12.209  7.558    3.0   1.290  0.104E-07  0.154E+02  0.260E-06  0.313E-06  0.116E-05  0.000E+00
1 12.209  7.565    3.0   1.299  0.988E-08  0.155E+02  0.247E-06  0.302E-06  0.112E-05  0.000E+00
1 12.209  7.572    3.0   1.308  0.935E-08  0.155E+02  0.234E-06  0.292E-06  0.109E-05  0.000E+00
1 12.209  7.579    3.0   1.317  0.874E-08  0.156E+02  0.218E-06  0.281E-06  0.105E-05  0.000E+00
1 12.209  7.587    3.0   1.326  0.812E-08  0.156E+02  0.203E-06  0.270E-06  0.102E-05  0.000E+00
1 12.209  7.594    3.0   1.336  0.748E-08  0.157E+02  0.187E-06  0.259E-06  0.984E-06  0.000E+00
1 12.209  7.601    3.0   1.345  0.681E-08  0.157E+02  0.170E-06  0.248E-06  0.951E-06  0.000E+00
1 12.209  7.608    3.0   1.354  0.622E-08  0.157E+02  0.155E-06  0.238E-06  0.918E-06  0.000E+00
1 12.209  7.616    3.0   1.364  0.565E-08  0.158E+02  0.141E-06  0.227E-06  0.886E-06  0.000E+00
1 12.209  7.623    3.0   1.374  0.510E-08  0.158E+02  0.128E-06  0.216E-06  0.851E-06  0.000E+00
1 12.209  7.630    3.0   1.384  0.456E-08  0.158E+02  0.114E-06  0.206E-06  0.819E-06  0.000E+00
1 12.209  7.637    3.0   1.394  0.408E-08  0.158E+02  0.102E-06  0.196E-06  0.788E-06  0.000E+00
1 12.209  7.645    3.0   1.404  0.363E-08  0.159E+02  0.908E-07  0.186E-06  0.757E-06  0.000E+00
1 12.209  7.652    3.0   1.414  0.327E-08  0.159E+02  0.818E-07  0.176E-06  0.723E-06  0.000E+00
1 12.209  7.659    3.0   1.424  0.292E-08  0.159E+02  0.731E-07  0.166E-06  0.694E-06  0.000E+00
1 12.209  7.666    3.1   1.435  0.260E-08  0.159E+02  0.651E-07  0.157E-06  0.665E-06  0.000E+00
1 12.209  7.674    3.1   1.445  0.231E-08  0.159E+02  0.577E-07  0.148E-06  0.637E-06  0.000E+00
1 12.209  7.681    3.1   1.456  0.205E-08  0.159E+02  0.513E-07  0.139E-06  0.605E-06  0.000E+00
1 12.209  7.688    3.1   1.467  0.184E-08  0.159E+02  0.460E-07  0.131E-06  0.579E-06  0.000E+00
1 12.209  7.696    3.1   1.478  0.165E-08  0.159E+02  0.413E-07  0.123E-06  0.553E-06  0.000E+00
1 12.209  7.703    3.1   1.489  0.150E-08  0.160E+02  0.374E-07  0.116E-06  0.528E-06  0.000E+00
1 12.209  7.710    3.1   1.501  0.134E-08  0.160E+02  0.336E-07  0.108E-06  0.499E-06  0.000E+00
1 12.209  7.717    3.1   1.512  0.119E-08  0.160E+02  0.297E-07  0.101E-06  0.476E-06  0.000E+00
1 12.209  7.725    3.1   1.524  0.108E-08  0.160E+02  0.270E-07  0.950E-07  0.454E-06  0.000E+00
1 12.209  7.732    3.1   1.535  0.951E-09  0.160E+02  0.238E-07  0.883E-07  0.428E-06  0.000E+00
1 12.209  7.739    3.1   1.547  0.853E-09  0.160E+02  0.213E-07  0.827E-07  0.407E-06  0.000E+00
1 12.209  7.746    3.1   1.560  0.766E-09  0.160E+02  0.192E-07  0.775E-07  0.388E-06  0.000E+00
1 12.209  7.754    3.1   1.572  0.692E-09  0.160E+02  0.173E-07  0.726E-07  0.370E-06  0.000E+00
1 12.209  7.761    3.1   1.584  0.632E-09  0.160E+02  0.158E-07  0.672E-07  0.346E-06  0.000E+00
1 12.209  7.768    3.1   1.597  0.570E-09  0.160E+02  0.143E-07  0.630E-07  0.330E-06  0.000E+00
1 12.209  7.775    3.1   1.610  0.520E-09  0.160E+02  0.130E-07  0.590E-07  0.314E-06  0.000E+00
1 12.209  7.783    3.1   1.623  0.473E-09  0.160E+02  0.118E-07  0.554E-07  0.299E-06  0.000E+00
1 12.209  7.790    3.1   1.636  0.429E-09  0.160E+02  0.107E-07  0.510E-07  0.279E-06  0.000E+00
1 12.209  7.797    3.1   1.649  0.388E-09  0.160E+02  0.970E-08  0.479E-07  0.265E-06  0.000E+00
1 12.209  7.804    3.1   1.663  0.356E-09  0.160E+02  0.891E-08  0.450E-07  0.253E-06  0.000E+00
1 12.209  7.812    3.1   1.677  0.321E-09  0.160E+02  0.802E-08  0.423E-07  0.241E-06  0.000E+00
1 12.209  7.819    3.1   1.691  0.295E-09  0.160E+02  0.738E-08  0.388E-07  0.223E-06  0.000E+00
1 12.209  7.826    3.1   1.705  0.282E-09  0.160E+02  0.676E-08  0.365E-07  0.212E-06  0.000E+00
1 12.209  7.833    3.1   1.719  0.261E-09  0.160E+02  0.626E-08  0.343E-07  0.202E-06  0.000E+00
 # th     pit     q2      x      sig_u     rate_u
 #                           0.6/GeV.sr)    (Hz)
 # th     pit     q2      x      sig_u     rate_u
 #                           0.6/GeV.sr)    (Hz)
 # th     pit     q2      x      sig_u     rate_u
 #                           0.6/GeV.sr)    (Hz)
 # th     pit     q2      x      sig_u     rate_u
 #                           0.6/GeV.sr)    (Hz)
 # th     pit     q2      x      sig_u     rate_u
 #                           0.6/GeV.sr)    (Hz)
 # th     pit     q2      x      sig_u     rate_u
 #                           0.6/GeV.sr)    (Hz)
 # th     pit     q2      x      sig_u     rate_u
 #                           0.6/GeV.sr)    (Hz)
 # th     pit     q2      x      sig_u     rate_u
 #                           0.6/GeV.sr)    (Hz)
 # th     pit     q2      x      sig_u     rate_u
 #                           0.6/GeV.sr)    (Hz)
