 0.000E+00  0.000E+00  0.200E+02  0.660E+01  0.000E+00  0.660E+01        NaN  0.000E+00  0.000E+00  0.000E+00  0.000E+00        NaN  0.000E+00        NaN        NaN        NaN  0.000E+00  0.000E+00  0.000E+00  0.000E+00  0.000E+00  0.000E+00  0.000E+00  0.000E+00
 0.100E-01  0.121E+00  0.200E+02  0.660E+01  0.152E+00  0.645E+01  0.129E+02  0.581E-07  0.581E-07  0.241E-06  0.735E-07  0.394E+00  0.208E-06  0.592E+00  0.632E+00  0.597E+00  0.000E+00  0.643E+28  0.643E+28  0.102E+28  0.889E+28  0.208E-26  0.000E+00  0.000E+00
 0.200E-01  0.237E+00  0.200E+02  0.660E+01  0.297E+00  0.630E+01  0.125E+02  0.436E-07  0.436E-07  0.228E-06  0.683E-07  0.340E+00  0.196E-06  0.747E+00  0.783E+00  0.751E+00  0.000E+00  0.483E+28  0.483E+28  0.951E+27  0.841E+28  0.196E-26  0.000E+00  0.000E+00
 0.300E-01  0.347E+00  0.200E+02  0.660E+01  0.436E+00  0.616E+01  0.121E+02  0.378E-07  0.379E-07  0.219E-06  0.647E-07  0.318E+00  0.189E-06  0.827E+00  0.854E+00  0.830E+00  0.000E+00  0.419E+28  0.419E+28  0.901E+27  0.810E+28  0.189E-26  0.000E+00  0.000E+00
 0.400E-01  0.453E+00  0.200E+02  0.660E+01  0.569E+00  0.603E+01  0.117E+02  0.352E-07  0.352E-07  0.217E-06  0.632E-07  0.305E+00  0.186E-06  0.880E+00  0.897E+00  0.881E+00  0.000E+00  0.389E+28  0.390E+28  0.879E+27  0.800E+28  0.186E-26  0.000E+00  0.000E+00
 0.500E-01  0.554E+00  0.200E+02  0.660E+01  0.696E+00  0.590E+01  0.114E+02  0.338E-07  0.338E-07  0.217E-06  0.626E-07  0.296E+00  0.186E-06  0.917E+00  0.927E+00  0.918E+00  0.000E+00  0.374E+28  0.374E+28  0.872E+27  0.801E+28  0.186E-26  0.000E+00  0.000E+00
 0.600E-01  0.651E+00  0.200E+02  0.660E+01  0.818E+00  0.578E+01  0.111E+02  0.329E-07  0.330E-07  0.218E-06  0.625E-07  0.291E+00  0.187E-06  0.945E+00  0.948E+00  0.944E+00  0.000E+00  0.365E+28  0.365E+28  0.870E+27  0.804E+28  0.187E-26  0.000E+00  0.000E+00
 0.700E-01  0.744E+00  0.200E+02  0.660E+01  0.935E+00  0.567E+01  0.108E+02  0.324E-07  0.324E-07  0.219E-06  0.625E-07  0.286E+00  0.188E-06  0.965E+00  0.963E+00  0.963E+00  0.000E+00  0.359E+28  0.359E+28  0.870E+27  0.808E+28  0.188E-26  0.000E+00  0.000E+00
 0.800E-01  0.834E+00  0.200E+02  0.660E+01  0.105E+01  0.555E+01  0.105E+02  0.320E-07  0.321E-07  0.220E-06  0.625E-07  0.283E+00  0.188E-06  0.979E+00  0.974E+00  0.978E+00  0.000E+00  0.355E+28  0.355E+28  0.870E+27  0.811E+28  0.188E-26  0.000E+00  0.000E+00
 0.900E-01  0.920E+00  0.200E+02  0.660E+01  0.116E+01  0.544E+01  0.102E+02  0.317E-07  0.318E-07  0.220E-06  0.624E-07  0.281E+00  0.188E-06  0.990E+00  0.983E+00  0.989E+00  0.000E+00  0.351E+28  0.352E+28  0.869E+27  0.813E+28  0.188E-26  0.000E+00  0.000E+00
 0.100E+00  0.100E+01  0.200E+02  0.660E+01  0.126E+01  0.534E+01  0.990E+01  0.315E-07  0.315E-07  0.220E-06  0.623E-07  0.279E+00  0.188E-06  0.998E+00  0.990E+00  0.996E+00  0.000E+00  0.348E+28  0.349E+28  0.868E+27  0.812E+28  0.188E-26  0.000E+00  0.000E+00
 0.110E+00  0.108E+01  0.200E+02  0.660E+01  0.136E+01  0.524E+01  0.963E+01  0.312E-07  0.312E-07  0.220E-06  0.621E-07  0.278E+00  0.188E-06  0.100E+01  0.995E+00  0.100E+01  0.000E+00  0.346E+28  0.346E+28  0.865E+27  0.811E+28  0.188E-26  0.000E+00  0.000E+00
 0.120E+00  0.116E+01  0.200E+02  0.660E+01  0.146E+01  0.514E+01  0.938E+01  0.310E-07  0.310E-07  0.219E-06  0.619E-07  0.277E+00  0.187E-06  0.101E+01  0.998E+00  0.101E+01  0.000E+00  0.343E+28  0.343E+28  0.862E+27  0.807E+28  0.187E-26  0.000E+00  0.000E+00
 0.130E+00  0.123E+01  0.200E+02  0.660E+01  0.155E+01  0.505E+01  0.913E+01  0.307E-07  0.307E-07  0.218E-06  0.615E-07  0.277E+00  0.186E-06  0.101E+01  0.100E+01  0.101E+01  0.000E+00  0.340E+28  0.340E+28  0.857E+27  0.803E+28  0.186E-26  0.000E+00  0.000E+00
 0.140E+00  0.130E+01  0.200E+02  0.660E+01  0.164E+01  0.496E+01  0.889E+01  0.304E-07  0.304E-07  0.216E-06  0.611E-07  0.276E+00  0.185E-06  0.101E+01  0.100E+01  0.101E+01  0.000E+00  0.337E+28  0.337E+28  0.851E+27  0.797E+28  0.185E-26  0.000E+00  0.000E+00
 0.150E+00  0.137E+01  0.200E+02  0.660E+01  0.172E+01  0.488E+01  0.866E+01  0.301E-07  0.302E-07  0.214E-06  0.607E-07  0.276E+00  0.183E-06  0.102E+01  0.101E+01  0.101E+01  0.000E+00  0.334E+28  0.334E+28  0.845E+27  0.791E+28  0.183E-26  0.000E+00  0.000E+00
 0.160E+00  0.144E+01  0.200E+02  0.660E+01  0.181E+01  0.479E+01  0.843E+01  0.298E-07  0.298E-07  0.212E-06  0.601E-07  0.276E+00  0.182E-06  0.102E+01  0.101E+01  0.101E+01  0.000E+00  0.330E+28  0.330E+28  0.837E+27  0.784E+28  0.182E-26  0.000E+00  0.000E+00
 0.170E+00  0.150E+01  0.200E+02  0.660E+01  0.189E+01  0.471E+01  0.822E+01  0.295E-07  0.295E-07  0.210E-06  0.595E-07  0.276E+00  0.180E-06  0.102E+01  0.101E+01  0.102E+01  0.000E+00  0.327E+28  0.327E+28  0.829E+27  0.776E+28  0.180E-26  0.000E+00  0.000E+00
 0.180E+00  0.157E+01  0.200E+02  0.660E+01  0.197E+01  0.463E+01  0.801E+01  0.292E-07  0.292E-07  0.208E-06  0.589E-07  0.276E+00  0.178E-06  0.102E+01  0.101E+01  0.102E+01  0.000E+00  0.323E+28  0.323E+28  0.820E+27  0.767E+28  0.178E-26  0.000E+00  0.000E+00
 0.190E+00  0.163E+01  0.200E+02  0.660E+01  0.204E+01  0.456E+01  0.781E+01  0.288E-07  0.288E-07  0.205E-06  0.582E-07  0.275E+00  0.176E-06  0.102E+01  0.101E+01  0.102E+01  0.000E+00  0.319E+28  0.319E+28  0.810E+27  0.757E+28  0.176E-26  0.000E+00  0.000E+00
 0.200E+00  0.168E+01  0.200E+02  0.660E+01  0.211E+01  0.449E+01  0.761E+01  0.284E-07  0.284E-07  0.203E-06  0.575E-07  0.275E+00  0.173E-06  0.102E+01  0.101E+01  0.102E+01  0.000E+00  0.314E+28  0.314E+28  0.800E+27  0.748E+28  0.173E-26  0.000E+00  0.000E+00
 0.210E+00  0.174E+01  0.200E+02  0.660E+01  0.219E+01  0.441E+01  0.742E+01  0.280E-07  0.280E-07  0.200E-06  0.567E-07  0.275E+00  0.171E-06  0.102E+01  0.101E+01  0.102E+01  0.000E+00  0.310E+28  0.310E+28  0.789E+27  0.737E+28  0.171E-26  0.000E+00  0.000E+00
 0.220E+00  0.179E+01  0.200E+02  0.660E+01  0.225E+01  0.435E+01  0.724E+01  0.276E-07  0.276E-07  0.197E-06  0.559E-07  0.275E+00  0.168E-06  0.102E+01  0.101E+01  0.102E+01  0.000E+00  0.305E+28  0.305E+28  0.778E+27  0.726E+28  0.168E-26  0.000E+00  0.000E+00
 0.230E+00  0.185E+01  0.200E+02  0.660E+01  0.232E+01  0.428E+01  0.706E+01  0.271E-07  0.271E-07  0.194E-06  0.550E-07  0.275E+00  0.166E-06  0.102E+01  0.101E+01  0.102E+01  0.000E+00  0.300E+28  0.300E+28  0.766E+27  0.715E+28  0.166E-26  0.000E+00  0.000E+00
 0.240E+00  0.190E+01  0.200E+02  0.660E+01  0.238E+01  0.422E+01  0.689E+01  0.267E-07  0.267E-07  0.190E-06  0.541E-07  0.275E+00  0.163E-06  0.102E+01  0.101E+01  0.102E+01  0.000E+00  0.295E+28  0.295E+28  0.753E+27  0.703E+28  0.163E-26  0.000E+00  0.000E+00
 0.250E+00  0.195E+01  0.200E+02  0.660E+01  0.245E+01  0.415E+01  0.672E+01  0.262E-07  0.262E-07  0.187E-06  0.532E-07  0.275E+00  0.160E-06  0.102E+01  0.101E+01  0.102E+01  0.000E+00  0.290E+28  0.290E+28  0.741E+27  0.691E+28  0.160E-26  0.000E+00  0.000E+00
 0.260E+00  0.200E+01  0.200E+02  0.660E+01  0.251E+01  0.409E+01  0.656E+01  0.257E-07  0.257E-07  0.184E-06  0.522E-07  0.275E+00  0.157E-06  0.102E+01  0.102E+01  0.102E+01  0.000E+00  0.285E+28  0.285E+28  0.727E+27  0.678E+28  0.157E-26  0.000E+00  0.000E+00
 0.270E+00  0.204E+01  0.200E+02  0.660E+01  0.257E+01  0.403E+01  0.641E+01  0.252E-07  0.252E-07  0.180E-06  0.512E-07  0.275E+00  0.154E-06  0.102E+01  0.102E+01  0.102E+01  0.000E+00  0.279E+28  0.279E+28  0.713E+27  0.665E+28  0.154E-26  0.000E+00  0.000E+00
 0.280E+00  0.209E+01  0.200E+02  0.660E+01  0.262E+01  0.398E+01  0.625E+01  0.247E-07  0.247E-07  0.177E-06  0.502E-07  0.275E+00  0.151E-06  0.102E+01  0.102E+01  0.102E+01  0.000E+00  0.274E+28  0.274E+28  0.699E+27  0.652E+28  0.151E-26  0.000E+00  0.000E+00
 0.290E+00  0.213E+01  0.200E+02  0.660E+01  0.268E+01  0.392E+01  0.610E+01  0.242E-07  0.242E-07  0.173E-06  0.492E-07  0.275E+00  0.148E-06  0.102E+01  0.102E+01  0.102E+01  0.000E+00  0.268E+28  0.268E+28  0.685E+27  0.638E+28  0.148E-26  0.000E+00  0.000E+00
 0.300E+00  0.218E+01  0.200E+02  0.660E+01  0.273E+01  0.387E+01  0.596E+01  0.237E-07  0.237E-07  0.169E-06  0.481E-07  0.275E+00  0.145E-06  0.102E+01  0.102E+01  0.102E+01  0.000E+00  0.263E+28  0.262E+28  0.670E+27  0.624E+28  0.145E-26  0.000E+00  0.000E+00
 0.310E+00  0.222E+01  0.200E+02  0.660E+01  0.279E+01  0.381E+01  0.582E+01  0.232E-07  0.232E-07  0.165E-06  0.470E-07  0.275E+00  0.141E-06  0.102E+01  0.102E+01  0.102E+01  0.000E+00  0.257E+28  0.257E+28  0.655E+27  0.610E+28  0.141E-26  0.000E+00  0.000E+00
 0.320E+00  0.226E+01  0.200E+02  0.660E+01  0.284E+01  0.376E+01  0.568E+01  0.227E-07  0.226E-07  0.161E-06  0.460E-07  0.275E+00  0.138E-06  0.102E+01  0.102E+01  0.102E+01  0.000E+00  0.251E+28  0.251E+28  0.640E+27  0.595E+28  0.138E-26  0.000E+00  0.000E+00
 0.330E+00  0.230E+01  0.200E+02  0.660E+01  0.289E+01  0.371E+01  0.555E+01  0.221E-07  0.221E-07  0.157E-06  0.449E-07  0.276E+00  0.135E-06  0.102E+01  0.102E+01  0.102E+01  0.000E+00  0.245E+28  0.245E+28  0.625E+27  0.581E+28  0.135E-26  0.000E+00  0.000E+00
 0.340E+00  0.234E+01  0.200E+02  0.660E+01  0.294E+01  0.366E+01  0.542E+01  0.216E-07  0.216E-07  0.153E-06  0.438E-07  0.276E+00  0.131E-06  0.102E+01  0.102E+01  0.102E+01  0.000E+00  0.239E+28  0.239E+28  0.610E+27  0.566E+28  0.131E-26  0.000E+00  0.000E+00
 0.350E+00  0.238E+01  0.200E+02  0.660E+01  0.298E+01  0.362E+01  0.529E+01  0.210E-07  0.210E-07  0.150E-06  0.427E-07  0.276E+00  0.128E-06  0.102E+01  0.102E+01  0.102E+01  0.000E+00  0.233E+28  0.233E+28  0.594E+27  0.552E+28  0.128E-26  0.000E+00  0.000E+00
 0.360E+00  0.241E+01  0.200E+02  0.660E+01  0.303E+01  0.357E+01  0.517E+01  0.205E-07  0.205E-07  0.146E-06  0.416E-07  0.276E+00  0.125E-06  0.102E+01  0.102E+01  0.102E+01  0.000E+00  0.227E+28  0.227E+28  0.579E+27  0.537E+28  0.125E-26  0.000E+00  0.000E+00
 0.370E+00  0.245E+01  0.200E+02  0.660E+01  0.307E+01  0.353E+01  0.505E+01  0.200E-07  0.199E-07  0.142E-06  0.405E-07  0.276E+00  0.121E-06  0.101E+01  0.102E+01  0.101E+01  0.000E+00  0.221E+28  0.221E+28  0.564E+27  0.523E+28  0.121E-26  0.000E+00  0.000E+00
 0.380E+00  0.248E+01  0.200E+02  0.660E+01  0.312E+01  0.348E+01  0.493E+01  0.195E-07  0.194E-07  0.138E-06  0.394E-07  0.277E+00  0.118E-06  0.101E+01  0.101E+01  0.101E+01  0.000E+00  0.216E+28  0.215E+28  0.549E+27  0.508E+28  0.118E-26  0.000E+00  0.000E+00
 0.390E+00  0.252E+01  0.200E+02  0.660E+01  0.316E+01  0.344E+01  0.482E+01  0.190E-07  0.190E-07  0.134E-06  0.383E-07  0.278E+00  0.115E-06  0.101E+01  0.101E+01  0.101E+01  0.000E+00  0.210E+28  0.210E+28  0.533E+27  0.494E+28  0.115E-26  0.000E+00  0.000E+00
 0.400E+00  0.255E+01  0.200E+02  0.660E+01  0.320E+01  0.340E+01  0.471E+01  0.185E-07  0.184E-07  0.130E-06  0.372E-07  0.278E+00  0.111E-06  0.101E+01  0.101E+01  0.101E+01  0.000E+00  0.204E+28  0.204E+28  0.518E+27  0.479E+28  0.111E-26  0.000E+00  0.000E+00
 0.410E+00  0.258E+01  0.200E+02  0.660E+01  0.324E+01  0.336E+01  0.460E+01  0.179E-07  0.178E-07  0.126E-06  0.362E-07  0.277E+00  0.108E-06  0.101E+01  0.101E+01  0.101E+01  0.000E+00  0.198E+28  0.198E+28  0.504E+27  0.465E+28  0.108E-26  0.000E+00  0.000E+00
 0.420E+00  0.261E+01  0.200E+02  0.660E+01  0.328E+01  0.332E+01  0.449E+01  0.173E-07  0.173E-07  0.122E-06  0.351E-07  0.277E+00  0.105E-06  0.101E+01  0.102E+01  0.101E+01  0.000E+00  0.192E+28  0.191E+28  0.489E+27  0.451E+28  0.105E-26  0.000E+00  0.000E+00
 0.430E+00  0.264E+01  0.200E+02  0.660E+01  0.332E+01  0.328E+01  0.439E+01  0.168E-07  0.168E-07  0.118E-06  0.341E-07  0.277E+00  0.102E-06  0.101E+01  0.102E+01  0.101E+01  0.000E+00  0.186E+28  0.186E+28  0.475E+27  0.437E+28  0.102E-26  0.000E+00  0.000E+00
 0.440E+00  0.267E+01  0.200E+02  0.660E+01  0.336E+01  0.324E+01  0.428E+01  0.163E-07  0.163E-07  0.115E-06  0.331E-07  0.277E+00  0.985E-07  0.101E+01  0.101E+01  0.101E+01  0.000E+00  0.181E+28  0.180E+28  0.460E+27  0.424E+28  0.985E-27  0.000E+00  0.000E+00
 0.450E+00  0.270E+01  0.200E+02  0.660E+01  0.340E+01  0.320E+01  0.419E+01  0.159E-07  0.158E-07  0.111E-06  0.321E-07  0.278E+00  0.954E-07  0.100E+01  0.101E+01  0.100E+01  0.000E+00  0.176E+28  0.175E+28  0.446E+27  0.410E+28  0.954E-27  0.000E+00  0.000E+00
 0.460E+00  0.273E+01  0.200E+02  0.660E+01  0.343E+01  0.317E+01  0.409E+01  0.155E-07  0.154E-07  0.108E-06  0.311E-07  0.279E+00  0.924E-07  0.996E+00  0.101E+01  0.998E+00  0.000E+00  0.171E+28  0.171E+28  0.433E+27  0.397E+28  0.924E-27  0.000E+00  0.000E+00
 0.470E+00  0.276E+01  0.200E+02  0.660E+01  0.347E+01  0.313E+01  0.399E+01  0.150E-07  0.149E-07  0.104E-06  0.301E-07  0.280E+00  0.895E-07  0.996E+00  0.101E+01  0.997E+00  0.000E+00  0.166E+28  0.166E+28  0.419E+27  0.384E+28  0.895E-27  0.000E+00  0.000E+00
 0.480E+00  0.279E+01  0.200E+02  0.660E+01  0.350E+01  0.310E+01  0.390E+01  0.144E-07  0.144E-07  0.101E-06  0.292E-07  0.279E+00  0.865E-07  0.100E+01  0.101E+01  0.100E+01  0.000E+00  0.160E+28  0.159E+28  0.406E+27  0.372E+28  0.865E-27  0.000E+00  0.000E+00
 0.490E+00  0.282E+01  0.200E+02  0.660E+01  0.354E+01  0.306E+01  0.381E+01  0.139E-07  0.139E-07  0.974E-07  0.282E-07  0.278E+00  0.837E-07  0.100E+01  0.102E+01  0.100E+01  0.000E+00  0.154E+28  0.154E+28  0.393E+27  0.360E+28  0.837E-27  0.000E+00  0.000E+00
 0.500E+00  0.284E+01  0.200E+02  0.660E+01  0.357E+01  0.303E+01  0.372E+01  0.135E-07  0.134E-07  0.942E-07  0.273E-07  0.279E+00  0.809E-07  0.100E+01  0.102E+01  0.100E+01  0.000E+00  0.149E+28  0.149E+28  0.381E+27  0.348E+28  0.809E-27  0.000E+00  0.000E+00
 0.510E+00  0.287E+01  0.200E+02  0.660E+01  0.360E+01  0.300E+01  0.364E+01  0.131E-07  0.130E-07  0.910E-07  0.265E-07  0.279E+00  0.782E-07  0.996E+00  0.101E+01  0.999E+00  0.000E+00  0.145E+28  0.144E+28  0.368E+27  0.336E+28  0.782E-27  0.000E+00  0.000E+00
 0.520E+00  0.289E+01  0.200E+02  0.660E+01  0.363E+01  0.297E+01  0.355E+01  0.127E-07  0.126E-07  0.878E-07  0.256E-07  0.280E+00  0.755E-07  0.992E+00  0.101E+01  0.995E+00  0.000E+00  0.140E+28  0.140E+28  0.356E+27  0.324E+28  0.755E-27  0.000E+00  0.000E+00
 0.530E+00  0.292E+01  0.200E+02  0.660E+01  0.367E+01  0.293E+01  0.347E+01  0.123E-07  0.122E-07  0.848E-07  0.248E-07  0.281E+00  0.729E-07  0.990E+00  0.101E+01  0.993E+00  0.000E+00  0.136E+28  0.135E+28  0.345E+27  0.313E+28  0.729E-27  0.000E+00  0.000E+00
 0.540E+00  0.294E+01  0.200E+02  0.660E+01  0.370E+01  0.290E+01  0.339E+01  0.119E-07  0.119E-07  0.818E-07  0.239E-07  0.282E+00  0.703E-07  0.984E+00  0.101E+01  0.987E+00  0.000E+00  0.132E+28  0.131E+28  0.333E+27  0.302E+28  0.703E-27  0.000E+00  0.000E+00
 0.550E+00  0.297E+01  0.200E+02  0.660E+01  0.373E+01  0.287E+01  0.331E+01  0.116E-07  0.116E-07  0.788E-07  0.231E-07  0.284E+00  0.678E-07  0.973E+00  0.998E+00  0.976E+00  0.000E+00  0.128E+28  0.128E+28  0.322E+27  0.291E+28  0.678E-27  0.000E+00  0.000E+00
 0.560E+00  0.299E+01  0.200E+02  0.660E+01  0.376E+01  0.284E+01  0.323E+01  0.114E-07  0.113E-07  0.759E-07  0.223E-07  0.287E+00  0.653E-07  0.956E+00  0.984E+00  0.959E+00  0.000E+00  0.126E+28  0.126E+28  0.311E+27  0.280E+28  0.653E-27  0.000E+00  0.000E+00
 0.570E+00  0.301E+01  0.200E+02  0.660E+01  0.378E+01  0.282E+01  0.315E+01  0.112E-07  0.111E-07  0.730E-07  0.215E-07  0.292E+00  0.628E-07  0.937E+00  0.966E+00  0.941E+00  0.000E+00  0.123E+28  0.123E+28  0.300E+27  0.270E+28  0.628E-27  0.000E+00  0.000E+00
 0.580E+00  0.303E+01  0.200E+02  0.660E+01  0.381E+01  0.279E+01  0.308E+01  0.109E-07  0.109E-07  0.703E-07  0.207E-07  0.295E+00  0.605E-07  0.921E+00  0.952E+00  0.925E+00  0.000E+00  0.121E+28  0.121E+28  0.289E+27  0.259E+28  0.605E-27  0.000E+00  0.000E+00
 0.590E+00  0.306E+01  0.200E+02  0.660E+01  0.384E+01  0.276E+01  0.300E+01  0.106E-07  0.106E-07  0.675E-07  0.200E-07  0.298E+00  0.581E-07  0.907E+00  0.939E+00  0.911E+00  0.000E+00  0.118E+28  0.118E+28  0.278E+27  0.249E+28  0.581E-27  0.000E+00  0.000E+00
 0.600E+00  0.308E+01  0.200E+02  0.660E+01  0.387E+01  0.273E+01  0.293E+01  0.104E-07  0.103E-07  0.648E-07  0.192E-07  0.301E+00  0.558E-07  0.895E+00  0.928E+00  0.899E+00  0.000E+00  0.115E+28  0.115E+28  0.267E+27  0.239E+28  0.558E-27  0.000E+00  0.000E+00
 0.610E+00  0.310E+01  0.200E+02  0.660E+01  0.389E+01  0.271E+01  0.286E+01  0.998E-08  0.996E-08  0.622E-07  0.184E-07  0.302E+00  0.535E-07  0.892E+00  0.926E+00  0.896E+00  0.000E+00  0.110E+28  0.110E+28  0.257E+27  0.230E+28  0.535E-27  0.000E+00  0.000E+00
 0.620E+00  0.312E+01  0.200E+02  0.660E+01  0.392E+01  0.268E+01  0.279E+01  0.951E-08  0.949E-08  0.596E-07  0.177E-07  0.301E+00  0.513E-07  0.897E+00  0.932E+00  0.901E+00  0.000E+00  0.105E+28  0.105E+28  0.246E+27  0.220E+28  0.513E-27  0.000E+00  0.000E+00
 0.630E+00  0.314E+01  0.200E+02  0.660E+01  0.394E+01  0.266E+01  0.272E+01  0.904E-08  0.902E-08  0.570E-07  0.170E-07  0.299E+00  0.491E-07  0.903E+00  0.939E+00  0.907E+00  0.000E+00  0.100E+28  0.999E+27  0.236E+27  0.211E+28  0.491E-27  0.000E+00  0.000E+00
 0.640E+00  0.316E+01  0.200E+02  0.660E+01  0.397E+01  0.263E+01  0.266E+01  0.857E-08  0.855E-08  0.546E-07  0.162E-07  0.297E+00  0.470E-07  0.911E+00  0.948E+00  0.916E+00  0.000E+00  0.949E+27  0.947E+27  0.226E+27  0.201E+28  0.470E-27  0.000E+00  0.000E+00
 0.650E+00  0.318E+01  0.200E+02  0.660E+01  0.399E+01  0.261E+01  0.259E+01  0.812E-08  0.810E-08  0.521E-07  0.155E-07  0.295E+00  0.449E-07  0.919E+00  0.956E+00  0.924E+00  0.000E+00  0.899E+27  0.897E+27  0.216E+27  0.192E+28  0.449E-27  0.000E+00  0.000E+00
 0.660E+00  0.320E+01  0.200E+02  0.660E+01  0.402E+01  0.258E+01  0.253E+01  0.771E-08  0.770E-08  0.498E-07  0.148E-07  0.294E+00  0.429E-07  0.924E+00  0.960E+00  0.929E+00  0.000E+00  0.854E+27  0.852E+27  0.206E+27  0.184E+28  0.429E-27  0.000E+00  0.000E+00
 0.670E+00  0.322E+01  0.200E+02  0.660E+01  0.404E+01  0.256E+01  0.246E+01  0.736E-08  0.735E-08  0.475E-07  0.141E-07  0.295E+00  0.409E-07  0.923E+00  0.959E+00  0.928E+00  0.000E+00  0.815E+27  0.814E+27  0.196E+27  0.175E+28  0.409E-27  0.000E+00  0.000E+00
 0.680E+00  0.324E+01  0.200E+02  0.660E+01  0.406E+01  0.254E+01  0.240E+01  0.703E-08  0.702E-08  0.453E-07  0.134E-07  0.295E+00  0.390E-07  0.922E+00  0.956E+00  0.927E+00  0.000E+00  0.778E+27  0.777E+27  0.187E+27  0.167E+28  0.390E-27  0.000E+00  0.000E+00
 0.690E+00  0.325E+01  0.200E+02  0.660E+01  0.409E+01  0.251E+01  0.234E+01  0.672E-08  0.671E-08  0.432E-07  0.128E-07  0.296E+00  0.372E-07  0.919E+00  0.951E+00  0.924E+00  0.000E+00  0.744E+27  0.743E+27  0.178E+27  0.159E+28  0.372E-27  0.000E+00  0.000E+00
 0.700E+00  0.327E+01  0.200E+02  0.660E+01  0.411E+01  0.249E+01  0.228E+01  0.644E-08  0.643E-08  0.411E-07  0.121E-07  0.297E+00  0.354E-07  0.913E+00  0.943E+00  0.918E+00  0.000E+00  0.713E+27  0.712E+27  0.169E+27  0.152E+28  0.354E-27  0.000E+00  0.000E+00
 0.710E+00  0.329E+01  0.200E+02  0.660E+01  0.413E+01  0.247E+01  0.222E+01  0.616E-08  0.615E-08  0.392E-07  0.115E-07  0.298E+00  0.338E-07  0.910E+00  0.937E+00  0.916E+00  0.000E+00  0.682E+27  0.681E+27  0.160E+27  0.145E+28  0.338E-27  0.000E+00  0.000E+00
 0.720E+00  0.331E+01  0.200E+02  0.660E+01  0.415E+01  0.245E+01  0.217E+01  0.583E-08  0.582E-08  0.373E-07  0.109E-07  0.297E+00  0.321E-07  0.915E+00  0.939E+00  0.920E+00  0.000E+00  0.645E+27  0.644E+27  0.152E+27  0.138E+28  0.321E-27  0.000E+00  0.000E+00
 0.730E+00  0.332E+01  0.200E+02  0.660E+01  0.417E+01  0.243E+01  0.211E+01  0.544E-08  0.543E-08  0.354E-07  0.103E-07  0.293E+00  0.305E-07  0.932E+00  0.952E+00  0.938E+00  0.000E+00  0.602E+27  0.601E+27  0.144E+27  0.131E+28  0.305E-27  0.000E+00  0.000E+00
 0.740E+00  0.334E+01  0.200E+02  0.660E+01  0.420E+01  0.240E+01  0.205E+01  0.501E-08  0.500E-08  0.337E-07  0.978E-08  0.287E+00  0.290E-07  0.961E+00  0.978E+00  0.966E+00  0.000E+00  0.555E+27  0.554E+27  0.136E+27  0.124E+28  0.290E-27  0.000E+00  0.000E+00
 0.750E+00  0.336E+01  0.200E+02  0.660E+01  0.422E+01  0.238E+01  0.200E+01  0.460E-08  0.460E-08  0.319E-07  0.925E-08  0.280E+00  0.275E-07  0.993E+00  0.101E+01  0.998E+00  0.000E+00  0.509E+27  0.509E+27  0.129E+27  0.118E+28  0.275E-27  0.000E+00  0.000E+00
 0.760E+00  0.337E+01  0.200E+02  0.660E+01  0.424E+01  0.236E+01  0.195E+01  0.424E-08  0.424E-08  0.303E-07  0.874E-08  0.275E+00  0.261E-07  0.102E+01  0.103E+01  0.103E+01  0.000E+00  0.470E+27  0.470E+27  0.122E+27  0.112E+28  0.261E-27  0.000E+00  0.000E+00
 0.770E+00  0.339E+01  0.200E+02  0.660E+01  0.426E+01  0.234E+01  0.189E+01  0.396E-08  0.396E-08  0.287E-07  0.825E-08  0.272E+00  0.248E-07  0.104E+01  0.104E+01  0.104E+01  0.000E+00  0.438E+27  0.439E+27  0.115E+27  0.106E+28  0.248E-27  0.000E+00  0.000E+00
 0.780E+00  0.340E+01  0.200E+02  0.660E+01  0.427E+01  0.233E+01  0.184E+01  0.371E-08  0.372E-08  0.272E-07  0.779E-08  0.270E+00  0.234E-07  0.104E+01  0.105E+01  0.105E+01  0.000E+00  0.411E+27  0.412E+27  0.108E+27  0.100E+28  0.234E-27  0.000E+00  0.000E+00
 0.790E+00  0.342E+01  0.200E+02  0.660E+01  0.429E+01  0.231E+01  0.179E+01  0.348E-08  0.350E-08  0.258E-07  0.734E-08  0.269E+00  0.222E-07  0.105E+01  0.105E+01  0.106E+01  0.000E+00  0.386E+27  0.387E+27  0.102E+27  0.951E+27  0.222E-27  0.000E+00  0.000E+00
 0.800E+00  0.343E+01  0.200E+02  0.660E+01  0.431E+01  0.229E+01  0.174E+01  0.330E-08  0.332E-08  0.244E-07  0.692E-08  0.270E+00  0.210E-07  0.105E+01  0.104E+01  0.105E+01  0.000E+00  0.366E+27  0.368E+27  0.964E+26  0.900E+27  0.210E-27  0.000E+00  0.000E+00
 0.810E+00  0.345E+01  0.200E+02  0.660E+01  0.433E+01  0.227E+01  0.169E+01  0.319E-08  0.321E-08  0.231E-07  0.652E-08  0.274E+00  0.199E-07  0.103E+01  0.102E+01  0.103E+01  0.000E+00  0.353E+27  0.355E+27  0.908E+26  0.851E+27  0.199E-27  0.000E+00  0.000E+00
 0.820E+00  0.346E+01  0.200E+02  0.660E+01  0.435E+01  0.225E+01  0.164E+01  0.310E-08  0.312E-08  0.218E-07  0.615E-08  0.279E+00  0.188E-07  0.999E+00  0.985E+00  0.100E+01  0.000E+00  0.343E+27  0.345E+27  0.856E+26  0.805E+27  0.188E-27  0.000E+00  0.000E+00
 0.830E+00  0.348E+01  0.200E+02  0.660E+01  0.437E+01  0.223E+01  0.159E+01  0.299E-08  0.302E-08  0.206E-07  0.579E-08  0.284E+00  0.178E-07  0.977E+00  0.959E+00  0.982E+00  0.000E+00  0.331E+27  0.334E+27  0.807E+26  0.762E+27  0.178E-27  0.000E+00  0.000E+00
 0.840E+00  0.349E+01  0.200E+02  0.660E+01  0.439E+01  0.221E+01  0.155E+01  0.285E-08  0.288E-08  0.195E-07  0.546E-08  0.286E+00  0.168E-07  0.970E+00  0.949E+00  0.975E+00  0.000E+00  0.316E+27  0.319E+27  0.760E+26  0.721E+27  0.168E-27  0.000E+00  0.000E+00
 0.850E+00  0.350E+01  0.200E+02  0.660E+01  0.440E+01  0.220E+01  0.150E+01  0.266E-08  0.269E-08  0.185E-07  0.515E-08  0.283E+00  0.159E-07  0.983E+00  0.958E+00  0.988E+00  0.000E+00  0.294E+27  0.297E+27  0.717E+26  0.682E+27  0.159E-27  0.000E+00  0.000E+00
 0.860E+00  0.352E+01  0.200E+02  0.660E+01  0.442E+01  0.218E+01  0.145E+01  0.246E-08  0.249E-08  0.175E-07  0.486E-08  0.279E+00  0.151E-07  0.100E+01  0.975E+00  0.101E+01  0.000E+00  0.273E+27  0.276E+27  0.676E+26  0.645E+27  0.151E-27  0.000E+00  0.000E+00
 0.870E+00  0.353E+01  0.200E+02  0.660E+01  0.444E+01  0.216E+01  0.141E+01  0.227E-08  0.230E-08  0.166E-07  0.459E-08  0.274E+00  0.143E-07  0.103E+01  0.999E+00  0.104E+01  0.000E+00  0.251E+27  0.254E+27  0.638E+26  0.611E+27  0.143E-27  0.000E+00  0.000E+00
 0.880E+00  0.355E+01  0.200E+02  0.660E+01  0.445E+01  0.215E+01  0.136E+01  0.207E-08  0.209E-08  0.157E-07  0.433E-08  0.266E+00  0.135E-07  0.107E+01  0.103E+01  0.107E+01  0.000E+00  0.229E+27  0.232E+27  0.603E+26  0.579E+27  0.135E-27  0.000E+00  0.000E+00
 0.890E+00  0.356E+01  0.200E+02  0.660E+01  0.447E+01  0.213E+01  0.132E+01  0.189E-08  0.191E-08  0.149E-07  0.409E-08  0.259E+00  0.128E-07  0.111E+01  0.107E+01  0.112E+01  0.000E+00  0.209E+27  0.212E+27  0.570E+26  0.549E+27  0.128E-27  0.000E+00  0.000E+00
 0.900E+00  0.357E+01  0.200E+02  0.660E+01  0.449E+01  0.211E+01  0.128E+01  0.176E-08  0.178E-08  0.141E-07  0.388E-08  0.256E+00  0.121E-07  0.113E+01  0.109E+01  0.114E+01  0.000E+00  0.195E+27  0.197E+27  0.540E+26  0.521E+27  0.121E-27  0.000E+00  0.000E+00
 0.910E+00  0.358E+01  0.200E+02  0.660E+01  0.450E+01  0.210E+01  0.123E+01  0.166E-08  0.168E-08  0.134E-07  0.367E-08  0.254E+00  0.115E-07  0.114E+01  0.110E+01  0.115E+01  0.000E+00  0.183E+27  0.186E+27  0.511E+26  0.494E+27  0.115E-27  0.000E+00  0.000E+00
 0.920E+00  0.360E+01  0.200E+02  0.660E+01  0.452E+01  0.208E+01  0.119E+01  0.160E-08  0.162E-08  0.127E-07  0.348E-08  0.257E+00  0.109E-07  0.112E+01  0.108E+01  0.113E+01  0.000E+00  0.177E+27  0.179E+27  0.485E+26  0.469E+27  0.109E-27  0.000E+00  0.000E+00
 0.930E+00  0.361E+01  0.200E+02  0.660E+01  0.453E+01  0.207E+01  0.115E+01  0.156E-08  0.158E-08  0.121E-07  0.331E-08  0.263E+00  0.104E-07  0.109E+01  0.105E+01  0.109E+01  0.000E+00  0.173E+27  0.175E+27  0.461E+26  0.445E+27  0.104E-27  0.000E+00  0.000E+00
 0.940E+00  0.362E+01  0.200E+02  0.660E+01  0.455E+01  0.205E+01  0.111E+01  0.164E-08  0.166E-08  0.115E-07  0.315E-08  0.282E+00  0.987E-08  0.988E+00  0.949E+00  0.992E+00  0.000E+00  0.182E+27  0.184E+27  0.438E+26  0.423E+27  0.987E-28  0.000E+00  0.000E+00
 0.950E+00  0.363E+01  0.200E+02  0.660E+01  0.456E+01  0.204E+01  0.107E+01  0.171E-08  0.172E-08  0.109E-07  0.299E-08  0.301E+00  0.938E-08  0.903E+00  0.868E+00  0.906E+00  0.000E+00  0.189E+27  0.191E+27  0.417E+26  0.402E+27  0.938E-28  0.000E+00  0.000E+00
 0.960E+00  0.364E+01  0.200E+02  0.660E+01  0.458E+01  0.202E+01  0.103E+01  0.184E-08  0.186E-08  0.104E-07  0.285E-08  0.328E+00  0.891E-08  0.797E+00  0.767E+00  0.800E+00  0.000E+00  0.204E+27  0.206E+27  0.397E+26  0.382E+27  0.891E-28  0.000E+00  0.000E+00
 0.970E+00  0.366E+01  0.200E+02  0.660E+01  0.459E+01  0.201E+01  0.993E+00  0.199E-08  0.200E-08  0.984E-08  0.271E-08  0.356E+00  0.846E-08  0.703E+00  0.678E+00  0.705E+00  0.000E+00  0.220E+27  0.221E+27  0.377E+26  0.363E+27  0.846E-28  0.000E+00  0.000E+00
 0.980E+00  0.367E+01  0.200E+02  0.660E+01  0.461E+01  0.199E+01  0.955E+00  0.209E-08  0.210E-08  0.935E-08  0.258E-08  0.378E+00  0.805E-08  0.638E+00  0.615E+00  0.640E+00  0.000E+00  0.231E+27  0.232E+27  0.359E+26  0.345E+27  0.805E-28  0.000E+00  0.000E+00
 0.990E+00  0.368E+01  0.200E+02  0.660E+01  0.462E+01  0.198E+01  0.918E+00  0.219E-08  0.219E-08  0.889E-08  0.245E-08  0.401E+00  0.764E-08  0.579E+00  0.559E+00  0.581E+00  0.000E+00  0.242E+27  0.243E+27  0.341E+26  0.328E+27  0.764E-28  0.000E+00  0.000E+00
 0.100E+01  0.369E+01  0.200E+02  0.660E+01  0.463E+01  0.197E+01  0.880E+00  0.216E-08  0.216E-08  0.843E-08  0.232E-08  0.410E+00  0.725E-08  0.558E+00  0.537E+00  0.559E+00  0.000E+00  0.239E+27  0.239E+27  0.323E+26  0.311E+27  0.725E-28  0.000E+00  0.000E+00
 0.101E+01  0.370E+01  0.200E+02  0.660E+01  0.465E+01  0.195E+01  0.844E+00  0.206E-08  0.206E-08  0.800E-08  0.220E-08  0.411E+00  0.688E-08  0.556E+00  0.534E+00  0.557E+00  0.000E+00  0.228E+27  0.228E+27  0.306E+26  0.295E+27  0.688E-28  0.000E+00  0.000E+00
 0.102E+01  0.371E+01  0.200E+02  0.660E+01  0.466E+01  0.194E+01  0.808E+00  0.193E-08  0.192E-08  0.758E-08  0.207E-08  0.408E+00  0.651E-08  0.564E+00  0.540E+00  0.566E+00  0.000E+00  0.213E+27  0.212E+27  0.288E+26  0.280E+27  0.651E-28  0.000E+00  0.000E+00
 0.103E+01  0.372E+01  0.200E+02  0.660E+01  0.467E+01  0.193E+01  0.772E+00  0.170E-08  0.169E-08  0.717E-08  0.195E-08  0.391E+00  0.616E-08  0.606E+00  0.577E+00  0.608E+00  0.000E+00  0.188E+27  0.187E+27  0.271E+26  0.264E+27  0.616E-28  0.000E+00  0.000E+00
 0.104E+01  0.373E+01  0.200E+02  0.660E+01  0.469E+01  0.191E+01  0.737E+00  0.147E-08  0.145E-08  0.676E-08  0.182E-08  0.369E+00  0.581E-08  0.664E+00  0.627E+00  0.666E+00  0.000E+00  0.163E+27  0.161E+27  0.254E+26  0.250E+27  0.581E-28  0.000E+00  0.000E+00
 0.105E+01  0.374E+01  0.200E+02  0.660E+01  0.470E+01  0.190E+01  0.702E+00  0.127E-08  0.125E-08  0.638E-08  0.170E-08  0.348E+00  0.548E-08  0.728E+00  0.680E+00  0.730E+00  0.000E+00  0.140E+27  0.139E+27  0.237E+26  0.235E+27  0.548E-28  0.000E+00  0.000E+00
 0.106E+01  0.375E+01  0.200E+02  0.660E+01  0.471E+01  0.189E+01  0.668E+00  0.106E-08  0.105E-08  0.600E-08  0.158E-08  0.323E+00  0.515E-08  0.818E+00  0.756E+00  0.819E+00  0.000E+00  0.118E+27  0.116E+27  0.220E+26  0.221E+27  0.515E-28  0.000E+00  0.000E+00
 0.107E+01  0.376E+01  0.200E+02  0.660E+01  0.473E+01  0.187E+01  0.634E+00  0.884E-09  0.869E-09  0.563E-08  0.147E-08  0.296E+00  0.484E-08  0.926E+00  0.844E+00  0.928E+00  0.000E+00  0.979E+26  0.962E+26  0.204E+26  0.208E+27  0.484E-28  0.000E+00  0.000E+00
 0.108E+01  0.377E+01  0.200E+02  0.660E+01  0.474E+01  0.186E+01  0.601E+00  0.745E-09  0.731E-09  0.528E-08  0.135E-08  0.275E+00  0.454E-08  0.103E+01  0.927E+00  0.103E+01  0.000E+00  0.825E+26  0.809E+26  0.189E+26  0.195E+27  0.454E-28  0.000E+00  0.000E+00
 0.109E+01  0.378E+01  0.200E+02  0.660E+01  0.475E+01  0.185E+01  0.568E+00  0.621E-09  0.608E-09  0.494E-08  0.125E-08  0.252E+00  0.424E-08  0.116E+01  0.102E+01  0.116E+01  0.000E+00  0.688E+26  0.673E+26  0.173E+26  0.182E+27  0.424E-28  0.000E+00  0.000E+00
 0.110E+01  0.379E+01  0.200E+02  0.660E+01  0.476E+01  0.184E+01  0.536E+00  0.513E-09  0.501E-09  0.481E-08  0.103E-08  0.224E+00  0.421E-08  0.137E+01  0.103E+01  0.140E+01  0.000E+00  0.568E+26  0.554E+26  0.143E+26  0.178E+27  0.421E-28  0.000E+00  0.000E+00
 0.111E+01  0.380E+01  0.200E+02  0.660E+01  0.478E+01  0.182E+01  0.504E+00  0.434E-09  0.422E-09  0.459E-08  0.821E-09  0.206E+00  0.394E-08  0.155E+01  0.972E+00  0.155E+01  0.000E+00  0.480E+26  0.468E+26  0.114E+26  0.169E+27  0.394E-28  0.000E+00  0.000E+00
 0.112E+01  0.381E+01  0.200E+02  0.660E+01  0.479E+01  0.181E+01  0.472E+00  0.366E-09  0.355E-09  0.432E-08  0.585E-09  0.190E+00  0.368E-08  0.174E+01  0.823E+00  0.173E+01  0.000E+00  0.405E+26  0.393E+26  0.814E+25  0.160E+27  0.368E-28  0.000E+00  0.000E+00
 0.113E+01  0.382E+01  0.200E+02  0.660E+01  0.480E+01  0.180E+01  0.441E+00  0.310E-09  0.300E-09  0.411E-08  0.349E-09  0.175E+00  0.343E-08  0.195E+01  0.581E+00  0.190E+01  0.000E+00  0.343E+26  0.333E+26  0.486E+25  0.152E+27  0.343E-28  0.000E+00  0.000E+00
 0.114E+01  0.383E+01  0.200E+02  0.660E+01  0.481E+01  0.179E+01  0.410E+00  0.265E-09  0.256E-09  0.388E-08  0.289E-09  0.161E+00  0.320E-08  0.217E+01  0.564E+00  0.209E+01  0.000E+00  0.293E+26  0.283E+26  0.402E+25  0.143E+27  0.320E-28  0.000E+00  0.000E+00
 0.115E+01  0.384E+01  0.200E+02  0.660E+01  0.482E+01  0.178E+01  0.380E+00  0.228E-09  0.219E-09  0.365E-08  0.288E-09  0.149E+00  0.295E-08  0.238E+01  0.656E+00  0.224E+01  0.000E+00  0.252E+26  0.243E+26  0.401E+25  0.135E+27  0.295E-28  0.000E+00  0.000E+00
 0.116E+01  0.385E+01  0.200E+02  0.660E+01  0.483E+01  0.177E+01  0.350E+00  0.196E-09  0.188E-09  0.343E-08  0.283E-09  0.138E+00  0.271E-08  0.260E+01  0.752E+00  0.240E+01  0.000E+00  0.217E+26  0.209E+26  0.394E+25  0.127E+27  0.271E-28  0.000E+00  0.000E+00
 0.117E+01  0.386E+01  0.200E+02  0.660E+01  0.484E+01  0.176E+01  0.320E+00  0.169E-09  0.162E-09  0.320E-08  0.282E-09  0.128E+00  0.252E-08  0.283E+01  0.870E+00  0.260E+01  0.000E+00  0.187E+26  0.179E+26  0.392E+25  0.118E+27  0.252E-28  0.000E+00  0.000E+00
 0.118E+01  0.386E+01  0.200E+02  0.660E+01  0.485E+01  0.175E+01  0.291E+00  0.146E-09  0.140E-09  0.296E-08  0.253E-09  0.121E+00  0.231E-08  0.303E+01  0.905E+00  0.275E+01  0.000E+00  0.162E+26  0.155E+26  0.353E+25  0.109E+27  0.231E-28  0.000E+00  0.000E+00
 0.119E+01  0.387E+01  0.200E+02  0.660E+01  0.487E+01  0.173E+01  0.262E+00  0.127E-09  0.121E-09  0.274E-08  0.219E-09  0.114E+00  0.213E-08  0.324E+01  0.905E+00  0.293E+01  0.000E+00  0.140E+26  0.134E+26  0.305E+25  0.101E+27  0.213E-28  0.000E+00  0.000E+00
 0.120E+01  0.388E+01  0.200E+02  0.660E+01  0.488E+01  0.172E+01  0.233E+00  0.111E-09  0.105E-09  0.248E-08  0.191E-09  0.110E+00  0.196E-08  0.336E+01  0.904E+00  0.310E+01  0.000E+00  0.122E+26  0.117E+26  0.265E+25  0.915E+26  0.196E-28  0.000E+00  0.000E+00
 0.121E+01  0.389E+01  0.200E+02  0.660E+01  0.489E+01  0.171E+01  0.205E+00  0.974E-10  0.926E-10  0.226E-08  0.167E-09  0.107E+00  0.179E-08  0.348E+01  0.904E+00  0.323E+01  0.000E+00  0.108E+26  0.103E+26  0.233E+25  0.833E+26  0.179E-28  0.000E+00  0.000E+00
 0.122E+01  0.390E+01  0.200E+02  0.660E+01  0.490E+01  0.170E+01  0.177E+00  0.858E-10  0.813E-10  0.202E-08  0.147E-09  0.105E+00  0.165E-08  0.355E+01  0.904E+00  0.338E+01  0.000E+00  0.950E+25  0.901E+25  0.205E+25  0.746E+26  0.165E-28  0.000E+00  0.000E+00
 0.123E+01  0.391E+01  0.200E+02  0.660E+01  0.491E+01  0.169E+01  0.150E+00  0.757E-10  0.716E-10  0.178E-08  0.129E-09  0.105E+00  0.152E-08  0.356E+01  0.903E+00  0.353E+01  0.000E+00  0.838E+25  0.793E+25  0.180E+25  0.658E+26  0.152E-28  0.000E+00  0.000E+00
 0.124E+01  0.391E+01  0.200E+02  0.660E+01  0.492E+01  0.168E+01  0.123E+00  0.671E-10  0.633E-10  0.152E-08  0.114E-09  0.108E+00  0.141E-08  0.343E+01  0.903E+00  0.371E+01  0.000E+00  0.743E+25  0.701E+25  0.159E+25  0.561E+26  0.141E-28  0.000E+00  0.000E+00
 0.125E+01  0.392E+01  0.200E+02  0.660E+01  0.493E+01  0.167E+01  0.958E-01  0.601E-10  0.566E-10  0.126E-08  0.102E-09  0.115E+00  0.131E-08  0.319E+01  0.903E+00  0.386E+01  0.000E+00  0.666E+25  0.627E+25  0.142E+25  0.467E+26  0.131E-28  0.000E+00  0.000E+00
 0.126E+01  0.393E+01  0.200E+02  0.660E+01  0.494E+01  0.166E+01  0.693E-01  0.534E-10  0.501E-10  0.992E-09  0.905E-10  0.128E+00  0.123E-08  0.283E+01  0.903E+00  0.409E+01  0.000E+00  0.591E+25  0.555E+25  0.126E+25  0.366E+26  0.123E-28  0.000E+00  0.000E+00
 0.127E+01  0.394E+01  0.200E+02  0.660E+01  0.495E+01  0.165E+01  0.430E-01  0.476E-10  0.446E-10  0.818E-09  0.805E-10  0.136E+00  0.116E-08  0.262E+01  0.903E+00  0.432E+01  0.000E+00  0.527E+25  0.494E+25  0.112E+25  0.302E+26  0.116E-28  0.000E+00  0.000E+00
 0.128E+01  0.395E+01  0.200E+02  0.660E+01  0.496E+01  0.164E+01  0.171E-01  0.429E-10  0.400E-10  0.815E-09  0.723E-10  0.125E+00  0.110E-08  0.291E+01  0.902E+00  0.456E+01  0.000E+00  0.475E+25  0.443E+25  0.101E+25  0.301E+26  0.110E-28  0.000E+00  0.000E+00
 0.129E+01  0.395E+01  0.200E+02  0.660E+01  0.497E+01  0.163E+01 -0.848E-02  0.388E-10  0.362E-10  0.808E-09  0.652E-10  0.115E+00  0.105E-08  0.319E+01  0.902E+00  0.482E+01  0.000E+00  0.429E+25  0.400E+25  0.908E+24  0.298E+26  0.105E-28  0.000E+00  0.000E+00
 0.130E+01  0.396E+01  0.200E+02  0.660E+01  0.498E+01  0.162E+01 -0.338E-01  0.347E-10  0.323E-10  0.797E-09  0.582E-10  0.106E+00  0.100E-08  0.353E+01  0.902E+00  0.518E+01  0.000E+00  0.384E+25  0.357E+25  0.810E+24  0.294E+26  0.100E-28  0.000E+00  0.000E+00
 0.131E+01  0.397E+01  0.200E+02  0.660E+01  0.499E+01  0.161E+01 -0.588E-01  0.318E-10  0.295E-10  0.795E-09  0.526E-10  0.979E-01  0.969E-09  0.385E+01  0.892E+00  0.547E+01  0.000E+00  0.352E+25  0.327E+25  0.732E+24  0.294E+26  0.969E-29  0.000E+00  0.000E+00
 0.132E+01  0.398E+01  0.200E+02  0.660E+01  0.499E+01  0.161E+01 -0.836E-01  0.288E-10  0.267E-10  0.730E-09  0.481E-10  0.965E-01  0.891E-09  0.391E+01  0.902E+00  0.557E+01  0.000E+00  0.319E+25  0.295E+25  0.670E+24  0.270E+26  0.891E-29  0.000E+00  0.000E+00
 0.133E+01  0.398E+01  0.200E+02  0.660E+01  0.500E+01  0.160E+01 -0.108E+00  0.262E-10  0.242E-10  0.662E-09  0.435E-10  0.966E-01  0.794E-09  0.391E+01  0.902E+00  0.548E+01  0.000E+00  0.290E+25  0.267E+25  0.606E+24  0.244E+26  0.794E-29  0.000E+00  0.000E+00
 0.134E+01  0.399E+01  0.200E+02  0.660E+01  0.501E+01  0.159E+01 -0.132E+00  0.239E-10  0.220E-10  0.603E-09  0.397E-10  0.966E-01  0.715E-09  0.391E+01  0.901E+00  0.541E+01  0.000E+00  0.265E+25  0.244E+25  0.552E+24  0.222E+26  0.715E-29  0.000E+00  0.000E+00
 0.135E+01  0.400E+01  0.200E+02  0.660E+01  0.502E+01  0.158E+01 -0.156E+00  0.218E-10  0.200E-10  0.549E-09  0.361E-10  0.966E-01  0.644E-09  0.391E+01  0.902E+00  0.535E+01  0.000E+00  0.242E+25  0.222E+25  0.503E+24  0.203E+26  0.644E-29  0.000E+00  0.000E+00
 0.136E+01  0.400E+01  0.200E+02  0.660E+01  0.503E+01  0.157E+01 -0.180E+00  0.202E-10  0.186E-10  0.508E-09  0.335E-10  0.966E-01  0.592E-09  0.391E+01  0.902E+00  0.531E+01  0.000E+00  0.224E+25  0.206E+25  0.466E+24  0.188E+26  0.592E-29  0.000E+00  0.000E+00
 0.137E+01  0.401E+01  0.200E+02  0.660E+01  0.504E+01  0.156E+01 -0.203E+00  0.185E-10  0.169E-10  0.464E-09  0.305E-10  0.966E-01  0.535E-09  0.391E+01  0.901E+00  0.526E+01  0.000E+00  0.205E+25  0.188E+25  0.425E+24  0.171E+26  0.535E-29  0.000E+00  0.000E+00
 0.138E+01  0.402E+01  0.200E+02  0.660E+01  0.505E+01  0.155E+01 -0.226E+00  0.171E-10  0.156E-10  0.427E-09  0.281E-10  0.965E-01  0.490E-09  0.392E+01  0.903E+00  0.524E+01  0.000E+00  0.189E+25  0.172E+25  0.392E+24  0.158E+26  0.490E-29  0.000E+00  0.000E+00
 0.139E+01  0.403E+01  0.200E+02  0.660E+01  0.506E+01  0.154E+01 -0.249E+00  0.159E-10  0.145E-10  0.397E-09  0.261E-10  0.964E-01  0.453E-09  0.392E+01  0.902E+00  0.522E+01  0.000E+00  0.176E+25  0.160E+25  0.364E+24  0.147E+26  0.453E-29  0.000E+00  0.000E+00
 0.140E+01  0.403E+01  0.200E+02  0.660E+01  0.507E+01  0.153E+01 -0.272E+00  0.147E-10  0.134E-10  0.367E-09  0.242E-10  0.964E-01  0.417E-09  0.392E+01  0.903E+00  0.520E+01  0.000E+00  0.163E+25  0.148E+25  0.336E+24  0.135E+26  0.417E-29  0.000E+00  0.000E+00
 0.141E+01  0.404E+01  0.200E+02  0.660E+01  0.507E+01  0.153E+01 -0.294E+00  0.137E-10  0.125E-10  0.342E-09  0.225E-10  0.964E-01  0.388E-09  0.392E+01  0.903E+00  0.518E+01  0.000E+00  0.152E+25  0.138E+25  0.314E+24  0.126E+26  0.388E-29  0.000E+00  0.000E+00
 0.142E+01  0.405E+01  0.200E+02  0.660E+01  0.508E+01  0.152E+01 -0.316E+00  0.127E-10  0.116E-10  0.317E-09  0.209E-10  0.964E-01  0.359E-09  0.392E+01  0.904E+00  0.518E+01  0.000E+00  0.141E+25  0.128E+25  0.291E+24  0.117E+26  0.359E-29  0.000E+00  0.000E+00
 0.143E+01  0.405E+01  0.200E+02  0.660E+01  0.509E+01  0.151E+01 -0.338E+00  0.119E-10  0.108E-10  0.297E-09  0.196E-10  0.963E-01  0.336E-09  0.392E+01  0.904E+00  0.517E+01  0.000E+00  0.132E+25  0.120E+25  0.272E+24  0.110E+26  0.336E-29  0.000E+00  0.000E+00
 0.144E+01  0.406E+01  0.200E+02  0.660E+01  0.510E+01  0.150E+01 -0.360E+00  0.111E-10  0.101E-10  0.275E-09  0.182E-10  0.968E-01  0.310E-09  0.390E+01  0.905E+00  0.514E+01  0.000E+00  0.123E+25  0.112E+25  0.254E+24  0.102E+26  0.310E-29  0.000E+00  0.000E+00
 0.145E+01  0.406E+01  0.200E+02  0.660E+01  0.511E+01  0.149E+01 -0.381E+00  0.104E-10  0.943E-11  0.259E-09  0.171E-10  0.962E-01  0.292E-09  0.393E+01  0.905E+00  0.517E+01  0.000E+00  0.115E+25  0.104E+25  0.238E+24  0.957E+25  0.292E-29  0.000E+00  0.000E+00
 0.146E+01  0.407E+01  0.200E+02  0.660E+01  0.511E+01  0.149E+01 -0.402E+00  0.962E-11  0.875E-11  0.241E-09  0.158E-10  0.962E-01  0.271E-09  0.393E+01  0.906E+00  0.517E+01  0.000E+00  0.107E+25  0.969E+24  0.221E+24  0.888E+25  0.271E-29  0.000E+00  0.000E+00
 0.147E+01  0.408E+01  0.200E+02  0.660E+01  0.512E+01  0.148E+01 -0.423E+00  0.910E-11  0.827E-11  0.228E-09  0.150E-10  0.961E-01  0.257E-09  0.393E+01  0.906E+00  0.517E+01  0.000E+00  0.101E+25  0.916E+24  0.209E+24  0.840E+25  0.257E-29  0.000E+00  0.000E+00
 0.148E+01  0.408E+01  0.200E+02  0.660E+01  0.513E+01  0.147E+01 -0.444E+00  0.856E-11  0.778E-11  0.214E-09  0.141E-10  0.961E-01  0.241E-09  0.394E+01  0.907E+00  0.517E+01  0.000E+00  0.948E+24  0.861E+24  0.196E+24  0.791E+25  0.241E-29  0.000E+00  0.000E+00
 0.149E+01  0.409E+01  0.200E+02  0.660E+01  0.514E+01  0.146E+01 -0.465E+00  0.811E-11  0.737E-11  0.203E-09  0.134E-10  0.960E-01  0.229E-09  0.394E+01  0.908E+00  0.517E+01  0.000E+00  0.898E+24  0.816E+24  0.186E+24  0.750E+25  0.229E-29  0.000E+00  0.000E+00
 0.150E+01  0.410E+01  0.200E+02  0.660E+01  0.514E+01  0.146E+01 -0.485E+00  0.690E-11  0.690E-11  0.190E-09  0.125E-10  0.960E-01  0.214E-09  0.394E+01  0.908E+00  0.518E+01  0.000E+00  0.764E+24  0.764E+24  0.175E+24  0.703E+25  0.214E-29  0.000E+00  0.000E+00
 0.151E+01  0.410E+01  0.200E+02  0.660E+01  0.515E+01  0.145E+01 -0.505E+00  0.656E-11  0.656E-11  0.181E-09  0.119E-10  0.960E-01  0.204E-09  0.394E+01  0.908E+00  0.517E+01  0.000E+00  0.727E+24  0.727E+24  0.166E+24  0.668E+25  0.204E-29  0.000E+00  0.000E+00
 0.152E+01  0.411E+01  0.200E+02  0.660E+01  0.516E+01  0.144E+01 -0.525E+00  0.621E-11  0.621E-11  0.171E-09  0.113E-10  0.958E-01  0.193E-09  0.394E+01  0.909E+00  0.518E+01  0.000E+00  0.688E+24  0.688E+24  0.157E+24  0.633E+25  0.193E-29  0.000E+00  0.000E+00
 0.153E+01  0.411E+01  0.200E+02  0.660E+01  0.517E+01  0.143E+01 -0.545E+00  0.585E-11  0.585E-11  0.162E-09  0.106E-10  0.958E-01  0.182E-09  0.395E+01  0.910E+00  0.519E+01  0.000E+00  0.648E+24  0.648E+24  0.148E+24  0.597E+25  0.182E-29  0.000E+00  0.000E+00
 0.154E+01  0.412E+01  0.200E+02  0.660E+01  0.517E+01  0.143E+01 -0.564E+00  0.555E-11  0.555E-11  0.154E-09  0.101E-10  0.957E-01  0.173E-09  0.395E+01  0.910E+00  0.519E+01  0.000E+00  0.615E+24  0.615E+24  0.141E+24  0.567E+25  0.173E-29  0.000E+00  0.000E+00
 0.155E+01  0.413E+01  0.200E+02  0.660E+01  0.518E+01  0.142E+01 -0.583E+00  0.531E-11  0.531E-11  0.147E-09  0.966E-11  0.957E-01  0.165E-09  0.395E+01  0.911E+00  0.519E+01  0.000E+00  0.587E+24  0.587E+24  0.135E+24  0.542E+25  0.165E-29  0.000E+00  0.000E+00
 0.156E+01  0.413E+01  0.200E+02  0.660E+01  0.519E+01  0.141E+01 -0.602E+00  0.502E-11  0.502E-11  0.139E-09  0.915E-11  0.956E-01  0.157E-09  0.396E+01  0.911E+00  0.520E+01  0.000E+00  0.556E+24  0.556E+24  0.127E+24  0.513E+25  0.157E-29  0.000E+00  0.000E+00
 0.157E+01  0.414E+01  0.200E+02  0.660E+01  0.520E+01  0.140E+01 -0.621E+00  0.479E-11  0.479E-11  0.133E-09  0.873E-11  0.956E-01  0.149E-09  0.396E+01  0.912E+00  0.520E+01  0.000E+00  0.530E+24  0.530E+24  0.122E+24  0.490E+25  0.149E-29  0.000E+00  0.000E+00
 0.158E+01  0.414E+01  0.200E+02  0.660E+01  0.520E+01  0.140E+01 -0.640E+00  0.458E-11  0.458E-11  0.127E-09  0.835E-11  0.955E-01  0.143E-09  0.396E+01  0.912E+00  0.520E+01  0.000E+00  0.507E+24  0.507E+24  0.116E+24  0.468E+25  0.143E-29  0.000E+00  0.000E+00
 0.159E+01  0.415E+01  0.200E+02  0.660E+01  0.521E+01  0.139E+01 -0.659E+00  0.434E-11  0.434E-11  0.120E-09  0.792E-11  0.956E-01  0.135E-09  0.396E+01  0.912E+00  0.520E+01  0.000E+00  0.481E+24  0.481E+24  0.110E+24  0.444E+25  0.135E-29  0.000E+00  0.000E+00
 0.160E+01  0.415E+01  0.200E+02  0.660E+01  0.522E+01  0.138E+01 -0.677E+00  0.412E-11  0.412E-11  0.114E-09  0.751E-11  0.956E-01  0.128E-09  0.396E+01  0.912E+00  0.520E+01  0.000E+00  0.456E+24  0.456E+24  0.105E+24  0.421E+25  0.128E-29  0.000E+00  0.000E+00
 0.161E+01  0.416E+01  0.200E+02  0.660E+01  0.522E+01  0.138E+01 -0.695E+00  0.394E-11  0.394E-11  0.109E-09  0.718E-11  0.956E-01  0.123E-09  0.396E+01  0.913E+00  0.520E+01  0.000E+00  0.436E+24  0.436E+24  0.100E+24  0.402E+25  0.123E-29  0.000E+00  0.000E+00
 0.162E+01  0.416E+01  0.200E+02  0.660E+01  0.523E+01  0.137E+01 -0.713E+00  0.374E-11  0.374E-11  0.104E-09  0.683E-11  0.956E-01  0.117E-09  0.396E+01  0.913E+00  0.520E+01  0.000E+00  0.414E+24  0.414E+24  0.952E+23  0.383E+25  0.117E-29  0.000E+00  0.000E+00
 0.163E+01  0.417E+01  0.200E+02  0.660E+01  0.524E+01  0.136E+01 -0.731E+00  0.356E-11  0.356E-11  0.987E-10  0.650E-11  0.955E-01  0.111E-09  0.396E+01  0.913E+00  0.520E+01  0.000E+00  0.394E+24  0.394E+24  0.905E+23  0.364E+25  0.111E-29  0.000E+00  0.000E+00
 0.164E+01  0.417E+01  0.200E+02  0.660E+01  0.524E+01  0.136E+01 -0.749E+00  0.339E-11  0.339E-11  0.941E-10  0.619E-11  0.955E-01  0.106E-09  0.396E+01  0.913E+00  0.520E+01  0.000E+00  0.376E+24  0.376E+24  0.862E+23  0.347E+25  0.106E-29  0.000E+00  0.000E+00
 0.165E+01  0.418E+01  0.200E+02  0.660E+01  0.525E+01  0.135E+01 -0.766E+00  0.323E-11  0.323E-11  0.896E-10  0.590E-11  0.955E-01  0.101E-09  0.396E+01  0.913E+00  0.520E+01  0.000E+00  0.358E+24  0.358E+24  0.822E+23  0.331E+25  0.101E-29  0.000E+00  0.000E+00
 0.166E+01  0.418E+01  0.200E+02  0.660E+01  0.526E+01  0.134E+01 -0.783E+00  0.309E-11  0.309E-11  0.856E-10  0.564E-11  0.955E-01  0.964E-10  0.396E+01  0.913E+00  0.520E+01  0.000E+00  0.342E+24  0.342E+24  0.785E+23  0.316E+25  0.964E-30  0.000E+00  0.000E+00
 0.167E+01  0.419E+01  0.200E+02  0.660E+01  0.526E+01  0.134E+01 -0.801E+00  0.294E-11  0.294E-11  0.816E-10  0.537E-11  0.955E-01  0.919E-10  0.396E+01  0.913E+00  0.520E+01  0.000E+00  0.326E+24  0.326E+24  0.748E+23  0.301E+25  0.919E-30  0.000E+00  0.000E+00
 0.168E+01  0.419E+01  0.200E+02  0.660E+01  0.527E+01  0.133E+01 -0.818E+00  0.281E-11  0.281E-11  0.780E-10  0.514E-11  0.955E-01  0.878E-10  0.396E+01  0.913E+00  0.520E+01  0.000E+00  0.312E+24  0.312E+24  0.715E+23  0.288E+25  0.878E-30  0.000E+00  0.000E+00
 0.169E+01  0.420E+01  0.200E+02  0.660E+01  0.528E+01  0.132E+01 -0.834E+00  0.269E-11  0.269E-11  0.745E-10  0.491E-11  0.955E-01  0.839E-10  0.396E+01  0.913E+00  0.520E+01  0.000E+00  0.297E+24  0.297E+24  0.683E+23  0.275E+25  0.839E-30  0.000E+00  0.000E+00
 0.170E+01  0.420E+01  0.200E+02  0.660E+01  0.528E+01  0.132E+01 -0.851E+00  0.257E-11  0.257E-11  0.712E-10  0.469E-11  0.955E-01  0.802E-10  0.396E+01  0.913E+00  0.520E+01  0.000E+00  0.284E+24  0.284E+24  0.654E+23  0.263E+25  0.802E-30  0.000E+00  0.000E+00
 0.171E+01  0.421E+01  0.200E+02  0.660E+01  0.529E+01  0.131E+01 -0.868E+00  0.244E-11  0.244E-11  0.678E-10  0.446E-11  0.955E-01  0.763E-10  0.396E+01  0.913E+00  0.520E+01  0.000E+00  0.271E+24  0.271E+24  0.622E+23  0.250E+25  0.763E-30  0.000E+00  0.000E+00
 0.172E+01  0.421E+01  0.200E+02  0.660E+01  0.529E+01  0.131E+01 -0.884E+00  0.234E-11  0.234E-11  0.648E-10  0.427E-11  0.955E-01  0.730E-10  0.396E+01  0.913E+00  0.520E+01  0.000E+00  0.259E+24  0.259E+24  0.594E+23  0.239E+25  0.730E-30  0.000E+00  0.000E+00
 0.173E+01  0.422E+01  0.200E+02  0.660E+01  0.530E+01  0.130E+01 -0.900E+00  0.221E-11  0.221E-11  0.612E-10  0.403E-11  0.956E-01  0.689E-10  0.396E+01  0.913E+00  0.520E+01  0.000E+00  0.245E+24  0.245E+24  0.562E+23  0.226E+25  0.689E-30  0.000E+00  0.000E+00
 0.174E+01  0.422E+01  0.200E+02  0.660E+01  0.531E+01  0.129E+01 -0.916E+00  0.210E-11  0.210E-11  0.583E-10  0.384E-11  0.955E-01  0.657E-10  0.396E+01  0.913E+00  0.520E+01  0.000E+00  0.233E+24  0.233E+24  0.535E+23  0.215E+25  0.657E-30  0.000E+00  0.000E+00
 0.175E+01  0.423E+01  0.200E+02  0.660E+01  0.531E+01  0.129E+01 -0.932E+00  0.199E-11  0.199E-11  0.551E-10  0.363E-11  0.955E-01  0.620E-10  0.396E+01  0.913E+00  0.520E+01  0.000E+00  0.220E+24  0.220E+24  0.505E+23  0.203E+25  0.620E-30  0.000E+00  0.000E+00
 0.176E+01  0.423E+01  0.200E+02  0.660E+01  0.532E+01  0.128E+01 -0.948E+00  0.189E-11  0.189E-11  0.525E-10  0.346E-11  0.955E-01  0.591E-10  0.396E+01  0.913E+00  0.520E+01  0.000E+00  0.210E+24  0.210E+24  0.482E+23  0.194E+25  0.591E-30  0.000E+00  0.000E+00
 0.177E+01  0.424E+01  0.200E+02  0.660E+01  0.532E+01  0.128E+01 -0.963E+00  0.178E-11  0.178E-11  0.495E-10  0.326E-11  0.955E-01  0.557E-10  0.396E+01  0.913E+00  0.520E+01  0.000E+00  0.198E+24  0.198E+24  0.454E+23  0.183E+25  0.557E-30  0.000E+00  0.000E+00
 0.178E+01  0.424E+01  0.200E+02  0.660E+01  0.533E+01  0.127E+01 -0.979E+00  0.169E-11  0.169E-11  0.469E-10  0.308E-11  0.955E-01  0.528E-10  0.396E+01  0.913E+00  0.521E+01  0.000E+00  0.187E+24  0.187E+24  0.430E+23  0.173E+25  0.528E-30  0.000E+00  0.000E+00
 0.179E+01  0.425E+01  0.200E+02  0.660E+01  0.534E+01  0.126E+01 -0.994E+00  0.159E-11  0.159E-11  0.441E-10  0.291E-11  0.956E-01  0.497E-10  0.396E+01  0.913E+00  0.520E+01  0.000E+00  0.177E+24  0.177E+24  0.405E+23  0.163E+25  0.497E-30  0.000E+00  0.000E+00
 0.180E+01  0.425E+01  0.200E+02  0.660E+01  0.534E+01  0.126E+01 -0.101E+01  0.150E-11  0.150E-11  0.416E-10  0.275E-11  0.956E-01  0.469E-10  0.396E+01  0.913E+00  0.520E+01  0.000E+00  0.166E+24  0.166E+24  0.382E+23  0.154E+25  0.469E-30  0.000E+00  0.000E+00
 0.181E+01  0.426E+01  0.200E+02  0.660E+01  0.535E+01  0.125E+01 -0.102E+01  0.141E-11  0.141E-11  0.393E-10  0.258E-11  0.954E-01  0.442E-10  0.397E+01  0.914E+00  0.521E+01  0.000E+00  0.157E+24  0.157E+24  0.360E+23  0.145E+25  0.442E-30  0.000E+00  0.000E+00
 0.182E+01  0.426E+01  0.200E+02  0.660E+01  0.535E+01  0.125E+01 -0.104E+01  0.133E-11  0.133E-11  0.371E-10  0.244E-11  0.953E-01  0.417E-10  0.397E+01  0.914E+00  0.521E+01  0.000E+00  0.148E+24  0.148E+24  0.339E+23  0.137E+25  0.417E-30  0.000E+00  0.000E+00
 0.183E+01  0.427E+01  0.200E+02  0.660E+01  0.536E+01  0.124E+01 -0.105E+01  0.125E-11  0.125E-11  0.348E-10  0.229E-11  0.954E-01  0.392E-10  0.397E+01  0.913E+00  0.521E+01  0.000E+00  0.139E+24  0.139E+24  0.319E+23  0.129E+25  0.392E-30  0.000E+00  0.000E+00
 0.184E+01  0.427E+01  0.200E+02  0.660E+01  0.536E+01  0.124E+01 -0.107E+01  0.117E-11  0.117E-11  0.325E-10  0.214E-11  0.955E-01  0.366E-10  0.396E+01  0.913E+00  0.521E+01  0.000E+00  0.130E+24  0.130E+24  0.298E+23  0.120E+25  0.366E-30  0.000E+00  0.000E+00
 0.185E+01  0.427E+01  0.200E+02  0.660E+01  0.537E+01  0.123E+01 -0.108E+01  0.109E-11  0.109E-11  0.302E-10  0.199E-11  0.956E-01  0.340E-10  0.396E+01  0.913E+00  0.520E+01  0.000E+00  0.121E+24  0.121E+24  0.277E+23  0.112E+25  0.340E-30  0.000E+00  0.000E+00
 0.186E+01  0.428E+01  0.200E+02  0.660E+01  0.537E+01  0.123E+01 -0.110E+01  0.102E-11  0.102E-11  0.281E-10  0.185E-11  0.956E-01  0.316E-10  0.396E+01  0.912E+00  0.519E+01  0.000E+00  0.112E+24  0.112E+24  0.258E+23  0.104E+25  0.316E-30  0.000E+00  0.000E+00
 0.187E+01  0.428E+01  0.200E+02  0.660E+01  0.538E+01  0.122E+01 -0.111E+01  0.943E-12  0.943E-12  0.262E-10  0.172E-11  0.955E-01  0.294E-10  0.396E+01  0.913E+00  0.520E+01  0.000E+00  0.104E+24  0.104E+24  0.240E+23  0.965E+24  0.294E-30  0.000E+00  0.000E+00
 0.188E+01  0.429E+01  0.200E+02  0.660E+01  0.538E+01  0.122E+01 -0.113E+01  0.874E-12  0.874E-12  0.242E-10  0.160E-11  0.956E-01  0.273E-10  0.396E+01  0.913E+00  0.520E+01  0.000E+00  0.968E+23  0.968E+23  0.222E+23  0.893E+24  0.273E-30  0.000E+00  0.000E+00
 0.189E+01  0.429E+01  0.200E+02  0.660E+01  0.539E+01  0.121E+01 -0.114E+01  0.806E-12  0.806E-12  0.223E-10  0.147E-11  0.957E-01  0.251E-10  0.395E+01  0.912E+00  0.518E+01  0.000E+00  0.892E+23  0.892E+23  0.205E+23  0.823E+24  0.251E-30  0.000E+00  0.000E+00
 0.190E+01  0.430E+01  0.200E+02  0.660E+01  0.540E+01  0.120E+01 -0.115E+01  0.740E-12  0.740E-12  0.204E-10  0.135E-11  0.960E-01  0.230E-10  0.394E+01  0.913E+00  0.518E+01  0.000E+00  0.819E+23  0.819E+23  0.188E+23  0.752E+24  0.230E-30  0.000E+00  0.000E+00
 0.191E+01  0.430E+01  0.200E+02  0.660E+01  0.540E+01  0.120E+01 -0.117E+01  0.662E-12  0.662E-12  0.186E-10  0.122E-11  0.943E-01  0.210E-10  0.402E+01  0.920E+00  0.528E+01  0.000E+00  0.733E+23  0.733E+23  0.169E+23  0.687E+24  0.210E-30  0.000E+00  0.000E+00
 0.192E+01  0.430E+01  0.200E+02  0.660E+01  0.541E+01  0.119E+01 -0.118E+01  0.602E-12  0.602E-12  0.168E-10  0.110E-11  0.949E-01  0.189E-10  0.399E+01  0.914E+00  0.524E+01  0.000E+00  0.666E+23  0.666E+23  0.153E+23  0.620E+24  0.189E-30  0.000E+00  0.000E+00
 0.193E+01  0.431E+01  0.200E+02  0.660E+01  0.541E+01  0.119E+01 -0.120E+01  0.541E-12  0.541E-12  0.151E-10  0.995E-12  0.948E-01  0.170E-10  0.399E+01  0.920E+00  0.522E+01  0.000E+00  0.599E+23  0.599E+23  0.139E+23  0.558E+24  0.170E-30  0.000E+00  0.000E+00
 0.194E+01  0.431E+01  0.200E+02  0.660E+01  0.542E+01  0.118E+01 -0.121E+01  0.481E-12  0.481E-12  0.133E-10  0.878E-12  0.957E-01  0.150E-10  0.395E+01  0.914E+00  0.519E+01  0.000E+00  0.532E+23  0.532E+23  0.122E+23  0.490E+24  0.150E-30  0.000E+00  0.000E+00
 0.195E+01  0.432E+01  0.200E+02  0.660E+01  0.542E+01  0.118E+01 -0.122E+01  0.420E-12  0.420E-12  0.116E-10  0.761E-12  0.961E-01  0.130E-10  0.393E+01  0.905E+00  0.517E+01  0.000E+00  0.465E+23  0.465E+23  0.106E+23  0.427E+24  0.130E-30  0.000E+00  0.000E+00
 0.196E+01  0.432E+01  0.200E+02  0.660E+01  0.543E+01  0.117E+01 -0.124E+01  0.351E-12  0.351E-12  0.979E-11  0.651E-12  0.949E-01  0.110E-10  0.399E+01  0.928E+00  0.524E+01  0.000E+00  0.388E+23  0.388E+23  0.906E+22  0.361E+24  0.110E-30  0.000E+00  0.000E+00
 0.197E+01  0.432E+01  0.200E+02  0.660E+01  0.543E+01  0.117E+01 -0.125E+01  0.285E-12  0.285E-12  0.796E-11  0.524E-12  0.950E-01  0.896E-11  0.399E+01  0.920E+00  0.524E+01  0.000E+00  0.316E+23  0.316E+23  0.730E+22  0.294E+24  0.896E-31  0.000E+00  0.000E+00
 0.198E+01  0.433E+01  0.200E+02  0.660E+01  0.544E+01  0.116E+01 -0.126E+01  0.224E-12  0.224E-12  0.595E-11  0.379E-12  0.992E-01  0.670E-11  0.380E+01  0.847E+00  0.500E+01  0.000E+00  0.248E+23  0.248E+23  0.527E+22  0.220E+24  0.670E-31  0.000E+00  0.000E+00
 0.199E+01  0.433E+01  0.200E+02  0.660E+01  0.544E+01  0.116E+01 -0.127E+01  0.194E-12  0.194E-12  0.307E-11  0.200E-12  0.156E+00  0.384E-11  0.226E+01  0.515E+00  0.330E+01  0.000E+00  0.215E+23  0.215E+23  0.279E+22  0.113E+24  0.384E-31  0.000E+00  0.000E+00
 0.200E+01  0.433E+01  0.200E+02  0.660E+01  0.545E+01  0.115E+01 -0.129E+01  0.122E-11  0.122E-11  0.124E-10  0.120E-11  0.221E+00  0.118E-10  0.146E+01  0.494E+00  0.162E+01  0.000E+00  0.135E+24  0.135E+24  0.167E+23  0.459E+24  0.118E-30  0.000E+00  0.000E+00
 0.201E+01  0.434E+01  0.200E+02  0.660E+01  0.545E+01  0.115E+01 -0.130E+01  0.844E-13  0.844E-13  0.120E-10  0.115E-11  0.200E-01  0.114E-10  0.203E+02  0.682E+01  0.225E+02  0.000E+00  0.934E+22  0.934E+22  0.160E+23  0.441E+24  0.114E-30  0.000E+00  0.000E+00
 0.202E+01  0.434E+01  0.200E+02  0.660E+01  0.545E+01  0.115E+01 -0.131E+01  0.125E-13  0.125E-13  0.115E-10  0.110E-11  0.314E-02  0.110E-10  0.131E+03  0.440E+02  0.146E+03  0.000E+00  0.139E+22  0.139E+22  0.153E+23  0.425E+24  0.110E-30  0.000E+00  0.000E+00
 0.203E+01  0.435E+01  0.200E+02  0.660E+01  0.546E+01  0.114E+01 -0.132E+01  0.751E-15  0.751E-15  0.111E-10  0.105E-11  0.196E-03  0.105E-10  0.211E+04  0.702E+03  0.234E+04  0.000E+00  0.831E+20  0.831E+20  0.147E+23  0.409E+24  0.105E-30  0.000E+00  0.000E+00
 0.204E+01  0.435E+01  0.200E+02  0.660E+01  0.546E+01  0.114E+01 -0.134E+01  0.160E-16  0.160E-16  0.107E-10  0.101E-11  0.435E-05  0.102E-10  0.952E+05  0.316E+05  0.106E+06  0.000E+00  0.177E+19  0.177E+19  0.141E+23  0.393E+24  0.102E-30  0.000E+00  0.000E+00
 0.205E+01  0.435E+01  0.200E+02  0.660E+01  0.547E+01  0.113E+01 -0.135E+01  0.123E-18  0.123E-18  0.103E-10  0.968E-12  0.347E-07  0.978E-11  0.119E+08  0.393E+07  0.133E+08  0.000E+00  0.136E+17  0.136E+17  0.135E+23  0.379E+24  0.978E-31  0.000E+00  0.000E+00
 0.206E+01  0.436E+01  0.200E+02  0.660E+01  0.547E+01  0.113E+01 -0.136E+01  0.353E-21  0.353E-21  0.989E-11  0.927E-12  0.103E-09  0.942E-11  0.401E+10  0.131E+10  0.445E+10  0.000E+00  0.391E+14  0.391E+14  0.129E+23  0.365E+24  0.942E-31  0.000E+00  0.000E+00
 0.207E+01  0.436E+01  0.200E+02  0.660E+01  0.548E+01  0.112E+01 -0.137E+01  0.459E-24  0.459E-24  0.953E-11  0.889E-12  0.140E-12  0.908E-11  0.297E+13  0.968E+12  0.330E+13  0.000E+00  0.508E+11  0.508E+11  0.124E+23  0.352E+24  0.908E-31  0.000E+00  0.000E+00
 0.208E+01  0.436E+01  0.200E+02  0.660E+01  0.548E+01  0.112E+01 -0.139E+01  0.132E-26  0.132E-26  0.919E-11  0.853E-12  0.416E-15  0.875E-11  0.995E+15  0.323E+15  0.111E+16  0.000E+00  0.146E+09  0.146E+09  0.119E+23  0.339E+24  0.875E-31  0.000E+00  0.000E+00
 0.209E+01  0.437E+01  0.200E+02  0.660E+01  0.549E+01  0.111E+01 -0.140E+01  0.152E-28  0.152E-28  0.886E-11  0.818E-12  0.499E-17  0.844E-11  0.830E+17  0.268E+17  0.923E+17  0.000E+00  0.169E+07  0.169E+07  0.114E+23  0.327E+24  0.844E-31  0.000E+00  0.000E+00
 0.210E+01  0.437E+01  0.200E+02  0.660E+01  0.549E+01  0.111E+01 -0.141E+01  0.197E-30  0.197E-30  0.855E-11  0.785E-12  0.667E-19  0.814E-11  0.621E+19  0.200E+19  0.690E+19  0.000E+00  0.218E+05  0.218E+05  0.109E+23  0.315E+24  0.814E-31  0.000E+00  0.000E+00
