 0.100E+00  0.115E+01  0.836E+01  0.110E+02  0.490E+01  0.610E+01  0.112E+02  0.167E-06  0.167E-06  0.118E-05  0.333E-06  0.277E+00  0.000E+00  0.101E+01  0.999E+00  0.000E+00  0.000E+00  0.212E+29  0.212E+29  0.533E+28  0.501E+29  0.000E+00  0.000E+00  0.000E+00
 0.110E+00  0.121E+01  0.836E+01  0.110E+02  0.516E+01  0.584E+01  0.106E+02  0.177E-06  0.177E-06  0.126E-05  0.356E-06  0.276E+00  0.000E+00  0.102E+01  0.100E+01  0.000E+00  0.000E+00  0.226E+29  0.226E+29  0.570E+28  0.536E+29  0.000E+00  0.000E+00  0.000E+00
 0.120E+00  0.126E+01  0.836E+01  0.110E+02  0.539E+01  0.561E+01  0.101E+02  0.187E-06  0.187E-06  0.134E-05  0.377E-06  0.275E+00  0.000E+00  0.102E+01  0.101E+01  0.000E+00  0.000E+00  0.238E+29  0.238E+29  0.604E+28  0.568E+29  0.000E+00  0.000E+00  0.000E+00
 0.130E+00  0.131E+01  0.836E+01  0.110E+02  0.561E+01  0.539E+01  0.967E+01  0.196E-06  0.196E-06  0.141E-05  0.396E-06  0.275E+00  0.000E+00  0.102E+01  0.101E+01  0.000E+00  0.000E+00  0.250E+29  0.250E+29  0.635E+28  0.597E+29  0.000E+00  0.000E+00  0.000E+00
 0.140E+00  0.136E+01  0.836E+01  0.110E+02  0.582E+01  0.518E+01  0.924E+01  0.205E-06  0.205E-06  0.147E-05  0.414E-06  0.274E+00  0.000E+00  0.103E+01  0.101E+01  0.000E+00  0.000E+00  0.260E+29  0.261E+29  0.663E+28  0.624E+29  0.000E+00  0.000E+00  0.000E+00
 0.150E+00  0.141E+01  0.836E+01  0.110E+02  0.601E+01  0.499E+01  0.885E+01  0.212E-06  0.212E-06  0.153E-05  0.431E-06  0.274E+00  0.000E+00  0.103E+01  0.101E+01  0.000E+00  0.000E+00  0.270E+29  0.270E+29  0.689E+28  0.648E+29  0.000E+00  0.000E+00  0.000E+00
 0.160E+00  0.145E+01  0.836E+01  0.110E+02  0.618E+01  0.482E+01  0.847E+01  0.219E-06  0.219E-06  0.158E-05  0.445E-06  0.274E+00  0.000E+00  0.103E+01  0.102E+01  0.000E+00  0.000E+00  0.279E+29  0.279E+29  0.713E+28  0.669E+29  0.000E+00  0.000E+00  0.000E+00
 0.170E+00  0.148E+01  0.836E+01  0.110E+02  0.635E+01  0.465E+01  0.813E+01  0.225E-06  0.225E-06  0.162E-05  0.458E-06  0.274E+00  0.000E+00  0.103E+01  0.102E+01  0.000E+00  0.000E+00  0.287E+29  0.287E+29  0.734E+28  0.689E+29  0.000E+00  0.000E+00  0.000E+00
 0.180E+00  0.152E+01  0.836E+01  0.110E+02  0.650E+01  0.450E+01  0.781E+01  0.231E-06  0.231E-06  0.166E-05  0.470E-06  0.273E+00  0.000E+00  0.103E+01  0.102E+01  0.000E+00  0.000E+00  0.294E+29  0.294E+29  0.752E+28  0.706E+29  0.000E+00  0.000E+00  0.000E+00
 0.190E+00  0.155E+01  0.836E+01  0.110E+02  0.664E+01  0.436E+01  0.751E+01  0.236E-06  0.236E-06  0.170E-05  0.480E-06  0.273E+00  0.000E+00  0.103E+01  0.102E+01  0.000E+00  0.000E+00  0.300E+29  0.300E+29  0.769E+28  0.721E+29  0.000E+00  0.000E+00  0.000E+00
 0.200E+00  0.159E+01  0.836E+01  0.110E+02  0.678E+01  0.422E+01  0.722E+01  0.240E-06  0.240E-06  0.173E-05  0.489E-06  0.273E+00  0.000E+00  0.103E+01  0.102E+01  0.000E+00  0.000E+00  0.305E+29  0.305E+29  0.783E+28  0.734E+29  0.000E+00  0.000E+00  0.000E+00
 0.210E+00  0.162E+01  0.836E+01  0.110E+02  0.690E+01  0.410E+01  0.696E+01  0.243E-06  0.243E-06  0.175E-05  0.496E-06  0.273E+00  0.000E+00  0.103E+01  0.102E+01  0.000E+00  0.000E+00  0.310E+29  0.310E+29  0.795E+28  0.745E+29  0.000E+00  0.000E+00  0.000E+00
 0.220E+00  0.164E+01  0.836E+01  0.110E+02  0.702E+01  0.398E+01  0.670E+01  0.246E-06  0.246E-06  0.178E-05  0.503E-06  0.273E+00  0.000E+00  0.103E+01  0.102E+01  0.000E+00  0.000E+00  0.313E+29  0.313E+29  0.805E+28  0.754E+29  0.000E+00  0.000E+00  0.000E+00
 0.230E+00  0.167E+01  0.836E+01  0.110E+02  0.713E+01  0.387E+01  0.647E+01  0.248E-06  0.248E-06  0.179E-05  0.507E-06  0.273E+00  0.000E+00  0.103E+01  0.102E+01  0.000E+00  0.000E+00  0.316E+29  0.316E+29  0.813E+28  0.761E+29  0.000E+00  0.000E+00  0.000E+00
 0.240E+00  0.169E+01  0.836E+01  0.110E+02  0.724E+01  0.376E+01  0.624E+01  0.250E-06  0.250E-06  0.181E-05  0.511E-06  0.273E+00  0.000E+00  0.103E+01  0.102E+01  0.000E+00  0.000E+00  0.318E+29  0.318E+29  0.819E+28  0.767E+29  0.000E+00  0.000E+00  0.000E+00
 0.250E+00  0.172E+01  0.836E+01  0.110E+02  0.734E+01  0.366E+01  0.603E+01  0.251E-06  0.251E-06  0.182E-05  0.514E-06  0.273E+00  0.000E+00  0.103E+01  0.102E+01  0.000E+00  0.000E+00  0.320E+29  0.320E+29  0.823E+28  0.771E+29  0.000E+00  0.000E+00  0.000E+00
 0.260E+00  0.174E+01  0.836E+01  0.110E+02  0.743E+01  0.357E+01  0.583E+01  0.252E-06  0.252E-06  0.182E-05  0.516E-06  0.273E+00  0.000E+00  0.103E+01  0.102E+01  0.000E+00  0.000E+00  0.321E+29  0.321E+29  0.826E+28  0.774E+29  0.000E+00  0.000E+00  0.000E+00
 0.270E+00  0.176E+01  0.836E+01  0.110E+02  0.752E+01  0.348E+01  0.564E+01  0.252E-06  0.252E-06  0.183E-05  0.517E-06  0.272E+00  0.000E+00  0.103E+01  0.102E+01  0.000E+00  0.000E+00  0.321E+29  0.321E+29  0.828E+28  0.776E+29  0.000E+00  0.000E+00  0.000E+00
 0.280E+00  0.178E+01  0.836E+01  0.110E+02  0.761E+01  0.339E+01  0.546E+01  0.252E-06  0.252E-06  0.183E-05  0.517E-06  0.272E+00  0.000E+00  0.104E+01  0.103E+01  0.000E+00  0.000E+00  0.321E+29  0.321E+29  0.829E+28  0.776E+29  0.000E+00  0.000E+00  0.000E+00
 0.290E+00  0.180E+01  0.836E+01  0.110E+02  0.769E+01  0.331E+01  0.529E+01  0.252E-06  0.252E-06  0.183E-05  0.517E-06  0.272E+00  0.000E+00  0.104E+01  0.103E+01  0.000E+00  0.000E+00  0.320E+29  0.320E+29  0.828E+28  0.776E+29  0.000E+00  0.000E+00  0.000E+00
 0.300E+00  0.182E+01  0.836E+01  0.110E+02  0.777E+01  0.323E+01  0.512E+01  0.251E-06  0.251E-06  0.182E-05  0.516E-06  0.271E+00  0.000E+00  0.104E+01  0.103E+01  0.000E+00  0.000E+00  0.319E+29  0.319E+29  0.827E+28  0.774E+29  0.000E+00  0.000E+00  0.000E+00
 0.310E+00  0.184E+01  0.836E+01  0.110E+02  0.784E+01  0.316E+01  0.497E+01  0.250E-06  0.249E-06  0.182E-05  0.515E-06  0.271E+00  0.000E+00  0.104E+01  0.103E+01  0.000E+00  0.000E+00  0.318E+29  0.318E+29  0.824E+28  0.772E+29  0.000E+00  0.000E+00  0.000E+00
 0.320E+00  0.185E+01  0.836E+01  0.110E+02  0.792E+01  0.308E+01  0.482E+01  0.248E-06  0.248E-06  0.181E-05  0.513E-06  0.271E+00  0.000E+00  0.104E+01  0.103E+01  0.000E+00  0.000E+00  0.316E+29  0.316E+29  0.821E+28  0.769E+29  0.000E+00  0.000E+00  0.000E+00
 0.330E+00  0.187E+01  0.836E+01  0.110E+02  0.798E+01  0.302E+01  0.467E+01  0.248E-06  0.248E-06  0.180E-05  0.511E-06  0.272E+00  0.000E+00  0.104E+01  0.103E+01  0.000E+00  0.000E+00  0.316E+29  0.316E+29  0.818E+28  0.764E+29  0.000E+00  0.000E+00  0.000E+00
 0.340E+00  0.188E+01  0.836E+01  0.110E+02  0.805E+01  0.295E+01  0.454E+01  0.247E-06  0.247E-06  0.179E-05  0.508E-06  0.272E+00  0.000E+00  0.103E+01  0.103E+01  0.000E+00  0.000E+00  0.315E+29  0.315E+29  0.813E+28  0.760E+29  0.000E+00  0.000E+00  0.000E+00
 0.350E+00  0.190E+01  0.836E+01  0.110E+02  0.811E+01  0.289E+01  0.440E+01  0.245E-06  0.245E-06  0.178E-05  0.505E-06  0.272E+00  0.000E+00  0.104E+01  0.103E+01  0.000E+00  0.000E+00  0.312E+29  0.311E+29  0.808E+28  0.754E+29  0.000E+00  0.000E+00  0.000E+00
 0.360E+00  0.191E+01  0.836E+01  0.110E+02  0.817E+01  0.283E+01  0.428E+01  0.242E-06  0.242E-06  0.176E-05  0.501E-06  0.271E+00  0.000E+00  0.104E+01  0.104E+01  0.000E+00  0.000E+00  0.308E+29  0.308E+29  0.802E+28  0.748E+29  0.000E+00  0.000E+00  0.000E+00
 0.370E+00  0.193E+01  0.836E+01  0.110E+02  0.823E+01  0.277E+01  0.416E+01  0.240E-06  0.240E-06  0.175E-05  0.497E-06  0.271E+00  0.000E+00  0.104E+01  0.104E+01  0.000E+00  0.000E+00  0.305E+29  0.305E+29  0.796E+28  0.741E+29  0.000E+00  0.000E+00  0.000E+00
 0.380E+00  0.194E+01  0.836E+01  0.110E+02  0.828E+01  0.272E+01  0.404E+01  0.238E-06  0.238E-06  0.173E-05  0.493E-06  0.271E+00  0.000E+00  0.104E+01  0.104E+01  0.000E+00  0.000E+00  0.303E+29  0.303E+29  0.789E+28  0.734E+29  0.000E+00  0.000E+00  0.000E+00
 0.390E+00  0.195E+01  0.836E+01  0.110E+02  0.834E+01  0.266E+01  0.393E+01  0.236E-06  0.236E-06  0.171E-05  0.488E-06  0.272E+00  0.000E+00  0.103E+01  0.103E+01  0.000E+00  0.000E+00  0.301E+29  0.301E+29  0.782E+28  0.726E+29  0.000E+00  0.000E+00  0.000E+00
 0.400E+00  0.196E+01  0.836E+01  0.110E+02  0.839E+01  0.261E+01  0.382E+01  0.235E-06  0.235E-06  0.169E-05  0.484E-06  0.273E+00  0.000E+00  0.103E+01  0.103E+01  0.000E+00  0.000E+00  0.299E+29  0.299E+29  0.774E+28  0.717E+29  0.000E+00  0.000E+00  0.000E+00
 0.410E+00  0.197E+01  0.836E+01  0.110E+02  0.843E+01  0.257E+01  0.372E+01  0.232E-06  0.232E-06  0.167E-05  0.479E-06  0.274E+00  0.000E+00  0.103E+01  0.103E+01  0.000E+00  0.000E+00  0.296E+29  0.296E+29  0.766E+28  0.708E+29  0.000E+00  0.000E+00  0.000E+00
 0.420E+00  0.198E+01  0.836E+01  0.110E+02  0.848E+01  0.252E+01  0.362E+01  0.228E-06  0.228E-06  0.165E-05  0.473E-06  0.273E+00  0.000E+00  0.103E+01  0.104E+01  0.000E+00  0.000E+00  0.291E+29  0.290E+29  0.758E+28  0.699E+29  0.000E+00  0.000E+00  0.000E+00
 0.430E+00  0.200E+01  0.836E+01  0.110E+02  0.853E+01  0.247E+01  0.353E+01  0.225E-06  0.225E-06  0.162E-05  0.468E-06  0.273E+00  0.000E+00  0.103E+01  0.104E+01  0.000E+00  0.000E+00  0.287E+29  0.287E+29  0.749E+28  0.690E+29  0.000E+00  0.000E+00  0.000E+00
 0.440E+00  0.201E+01  0.836E+01  0.110E+02  0.857E+01  0.243E+01  0.343E+01  0.223E-06  0.222E-06  0.160E-05  0.463E-06  0.273E+00  0.000E+00  0.103E+01  0.104E+01  0.000E+00  0.000E+00  0.284E+29  0.283E+29  0.741E+28  0.680E+29  0.000E+00  0.000E+00  0.000E+00
 0.450E+00  0.202E+01  0.836E+01  0.110E+02  0.861E+01  0.239E+01  0.334E+01  0.220E-06  0.220E-06  0.158E-05  0.457E-06  0.274E+00  0.000E+00  0.103E+01  0.104E+01  0.000E+00  0.000E+00  0.280E+29  0.280E+29  0.732E+28  0.669E+29  0.000E+00  0.000E+00  0.000E+00
 0.460E+00  0.203E+01  0.836E+01  0.110E+02  0.865E+01  0.235E+01  0.326E+01  0.219E-06  0.218E-06  0.155E-05  0.451E-06  0.276E+00  0.000E+00  0.102E+01  0.103E+01  0.000E+00  0.000E+00  0.278E+29  0.278E+29  0.722E+28  0.659E+29  0.000E+00  0.000E+00  0.000E+00
 0.470E+00  0.203E+01  0.836E+01  0.110E+02  0.869E+01  0.231E+01  0.317E+01  0.218E-06  0.218E-06  0.153E-05  0.445E-06  0.279E+00  0.000E+00  0.999E+00  0.102E+01  0.000E+00  0.000E+00  0.278E+29  0.278E+29  0.712E+28  0.648E+29  0.000E+00  0.000E+00  0.000E+00
 0.480E+00  0.204E+01  0.836E+01  0.110E+02  0.873E+01  0.227E+01  0.309E+01  0.219E-06  0.219E-06  0.150E-05  0.438E-06  0.283E+00  0.000E+00  0.978E+00  0.999E+00  0.000E+00  0.000E+00  0.279E+29  0.279E+29  0.701E+28  0.636E+29  0.000E+00  0.000E+00  0.000E+00
 0.490E+00  0.205E+01  0.836E+01  0.110E+02  0.877E+01  0.223E+01  0.302E+01  0.220E-06  0.220E-06  0.147E-05  0.431E-06  0.288E+00  0.000E+00  0.954E+00  0.978E+00  0.000E+00  0.000E+00  0.281E+29  0.280E+29  0.690E+28  0.624E+29  0.000E+00  0.000E+00  0.000E+00
 0.500E+00  0.206E+01  0.836E+01  0.110E+02  0.880E+01  0.220E+01  0.294E+01  0.221E-06  0.221E-06  0.144E-05  0.423E-06  0.293E+00  0.000E+00  0.933E+00  0.958E+00  0.000E+00  0.000E+00  0.281E+29  0.281E+29  0.678E+28  0.612E+29  0.000E+00  0.000E+00  0.000E+00
 0.510E+00  0.207E+01  0.836E+01  0.110E+02  0.884E+01  0.216E+01  0.287E+01  0.219E-06  0.219E-06  0.141E-05  0.415E-06  0.295E+00  0.000E+00  0.920E+00  0.946E+00  0.000E+00  0.000E+00  0.279E+29  0.279E+29  0.664E+28  0.599E+29  0.000E+00  0.000E+00  0.000E+00
 0.520E+00  0.208E+01  0.836E+01  0.110E+02  0.887E+01  0.213E+01  0.280E+01  0.215E-06  0.214E-06  0.138E-05  0.406E-06  0.295E+00  0.000E+00  0.920E+00  0.947E+00  0.000E+00  0.000E+00  0.273E+29  0.273E+29  0.650E+28  0.586E+29  0.000E+00  0.000E+00  0.000E+00
 0.530E+00  0.208E+01  0.836E+01  0.110E+02  0.890E+01  0.210E+01  0.273E+01  0.205E-06  0.205E-06  0.135E-05  0.397E-06  0.291E+00  0.000E+00  0.938E+00  0.967E+00  0.000E+00  0.000E+00  0.262E+29  0.261E+29  0.636E+28  0.572E+29  0.000E+00  0.000E+00  0.000E+00
 0.540E+00  0.209E+01  0.836E+01  0.110E+02  0.894E+01  0.206E+01  0.266E+01  0.195E-06  0.195E-06  0.131E-05  0.387E-06  0.286E+00  0.000E+00  0.965E+00  0.995E+00  0.000E+00  0.000E+00  0.248E+29  0.248E+29  0.620E+28  0.558E+29  0.000E+00  0.000E+00  0.000E+00
 0.550E+00  0.210E+01  0.836E+01  0.110E+02  0.897E+01  0.203E+01  0.260E+01  0.187E-06  0.186E-06  0.128E-05  0.377E-06  0.282E+00  0.000E+00  0.982E+00  0.101E+01  0.000E+00  0.000E+00  0.237E+29  0.237E+29  0.604E+28  0.543E+29  0.000E+00  0.000E+00  0.000E+00
 0.560E+00  0.211E+01  0.836E+01  0.110E+02  0.900E+01  0.200E+01  0.253E+01  0.180E-06  0.180E-06  0.125E-05  0.367E-06  0.281E+00  0.000E+00  0.989E+00  0.102E+01  0.000E+00  0.000E+00  0.229E+29  0.229E+29  0.588E+28  0.529E+29  0.000E+00  0.000E+00  0.000E+00
 0.570E+00  0.211E+01  0.836E+01  0.110E+02  0.903E+01  0.197E+01  0.247E+01  0.176E-06  0.176E-06  0.121E-05  0.357E-06  0.282E+00  0.000E+00  0.984E+00  0.101E+01  0.000E+00  0.000E+00  0.224E+29  0.224E+29  0.571E+28  0.514E+29  0.000E+00  0.000E+00  0.000E+00
 0.580E+00  0.212E+01  0.836E+01  0.110E+02  0.905E+01  0.195E+01  0.241E+01  0.174E-06  0.174E-06  0.117E-05  0.346E-06  0.285E+00  0.000E+00  0.965E+00  0.995E+00  0.000E+00  0.000E+00  0.222E+29  0.221E+29  0.554E+28  0.499E+29  0.000E+00  0.000E+00  0.000E+00
 0.590E+00  0.212E+01  0.836E+01  0.110E+02  0.908E+01  0.192E+01  0.236E+01  0.172E-06  0.172E-06  0.114E-05  0.335E-06  0.290E+00  0.000E+00  0.944E+00  0.973E+00  0.000E+00  0.000E+00  0.220E+29  0.219E+29  0.537E+28  0.483E+29  0.000E+00  0.000E+00  0.000E+00
 0.600E+00  0.213E+01  0.836E+01  0.110E+02  0.911E+01  0.189E+01  0.230E+01  0.169E-06  0.169E-06  0.110E-05  0.324E-06  0.292E+00  0.000E+00  0.933E+00  0.961E+00  0.000E+00  0.000E+00  0.215E+29  0.215E+29  0.520E+28  0.468E+29  0.000E+00  0.000E+00  0.000E+00
 0.610E+00  0.214E+01  0.836E+01  0.110E+02  0.913E+01  0.187E+01  0.225E+01  0.164E-06  0.163E-06  0.107E-05  0.314E-06  0.292E+00  0.000E+00  0.933E+00  0.961E+00  0.000E+00  0.000E+00  0.208E+29  0.208E+29  0.503E+28  0.453E+29  0.000E+00  0.000E+00  0.000E+00
 0.620E+00  0.214E+01  0.836E+01  0.110E+02  0.916E+01  0.184E+01  0.219E+01  0.156E-06  0.156E-06  0.103E-05  0.303E-06  0.290E+00  0.000E+00  0.943E+00  0.971E+00  0.000E+00  0.000E+00  0.199E+29  0.199E+29  0.486E+28  0.438E+29  0.000E+00  0.000E+00  0.000E+00
 0.630E+00  0.215E+01  0.836E+01  0.110E+02  0.918E+01  0.182E+01  0.214E+01  0.148E-06  0.148E-06  0.998E-06  0.293E-06  0.286E+00  0.000E+00  0.961E+00  0.989E+00  0.000E+00  0.000E+00  0.189E+29  0.189E+29  0.470E+28  0.424E+29  0.000E+00  0.000E+00  0.000E+00
 0.640E+00  0.215E+01  0.836E+01  0.110E+02  0.921E+01  0.179E+01  0.209E+01  0.140E-06  0.140E-06  0.964E-06  0.283E-06  0.282E+00  0.000E+00  0.983E+00  0.101E+01  0.000E+00  0.000E+00  0.178E+29  0.178E+29  0.454E+28  0.409E+29  0.000E+00  0.000E+00  0.000E+00
 0.650E+00  0.216E+01  0.836E+01  0.110E+02  0.923E+01  0.177E+01  0.204E+01  0.133E-06  0.133E-06  0.931E-06  0.274E-06  0.278E+00  0.000E+00  0.100E+01  0.103E+01  0.000E+00  0.000E+00  0.169E+29  0.169E+29  0.438E+28  0.395E+29  0.000E+00  0.000E+00  0.000E+00
 0.660E+00  0.216E+01  0.836E+01  0.110E+02  0.925E+01  0.175E+01  0.200E+01  0.126E-06  0.126E-06  0.899E-06  0.265E-06  0.275E+00  0.000E+00  0.102E+01  0.105E+01  0.000E+00  0.000E+00  0.161E+29  0.161E+29  0.424E+28  0.382E+29  0.000E+00  0.000E+00  0.000E+00
 0.670E+00  0.217E+01  0.836E+01  0.110E+02  0.927E+01  0.173E+01  0.195E+01  0.121E-06  0.120E-06  0.869E-06  0.256E-06  0.273E+00  0.000E+00  0.103E+01  0.106E+01  0.000E+00  0.000E+00  0.154E+29  0.153E+29  0.409E+28  0.369E+29  0.000E+00  0.000E+00  0.000E+00
 0.680E+00  0.218E+01  0.836E+01  0.110E+02  0.930E+01  0.170E+01  0.190E+01  0.116E-06  0.116E-06  0.839E-06  0.247E-06  0.271E+00  0.000E+00  0.104E+01  0.107E+01  0.000E+00  0.000E+00  0.147E+29  0.147E+29  0.395E+28  0.356E+29  0.000E+00  0.000E+00  0.000E+00
 0.690E+00  0.218E+01  0.836E+01  0.110E+02  0.932E+01  0.168E+01  0.186E+01  0.112E-06  0.112E-06  0.811E-06  0.239E-06  0.271E+00  0.000E+00  0.104E+01  0.107E+01  0.000E+00  0.000E+00  0.142E+29  0.142E+29  0.382E+28  0.344E+29  0.000E+00  0.000E+00  0.000E+00
 0.700E+00  0.218E+01  0.836E+01  0.110E+02  0.934E+01  0.166E+01  0.182E+01  0.110E-06  0.109E-06  0.784E-06  0.231E-06  0.274E+00  0.000E+00  0.102E+01  0.106E+01  0.000E+00  0.000E+00  0.139E+29  0.139E+29  0.370E+28  0.333E+29  0.000E+00  0.000E+00  0.000E+00
 0.710E+00  0.219E+01  0.836E+01  0.110E+02  0.936E+01  0.164E+01  0.177E+01  0.108E-06  0.108E-06  0.759E-06  0.223E-06  0.277E+00  0.000E+00  0.101E+01  0.104E+01  0.000E+00  0.000E+00  0.137E+29  0.137E+29  0.358E+28  0.322E+29  0.000E+00  0.000E+00  0.000E+00
 0.720E+00  0.219E+01  0.836E+01  0.110E+02  0.938E+01  0.162E+01  0.173E+01  0.106E-06  0.106E-06  0.735E-06  0.216E-06  0.280E+00  0.000E+00  0.992E+00  0.102E+01  0.000E+00  0.000E+00  0.135E+29  0.135E+29  0.346E+28  0.312E+29  0.000E+00  0.000E+00  0.000E+00
 0.730E+00  0.220E+01  0.836E+01  0.110E+02  0.940E+01  0.160E+01  0.169E+01  0.104E-06  0.104E-06  0.712E-06  0.209E-06  0.283E+00  0.000E+00  0.976E+00  0.100E+01  0.000E+00  0.000E+00  0.133E+29  0.133E+29  0.335E+28  0.302E+29  0.000E+00  0.000E+00  0.000E+00
 0.740E+00  0.220E+01  0.836E+01  0.110E+02  0.941E+01  0.159E+01  0.165E+01  0.103E-06  0.103E-06  0.689E-06  0.202E-06  0.288E+00  0.000E+00  0.953E+00  0.979E+00  0.000E+00  0.000E+00  0.132E+29  0.132E+29  0.324E+28  0.292E+29  0.000E+00  0.000E+00  0.000E+00
 0.750E+00  0.221E+01  0.836E+01  0.110E+02  0.943E+01  0.157E+01  0.162E+01  0.102E-06  0.102E-06  0.667E-06  0.196E-06  0.293E+00  0.000E+00  0.931E+00  0.955E+00  0.000E+00  0.000E+00  0.130E+29  0.130E+29  0.313E+28  0.283E+29  0.000E+00  0.000E+00  0.000E+00
 0.760E+00  0.221E+01  0.836E+01  0.110E+02  0.945E+01  0.155E+01  0.158E+01  0.102E-06  0.102E-06  0.647E-06  0.190E-06  0.298E+00  0.000E+00  0.909E+00  0.932E+00  0.000E+00  0.000E+00  0.129E+29  0.130E+29  0.304E+28  0.275E+29  0.000E+00  0.000E+00  0.000E+00
 0.770E+00  0.222E+01  0.836E+01  0.110E+02  0.947E+01  0.153E+01  0.154E+01  0.100E-06  0.100E-06  0.628E-06  0.184E-06  0.302E+00  0.000E+00  0.893E+00  0.915E+00  0.000E+00  0.000E+00  0.128E+29  0.128E+29  0.294E+28  0.266E+29  0.000E+00  0.000E+00  0.000E+00
 0.780E+00  0.222E+01  0.836E+01  0.110E+02  0.948E+01  0.152E+01  0.151E+01  0.976E-07  0.978E-07  0.609E-06  0.178E-06  0.303E+00  0.000E+00  0.889E+00  0.909E+00  0.000E+00  0.000E+00  0.124E+29  0.124E+29  0.285E+28  0.258E+29  0.000E+00  0.000E+00  0.000E+00
 0.790E+00  0.222E+01  0.836E+01  0.110E+02  0.950E+01  0.150E+01  0.147E+01  0.937E-07  0.940E-07  0.591E-06  0.172E-06  0.301E+00  0.000E+00  0.898E+00  0.916E+00  0.000E+00  0.000E+00  0.119E+29  0.120E+29  0.276E+28  0.251E+29  0.000E+00  0.000E+00  0.000E+00
 0.800E+00  0.223E+01  0.836E+01  0.110E+02  0.952E+01  0.148E+01  0.144E+01  0.886E-07  0.890E-07  0.574E-06  0.167E-06  0.295E+00  0.000E+00  0.922E+00  0.940E+00  0.000E+00  0.000E+00  0.113E+29  0.113E+29  0.268E+28  0.244E+29  0.000E+00  0.000E+00  0.000E+00
 0.810E+00  0.223E+01  0.836E+01  0.110E+02  0.953E+01  0.147E+01  0.140E+01  0.825E-07  0.829E-07  0.558E-06  0.162E-06  0.286E+00  0.000E+00  0.962E+00  0.979E+00  0.000E+00  0.000E+00  0.105E+29  0.106E+29  0.260E+28  0.237E+29  0.000E+00  0.000E+00  0.000E+00
 0.820E+00  0.223E+01  0.836E+01  0.110E+02  0.955E+01  0.145E+01  0.137E+01  0.757E-07  0.762E-07  0.543E-06  0.158E-06  0.275E+00  0.000E+00  0.102E+01  0.103E+01  0.000E+00  0.000E+00  0.964E+28  0.970E+28  0.252E+28  0.230E+29  0.000E+00  0.000E+00  0.000E+00
 0.830E+00  0.224E+01  0.836E+01  0.110E+02  0.956E+01  0.144E+01  0.134E+01  0.693E-07  0.697E-07  0.529E-06  0.153E-06  0.263E+00  0.000E+00  0.108E+01  0.110E+01  0.000E+00  0.000E+00  0.882E+28  0.888E+28  0.245E+28  0.225E+29  0.000E+00  0.000E+00  0.000E+00
 0.840E+00  0.224E+01  0.836E+01  0.110E+02  0.958E+01  0.142E+01  0.131E+01  0.629E-07  0.633E-07  0.516E-06  0.149E-06  0.249E+00  0.000E+00  0.116E+01  0.118E+01  0.000E+00  0.000E+00  0.801E+28  0.806E+28  0.239E+28  0.219E+29  0.000E+00  0.000E+00  0.000E+00
 0.850E+00  0.224E+01  0.836E+01  0.110E+02  0.959E+01  0.141E+01  0.128E+01  0.582E-07  0.586E-07  0.503E-06  0.145E-06  0.240E+00  0.000E+00  0.123E+01  0.124E+01  0.000E+00  0.000E+00  0.741E+28  0.747E+28  0.233E+28  0.214E+29  0.000E+00  0.000E+00  0.000E+00
 0.860E+00  0.225E+01  0.836E+01  0.110E+02  0.961E+01  0.139E+01  0.125E+01  0.540E-07  0.545E-07  0.492E-06  0.142E-06  0.231E+00  0.000E+00  0.129E+01  0.130E+01  0.000E+00  0.000E+00  0.688E+28  0.693E+28  0.227E+28  0.209E+29  0.000E+00  0.000E+00  0.000E+00
 0.870E+00  0.225E+01  0.836E+01  0.110E+02  0.962E+01  0.138E+01  0.122E+01  0.517E-07  0.521E-07  0.480E-06  0.138E-06  0.227E+00  0.000E+00  0.132E+01  0.133E+01  0.000E+00  0.000E+00  0.658E+28  0.664E+28  0.222E+28  0.204E+29  0.000E+00  0.000E+00  0.000E+00
 0.880E+00  0.225E+01  0.836E+01  0.110E+02  0.963E+01  0.137E+01  0.119E+01  0.505E-07  0.509E-07  0.470E-06  0.135E-06  0.227E+00  0.000E+00  0.132E+01  0.133E+01  0.000E+00  0.000E+00  0.643E+28  0.648E+28  0.217E+28  0.199E+29  0.000E+00  0.000E+00  0.000E+00
 0.890E+00  0.226E+01  0.836E+01  0.110E+02  0.965E+01  0.135E+01  0.116E+01  0.506E-07  0.511E-07  0.460E-06  0.133E-06  0.231E+00  0.000E+00  0.129E+01  0.130E+01  0.000E+00  0.000E+00  0.645E+28  0.651E+28  0.212E+28  0.195E+29  0.000E+00  0.000E+00  0.000E+00
 0.900E+00  0.226E+01  0.836E+01  0.110E+02  0.966E+01  0.134E+01  0.113E+01  0.535E-07  0.540E-07  0.451E-06  0.130E-06  0.245E+00  0.000E+00  0.119E+01  0.120E+01  0.000E+00  0.000E+00  0.681E+28  0.688E+28  0.208E+28  0.191E+29  0.000E+00  0.000E+00  0.000E+00
 0.910E+00  0.226E+01  0.836E+01  0.110E+02  0.967E+01  0.133E+01  0.110E+01  0.563E-07  0.568E-07  0.442E-06  0.128E-06  0.258E+00  0.000E+00  0.111E+01  0.112E+01  0.000E+00  0.000E+00  0.717E+28  0.723E+28  0.204E+28  0.188E+29  0.000E+00  0.000E+00  0.000E+00
 0.920E+00  0.227E+01  0.836E+01  0.110E+02  0.969E+01  0.131E+01  0.108E+01  0.614E-07  0.619E-07  0.433E-06  0.125E-06  0.279E+00  0.000E+00  0.999E+00  0.101E+01  0.000E+00  0.000E+00  0.782E+28  0.788E+28  0.201E+28  0.184E+29  0.000E+00  0.000E+00  0.000E+00
 0.930E+00  0.227E+01  0.836E+01  0.110E+02  0.970E+01  0.130E+01  0.105E+01  0.703E-07  0.709E-07  0.424E-06  0.123E-06  0.311E+00  0.000E+00  0.855E+00  0.870E+00  0.000E+00  0.000E+00  0.896E+28  0.903E+28  0.198E+28  0.180E+29  0.000E+00  0.000E+00  0.000E+00
 0.940E+00  0.227E+01  0.836E+01  0.110E+02  0.971E+01  0.129E+01  0.103E+01  0.791E-07  0.797E-07  0.416E-06  0.121E-06  0.341E+00  0.000E+00  0.746E+00  0.761E+00  0.000E+00  0.000E+00  0.101E+29  0.101E+29  0.194E+28  0.177E+29  0.000E+00  0.000E+00  0.000E+00
 0.950E+00  0.228E+01  0.836E+01  0.110E+02  0.972E+01  0.128E+01  0.100E+01  0.894E-07  0.900E-07  0.408E-06  0.119E-06  0.374E+00  0.000E+00  0.647E+00  0.663E+00  0.000E+00  0.000E+00  0.114E+29  0.115E+29  0.191E+28  0.173E+29  0.000E+00  0.000E+00  0.000E+00
 0.960E+00  0.228E+01  0.836E+01  0.110E+02  0.974E+01  0.126E+01  0.975E+00  0.999E-07  0.100E-06  0.399E-06  0.117E-06  0.404E+00  0.000E+00  0.568E+00  0.584E+00  0.000E+00  0.000E+00  0.127E+29  0.128E+29  0.188E+28  0.170E+29  0.000E+00  0.000E+00  0.000E+00
 0.970E+00  0.228E+01  0.836E+01  0.110E+02  0.975E+01  0.125E+01  0.951E+00  0.109E-06  0.109E-06  0.391E-06  0.115E-06  0.430E+00  0.000E+00  0.510E+00  0.527E+00  0.000E+00  0.000E+00  0.139E+29  0.139E+29  0.185E+28  0.166E+29  0.000E+00  0.000E+00  0.000E+00
 0.980E+00  0.228E+01  0.836E+01  0.110E+02  0.976E+01  0.124E+01  0.927E+00  0.118E-06  0.118E-06  0.382E-06  0.113E-06  0.455E+00  0.000E+00  0.462E+00  0.478E+00  0.000E+00  0.000E+00  0.150E+29  0.151E+29  0.181E+28  0.162E+29  0.000E+00  0.000E+00  0.000E+00
 0.990E+00  0.229E+01  0.836E+01  0.110E+02  0.977E+01  0.123E+01  0.903E+00  0.123E-06  0.123E-06  0.374E-06  0.111E-06  0.471E+00  0.000E+00  0.432E+00  0.448E+00  0.000E+00  0.000E+00  0.157E+29  0.157E+29  0.177E+28  0.159E+29  0.000E+00  0.000E+00  0.000E+00
 0.100E+01  0.229E+01  0.836E+01  0.110E+02  0.978E+01  0.122E+01  0.880E+00  0.124E-06  0.124E-06  0.365E-06  0.108E-06  0.478E+00  0.000E+00  0.421E+00  0.436E+00  0.000E+00  0.000E+00  0.158E+29  0.158E+29  0.173E+28  0.155E+29  0.000E+00  0.000E+00  0.000E+00
 0.101E+01  0.229E+01  0.836E+01  0.110E+02  0.979E+01  0.121E+01  0.858E+00  0.121E-06  0.121E-06  0.355E-06  0.105E-06  0.478E+00  0.000E+00  0.420E+00  0.436E+00  0.000E+00  0.000E+00  0.154E+29  0.154E+29  0.168E+28  0.151E+29  0.000E+00  0.000E+00  0.000E+00
 0.102E+01  0.229E+01  0.836E+01  0.110E+02  0.980E+01  0.120E+01  0.835E+00  0.114E-06  0.114E-06  0.346E-06  0.102E-06  0.471E+00  0.000E+00  0.433E+00  0.448E+00  0.000E+00  0.000E+00  0.146E+29  0.145E+29  0.164E+28  0.147E+29  0.000E+00  0.000E+00  0.000E+00
 0.103E+01  0.230E+01  0.836E+01  0.110E+02  0.981E+01  0.119E+01  0.813E+00  0.104E-06  0.104E-06  0.336E-06  0.989E-07  0.455E+00  0.000E+00  0.462E+00  0.476E+00  0.000E+00  0.000E+00  0.133E+29  0.132E+29  0.158E+28  0.143E+29  0.000E+00  0.000E+00  0.000E+00
 0.104E+01  0.230E+01  0.836E+01  0.110E+02  0.982E+01  0.118E+01  0.792E+00  0.934E-07  0.928E-07  0.326E-06  0.953E-07  0.435E+00  0.000E+00  0.501E+00  0.513E+00  0.000E+00  0.000E+00  0.119E+29  0.118E+29  0.153E+28  0.138E+29  0.000E+00  0.000E+00  0.000E+00
 0.105E+01  0.230E+01  0.836E+01  0.110E+02  0.983E+01  0.117E+01  0.771E+00  0.839E-07  0.833E-07  0.315E-06  0.916E-07  0.417E+00  0.000E+00  0.541E+00  0.550E+00  0.000E+00  0.000E+00  0.107E+29  0.106E+29  0.147E+28  0.134E+29  0.000E+00  0.000E+00  0.000E+00
 0.106E+01  0.230E+01  0.836E+01  0.110E+02  0.984E+01  0.116E+01  0.750E+00  0.728E-07  0.721E-07  0.305E-06  0.877E-07  0.391E+00  0.000E+00  0.603E+00  0.608E+00  0.000E+00  0.000E+00  0.927E+28  0.918E+28  0.140E+28  0.129E+29  0.000E+00  0.000E+00  0.000E+00
 0.107E+01  0.231E+01  0.836E+01  0.110E+02  0.985E+01  0.115E+01  0.730E+00  0.626E-07  0.619E-07  0.294E-06  0.837E-07  0.364E+00  0.000E+00  0.677E+00  0.675E+00  0.000E+00  0.000E+00  0.797E+28  0.789E+28  0.134E+28  0.125E+29  0.000E+00  0.000E+00  0.000E+00
 0.108E+01  0.231E+01  0.836E+01  0.110E+02  0.986E+01  0.114E+01  0.709E+00  0.537E-07  0.531E-07  0.282E-06  0.795E-07  0.338E+00  0.000E+00  0.760E+00  0.749E+00  0.000E+00  0.000E+00  0.684E+28  0.676E+28  0.127E+28  0.120E+29  0.000E+00  0.000E+00  0.000E+00
 0.109E+01  0.231E+01  0.836E+01  0.110E+02  0.987E+01  0.113E+01  0.690E+00  0.455E-07  0.449E-07  0.271E-06  0.753E-07  0.310E+00  0.000E+00  0.863E+00  0.839E+00  0.000E+00  0.000E+00  0.579E+28  0.572E+28  0.121E+28  0.115E+29  0.000E+00  0.000E+00  0.000E+00
 0.110E+01  0.231E+01  0.836E+01  0.110E+02  0.988E+01  0.112E+01  0.670E+00  0.403E-07  0.397E-07  0.260E-06  0.711E-07  0.293E+00  0.000E+00  0.936E+00  0.896E+00  0.000E+00  0.000E+00  0.513E+28  0.506E+28  0.114E+28  0.110E+29  0.000E+00  0.000E+00  0.000E+00
 0.111E+01  0.231E+01  0.836E+01  0.110E+02  0.989E+01  0.111E+01  0.651E+00  0.342E-07  0.336E-07  0.249E-06  0.670E-07  0.269E+00  0.000E+00  0.106E+01  0.996E+00  0.000E+00  0.000E+00  0.436E+28  0.428E+28  0.107E+28  0.106E+29  0.000E+00  0.000E+00  0.000E+00
 0.112E+01  0.232E+01  0.836E+01  0.110E+02  0.990E+01  0.110E+01  0.632E+00  0.303E-07  0.297E-07  0.238E-06  0.629E-07  0.254E+00  0.000E+00  0.114E+01  0.106E+01  0.000E+00  0.000E+00  0.385E+28  0.378E+28  0.101E+28  0.101E+29  0.000E+00  0.000E+00  0.000E+00
 0.113E+01  0.232E+01  0.836E+01  0.110E+02  0.991E+01  0.109E+01  0.614E+00  0.258E-07  0.253E-07  0.227E-06  0.590E-07  0.234E+00  0.000E+00  0.128E+01  0.116E+01  0.000E+00  0.000E+00  0.329E+28  0.323E+28  0.944E+27  0.963E+28  0.000E+00  0.000E+00  0.000E+00
 0.114E+01  0.232E+01  0.836E+01  0.110E+02  0.992E+01  0.108E+01  0.595E+00  0.228E-07  0.224E-07  0.216E-06  0.551E-07  0.221E+00  0.000E+00  0.138E+01  0.123E+01  0.000E+00  0.000E+00  0.291E+28  0.285E+28  0.883E+27  0.917E+28  0.000E+00  0.000E+00  0.000E+00
 0.115E+01  0.232E+01  0.836E+01  0.110E+02  0.992E+01  0.108E+01  0.577E+00  0.197E-07  0.192E-07  0.206E-06  0.515E-07  0.204E+00  0.000E+00  0.153E+01  0.134E+01  0.000E+00  0.000E+00  0.251E+28  0.245E+28  0.825E+27  0.873E+28  0.000E+00  0.000E+00  0.000E+00
 0.116E+01  0.232E+01  0.836E+01  0.110E+02  0.993E+01  0.107E+01  0.560E+00  0.174E-07  0.170E-07  0.196E-06  0.480E-07  0.193E+00  0.000E+00  0.164E+01  0.141E+01  0.000E+00  0.000E+00  0.222E+28  0.217E+28  0.769E+27  0.831E+28  0.000E+00  0.000E+00  0.000E+00
 0.117E+01  0.233E+01  0.836E+01  0.110E+02  0.994E+01  0.106E+01  0.542E+00  0.151E-07  0.148E-07  0.186E-06  0.448E-07  0.179E+00  0.000E+00  0.180E+01  0.152E+01  0.000E+00  0.000E+00  0.193E+28  0.188E+28  0.717E+27  0.790E+28  0.000E+00  0.000E+00  0.000E+00
 0.118E+01  0.233E+01  0.836E+01  0.110E+02  0.995E+01  0.105E+01  0.525E+00  0.130E-07  0.127E-07  0.177E-06  0.417E-07  0.165E+00  0.000E+00  0.199E+01  0.164E+01  0.000E+00  0.000E+00  0.166E+28  0.162E+28  0.668E+27  0.751E+28  0.000E+00  0.000E+00  0.000E+00
 0.119E+01  0.233E+01  0.836E+01  0.110E+02  0.996E+01  0.104E+01  0.508E+00  0.115E-07  0.111E-07  0.168E-06  0.388E-07  0.155E+00  0.000E+00  0.215E+01  0.174E+01  0.000E+00  0.000E+00  0.146E+28  0.142E+28  0.622E+27  0.713E+28  0.000E+00  0.000E+00  0.000E+00
 0.120E+01  0.233E+01  0.836E+01  0.110E+02  0.996E+01  0.104E+01  0.492E+00  0.102E-07  0.991E-08  0.160E-06  0.362E-07  0.147E+00  0.000E+00  0.230E+01  0.182E+01  0.000E+00  0.000E+00  0.130E+28  0.126E+28  0.579E+27  0.677E+28  0.000E+00  0.000E+00  0.000E+00
 0.121E+01  0.233E+01  0.836E+01  0.110E+02  0.997E+01  0.103E+01  0.475E+00  0.921E-08  0.892E-08  0.152E-06  0.337E-07  0.140E+00  0.000E+00  0.243E+01  0.189E+01  0.000E+00  0.000E+00  0.117E+28  0.114E+28  0.539E+27  0.643E+28  0.000E+00  0.000E+00  0.000E+00
 0.122E+01  0.234E+01  0.836E+01  0.110E+02  0.998E+01  0.102E+01  0.459E+00  0.807E-08  0.781E-08  0.144E-06  0.314E-07  0.131E+00  0.000E+00  0.263E+01  0.201E+01  0.000E+00  0.000E+00  0.103E+28  0.995E+27  0.502E+27  0.611E+28  0.000E+00  0.000E+00  0.000E+00
 0.123E+01  0.234E+01  0.836E+01  0.110E+02  0.999E+01  0.101E+01  0.443E+00  0.729E-08  0.704E-08  0.137E-06  0.293E-07  0.125E+00  0.000E+00  0.278E+01  0.208E+01  0.000E+00  0.000E+00  0.928E+27  0.896E+27  0.469E+27  0.581E+28  0.000E+00  0.000E+00  0.000E+00
 0.124E+01  0.234E+01  0.836E+01  0.110E+02  0.999E+01  0.101E+01  0.428E+00  0.644E-08  0.621E-08  0.130E-06  0.273E-07  0.117E+00  0.000E+00  0.299E+01  0.220E+01  0.000E+00  0.000E+00  0.820E+27  0.791E+27  0.437E+27  0.552E+28  0.000E+00  0.000E+00  0.000E+00
 0.125E+01  0.234E+01  0.836E+01  0.110E+02  0.100E+02  0.998E+00  0.412E+00  0.595E-08  0.573E-08  0.124E-06  0.255E-07  0.114E+00  0.000E+00  0.309E+01  0.223E+01  0.000E+00  0.000E+00  0.758E+27  0.730E+27  0.409E+27  0.526E+28  0.000E+00  0.000E+00  0.000E+00
 0.126E+01  0.234E+01  0.836E+01  0.110E+02  0.100E+02  0.991E+00  0.397E+00  0.518E-08  0.499E-08  0.118E-06  0.239E-07  0.105E+00  0.000E+00  0.338E+01  0.240E+01  0.000E+00  0.000E+00  0.660E+27  0.635E+27  0.382E+27  0.501E+28  0.000E+00  0.000E+00  0.000E+00
 0.127E+01  0.234E+01  0.836E+01  0.110E+02  0.100E+02  0.983E+00  0.382E+00  0.480E-08  0.461E-08  0.112E-06  0.224E-07  0.103E+00  0.000E+00  0.348E+01  0.243E+01  0.000E+00  0.000E+00  0.611E+27  0.587E+27  0.358E+27  0.477E+28  0.000E+00  0.000E+00  0.000E+00
 0.128E+01  0.235E+01  0.836E+01  0.110E+02  0.100E+02  0.976E+00  0.367E+00  0.414E-08  0.397E-08  0.107E-06  0.210E-07  0.937E-01  0.000E+00  0.386E+01  0.265E+01  0.000E+00  0.000E+00  0.527E+27  0.505E+27  0.336E+27  0.455E+28  0.000E+00  0.000E+00  0.000E+00
 0.129E+01  0.235E+01  0.836E+01  0.110E+02  0.100E+02  0.970E+00  0.353E+00  0.377E-08  0.361E-08  0.102E-06  0.198E-07  0.898E-01  0.000E+00  0.405E+01  0.274E+01  0.000E+00  0.000E+00  0.480E+27  0.459E+27  0.316E+27  0.434E+28  0.000E+00  0.000E+00  0.000E+00
 0.130E+01  0.235E+01  0.836E+01  0.110E+02  0.100E+02  0.963E+00  0.338E+00  0.353E-08  0.337E-08  0.977E-07  0.186E-07  0.881E-01  0.000E+00  0.414E+01  0.276E+01  0.000E+00  0.000E+00  0.449E+27  0.429E+27  0.298E+27  0.414E+28  0.000E+00  0.000E+00  0.000E+00
 0.131E+01  0.235E+01  0.836E+01  0.110E+02  0.100E+02  0.956E+00  0.324E+00  0.317E-08  0.302E-08  0.934E-07  0.175E-07  0.832E-01  0.000E+00  0.441E+01  0.290E+01  0.000E+00  0.000E+00  0.403E+27  0.385E+27  0.281E+27  0.396E+28  0.000E+00  0.000E+00  0.000E+00
 0.132E+01  0.235E+01  0.836E+01  0.110E+02  0.101E+02  0.949E+00  0.310E+00  0.292E-08  0.278E-08  0.893E-07  0.166E-07  0.804E-01  0.000E+00  0.458E+01  0.297E+01  0.000E+00  0.000E+00  0.372E+27  0.355E+27  0.265E+27  0.379E+28  0.000E+00  0.000E+00  0.000E+00
 0.133E+01  0.235E+01  0.836E+01  0.110E+02  0.101E+02  0.943E+00  0.296E+00  0.264E-08  0.252E-08  0.855E-07  0.157E-07  0.762E-01  0.000E+00  0.486E+01  0.312E+01  0.000E+00  0.000E+00  0.336E+27  0.320E+27  0.251E+27  0.363E+28  0.000E+00  0.000E+00  0.000E+00
 0.134E+01  0.235E+01  0.836E+01  0.110E+02  0.101E+02  0.936E+00  0.283E+00  0.249E-08  0.236E-08  0.820E-07  0.148E-07  0.748E-01  0.000E+00  0.496E+01  0.314E+01  0.000E+00  0.000E+00  0.316E+27  0.301E+27  0.238E+27  0.348E+28  0.000E+00  0.000E+00  0.000E+00
 0.135E+01  0.236E+01  0.836E+01  0.110E+02  0.101E+02  0.930E+00  0.269E+00  0.222E-08  0.211E-08  0.787E-07  0.141E-07  0.701E-01  0.000E+00  0.532E+01  0.334E+01  0.000E+00  0.000E+00  0.283E+27  0.269E+27  0.226E+27  0.334E+28  0.000E+00  0.000E+00  0.000E+00
 0.136E+01  0.236E+01  0.836E+01  0.110E+02  0.101E+02  0.924E+00  0.256E+00  0.200E-08  0.189E-08  0.756E-07  0.134E-07  0.657E-01  0.000E+00  0.571E+01  0.354E+01  0.000E+00  0.000E+00  0.254E+27  0.241E+27  0.214E+27  0.321E+28  0.000E+00  0.000E+00  0.000E+00
 0.137E+01  0.236E+01  0.836E+01  0.110E+02  0.101E+02  0.918E+00  0.243E+00  0.189E-08  0.179E-08  0.727E-07  0.127E-07  0.648E-01  0.000E+00  0.580E+01  0.356E+01  0.000E+00  0.000E+00  0.241E+27  0.228E+27  0.204E+27  0.309E+28  0.000E+00  0.000E+00  0.000E+00
 0.138E+01  0.236E+01  0.836E+01  0.110E+02  0.101E+02  0.912E+00  0.230E+00  0.173E-08  0.164E-08  0.700E-07  0.121E-07  0.618E-01  0.000E+00  0.611E+01  0.371E+01  0.000E+00  0.000E+00  0.220E+27  0.208E+27  0.194E+27  0.297E+28  0.000E+00  0.000E+00  0.000E+00
 0.139E+01  0.236E+01  0.836E+01  0.110E+02  0.101E+02  0.906E+00  0.218E+00  0.165E-08  0.155E-08  0.674E-07  0.116E-07  0.609E-01  0.000E+00  0.620E+01  0.373E+01  0.000E+00  0.000E+00  0.210E+27  0.198E+27  0.185E+27  0.286E+28  0.000E+00  0.000E+00  0.000E+00
 0.140E+01  0.236E+01  0.836E+01  0.110E+02  0.101E+02  0.900E+00  0.205E+00  0.156E-08  0.147E-08  0.651E-07  0.111E-07  0.599E-01  0.000E+00  0.633E+01  0.376E+01  0.000E+00  0.000E+00  0.199E+27  0.187E+27  0.177E+27  0.276E+28  0.000E+00  0.000E+00  0.000E+00
 0.141E+01  0.236E+01  0.836E+01  0.110E+02  0.101E+02  0.894E+00  0.193E+00  0.139E-08  0.131E-08  0.628E-07  0.106E-07  0.553E-01  0.000E+00  0.688E+01  0.405E+01  0.000E+00  0.000E+00  0.177E+27  0.166E+27  0.169E+27  0.267E+28  0.000E+00  0.000E+00  0.000E+00
 0.142E+01  0.237E+01  0.836E+01  0.110E+02  0.101E+02  0.888E+00  0.180E+00  0.132E-08  0.124E-08  0.607E-07  0.101E-07  0.545E-01  0.000E+00  0.700E+01  0.409E+01  0.000E+00  0.000E+00  0.168E+27  0.158E+27  0.162E+27  0.258E+28  0.000E+00  0.000E+00  0.000E+00
 0.143E+01  0.237E+01  0.836E+01  0.110E+02  0.101E+02  0.882E+00  0.168E+00  0.121E-08  0.114E-08  0.588E-07  0.971E-08  0.518E-01  0.000E+00  0.738E+01  0.427E+01  0.000E+00  0.000E+00  0.154E+27  0.145E+27  0.155E+27  0.249E+28  0.000E+00  0.000E+00  0.000E+00
 0.144E+01  0.237E+01  0.836E+01  0.110E+02  0.101E+02  0.877E+00  0.157E+00  0.116E-08  0.109E-08  0.569E-07  0.931E-08  0.511E-01  0.000E+00  0.749E+01  0.429E+01  0.000E+00  0.000E+00  0.148E+27  0.138E+27  0.149E+27  0.242E+28  0.000E+00  0.000E+00  0.000E+00
 0.145E+01  0.237E+01  0.836E+01  0.110E+02  0.101E+02  0.871E+00  0.145E+00  0.112E-08  0.105E-08  0.552E-07  0.894E-08  0.511E-01  0.000E+00  0.750E+01  0.426E+01  0.000E+00  0.000E+00  0.143E+27  0.134E+27  0.143E+27  0.234E+28  0.000E+00  0.000E+00  0.000E+00
 0.146E+01  0.237E+01  0.836E+01  0.110E+02  0.101E+02  0.866E+00  0.133E+00  0.104E-08  0.969E-09  0.535E-07  0.860E-08  0.487E-01  0.000E+00  0.789E+01  0.443E+01  0.000E+00  0.000E+00  0.132E+27  0.123E+27  0.138E+27  0.227E+28  0.000E+00  0.000E+00  0.000E+00
 0.147E+01  0.237E+01  0.836E+01  0.110E+02  0.101E+02  0.860E+00  0.122E+00  0.101E-08  0.939E-09  0.519E-07  0.827E-08  0.487E-01  0.000E+00  0.790E+01  0.440E+01  0.000E+00  0.000E+00  0.128E+27  0.120E+27  0.132E+27  0.220E+28  0.000E+00  0.000E+00  0.000E+00
 0.148E+01  0.237E+01  0.836E+01  0.110E+02  0.101E+02  0.855E+00  0.110E+00  0.965E-09  0.899E-09  0.505E-07  0.796E-08  0.480E-01  0.000E+00  0.802E+01  0.443E+01  0.000E+00  0.000E+00  0.123E+27  0.114E+27  0.127E+27  0.214E+28  0.000E+00  0.000E+00  0.000E+00
 0.149E+01  0.238E+01  0.836E+01  0.110E+02  0.102E+02  0.849E+00  0.992E-01  0.879E-09  0.818E-09  0.491E-07  0.767E-08  0.451E-01  0.000E+00  0.857E+01  0.469E+01  0.000E+00  0.000E+00  0.112E+27  0.104E+27  0.123E+27  0.208E+28  0.000E+00  0.000E+00  0.000E+00
 0.150E+01  0.238E+01  0.836E+01  0.110E+02  0.102E+02  0.844E+00  0.882E-01  0.845E-09  0.786E-09  0.477E-07  0.739E-08  0.446E-01  0.000E+00  0.867E+01  0.470E+01  0.000E+00  0.000E+00  0.108E+27  0.100E+27  0.118E+27  0.203E+28  0.000E+00  0.000E+00  0.000E+00
 0.151E+01  0.238E+01  0.836E+01  0.110E+02  0.102E+02  0.839E+00  0.773E-01  0.822E-09  0.765E-09  0.465E-07  0.713E-08  0.446E-01  0.000E+00  0.868E+01  0.466E+01  0.000E+00  0.000E+00  0.105E+27  0.974E+26  0.114E+27  0.197E+28  0.000E+00  0.000E+00  0.000E+00
 0.152E+01  0.238E+01  0.836E+01  0.110E+02  0.102E+02  0.834E+00  0.665E-01  0.769E-09  0.715E-09  0.452E-07  0.689E-08  0.429E-01  0.000E+00  0.904E+01  0.482E+01  0.000E+00  0.000E+00  0.979E+26  0.911E+26  0.110E+27  0.192E+28  0.000E+00  0.000E+00  0.000E+00
 0.153E+01  0.238E+01  0.836E+01  0.110E+02  0.102E+02  0.829E+00  0.559E-01  0.748E-09  0.696E-09  0.441E-07  0.666E-08  0.429E-01  0.000E+00  0.905E+01  0.478E+01  0.000E+00  0.000E+00  0.953E+26  0.886E+26  0.107E+27  0.187E+28  0.000E+00  0.000E+00  0.000E+00
 0.154E+01  0.238E+01  0.836E+01  0.110E+02  0.102E+02  0.824E+00  0.454E-01  0.721E-09  0.670E-09  0.430E-07  0.643E-08  0.424E-01  0.000E+00  0.916E+01  0.480E+01  0.000E+00  0.000E+00  0.918E+26  0.854E+26  0.103E+27  0.182E+28  0.000E+00  0.000E+00  0.000E+00
 0.155E+01  0.238E+01  0.836E+01  0.110E+02  0.102E+02  0.819E+00  0.350E-01  0.666E-09  0.619E-09  0.419E-07  0.622E-08  0.403E-01  0.000E+00  0.967E+01  0.503E+01  0.000E+00  0.000E+00  0.848E+26  0.789E+26  0.997E+26  0.178E+28  0.000E+00  0.000E+00  0.000E+00
 0.156E+01  0.238E+01  0.836E+01  0.110E+02  0.102E+02  0.814E+00  0.248E-01  0.649E-09  0.604E-09  0.409E-07  0.602E-08  0.402E-01  0.000E+00  0.968E+01  0.499E+01  0.000E+00  0.000E+00  0.827E+26  0.769E+26  0.965E+26  0.174E+28  0.000E+00  0.000E+00  0.000E+00
 0.157E+01  0.238E+01  0.836E+01  0.110E+02  0.102E+02  0.809E+00  0.146E-01  0.634E-09  0.590E-09  0.400E-07  0.583E-08  0.403E-01  0.000E+00  0.968E+01  0.495E+01  0.000E+00  0.000E+00  0.807E+26  0.751E+26  0.934E+26  0.170E+28  0.000E+00  0.000E+00  0.000E+00
 0.158E+01  0.239E+01  0.836E+01  0.110E+02  0.102E+02  0.805E+00  0.459E-02  0.602E-09  0.560E-09  0.390E-07  0.565E-08  0.392E-01  0.000E+00  0.995E+01  0.505E+01  0.000E+00  0.000E+00  0.767E+26  0.713E+26  0.905E+26  0.166E+28  0.000E+00  0.000E+00  0.000E+00
 0.159E+01  0.239E+01  0.836E+01  0.110E+02  0.102E+02  0.800E+00 -0.531E-02  0.584E-09  0.543E-09  0.157E-07  0.226E-08  0.894E-01  0.000E+00  0.414E+01  0.208E+01  0.000E+00  0.000E+00  0.743E+26  0.692E+26  0.361E+26  0.668E+27  0.000E+00  0.000E+00  0.000E+00
 0.160E+01  0.239E+01  0.836E+01  0.110E+02  0.102E+02  0.795E+00 -0.151E-01  0.570E-09  0.530E-09  0.150E-07  0.214E-08  0.913E-01  0.000E+00  0.405E+01  0.202E+01  0.000E+00  0.000E+00  0.726E+26  0.675E+26  0.343E+26  0.638E+27  0.000E+00  0.000E+00  0.000E+00
 0.161E+01  0.239E+01  0.836E+01  0.110E+02  0.102E+02  0.791E+00 -0.248E-01  0.544E-09  0.506E-09  0.144E-07  0.203E-08  0.912E-01  0.000E+00  0.406E+01  0.200E+01  0.000E+00  0.000E+00  0.693E+26  0.644E+26  0.325E+26  0.610E+27  0.000E+00  0.000E+00  0.000E+00
 0.162E+01  0.239E+01  0.836E+01  0.110E+02  0.102E+02  0.786E+00 -0.343E-01  0.519E-09  0.483E-09  0.137E-07  0.193E-08  0.911E-01  0.000E+00  0.406E+01  0.199E+01  0.000E+00  0.000E+00  0.661E+26  0.615E+26  0.308E+26  0.583E+27  0.000E+00  0.000E+00  0.000E+00
 0.163E+01  0.239E+01  0.836E+01  0.110E+02  0.102E+02  0.782E+00 -0.438E-01  0.508E-09  0.473E-09  0.131E-07  0.183E-08  0.930E-01  0.000E+00  0.397E+01  0.193E+01  0.000E+00  0.000E+00  0.647E+26  0.602E+26  0.293E+26  0.558E+27  0.000E+00  0.000E+00  0.000E+00
 0.164E+01  0.239E+01  0.836E+01  0.110E+02  0.102E+02  0.777E+00 -0.531E-01  0.497E-09  0.463E-09  0.126E-07  0.174E-08  0.950E-01  0.000E+00  0.388E+01  0.188E+01  0.000E+00  0.000E+00  0.633E+26  0.589E+26  0.278E+26  0.534E+27  0.000E+00  0.000E+00  0.000E+00
 0.165E+01  0.239E+01  0.836E+01  0.110E+02  0.102E+02  0.773E+00 -0.624E-01  0.476E-09  0.442E-09  0.120E-07  0.165E-08  0.949E-01  0.000E+00  0.389E+01  0.187E+01  0.000E+00  0.000E+00  0.606E+26  0.563E+26  0.264E+26  0.511E+27  0.000E+00  0.000E+00  0.000E+00
 0.166E+01  0.239E+01  0.836E+01  0.110E+02  0.102E+02  0.769E+00 -0.715E-01  0.466E-09  0.433E-09  0.115E-07  0.157E-08  0.968E-01  0.000E+00  0.380E+01  0.181E+01  0.000E+00  0.000E+00  0.593E+26  0.551E+26  0.252E+26  0.489E+27  0.000E+00  0.000E+00  0.000E+00
 0.167E+01  0.240E+01  0.836E+01  0.110E+02  0.102E+02  0.764E+00 -0.806E-01  0.456E-09  0.424E-09  0.111E-07  0.150E-08  0.987E-01  0.000E+00  0.372E+01  0.176E+01  0.000E+00  0.000E+00  0.580E+26  0.540E+26  0.239E+26  0.469E+27  0.000E+00  0.000E+00  0.000E+00
 0.168E+01  0.240E+01  0.836E+01  0.110E+02  0.102E+02  0.760E+00 -0.895E-01  0.440E-09  0.409E-09  0.106E-07  0.142E-08  0.993E-01  0.000E+00  0.370E+01  0.174E+01  0.000E+00  0.000E+00  0.560E+26  0.521E+26  0.228E+26  0.450E+27  0.000E+00  0.000E+00  0.000E+00
 0.169E+01  0.240E+01  0.836E+01  0.110E+02  0.102E+02  0.756E+00 -0.983E-01  0.422E-09  0.393E-09  0.102E-07  0.136E-08  0.994E-01  0.000E+00  0.370E+01  0.173E+01  0.000E+00  0.000E+00  0.537E+26  0.500E+26  0.217E+26  0.431E+27  0.000E+00  0.000E+00  0.000E+00
 0.170E+01  0.240E+01  0.836E+01  0.110E+02  0.102E+02  0.752E+00 -0.107E+00  0.414E-09  0.385E-09  0.975E-08  0.129E-08  0.101E+00  0.000E+00  0.362E+01  0.168E+01  0.000E+00  0.000E+00  0.527E+26  0.490E+26  0.207E+26  0.414E+27  0.000E+00  0.000E+00  0.000E+00
 0.171E+01  0.240E+01  0.836E+01  0.110E+02  0.103E+02  0.748E+00 -0.116E+00  0.406E-09  0.377E-09  0.937E-08  0.123E-08  0.103E+00  0.000E+00  0.355E+01  0.164E+01  0.000E+00  0.000E+00  0.516E+26  0.480E+26  0.198E+26  0.397E+27  0.000E+00  0.000E+00  0.000E+00
 0.172E+01  0.240E+01  0.836E+01  0.110E+02  0.103E+02  0.744E+00 -0.124E+00  0.392E-09  0.364E-09  0.900E-08  0.118E-08  0.104E+00  0.000E+00  0.353E+01  0.162E+01  0.000E+00  0.000E+00  0.499E+26  0.464E+26  0.189E+26  0.382E+27  0.000E+00  0.000E+00  0.000E+00
 0.173E+01  0.240E+01  0.836E+01  0.110E+02  0.103E+02  0.740E+00 -0.133E+00  0.384E-09  0.357E-09  0.864E-08  0.113E-08  0.106E+00  0.000E+00  0.346E+01  0.158E+01  0.000E+00  0.000E+00  0.489E+26  0.455E+26  0.180E+26  0.367E+27  0.000E+00  0.000E+00  0.000E+00
 0.174E+01  0.240E+01  0.836E+01  0.110E+02  0.103E+02  0.736E+00 -0.141E+00  0.377E-09  0.350E-09  0.831E-08  0.108E-08  0.108E+00  0.000E+00  0.339E+01  0.154E+01  0.000E+00  0.000E+00  0.479E+26  0.446E+26  0.172E+26  0.353E+27  0.000E+00  0.000E+00  0.000E+00
 0.175E+01  0.240E+01  0.836E+01  0.110E+02  0.103E+02  0.732E+00 -0.149E+00  0.361E-09  0.336E-09  0.799E-08  0.103E-08  0.107E+00  0.000E+00  0.340E+01  0.153E+01  0.000E+00  0.000E+00  0.460E+26  0.428E+26  0.165E+26  0.339E+27  0.000E+00  0.000E+00  0.000E+00
 0.176E+01  0.240E+01  0.836E+01  0.110E+02  0.103E+02  0.728E+00 -0.158E+00  0.357E-09  0.332E-09  0.769E-08  0.984E-09  0.110E+00  0.000E+00  0.331E+01  0.148E+01  0.000E+00  0.000E+00  0.454E+26  0.423E+26  0.157E+26  0.326E+27  0.000E+00  0.000E+00  0.000E+00
 0.177E+01  0.240E+01  0.836E+01  0.110E+02  0.103E+02  0.724E+00 -0.166E+00  0.345E-09  0.321E-09  0.740E-08  0.941E-09  0.110E+00  0.000E+00  0.330E+01  0.147E+01  0.000E+00  0.000E+00  0.439E+26  0.408E+26  0.151E+26  0.314E+27  0.000E+00  0.000E+00  0.000E+00
 0.178E+01  0.241E+01  0.836E+01  0.110E+02  0.103E+02  0.720E+00 -0.174E+00  0.338E-09  0.314E-09  0.713E-08  0.901E-09  0.112E+00  0.000E+00  0.324E+01  0.143E+01  0.000E+00  0.000E+00  0.430E+26  0.400E+26  0.144E+26  0.303E+27  0.000E+00  0.000E+00  0.000E+00
 0.179E+01  0.241E+01  0.836E+01  0.110E+02  0.103E+02  0.716E+00 -0.182E+00  0.326E-09  0.303E-09  0.687E-08  0.863E-09  0.112E+00  0.000E+00  0.324E+01  0.143E+01  0.000E+00  0.000E+00  0.414E+26  0.386E+26  0.138E+26  0.291E+27  0.000E+00  0.000E+00  0.000E+00
 0.180E+01  0.241E+01  0.836E+01  0.110E+02  0.103E+02  0.713E+00 -0.190E+00  0.321E-09  0.299E-09  0.662E-08  0.827E-09  0.115E+00  0.000E+00  0.316E+01  0.138E+01  0.000E+00  0.000E+00  0.409E+26  0.381E+26  0.132E+26  0.281E+27  0.000E+00  0.000E+00  0.000E+00
 0.181E+01  0.241E+01  0.836E+01  0.110E+02  0.103E+02  0.709E+00 -0.197E+00  0.315E-09  0.293E-09  0.638E-08  0.793E-09  0.116E+00  0.000E+00  0.311E+01  0.135E+01  0.000E+00  0.000E+00  0.401E+26  0.373E+26  0.127E+26  0.271E+27  0.000E+00  0.000E+00  0.000E+00
 0.182E+01  0.241E+01  0.836E+01  0.110E+02  0.103E+02  0.705E+00 -0.205E+00  0.309E-09  0.287E-09  0.615E-08  0.761E-09  0.118E+00  0.000E+00  0.306E+01  0.132E+01  0.000E+00  0.000E+00  0.393E+26  0.366E+26  0.122E+26  0.261E+27  0.000E+00  0.000E+00  0.000E+00
 0.183E+01  0.241E+01  0.836E+01  0.110E+02  0.103E+02  0.702E+00 -0.213E+00  0.298E-09  0.277E-09  0.594E-08  0.730E-09  0.118E+00  0.000E+00  0.306E+01  0.132E+01  0.000E+00  0.000E+00  0.380E+26  0.353E+26  0.117E+26  0.252E+27  0.000E+00  0.000E+00  0.000E+00
 0.184E+01  0.241E+01  0.836E+01  0.110E+02  0.103E+02  0.698E+00 -0.220E+00  0.295E-09  0.274E-09  0.573E-08  0.701E-09  0.121E+00  0.000E+00  0.299E+01  0.128E+01  0.000E+00  0.000E+00  0.375E+26  0.349E+26  0.112E+26  0.243E+27  0.000E+00  0.000E+00  0.000E+00
 0.185E+01  0.241E+01  0.836E+01  0.110E+02  0.103E+02  0.695E+00 -0.228E+00  0.284E-09  0.264E-09  0.553E-08  0.673E-09  0.120E+00  0.000E+00  0.299E+01  0.127E+01  0.000E+00  0.000E+00  0.361E+26  0.336E+26  0.108E+26  0.235E+27  0.000E+00  0.000E+00  0.000E+00
 0.186E+01  0.241E+01  0.836E+01  0.110E+02  0.103E+02  0.691E+00 -0.235E+00  0.280E-09  0.261E-09  0.535E-08  0.647E-09  0.123E+00  0.000E+00  0.293E+01  0.124E+01  0.000E+00  0.000E+00  0.357E+26  0.332E+26  0.104E+26  0.227E+27  0.000E+00  0.000E+00  0.000E+00
 0.187E+01  0.241E+01  0.836E+01  0.110E+02  0.103E+02  0.688E+00 -0.242E+00  0.275E-09  0.256E-09  0.516E-08  0.622E-09  0.124E+00  0.000E+00  0.288E+01  0.122E+01  0.000E+00  0.000E+00  0.350E+26  0.326E+26  0.996E+25  0.219E+27  0.000E+00  0.000E+00  0.000E+00
 0.188E+01  0.241E+01  0.836E+01  0.110E+02  0.103E+02  0.684E+00 -0.250E+00  0.266E-09  0.247E-09  0.499E-08  0.598E-09  0.125E+00  0.000E+00  0.288E+01  0.121E+01  0.000E+00  0.000E+00  0.339E+26  0.315E+26  0.958E+25  0.212E+27  0.000E+00  0.000E+00  0.000E+00
 0.189E+01  0.241E+01  0.836E+01  0.110E+02  0.103E+02  0.681E+00 -0.257E+00  0.262E-09  0.244E-09  0.483E-08  0.575E-09  0.127E+00  0.000E+00  0.282E+01  0.118E+01  0.000E+00  0.000E+00  0.334E+26  0.311E+26  0.921E+25  0.205E+27  0.000E+00  0.000E+00  0.000E+00
 0.190E+01  0.242E+01  0.836E+01  0.110E+02  0.103E+02  0.677E+00 -0.264E+00  0.259E-09  0.241E-09  0.467E-08  0.554E-09  0.129E+00  0.000E+00  0.277E+01  0.115E+01  0.000E+00  0.000E+00  0.330E+26  0.307E+26  0.887E+25  0.198E+27  0.000E+00  0.000E+00  0.000E+00
 0.191E+01  0.242E+01  0.836E+01  0.110E+02  0.103E+02  0.674E+00 -0.271E+00  0.254E-09  0.237E-09  0.452E-08  0.533E-09  0.131E+00  0.000E+00  0.273E+01  0.113E+01  0.000E+00  0.000E+00  0.324E+26  0.301E+26  0.854E+25  0.192E+27  0.000E+00  0.000E+00  0.000E+00
 0.192E+01  0.242E+01  0.836E+01  0.110E+02  0.103E+02  0.671E+00 -0.278E+00  0.246E-09  0.229E-09  0.437E-08  0.514E-09  0.131E+00  0.000E+00  0.273E+01  0.112E+01  0.000E+00  0.000E+00  0.314E+26  0.292E+26  0.822E+25  0.186E+27  0.000E+00  0.000E+00  0.000E+00
 0.193E+01  0.242E+01  0.836E+01  0.110E+02  0.103E+02  0.668E+00 -0.285E+00  0.242E-09  0.225E-09  0.423E-08  0.495E-09  0.132E+00  0.000E+00  0.269E+01  0.110E+01  0.000E+00  0.000E+00  0.308E+26  0.286E+26  0.793E+25  0.180E+27  0.000E+00  0.000E+00  0.000E+00
 0.194E+01  0.242E+01  0.836E+01  0.110E+02  0.103E+02  0.664E+00 -0.292E+00  0.235E-09  0.219E-09  0.410E-08  0.477E-09  0.133E+00  0.000E+00  0.268E+01  0.109E+01  0.000E+00  0.000E+00  0.300E+26  0.279E+26  0.764E+25  0.174E+27  0.000E+00  0.000E+00  0.000E+00
 0.195E+01  0.242E+01  0.836E+01  0.110E+02  0.103E+02  0.661E+00 -0.298E+00  0.230E-09  0.214E-09  0.397E-08  0.460E-09  0.134E+00  0.000E+00  0.265E+01  0.107E+01  0.000E+00  0.000E+00  0.293E+26  0.273E+26  0.737E+25  0.169E+27  0.000E+00  0.000E+00  0.000E+00
 0.196E+01  0.242E+01  0.836E+01  0.110E+02  0.103E+02  0.658E+00 -0.305E+00  0.228E-09  0.212E-09  0.385E-08  0.444E-09  0.137E+00  0.000E+00  0.260E+01  0.105E+01  0.000E+00  0.000E+00  0.290E+26  0.270E+26  0.711E+25  0.163E+27  0.000E+00  0.000E+00  0.000E+00
 0.197E+01  0.242E+01  0.836E+01  0.110E+02  0.103E+02  0.655E+00 -0.312E+00  0.220E-09  0.205E-09  0.373E-08  0.428E-09  0.136E+00  0.000E+00  0.260E+01  0.104E+01  0.000E+00  0.000E+00  0.281E+26  0.261E+26  0.686E+25  0.158E+27  0.000E+00  0.000E+00  0.000E+00
 0.198E+01  0.242E+01  0.836E+01  0.110E+02  0.103E+02  0.652E+00 -0.318E+00  0.216E-09  0.201E-09  0.362E-08  0.413E-09  0.138E+00  0.000E+00  0.257E+01  0.103E+01  0.000E+00  0.000E+00  0.275E+26  0.256E+26  0.662E+25  0.154E+27  0.000E+00  0.000E+00  0.000E+00
 0.199E+01  0.242E+01  0.836E+01  0.110E+02  0.104E+02  0.649E+00 -0.325E+00  0.213E-09  0.198E-09  0.351E-08  0.399E-09  0.140E+00  0.000E+00  0.253E+01  0.101E+01  0.000E+00  0.000E+00  0.272E+26  0.253E+26  0.639E+25  0.149E+27  0.000E+00  0.000E+00  0.000E+00
 0.200E+01  0.242E+01  0.836E+01  0.110E+02  0.104E+02  0.646E+00 -0.331E+00  0.210E-09  0.196E-09  0.340E-08  0.386E-09  0.142E+00  0.000E+00  0.248E+01  0.985E+00  0.000E+00  0.000E+00  0.268E+26  0.249E+26  0.618E+25  0.145E+27  0.000E+00  0.000E+00  0.000E+00
