 0.100E+00  0.390E+00  0.411E+02  0.241E+01  0.329E+00  0.208E+01  0.439E+01  0.440E-07  0.441E-07  0.317E-06  0.894E-07  0.274E+00  0.271E-06  0.103E+01  0.101E+01  0.103E+01  0.000E+00  0.439E+28  0.439E+28  0.112E+28  0.105E+29  0.271E-26  0.000E+00  0.000E+00
 0.110E+00  0.423E+00  0.411E+02  0.241E+01  0.357E+00  0.205E+01  0.430E+01  0.428E-07  0.428E-07  0.309E-06  0.871E-07  0.273E+00  0.264E-06  0.103E+01  0.102E+01  0.103E+01  0.000E+00  0.426E+28  0.427E+28  0.109E+28  0.103E+29  0.264E-26  0.000E+00  0.000E+00
 0.120E+00  0.456E+00  0.411E+02  0.241E+01  0.384E+00  0.202E+01  0.422E+01  0.416E-07  0.417E-07  0.302E-06  0.849E-07  0.273E+00  0.258E-06  0.103E+01  0.102E+01  0.103E+01  0.000E+00  0.415E+28  0.415E+28  0.106E+28  0.100E+29  0.258E-26  0.000E+00  0.000E+00
 0.130E+00  0.487E+00  0.411E+02  0.241E+01  0.410E+00  0.200E+01  0.414E+01  0.406E-07  0.407E-07  0.294E-06  0.829E-07  0.273E+00  0.252E-06  0.103E+01  0.102E+01  0.103E+01  0.000E+00  0.405E+28  0.405E+28  0.104E+28  0.978E+28  0.252E-26  0.000E+00  0.000E+00
 0.140E+00  0.518E+00  0.411E+02  0.241E+01  0.436E+00  0.197E+01  0.406E+01  0.397E-07  0.398E-07  0.288E-06  0.809E-07  0.273E+00  0.246E-06  0.103E+01  0.102E+01  0.103E+01  0.000E+00  0.396E+28  0.396E+28  0.101E+28  0.956E+28  0.246E-26  0.000E+00  0.000E+00
 0.150E+00  0.548E+00  0.411E+02  0.241E+01  0.461E+00  0.195E+01  0.398E+01  0.388E-07  0.388E-07  0.281E-06  0.791E-07  0.272E+00  0.241E-06  0.103E+01  0.102E+01  0.103E+01  0.000E+00  0.387E+28  0.387E+28  0.991E+27  0.934E+28  0.241E-26  0.000E+00  0.000E+00
 0.160E+00  0.577E+00  0.411E+02  0.241E+01  0.486E+00  0.192E+01  0.391E+01  0.378E-07  0.378E-07  0.275E-06  0.774E-07  0.272E+00  0.235E-06  0.104E+01  0.102E+01  0.104E+01  0.000E+00  0.377E+28  0.377E+28  0.970E+27  0.914E+28  0.235E-26  0.000E+00  0.000E+00
 0.170E+00  0.605E+00  0.411E+02  0.241E+01  0.510E+00  0.190E+01  0.384E+01  0.368E-07  0.368E-07  0.270E-06  0.758E-07  0.270E+00  0.231E-06  0.105E+01  0.103E+01  0.104E+01  0.000E+00  0.367E+28  0.367E+28  0.950E+27  0.895E+28  0.231E-26  0.000E+00  0.000E+00
 0.180E+00  0.633E+00  0.411E+02  0.241E+01  0.533E+00  0.187E+01  0.376E+01  0.359E-07  0.359E-07  0.264E-06  0.743E-07  0.269E+00  0.226E-06  0.105E+01  0.103E+01  0.105E+01  0.000E+00  0.357E+28  0.358E+28  0.931E+27  0.877E+28  0.226E-26  0.000E+00  0.000E+00
 0.190E+00  0.660E+00  0.411E+02  0.241E+01  0.556E+00  0.185E+01  0.369E+01  0.350E-07  0.350E-07  0.259E-06  0.728E-07  0.268E+00  0.222E-06  0.106E+01  0.104E+01  0.106E+01  0.000E+00  0.349E+28  0.349E+28  0.913E+27  0.861E+28  0.222E-26  0.000E+00  0.000E+00
 0.200E+00  0.686E+00  0.411E+02  0.241E+01  0.578E+00  0.183E+01  0.363E+01  0.342E-07  0.342E-07  0.254E-06  0.715E-07  0.267E+00  0.218E-06  0.106E+01  0.105E+01  0.106E+01  0.000E+00  0.341E+28  0.341E+28  0.896E+27  0.845E+28  0.218E-26  0.000E+00  0.000E+00
 0.210E+00  0.712E+00  0.411E+02  0.241E+01  0.600E+00  0.181E+01  0.356E+01  0.335E-07  0.335E-07  0.250E-06  0.703E-07  0.266E+00  0.214E-06  0.107E+01  0.105E+01  0.107E+01  0.000E+00  0.333E+28  0.333E+28  0.881E+27  0.830E+28  0.214E-26  0.000E+00  0.000E+00
 0.220E+00  0.737E+00  0.411E+02  0.241E+01  0.621E+00  0.179E+01  0.349E+01  0.328E-07  0.328E-07  0.246E-06  0.692E-07  0.266E+00  0.210E-06  0.107E+01  0.105E+01  0.107E+01  0.000E+00  0.327E+28  0.327E+28  0.867E+27  0.816E+28  0.210E-26  0.000E+00  0.000E+00
 0.230E+00  0.762E+00  0.411E+02  0.241E+01  0.642E+00  0.177E+01  0.343E+01  0.322E-07  0.322E-07  0.241E-06  0.681E-07  0.266E+00  0.207E-06  0.107E+01  0.106E+01  0.107E+01  0.000E+00  0.321E+28  0.321E+28  0.853E+27  0.802E+28  0.207E-26  0.000E+00  0.000E+00
 0.240E+00  0.786E+00  0.411E+02  0.241E+01  0.662E+00  0.174E+01  0.337E+01  0.318E-07  0.318E-07  0.237E-06  0.671E-07  0.267E+00  0.203E-06  0.107E+01  0.105E+01  0.106E+01  0.000E+00  0.317E+28  0.317E+28  0.841E+27  0.789E+28  0.203E-26  0.000E+00  0.000E+00
 0.250E+00  0.809E+00  0.411E+02  0.241E+01  0.682E+00  0.173E+01  0.331E+01  0.315E-07  0.314E-07  0.234E-06  0.661E-07  0.267E+00  0.200E-06  0.106E+01  0.105E+01  0.106E+01  0.000E+00  0.313E+28  0.313E+28  0.829E+27  0.776E+28  0.200E-26  0.000E+00  0.000E+00
 0.260E+00  0.832E+00  0.411E+02  0.241E+01  0.701E+00  0.171E+01  0.325E+01  0.310E-07  0.310E-07  0.230E-06  0.652E-07  0.268E+00  0.197E-06  0.106E+01  0.105E+01  0.106E+01  0.000E+00  0.309E+28  0.309E+28  0.817E+27  0.763E+28  0.197E-26  0.000E+00  0.000E+00
 0.270E+00  0.855E+00  0.411E+02  0.241E+01  0.720E+00  0.169E+01  0.319E+01  0.306E-07  0.306E-07  0.226E-06  0.643E-07  0.268E+00  0.193E-06  0.106E+01  0.105E+01  0.105E+01  0.000E+00  0.305E+28  0.305E+28  0.805E+27  0.750E+28  0.193E-26  0.000E+00  0.000E+00
 0.280E+00  0.877E+00  0.411E+02  0.241E+01  0.739E+00  0.167E+01  0.313E+01  0.304E-07  0.303E-07  0.222E-06  0.633E-07  0.270E+00  0.190E-06  0.105E+01  0.104E+01  0.104E+01  0.000E+00  0.302E+28  0.302E+28  0.794E+27  0.737E+28  0.190E-26  0.000E+00  0.000E+00
 0.290E+00  0.898E+00  0.411E+02  0.241E+01  0.757E+00  0.165E+01  0.308E+01  0.303E-07  0.302E-07  0.218E-06  0.624E-07  0.273E+00  0.187E-06  0.103E+01  0.103E+01  0.103E+01  0.000E+00  0.301E+28  0.301E+28  0.781E+27  0.724E+28  0.187E-26  0.000E+00  0.000E+00
 0.300E+00  0.919E+00  0.411E+02  0.241E+01  0.774E+00  0.163E+01  0.302E+01  0.302E-07  0.302E-07  0.214E-06  0.613E-07  0.276E+00  0.183E-06  0.101E+01  0.102E+01  0.101E+01  0.000E+00  0.301E+28  0.301E+28  0.769E+27  0.711E+28  0.183E-26  0.000E+00  0.000E+00
 0.310E+00  0.940E+00  0.411E+02  0.241E+01  0.792E+00  0.162E+01  0.297E+01  0.301E-07  0.301E-07  0.210E-06  0.603E-07  0.280E+00  0.180E-06  0.997E+00  0.100E+01  0.996E+00  0.000E+00  0.300E+28  0.300E+28  0.755E+27  0.698E+28  0.180E-26  0.000E+00  0.000E+00
 0.320E+00  0.960E+00  0.411E+02  0.241E+01  0.809E+00  0.160E+01  0.292E+01  0.299E-07  0.299E-07  0.206E-06  0.591E-07  0.282E+00  0.176E-06  0.985E+00  0.990E+00  0.984E+00  0.000E+00  0.298E+28  0.298E+28  0.741E+27  0.684E+28  0.176E-26  0.000E+00  0.000E+00
 0.330E+00  0.980E+00  0.411E+02  0.241E+01  0.825E+00  0.158E+01  0.287E+01  0.294E-07  0.294E-07  0.202E-06  0.580E-07  0.283E+00  0.173E-06  0.981E+00  0.987E+00  0.980E+00  0.000E+00  0.293E+28  0.293E+28  0.727E+27  0.670E+28  0.173E-26  0.000E+00  0.000E+00
 0.340E+00  0.999E+00  0.411E+02  0.241E+01  0.842E+00  0.157E+01  0.282E+01  0.286E-07  0.286E-07  0.197E-06  0.568E-07  0.282E+00  0.169E-06  0.987E+00  0.993E+00  0.986E+00  0.000E+00  0.285E+28  0.285E+28  0.711E+27  0.655E+28  0.169E-26  0.000E+00  0.000E+00
 0.350E+00  0.102E+01  0.411E+02  0.241E+01  0.857E+00  0.155E+01  0.277E+01  0.276E-07  0.276E-07  0.193E-06  0.555E-07  0.279E+00  0.165E-06  0.999E+00  0.101E+01  0.998E+00  0.000E+00  0.275E+28  0.275E+28  0.695E+27  0.640E+28  0.165E-26  0.000E+00  0.000E+00
 0.360E+00  0.104E+01  0.411E+02  0.241E+01  0.873E+00  0.153E+01  0.272E+01  0.266E-07  0.265E-07  0.188E-06  0.542E-07  0.276E+00  0.161E-06  0.101E+01  0.102E+01  0.101E+01  0.000E+00  0.265E+28  0.265E+28  0.679E+27  0.625E+28  0.161E-26  0.000E+00  0.000E+00
 0.370E+00  0.105E+01  0.411E+02  0.241E+01  0.888E+00  0.152E+01  0.268E+01  0.256E-07  0.256E-07  0.184E-06  0.529E-07  0.274E+00  0.157E-06  0.103E+01  0.103E+01  0.103E+01  0.000E+00  0.255E+28  0.255E+28  0.663E+27  0.610E+28  0.157E-26  0.000E+00  0.000E+00
 0.380E+00  0.107E+01  0.411E+02  0.241E+01  0.903E+00  0.150E+01  0.263E+01  0.248E-07  0.247E-07  0.179E-06  0.516E-07  0.272E+00  0.153E-06  0.103E+01  0.104E+01  0.103E+01  0.000E+00  0.247E+28  0.247E+28  0.646E+27  0.594E+28  0.153E-26  0.000E+00  0.000E+00
 0.390E+00  0.109E+01  0.411E+02  0.241E+01  0.918E+00  0.149E+01  0.258E+01  0.241E-07  0.241E-07  0.174E-06  0.503E-07  0.272E+00  0.149E-06  0.103E+01  0.104E+01  0.104E+01  0.000E+00  0.240E+28  0.240E+28  0.630E+27  0.579E+28  0.149E-26  0.000E+00  0.000E+00
 0.400E+00  0.111E+01  0.411E+02  0.241E+01  0.933E+00  0.147E+01  0.254E+01  0.236E-07  0.235E-07  0.170E-06  0.490E-07  0.273E+00  0.145E-06  0.103E+01  0.104E+01  0.103E+01  0.000E+00  0.235E+28  0.235E+28  0.614E+27  0.564E+28  0.145E-26  0.000E+00  0.000E+00
 0.410E+00  0.112E+01  0.411E+02  0.241E+01  0.947E+00  0.146E+01  0.250E+01  0.232E-07  0.232E-07  0.165E-06  0.477E-07  0.275E+00  0.142E-06  0.102E+01  0.103E+01  0.102E+01  0.000E+00  0.231E+28  0.231E+28  0.597E+27  0.548E+28  0.142E-26  0.000E+00  0.000E+00
 0.420E+00  0.114E+01  0.411E+02  0.241E+01  0.961E+00  0.145E+01  0.245E+01  0.229E-07  0.229E-07  0.161E-06  0.464E-07  0.278E+00  0.138E-06  0.100E+01  0.101E+01  0.100E+01  0.000E+00  0.228E+28  0.228E+28  0.581E+27  0.533E+28  0.138E-26  0.000E+00  0.000E+00
 0.430E+00  0.116E+01  0.411E+02  0.241E+01  0.974E+00  0.143E+01  0.241E+01  0.226E-07  0.225E-07  0.156E-06  0.452E-07  0.281E+00  0.134E-06  0.990E+00  0.100E+01  0.992E+00  0.000E+00  0.225E+28  0.224E+28  0.566E+27  0.519E+28  0.134E-26  0.000E+00  0.000E+00
 0.440E+00  0.117E+01  0.411E+02  0.241E+01  0.987E+00  0.142E+01  0.237E+01  0.222E-07  0.221E-07  0.152E-06  0.439E-07  0.283E+00  0.130E-06  0.979E+00  0.992E+00  0.980E+00  0.000E+00  0.221E+28  0.221E+28  0.550E+27  0.504E+28  0.130E-26  0.000E+00  0.000E+00
 0.450E+00  0.119E+01  0.411E+02  0.241E+01  0.100E+01  0.141E+01  0.233E+01  0.218E-07  0.217E-07  0.147E-06  0.427E-07  0.285E+00  0.127E-06  0.969E+00  0.981E+00  0.970E+00  0.000E+00  0.217E+28  0.217E+28  0.535E+27  0.490E+28  0.127E-26  0.000E+00  0.000E+00
 0.460E+00  0.120E+01  0.411E+02  0.241E+01  0.101E+01  0.139E+01  0.229E+01  0.213E-07  0.213E-07  0.143E-06  0.415E-07  0.287E+00  0.123E-06  0.962E+00  0.975E+00  0.963E+00  0.000E+00  0.212E+28  0.212E+28  0.520E+27  0.476E+28  0.123E-26  0.000E+00  0.000E+00
 0.470E+00  0.122E+01  0.411E+02  0.241E+01  0.103E+01  0.138E+01  0.225E+01  0.207E-07  0.207E-07  0.139E-06  0.403E-07  0.287E+00  0.120E-06  0.962E+00  0.976E+00  0.964E+00  0.000E+00  0.206E+28  0.206E+28  0.505E+27  0.462E+28  0.120E-26  0.000E+00  0.000E+00
 0.480E+00  0.123E+01  0.411E+02  0.241E+01  0.104E+01  0.137E+01  0.222E+01  0.200E-07  0.199E-07  0.135E-06  0.392E-07  0.285E+00  0.116E-06  0.970E+00  0.984E+00  0.972E+00  0.000E+00  0.199E+28  0.198E+28  0.491E+27  0.449E+28  0.116E-26  0.000E+00  0.000E+00
 0.490E+00  0.125E+01  0.411E+02  0.241E+01  0.105E+01  0.136E+01  0.218E+01  0.191E-07  0.190E-07  0.131E-06  0.381E-07  0.281E+00  0.113E-06  0.986E+00  0.100E+01  0.989E+00  0.000E+00  0.190E+28  0.190E+28  0.478E+27  0.436E+28  0.113E-26  0.000E+00  0.000E+00
 0.500E+00  0.126E+01  0.411E+02  0.241E+01  0.106E+01  0.134E+01  0.214E+01  0.181E-07  0.181E-07  0.128E-06  0.370E-07  0.277E+00  0.110E-06  0.101E+01  0.102E+01  0.101E+01  0.000E+00  0.180E+28  0.180E+28  0.464E+27  0.424E+28  0.110E-26  0.000E+00  0.000E+00
 0.510E+00  0.128E+01  0.411E+02  0.241E+01  0.107E+01  0.133E+01  0.211E+01  0.172E-07  0.171E-07  0.124E-06  0.360E-07  0.272E+00  0.106E-06  0.103E+01  0.105E+01  0.104E+01  0.000E+00  0.171E+28  0.171E+28  0.451E+27  0.411E+28  0.106E-26  0.000E+00  0.000E+00
 0.520E+00  0.129E+01  0.411E+02  0.241E+01  0.109E+01  0.132E+01  0.207E+01  0.163E-07  0.162E-07  0.120E-06  0.350E-07  0.267E+00  0.103E-06  0.106E+01  0.108E+01  0.106E+01  0.000E+00  0.162E+28  0.162E+28  0.439E+27  0.400E+28  0.103E-26  0.000E+00  0.000E+00
 0.530E+00  0.130E+01  0.411E+02  0.241E+01  0.110E+01  0.131E+01  0.204E+01  0.155E-07  0.155E-07  0.117E-06  0.341E-07  0.263E+00  0.101E-06  0.108E+01  0.110E+01  0.108E+01  0.000E+00  0.154E+28  0.154E+28  0.427E+27  0.388E+28  0.101E-26  0.000E+00  0.000E+00
 0.540E+00  0.132E+01  0.411E+02  0.241E+01  0.111E+01  0.130E+01  0.200E+01  0.148E-07  0.148E-07  0.114E-06  0.332E-07  0.260E+00  0.976E-07  0.110E+01  0.112E+01  0.110E+01  0.000E+00  0.148E+28  0.147E+28  0.416E+27  0.377E+28  0.976E-27  0.000E+00  0.000E+00
 0.550E+00  0.133E+01  0.411E+02  0.241E+01  0.112E+01  0.129E+01  0.197E+01  0.143E-07  0.143E-07  0.110E-06  0.323E-07  0.259E+00  0.949E-07  0.111E+01  0.113E+01  0.111E+01  0.000E+00  0.142E+28  0.142E+28  0.405E+27  0.366E+28  0.949E-27  0.000E+00  0.000E+00
 0.560E+00  0.134E+01  0.411E+02  0.241E+01  0.113E+01  0.128E+01  0.193E+01  0.139E-07  0.138E-07  0.107E-06  0.314E-07  0.258E+00  0.922E-07  0.111E+01  0.114E+01  0.111E+01  0.000E+00  0.138E+28  0.138E+28  0.394E+27  0.356E+28  0.922E-27  0.000E+00  0.000E+00
 0.570E+00  0.135E+01  0.411E+02  0.241E+01  0.114E+01  0.127E+01  0.190E+01  0.135E-07  0.135E-07  0.104E-06  0.307E-07  0.259E+00  0.895E-07  0.110E+01  0.114E+01  0.111E+01  0.000E+00  0.135E+28  0.134E+28  0.384E+27  0.346E+28  0.895E-27  0.000E+00  0.000E+00
 0.580E+00  0.137E+01  0.411E+02  0.241E+01  0.115E+01  0.126E+01  0.187E+01  0.132E-07  0.132E-07  0.101E-06  0.299E-07  0.261E+00  0.869E-07  0.109E+01  0.113E+01  0.110E+01  0.000E+00  0.132E+28  0.132E+28  0.374E+27  0.336E+28  0.869E-27  0.000E+00  0.000E+00
 0.590E+00  0.138E+01  0.411E+02  0.241E+01  0.116E+01  0.125E+01  0.184E+01  0.130E-07  0.130E-07  0.981E-07  0.291E-07  0.263E+00  0.844E-07  0.108E+01  0.112E+01  0.108E+01  0.000E+00  0.130E+28  0.129E+28  0.365E+27  0.326E+28  0.844E-27  0.000E+00  0.000E+00
 0.600E+00  0.139E+01  0.411E+02  0.241E+01  0.117E+01  0.124E+01  0.181E+01  0.128E-07  0.128E-07  0.953E-07  0.284E-07  0.266E+00  0.820E-07  0.106E+01  0.111E+01  0.107E+01  0.000E+00  0.128E+28  0.128E+28  0.356E+27  0.316E+28  0.820E-27  0.000E+00  0.000E+00
 0.610E+00  0.140E+01  0.411E+02  0.241E+01  0.118E+01  0.123E+01  0.178E+01  0.127E-07  0.127E-07  0.924E-07  0.277E-07  0.270E+00  0.796E-07  0.104E+01  0.109E+01  0.105E+01  0.000E+00  0.126E+28  0.126E+28  0.347E+27  0.307E+28  0.796E-27  0.000E+00  0.000E+00
 0.620E+00  0.141E+01  0.411E+02  0.241E+01  0.119E+01  0.122E+01  0.175E+01  0.126E-07  0.126E-07  0.898E-07  0.269E-07  0.274E+00  0.773E-07  0.102E+01  0.107E+01  0.102E+01  0.000E+00  0.126E+28  0.125E+28  0.338E+27  0.298E+28  0.773E-27  0.000E+00  0.000E+00
 0.630E+00  0.143E+01  0.411E+02  0.241E+01  0.120E+01  0.121E+01  0.172E+01  0.126E-07  0.126E-07  0.871E-07  0.262E-07  0.280E+00  0.750E-07  0.991E+00  0.104E+01  0.996E+00  0.000E+00  0.125E+28  0.125E+28  0.329E+27  0.289E+28  0.750E-27  0.000E+00  0.000E+00
 0.640E+00  0.144E+01  0.411E+02  0.241E+01  0.121E+01  0.120E+01  0.169E+01  0.126E-07  0.126E-07  0.845E-07  0.255E-07  0.286E+00  0.728E-07  0.960E+00  0.102E+01  0.965E+00  0.000E+00  0.126E+28  0.125E+28  0.320E+27  0.281E+28  0.728E-27  0.000E+00  0.000E+00
 0.650E+00  0.145E+01  0.411E+02  0.241E+01  0.122E+01  0.119E+01  0.166E+01  0.127E-07  0.126E-07  0.820E-07  0.248E-07  0.293E+00  0.707E-07  0.927E+00  0.982E+00  0.932E+00  0.000E+00  0.126E+28  0.126E+28  0.311E+27  0.272E+28  0.707E-27  0.000E+00  0.000E+00
 0.660E+00  0.146E+01  0.411E+02  0.241E+01  0.123E+01  0.118E+01  0.163E+01  0.127E-07  0.127E-07  0.796E-07  0.241E-07  0.300E+00  0.686E-07  0.896E+00  0.951E+00  0.900E+00  0.000E+00  0.127E+28  0.126E+28  0.303E+27  0.264E+28  0.686E-27  0.000E+00  0.000E+00
 0.670E+00  0.147E+01  0.411E+02  0.241E+01  0.124E+01  0.117E+01  0.160E+01  0.128E-07  0.127E-07  0.773E-07  0.235E-07  0.307E+00  0.666E-07  0.868E+00  0.922E+00  0.872E+00  0.000E+00  0.127E+28  0.127E+28  0.294E+27  0.257E+28  0.666E-27  0.000E+00  0.000E+00
 0.680E+00  0.148E+01  0.411E+02  0.241E+01  0.125E+01  0.116E+01  0.158E+01  0.128E-07  0.127E-07  0.751E-07  0.228E-07  0.313E+00  0.647E-07  0.842E+00  0.895E+00  0.847E+00  0.000E+00  0.127E+28  0.127E+28  0.286E+27  0.249E+28  0.647E-27  0.000E+00  0.000E+00
 0.690E+00  0.149E+01  0.411E+02  0.241E+01  0.126E+01  0.115E+01  0.155E+01  0.126E-07  0.126E-07  0.729E-07  0.221E-07  0.318E+00  0.628E-07  0.825E+00  0.876E+00  0.830E+00  0.000E+00  0.126E+28  0.126E+28  0.277E+27  0.242E+28  0.628E-27  0.000E+00  0.000E+00
 0.700E+00  0.150E+01  0.411E+02  0.241E+01  0.126E+01  0.114E+01  0.152E+01  0.124E-07  0.124E-07  0.709E-07  0.215E-07  0.320E+00  0.611E-07  0.817E+00  0.866E+00  0.821E+00  0.000E+00  0.124E+28  0.123E+28  0.269E+27  0.235E+28  0.611E-27  0.000E+00  0.000E+00
 0.710E+00  0.151E+01  0.411E+02  0.241E+01  0.127E+01  0.113E+01  0.150E+01  0.121E-07  0.121E-07  0.689E-07  0.208E-07  0.321E+00  0.594E-07  0.816E+00  0.863E+00  0.820E+00  0.000E+00  0.121E+28  0.120E+28  0.261E+27  0.229E+28  0.594E-27  0.000E+00  0.000E+00
 0.720E+00  0.152E+01  0.411E+02  0.241E+01  0.128E+01  0.113E+01  0.147E+01  0.116E-07  0.116E-07  0.671E-07  0.202E-07  0.317E+00  0.578E-07  0.828E+00  0.872E+00  0.832E+00  0.000E+00  0.116E+28  0.115E+28  0.253E+27  0.223E+28  0.578E-27  0.000E+00  0.000E+00
 0.730E+00  0.153E+01  0.411E+02  0.241E+01  0.129E+01  0.112E+01  0.145E+01  0.110E-07  0.110E-07  0.653E-07  0.196E-07  0.312E+00  0.562E-07  0.850E+00  0.893E+00  0.854E+00  0.000E+00  0.110E+28  0.109E+28  0.245E+27  0.217E+28  0.562E-27  0.000E+00  0.000E+00
 0.740E+00  0.154E+01  0.411E+02  0.241E+01  0.130E+01  0.111E+01  0.142E+01  0.103E-07  0.102E-07  0.636E-07  0.190E-07  0.303E+00  0.548E-07  0.888E+00  0.927E+00  0.892E+00  0.000E+00  0.102E+28  0.102E+28  0.238E+27  0.211E+28  0.548E-27  0.000E+00  0.000E+00
 0.750E+00  0.155E+01  0.411E+02  0.241E+01  0.131E+01  0.110E+01  0.140E+01  0.945E-08  0.945E-08  0.619E-07  0.184E-07  0.292E+00  0.533E-07  0.936E+00  0.974E+00  0.940E+00  0.000E+00  0.941E+27  0.941E+27  0.231E+27  0.206E+28  0.533E-27  0.000E+00  0.000E+00
 0.760E+00  0.156E+01  0.411E+02  0.241E+01  0.131E+01  0.109E+01  0.137E+01  0.861E-08  0.861E-08  0.603E-07  0.178E-07  0.278E+00  0.519E-07  0.100E+01  0.104E+01  0.100E+01  0.000E+00  0.858E+27  0.858E+27  0.224E+27  0.200E+28  0.519E-27  0.000E+00  0.000E+00
 0.770E+00  0.157E+01  0.411E+02  0.241E+01  0.132E+01  0.109E+01  0.135E+01  0.778E-08  0.780E-08  0.587E-07  0.173E-07  0.264E+00  0.506E-07  0.108E+01  0.111E+01  0.108E+01  0.000E+00  0.776E+27  0.778E+27  0.217E+27  0.195E+28  0.506E-27  0.000E+00  0.000E+00
 0.780E+00  0.158E+01  0.411E+02  0.241E+01  0.133E+01  0.108E+01  0.133E+01  0.701E-08  0.704E-08  0.573E-07  0.168E-07  0.249E+00  0.493E-07  0.116E+01  0.119E+01  0.117E+01  0.000E+00  0.699E+27  0.702E+27  0.211E+27  0.190E+28  0.493E-27  0.000E+00  0.000E+00
 0.790E+00  0.159E+01  0.411E+02  0.241E+01  0.134E+01  0.107E+01  0.130E+01  0.630E-08  0.634E-08  0.559E-07  0.163E-07  0.235E+00  0.481E-07  0.126E+01  0.129E+01  0.127E+01  0.000E+00  0.628E+27  0.632E+27  0.205E+27  0.186E+28  0.481E-27  0.000E+00  0.000E+00
 0.800E+00  0.160E+01  0.411E+02  0.241E+01  0.134E+01  0.106E+01  0.128E+01  0.572E-08  0.577E-08  0.546E-07  0.159E-07  0.222E+00  0.470E-07  0.135E+01  0.138E+01  0.136E+01  0.000E+00  0.570E+27  0.575E+27  0.199E+27  0.181E+28  0.470E-27  0.000E+00  0.000E+00
 0.810E+00  0.160E+01  0.411E+02  0.241E+01  0.135E+01  0.106E+01  0.126E+01  0.523E-08  0.528E-08  0.533E-07  0.155E-07  0.211E+00  0.459E-07  0.144E+01  0.147E+01  0.145E+01  0.000E+00  0.521E+27  0.526E+27  0.194E+27  0.177E+28  0.459E-27  0.000E+00  0.000E+00
 0.820E+00  0.161E+01  0.411E+02  0.241E+01  0.136E+01  0.105E+01  0.123E+01  0.481E-08  0.486E-08  0.521E-07  0.151E-07  0.202E+00  0.448E-07  0.153E+01  0.155E+01  0.154E+01  0.000E+00  0.479E+27  0.485E+27  0.189E+27  0.173E+28  0.448E-27  0.000E+00  0.000E+00
 0.830E+00  0.162E+01  0.411E+02  0.241E+01  0.137E+01  0.104E+01  0.121E+01  0.454E-08  0.460E-08  0.509E-07  0.147E-07  0.196E+00  0.438E-07  0.158E+01  0.160E+01  0.159E+01  0.000E+00  0.452E+27  0.458E+27  0.185E+27  0.169E+28  0.438E-27  0.000E+00  0.000E+00
 0.840E+00  0.163E+01  0.411E+02  0.241E+01  0.137E+01  0.103E+01  0.119E+01  0.436E-08  0.442E-08  0.499E-07  0.144E-07  0.193E+00  0.429E-07  0.161E+01  0.163E+01  0.162E+01  0.000E+00  0.434E+27  0.441E+27  0.181E+27  0.166E+28  0.429E-27  0.000E+00  0.000E+00
 0.850E+00  0.164E+01  0.411E+02  0.241E+01  0.138E+01  0.103E+01  0.117E+01  0.432E-08  0.439E-08  0.488E-07  0.141E-07  0.196E+00  0.420E-07  0.159E+01  0.161E+01  0.159E+01  0.000E+00  0.431E+27  0.438E+27  0.177E+27  0.162E+28  0.420E-27  0.000E+00  0.000E+00
 0.860E+00  0.165E+01  0.411E+02  0.241E+01  0.139E+01  0.102E+01  0.115E+01  0.429E-08  0.437E-08  0.478E-07  0.139E-07  0.198E+00  0.412E-07  0.156E+01  0.159E+01  0.157E+01  0.000E+00  0.428E+27  0.435E+27  0.174E+27  0.159E+28  0.412E-27  0.000E+00  0.000E+00
 0.870E+00  0.165E+01  0.411E+02  0.241E+01  0.139E+01  0.101E+01  0.113E+01  0.449E-08  0.457E-08  0.469E-07  0.136E-07  0.209E+00  0.403E-07  0.147E+01  0.149E+01  0.147E+01  0.000E+00  0.448E+27  0.456E+27  0.171E+27  0.156E+28  0.403E-27  0.000E+00  0.000E+00
 0.880E+00  0.166E+01  0.411E+02  0.241E+01  0.140E+01  0.101E+01  0.111E+01  0.479E-08  0.488E-08  0.460E-07  0.134E-07  0.223E+00  0.395E-07  0.135E+01  0.137E+01  0.135E+01  0.000E+00  0.477E+27  0.486E+27  0.168E+27  0.153E+28  0.395E-27  0.000E+00  0.000E+00
 0.890E+00  0.167E+01  0.411E+02  0.241E+01  0.141E+01  0.100E+01  0.109E+01  0.522E-08  0.532E-08  0.451E-07  0.132E-07  0.242E+00  0.388E-07  0.121E+01  0.124E+01  0.122E+01  0.000E+00  0.520E+27  0.530E+27  0.165E+27  0.150E+28  0.388E-27  0.000E+00  0.000E+00
 0.900E+00  0.168E+01  0.411E+02  0.241E+01  0.141E+01  0.993E+00  0.107E+01  0.568E-08  0.578E-08  0.443E-07  0.130E-07  0.261E+00  0.381E-07  0.109E+01  0.112E+01  0.110E+01  0.000E+00  0.566E+27  0.576E+27  0.163E+27  0.147E+28  0.381E-27  0.000E+00  0.000E+00
 0.910E+00  0.169E+01  0.411E+02  0.241E+01  0.142E+01  0.987E+00  0.105E+01  0.637E-08  0.649E-08  0.434E-07  0.128E-07  0.287E+00  0.374E-07  0.956E+00  0.985E+00  0.959E+00  0.000E+00  0.635E+27  0.647E+27  0.160E+27  0.144E+28  0.374E-27  0.000E+00  0.000E+00
 0.920E+00  0.169E+01  0.411E+02  0.241E+01  0.143E+01  0.981E+00  0.103E+01  0.710E-08  0.722E-08  0.426E-07  0.126E-07  0.314E+00  0.366E-07  0.843E+00  0.872E+00  0.846E+00  0.000E+00  0.708E+27  0.720E+27  0.158E+27  0.142E+28  0.366E-27  0.000E+00  0.000E+00
 0.930E+00  0.170E+01  0.411E+02  0.241E+01  0.143E+01  0.974E+00  0.101E+01  0.789E-08  0.801E-08  0.418E-07  0.124E-07  0.341E+00  0.359E-07  0.745E+00  0.775E+00  0.747E+00  0.000E+00  0.786E+27  0.799E+27  0.156E+27  0.139E+28  0.359E-27  0.000E+00  0.000E+00
 0.940E+00  0.171E+01  0.411E+02  0.241E+01  0.144E+01  0.968E+00  0.989E+00  0.902E-08  0.915E-08  0.410E-07  0.122E-07  0.376E+00  0.352E-07  0.640E+00  0.669E+00  0.642E+00  0.000E+00  0.898E+27  0.912E+27  0.153E+27  0.136E+28  0.352E-27  0.000E+00  0.000E+00
 0.950E+00  0.172E+01  0.411E+02  0.241E+01  0.144E+01  0.962E+00  0.971E+00  0.998E-08  0.101E-07  0.402E-07  0.120E-07  0.404E+00  0.345E-07  0.568E+00  0.595E+00  0.569E+00  0.000E+00  0.995E+27  0.101E+28  0.151E+27  0.133E+28  0.345E-27  0.000E+00  0.000E+00
 0.960E+00  0.172E+01  0.411E+02  0.241E+01  0.145E+01  0.956E+00  0.952E+00  0.111E-07  0.112E-07  0.393E-07  0.118E-07  0.435E+00  0.338E-07  0.500E+00  0.526E+00  0.501E+00  0.000E+00  0.111E+28  0.112E+28  0.148E+27  0.131E+28  0.338E-27  0.000E+00  0.000E+00
 0.970E+00  0.173E+01  0.411E+02  0.241E+01  0.146E+01  0.950E+00  0.934E+00  0.120E-07  0.121E-07  0.385E-07  0.116E-07  0.459E+00  0.331E-07  0.454E+00  0.480E+00  0.455E+00  0.000E+00  0.120E+28  0.121E+28  0.146E+27  0.128E+28  0.331E-27  0.000E+00  0.000E+00
 0.980E+00  0.174E+01  0.411E+02  0.241E+01  0.146E+01  0.944E+00  0.916E+00  0.127E-07  0.128E-07  0.376E-07  0.114E-07  0.479E+00  0.323E-07  0.419E+00  0.444E+00  0.420E+00  0.000E+00  0.127E+28  0.128E+28  0.143E+27  0.125E+28  0.323E-27  0.000E+00  0.000E+00
 0.990E+00  0.174E+01  0.411E+02  0.241E+01  0.147E+01  0.938E+00  0.898E+00  0.131E-07  0.131E-07  0.367E-07  0.111E-07  0.491E+00  0.315E-07  0.399E+00  0.423E+00  0.400E+00  0.000E+00  0.131E+28  0.131E+28  0.140E+27  0.122E+28  0.315E-27  0.000E+00  0.000E+00
 0.100E+01  0.175E+01  0.411E+02  0.241E+01  0.147E+01  0.933E+00  0.880E+00  0.131E-07  0.131E-07  0.358E-07  0.109E-07  0.496E+00  0.308E-07  0.391E+00  0.415E+00  0.392E+00  0.000E+00  0.130E+28  0.130E+28  0.136E+27  0.119E+28  0.308E-27  0.000E+00  0.000E+00
 0.101E+01  0.176E+01  0.411E+02  0.241E+01  0.148E+01  0.927E+00  0.863E+00  0.127E-07  0.127E-07  0.348E-07  0.106E-07  0.495E+00  0.299E-07  0.393E+00  0.417E+00  0.394E+00  0.000E+00  0.127E+28  0.126E+28  0.132E+27  0.116E+28  0.299E-27  0.000E+00  0.000E+00
 0.102E+01  0.176E+01  0.411E+02  0.241E+01  0.149E+01  0.921E+00  0.846E+00  0.120E-07  0.120E-07  0.339E-07  0.102E-07  0.488E+00  0.291E-07  0.404E+00  0.428E+00  0.405E+00  0.000E+00  0.120E+28  0.119E+28  0.128E+27  0.112E+28  0.291E-27  0.000E+00  0.000E+00
 0.103E+01  0.177E+01  0.411E+02  0.241E+01  0.149E+01  0.916E+00  0.829E+00  0.110E-07  0.109E-07  0.329E-07  0.991E-08  0.472E+00  0.282E-07  0.431E+00  0.455E+00  0.432E+00  0.000E+00  0.109E+28  0.108E+28  0.124E+27  0.109E+28  0.282E-27  0.000E+00  0.000E+00
 0.104E+01  0.178E+01  0.411E+02  0.241E+01  0.150E+01  0.910E+00  0.812E+00  0.997E-08  0.986E-08  0.318E-07  0.955E-08  0.455E+00  0.273E-07  0.461E+00  0.484E+00  0.462E+00  0.000E+00  0.994E+27  0.983E+27  0.120E+27  0.106E+28  0.273E-27  0.000E+00  0.000E+00
 0.105E+01  0.178E+01  0.411E+02  0.241E+01  0.150E+01  0.905E+00  0.795E+00  0.894E-08  0.881E-08  0.308E-07  0.917E-08  0.436E+00  0.264E-07  0.499E+00  0.520E+00  0.500E+00  0.000E+00  0.891E+27  0.878E+27  0.115E+27  0.102E+28  0.264E-27  0.000E+00  0.000E+00
 0.106E+01  0.179E+01  0.411E+02  0.241E+01  0.151E+01  0.900E+00  0.779E+00  0.769E-08  0.756E-08  0.297E-07  0.878E-08  0.407E+00  0.255E-07  0.561E+00  0.581E+00  0.562E+00  0.000E+00  0.766E+27  0.754E+27  0.110E+27  0.986E+27  0.255E-27  0.000E+00  0.000E+00
 0.107E+01  0.180E+01  0.411E+02  0.241E+01  0.151E+01  0.894E+00  0.763E+00  0.679E-08  0.666E-08  0.286E-07  0.838E-08  0.386E+00  0.246E-07  0.614E+00  0.629E+00  0.615E+00  0.000E+00  0.676E+27  0.664E+27  0.105E+27  0.950E+27  0.246E-27  0.000E+00  0.000E+00
 0.108E+01  0.180E+01  0.411E+02  0.241E+01  0.152E+01  0.889E+00  0.747E+00  0.575E-08  0.562E-08  0.275E-07  0.797E-08  0.356E+00  0.236E-07  0.699E+00  0.709E+00  0.700E+00  0.000E+00  0.573E+27  0.560E+27  0.999E+26  0.913E+27  0.236E-27  0.000E+00  0.000E+00
 0.109E+01  0.181E+01  0.411E+02  0.241E+01  0.152E+01  0.884E+00  0.731E+00  0.504E-08  0.491E-08  0.264E-07  0.756E-08  0.335E+00  0.227E-07  0.767E+00  0.769E+00  0.769E+00  0.000E+00  0.502E+27  0.490E+27  0.947E+26  0.877E+27  0.227E-27  0.000E+00  0.000E+00
 0.110E+01  0.181E+01  0.411E+02  0.241E+01  0.153E+01  0.879E+00  0.715E+00  0.436E-08  0.424E-08  0.253E-07  0.715E-08  0.313E+00  0.217E-07  0.852E+00  0.842E+00  0.854E+00  0.000E+00  0.434E+27  0.423E+27  0.895E+26  0.840E+27  0.217E-27  0.000E+00  0.000E+00
 0.111E+01  0.182E+01  0.411E+02  0.241E+01  0.153E+01  0.874E+00  0.700E+00  0.382E-08  0.370E-08  0.242E-07  0.674E-08  0.294E+00  0.208E-07  0.933E+00  0.910E+00  0.935E+00  0.000E+00  0.381E+27  0.369E+27  0.845E+26  0.804E+27  0.208E-27  0.000E+00  0.000E+00
 0.112E+01  0.183E+01  0.411E+02  0.241E+01  0.154E+01  0.869E+00  0.685E+00  0.322E-08  0.312E-08  0.231E-07  0.634E-08  0.268E+00  0.198E-07  0.106E+01  0.102E+01  0.106E+01  0.000E+00  0.321E+27  0.311E+27  0.794E+26  0.768E+27  0.198E-27  0.000E+00  0.000E+00
 0.113E+01  0.183E+01  0.411E+02  0.241E+01  0.154E+01  0.864E+00  0.670E+00  0.282E-08  0.272E-08  0.220E-07  0.595E-08  0.252E+00  0.189E-07  0.116E+01  0.109E+01  0.116E+01  0.000E+00  0.281E+27  0.271E+27  0.746E+26  0.732E+27  0.189E-27  0.000E+00  0.000E+00
 0.114E+01  0.184E+01  0.411E+02  0.241E+01  0.155E+01  0.859E+00  0.655E+00  0.246E-08  0.237E-08  0.210E-07  0.557E-08  0.235E+00  0.180E-07  0.127E+01  0.118E+01  0.127E+01  0.000E+00  0.245E+27  0.236E+27  0.699E+26  0.697E+27  0.180E-27  0.000E+00  0.000E+00
 0.115E+01  0.184E+01  0.411E+02  0.241E+01  0.155E+01  0.854E+00  0.640E+00  0.216E-08  0.207E-08  0.200E-07  0.521E-08  0.221E+00  0.172E-07  0.138E+01  0.126E+01  0.138E+01  0.000E+00  0.215E+27  0.206E+27  0.653E+26  0.664E+27  0.172E-27  0.000E+00  0.000E+00
 0.116E+01  0.185E+01  0.411E+02  0.241E+01  0.156E+01  0.849E+00  0.625E+00  0.204E-08  0.195E-08  0.190E-07  0.487E-08  0.219E+00  0.163E-07  0.139E+01  0.125E+01  0.139E+01  0.000E+00  0.203E+27  0.194E+27  0.610E+26  0.631E+27  0.163E-27  0.000E+00  0.000E+00
 0.117E+01  0.185E+01  0.411E+02  0.241E+01  0.156E+01  0.845E+00  0.611E+00  0.162E-08  0.155E-08  0.180E-07  0.454E-08  0.190E+00  0.155E-07  0.166E+01  0.147E+01  0.167E+01  0.000E+00  0.162E+27  0.154E+27  0.569E+26  0.599E+27  0.155E-27  0.000E+00  0.000E+00
 0.118E+01  0.186E+01  0.411E+02  0.241E+01  0.157E+01  0.840E+00  0.597E+00  0.143E-08  0.136E-08  0.171E-07  0.423E-08  0.179E+00  0.147E-07  0.179E+01  0.155E+01  0.180E+01  0.000E+00  0.143E+27  0.136E+27  0.531E+26  0.568E+27  0.147E-27  0.000E+00  0.000E+00
 0.119E+01  0.187E+01  0.411E+02  0.241E+01  0.157E+01  0.835E+00  0.583E+00  0.123E-08  0.117E-08  0.162E-07  0.394E-08  0.165E+00  0.139E-07  0.198E+01  0.169E+01  0.199E+01  0.000E+00  0.123E+27  0.117E+27  0.494E+26  0.539E+27  0.139E-27  0.000E+00  0.000E+00
 0.120E+01  0.187E+01  0.411E+02  0.241E+01  0.158E+01  0.831E+00  0.569E+00  0.112E-08  0.106E-08  0.154E-07  0.367E-08  0.160E+00  0.132E-07  0.207E+01  0.173E+01  0.207E+01  0.000E+00  0.112E+27  0.106E+27  0.460E+26  0.511E+27  0.132E-27  0.000E+00  0.000E+00
 0.121E+01  0.188E+01  0.411E+02  0.241E+01  0.158E+01  0.826E+00  0.555E+00  0.971E-09  0.916E-09  0.146E-07  0.342E-08  0.148E+00  0.125E-07  0.227E+01  0.187E+01  0.228E+01  0.000E+00  0.967E+26  0.913E+26  0.429E+26  0.484E+27  0.125E-27  0.000E+00  0.000E+00
 0.122E+01  0.188E+01  0.411E+02  0.241E+01  0.159E+01  0.822E+00  0.541E+00  0.887E-09  0.835E-09  0.138E-07  0.318E-08  0.143E+00  0.119E-07  0.236E+01  0.191E+01  0.237E+01  0.000E+00  0.884E+26  0.832E+26  0.399E+26  0.459E+27  0.119E-27  0.000E+00  0.000E+00
 0.123E+01  0.189E+01  0.411E+02  0.241E+01  0.159E+01  0.817E+00  0.528E+00  0.753E-09  0.707E-09  0.131E-07  0.296E-08  0.130E+00  0.112E-07  0.265E+01  0.210E+01  0.265E+01  0.000E+00  0.750E+26  0.704E+26  0.372E+26  0.435E+27  0.112E-27  0.000E+00  0.000E+00
 0.124E+01  0.189E+01  0.411E+02  0.241E+01  0.159E+01  0.813E+00  0.514E+00  0.693E-09  0.649E-09  0.124E-07  0.276E-08  0.126E+00  0.106E-07  0.273E+01  0.213E+01  0.273E+01  0.000E+00  0.691E+26  0.647E+26  0.346E+26  0.412E+27  0.106E-27  0.000E+00  0.000E+00
 0.125E+01  0.190E+01  0.411E+02  0.241E+01  0.160E+01  0.809E+00  0.501E+00  0.634E-09  0.592E-09  0.118E-07  0.257E-08  0.122E+00  0.101E-07  0.284E+01  0.217E+01  0.284E+01  0.000E+00  0.632E+26  0.590E+26  0.323E+26  0.391E+27  0.101E-27  0.000E+00  0.000E+00
 0.126E+01  0.190E+01  0.411E+02  0.241E+01  0.160E+01  0.804E+00  0.488E+00  0.559E-09  0.520E-09  0.112E-07  0.240E-08  0.115E+00  0.957E-08  0.306E+01  0.231E+01  0.307E+01  0.000E+00  0.557E+26  0.518E+26  0.301E+26  0.370E+27  0.957E-28  0.000E+00  0.000E+00
 0.127E+01  0.191E+01  0.411E+02  0.241E+01  0.161E+01  0.800E+00  0.475E+00  0.513E-09  0.476E-09  0.106E-07  0.224E-08  0.111E+00  0.907E-08  0.317E+01  0.235E+01  0.318E+01  0.000E+00  0.511E+26  0.475E+26  0.281E+26  0.351E+27  0.907E-28  0.000E+00  0.000E+00
 0.128E+01  0.191E+01  0.411E+02  0.241E+01  0.161E+01  0.796E+00  0.462E+00  0.427E-09  0.396E-09  0.100E-07  0.209E-08  0.988E-01  0.861E-08  0.362E+01  0.265E+01  0.363E+01  0.000E+00  0.426E+26  0.394E+26  0.262E+26  0.333E+27  0.861E-28  0.000E+00  0.000E+00
 0.129E+01  0.192E+01  0.411E+02  0.241E+01  0.162E+01  0.792E+00  0.449E+00  0.393E-09  0.363E-09  0.953E-08  0.196E-08  0.960E-01  0.817E-08  0.375E+01  0.270E+01  0.375E+01  0.000E+00  0.392E+26  0.362E+26  0.245E+26  0.316E+27  0.817E-28  0.000E+00  0.000E+00
 0.130E+01  0.192E+01  0.411E+02  0.241E+01  0.162E+01  0.788E+00  0.437E+00  0.365E-09  0.336E-09  0.905E-08  0.183E-08  0.939E-01  0.776E-08  0.384E+01  0.272E+01  0.385E+01  0.000E+00  0.364E+26  0.335E+26  0.230E+26  0.301E+27  0.776E-28  0.000E+00  0.000E+00
 0.131E+01  0.193E+01  0.411E+02  0.241E+01  0.162E+01  0.784E+00  0.424E+00  0.325E-09  0.298E-09  0.860E-08  0.172E-08  0.882E-01  0.738E-08  0.412E+01  0.288E+01  0.412E+01  0.000E+00  0.324E+26  0.297E+26  0.215E+26  0.286E+27  0.738E-28  0.000E+00  0.000E+00
 0.132E+01  0.193E+01  0.411E+02  0.241E+01  0.163E+01  0.780E+00  0.412E+00  0.302E-09  0.277E-09  0.818E-08  0.161E-08  0.864E-01  0.702E-08  0.422E+01  0.291E+01  0.422E+01  0.000E+00  0.301E+26  0.276E+26  0.202E+26  0.272E+27  0.702E-28  0.000E+00  0.000E+00
 0.133E+01  0.194E+01  0.411E+02  0.241E+01  0.163E+01  0.776E+00  0.400E+00  0.270E-09  0.247E-09  0.779E-08  0.151E-08  0.813E-01  0.669E-08  0.451E+01  0.307E+01  0.452E+01  0.000E+00  0.269E+26  0.246E+26  0.190E+26  0.259E+27  0.669E-28  0.000E+00  0.000E+00
 0.134E+01  0.194E+01  0.411E+02  0.241E+01  0.164E+01  0.772E+00  0.388E+00  0.252E-09  0.230E-09  0.743E-08  0.142E-08  0.797E-01  0.637E-08  0.461E+01  0.310E+01  0.462E+01  0.000E+00  0.251E+26  0.229E+26  0.179E+26  0.247E+27  0.637E-28  0.000E+00  0.000E+00
 0.135E+01  0.195E+01  0.411E+02  0.241E+01  0.164E+01  0.768E+00  0.376E+00  0.235E-09  0.213E-09  0.709E-08  0.134E-08  0.777E-01  0.608E-08  0.475E+01  0.315E+01  0.475E+01  0.000E+00  0.234E+26  0.213E+26  0.168E+26  0.235E+27  0.608E-28  0.000E+00  0.000E+00
 0.136E+01  0.195E+01  0.411E+02  0.241E+01  0.164E+01  0.764E+00  0.364E+00  0.202E-09  0.183E-09  0.677E-08  0.127E-08  0.704E-01  0.580E-08  0.528E+01  0.346E+01  0.529E+01  0.000E+00  0.201E+26  0.182E+26  0.159E+26  0.225E+27  0.580E-28  0.000E+00  0.000E+00
 0.137E+01  0.195E+01  0.411E+02  0.241E+01  0.165E+01  0.760E+00  0.352E+00  0.189E-09  0.171E-09  0.647E-08  0.119E-08  0.690E-01  0.555E-08  0.541E+01  0.350E+01  0.541E+01  0.000E+00  0.188E+26  0.170E+26  0.150E+26  0.215E+27  0.555E-28  0.000E+00  0.000E+00
 0.138E+01  0.196E+01  0.411E+02  0.241E+01  0.165E+01  0.756E+00  0.341E+00  0.177E-09  0.160E-09  0.619E-08  0.113E-08  0.677E-01  0.531E-08  0.553E+01  0.353E+01  0.553E+01  0.000E+00  0.177E+26  0.159E+26  0.142E+26  0.206E+27  0.531E-28  0.000E+00  0.000E+00
 0.139E+01  0.196E+01  0.411E+02  0.241E+01  0.165E+01  0.753E+00  0.329E+00  0.161E-09  0.145E-09  0.593E-08  0.107E-08  0.643E-01  0.508E-08  0.584E+01  0.368E+01  0.584E+01  0.000E+00  0.161E+26  0.145E+26  0.134E+26  0.197E+27  0.508E-28  0.000E+00  0.000E+00
 0.140E+01  0.197E+01  0.411E+02  0.241E+01  0.166E+01  0.749E+00  0.318E+00  0.152E-09  0.136E-09  0.568E-08  0.101E-08  0.632E-01  0.487E-08  0.595E+01  0.372E+01  0.596E+01  0.000E+00  0.151E+26  0.136E+26  0.127E+26  0.189E+27  0.487E-28  0.000E+00  0.000E+00
 0.141E+01  0.197E+01  0.411E+02  0.241E+01  0.166E+01  0.745E+00  0.307E+00  0.137E-09  0.123E-09  0.545E-08  0.960E-09  0.594E-01  0.468E-08  0.636E+01  0.392E+01  0.636E+01  0.000E+00  0.137E+26  0.122E+26  0.120E+26  0.181E+27  0.468E-28  0.000E+00  0.000E+00
 0.142E+01  0.198E+01  0.411E+02  0.241E+01  0.167E+01  0.742E+00  0.296E+00  0.126E-09  0.112E-09  0.524E-08  0.912E-09  0.568E-01  0.449E-08  0.668E+01  0.407E+01  0.668E+01  0.000E+00  0.125E+26  0.112E+26  0.114E+26  0.174E+27  0.449E-28  0.000E+00  0.000E+00
 0.143E+01  0.198E+01  0.411E+02  0.241E+01  0.167E+01  0.738E+00  0.285E+00  0.119E-09  0.106E-09  0.504E-08  0.868E-09  0.559E-01  0.432E-08  0.680E+01  0.410E+01  0.680E+01  0.000E+00  0.119E+26  0.106E+26  0.109E+26  0.167E+27  0.432E-28  0.000E+00  0.000E+00
 0.144E+01  0.198E+01  0.411E+02  0.241E+01  0.167E+01  0.735E+00  0.274E+00  0.108E-09  0.960E-10  0.485E-08  0.827E-09  0.529E-01  0.416E-08  0.722E+01  0.431E+01  0.722E+01  0.000E+00  0.108E+26  0.957E+25  0.104E+26  0.161E+27  0.416E-28  0.000E+00  0.000E+00
 0.145E+01  0.199E+01  0.411E+02  0.241E+01  0.168E+01  0.731E+00  0.263E+00  0.104E-09  0.923E-10  0.467E-08  0.789E-09  0.528E-01  0.401E-08  0.723E+01  0.427E+01  0.723E+01  0.000E+00  0.104E+26  0.920E+25  0.988E+25  0.155E+27  0.401E-28  0.000E+00  0.000E+00
 0.146E+01  0.199E+01  0.411E+02  0.241E+01  0.168E+01  0.728E+00  0.252E+00  0.100E-09  0.886E-10  0.450E-08  0.753E-09  0.526E-01  0.386E-08  0.727E+01  0.425E+01  0.727E+01  0.000E+00  0.100E+26  0.883E+25  0.943E+25  0.150E+27  0.386E-28  0.000E+00  0.000E+00
 0.147E+01  0.200E+01  0.411E+02  0.241E+01  0.168E+01  0.724E+00  0.242E+00  0.919E-10  0.809E-10  0.435E-08  0.719E-09  0.500E-01  0.373E-08  0.767E+01  0.444E+01  0.767E+01  0.000E+00  0.916E+25  0.807E+25  0.902E+25  0.144E+27  0.373E-28  0.000E+00  0.000E+00
 0.148E+01  0.200E+01  0.411E+02  0.241E+01  0.169E+01  0.721E+00  0.231E+00  0.876E-10  0.770E-10  0.420E-08  0.688E-09  0.492E-01  0.360E-08  0.779E+01  0.447E+01  0.779E+01  0.000E+00  0.873E+25  0.767E+25  0.862E+25  0.139E+27  0.360E-28  0.000E+00  0.000E+00
 0.149E+01  0.201E+01  0.411E+02  0.241E+01  0.169E+01  0.717E+00  0.221E+00  0.855E-10  0.749E-10  0.406E-08  0.659E-09  0.496E-01  0.348E-08  0.774E+01  0.440E+01  0.774E+01  0.000E+00  0.852E+25  0.746E+25  0.826E+25  0.135E+27  0.348E-28  0.000E+00  0.000E+00
 0.150E+01  0.201E+01  0.411E+02  0.241E+01  0.169E+01  0.714E+00  0.211E+00  0.753E-10  0.658E-10  0.392E-08  0.631E-09  0.453E-01  0.336E-08  0.852E+01  0.480E+01  0.852E+01  0.000E+00  0.751E+25  0.656E+25  0.791E+25  0.130E+27  0.336E-28  0.000E+00  0.000E+00
 0.151E+01  0.201E+01  0.411E+02  0.241E+01  0.170E+01  0.711E+00  0.200E+00  0.730E-10  0.636E-10  0.380E-08  0.606E-09  0.452E-01  0.326E-08  0.853E+01  0.476E+01  0.853E+01  0.000E+00  0.727E+25  0.634E+25  0.759E+25  0.126E+27  0.326E-28  0.000E+00  0.000E+00
 0.152E+01  0.202E+01  0.411E+02  0.241E+01  0.170E+01  0.707E+00  0.190E+00  0.706E-10  0.614E-10  0.368E-08  0.581E-09  0.451E-01  0.315E-08  0.856E+01  0.473E+01  0.856E+01  0.000E+00  0.704E+25  0.612E+25  0.728E+25  0.122E+27  0.315E-28  0.000E+00  0.000E+00
 0.153E+01  0.202E+01  0.411E+02  0.241E+01  0.170E+01  0.704E+00  0.180E+00  0.655E-10  0.570E-10  0.357E-08  0.558E-09  0.433E-01  0.306E-08  0.894E+01  0.490E+01  0.895E+01  0.000E+00  0.653E+25  0.568E+25  0.700E+25  0.118E+27  0.306E-28  0.000E+00  0.000E+00
 0.154E+01  0.203E+01  0.411E+02  0.241E+01  0.171E+01  0.701E+00  0.170E+00  0.634E-10  0.551E-10  0.346E-08  0.537E-09  0.432E-01  0.296E-08  0.896E+01  0.487E+01  0.896E+01  0.000E+00  0.632E+25  0.549E+25  0.673E+25  0.115E+27  0.296E-28  0.000E+00  0.000E+00
 0.155E+01  0.203E+01  0.411E+02  0.241E+01  0.171E+01  0.698E+00  0.160E+00  0.613E-10  0.533E-10  0.336E-08  0.516E-09  0.431E-01  0.288E-08  0.899E+01  0.484E+01  0.899E+01  0.000E+00  0.611E+25  0.531E+25  0.647E+25  0.111E+27  0.288E-28  0.000E+00  0.000E+00
 0.156E+01  0.203E+01  0.411E+02  0.241E+01  0.171E+01  0.694E+00  0.151E+00  0.555E-10  0.482E-10  0.326E-08  0.497E-09  0.403E-01  0.279E-08  0.965E+01  0.515E+01  0.965E+01  0.000E+00  0.553E+25  0.481E+25  0.623E+25  0.108E+27  0.279E-28  0.000E+00  0.000E+00
 0.157E+01  0.204E+01  0.411E+02  0.241E+01  0.172E+01  0.691E+00  0.141E+00  0.538E-10  0.468E-10  0.316E-08  0.479E-09  0.403E-01  0.271E-08  0.966E+01  0.512E+01  0.966E+01  0.000E+00  0.536E+25  0.466E+25  0.600E+25  0.105E+27  0.271E-28  0.000E+00  0.000E+00
 0.158E+01  0.204E+01  0.411E+02  0.241E+01  0.172E+01  0.688E+00  0.131E+00  0.522E-10  0.454E-10  0.308E-08  0.462E-09  0.402E-01  0.264E-08  0.967E+01  0.508E+01  0.967E+01  0.000E+00  0.521E+25  0.453E+25  0.579E+25  0.102E+27  0.264E-28  0.000E+00  0.000E+00
 0.159E+01  0.204E+01  0.411E+02  0.241E+01  0.172E+01  0.685E+00  0.122E+00  0.507E-10  0.441E-10  0.299E-08  0.445E-09  0.402E-01  0.256E-08  0.969E+01  0.505E+01  0.969E+01  0.000E+00  0.505E+25  0.439E+25  0.558E+25  0.993E+26  0.256E-28  0.000E+00  0.000E+00
 0.160E+01  0.205E+01  0.411E+02  0.241E+01  0.173E+01  0.682E+00  0.113E+00  0.480E-10  0.417E-10  0.291E-08  0.430E-09  0.391E-01  0.249E-08  0.997E+01  0.516E+01  0.997E+01  0.000E+00  0.478E+25  0.416E+25  0.539E+25  0.966E+26  0.249E-28  0.000E+00  0.000E+00
 0.161E+01  0.205E+01  0.411E+02  0.241E+01  0.173E+01  0.679E+00  0.103E+00  0.466E-10  0.405E-10  0.283E-08  0.415E-09  0.391E-01  0.243E-08  0.999E+01  0.513E+01  0.999E+01  0.000E+00  0.464E+25  0.404E+25  0.520E+25  0.940E+26  0.243E-28  0.000E+00  0.000E+00
 0.162E+01  0.205E+01  0.411E+02  0.241E+01  0.173E+01  0.676E+00  0.940E-01  0.456E-10  0.397E-10  0.276E-08  0.401E-09  0.393E-01  0.236E-08  0.993E+01  0.506E+01  0.993E+01  0.000E+00  0.455E+25  0.395E+25  0.503E+25  0.916E+26  0.236E-28  0.000E+00  0.000E+00
 0.163E+01  0.206E+01  0.411E+02  0.241E+01  0.173E+01  0.673E+00  0.848E-01  0.415E-10  0.361E-10  0.268E-08  0.388E-09  0.368E-01  0.230E-08  0.106E+02  0.537E+01  0.106E+02  0.000E+00  0.413E+25  0.360E+25  0.486E+25  0.892E+26  0.230E-28  0.000E+00  0.000E+00
 0.164E+01  0.206E+01  0.411E+02  0.241E+01  0.174E+01  0.670E+00  0.758E-01  0.404E-10  0.352E-10  0.262E-08  0.375E-09  0.368E-01  0.224E-08  0.106E+02  0.534E+01  0.106E+02  0.000E+00  0.403E+25  0.350E+25  0.470E+25  0.869E+26  0.224E-28  0.000E+00  0.000E+00
 0.165E+01  0.207E+01  0.411E+02  0.241E+01  0.174E+01  0.667E+00  0.668E-01  0.397E-10  0.345E-10  0.255E-08  0.363E-09  0.371E-01  0.219E-08  0.106E+02  0.526E+01  0.106E+02  0.000E+00  0.395E+25  0.344E+25  0.455E+25  0.847E+26  0.219E-28  0.000E+00  0.000E+00
 0.166E+01  0.207E+01  0.411E+02  0.241E+01  0.174E+01  0.664E+00  0.579E-01  0.386E-10  0.336E-10  0.249E-08  0.351E-09  0.371E-01  0.213E-08  0.106E+02  0.523E+01  0.106E+02  0.000E+00  0.385E+25  0.335E+25  0.440E+25  0.826E+26  0.213E-28  0.000E+00  0.000E+00
 0.167E+01  0.207E+01  0.411E+02  0.241E+01  0.175E+01  0.661E+00  0.490E-01  0.368E-10  0.320E-10  0.242E-08  0.340E-09  0.362E-01  0.208E-08  0.108E+02  0.532E+01  0.108E+02  0.000E+00  0.366E+25  0.319E+25  0.427E+25  0.805E+26  0.208E-28  0.000E+00  0.000E+00
 0.168E+01  0.208E+01  0.411E+02  0.241E+01  0.175E+01  0.658E+00  0.403E-01  0.358E-10  0.312E-10  0.237E-08  0.330E-09  0.362E-01  0.203E-08  0.108E+02  0.529E+01  0.108E+02  0.000E+00  0.357E+25  0.311E+25  0.413E+25  0.786E+26  0.203E-28  0.000E+00  0.000E+00
 0.169E+01  0.208E+01  0.411E+02  0.241E+01  0.175E+01  0.656E+00  0.316E-01  0.352E-10  0.306E-10  0.231E-08  0.320E-09  0.364E-01  0.198E-08  0.108E+02  0.523E+01  0.108E+02  0.000E+00  0.350E+25  0.305E+25  0.401E+25  0.767E+26  0.198E-28  0.000E+00  0.000E+00
 0.170E+01  0.208E+01  0.411E+02  0.241E+01  0.175E+01  0.653E+00  0.230E-01  0.328E-10  0.285E-10  0.225E-08  0.310E-09  0.348E-01  0.193E-08  0.113E+02  0.544E+01  0.113E+02  0.000E+00  0.326E+25  0.284E+25  0.389E+25  0.749E+26  0.193E-28  0.000E+00  0.000E+00
 0.171E+01  0.209E+01  0.411E+02  0.241E+01  0.176E+01  0.650E+00  0.145E-01  0.319E-10  0.278E-10  0.220E-08  0.301E-09  0.348E-01  0.189E-08  0.113E+02  0.542E+01  0.113E+02  0.000E+00  0.318E+25  0.277E+25  0.377E+25  0.731E+26  0.189E-28  0.000E+00  0.000E+00
 0.172E+01  0.209E+01  0.411E+02  0.241E+01  0.176E+01  0.647E+00  0.599E-02  0.312E-10  0.271E-10  0.215E-08  0.292E-09  0.348E-01  0.184E-08  0.113E+02  0.538E+01  0.113E+02  0.000E+00  0.311E+25  0.270E+25  0.366E+25  0.714E+26  0.184E-28  0.000E+00  0.000E+00
 0.173E+01  0.209E+01  0.411E+02  0.241E+01  0.176E+01  0.644E+00 -0.240E-02  0.307E-10  0.267E-10  0.717E-09  0.967E-10  0.960E-01  0.615E-09  0.384E+01  0.181E+01  0.384E+01  0.000E+00  0.306E+25  0.266E+25  0.121E+25  0.238E+26  0.615E-29  0.000E+00  0.000E+00
 0.174E+01  0.210E+01  0.411E+02  0.241E+01  0.177E+01  0.642E+00 -0.107E-01  0.293E-10  0.255E-10  0.687E-09  0.920E-10  0.958E-01  0.589E-09  0.385E+01  0.180E+01  0.385E+01  0.000E+00  0.292E+25  0.254E+25  0.115E+25  0.228E+26  0.589E-29  0.000E+00  0.000E+00
 0.175E+01  0.210E+01  0.411E+02  0.241E+01  0.177E+01  0.639E+00 -0.190E-01  0.286E-10  0.249E-10  0.658E-09  0.877E-10  0.975E-01  0.564E-09  0.378E+01  0.176E+01  0.378E+01  0.000E+00  0.285E+25  0.248E+25  0.110E+25  0.219E+26  0.564E-29  0.000E+00  0.000E+00
 0.176E+01  0.210E+01  0.411E+02  0.241E+01  0.177E+01  0.636E+00 -0.272E-01  0.280E-10  0.243E-10  0.631E-09  0.835E-10  0.991E-01  0.541E-09  0.371E+01  0.172E+01  0.371E+01  0.000E+00  0.279E+25  0.242E+25  0.105E+25  0.210E+26  0.541E-29  0.000E+00  0.000E+00
 0.177E+01  0.210E+01  0.411E+02  0.241E+01  0.177E+01  0.634E+00 -0.353E-01  0.277E-10  0.241E-10  0.605E-09  0.796E-10  0.102E+00  0.519E-09  0.359E+01  0.165E+01  0.359E+01  0.000E+00  0.276E+25  0.240E+25  0.998E+24  0.201E+26  0.519E-29  0.000E+00  0.000E+00
 0.178E+01  0.211E+01  0.411E+02  0.241E+01  0.178E+01  0.631E+00 -0.433E-01  0.257E-10  0.224E-10  0.581E-09  0.760E-10  0.992E-01  0.498E-09  0.371E+01  0.170E+01  0.371E+01  0.000E+00  0.257E+25  0.223E+25  0.952E+24  0.193E+26  0.498E-29  0.000E+00  0.000E+00
 0.179E+01  0.211E+01  0.411E+02  0.241E+01  0.178E+01  0.628E+00 -0.513E-01  0.253E-10  0.220E-10  0.557E-09  0.725E-10  0.101E+00  0.478E-09  0.362E+01  0.165E+01  0.362E+01  0.000E+00  0.252E+25  0.219E+25  0.908E+24  0.185E+26  0.478E-29  0.000E+00  0.000E+00
 0.180E+01  0.211E+01  0.411E+02  0.241E+01  0.178E+01  0.626E+00 -0.592E-01  0.247E-10  0.215E-10  0.535E-09  0.692E-10  0.103E+00  0.459E-09  0.356E+01  0.161E+01  0.356E+01  0.000E+00  0.246E+25  0.214E+25  0.867E+24  0.178E+26  0.459E-29  0.000E+00  0.000E+00
 0.181E+01  0.212E+01  0.411E+02  0.241E+01  0.178E+01  0.623E+00 -0.671E-01  0.243E-10  0.211E-10  0.514E-09  0.661E-10  0.105E+00  0.441E-09  0.347E+01  0.156E+01  0.347E+01  0.000E+00  0.242E+25  0.211E+25  0.828E+24  0.171E+26  0.441E-29  0.000E+00  0.000E+00
 0.182E+01  0.212E+01  0.411E+02  0.241E+01  0.179E+01  0.621E+00 -0.748E-01  0.233E-10  0.202E-10  0.494E-09  0.632E-10  0.105E+00  0.423E-09  0.349E+01  0.156E+01  0.349E+01  0.000E+00  0.232E+25  0.202E+25  0.792E+24  0.164E+26  0.423E-29  0.000E+00  0.000E+00
 0.183E+01  0.212E+01  0.411E+02  0.241E+01  0.179E+01  0.618E+00 -0.826E-01  0.229E-10  0.199E-10  0.475E-09  0.604E-10  0.107E+00  0.407E-09  0.340E+01  0.152E+01  0.340E+01  0.000E+00  0.228E+25  0.199E+25  0.757E+24  0.158E+26  0.407E-29  0.000E+00  0.000E+00
 0.184E+01  0.213E+01  0.411E+02  0.241E+01  0.179E+01  0.616E+00 -0.902E-01  0.224E-10  0.195E-10  0.457E-09  0.578E-10  0.109E+00  0.392E-09  0.335E+01  0.148E+01  0.335E+01  0.000E+00  0.223E+25  0.194E+25  0.724E+24  0.152E+26  0.392E-29  0.000E+00  0.000E+00
 0.185E+01  0.213E+01  0.411E+02  0.241E+01  0.179E+01  0.613E+00 -0.978E-01  0.221E-10  0.192E-10  0.439E-09  0.553E-10  0.111E+00  0.377E-09  0.327E+01  0.144E+01  0.327E+01  0.000E+00  0.220E+25  0.191E+25  0.693E+24  0.146E+26  0.377E-29  0.000E+00  0.000E+00
 0.186E+01  0.213E+01  0.411E+02  0.241E+01  0.180E+01  0.611E+00 -0.105E+00  0.181E-10  0.181E-10  0.423E-09  0.529E-10  0.109E+00  0.362E-09  0.334E+01  0.146E+01  0.334E+01  0.000E+00  0.180E+25  0.180E+25  0.663E+24  0.140E+26  0.362E-29  0.000E+00  0.000E+00
 0.187E+01  0.213E+01  0.411E+02  0.241E+01  0.180E+01  0.608E+00 -0.113E+00  0.177E-10  0.177E-10  0.407E-09  0.507E-10  0.111E+00  0.349E-09  0.329E+01  0.144E+01  0.329E+01  0.000E+00  0.176E+25  0.176E+25  0.635E+24  0.135E+26  0.349E-29  0.000E+00  0.000E+00
 0.188E+01  0.214E+01  0.411E+02  0.241E+01  0.180E+01  0.606E+00 -0.120E+00  0.174E-10  0.174E-10  0.392E-09  0.486E-10  0.113E+00  0.336E-09  0.322E+01  0.140E+01  0.322E+01  0.000E+00  0.173E+25  0.173E+25  0.608E+24  0.130E+26  0.336E-29  0.000E+00  0.000E+00
 0.189E+01  0.214E+01  0.411E+02  0.241E+01  0.180E+01  0.604E+00 -0.128E+00  0.171E-10  0.171E-10  0.378E-09  0.465E-10  0.115E+00  0.324E-09  0.315E+01  0.136E+01  0.315E+01  0.000E+00  0.171E+25  0.171E+25  0.583E+24  0.125E+26  0.324E-29  0.000E+00  0.000E+00
 0.190E+01  0.214E+01  0.411E+02  0.241E+01  0.181E+01  0.601E+00 -0.135E+00  0.164E-10  0.164E-10  0.364E-09  0.446E-10  0.115E+00  0.312E-09  0.316E+01  0.136E+01  0.316E+01  0.000E+00  0.164E+25  0.164E+25  0.559E+24  0.121E+26  0.312E-29  0.000E+00  0.000E+00
 0.191E+01  0.215E+01  0.411E+02  0.241E+01  0.181E+01  0.599E+00 -0.142E+00  0.162E-10  0.162E-10  0.351E-09  0.428E-10  0.117E+00  0.301E-09  0.310E+01  0.132E+01  0.310E+01  0.000E+00  0.161E+25  0.161E+25  0.536E+24  0.117E+26  0.301E-29  0.000E+00  0.000E+00
 0.192E+01  0.215E+01  0.411E+02  0.241E+01  0.181E+01  0.596E+00 -0.149E+00  0.158E-10  0.158E-10  0.339E-09  0.411E-10  0.118E+00  0.290E-09  0.306E+01  0.130E+01  0.306E+01  0.000E+00  0.158E+25  0.158E+25  0.515E+24  0.112E+26  0.290E-29  0.000E+00  0.000E+00
 0.193E+01  0.215E+01  0.411E+02  0.241E+01  0.181E+01  0.594E+00 -0.156E+00  0.156E-10  0.156E-10  0.327E-09  0.394E-10  0.120E+00  0.280E-09  0.300E+01  0.127E+01  0.300E+01  0.000E+00  0.155E+25  0.155E+25  0.494E+24  0.108E+26  0.280E-29  0.000E+00  0.000E+00
 0.194E+01  0.215E+01  0.411E+02  0.241E+01  0.182E+01  0.592E+00 -0.164E+00  0.153E-10  0.153E-10  0.315E-09  0.379E-10  0.122E+00  0.270E-09  0.294E+01  0.124E+01  0.294E+01  0.000E+00  0.152E+25  0.152E+25  0.475E+24  0.105E+26  0.270E-29  0.000E+00  0.000E+00
 0.195E+01  0.216E+01  0.411E+02  0.241E+01  0.182E+01  0.590E+00 -0.171E+00  0.145E-10  0.145E-10  0.304E-09  0.364E-10  0.120E+00  0.261E-09  0.300E+01  0.126E+01  0.300E+01  0.000E+00  0.144E+25  0.144E+25  0.456E+24  0.101E+26  0.261E-29  0.000E+00  0.000E+00
 0.196E+01  0.216E+01  0.411E+02  0.241E+01  0.182E+01  0.587E+00 -0.178E+00  0.142E-10  0.142E-10  0.294E-09  0.350E-10  0.122E+00  0.252E-09  0.296E+01  0.123E+01  0.296E+01  0.000E+00  0.141E+25  0.141E+25  0.438E+24  0.976E+25  0.252E-29  0.000E+00  0.000E+00
 0.197E+01  0.216E+01  0.411E+02  0.241E+01  0.182E+01  0.585E+00 -0.184E+00  0.140E-10  0.140E-10  0.284E-09  0.336E-10  0.124E+00  0.243E-09  0.291E+01  0.121E+01  0.291E+01  0.000E+00  0.139E+25  0.139E+25  0.422E+24  0.943E+25  0.243E-29  0.000E+00  0.000E+00
 0.198E+01  0.217E+01  0.411E+02  0.241E+01  0.182E+01  0.583E+00 -0.191E+00  0.137E-10  0.137E-10  0.274E-09  0.324E-10  0.126E+00  0.235E-09  0.285E+01  0.118E+01  0.285E+01  0.000E+00  0.137E+25  0.137E+25  0.405E+24  0.911E+25  0.235E-29  0.000E+00  0.000E+00
 0.199E+01  0.217E+01  0.411E+02  0.241E+01  0.183E+01  0.581E+00 -0.198E+00  0.132E-10  0.132E-10  0.265E-09  0.311E-10  0.125E+00  0.227E-09  0.286E+01  0.118E+01  0.286E+01  0.000E+00  0.132E+25  0.132E+25  0.390E+24  0.881E+25  0.227E-29  0.000E+00  0.000E+00
 0.200E+01  0.217E+01  0.411E+02  0.241E+01  0.183E+01  0.578E+00 -0.205E+00  0.178E-09  0.178E-09  0.256E-09  0.300E-10  0.666E+00  0.220E-09  0.206E+00  0.844E-01  0.206E+00  0.000E+00  0.177E+26  0.177E+26  0.376E+24  0.851E+25  0.220E-29  0.000E+00  0.000E+00
 0.201E+01  0.217E+01  0.411E+02  0.241E+01  0.183E+01  0.576E+00 -0.212E+00  0.128E-10  0.128E-10  0.248E-09  0.289E-10  0.129E+00  0.212E-09  0.276E+01  0.113E+01  0.276E+01  0.000E+00  0.128E+25  0.128E+25  0.362E+24  0.823E+25  0.212E-29  0.000E+00  0.000E+00
 0.202E+01  0.218E+01  0.411E+02  0.241E+01  0.183E+01  0.574E+00 -0.218E+00  0.000E+00  0.000E+00  0.240E-09  0.278E-10  0.000E+00  0.206E-09   Infinity   Infinity   Infinity  0.000E+00  0.000E+00  0.000E+00  0.348E+24  0.797E+25  0.206E-29  0.000E+00  0.000E+00
 0.203E+01  0.218E+01  0.411E+02  0.241E+01  0.184E+01  0.572E+00 -0.225E+00  0.000E+00  0.000E+00  0.232E-09  0.268E-10  0.000E+00  0.199E-09   Infinity   Infinity   Infinity  0.000E+00  0.000E+00  0.000E+00  0.336E+24  0.771E+25  0.199E-29  0.000E+00  0.000E+00
 0.204E+01  0.218E+01  0.411E+02  0.241E+01  0.184E+01  0.570E+00 -0.231E+00  0.000E+00  0.000E+00  0.225E-09  0.258E-10  0.000E+00  0.193E-09   Infinity   Infinity   Infinity  0.000E+00  0.000E+00  0.000E+00  0.323E+24  0.746E+25  0.193E-29  0.000E+00  0.000E+00
 0.205E+01  0.218E+01  0.411E+02  0.241E+01  0.184E+01  0.568E+00 -0.238E+00  0.000E+00  0.000E+00  0.218E-09  0.249E-10  0.000E+00  0.186E-09   Infinity   Infinity   Infinity  0.000E+00  0.000E+00  0.000E+00  0.312E+24  0.723E+25  0.186E-29  0.000E+00  0.000E+00
 0.206E+01  0.219E+01  0.411E+02  0.241E+01  0.184E+01  0.565E+00 -0.244E+00  0.000E+00  0.000E+00  0.211E-09  0.240E-10  0.000E+00  0.181E-09   Infinity   Infinity   Infinity  0.000E+00  0.000E+00  0.000E+00  0.301E+24  0.700E+25  0.181E-29  0.000E+00  0.000E+00
 0.207E+01  0.219E+01  0.411E+02  0.241E+01  0.184E+01  0.563E+00 -0.251E+00  0.000E+00  0.000E+00  0.204E-09  0.232E-10  0.000E+00  0.175E-09   Infinity   Infinity   Infinity  0.000E+00  0.000E+00  0.000E+00  0.290E+24  0.678E+25  0.175E-29  0.000E+00  0.000E+00
 0.208E+01  0.219E+01  0.411E+02  0.241E+01  0.185E+01  0.561E+00 -0.257E+00  0.000E+00  0.000E+00  0.198E-09  0.224E-10  0.000E+00  0.170E-09   Infinity   Infinity   Infinity  0.000E+00  0.000E+00  0.000E+00  0.280E+24  0.657E+25  0.170E-29  0.000E+00  0.000E+00
 0.209E+01  0.219E+01  0.411E+02  0.241E+01  0.185E+01  0.559E+00 -0.263E+00  0.000E+00  0.000E+00  0.192E-09  0.216E-10  0.000E+00  0.164E-09   Infinity   Infinity   Infinity  0.000E+00  0.000E+00  0.000E+00  0.270E+24  0.637E+25  0.164E-29  0.000E+00  0.000E+00
 0.210E+01  0.220E+01  0.411E+02  0.241E+01  0.185E+01  0.557E+00 -0.270E+00  0.000E+00  0.000E+00  0.186E-09  0.208E-10  0.000E+00  0.159E-09   Infinity   Infinity   Infinity  0.000E+00  0.000E+00  0.000E+00  0.261E+24  0.618E+25  0.159E-29  0.000E+00  0.000E+00
