 0.000E+00  0.106E+01  0.000E+00  0.000E+00  0.000E+00
 0.100E-01  0.106E+01  0.000E+00  0.452E-08  0.452E-08
 0.200E-01  0.106E+01  0.000E+00  0.247E-07  0.247E-07
 0.300E-01  0.106E+01  0.000E+00  0.723E-07  0.723E-07
 0.400E-01  0.106E+01  0.000E+00  0.157E-06  0.157E-06
 0.500E-01  0.106E+01  0.155E+00  0.303E-06  0.155E+00
 0.600E-01  0.106E+01  0.654E+00  0.527E-06  0.654E+00
 0.700E-01  0.106E+01  0.899E+00  0.846E-06  0.899E+00
 0.800E-01  0.106E+01  0.101E+01  0.133E-05  0.101E+01
 0.900E-01  0.106E+01  0.105E+01  0.199E-05  0.105E+01
 0.100E+00  0.106E+01  0.106E+01  0.279E-05  0.106E+01
 0.110E+00  0.106E+01  0.104E+01  0.391E-05  0.104E+01
 0.120E+00  0.106E+01  0.100E+01  0.527E-05  0.100E+01
 0.130E+00  0.106E+01  0.960E+00  0.697E-05  0.960E+00
 0.140E+00  0.106E+01  0.916E+00  0.931E-05  0.916E+00
 0.150E+00  0.106E+01  0.870E+00  0.118E-04  0.870E+00
 0.160E+00  0.106E+01  0.825E+00  0.150E-04  0.825E+00
 0.170E+00  0.106E+01  0.780E+00  0.187E-04  0.780E+00
 0.180E+00  0.106E+01  0.737E+00  0.232E-04  0.737E+00
 0.190E+00  0.106E+01  0.696E+00  0.285E-04  0.696E+00
 0.200E+00  0.106E+01  0.658E+00  0.341E-04  0.658E+00
 0.210E+00  0.106E+01  0.621E+00  0.413E-04  0.621E+00
 0.220E+00  0.106E+01  0.588E+00  0.489E-04  0.588E+00
 0.230E+00  0.106E+01  0.557E+00  0.578E-04  0.558E+00
 0.240E+00  0.106E+01  0.531E+00  0.687E-04  0.531E+00
 0.250E+00  0.106E+01  0.501E+00  0.788E-04  0.501E+00
 0.260E+00  0.106E+01  0.474E+00  0.917E-04  0.474E+00
 0.270E+00  0.106E+01  0.451E+00  0.106E-03  0.451E+00
 0.280E+00  0.106E+01  0.431E+00  0.120E-03  0.431E+00
 0.290E+00  0.106E+01  0.417E+00  0.137E-03  0.417E+00
 0.300E+00  0.106E+01  0.405E+00  0.156E-03  0.405E+00
 0.310E+00  0.106E+01  0.393E+00  0.176E-03  0.394E+00
 0.320E+00  0.106E+01  0.388E+00  0.200E-03  0.389E+00
 0.330E+00  0.106E+01  0.388E+00  0.220E-03  0.389E+00
 0.340E+00  0.106E+01  0.387E+00  0.247E-03  0.387E+00
 0.350E+00  0.106E+01  0.377E+00  0.276E-03  0.377E+00
 0.360E+00  0.106E+01  0.359E+00  0.306E-03  0.360E+00
 0.370E+00  0.106E+01  0.341E+00  0.340E-03  0.341E+00
 0.380E+00  0.106E+01  0.326E+00  0.373E-03  0.327E+00
 0.390E+00  0.106E+01  0.317E+00  0.414E-03  0.318E+00
 0.400E+00  0.106E+01  0.314E+00  0.456E-03  0.314E+00
 0.410E+00  0.106E+01  0.312E+00  0.501E-03  0.312E+00
 0.420E+00  0.106E+01  0.307E+00  0.550E-03  0.308E+00
 0.430E+00  0.106E+01  0.300E+00  0.602E-03  0.300E+00
 0.440E+00  0.106E+01  0.287E+00  0.659E-03  0.288E+00
 0.450E+00  0.106E+01  0.270E+00  0.722E-03  0.271E+00
 0.460E+00  0.106E+01  0.252E+00  0.793E-03  0.253E+00
 0.470E+00  0.106E+01  0.235E+00  0.865E-03  0.236E+00
 0.480E+00  0.106E+01  0.222E+00  0.970E-03  0.223E+00
 0.490E+00  0.106E+01  0.212E+00  0.106E-02  0.213E+00
 0.500E+00  0.106E+01  0.205E+00  0.116E-02  0.206E+00
 0.510E+00  0.106E+01  0.201E+00  0.126E-02  0.202E+00
 0.520E+00  0.106E+01  0.200E+00  0.139E-02  0.202E+00
 0.530E+00  0.106E+01  0.202E+00  0.158E-02  0.204E+00
 0.540E+00  0.106E+01  0.206E+00  0.171E-02  0.208E+00
 0.550E+00  0.106E+01  0.211E+00  0.188E-02  0.213E+00
 0.560E+00  0.106E+01  0.217E+00  0.203E-02  0.219E+00
 0.570E+00  0.106E+01  0.223E+00  0.234E-02  0.226E+00
 0.580E+00  0.106E+01  0.231E+00  0.256E-02  0.233E+00
 0.590E+00  0.106E+01  0.238E+00  0.279E-02  0.241E+00
 0.600E+00  0.106E+01  0.245E+00  0.321E-02  0.248E+00
 0.610E+00  0.106E+01  0.250E+00  0.354E-02  0.253E+00
 0.620E+00  0.106E+01  0.251E+00  0.388E-02  0.255E+00
 0.630E+00  0.106E+01  0.249E+00  0.446E-02  0.253E+00
 0.640E+00  0.106E+01  0.242E+00  0.489E-02  0.246E+00
 0.650E+00  0.106E+01  0.230E+00  0.577E-02  0.236E+00
 0.660E+00  0.106E+01  0.215E+00  0.623E-02  0.221E+00
 0.670E+00  0.106E+01  0.197E+00  0.690E-02  0.204E+00
 0.680E+00  0.106E+01  0.178E+00  0.809E-02  0.186E+00
 0.690E+00  0.106E+01  0.158E+00  0.894E-02  0.167E+00
 0.700E+00  0.106E+01  0.139E+00  0.104E-01  0.149E+00
 0.710E+00  0.106E+01  0.121E+00  0.115E-01  0.133E+00
 0.720E+00  0.106E+01  0.104E+00  0.129E-01  0.117E+00
 0.730E+00  0.106E+01  0.896E-01  0.151E-01  0.105E+00
 0.740E+00  0.106E+01  0.771E-01  0.166E-01  0.937E-01
 0.750E+00  0.106E+01  0.657E-01  0.195E-01  0.852E-01
 0.760E+00  0.106E+01  0.561E-01  0.219E-01  0.780E-01
 0.770E+00  0.106E+01  0.474E-01  0.255E-01  0.729E-01
 0.780E+00  0.106E+01  0.400E-01  0.286E-01  0.687E-01
 0.790E+00  0.106E+01  0.337E-01  0.320E-01  0.657E-01
 0.800E+00  0.106E+01  0.284E-01  0.380E-01  0.664E-01
 0.810E+00  0.106E+01  0.238E-01  0.425E-01  0.663E-01
 0.820E+00  0.106E+01  0.198E-01  0.495E-01  0.694E-01
 0.830E+00  0.106E+01  0.166E-01  0.570E-01  0.736E-01
 0.840E+00  0.106E+01  0.137E-01  0.671E-01  0.808E-01
 0.850E+00  0.106E+01  0.113E-01  0.752E-01  0.865E-01
 0.860E+00  0.106E+01  0.917E-02  0.888E-01  0.980E-01
 0.870E+00  0.106E+01  0.740E-02  0.105E+00  0.113E+00
 0.880E+00  0.106E+01  0.592E-02  0.118E+00  0.124E+00
 0.890E+00  0.106E+01  0.468E-02  0.136E+00  0.141E+00
 0.900E+00  0.106E+01  0.365E-02  0.156E+00  0.160E+00
 0.910E+00  0.106E+01  0.282E-02  0.179E+00  0.182E+00
 0.920E+00  0.106E+01  0.215E-02  0.198E+00  0.200E+00
 0.930E+00  0.106E+01  0.163E-02  0.225E+00  0.227E+00
 0.940E+00  0.106E+01  0.122E-02  0.252E+00  0.253E+00
 0.950E+00  0.106E+01  0.924E-03  0.278E+00  0.279E+00
 0.960E+00  0.106E+01  0.697E-03  0.299E+00  0.299E+00
 0.970E+00  0.106E+01  0.523E-03  0.316E+00  0.316E+00
 0.980E+00  0.106E+01  0.388E-03  0.330E+00  0.330E+00
 0.990E+00  0.106E+01  0.286E-03  0.334E+00  0.334E+00
 0.100E+01  0.106E+01  0.209E-03  0.335E+00  0.335E+00
 0.101E+01  0.106E+01  0.152E-03  0.326E+00  0.326E+00
 0.102E+01  0.106E+01  0.109E-03  0.313E+00  0.313E+00
 0.103E+01  0.106E+01  0.782E-04  0.293E+00  0.294E+00
 0.104E+01  0.106E+01  0.556E-04  0.273E+00  0.273E+00
 0.105E+01  0.106E+01  0.393E-04  0.248E+00  0.248E+00
 0.106E+01  0.106E+01  0.276E-04  0.227E+00  0.227E+00
 0.107E+01  0.106E+01  0.193E-04  0.206E+00  0.206E+00
 0.108E+01  0.106E+01  0.134E-04  0.182E+00  0.182E+00
 0.109E+01  0.106E+01  0.926E-05  0.163E+00  0.163E+00
 0.110E+01  0.106E+01  0.637E-05  0.143E+00  0.143E+00
 0.111E+01  0.106E+01  0.436E-05  0.132E+00  0.132E+00
 0.112E+01  0.106E+01  0.297E-05  0.121E+00  0.121E+00
 0.113E+01  0.106E+01  0.202E-05  0.103E+00  0.103E+00
 0.114E+01  0.106E+01  0.137E-05  0.922E-01  0.922E-01
 0.115E+01  0.106E+01  0.922E-06  0.810E-01  0.810E-01
 0.116E+01  0.106E+01  0.620E-06  0.704E-01  0.704E-01
 0.117E+01  0.106E+01  0.415E-06  0.652E-01  0.652E-01
 0.118E+01  0.106E+01  0.277E-06  0.573E-01  0.573E-01
 0.119E+01  0.106E+01  0.185E-06  0.515E-01  0.515E-01
 0.120E+01  0.106E+01  0.123E-06  0.480E-01  0.480E-01
 0.121E+01  0.106E+01  0.812E-07  0.421E-01  0.421E-01
 0.122E+01  0.106E+01  0.536E-07  0.383E-01  0.383E-01
 0.123E+01  0.106E+01  0.354E-07  0.357E-01  0.357E-01
 0.124E+01  0.106E+01  0.233E-07  0.315E-01  0.315E-01
 0.125E+01  0.106E+01  0.153E-07  0.295E-01  0.295E-01
 0.126E+01  0.106E+01  0.100E-07  0.268E-01  0.268E-01
 0.127E+01  0.106E+01  0.655E-08  0.239E-01  0.239E-01
 0.128E+01  0.106E+01  0.428E-08  0.213E-01  0.213E-01
 0.129E+01  0.106E+01  0.279E-08  0.199E-01  0.199E-01
 0.130E+01  0.106E+01  0.182E-08  0.187E-01  0.187E-01
 0.131E+01  0.106E+01  0.118E-08  0.164E-01  0.164E-01
 0.132E+01  0.106E+01  0.767E-09  0.154E-01  0.154E-01
 0.133E+01  0.106E+01  0.498E-09  0.145E-01  0.145E-01
 0.134E+01  0.106E+01  0.322E-09  0.128E-01  0.128E-01
 0.135E+01  0.106E+01  0.209E-09  0.123E-01  0.123E-01
 0.136E+01  0.106E+01  0.135E-09  0.116E-01  0.116E-01
 0.137E+01  0.106E+01  0.873E-10  0.111E-01  0.111E-01
 0.138E+01  0.106E+01  0.564E-10  0.920E-02  0.920E-02
 0.139E+01  0.106E+01  0.364E-10  0.872E-02  0.872E-02
 0.140E+01  0.106E+01  0.235E-10  0.827E-02  0.827E-02
 0.141E+01  0.106E+01  0.151E-10  0.797E-02  0.797E-02
 0.142E+01  0.106E+01  0.974E-11  0.716E-02  0.716E-02
 0.143E+01  0.106E+01  0.627E-11  0.680E-02  0.680E-02
 0.144E+01  0.106E+01  0.404E-11  0.656E-02  0.656E-02
 0.145E+01  0.106E+01  0.260E-11  0.644E-02  0.644E-02
 0.146E+01  0.106E+01  0.167E-11  0.528E-02  0.528E-02
 0.147E+01  0.106E+01  0.108E-11  0.504E-02  0.504E-02
 0.148E+01  0.106E+01  0.691E-12  0.489E-02  0.489E-02
 0.149E+01  0.106E+01  0.445E-12  0.466E-02  0.466E-02
 0.150E+01  0.106E+01  0.286E-12  0.426E-02  0.426E-02
 0.151E+01  0.106E+01  0.184E-12  0.407E-02  0.407E-02
 0.152E+01  0.106E+01  0.118E-12  0.401E-02  0.401E-02
 0.153E+01  0.106E+01  0.760E-13  0.401E-02  0.401E-02
 0.154E+01  0.106E+01  0.488E-13  0.325E-02  0.325E-02
 0.155E+01  0.106E+01  0.314E-13  0.317E-02  0.317E-02
 0.156E+01  0.106E+01  0.202E-13  0.308E-02  0.308E-02
 0.157E+01  0.106E+01  0.130E-13  0.304E-02  0.304E-02
 0.158E+01  0.106E+01  0.836E-14  0.304E-02  0.304E-02
 0.159E+01  0.106E+01  0.538E-14  0.268E-02  0.268E-02
 0.160E+01  0.106E+01  0.346E-14  0.268E-02  0.268E-02
 0.161E+01  0.106E+01  0.223E-14  0.268E-02  0.268E-02
 0.162E+01  0.106E+01  0.143E-14  0.268E-02  0.268E-02
 0.163E+01  0.106E+01  0.924E-15  0.268E-02  0.268E-02
 0.164E+01  0.106E+01  0.596E-15  0.213E-02  0.213E-02
 0.165E+01  0.106E+01  0.384E-15  0.213E-02  0.213E-02
 0.166E+01  0.106E+01  0.248E-15  0.213E-02  0.213E-02
 0.167E+01  0.106E+01  0.160E-15  0.213E-02  0.213E-02
 0.168E+01  0.106E+01  0.103E-15  0.213E-02  0.213E-02
 0.169E+01  0.106E+01  0.666E-16  0.213E-02  0.213E-02
 0.170E+01  0.106E+01  0.430E-16  0.173E-02  0.173E-02
 0.171E+01  0.106E+01  0.278E-16  0.173E-02  0.173E-02
 0.172E+01  0.106E+01  0.180E-16  0.173E-02  0.173E-02
 0.173E+01  0.106E+01  0.116E-16  0.173E-02  0.173E-02
 0.174E+01  0.106E+01  0.753E-17  0.173E-02  0.173E-02
 0.175E+01  0.106E+01  0.488E-17  0.157E-02  0.157E-02
 0.176E+01  0.106E+01  0.316E-17  0.144E-02  0.144E-02
 0.177E+01  0.106E+01  0.205E-17  0.144E-02  0.144E-02
 0.178E+01  0.106E+01  0.133E-17  0.144E-02  0.144E-02
 0.179E+01  0.106E+01  0.863E-18  0.144E-02  0.144E-02
 0.180E+01  0.106E+01  0.560E-18  0.144E-02  0.144E-02
 0.181E+01  0.106E+01  0.364E-18  0.132E-02  0.132E-02
 0.182E+01  0.106E+01  0.237E-18  0.132E-02  0.132E-02
 0.183E+01  0.106E+01  0.154E-18  0.132E-02  0.132E-02
 0.184E+01  0.106E+01  0.100E-18  0.132E-02  0.132E-02
 0.185E+01  0.106E+01  0.654E-19  0.132E-02  0.132E-02
 0.186E+01  0.106E+01  0.426E-19  0.132E-02  0.132E-02
 0.187E+01  0.106E+01  0.278E-19  0.132E-02  0.132E-02
 0.188E+01  0.106E+01  0.182E-19  0.112E-02  0.112E-02
 0.189E+01  0.106E+01  0.119E-19  0.112E-02  0.112E-02
 0.190E+01  0.106E+01  0.775E-20  0.112E-02  0.112E-02
 0.191E+01  0.106E+01  0.507E-20  0.112E-02  0.112E-02
 0.192E+01  0.106E+01  0.332E-20  0.112E-02  0.112E-02
 0.193E+01  0.106E+01  0.217E-20  0.112E-02  0.112E-02
 0.194E+01  0.106E+01  0.142E-20  0.963E-03  0.963E-03
 0.195E+01  0.106E+01  0.935E-21  0.963E-03  0.963E-03
 0.196E+01  0.106E+01  0.613E-21  0.963E-03  0.963E-03
 0.197E+01  0.106E+01  0.403E-21  0.963E-03  0.963E-03
 0.198E+01  0.106E+01  0.265E-21  0.963E-03  0.963E-03
 0.199E+01  0.106E+01  0.174E-21  0.963E-03  0.963E-03
 0.200E+01  0.106E+01  0.115E-21  0.963E-03  0.963E-03
