1 100.00    0.80     NaN        NaN        NaN     NaN     NaN  0.000E+00 -0.737E-02  0.000E+00 -0.526E-01        NaN
1 100.00    0.90     NaN        NaN        NaN     NaN     NaN  0.000E+00 -0.168E-01  0.000E+00 -0.120E+00        NaN
1 100.00    1.01     NaN        NaN        NaN     NaN     NaN  0.000E+00  0.000E+00  0.000E+00  0.000E+00        NaN
1 100.00    1.10     NaN        NaN        NaN     NaN     NaN  0.000E+00  0.000E+00  0.000E+00  0.000E+00        NaN
1 100.00    1.20     NaN        NaN        NaN     NaN     NaN  0.000E+00  0.000E+00  0.000E+00  0.000E+00        NaN
1 100.00    1.30     NaN        NaN        NaN     NaN     NaN  0.000E+00  0.000E+00  0.000E+00  0.000E+00        NaN
1 100.00    1.40     NaN        NaN        NaN     NaN     NaN  0.000E+00  0.000E+00  0.000E+00  0.000E+00        NaN
1 100.00    1.50     NaN        NaN        NaN     NaN     NaN  0.000E+00  0.000E+00  0.000E+00  0.000E+00        NaN
1 100.00    1.60     NaN        NaN        NaN     NaN     NaN  0.000E+00  0.000E+00  0.000E+00  0.000E+00        NaN
1 100.00    1.70     NaN        NaN        NaN     NaN     NaN  0.000E+00  0.000E+00  0.000E+00  0.000E+00        NaN
1 100.00    1.80     NaN        NaN        NaN     NaN     NaN  0.000E+00  0.000E+00  0.000E+00  0.000E+00        NaN
1 100.00    1.90     NaN        NaN        NaN     NaN     NaN  0.000E+00  0.000E+00  0.000E+00  0.000E+00        NaN
1 100.00    2.00     NaN        NaN        NaN     NaN     NaN  0.000E+00  0.000E+00  0.000E+00  0.000E+00        NaN
1 100.00    4.10     NaN        NaN        NaN     NaN     NaN  0.000E+00  0.000E+00  0.000E+00  0.000E+00        NaN
1 100.00    0.80     NaN        NaN        NaN     NaN     NaN  0.000E+00 -0.737E-02  0.000E+00 -0.526E-01        NaN
1 100.00    0.90     NaN        NaN        NaN     NaN     NaN  0.000E+00 -0.168E-01  0.000E+00 -0.120E+00        NaN
1 100.00    1.01     NaN        NaN        NaN     NaN     NaN  0.000E+00  0.000E+00  0.000E+00  0.000E+00        NaN
1 100.00    1.10     NaN        NaN        NaN     NaN     NaN  0.000E+00  0.000E+00  0.000E+00  0.000E+00        NaN
1 100.00    1.20     NaN        NaN        NaN     NaN     NaN  0.000E+00  0.000E+00  0.000E+00  0.000E+00        NaN
1 100.00    1.30     NaN        NaN        NaN     NaN     NaN  0.000E+00  0.000E+00  0.000E+00  0.000E+00        NaN
1 100.00    1.40     NaN        NaN        NaN     NaN     NaN  0.000E+00  0.000E+00  0.000E+00  0.000E+00        NaN
1 100.00    1.50     NaN        NaN        NaN     NaN     NaN  0.000E+00  0.000E+00  0.000E+00  0.000E+00        NaN
1 100.00    1.60     NaN        NaN        NaN     NaN     NaN  0.000E+00  0.000E+00  0.000E+00  0.000E+00        NaN
1 100.00    1.70     NaN        NaN        NaN     NaN     NaN  0.000E+00  0.000E+00  0.000E+00  0.000E+00        NaN
1 100.00    1.80     NaN        NaN        NaN     NaN     NaN  0.000E+00  0.000E+00  0.000E+00  0.000E+00        NaN
1 100.00    1.90     NaN        NaN        NaN     NaN     NaN  0.000E+00  0.000E+00  0.000E+00  0.000E+00        NaN
1 100.00    2.00     NaN        NaN        NaN     NaN     NaN  0.000E+00  0.000E+00  0.000E+00  0.000E+00        NaN
1 100.00    4.10     NaN        NaN        NaN     NaN     NaN  0.000E+00  0.000E+00  0.000E+00  0.000E+00        NaN
1 100.00    0.80     NaN        NaN        NaN     NaN     NaN  0.000E+00 -0.737E-02  0.000E+00 -0.526E-01        NaN
1 100.00    0.90     NaN        NaN        NaN     NaN     NaN  0.000E+00 -0.168E-01  0.000E+00 -0.120E+00        NaN
1 100.00    1.01     NaN        NaN        NaN     NaN     NaN  0.000E+00  0.000E+00  0.000E+00  0.000E+00        NaN
1 100.00    1.10     NaN        NaN        NaN     NaN     NaN  0.000E+00  0.000E+00  0.000E+00  0.000E+00        NaN
1 100.00    1.20     NaN        NaN        NaN     NaN     NaN  0.000E+00  0.000E+00  0.000E+00  0.000E+00        NaN
1 100.00    1.30     NaN        NaN        NaN     NaN     NaN  0.000E+00  0.000E+00  0.000E+00  0.000E+00        NaN
1 100.00    1.40     NaN        NaN        NaN     NaN     NaN  0.000E+00  0.000E+00  0.000E+00  0.000E+00        NaN
1 100.00    1.50     NaN        NaN        NaN     NaN     NaN  0.000E+00  0.000E+00  0.000E+00  0.000E+00        NaN
1 100.00    1.60     NaN        NaN        NaN     NaN     NaN  0.000E+00  0.000E+00  0.000E+00  0.000E+00        NaN
1 100.00    1.70     NaN        NaN        NaN     NaN     NaN  0.000E+00  0.000E+00  0.000E+00  0.000E+00        NaN
1 100.00    1.80     NaN        NaN        NaN     NaN     NaN  0.000E+00  0.000E+00  0.000E+00  0.000E+00        NaN
1 100.00    1.90     NaN        NaN        NaN     NaN     NaN  0.000E+00  0.000E+00  0.000E+00  0.000E+00        NaN
1 100.00    2.00     NaN        NaN        NaN     NaN     NaN  0.000E+00  0.000E+00  0.000E+00  0.000E+00        NaN
1 100.00    4.10     NaN        NaN        NaN     NaN     NaN  0.000E+00  0.000E+00  0.000E+00  0.000E+00        NaN
1 100.00    0.80     NaN        NaN        NaN     NaN     NaN  0.000E+00 -0.737E-02  0.000E+00 -0.526E-01        NaN
1 100.00    0.90     NaN        NaN        NaN     NaN     NaN  0.000E+00 -0.168E-01  0.000E+00 -0.120E+00        NaN
1 100.00    1.01     NaN        NaN        NaN     NaN     NaN  0.000E+00  0.000E+00  0.000E+00  0.000E+00        NaN
1 100.00    1.10     NaN        NaN        NaN     NaN     NaN  0.000E+00  0.000E+00  0.000E+00  0.000E+00        NaN
1 100.00    1.20     NaN        NaN        NaN     NaN     NaN  0.000E+00  0.000E+00  0.000E+00  0.000E+00        NaN
1 100.00    1.30     NaN        NaN        NaN     NaN     NaN  0.000E+00  0.000E+00  0.000E+00  0.000E+00        NaN
1 100.00    1.40     NaN        NaN        NaN     NaN     NaN  0.000E+00  0.000E+00  0.000E+00  0.000E+00        NaN
1 100.00    1.50     NaN        NaN        NaN     NaN     NaN  0.000E+00  0.000E+00  0.000E+00  0.000E+00        NaN
1 100.00    1.60     NaN        NaN        NaN     NaN     NaN  0.000E+00  0.000E+00  0.000E+00  0.000E+00        NaN
1 100.00    1.70     NaN        NaN        NaN     NaN     NaN  0.000E+00  0.000E+00  0.000E+00  0.000E+00        NaN
1 100.00    1.80     NaN        NaN        NaN     NaN     NaN  0.000E+00  0.000E+00  0.000E+00  0.000E+00        NaN
1 100.00    1.90     NaN        NaN        NaN     NaN     NaN  0.000E+00  0.000E+00  0.000E+00  0.000E+00        NaN
1 100.00    2.00     NaN        NaN        NaN     NaN     NaN  0.000E+00  0.000E+00  0.000E+00  0.000E+00        NaN
1 100.00    4.10     NaN        NaN        NaN     NaN     NaN  0.000E+00  0.000E+00  0.000E+00  0.000E+00        NaN
1 100.00    0.80     NaN        NaN        NaN     NaN     NaN  0.000E+00 -0.737E-02  0.000E+00 -0.526E-01        NaN
1 100.00    0.90     NaN        NaN        NaN     NaN     NaN  0.000E+00 -0.168E-01  0.000E+00 -0.120E+00        NaN
1 100.00    1.01     NaN        NaN        NaN     NaN     NaN  0.000E+00  0.000E+00  0.000E+00  0.000E+00        NaN
1 100.00    1.10     NaN        NaN        NaN     NaN     NaN  0.000E+00  0.000E+00  0.000E+00  0.000E+00        NaN
1 100.00    1.20     NaN        NaN        NaN     NaN     NaN  0.000E+00  0.000E+00  0.000E+00  0.000E+00        NaN
1 100.00    1.30     NaN        NaN        NaN     NaN     NaN  0.000E+00  0.000E+00  0.000E+00  0.000E+00        NaN
1 100.00    1.40     NaN        NaN        NaN     NaN     NaN  0.000E+00  0.000E+00  0.000E+00  0.000E+00        NaN
1 100.00    1.50     NaN        NaN        NaN     NaN     NaN  0.000E+00  0.000E+00  0.000E+00  0.000E+00        NaN
1 100.00    1.60     NaN        NaN        NaN     NaN     NaN  0.000E+00  0.000E+00  0.000E+00  0.000E+00        NaN
1 100.00    1.70     NaN        NaN        NaN     NaN     NaN  0.000E+00  0.000E+00  0.000E+00  0.000E+00        NaN
1 100.00    1.80     NaN        NaN        NaN     NaN     NaN  0.000E+00  0.000E+00  0.000E+00  0.000E+00        NaN
1 100.00    1.90     NaN        NaN        NaN     NaN     NaN  0.000E+00  0.000E+00  0.000E+00  0.000E+00        NaN
1 100.00    2.00     NaN        NaN        NaN     NaN     NaN  0.000E+00  0.000E+00  0.000E+00  0.000E+00        NaN
1 100.00    4.10     NaN        NaN        NaN     NaN     NaN  0.000E+00  0.000E+00  0.000E+00  0.000E+00        NaN
2   1.80    0.80   -0.44  0.433E-02  0.793E-02    0.92    0.17  0.494E+08 -0.737E-02  0.135E-01 -0.526E-01  0.000E+00
2   1.80    0.90   -0.44  0.427E-02  0.129E-01    0.90    0.18  0.500E+08 -0.168E-01  0.507E-01 -0.120E+00  0.000E+00
2   1.80    1.01   -0.44  0.466E-02  0.000E+00    0.88   -0.07  0.429E+08  0.000E+00  0.000E+00  0.000E+00 -0.000E+00
2   1.80    1.10   -0.44  0.560E-02  0.145E-01    0.87    0.17  0.303E+08  0.146E-01  0.379E-01  0.104E+00 -0.000E+00
2   1.80    1.20   -0.44  0.717E-02  0.102E-01    0.85    0.17  0.187E+08  0.294E-01  0.416E-01  0.210E+00 -0.000E+00
2   1.80    1.30   -0.44  0.869E-02  0.789E-02    0.84    0.17  0.128E+08  0.441E-01  0.400E-01  0.315E+00 -0.000E+00
2   1.80    1.40   -0.44  0.993E-02  0.542E-02    0.83    0.17  0.980E+07  0.587E-01  0.321E-01  0.420E+00 -0.000E+00
2   1.80    1.50   -0.44  0.117E-01  0.478E-02    0.82    0.17  0.709E+07  0.736E-01  0.302E-01  0.526E+00 -0.000E+00
2   1.80    1.60   -0.44  0.132E-01  0.334E-02    0.82    0.17  0.555E+07  0.881E-01  0.224E-01  0.630E+00 -0.000E+00
2   1.80    1.70   -0.44  0.142E-01  0.286E-02    0.81    0.18  0.474E+07  0.103E+00  0.207E-01  0.737E+00 -0.000E+00
2   1.80    1.80   -0.44  0.163E-01  0.212E-02    0.80    0.18  0.363E+07  0.118E+00  0.154E-01  0.842E+00 -0.000E+00
2   1.80    1.90   -0.44  0.171E-01  0.224E-02    0.80    0.17  0.332E+07  0.133E+00  0.173E-01  0.947E+00 -0.000E+00
2   1.80    2.00   -0.44  0.179E-01  0.159E-02    0.79    0.17  0.368E+07  0.140E+00  0.124E-01  0.100E+01 -0.000E+00
2   1.80    4.10   -0.44        NaN        NaN     NaN     NaN  0.000E+00  0.000E+00  0.000E+00  0.000E+00        NaN
2 100.00    0.80     NaN        NaN        NaN    0.92    0.17  0.000E+00 -0.737E-02  0.135E-01 -0.526E-01  0.000E+00
2 100.00    0.90     NaN        NaN        NaN    0.90    0.18  0.000E+00 -0.168E-01  0.507E-01 -0.120E+00  0.000E+00
2 100.00    1.01     NaN        NaN        NaN    0.88   -0.07  0.000E+00  0.000E+00  0.000E+00  0.000E+00 -0.000E+00
2 100.00    1.10     NaN        NaN        NaN    0.87    0.17  0.000E+00  0.146E-01  0.379E-01  0.104E+00 -0.000E+00
2 100.00    1.20     NaN        NaN        NaN    0.85    0.17  0.000E+00  0.294E-01  0.416E-01  0.210E+00 -0.000E+00
2 100.00    1.30     NaN        NaN        NaN    0.84    0.17  0.000E+00  0.441E-01  0.400E-01  0.315E+00 -0.000E+00
2 100.00    1.40     NaN        NaN        NaN    0.83    0.17  0.000E+00  0.587E-01  0.321E-01  0.420E+00 -0.000E+00
2 100.00    1.50     NaN        NaN        NaN    0.82    0.17  0.000E+00  0.736E-01  0.302E-01  0.526E+00 -0.000E+00
2 100.00    1.60     NaN        NaN        NaN    0.82    0.17  0.000E+00  0.881E-01  0.224E-01  0.630E+00 -0.000E+00
2 100.00    1.70     NaN        NaN        NaN    0.81    0.18  0.000E+00  0.103E+00  0.207E-01  0.737E+00 -0.000E+00
2 100.00    1.80     NaN        NaN        NaN    0.80    0.18  0.000E+00  0.118E+00  0.154E-01  0.842E+00 -0.000E+00
2 100.00    1.90     NaN        NaN        NaN    0.80    0.17  0.000E+00  0.133E+00  0.173E-01  0.947E+00 -0.000E+00
2 100.00    2.00     NaN        NaN        NaN    0.79    0.17  0.000E+00  0.140E+00  0.124E-01  0.100E+01 -0.000E+00
2 100.00    4.10     NaN        NaN        NaN     NaN     NaN  0.000E+00  0.000E+00  0.000E+00  0.000E+00        NaN
2 100.00    0.80     NaN        NaN        NaN    0.92    0.17  0.000E+00 -0.737E-02  0.135E-01 -0.526E-01  0.000E+00
2 100.00    0.90     NaN        NaN        NaN    0.90    0.18  0.000E+00 -0.168E-01  0.507E-01 -0.120E+00  0.000E+00
2 100.00    1.01     NaN        NaN        NaN    0.88   -0.07  0.000E+00  0.000E+00  0.000E+00  0.000E+00 -0.000E+00
2 100.00    1.10     NaN        NaN        NaN    0.87    0.17  0.000E+00  0.146E-01  0.379E-01  0.104E+00 -0.000E+00
2 100.00    1.20     NaN        NaN        NaN    0.85    0.17  0.000E+00  0.294E-01  0.416E-01  0.210E+00 -0.000E+00
2 100.00    1.30     NaN        NaN        NaN    0.84    0.17  0.000E+00  0.441E-01  0.400E-01  0.315E+00 -0.000E+00
2 100.00    1.40     NaN        NaN        NaN    0.83    0.17  0.000E+00  0.587E-01  0.321E-01  0.420E+00 -0.000E+00
2 100.00    1.50     NaN        NaN        NaN    0.82    0.17  0.000E+00  0.736E-01  0.302E-01  0.526E+00 -0.000E+00
2 100.00    1.60     NaN        NaN        NaN    0.82    0.17  0.000E+00  0.881E-01  0.224E-01  0.630E+00 -0.000E+00
2 100.00    1.70     NaN        NaN        NaN    0.81    0.18  0.000E+00  0.103E+00  0.207E-01  0.737E+00 -0.000E+00
2 100.00    1.80     NaN        NaN        NaN    0.80    0.18  0.000E+00  0.118E+00  0.154E-01  0.842E+00 -0.000E+00
2 100.00    1.90     NaN        NaN        NaN    0.80    0.17  0.000E+00  0.133E+00  0.173E-01  0.947E+00 -0.000E+00
2 100.00    2.00     NaN        NaN        NaN    0.79    0.17  0.000E+00  0.140E+00  0.124E-01  0.100E+01 -0.000E+00
2 100.00    4.10     NaN        NaN        NaN     NaN     NaN  0.000E+00  0.000E+00  0.000E+00  0.000E+00        NaN
2 100.00    0.80     NaN        NaN        NaN    0.92    0.17  0.000E+00 -0.737E-02  0.135E-01 -0.526E-01  0.000E+00
2 100.00    0.90     NaN        NaN        NaN    0.90    0.18  0.000E+00 -0.168E-01  0.507E-01 -0.120E+00  0.000E+00
2 100.00    1.01     NaN        NaN        NaN    0.88   -0.07  0.000E+00  0.000E+00  0.000E+00  0.000E+00 -0.000E+00
2 100.00    1.10     NaN        NaN        NaN    0.87    0.17  0.000E+00  0.146E-01  0.379E-01  0.104E+00 -0.000E+00
2 100.00    1.20     NaN        NaN        NaN    0.85    0.17  0.000E+00  0.294E-01  0.416E-01  0.210E+00 -0.000E+00
2 100.00    1.30     NaN        NaN        NaN    0.84    0.17  0.000E+00  0.441E-01  0.400E-01  0.315E+00 -0.000E+00
2 100.00    1.40     NaN        NaN        NaN    0.83    0.17  0.000E+00  0.587E-01  0.321E-01  0.420E+00 -0.000E+00
2 100.00    1.50     NaN        NaN        NaN    0.82    0.17  0.000E+00  0.736E-01  0.302E-01  0.526E+00 -0.000E+00
2 100.00    1.60     NaN        NaN        NaN    0.82    0.17  0.000E+00  0.881E-01  0.224E-01  0.630E+00 -0.000E+00
2 100.00    1.70     NaN        NaN        NaN    0.81    0.18  0.000E+00  0.103E+00  0.207E-01  0.737E+00 -0.000E+00
2 100.00    1.80     NaN        NaN        NaN    0.80    0.18  0.000E+00  0.118E+00  0.154E-01  0.842E+00 -0.000E+00
2 100.00    1.90     NaN        NaN        NaN    0.80    0.17  0.000E+00  0.133E+00  0.173E-01  0.947E+00 -0.000E+00
2 100.00    2.00     NaN        NaN        NaN    0.79    0.17  0.000E+00  0.140E+00  0.124E-01  0.100E+01 -0.000E+00
2 100.00    4.10     NaN        NaN        NaN     NaN     NaN  0.000E+00  0.000E+00  0.000E+00  0.000E+00        NaN
2 100.00    0.80     NaN        NaN        NaN    0.92    0.17  0.000E+00 -0.737E-02  0.135E-01 -0.526E-01  0.000E+00
2 100.00    0.90     NaN        NaN        NaN    0.90    0.18  0.000E+00 -0.168E-01  0.507E-01 -0.120E+00  0.000E+00
2 100.00    1.01     NaN        NaN        NaN    0.88   -0.07  0.000E+00  0.000E+00  0.000E+00  0.000E+00 -0.000E+00
2 100.00    1.10     NaN        NaN        NaN    0.87    0.17  0.000E+00  0.146E-01  0.379E-01  0.104E+00 -0.000E+00
2 100.00    1.20     NaN        NaN        NaN    0.85    0.17  0.000E+00  0.294E-01  0.416E-01  0.210E+00 -0.000E+00
2 100.00    1.30     NaN        NaN        NaN    0.84    0.17  0.000E+00  0.441E-01  0.400E-01  0.315E+00 -0.000E+00
2 100.00    1.40     NaN        NaN        NaN    0.83    0.17  0.000E+00  0.587E-01  0.321E-01  0.420E+00 -0.000E+00
2 100.00    1.50     NaN        NaN        NaN    0.82    0.17  0.000E+00  0.736E-01  0.302E-01  0.526E+00 -0.000E+00
2 100.00    1.60     NaN        NaN        NaN    0.82    0.17  0.000E+00  0.881E-01  0.224E-01  0.630E+00 -0.000E+00
2 100.00    1.70     NaN        NaN        NaN    0.81    0.18  0.000E+00  0.103E+00  0.207E-01  0.737E+00 -0.000E+00
2 100.00    1.80     NaN        NaN        NaN    0.80    0.18  0.000E+00  0.118E+00  0.154E-01  0.842E+00 -0.000E+00
2 100.00    1.90     NaN        NaN        NaN    0.80    0.17  0.000E+00  0.133E+00  0.173E-01  0.947E+00 -0.000E+00
2 100.00    2.00     NaN        NaN        NaN    0.79    0.17  0.000E+00  0.140E+00  0.124E-01  0.100E+01 -0.000E+00
2 100.00    4.10     NaN        NaN        NaN     NaN     NaN  0.000E+00  0.000E+00  0.000E+00  0.000E+00        NaN
