 # th     pit     q2      x      sig_u     rate_u
 #                           0.6/GeV.sr)    (Hz)
1 31.116  2.858    5.4   0.773  0.314E-09  0.516E-03  0.502E-08  0.951E-08  0.336E-07
1 31.116  2.861    5.4   0.774  0.310E-09  0.103E-02  0.496E-08  0.939E-08  0.332E-07
1 31.116  2.864    5.4   0.776  0.319E-09  0.158E-02  0.542E-08  0.103E-07  0.362E-07
1 31.116  2.867    5.4   0.777  0.315E-09  0.213E-02  0.535E-08  0.101E-07  0.358E-07
1 31.116  2.870    5.5   0.779  0.311E-09  0.268E-02  0.528E-08  0.100E-07  0.354E-07
1 31.116  2.874    5.5   0.780  0.306E-09  0.321E-02  0.521E-08  0.990E-08  0.350E-07
1 31.116  2.877    5.5   0.782  0.316E-09  0.380E-02  0.569E-08  0.108E-07  0.381E-07
1 31.116  2.880    5.5   0.783  0.312E-09  0.437E-02  0.561E-08  0.107E-07  0.377E-07
1 31.116  2.883    5.5   0.785  0.307E-09  0.494E-02  0.553E-08  0.105E-07  0.372E-07
1 31.116  2.886    5.5   0.786  0.303E-09  0.550E-02  0.546E-08  0.104E-07  0.368E-07
1 31.116  2.889    5.5   0.788  0.313E-09  0.611E-02  0.595E-08  0.113E-07  0.400E-07
1 31.116  2.892    5.5   0.789  0.309E-09  0.672E-02  0.587E-08  0.112E-07  0.395E-07
1 31.116  2.895    5.5   0.791  0.305E-09  0.731E-02  0.579E-08  0.110E-07  0.391E-07
1 31.116  2.898    5.5   0.792  0.300E-09  0.790E-02  0.571E-08  0.109E-07  0.386E-07
1 31.116  2.902    5.5   0.794  0.296E-09  0.848E-02  0.563E-08  0.108E-07  0.382E-07
1 31.116  2.905    5.5   0.796  0.306E-09  0.910E-02  0.612E-08  0.117E-07  0.413E-07
1 31.116  2.908    5.5   0.797  0.302E-09  0.973E-02  0.604E-08  0.115E-07  0.409E-07
1 31.116  2.911    5.5   0.799  0.298E-09  0.103E-01  0.596E-08  0.114E-07  0.404E-07
1 31.116  2.914    5.5   0.800  0.294E-09  0.109E-01  0.587E-08  0.112E-07  0.399E-07
1 31.116  2.917    5.5   0.802  0.304E-09  0.116E-01  0.638E-08  0.122E-07  0.432E-07
1 31.116  2.920    5.5   0.803  0.300E-09  0.122E-01  0.629E-08  0.120E-07  0.427E-07
1 31.116  2.923    5.6   0.805  0.295E-09  0.129E-01  0.620E-08  0.119E-07  0.422E-07
1 31.116  2.926    5.6   0.806  0.291E-09  0.135E-01  0.612E-08  0.117E-07  0.417E-07
1 31.116  2.930    5.6   0.808  0.301E-09  0.142E-01  0.663E-08  0.127E-07  0.450E-07
1 31.116  2.933    5.6   0.809  0.297E-09  0.149E-01  0.654E-08  0.125E-07  0.445E-07
1 31.116  2.936    5.6   0.811  0.293E-09  0.155E-01  0.645E-08  0.124E-07  0.440E-07
1 31.116  2.939    5.6   0.812  0.289E-09  0.162E-01  0.636E-08  0.122E-07  0.435E-07
1 31.116  2.942    5.6   0.814  0.285E-09  0.168E-01  0.627E-08  0.121E-07  0.430E-07
1 31.116  2.945    5.6   0.815  0.295E-09  0.175E-01  0.679E-08  0.130E-07  0.463E-07
1 31.116  2.948    5.6   0.817  0.291E-09  0.182E-01  0.670E-08  0.129E-07  0.458E-07
1 31.116  2.951    5.6   0.819  0.287E-09  0.189E-01  0.661E-08  0.127E-07  0.453E-07
1 31.116  2.954    5.6   0.820  0.283E-09  0.196E-01  0.651E-08  0.126E-07  0.447E-07
1 31.116  2.957    5.6   0.822  0.293E-09  0.203E-01  0.704E-08  0.136E-07  0.482E-07
1 31.116  2.961    5.6   0.823  0.289E-09  0.210E-01  0.695E-08  0.134E-07  0.476E-07
1 31.116  2.964    5.6   0.825  0.285E-09  0.217E-01  0.685E-08  0.132E-07  0.471E-07
1 31.116  2.967    5.6   0.826  0.281E-09  0.224E-01  0.675E-08  0.131E-07  0.465E-07
1 31.116  2.970    5.6   0.828  0.277E-09  0.231E-01  0.666E-08  0.129E-07  0.460E-07
1 31.116  2.973    5.6   0.830  0.288E-09  0.238E-01  0.720E-08  0.139E-07  0.494E-07
1 31.116  2.976    5.7   0.831  0.284E-09  0.245E-01  0.710E-08  0.137E-07  0.489E-07
1 31.116  2.979    5.7   0.833  0.280E-09  0.253E-01  0.700E-08  0.135E-07  0.483E-07
1 31.116  2.982    5.7   0.834  0.276E-09  0.260E-01  0.690E-08  0.134E-07  0.477E-07
1 31.116  2.985    5.7   0.836  0.272E-09  0.267E-01  0.680E-08  0.132E-07  0.472E-07
1 31.116  2.989    5.7   0.837  0.268E-09  0.274E-01  0.671E-08  0.130E-07  0.466E-07
1 31.116  2.992    5.7   0.839  0.264E-09  0.280E-01  0.661E-08  0.129E-07  0.461E-07
1 31.116  2.995    5.7   0.841  0.261E-09  0.287E-01  0.651E-08  0.127E-07  0.455E-07
1 31.116  2.998    5.7   0.842  0.257E-09  0.294E-01  0.642E-08  0.125E-07  0.450E-07
1 31.116  3.001    5.7   0.844  0.253E-09  0.300E-01  0.633E-08  0.124E-07  0.444E-07
1 31.116  3.004    5.7   0.845  0.250E-09  0.307E-01  0.624E-08  0.122E-07  0.439E-07
1 31.116  3.007    5.7   0.847  0.246E-09  0.313E-01  0.614E-08  0.121E-07  0.434E-07
1 31.116  3.010    5.7   0.849  0.242E-09  0.319E-01  0.606E-08  0.119E-07  0.429E-07
1 31.116  3.013    5.7   0.850  0.239E-09  0.325E-01  0.597E-08  0.118E-07  0.423E-07
1 31.116  3.016    5.7   0.852  0.235E-09  0.331E-01  0.588E-08  0.116E-07  0.418E-07
1 31.116  3.020    5.7   0.854  0.232E-09  0.337E-01  0.579E-08  0.115E-07  0.413E-07
1 31.116  3.023    5.7   0.855  0.228E-09  0.343E-01  0.570E-08  0.113E-07  0.408E-07
1 31.116  3.026    5.7   0.857  0.225E-09  0.349E-01  0.562E-08  0.112E-07  0.403E-07
1 31.116  3.029    5.8   0.858  0.221E-09  0.355E-01  0.554E-08  0.110E-07  0.398E-07
1 31.116  3.032    5.8   0.860  0.218E-09  0.360E-01  0.545E-08  0.109E-07  0.393E-07
1 31.116  3.035    5.8   0.862  0.215E-09  0.366E-01  0.537E-08  0.107E-07  0.388E-07
1 31.116  3.038    5.8   0.863  0.211E-09  0.371E-01  0.528E-08  0.106E-07  0.384E-07
1 31.116  3.041    5.8   0.865  0.208E-09  0.377E-01  0.520E-08  0.104E-07  0.379E-07
1 31.116  3.044    5.8   0.867  0.205E-09  0.382E-01  0.512E-08  0.103E-07  0.374E-07
1 31.116  3.048    5.8   0.868  0.202E-09  0.387E-01  0.505E-08  0.101E-07  0.369E-07
1 31.116  3.051    5.8   0.870  0.199E-09  0.392E-01  0.496E-08  0.100E-07  0.365E-07
1 31.116  3.054    5.8   0.872  0.195E-09  0.397E-01  0.489E-08  0.987E-08  0.360E-07
1 31.116  3.057    5.8   0.873  0.192E-09  0.402E-01  0.481E-08  0.973E-08  0.355E-07
1 31.116  3.060    5.8   0.875  0.189E-09  0.407E-01  0.474E-08  0.960E-08  0.351E-07
1 31.116  3.063    5.8   0.876  0.186E-09  0.412E-01  0.466E-08  0.946E-08  0.346E-07
1 31.116  3.066    5.8   0.878  0.183E-09  0.416E-01  0.458E-08  0.933E-08  0.342E-07
1 31.116  3.069    5.8   0.880  0.181E-09  0.421E-01  0.451E-08  0.920E-08  0.337E-07
1 31.116  3.072    5.8   0.881  0.178E-09  0.426E-01  0.444E-08  0.907E-08  0.333E-07
1 31.116  3.076    5.8   0.883  0.175E-09  0.430E-01  0.437E-08  0.895E-08  0.329E-07
1 31.116  3.079    5.8   0.885  0.172E-09  0.435E-01  0.430E-08  0.882E-08  0.324E-07
1 31.116  3.082    5.9   0.886  0.169E-09  0.439E-01  0.424E-08  0.869E-08  0.320E-07
1 31.116  3.085    5.9   0.888  0.167E-09  0.443E-01  0.417E-08  0.857E-08  0.316E-07
1 31.116  3.088    5.9   0.890  0.164E-09  0.447E-01  0.411E-08  0.845E-08  0.312E-07
1 31.116  3.091    5.9   0.892  0.162E-09  0.452E-01  0.405E-08  0.833E-08  0.308E-07
1 31.116  3.094    5.9   0.893  0.159E-09  0.456E-01  0.398E-08  0.821E-08  0.304E-07
1 31.116  3.097    5.9   0.895  0.157E-09  0.460E-01  0.392E-08  0.809E-08  0.300E-07
1 31.116  3.100    5.9   0.897  0.155E-09  0.464E-01  0.386E-08  0.797E-08  0.296E-07
1 31.116  3.103    5.9   0.898  0.152E-09  0.468E-01  0.381E-08  0.786E-08  0.292E-07
1 31.116  3.107    5.9   0.900  0.150E-09  0.471E-01  0.375E-08  0.774E-08  0.288E-07
1 31.116  3.110    5.9   0.902  0.148E-09  0.475E-01  0.369E-08  0.763E-08  0.284E-07
1 31.116  3.113    5.9   0.903  0.146E-09  0.479E-01  0.364E-08  0.752E-08  0.280E-07
1 31.116  3.116    5.9   0.905  0.143E-09  0.483E-01  0.359E-08  0.741E-08  0.276E-07
1 31.116  3.119    5.9   0.907  0.141E-09  0.486E-01  0.353E-08  0.730E-08  0.272E-07
1 31.116  3.122    5.9   0.909  0.139E-09  0.490E-01  0.348E-08  0.719E-08  0.269E-07
1 31.116  3.125    5.9   0.910  0.137E-09  0.493E-01  0.343E-08  0.708E-08  0.265E-07
1 31.116  3.128    5.9   0.912  0.135E-09  0.497E-01  0.338E-08  0.697E-08  0.261E-07
1 31.116  3.131    5.9   0.914  0.133E-09  0.500E-01  0.333E-08  0.687E-08  0.258E-07
1 31.116  3.135    6.0   0.915  0.131E-09  0.504E-01  0.328E-08  0.677E-08  0.254E-07
1 31.116  3.138    6.0   0.917  0.129E-09  0.507E-01  0.323E-08  0.666E-08  0.251E-07
1 31.116  3.141    6.0   0.919  0.127E-09  0.510E-01  0.318E-08  0.656E-08  0.247E-07
1 31.116  3.144    6.0   0.921  0.125E-09  0.513E-01  0.313E-08  0.646E-08  0.244E-07
1 31.116  3.147    6.0   0.922  0.123E-09  0.517E-01  0.308E-08  0.637E-08  0.240E-07
1 31.116  3.150    6.0   0.924  0.122E-09  0.520E-01  0.304E-08  0.627E-08  0.237E-07
1 31.116  3.153    6.0   0.926  0.120E-09  0.523E-01  0.299E-08  0.617E-08  0.234E-07
1 31.116  3.156    6.0   0.928  0.118E-09  0.526E-01  0.295E-08  0.608E-08  0.230E-07
1 31.116  3.159    6.0   0.929  0.116E-09  0.529E-01  0.290E-08  0.598E-08  0.227E-07
1 31.116  3.162    6.0   0.931  0.114E-09  0.532E-01  0.286E-08  0.589E-08  0.224E-07
1 31.116  3.166    6.0   0.933  0.113E-09  0.535E-01  0.281E-08  0.580E-08  0.221E-07
1 31.116  3.169    6.0   0.935  0.111E-09  0.538E-01  0.277E-08  0.571E-08  0.217E-07
1 31.116  3.172    6.0   0.936  0.109E-09  0.540E-01  0.273E-08  0.562E-08  0.214E-07
1 31.116  3.175    6.0   0.938  0.107E-09  0.543E-01  0.268E-08  0.553E-08  0.211E-07
1 31.116  3.178    6.0   0.940  0.106E-09  0.546E-01  0.264E-08  0.544E-08  0.208E-07
1 31.116  3.181    6.0   0.942  0.104E-09  0.548E-01  0.260E-08  0.536E-08  0.205E-07
1 31.116  3.184    6.0   0.943  0.102E-09  0.551E-01  0.256E-08  0.527E-08  0.202E-07
1 31.116  3.187    6.1   0.945  0.101E-09  0.554E-01  0.252E-08  0.519E-08  0.199E-07
1 31.116  3.190    6.1   0.947  0.993E-10  0.556E-01  0.248E-08  0.511E-08  0.196E-07
1 31.116  3.194    6.1   0.949  0.976E-10  0.559E-01  0.244E-08  0.502E-08  0.193E-07
1 31.116  3.197    6.1   0.951  0.961E-10  0.561E-01  0.240E-08  0.494E-08  0.190E-07
1 31.116  3.200    6.1   0.952  0.946E-10  0.564E-01  0.236E-08  0.486E-08  0.188E-07
1 31.116  3.203    6.1   0.954  0.932E-10  0.566E-01  0.233E-08  0.479E-08  0.185E-07
1 31.116  3.206    6.1   0.956  0.917E-10  0.568E-01  0.229E-08  0.471E-08  0.182E-07
1 31.116  3.209    6.1   0.958  0.903E-10  0.571E-01  0.226E-08  0.463E-08  0.179E-07
1 31.116  3.212    6.1   0.960  0.889E-10  0.573E-01  0.222E-08  0.456E-08  0.177E-07
1 31.116  3.215    6.1   0.961  0.875E-10  0.575E-01  0.219E-08  0.448E-08  0.174E-07
1 31.116  3.218    6.1   0.963  0.862E-10  0.577E-01  0.215E-08  0.441E-08  0.171E-07
1 31.116  3.222    6.1   0.965  0.847E-10  0.580E-01  0.212E-08  0.434E-08  0.169E-07
1 31.116  3.225    6.1   0.967  0.834E-10  0.582E-01  0.208E-08  0.426E-08  0.166E-07
1 31.116  3.228    6.1   0.969  0.820E-10  0.584E-01  0.205E-08  0.419E-08  0.164E-07
1 31.116  3.231    6.1   0.971  0.809E-10  0.586E-01  0.202E-08  0.412E-08  0.161E-07
1 31.116  3.234    6.1   0.972  0.795E-10  0.588E-01  0.199E-08  0.405E-08  0.159E-07
1 31.116  3.237    6.1   0.974  0.783E-10  0.590E-01  0.196E-08  0.399E-08  0.156E-07
1 31.116  3.240    6.2   0.976  0.771E-10  0.592E-01  0.193E-08  0.392E-08  0.154E-07
1 31.116  3.243    6.2   0.978  0.759E-10  0.594E-01  0.190E-08  0.385E-08  0.152E-07
1 31.116  3.246    6.2   0.980  0.748E-10  0.596E-01  0.187E-08  0.379E-08  0.149E-07
1 31.116  3.249    6.2   0.982  0.735E-10  0.598E-01  0.184E-08  0.372E-08  0.147E-07
1 31.116  3.253    6.2   0.983  0.724E-10  0.600E-01  0.181E-08  0.366E-08  0.145E-07
1 31.116  3.256    6.2   0.985  0.713E-10  0.601E-01  0.178E-08  0.360E-08  0.142E-07
1 31.116  3.259    6.2   0.987  0.702E-10  0.603E-01  0.175E-08  0.354E-08  0.140E-07
1 31.116  3.262    6.2   0.989  0.691E-10  0.605E-01  0.173E-08  0.348E-08  0.138E-07
1 31.116  3.265    6.2   0.991  0.680E-10  0.607E-01  0.170E-08  0.342E-08  0.136E-07
1 31.116  3.268    6.2   0.993  0.670E-10  0.609E-01  0.167E-08  0.336E-08  0.134E-07
1 31.116  3.271    6.2   0.995  0.659E-10  0.610E-01  0.165E-08  0.330E-08  0.131E-07
1 31.116  3.274    6.2   0.996  0.649E-10  0.612E-01  0.162E-08  0.324E-08  0.129E-07
1 31.116  3.277    6.2   0.998  0.639E-10  0.614E-01  0.160E-08  0.319E-08  0.127E-07
1 31.116  3.281    6.2   1.000  0.629E-10  0.615E-01  0.157E-08  0.313E-08  0.125E-07
1 31.116  3.284    6.2   1.002  0.620E-10  0.617E-01  0.155E-08  0.307E-08  0.123E-07
1 31.116  3.287    6.2   1.004  0.611E-10  0.618E-01  0.153E-08  0.302E-08  0.121E-07
1 31.116  3.290    6.2   1.006  0.600E-10  0.620E-01  0.150E-08  0.297E-08  0.119E-07
1 31.116  3.293    6.3   1.008  0.591E-10  0.621E-01  0.148E-08  0.291E-08  0.117E-07
1 31.116  3.296    6.3   1.010  0.583E-10  0.623E-01  0.146E-08  0.286E-08  0.115E-07
1 31.116  3.299    6.3   1.012  0.573E-10  0.624E-01  0.143E-08  0.281E-08  0.114E-07
1 31.116  3.302    6.3   1.013  0.564E-10  0.626E-01  0.141E-08  0.276E-08  0.112E-07
1 31.116  3.305    6.3   1.015  0.556E-10  0.627E-01  0.139E-08  0.271E-08  0.110E-07
1 31.116  3.309    6.3   1.017  0.547E-10  0.629E-01  0.137E-08  0.266E-08  0.108E-07
1 31.116  3.312    6.3   1.019  0.539E-10  0.630E-01  0.135E-08  0.261E-08  0.106E-07
1 31.116  3.315    6.3   1.021  0.529E-10  0.631E-01  0.132E-08  0.257E-08  0.105E-07
1 31.116  3.318    6.3   1.023  0.521E-10  0.633E-01  0.130E-08  0.252E-08  0.103E-07
1 31.116  3.321    6.3   1.025  0.514E-10  0.634E-01  0.128E-08  0.247E-08  0.101E-07
1 31.116  3.324    6.3   1.027  0.505E-10  0.635E-01  0.126E-08  0.243E-08  0.994E-08
1 31.116  3.327    6.3   1.029  0.497E-10  0.637E-01  0.124E-08  0.238E-08  0.977E-08
1 31.116  3.330    6.3   1.031  0.489E-10  0.638E-01  0.122E-08  0.234E-08  0.960E-08
1 31.116  3.333    6.3   1.033  0.480E-10  0.639E-01  0.120E-08  0.230E-08  0.944E-08
1 31.116  3.336    6.3   1.035  0.474E-10  0.640E-01  0.118E-08  0.225E-08  0.928E-08
1 31.116  3.340    6.3   1.037  0.466E-10  0.641E-01  0.117E-08  0.221E-08  0.912E-08
1 31.116  3.343    6.3   1.039  0.458E-10  0.643E-01  0.114E-08  0.217E-08  0.897E-08
1 31.116  3.346    6.4   1.041  0.452E-10  0.644E-01  0.113E-08  0.213E-08  0.882E-08
1 31.116  3.349    6.4   1.043  0.444E-10  0.645E-01  0.111E-08  0.209E-08  0.866E-08
1 31.116  3.352    6.4   1.044  0.436E-10  0.646E-01  0.109E-08  0.205E-08  0.851E-08
 # th     pit     q2      x      sig_u     rate_u
 #                           0.6/GeV.sr)    (Hz)
 # th     pit     q2      x      sig_u     rate_u
 #                           0.6/GeV.sr)    (Hz)
 # th     pit     q2      x      sig_u     rate_u
 #                           0.6/GeV.sr)    (Hz)
 # th     pit     q2      x      sig_u     rate_u
 #                           0.6/GeV.sr)    (Hz)
 # th     pit     q2      x      sig_u     rate_u
 #                           0.6/GeV.sr)    (Hz)
2 26.734  3.847    5.4   1.051  0.125E-09  0.293E-03  0.312E-08  0.513E-08  0.208E-07
2 26.734  3.851    5.4   1.053  0.122E-09  0.579E-03  0.306E-08  0.501E-08  0.204E-07
2 26.734  3.855    5.4   1.056  0.120E-09  0.860E-03  0.300E-08  0.489E-08  0.199E-07
2 26.734  3.860    5.4   1.059  0.118E-09  0.114E-02  0.294E-08  0.477E-08  0.195E-07
2 26.734  3.864    5.5   1.062  0.115E-09  0.141E-02  0.287E-08  0.466E-08  0.191E-07
2 26.734  3.868    5.5   1.064  0.112E-09  0.167E-02  0.281E-08  0.454E-08  0.186E-07
2 26.734  3.872    5.5   1.067  0.110E-09  0.193E-02  0.274E-08  0.443E-08  0.182E-07
2 26.734  3.876    5.5   1.070  0.107E-09  0.218E-02  0.268E-08  0.432E-08  0.178E-07
2 26.734  3.880    5.5   1.073  0.104E-09  0.242E-02  0.261E-08  0.422E-08  0.174E-07
2 26.734  3.885    5.5   1.076  0.102E-09  0.266E-02  0.254E-08  0.411E-08  0.170E-07
2 26.734  3.889    5.5   1.078  0.988E-10  0.289E-02  0.247E-08  0.400E-08  0.167E-07
2 26.734  3.893    5.5   1.081  0.959E-10  0.312E-02  0.240E-08  0.390E-08  0.163E-07
2 26.734  3.897    5.5   1.084  0.930E-10  0.333E-02  0.232E-08  0.380E-08  0.159E-07
2 26.734  3.901    5.5   1.087  0.900E-10  0.354E-02  0.225E-08  0.370E-08  0.155E-07
2 26.734  3.906    5.5   1.090  0.870E-10  0.375E-02  0.217E-08  0.361E-08  0.152E-07
2 26.734  3.910    5.5   1.093  0.839E-10  0.394E-02  0.210E-08  0.351E-08  0.148E-07
2 26.734  3.914    5.5   1.096  0.810E-10  0.413E-02  0.202E-08  0.342E-08  0.145E-07
2 26.734  3.918    5.5   1.098  0.781E-10  0.432E-02  0.195E-08  0.332E-08  0.141E-07
2 26.734  3.922    5.5   1.101  0.750E-10  0.449E-02  0.188E-08  0.323E-08  0.138E-07
2 26.734  3.926    5.5   1.104  0.719E-10  0.466E-02  0.180E-08  0.314E-08  0.135E-07
2 26.734  3.931    5.5   1.107  0.691E-10  0.482E-02  0.173E-08  0.306E-08  0.131E-07
2 26.734  3.935    5.6   1.110  0.662E-10  0.498E-02  0.165E-08  0.297E-08  0.128E-07
2 26.734  3.939    5.6   1.113  0.634E-10  0.513E-02  0.158E-08  0.289E-08  0.125E-07
2 26.734  3.943    5.6   1.116  0.605E-10  0.527E-02  0.151E-08  0.280E-08  0.122E-07
2 26.734  3.947    5.6   1.119  0.577E-10  0.540E-02  0.144E-08  0.272E-08  0.119E-07
2 26.734  3.951    5.6   1.122  0.551E-10  0.553E-02  0.138E-08  0.264E-08  0.116E-07
2 26.734  3.956    5.6   1.125  0.524E-10  0.565E-02  0.131E-08  0.257E-08  0.113E-07
2 26.734  3.960    5.6   1.128  0.498E-10  0.577E-02  0.125E-08  0.249E-08  0.110E-07
2 26.734  3.964    5.6   1.131  0.473E-10  0.588E-02  0.118E-08  0.241E-08  0.107E-07
2 26.734  3.968    5.6   1.134  0.452E-10  0.599E-02  0.113E-08  0.234E-08  0.104E-07
2 26.734  3.972    5.6   1.137  0.429E-10  0.609E-02  0.107E-08  0.227E-08  0.102E-07
2 26.734  3.977    5.6   1.140  0.407E-10  0.618E-02  0.102E-08  0.220E-08  0.990E-08
2 26.734  3.981    5.6   1.143  0.386E-10  0.627E-02  0.966E-09  0.213E-08  0.963E-08
2 26.734  3.985    5.6   1.146  0.367E-10  0.636E-02  0.916E-09  0.206E-08  0.937E-08
2 26.734  3.989    5.6   1.149  0.347E-10  0.644E-02  0.866E-09  0.200E-08  0.912E-08
2 26.734  3.993    5.6   1.152  0.330E-10  0.652E-02  0.824E-09  0.193E-08  0.888E-08
2 26.734  3.997    5.6   1.155  0.312E-10  0.659E-02  0.781E-09  0.187E-08  0.863E-08
2 26.734  4.002    5.6   1.158  0.295E-10  0.666E-02  0.738E-09  0.181E-08  0.840E-08
2 26.734  4.006    5.7   1.161  0.280E-10  0.673E-02  0.700E-09  0.175E-08  0.817E-08
2 26.734  4.010    5.7   1.164  0.264E-10  0.679E-02  0.661E-09  0.169E-08  0.794E-08
2 26.734  4.014    5.7   1.167  0.251E-10  0.685E-02  0.628E-09  0.163E-08  0.772E-08
2 26.734  4.018    5.7   1.170  0.239E-10  0.690E-02  0.596E-09  0.158E-08  0.750E-08
2 26.734  4.023    5.7   1.174  0.226E-10  0.696E-02  0.565E-09  0.152E-08  0.728E-08
2 26.734  4.027    5.7   1.177  0.214E-10  0.701E-02  0.535E-09  0.147E-08  0.708E-08
2 26.734  4.031    5.7   1.180  0.204E-10  0.705E-02  0.509E-09  0.142E-08  0.688E-08
2 26.734  4.035    5.7   1.183  0.193E-10  0.710E-02  0.482E-09  0.137E-08  0.667E-08
2 26.734  4.039    5.7   1.186  0.183E-10  0.714E-02  0.458E-09  0.132E-08  0.648E-08
2 26.734  4.043    5.7   1.189  0.174E-10  0.718E-02  0.435E-09  0.127E-08  0.630E-08
2 26.734  4.048    5.7   1.192  0.165E-10  0.722E-02  0.412E-09  0.123E-08  0.611E-08
2 26.734  4.052    5.7   1.196  0.156E-10  0.726E-02  0.390E-09  0.118E-08  0.593E-08
2 26.734  4.056    5.7   1.199  0.149E-10  0.729E-02  0.371E-09  0.114E-08  0.575E-08
2 26.734  4.060    5.7   1.202  0.141E-10  0.733E-02  0.353E-09  0.110E-08  0.558E-08
2 26.734  4.064    5.7   1.205  0.133E-10  0.736E-02  0.334E-09  0.106E-08  0.541E-08
2 26.734  4.069    5.7   1.208  0.126E-10  0.739E-02  0.316E-09  0.102E-08  0.524E-08
2 26.734  4.073    5.7   1.212  0.120E-10  0.742E-02  0.301E-09  0.982E-09  0.509E-08
2 26.734  4.077    5.8   1.215  0.114E-10  0.744E-02  0.284E-09  0.943E-09  0.492E-08
2 26.734  4.081    5.8   1.218  0.108E-10  0.747E-02  0.271E-09  0.908E-09  0.477E-08
2 26.734  4.085    5.8   1.222  0.103E-10  0.749E-02  0.258E-09  0.875E-09  0.463E-08
2 26.734  4.089    5.8   1.225  0.977E-11  0.751E-02  0.244E-09  0.838E-09  0.447E-08
2 26.734  4.094    5.8   1.228  0.929E-11  0.754E-02  0.232E-09  0.807E-09  0.433E-08
2 26.734  4.098    5.8   1.231  0.883E-11  0.756E-02  0.221E-09  0.777E-09  0.420E-08
2 26.734  4.102    5.8   1.235  0.838E-11  0.758E-02  0.209E-09  0.744E-09  0.405E-08
2 26.734  4.106    5.8   1.238  0.799E-11  0.760E-02  0.200E-09  0.716E-09  0.392E-08
2 26.734  4.110    5.8   1.241  0.760E-11  0.761E-02  0.190E-09  0.689E-09  0.380E-08
2 26.734  4.115    5.8   1.245  0.721E-11  0.763E-02  0.180E-09  0.658E-09  0.366E-08
2 26.734  4.119    5.8   1.248  0.689E-11  0.765E-02  0.172E-09  0.633E-09  0.354E-08
2 26.734  4.123    5.8   1.252  0.658E-11  0.766E-02  0.164E-09  0.608E-09  0.343E-08
2 26.734  4.127    5.8   1.255  0.621E-11  0.768E-02  0.155E-09  0.581E-09  0.330E-08
2 26.734  4.131    5.8   1.258  0.588E-11  0.769E-02  0.147E-09  0.558E-09  0.319E-08
2 26.734  4.135    5.8   1.262  0.565E-11  0.770E-02  0.141E-09  0.536E-09  0.309E-08
2 26.734  4.140    5.8   1.265  0.533E-11  0.772E-02  0.133E-09  0.511E-09  0.297E-08
2 26.734  4.144    5.8   1.269  0.506E-11  0.773E-02  0.127E-09  0.491E-09  0.287E-08
2 26.734  4.148    5.9   1.272  0.486E-11  0.774E-02  0.122E-09  0.471E-09  0.277E-08
2 26.734  4.152    5.9   1.275  0.456E-11  0.775E-02  0.114E-09  0.448E-09  0.266E-08
2 26.734  4.156    5.9   1.279  0.436E-11  0.776E-02  0.109E-09  0.430E-09  0.256E-08
2 26.734  4.161    5.9   1.282  0.419E-11  0.777E-02  0.105E-09  0.412E-09  0.248E-08
2 26.734  4.165    5.9   1.286  0.401E-11  0.778E-02  0.100E-09  0.395E-09  0.239E-08
2 26.734  4.169    5.9   1.289  0.373E-11  0.779E-02  0.933E-10  0.374E-09  0.229E-08
2 26.734  4.173    5.9   1.293  0.360E-11  0.780E-02  0.900E-10  0.359E-09  0.221E-08
2 26.734  4.177    5.9   1.296  0.342E-11  0.780E-02  0.855E-10  0.344E-09  0.213E-08
2 26.734  4.181    5.9   1.300  0.320E-11  0.781E-02  0.801E-10  0.325E-09  0.203E-08
2 26.734  4.186    5.9   1.304  0.310E-11  0.782E-02  0.775E-10  0.311E-09  0.196E-08
2 26.734  4.190    5.9   1.307  0.295E-11  0.783E-02  0.737E-10  0.298E-09  0.188E-08
2 26.734  4.194    5.9   1.311  0.275E-11  0.783E-02  0.689E-10  0.280E-09  0.179E-08
2 26.734  4.198    5.9   1.314  0.265E-11  0.784E-02  0.662E-10  0.268E-09  0.172E-08
2 26.734  4.202    5.9   1.318  0.254E-11  0.784E-02  0.636E-10  0.256E-09  0.166E-08
2 26.734  4.207    5.9   1.322  0.245E-11  0.785E-02  0.611E-10  0.245E-09  0.160E-08
2 26.734  4.211    5.9   1.325  0.235E-11  0.786E-02  0.589E-10  0.234E-09  0.154E-08
2 26.734  4.215    5.9   1.329  0.226E-11  0.786E-02  0.565E-10  0.223E-09  0.148E-08
2 26.734  4.219    6.0   1.332  0.216E-11  0.787E-02  0.541E-10  0.214E-09  0.142E-08
2 26.734  4.223    6.0   1.336  0.209E-11  0.787E-02  0.523E-10  0.204E-09  0.137E-08
2 26.734  4.227    6.0   1.340  0.201E-11  0.788E-02  0.502E-10  0.195E-09  0.131E-08
2 26.734  4.232    6.0   1.343  0.193E-11  0.788E-02  0.483E-10  0.187E-09  0.126E-08
2 26.734  4.236    6.0   1.347  0.186E-11  0.788E-02  0.466E-10  0.178E-09  0.121E-08
2 26.734  4.240    6.0   1.351  0.180E-11  0.789E-02  0.449E-10  0.171E-09  0.117E-08
2 26.734  4.244    6.0   1.355  0.174E-11  0.789E-02  0.434E-10  0.163E-09  0.112E-08
2 26.734  4.248    6.0   1.358  0.167E-11  0.790E-02  0.417E-10  0.156E-09  0.108E-08
2 26.734  4.253    6.0   1.362  0.160E-11  0.790E-02  0.400E-10  0.149E-09  0.104E-08
2 26.734  4.257    6.0   1.366  0.154E-11  0.790E-02  0.386E-10  0.143E-09  0.997E-09
2 26.734  4.261    6.0   1.370  0.149E-11  0.791E-02  0.374E-10  0.136E-09  0.958E-09
2 26.734  4.265    6.0   1.373  0.144E-11  0.791E-02  0.360E-10  0.131E-09  0.921E-09
2 26.734  4.269    6.0   1.377  0.139E-11  0.791E-02  0.349E-10  0.125E-09  0.885E-09
2 26.734  4.273    6.0   1.381  0.134E-11  0.792E-02  0.336E-10  0.119E-09  0.851E-09
2 26.734  4.278    6.0   1.385  0.130E-11  0.792E-02  0.324E-10  0.114E-09  0.818E-09
2 26.734  4.282    6.0   1.389  0.126E-11  0.792E-02  0.314E-10  0.109E-09  0.786E-09
2 26.734  4.286    6.0   1.393  0.122E-11  0.793E-02  0.304E-10  0.105E-09  0.755E-09
2 26.734  4.290    6.1   1.397  0.117E-11  0.793E-02  0.293E-10  0.100E-09  0.726E-09
2 26.734  4.294    6.1   1.400  0.114E-11  0.793E-02  0.285E-10  0.962E-10  0.698E-09
2 26.734  4.299    6.1   1.404  0.110E-11  0.793E-02  0.275E-10  0.921E-10  0.671E-09
2 26.734  4.303    6.1   1.408  0.106E-11  0.794E-02  0.266E-10  0.883E-10  0.644E-09
2 26.734  4.307    6.1   1.412  0.103E-11  0.794E-02  0.258E-10  0.847E-10  0.619E-09
2 26.734  4.311    6.1   1.416  0.996E-12  0.794E-02  0.249E-10  0.813E-10  0.595E-09
2 26.734  4.315    6.1   1.420  0.968E-12  0.794E-02  0.242E-10  0.780E-10  0.572E-09
2 26.734  4.319    6.1   1.424  0.938E-12  0.795E-02  0.235E-10  0.749E-10  0.550E-09
2 26.734  4.324    6.1   1.428  0.911E-12  0.795E-02  0.228E-10  0.719E-10  0.529E-09
2 26.734  4.328    6.1   1.432  0.885E-12  0.795E-02  0.221E-10  0.691E-10  0.508E-09
2 26.734  4.332    6.1   1.436  0.859E-12  0.795E-02  0.215E-10  0.664E-10  0.488E-09
2 26.734  4.336    6.1   1.440  0.834E-12  0.795E-02  0.209E-10  0.638E-10  0.469E-09
2 26.734  4.340    6.1   1.444  0.811E-12  0.796E-02  0.203E-10  0.613E-10  0.451E-09
2 26.734  4.345    6.1   1.448  0.789E-12  0.796E-02  0.197E-10  0.590E-10  0.434E-09
2 26.734  4.349    6.1   1.452  0.765E-12  0.796E-02  0.191E-10  0.567E-10  0.417E-09
2 26.734  4.353    6.1   1.457  0.746E-12  0.796E-02  0.187E-10  0.546E-10  0.401E-09
2 26.734  4.357    6.1   1.461  0.726E-12  0.796E-02  0.181E-10  0.525E-10  0.386E-09
2 26.734  4.361    6.2   1.465  0.707E-12  0.796E-02  0.177E-10  0.505E-10  0.371E-09
2 26.734  4.365    6.2   1.469  0.689E-12  0.797E-02  0.172E-10  0.486E-10  0.357E-09
2 26.734  4.370    6.2   1.473  0.671E-12  0.797E-02  0.168E-10  0.468E-10  0.343E-09
2 26.734  4.374    6.2   1.477  0.652E-12  0.797E-02  0.163E-10  0.450E-10  0.330E-09
2 26.734  4.378    6.2   1.481  0.637E-12  0.797E-02  0.159E-10  0.433E-10  0.318E-09
2 26.734  4.382    6.2   1.486  0.620E-12  0.797E-02  0.155E-10  0.417E-10  0.306E-09
2 26.734  4.386    6.2   1.490  0.604E-12  0.797E-02  0.151E-10  0.401E-10  0.295E-09
2 26.734  4.391    6.2   1.494  0.588E-12  0.798E-02  0.147E-10  0.386E-10  0.284E-09
2 26.734  4.395    6.2   1.498  0.574E-12  0.798E-02  0.144E-10  0.372E-10  0.273E-09
2 26.734  4.399    6.2   1.503  0.560E-12  0.798E-02  0.140E-10  0.358E-10  0.263E-09
2 26.734  4.403    6.2   1.507  0.547E-12  0.798E-02  0.137E-10  0.345E-10  0.254E-09
2 26.734  4.407    6.2   1.511  0.534E-12  0.798E-02  0.134E-10  0.332E-10  0.245E-09
2 26.734  4.411    6.2   1.516  0.522E-12  0.798E-02  0.131E-10  0.320E-10  0.236E-09
2 26.734  4.416    6.2   1.520  0.510E-12  0.798E-02  0.127E-10  0.308E-10  0.228E-09
2 26.734  4.420    6.2   1.524  0.498E-12  0.798E-02  0.125E-10  0.296E-10  0.220E-09
2 26.734  4.424    6.2   1.529  0.487E-12  0.799E-02  0.122E-10  0.285E-10  0.212E-09
2 26.734  4.428    6.2   1.533  0.475E-12  0.799E-02  0.119E-10  0.275E-10  0.205E-09
2 26.734  4.432    6.3   1.537  0.465E-12  0.799E-02  0.116E-10  0.265E-10  0.198E-09
2 26.734  4.437    6.3   1.542  0.455E-12  0.799E-02  0.114E-10  0.255E-10  0.191E-09
2 26.734  4.441    6.3   1.546  0.445E-12  0.799E-02  0.111E-10  0.246E-10  0.185E-09
2 26.734  4.445    6.3   1.551  0.435E-12  0.799E-02  0.109E-10  0.237E-10  0.179E-09
2 26.734  4.449    6.3   1.555  0.426E-12  0.799E-02  0.107E-10  0.228E-10  0.173E-09
2 26.734  4.453    6.3   1.560  0.417E-12  0.799E-02  0.104E-10  0.220E-10  0.167E-09
2 26.734  4.457    6.3   1.564  0.408E-12  0.799E-02  0.102E-10  0.212E-10  0.162E-09
2 26.734  4.462    6.3   1.569  0.399E-12  0.799E-02  0.997E-11  0.204E-10  0.157E-09
2 26.734  4.466    6.3   1.573  0.390E-12  0.800E-02  0.975E-11  0.196E-10  0.152E-09
2 26.734  4.470    6.3   1.578  0.382E-12  0.800E-02  0.956E-11  0.189E-10  0.147E-09
2 26.734  4.474    6.3   1.583  0.374E-12  0.800E-02  0.936E-11  0.182E-10  0.142E-09
2 26.734  4.478    6.3   1.587  0.367E-12  0.800E-02  0.916E-11  0.176E-10  0.138E-09
2 26.734  4.483    6.3   1.592  0.359E-12  0.800E-02  0.898E-11  0.169E-10  0.133E-09
2 26.734  4.487    6.3   1.596  0.352E-12  0.800E-02  0.879E-11  0.163E-10  0.129E-09
2 26.734  4.491    6.3   1.601  0.344E-12  0.800E-02  0.860E-11  0.157E-10  0.125E-09
2 26.734  4.495    6.3   1.606  0.337E-12  0.800E-02  0.843E-11  0.152E-10  0.121E-09
2 26.734  4.499    6.3   1.610  0.331E-12  0.800E-02  0.826E-11  0.146E-10  0.117E-09
2 26.734  4.503    6.4   1.615  0.324E-12  0.800E-02  0.809E-11  0.141E-10  0.113E-09
2 26.734  4.508    6.4   1.620  0.317E-12  0.800E-02  0.793E-11  0.136E-10  0.110E-09
2 26.734  4.512    6.4   1.625  0.311E-12  0.800E-02  0.778E-11  0.131E-10  0.106E-09
2 26.734  4.516    6.4   1.629  0.305E-12  0.800E-02  0.762E-11  0.126E-10  0.103E-09
2 26.734  4.520    6.4   1.634  0.298E-12  0.801E-02  0.746E-11  0.122E-10  0.997E-10
2 26.734  4.524    6.4   1.639  0.293E-12  0.801E-02  0.731E-11  0.117E-10  0.966E-10
2 26.734  4.529    6.4   1.644  0.287E-12  0.801E-02  0.717E-11  0.113E-10  0.936E-10
2 26.734  4.533    6.4   1.649  0.281E-12  0.801E-02  0.703E-11  0.109E-10  0.906E-10
2 26.734  4.537    6.4   1.653  0.276E-12  0.801E-02  0.690E-11  0.105E-10  0.878E-10
2 26.734  4.541    6.4   1.658  0.270E-12  0.801E-02  0.676E-11  0.101E-10  0.850E-10
2 26.734  4.545    6.4   1.663  0.265E-12  0.801E-02  0.662E-11  0.977E-11  0.824E-10
2 26.734  4.549    6.4   1.668  0.260E-12  0.801E-02  0.649E-11  0.942E-11  0.798E-10
2 26.734  4.554    6.4   1.673  0.255E-12  0.801E-02  0.637E-11  0.908E-11  0.773E-10
2 26.734  4.558    6.4   1.678  0.250E-12  0.801E-02  0.624E-11  0.876E-11  0.749E-10
2 26.734  4.562    6.4   1.683  0.245E-12  0.801E-02  0.612E-11  0.845E-11  0.726E-10
2 26.734  4.566    6.4   1.688  0.240E-12  0.801E-02  0.599E-11  0.815E-11  0.703E-10
2 26.734  4.570    6.4   1.693  0.235E-12  0.801E-02  0.587E-11  0.786E-11  0.681E-10
2 26.734  4.575    6.5   1.698  0.237E-12  0.801E-02  0.569E-11  0.754E-11  0.655E-10
2 26.734  4.579    6.5   1.703  0.233E-12  0.801E-02  0.558E-11  0.727E-11  0.635E-10
2 26.734  4.583    6.5   1.708  0.235E-12  0.801E-02  0.541E-11  0.697E-11  0.610E-10
2 26.734  4.587    6.5   1.713  0.230E-12  0.801E-02  0.530E-11  0.672E-11  0.591E-10
2 26.734  4.591    6.5   1.719  0.226E-12  0.802E-02  0.520E-11  0.648E-11  0.573E-10
2 26.734  4.595    6.5   1.724  0.228E-12  0.802E-02  0.502E-11  0.621E-11  0.550E-10
2 26.734  4.600    6.5   1.729  0.224E-12  0.802E-02  0.493E-11  0.599E-11  0.533E-10
2 26.734  4.604    6.5   1.734  0.226E-12  0.802E-02  0.475E-11  0.573E-11  0.512E-10
2 26.734  4.608    6.5   1.739  0.222E-12  0.802E-02  0.466E-11  0.553E-11  0.496E-10
2 26.734  4.612    6.5   1.745  0.217E-12  0.802E-02  0.456E-11  0.533E-11  0.480E-10
2 26.734  4.616    6.5   1.750  0.220E-12  0.802E-02  0.440E-11  0.510E-11  0.460E-10
2 26.734  4.621    6.5   1.755  0.216E-12  0.802E-02  0.431E-11  0.492E-11  0.446E-10
2 26.734  4.625    6.5   1.760  0.219E-12  0.802E-02  0.416E-11  0.469E-11  0.427E-10
2 26.734  4.629    6.5   1.766  0.214E-12  0.802E-02  0.407E-11  0.453E-11  0.413E-10
2 26.734  4.633    6.5   1.771  0.217E-12  0.802E-02  0.390E-11  0.431E-11  0.395E-10
2 26.734  4.637    6.5   1.776  0.212E-12  0.802E-02  0.382E-11  0.416E-11  0.383E-10
2 26.734  4.641    6.5   1.782  0.208E-12  0.802E-02  0.375E-11  0.402E-11  0.371E-10
2 26.734  4.646    6.6   1.787  0.211E-12  0.802E-02  0.359E-11  0.382E-11  0.353E-10
2 26.734  4.650    6.6   1.793  0.207E-12  0.802E-02  0.352E-11  0.369E-11  0.342E-10
2 26.734  4.654    6.6   1.798  0.210E-12  0.802E-02  0.336E-11  0.350E-11  0.326E-10
2 26.734  4.658    6.6   1.804  0.206E-12  0.802E-02  0.329E-11  0.337E-11  0.316E-10
2 26.734  4.662    6.6   1.809  0.202E-12  0.802E-02  0.323E-11  0.326E-11  0.306E-10
2 26.734  4.667    6.6   1.815  0.205E-12  0.802E-02  0.307E-11  0.308E-11  0.290E-10
2 26.734  4.671    6.6   1.820  0.200E-12  0.802E-02  0.301E-11  0.297E-11  0.281E-10
2 26.734  4.675    6.6   1.826  0.203E-12  0.802E-02  0.285E-11  0.280E-11  0.265E-10
2 26.734  4.679    6.6   1.832  0.199E-12  0.802E-02  0.279E-11  0.271E-11  0.257E-10
2 26.734  4.683    6.6   1.837  0.203E-12  0.802E-02  0.264E-11  0.254E-11  0.242E-10
2 26.734  4.687    6.6   1.843  0.198E-12  0.802E-02  0.258E-11  0.246E-11  0.235E-10
2 26.734  4.692    6.6   1.849  0.194E-12  0.802E-02  0.253E-11  0.237E-11  0.228E-10
2 26.734  4.696    6.6   1.854  0.198E-12  0.802E-02  0.237E-11  0.222E-11  0.213E-10
2 26.734  4.700    6.6   1.860  0.194E-12  0.802E-02  0.232E-11  0.214E-11  0.207E-10
2 26.734  4.704    6.6   1.866  0.197E-12  0.802E-02  0.217E-11  0.199E-11  0.192E-10
2 26.734  4.708    6.6   1.871  0.193E-12  0.802E-02  0.212E-11  0.192E-11  0.186E-10
2 26.734  4.713    6.6   1.877  0.189E-12  0.802E-02  0.208E-11  0.185E-11  0.181E-10
2 26.734  4.717    6.7   1.883  0.192E-12  0.802E-02  0.192E-11  0.171E-11  0.167E-10
2 26.734  4.721    6.7   1.889  0.188E-12  0.803E-02  0.188E-11  0.165E-11  0.162E-10
2 26.734  4.725    6.7   1.895  0.192E-12  0.803E-02  0.173E-11  0.151E-11  0.148E-10
2 26.734  4.729    6.7   1.901  0.188E-12  0.803E-02  0.170E-11  0.146E-11  0.144E-10
2 26.734  4.733    6.7   1.907  0.192E-12  0.803E-02  0.153E-11  0.132E-11  0.130E-10
2 26.734  4.738    6.7   1.913  0.187E-12  0.803E-02  0.150E-11  0.128E-11  0.126E-10
2 26.734  4.742    6.7   1.919  0.184E-12  0.803E-02  0.147E-11  0.123E-11  0.123E-10
2 26.734  4.746    6.7   1.925  0.187E-12  0.803E-02  0.131E-11  0.110E-11  0.109E-10
2 26.734  4.750    6.7   1.931  0.184E-12  0.803E-02  0.129E-11  0.106E-11  0.106E-10
2 26.734  4.754    6.7   1.937  0.187E-12  0.803E-02  0.112E-11  0.931E-12  0.929E-11
2 26.734  4.759    6.7   1.943  0.184E-12  0.803E-02  0.110E-11  0.899E-12  0.901E-11
2 26.734  4.763    6.7   1.949  0.179E-12  0.803E-02  0.108E-11  0.868E-12  0.873E-11
2 26.734  4.767    6.7   1.955  0.183E-12  0.803E-02  0.915E-12  0.740E-12  0.744E-11
2 26.734  4.771    6.7   1.961  0.180E-12  0.803E-02  0.898E-12  0.715E-12  0.722E-11
2 26.734  4.775    6.7   1.968  0.184E-12  0.803E-02  0.734E-12  0.586E-12  0.591E-11
2 26.734  4.779    6.7   1.974  0.180E-12  0.803E-02  0.719E-12  0.566E-12  0.573E-11
2 26.734  4.784    6.7   1.980  0.184E-12  0.803E-02  0.552E-12  0.435E-12  0.441E-11
2 26.734  4.788    6.8   1.987  0.180E-12  0.803E-02  0.541E-12  0.420E-12  0.428E-11
2 26.734  4.792    6.8   1.993  0.176E-12  0.803E-02  0.527E-12  0.406E-12  0.415E-11
2 26.734  4.796    6.8   1.999  0.180E-12  0.803E-02  0.361E-12  0.278E-12  0.284E-11
2 26.734  4.800    6.8   2.006  0.176E-12  0.803E-02  0.352E-12  0.269E-12  0.275E-11
2 26.734  4.805    6.8   2.012  0.179E-12  0.803E-02  0.179E-12  0.138E-12  0.142E-11
2 26.734  4.809    6.8   2.018  0.176E-12  0.803E-02  0.176E-12  0.134E-12  0.137E-11
2 26.734  4.813    6.8   2.025  0.174E-12  0.803E-02  0.174E-12  0.129E-12  0.133E-11
 # th     pit     q2      x      sig_u     rate_u
 #                           0.6/GeV.sr)    (Hz)
 # th     pit     q2      x      sig_u     rate_u
 #                           0.6/GeV.sr)    (Hz)
 # th     pit     q2      x      sig_u     rate_u
 #                           0.6/GeV.sr)    (Hz)
 # th     pit     q2      x      sig_u     rate_u
 #                           0.6/GeV.sr)    (Hz)
