2   0.05    0.03  0.126E-03  0.314E-03    2.96    0.40  0.151E+12  0.365E-02  0.913E-02  0.000E+00  0.000E+00  0.414E-06  0.275E-05  0.787E-06  0.290E+00  0.000E+00  0.000E+00  0.000E+00  0.000E+00  0.000E+00
2   0.10    0.02  0.145E-03  0.248E-03    2.56    0.62  0.127E+12  0.363E-02  0.621E-02  0.000E+00  0.000E+00  0.488E-06  0.352E-05  0.988E-06  0.274E+00  0.000E+00  0.000E+00  0.000E+00  0.000E+00  0.000E+00
2   0.15    0.02  0.167E-03  0.209E-03    2.28    0.75  0.991E+11  0.357E-02  0.447E-02  0.000E+00  0.000E+00  0.551E-06  0.406E-05  0.114E-05  0.269E+00  0.000E+00  0.000E+00  0.000E+00  0.000E+00  0.000E+00
2   0.20    0.02  0.191E-03  0.181E-03    2.08    0.85  0.764E+11  0.354E-02  0.336E-02  0.000E+00  0.000E+00  0.595E-06  0.441E-05  0.124E-05  0.268E+00  0.000E+00  0.000E+00  0.000E+00  0.000E+00  0.000E+00
2   0.25    0.03  0.260E-03  0.193E-03    1.99    1.00  0.417E+11  0.355E-02  0.263E-02  0.000E+00  0.000E+00  0.443E-06  0.331E-05  0.930E-06  0.266E+00  0.000E+00  0.000E+00  0.000E+00  0.000E+00  0.000E+00
2   0.30    0.02  0.394E-03  0.234E-03    1.94    1.22  0.181E+11  0.357E-02  0.212E-02  0.000E+00  0.000E+00  0.271E-06  0.202E-05  0.571E-06  0.266E+00  0.000E+00  0.000E+00  0.000E+00  0.000E+00  0.000E+00
2   0.35    0.03  0.607E-03  0.290E-03    1.91    1.46  0.750E+10  0.348E-02  0.166E-02  0.000E+00  0.000E+00  0.165E-06  0.121E-05  0.344E-06  0.269E+00  0.000E+00  0.000E+00  0.000E+00  0.000E+00  0.000E+00
2   0.40    0.03  0.957E-03  0.361E-03    1.90    1.78  0.297E+10  0.274E-02  0.103E-02  0.000E+00  0.000E+00  0.855E-07  0.622E-06  0.178E-06  0.271E+00  0.000E+00  0.000E+00  0.000E+00  0.000E+00  0.000E+00
2   0.45    0.03  0.153E-02  0.445E-03    1.90    2.21  0.114E+10  0.118E-02  0.344E-03  0.000E+00  0.000E+00  0.376E-07  0.269E-06  0.777E-07  0.274E+00  0.000E+00  0.000E+00  0.000E+00  0.000E+00  0.000E+00
2   0.50    0.02  0.208E-02  0.474E-03    1.85    2.51  0.599E+09  0.128E-02  0.292E-03  0.000E+00  0.000E+00  0.236E-07  0.165E-06  0.482E-07  0.278E+00  0.000E+00  0.000E+00  0.000E+00  0.000E+00  0.000E+00
2   0.55    0.02  0.450E-02  0.799E-03    1.82    2.87  0.121E+09  0.142E-02  0.252E-03  0.000E+00  0.000E+00  0.137E-07  0.921E-07  0.270E-07  0.286E+00  0.000E+00  0.000E+00  0.000E+00  0.000E+00  0.000E+00
2   0.60    0.02        NaN        NaN     NaN     Inf  0.000E+00        NaN        NaN  0.000E+00  0.000E+00  0.000E+00  0.000E+00  0.000E+00        NaN  0.000E+00  0.000E+00  0.000E+00  0.000E+00  0.000E+00
2   0.65    0.03        NaN        NaN     NaN     Inf  0.000E+00        NaN        NaN  0.000E+00  0.000E+00  0.000E+00  0.000E+00  0.000E+00        NaN  0.000E+00  0.000E+00  0.000E+00  0.000E+00  0.000E+00
2   0.70    0.03        NaN        NaN     NaN     Inf  0.000E+00        NaN        NaN  0.000E+00  0.000E+00  0.000E+00  0.000E+00  0.000E+00        NaN  0.000E+00  0.000E+00  0.000E+00  0.000E+00  0.000E+00
2   0.75    0.02        NaN        NaN     NaN     Inf  0.000E+00  0.000E+00  0.000E+00  0.000E+00  0.000E+00  0.000E+00  0.000E+00  0.000E+00        NaN  0.000E+00  0.000E+00  0.000E+00  0.000E+00  0.000E+00
2   0.80    0.02        NaN        NaN     NaN     Inf  0.000E+00  0.484E-02  0.000E+00  0.000E+00  0.000E+00  0.000E+00  0.000E+00  0.000E+00        NaN  0.000E+00  0.000E+00  0.000E+00  0.000E+00  0.000E+00
2   0.85    0.02        NaN        NaN     NaN     Inf  0.000E+00  0.957E-02  0.000E+00  0.000E+00  0.000E+00  0.000E+00  0.000E+00  0.000E+00        NaN  0.000E+00  0.000E+00  0.000E+00  0.000E+00  0.000E+00
2   0.90    0.03        NaN        NaN     NaN     Inf  0.000E+00  0.110E-01  0.000E+00  0.000E+00  0.000E+00  0.000E+00  0.000E+00  0.000E+00        NaN  0.000E+00  0.000E+00  0.000E+00  0.000E+00  0.000E+00
2   0.95    0.03        NaN        NaN     NaN     Inf  0.000E+00  0.788E-02  0.000E+00  0.000E+00  0.000E+00  0.000E+00  0.000E+00  0.000E+00        NaN  0.000E+00  0.000E+00  0.000E+00  0.000E+00  0.000E+00
2   1.00    0.03        NaN        NaN     NaN     Inf  0.000E+00  0.212E-04  0.000E+00  0.000E+00  0.000E+00  0.000E+00  0.000E+00  0.000E+00        NaN  0.000E+00  0.000E+00  0.000E+00  0.000E+00  0.000E+00
