           1   4.1518783994515279E-002   11.399999618530273        1.0000000000000000        4.0953938594917824E-005         198
           1   4.5490145862990834E-002   11.399999618530273        1.0799999982118607        4.1009291295703406E-005         198
           1   4.9578312491664007E-002   11.399999618530273        1.1599999964237213        4.1188820774057504E-005         198
           1   5.3788513944395162E-002   11.399999618530273        1.2399999946355820        4.1476896001098885E-005         198
           1   5.8126297258610175E-002   11.399999618530273        1.3199999928474426        4.1860660744827073E-005         198
           1   6.2597550827882237E-002   11.399999618530273        1.3999999910593033        4.2329506140488951E-005         198
           1   6.7208531070380731E-002   11.399999618530273        1.4799999892711639        4.2874626966102051E-005         198
           1   7.1965891637172347E-002   11.399999618530273        1.5599999874830246        4.3488690770621809E-005         198
           1   7.6876715447131913E-002   11.399999618530273        1.6399999856948853        4.4165557887147342E-005         198
           1   8.1948549872828180E-002   11.399999618530273        1.7199999839067459        4.4900059365967397E-005         198
           1   8.7189445444997973E-002   11.399999618530273        1.7999999821186066        4.5687824244440873E-005         198
           1   9.2607998493068763E-002   11.399999618530273        1.8799999803304672        4.6525120940147361E-005         198
           1   9.8213398196769455E-002   11.399999618530273        1.9599999785423279        4.7408727638535563E-005         198
           1  0.10401547859054264        11.399999618530273        2.0399999767541885        4.8335861365474191E-005         198
           1  0.11002477613985782        11.399999618530273        2.1199999749660492        4.9304055652117620E-005         198
           1  0.11625259359857711        11.399999618530273        2.1999999731779099        5.0311085008883877E-005         198
           1  0.12271107096158364        11.399999618530273        2.2799999713897705        5.1354929685270510E-005         198
           1  0.12941326444978304        11.399999618530273        2.3599999696016312        5.2433698641759338E-005         198
           1  0.13637323460875878        11.399999618530273        2.4399999678134918        5.3545573203274223E-005         198
           1  0.14360614477197514        11.399999618530273        2.5199999660253525        5.4688762211145635E-005         198
           1  0.15112837133956461        11.399999618530273        2.5999999642372131        5.5861489807018850E-005         198
           1  0.15895762756063980        11.399999618530273        2.6799999624490738        5.7061926839316417E-005         198
           1  0.16711310278839470        11.399999618530273        2.7599999606609344        5.8288158368236163E-005         198
           1  0.17561561951245225        11.399999618530273        2.8399999588727951        5.9538234344502487E-005         198
           1  0.18448781087369245        11.399999618530273        2.9199999570846558        6.0810040084038752E-005         198
           1  0.19375432184772343        11.399999618530273        2.9999999552965164        6.2101420393526787E-005         198
           1  0.20344203786246237        11.399999618530273        3.0799999535083771        6.3410080740218728E-005         198
           1  0.21358034531584363        11.399999618530273        3.1599999517202377        6.4733662458671068E-005         198
           1  0.22420142931034190        11.399999618530273        3.2399999499320984        6.6069719958619232E-005         198
           1  0.23534061495840086        11.399999618530273        3.3199999481439590        6.7415590812530075E-005         198
           1  0.24703675988367568        11.399999618530273        3.3999999463558197        6.8768312876395029E-005         198
           1  0.25933270710708145        11.399999618530273        3.4799999445676804        7.0124405953126578E-005         198
           1  0.27227580944116425        11.399999618530273        3.5599999427795410        7.1480663977510763E-005         198
           1  0.28591853892139657        11.399999618530273        3.6399999409914017        7.2835043316799085E-005         198
           1  0.30031919780935434        11.399999618530273        3.7199999392032623        7.4188693757901443E-005         198
           1  0.31554275148215100        11.399999618530273        3.7999999374151230        7.5549516787559595E-005         198
           1  0.33166180830235925        11.399999618530273        3.8799999356269836        7.6914257472472016E-005         198
           1  0.34875777764609744        11.399999618530273        3.9599999338388443        7.8273663480058059E-005         198
           1  0.36692224506138027        11.399999618530273        4.0399999320507050        7.9640118181164334E-005         198
           1  0.38625861358614699        11.399999618530273        4.1199999302625656        8.1030558077620386E-005         198
           1  0.40688407332989063        11.399999618530273        4.1999999284744263        8.2452610060507797E-005         198
           1  0.42893197855493032        11.399999618530273        4.2799999266862869        8.3912964602874768E-005         198
           1  0.45255473413223440        11.399999618530273        4.3599999248981476        8.4905754455138962E-005         191
           1  0.47792732343186228        11.399999618530273        4.4399999231100082        8.4464002082294972E-005         169
           1  0.50525165034195851        11.399999618530273        4.5199999213218689        8.3429563889305831E-005         148
           1  0.53476192337228945        11.399999618530273        4.5999999195337296        8.1068323661556314E-005         126
           1  0.56673138578364279        11.399999618530273        4.6799999177455902        7.6723098607713998E-005         103
           1  0.60148080140313076        11.399999618530273        4.7599999159574509        6.9514159816488614E-005          79
           1  0.63938925475271602        11.399999618530273        4.8399999141693115        5.8249409235297604E-005          55
           1  0.68090803692869273        11.399999618530273        4.9199999123811722        3.8462276869942634E-005          29
           1  0.72657869724493218        11.399999618530273        4.9999999105930328        1.7424876585440698E-006           1
           1  0.77705679539493866        11.399999618530273        5.0799999088048935        0.0000000000000000                0
           1  0.83314357100109038        11.399999618530273        5.1599999070167542        0.0000000000000000                0
           1  0.89582879065160637        11.399999618530273        5.2399999052286148        0.0000000000000000                0
           1  0.96634966257599875        11.399999618530273        5.3199999034404755        0.0000000000000000                0
           1   1.0462733171901231        11.399999618530273        5.3999999016523361        0.0000000000000000                0
           1   1.1376146364453070        11.399999618530273        5.4799998998641968        0.0000000000000000                0
           1   1.2430084659524447        11.399999618530273        5.5599998980760574        0.0000000000000000                0
           1   1.3659679331654631        11.399999618530273        5.6399998962879181        0.0000000000000000                0
           1   1.5112836663873608        11.399999618530273        5.7199998944997787        0.0000000000000000                0
           1   1.6856625451709522        11.399999618530273        5.7999998927116394        0.0000000000000000                0
           1   1.8987922843024720        11.399999618530273        5.8799998909235001        0.0000000000000000                0
           1   2.1652044557357155        11.399999618530273        5.9599998891353607        0.0000000000000000                0
           1   2.5077343863847319        11.399999618530273        6.0399998873472214        0.0000000000000000                0
           1   2.9644409534944023        11.399999618530273        6.1199998855590820        0.0000000000000000                0
           1   3.6038301338370240        11.399999618530273        6.1999998837709427        0.0000000000000000                0
           1   4.5629138745770810        11.399999618530273        6.2799998819828033        0.0000000000000000                0
           1   6.1613866964135084        11.399999618530273        6.3599998801946640        0.0000000000000000                0
           1   9.3583320423476497        11.399999618530273        6.4399998784065247        0.0000000000000000                0
           1   18.949165698241003        11.399999618530273        6.5199998766183853        0.0000000000000000                0
           1   51490423.505896926        11.399999618530273        6.5999998748302460        0.0000000000000000                0
           1  -19.414190362524632        11.399999618530273        6.6799998730421066        0.0000000000000000                0
           1  -9.8233459880331733        11.399999618530273        6.7599998712539673        0.0000000000000000                0
           1  -6.6263986571734605        11.399999618530273        6.8399998694658279        0.0000000000000000                0
           1  -5.0279251406130809        11.399999618530273        6.9199998676776886        0.0000000000000000                0
           1  -4.0688410783150815        11.399999618530273        6.9999998658895493        0.0000000000000000                0
           1   4.1518783994515279E-002   11.399999618530273        1.0000000000000000        4.0953938594917824E-005         198
           1   4.5490145862990834E-002   11.399999618530273        1.0799999982118607        4.1009291295703406E-005         198
           1   4.9578312491664007E-002   11.399999618530273        1.1599999964237213        4.1188820774057504E-005         198
           1   5.3788513944395162E-002   11.399999618530273        1.2399999946355820        4.1476896001098885E-005         198
           1   5.8126297258610175E-002   11.399999618530273        1.3199999928474426        4.1860660744827073E-005         198
           1   6.2597550827882237E-002   11.399999618530273        1.3999999910593033        4.2329506140488951E-005         198
           1   6.7208531070380731E-002   11.399999618530273        1.4799999892711639        4.2874626966102051E-005         198
           1   7.1965891637172347E-002   11.399999618530273        1.5599999874830246        4.3488690770621809E-005         198
           1   7.6876715447131913E-002   11.399999618530273        1.6399999856948853        4.4165557887147342E-005         198
           1   8.1948549872828180E-002   11.399999618530273        1.7199999839067459        4.4900059365967397E-005         198
           1   8.7189445444997973E-002   11.399999618530273        1.7999999821186066        4.5687824244440873E-005         198
           1   9.2607998493068763E-002   11.399999618530273        1.8799999803304672        4.6525120940147361E-005         198
           1   9.8213398196769455E-002   11.399999618530273        1.9599999785423279        4.7408727638535563E-005         198
           1  0.10401547859054264        11.399999618530273        2.0399999767541885        4.8335861365474191E-005         198
           1  0.11002477613985782        11.399999618530273        2.1199999749660492        4.9304055652117620E-005         198
           1  0.11625259359857711        11.399999618530273        2.1999999731779099        5.0311085008883877E-005         198
           1  0.12271107096158364        11.399999618530273        2.2799999713897705        5.1354929685270510E-005         198
           1  0.12941326444978304        11.399999618530273        2.3599999696016312        5.2433698641759338E-005         198
           1  0.13637323460875878        11.399999618530273        2.4399999678134918        5.3545573203274223E-005         198
           1  0.14360614477197514        11.399999618530273        2.5199999660253525        5.4688762211145635E-005         198
           1  0.15112837133956461        11.399999618530273        2.5999999642372131        5.5861489807018850E-005         198
           1  0.15895762756063980        11.399999618530273        2.6799999624490738        5.7061926839316417E-005         198
           1  0.16711310278839470        11.399999618530273        2.7599999606609344        5.8288158368236163E-005         198
           1  0.17561561951245225        11.399999618530273        2.8399999588727951        5.9538234344502487E-005         198
           1  0.18448781087369245        11.399999618530273        2.9199999570846558        6.0810040084038752E-005         198
           1  0.19375432184772343        11.399999618530273        2.9999999552965164        6.2101420393526787E-005         198
           1  0.20344203786246237        11.399999618530273        3.0799999535083771        6.3410080740218728E-005         198
           1  0.21358034531584363        11.399999618530273        3.1599999517202377        6.4733662458671068E-005         198
           1  0.22420142931034190        11.399999618530273        3.2399999499320984        6.6069719958619232E-005         198
           1  0.23534061495840086        11.399999618530273        3.3199999481439590        6.7415590812530075E-005         198
           1  0.24703675988367568        11.399999618530273        3.3999999463558197        6.8768312876395029E-005         198
           1  0.25933270710708145        11.399999618530273        3.4799999445676804        7.0124405953126578E-005         198
           1  0.27227580944116425        11.399999618530273        3.5599999427795410        7.1480663977510763E-005         198
           1  0.28591853892139657        11.399999618530273        3.6399999409914017        7.2835043316799085E-005         198
           1  0.30031919780935434        11.399999618530273        3.7199999392032623        7.4188693757901443E-005         198
           1  0.31554275148215100        11.399999618530273        3.7999999374151230        7.5549516787559595E-005         198
           1  0.33166180830235925        11.399999618530273        3.8799999356269836        7.6914257472472016E-005         198
           1  0.34875777764609744        11.399999618530273        3.9599999338388443        7.8273663480058059E-005         198
           1  0.36692224506138027        11.399999618530273        4.0399999320507050        7.9640118181164334E-005         198
           1  0.38625861358614699        11.399999618530273        4.1199999302625656        8.1030558077620386E-005         198
           1  0.40688407332989063        11.399999618530273        4.1999999284744263        8.2452610060507797E-005         198
           1  0.42893197855493032        11.399999618530273        4.2799999266862869        8.3912964602874768E-005         198
           1  0.45255473413223440        11.399999618530273        4.3599999248981476        8.4905754455138962E-005         191
           1  0.47792732343186228        11.399999618530273        4.4399999231100082        8.4464002082294972E-005         169
           1  0.50525165034195851        11.399999618530273        4.5199999213218689        8.3429563889305831E-005         148
           1  0.53476192337228945        11.399999618530273        4.5999999195337296        8.1068323661556314E-005         126
           1  0.56673138578364279        11.399999618530273        4.6799999177455902        7.6723098607713998E-005         103
           1  0.60148080140313076        11.399999618530273        4.7599999159574509        6.9514159816488614E-005          79
           1  0.63938925475271602        11.399999618530273        4.8399999141693115        5.8249409235297604E-005          55
           1  0.68090803692869273        11.399999618530273        4.9199999123811722        3.8462276869942634E-005          29
           1  0.72657869724493218        11.399999618530273        4.9999999105930328        1.7424876585440698E-006           1
           1  0.77705679539493866        11.399999618530273        5.0799999088048935        0.0000000000000000                0
           1  0.83314357100109038        11.399999618530273        5.1599999070167542        0.0000000000000000                0
           1  0.89582879065160637        11.399999618530273        5.2399999052286148        0.0000000000000000                0
           1  0.96634966257599875        11.399999618530273        5.3199999034404755        0.0000000000000000                0
           1   1.0462733171901231        11.399999618530273        5.3999999016523361        0.0000000000000000                0
           1   1.1376146364453070        11.399999618530273        5.4799998998641968        0.0000000000000000                0
           1   1.2430084659524447        11.399999618530273        5.5599998980760574        0.0000000000000000                0
           1   1.3659679331654631        11.399999618530273        5.6399998962879181        0.0000000000000000                0
           1   1.5112836663873608        11.399999618530273        5.7199998944997787        0.0000000000000000                0
           1   1.6856625451709522        11.399999618530273        5.7999998927116394        0.0000000000000000                0
           1   1.8987922843024720        11.399999618530273        5.8799998909235001        0.0000000000000000                0
           1   2.1652044557357155        11.399999618530273        5.9599998891353607        0.0000000000000000                0
           1   2.5077343863847319        11.399999618530273        6.0399998873472214        0.0000000000000000                0
           1   2.9644409534944023        11.399999618530273        6.1199998855590820        0.0000000000000000                0
           1   3.6038301338370240        11.399999618530273        6.1999998837709427        0.0000000000000000                0
           1   4.5629138745770810        11.399999618530273        6.2799998819828033        0.0000000000000000                0
           1   6.1613866964135084        11.399999618530273        6.3599998801946640        0.0000000000000000                0
           1   9.3583320423476497        11.399999618530273        6.4399998784065247        0.0000000000000000                0
           1   18.949165698241003        11.399999618530273        6.5199998766183853        0.0000000000000000                0
           1   51490423.505896926        11.399999618530273        6.5999998748302460        0.0000000000000000                0
           1  -19.414190362524632        11.399999618530273        6.6799998730421066        0.0000000000000000                0
           1  -9.8233459880331733        11.399999618530273        6.7599998712539673        0.0000000000000000                0
           1  -6.6263986571734605        11.399999618530273        6.8399998694658279        0.0000000000000000                0
           1  -5.0279251406130809        11.399999618530273        6.9199998676776886        0.0000000000000000                0
           1  -4.0688410783150815        11.399999618530273        6.9999998658895493        0.0000000000000000                0
           1   4.1518783994515279E-002   11.399999618530273        1.0000000000000000        4.0953938594917824E-005         198
           1   4.5490145862990834E-002   11.399999618530273        1.0799999982118607        4.1009291295703406E-005         198
           1   4.9578312491664007E-002   11.399999618530273        1.1599999964237213        4.1188820774057504E-005         198
           1   5.3788513944395162E-002   11.399999618530273        1.2399999946355820        4.1476896001098885E-005         198
           1   5.8126297258610175E-002   11.399999618530273        1.3199999928474426        4.1860660744827073E-005         198
           1   6.2597550827882237E-002   11.399999618530273        1.3999999910593033        4.2329506140488951E-005         198
           1   6.7208531070380731E-002   11.399999618530273        1.4799999892711639        4.2874626966102051E-005         198
           1   7.1965891637172347E-002   11.399999618530273        1.5599999874830246        4.3488690770621809E-005         198
           1   7.6876715447131913E-002   11.399999618530273        1.6399999856948853        4.4165557887147342E-005         198
           1   8.1948549872828180E-002   11.399999618530273        1.7199999839067459        4.4900059365967397E-005         198
           1   8.7189445444997973E-002   11.399999618530273        1.7999999821186066        4.5687824244440873E-005         198
           1   9.2607998493068763E-002   11.399999618530273        1.8799999803304672        4.6525120940147361E-005         198
           1   9.8213398196769455E-002   11.399999618530273        1.9599999785423279        4.7408727638535563E-005         198
           1  0.10401547859054264        11.399999618530273        2.0399999767541885        4.8335861365474191E-005         198
           1  0.11002477613985782        11.399999618530273        2.1199999749660492        4.9304055652117620E-005         198
           1  0.11625259359857711        11.399999618530273        2.1999999731779099        5.0311085008883877E-005         198
           1  0.12271107096158364        11.399999618530273        2.2799999713897705        5.1354929685270510E-005         198
           1  0.12941326444978304        11.399999618530273        2.3599999696016312        5.2433698641759338E-005         198
           1  0.13637323460875878        11.399999618530273        2.4399999678134918        5.3545573203274223E-005         198
           1  0.14360614477197514        11.399999618530273        2.5199999660253525        5.4688762211145635E-005         198
           1  0.15112837133956461        11.399999618530273        2.5999999642372131        5.5861489807018850E-005         198
           1  0.15895762756063980        11.399999618530273        2.6799999624490738        5.7061926839316417E-005         198
           1  0.16711310278839470        11.399999618530273        2.7599999606609344        5.8288158368236163E-005         198
           1  0.17561561951245225        11.399999618530273        2.8399999588727951        5.9538234344502487E-005         198
           1  0.18448781087369245        11.399999618530273        2.9199999570846558        6.0810040084038752E-005         198
           1  0.19375432184772343        11.399999618530273        2.9999999552965164        6.2101420393526787E-005         198
           1  0.20344203786246237        11.399999618530273        3.0799999535083771        6.3410080740218728E-005         198
           1  0.21358034531584363        11.399999618530273        3.1599999517202377        6.4733662458671068E-005         198
           1  0.22420142931034190        11.399999618530273        3.2399999499320984        6.6069719958619232E-005         198
           1  0.23534061495840086        11.399999618530273        3.3199999481439590        6.7415590812530075E-005         198
           1  0.24703675988367568        11.399999618530273        3.3999999463558197        6.8768312876395029E-005         198
           1  0.25933270710708145        11.399999618530273        3.4799999445676804        7.0124405953126578E-005         198
           1  0.27227580944116425        11.399999618530273        3.5599999427795410        7.1480663977510763E-005         198
           1  0.28591853892139657        11.399999618530273        3.6399999409914017        7.2835043316799085E-005         198
           1  0.30031919780935434        11.399999618530273        3.7199999392032623        7.4188693757901443E-005         198
           1  0.31554275148215100        11.399999618530273        3.7999999374151230        7.5549516787559595E-005         198
           1  0.33166180830235925        11.399999618530273        3.8799999356269836        7.6914257472472016E-005         198
           1  0.34875777764609744        11.399999618530273        3.9599999338388443        7.8273663480058059E-005         198
           1  0.36692224506138027        11.399999618530273        4.0399999320507050        7.9640118181164334E-005         198
           1  0.38625861358614699        11.399999618530273        4.1199999302625656        8.1030558077620386E-005         198
           1  0.40688407332989063        11.399999618530273        4.1999999284744263        8.2452610060507797E-005         198
           1  0.42893197855493032        11.399999618530273        4.2799999266862869        8.3912964602874768E-005         198
           1  0.45255473413223440        11.399999618530273        4.3599999248981476        8.4905754455138962E-005         191
           1  0.47792732343186228        11.399999618530273        4.4399999231100082        8.4464002082294972E-005         169
           1  0.50525165034195851        11.399999618530273        4.5199999213218689        8.3429563889305831E-005         148
           1  0.53476192337228945        11.399999618530273        4.5999999195337296        8.1068323661556314E-005         126
           1  0.56673138578364279        11.399999618530273        4.6799999177455902        7.6723098607713998E-005         103
           1  0.60148080140313076        11.399999618530273        4.7599999159574509        6.9514159816488614E-005          79
           1  0.63938925475271602        11.399999618530273        4.8399999141693115        5.8249409235297604E-005          55
           1  0.68090803692869273        11.399999618530273        4.9199999123811722        3.8462276869942634E-005          29
           1  0.72657869724493218        11.399999618530273        4.9999999105930328        1.7424876585440698E-006           1
           1  0.77705679539493866        11.399999618530273        5.0799999088048935        0.0000000000000000                0
           1  0.83314357100109038        11.399999618530273        5.1599999070167542        0.0000000000000000                0
           1  0.89582879065160637        11.399999618530273        5.2399999052286148        0.0000000000000000                0
           1  0.96634966257599875        11.399999618530273        5.3199999034404755        0.0000000000000000                0
           1   1.0462733171901231        11.399999618530273        5.3999999016523361        0.0000000000000000                0
           1   1.1376146364453070        11.399999618530273        5.4799998998641968        0.0000000000000000                0
           1   1.2430084659524447        11.399999618530273        5.5599998980760574        0.0000000000000000                0
           1   1.3659679331654631        11.399999618530273        5.6399998962879181        0.0000000000000000                0
           1   1.5112836663873608        11.399999618530273        5.7199998944997787        0.0000000000000000                0
           1   1.6856625451709522        11.399999618530273        5.7999998927116394        0.0000000000000000                0
           1   1.8987922843024720        11.399999618530273        5.8799998909235001        0.0000000000000000                0
           1   2.1652044557357155        11.399999618530273        5.9599998891353607        0.0000000000000000                0
           1   2.5077343863847319        11.399999618530273        6.0399998873472214        0.0000000000000000                0
           1   2.9644409534944023        11.399999618530273        6.1199998855590820        0.0000000000000000                0
           1   3.6038301338370240        11.399999618530273        6.1999998837709427        0.0000000000000000                0
           1   4.5629138745770810        11.399999618530273        6.2799998819828033        0.0000000000000000                0
           1   6.1613866964135084        11.399999618530273        6.3599998801946640        0.0000000000000000                0
           1   9.3583320423476497        11.399999618530273        6.4399998784065247        0.0000000000000000                0
           1   18.949165698241003        11.399999618530273        6.5199998766183853        0.0000000000000000                0
           1   51490423.505896926        11.399999618530273        6.5999998748302460        0.0000000000000000                0
           1  -19.414190362524632        11.399999618530273        6.6799998730421066        0.0000000000000000                0
           1  -9.8233459880331733        11.399999618530273        6.7599998712539673        0.0000000000000000                0
           1  -6.6263986571734605        11.399999618530273        6.8399998694658279        0.0000000000000000                0
           1  -5.0279251406130809        11.399999618530273        6.9199998676776886        0.0000000000000000                0
           1  -4.0688410783150815        11.399999618530273        6.9999998658895493        0.0000000000000000                0
           1   4.1518783994515279E-002   11.399999618530273        1.0000000000000000        4.0953938594917824E-005         198
           1   4.5490145862990834E-002   11.399999618530273        1.0799999982118607        4.1009291295703406E-005         198
           1   4.9578312491664007E-002   11.399999618530273        1.1599999964237213        4.1188820774057504E-005         198
           1   5.3788513944395162E-002   11.399999618530273        1.2399999946355820        4.1476896001098885E-005         198
           1   5.8126297258610175E-002   11.399999618530273        1.3199999928474426        4.1860660744827073E-005         198
           1   6.2597550827882237E-002   11.399999618530273        1.3999999910593033        4.2329506140488951E-005         198
           1   6.7208531070380731E-002   11.399999618530273        1.4799999892711639        4.2874626966102051E-005         198
           1   7.1965891637172347E-002   11.399999618530273        1.5599999874830246        4.3488690770621809E-005         198
           1   7.6876715447131913E-002   11.399999618530273        1.6399999856948853        4.4165557887147342E-005         198
           1   8.1948549872828180E-002   11.399999618530273        1.7199999839067459        4.4900059365967397E-005         198
           1   8.7189445444997973E-002   11.399999618530273        1.7999999821186066        4.5687824244440873E-005         198
           1   9.2607998493068763E-002   11.399999618530273        1.8799999803304672        4.6525120940147361E-005         198
           1   9.8213398196769455E-002   11.399999618530273        1.9599999785423279        4.7408727638535563E-005         198
           1  0.10401547859054264        11.399999618530273        2.0399999767541885        4.8335861365474191E-005         198
           1  0.11002477613985782        11.399999618530273        2.1199999749660492        4.9304055652117620E-005         198
           1  0.11625259359857711        11.399999618530273        2.1999999731779099        5.0311085008883877E-005         198
           1  0.12271107096158364        11.399999618530273        2.2799999713897705        5.1354929685270510E-005         198
           1  0.12941326444978304        11.399999618530273        2.3599999696016312        5.2433698641759338E-005         198
           1  0.13637323460875878        11.399999618530273        2.4399999678134918        5.3545573203274223E-005         198
           1  0.14360614477197514        11.399999618530273        2.5199999660253525        5.4688762211145635E-005         198
           1  0.15112837133956461        11.399999618530273        2.5999999642372131        5.5861489807018850E-005         198
           1  0.15895762756063980        11.399999618530273        2.6799999624490738        5.7061926839316417E-005         198
           1  0.16711310278839470        11.399999618530273        2.7599999606609344        5.8288158368236163E-005         198
           1  0.17561561951245225        11.399999618530273        2.8399999588727951        5.9538234344502487E-005         198
           1  0.18448781087369245        11.399999618530273        2.9199999570846558        6.0810040084038752E-005         198
           1  0.19375432184772343        11.399999618530273        2.9999999552965164        6.2101420393526787E-005         198
           1  0.20344203786246237        11.399999618530273        3.0799999535083771        6.3410080740218728E-005         198
           1  0.21358034531584363        11.399999618530273        3.1599999517202377        6.4733662458671068E-005         198
           1  0.22420142931034190        11.399999618530273        3.2399999499320984        6.6069719958619232E-005         198
           1  0.23534061495840086        11.399999618530273        3.3199999481439590        6.7415590812530075E-005         198
           1  0.24703675988367568        11.399999618530273        3.3999999463558197        6.8768312876395029E-005         198
           1  0.25933270710708145        11.399999618530273        3.4799999445676804        7.0124405953126578E-005         198
           1  0.27227580944116425        11.399999618530273        3.5599999427795410        7.1480663977510763E-005         198
           1  0.28591853892139657        11.399999618530273        3.6399999409914017        7.2835043316799085E-005         198
           1  0.30031919780935434        11.399999618530273        3.7199999392032623        7.4188693757901443E-005         198
           1  0.31554275148215100        11.399999618530273        3.7999999374151230        7.5549516787559595E-005         198
           1  0.33166180830235925        11.399999618530273        3.8799999356269836        7.6914257472472016E-005         198
           1  0.34875777764609744        11.399999618530273        3.9599999338388443        7.8273663480058059E-005         198
           1  0.36692224506138027        11.399999618530273        4.0399999320507050        7.9640118181164334E-005         198
           1  0.38625861358614699        11.399999618530273        4.1199999302625656        8.1030558077620386E-005         198
           1  0.40688407332989063        11.399999618530273        4.1999999284744263        8.2452610060507797E-005         198
           1  0.42893197855493032        11.399999618530273        4.2799999266862869        8.3912964602874768E-005         198
           1  0.45255473413223440        11.399999618530273        4.3599999248981476        8.4905754455138962E-005         191
           1  0.47792732343186228        11.399999618530273        4.4399999231100082        8.4464002082294972E-005         169
           1  0.50525165034195851        11.399999618530273        4.5199999213218689        8.3429563889305831E-005         148
           1  0.53476192337228945        11.399999618530273        4.5999999195337296        8.1068323661556314E-005         126
           1  0.56673138578364279        11.399999618530273        4.6799999177455902        7.6723098607713998E-005         103
           1  0.60148080140313076        11.399999618530273        4.7599999159574509        6.9514159816488614E-005          79
           1  0.63938925475271602        11.399999618530273        4.8399999141693115        5.8249409235297604E-005          55
           1  0.68090803692869273        11.399999618530273        4.9199999123811722        3.8462276869942634E-005          29
           1  0.72657869724493218        11.399999618530273        4.9999999105930328        1.7424876585440698E-006           1
           1  0.77705679539493866        11.399999618530273        5.0799999088048935        0.0000000000000000                0
           1  0.83314357100109038        11.399999618530273        5.1599999070167542        0.0000000000000000                0
           1  0.89582879065160637        11.399999618530273        5.2399999052286148        0.0000000000000000                0
           1  0.96634966257599875        11.399999618530273        5.3199999034404755        0.0000000000000000                0
           1   1.0462733171901231        11.399999618530273        5.3999999016523361        0.0000000000000000                0
           1   1.1376146364453070        11.399999618530273        5.4799998998641968        0.0000000000000000                0
           1   1.2430084659524447        11.399999618530273        5.5599998980760574        0.0000000000000000                0
           1   1.3659679331654631        11.399999618530273        5.6399998962879181        0.0000000000000000                0
           1   1.5112836663873608        11.399999618530273        5.7199998944997787        0.0000000000000000                0
           1   1.6856625451709522        11.399999618530273        5.7999998927116394        0.0000000000000000                0
           1   1.8987922843024720        11.399999618530273        5.8799998909235001        0.0000000000000000                0
           1   2.1652044557357155        11.399999618530273        5.9599998891353607        0.0000000000000000                0
           1   2.5077343863847319        11.399999618530273        6.0399998873472214        0.0000000000000000                0
           1   2.9644409534944023        11.399999618530273        6.1199998855590820        0.0000000000000000                0
           1   3.6038301338370240        11.399999618530273        6.1999998837709427        0.0000000000000000                0
           1   4.5629138745770810        11.399999618530273        6.2799998819828033        0.0000000000000000                0
           1   6.1613866964135084        11.399999618530273        6.3599998801946640        0.0000000000000000                0
           1   9.3583320423476497        11.399999618530273        6.4399998784065247        0.0000000000000000                0
           1   18.949165698241003        11.399999618530273        6.5199998766183853        0.0000000000000000                0
           1   51490423.505896926        11.399999618530273        6.5999998748302460        0.0000000000000000                0
           1  -19.414190362524632        11.399999618530273        6.6799998730421066        0.0000000000000000                0
           1  -9.8233459880331733        11.399999618530273        6.7599998712539673        0.0000000000000000                0
           1  -6.6263986571734605        11.399999618530273        6.8399998694658279        0.0000000000000000                0
           1  -5.0279251406130809        11.399999618530273        6.9199998676776886        0.0000000000000000                0
           1  -4.0688410783150815        11.399999618530273        6.9999998658895493        0.0000000000000000                0
           1   4.1518783994515279E-002   11.399999618530273        1.0000000000000000        4.0953938594917824E-005         198
           1   4.5490145862990834E-002   11.399999618530273        1.0799999982118607        4.1009291295703406E-005         198
           1   4.9578312491664007E-002   11.399999618530273        1.1599999964237213        4.1188820774057504E-005         198
           1   5.3788513944395162E-002   11.399999618530273        1.2399999946355820        4.1476896001098885E-005         198
           1   5.8126297258610175E-002   11.399999618530273        1.3199999928474426        4.1860660744827073E-005         198
           1   6.2597550827882237E-002   11.399999618530273        1.3999999910593033        4.2329506140488951E-005         198
           1   6.7208531070380731E-002   11.399999618530273        1.4799999892711639        4.2874626966102051E-005         198
           1   7.1965891637172347E-002   11.399999618530273        1.5599999874830246        4.3488690770621809E-005         198
           1   7.6876715447131913E-002   11.399999618530273        1.6399999856948853        4.4165557887147342E-005         198
           1   8.1948549872828180E-002   11.399999618530273        1.7199999839067459        4.4900059365967397E-005         198
           1   8.7189445444997973E-002   11.399999618530273        1.7999999821186066        4.5687824244440873E-005         198
           1   9.2607998493068763E-002   11.399999618530273        1.8799999803304672        4.6525120940147361E-005         198
           1   9.8213398196769455E-002   11.399999618530273        1.9599999785423279        4.7408727638535563E-005         198
           1  0.10401547859054264        11.399999618530273        2.0399999767541885        4.8335861365474191E-005         198
           1  0.11002477613985782        11.399999618530273        2.1199999749660492        4.9304055652117620E-005         198
           1  0.11625259359857711        11.399999618530273        2.1999999731779099        5.0311085008883877E-005         198
           1  0.12271107096158364        11.399999618530273        2.2799999713897705        5.1354929685270510E-005         198
           1  0.12941326444978304        11.399999618530273        2.3599999696016312        5.2433698641759338E-005         198
           1  0.13637323460875878        11.399999618530273        2.4399999678134918        5.3545573203274223E-005         198
           1  0.14360614477197514        11.399999618530273        2.5199999660253525        5.4688762211145635E-005         198
           1  0.15112837133956461        11.399999618530273        2.5999999642372131        5.5861489807018850E-005         198
           1  0.15895762756063980        11.399999618530273        2.6799999624490738        5.7061926839316417E-005         198
           1  0.16711310278839470        11.399999618530273        2.7599999606609344        5.8288158368236163E-005         198
           1  0.17561561951245225        11.399999618530273        2.8399999588727951        5.9538234344502487E-005         198
           1  0.18448781087369245        11.399999618530273        2.9199999570846558        6.0810040084038752E-005         198
           1  0.19375432184772343        11.399999618530273        2.9999999552965164        6.2101420393526787E-005         198
           1  0.20344203786246237        11.399999618530273        3.0799999535083771        6.3410080740218728E-005         198
           1  0.21358034531584363        11.399999618530273        3.1599999517202377        6.4733662458671068E-005         198
           1  0.22420142931034190        11.399999618530273        3.2399999499320984        6.6069719958619232E-005         198
           1  0.23534061495840086        11.399999618530273        3.3199999481439590        6.7415590812530075E-005         198
           1  0.24703675988367568        11.399999618530273        3.3999999463558197        6.8768312876395029E-005         198
           1  0.25933270710708145        11.399999618530273        3.4799999445676804        7.0124405953126578E-005         198
           1  0.27227580944116425        11.399999618530273        3.5599999427795410        7.1480663977510763E-005         198
           1  0.28591853892139657        11.399999618530273        3.6399999409914017        7.2835043316799085E-005         198
           1  0.30031919780935434        11.399999618530273        3.7199999392032623        7.4188693757901443E-005         198
           1  0.31554275148215100        11.399999618530273        3.7999999374151230        7.5549516787559595E-005         198
           1  0.33166180830235925        11.399999618530273        3.8799999356269836        7.6914257472472016E-005         198
           1  0.34875777764609744        11.399999618530273        3.9599999338388443        7.8273663480058059E-005         198
           1  0.36692224506138027        11.399999618530273        4.0399999320507050        7.9640118181164334E-005         198
           1  0.38625861358614699        11.399999618530273        4.1199999302625656        8.1030558077620386E-005         198
           1  0.40688407332989063        11.399999618530273        4.1999999284744263        8.2452610060507797E-005         198
           1  0.42893197855493032        11.399999618530273        4.2799999266862869        8.3912964602874768E-005         198
           1  0.45255473413223440        11.399999618530273        4.3599999248981476        8.4905754455138962E-005         191
           1  0.47792732343186228        11.399999618530273        4.4399999231100082        8.4464002082294972E-005         169
           1  0.50525165034195851        11.399999618530273        4.5199999213218689        8.3429563889305831E-005         148
           1  0.53476192337228945        11.399999618530273        4.5999999195337296        8.1068323661556314E-005         126
           1  0.56673138578364279        11.399999618530273        4.6799999177455902        7.6723098607713998E-005         103
           1  0.60148080140313076        11.399999618530273        4.7599999159574509        6.9514159816488614E-005          79
           1  0.63938925475271602        11.399999618530273        4.8399999141693115        5.8249409235297604E-005          55
           1  0.68090803692869273        11.399999618530273        4.9199999123811722        3.8462276869942634E-005          29
           1  0.72657869724493218        11.399999618530273        4.9999999105930328        1.7424876585440698E-006           1
           1  0.77705679539493866        11.399999618530273        5.0799999088048935        0.0000000000000000                0
           1  0.83314357100109038        11.399999618530273        5.1599999070167542        0.0000000000000000                0
           1  0.89582879065160637        11.399999618530273        5.2399999052286148        0.0000000000000000                0
           1  0.96634966257599875        11.399999618530273        5.3199999034404755        0.0000000000000000                0
           1   1.0462733171901231        11.399999618530273        5.3999999016523361        0.0000000000000000                0
           1   1.1376146364453070        11.399999618530273        5.4799998998641968        0.0000000000000000                0
           1   1.2430084659524447        11.399999618530273        5.5599998980760574        0.0000000000000000                0
           1   1.3659679331654631        11.399999618530273        5.6399998962879181        0.0000000000000000                0
           1   1.5112836663873608        11.399999618530273        5.7199998944997787        0.0000000000000000                0
           1   1.6856625451709522        11.399999618530273        5.7999998927116394        0.0000000000000000                0
           1   1.8987922843024720        11.399999618530273        5.8799998909235001        0.0000000000000000                0
           1   2.1652044557357155        11.399999618530273        5.9599998891353607        0.0000000000000000                0
           1   2.5077343863847319        11.399999618530273        6.0399998873472214        0.0000000000000000                0
           1   2.9644409534944023        11.399999618530273        6.1199998855590820        0.0000000000000000                0
           1   3.6038301338370240        11.399999618530273        6.1999998837709427        0.0000000000000000                0
           1   4.5629138745770810        11.399999618530273        6.2799998819828033        0.0000000000000000                0
           1   6.1613866964135084        11.399999618530273        6.3599998801946640        0.0000000000000000                0
           1   9.3583320423476497        11.399999618530273        6.4399998784065247        0.0000000000000000                0
           1   18.949165698241003        11.399999618530273        6.5199998766183853        0.0000000000000000                0
           1   51490423.505896926        11.399999618530273        6.5999998748302460        0.0000000000000000                0
           1  -19.414190362524632        11.399999618530273        6.6799998730421066        0.0000000000000000                0
           1  -9.8233459880331733        11.399999618530273        6.7599998712539673        0.0000000000000000                0
           1  -6.6263986571734605        11.399999618530273        6.8399998694658279        0.0000000000000000                0
           1  -5.0279251406130809        11.399999618530273        6.9199998676776886        0.0000000000000000                0
           1  -4.0688410783150815        11.399999618530273        6.9999998658895493        0.0000000000000000                0
           2  0.77434627426928626        19.999999999999996        3.7000000476837158        3.5739272484100829E-006         130
           2  0.82623642254746565        19.999999999999996        3.8050000453367829        3.0501988981155620E-006         103
           2  0.88217747471238284        19.999999999999996        3.9100000429898500        2.4382001230103642E-006          75
           2  0.94266306123325982        19.999999999999996        4.0150000406429172        1.7223148337528566E-006          48
           2   1.0082704112904537        19.999999999999996        4.1200000382959843        8.4954157749369127E-007          21
           2   1.0796788324911568        19.999999999999996        4.2250000359490514        0.0000000000000000                0
           2   1.1576933193169467        19.999999999999996        4.3300000336021185        0.0000000000000000                0
           2   1.2432750314662513        19.999999999999996        4.4350000312551856        0.0000000000000000                0
           2   1.3375810932436474        19.999999999999996        4.5400000289082527        0.0000000000000000                0
           2   1.4420172183283271        19.999999999999996        4.6450000265613198        0.0000000000000000                0
           2   1.5583082554104153        19.999999999999996        4.7500000242143869        0.0000000000000000                0
           2   1.6885942030266445        19.999999999999996        4.8550000218674541        0.0000000000000000                0
           2   1.8355631081456378        19.999999999999996        4.9600000195205212        0.0000000000000000                0
           2   2.0026385094522161        19.999999999999996        5.0650000171735883        0.0000000000000000                0
           2   2.1942494605446852        19.999999999999996        5.1700000148266554        0.0000000000000000                0
           2   2.4162289415278573        19.999999999999996        5.2750000124797225        0.0000000000000000                0
           2   2.6764180077533615        19.999999999999996        5.3800000101327896        0.0000000000000000                0
           2   2.9856112961681114        19.999999999999996        5.4850000077858567        0.0000000000000000                0
           2   3.3590923029951352        19.999999999999996        5.5900000054389238        0.0000000000000000                0
           2   3.8192374183453670        19.999999999999996        5.6950000030919909        0.0000000000000000                0
           2   4.4001706382867676        19.999999999999996        5.8000000007450581        0.0000000000000000                0
           2   5.1566376566740617        19.999999999999996        5.9049999983981252        0.0000000000000000                0
           2   6.1823556834090390        19.999999999999996        6.0099999960511923        0.0000000000000000                0
           2   7.6521991129455920        19.999999999999996        6.1149999937042594        0.0000000000000000                0
           2   9.9343246049779150        19.999999999999996        6.2199999913573265        0.0000000000000000                0
           2   13.959164604869358        19.999999999999996        6.3249999890103936        0.0000000000000000                0
           2   22.955868069063985        19.999999999999996        6.4299999866634607        0.0000000000000000                0
           2   61.018879246643834        19.999999999999996        6.5349999843165278        0.0000000000000000                0
           2  -100.74852743424535        19.999999999999996        6.6399999819695950        0.0000000000000000                0
           2  -28.232230151580605        19.999999999999996        6.7449999796226621        0.0000000000000000                0
           2  -16.629603524980890        19.999999999999996        6.8499999772757292        0.0000000000000000                0
           2  -11.890500995972475        19.999999999999996        6.9549999749287963        0.0000000000000000                0
           2  0.77434627426928626        19.999999999999996        3.7000000476837158        3.5739272484100829E-006         130
           2  0.82623642254746565        19.999999999999996        3.8050000453367829        3.0501988981155620E-006         103
           2  0.88217747471238284        19.999999999999996        3.9100000429898500        2.4382001230103642E-006          75
           2  0.94266306123325982        19.999999999999996        4.0150000406429172        1.7223148337528566E-006          48
           2   1.0082704112904537        19.999999999999996        4.1200000382959843        8.4954157749369127E-007          21
           2   1.0796788324911568        19.999999999999996        4.2250000359490514        0.0000000000000000                0
           2   1.1576933193169467        19.999999999999996        4.3300000336021185        0.0000000000000000                0
           2   1.2432750314662513        19.999999999999996        4.4350000312551856        0.0000000000000000                0
           2   1.3375810932436474        19.999999999999996        4.5400000289082527        0.0000000000000000                0
           2   1.4420172183283271        19.999999999999996        4.6450000265613198        0.0000000000000000                0
           2   1.5583082554104153        19.999999999999996        4.7500000242143869        0.0000000000000000                0
           2   1.6885942030266445        19.999999999999996        4.8550000218674541        0.0000000000000000                0
           2   1.8355631081456378        19.999999999999996        4.9600000195205212        0.0000000000000000                0
           2   2.0026385094522161        19.999999999999996        5.0650000171735883        0.0000000000000000                0
           2   2.1942494605446852        19.999999999999996        5.1700000148266554        0.0000000000000000                0
           2   2.4162289415278573        19.999999999999996        5.2750000124797225        0.0000000000000000                0
           2   2.6764180077533615        19.999999999999996        5.3800000101327896        0.0000000000000000                0
           2   2.9856112961681114        19.999999999999996        5.4850000077858567        0.0000000000000000                0
           2   3.3590923029951352        19.999999999999996        5.5900000054389238        0.0000000000000000                0
           2   3.8192374183453670        19.999999999999996        5.6950000030919909        0.0000000000000000                0
           2   4.4001706382867676        19.999999999999996        5.8000000007450581        0.0000000000000000                0
           2   5.1566376566740617        19.999999999999996        5.9049999983981252        0.0000000000000000                0
           2   6.1823556834090390        19.999999999999996        6.0099999960511923        0.0000000000000000                0
           2   7.6521991129455920        19.999999999999996        6.1149999937042594        0.0000000000000000                0
           2   9.9343246049779150        19.999999999999996        6.2199999913573265        0.0000000000000000                0
           2   13.959164604869358        19.999999999999996        6.3249999890103936        0.0000000000000000                0
           2   22.955868069063985        19.999999999999996        6.4299999866634607        0.0000000000000000                0
           2   61.018879246643834        19.999999999999996        6.5349999843165278        0.0000000000000000                0
           2  -100.74852743424535        19.999999999999996        6.6399999819695950        0.0000000000000000                0
           2  -28.232230151580605        19.999999999999996        6.7449999796226621        0.0000000000000000                0
           2  -16.629603524980890        19.999999999999996        6.8499999772757292        0.0000000000000000                0
           2  -11.890500995972475        19.999999999999996        6.9549999749287963        0.0000000000000000                0
           2  0.77434627426928626        19.999999999999996        3.7000000476837158        3.5739272484100829E-006         130
           2  0.82623642254746565        19.999999999999996        3.8050000453367829        3.0501988981155620E-006         103
           2  0.88217747471238284        19.999999999999996        3.9100000429898500        2.4382001230103642E-006          75
           2  0.94266306123325982        19.999999999999996        4.0150000406429172        1.7223148337528566E-006          48
           2   1.0082704112904537        19.999999999999996        4.1200000382959843        8.4954157749369127E-007          21
           2   1.0796788324911568        19.999999999999996        4.2250000359490514        0.0000000000000000                0
           2   1.1576933193169467        19.999999999999996        4.3300000336021185        0.0000000000000000                0
           2   1.2432750314662513        19.999999999999996        4.4350000312551856        0.0000000000000000                0
           2   1.3375810932436474        19.999999999999996        4.5400000289082527        0.0000000000000000                0
           2   1.4420172183283271        19.999999999999996        4.6450000265613198        0.0000000000000000                0
           2   1.5583082554104153        19.999999999999996        4.7500000242143869        0.0000000000000000                0
           2   1.6885942030266445        19.999999999999996        4.8550000218674541        0.0000000000000000                0
           2   1.8355631081456378        19.999999999999996        4.9600000195205212        0.0000000000000000                0
           2   2.0026385094522161        19.999999999999996        5.0650000171735883        0.0000000000000000                0
           2   2.1942494605446852        19.999999999999996        5.1700000148266554        0.0000000000000000                0
           2   2.4162289415278573        19.999999999999996        5.2750000124797225        0.0000000000000000                0
           2   2.6764180077533615        19.999999999999996        5.3800000101327896        0.0000000000000000                0
           2   2.9856112961681114        19.999999999999996        5.4850000077858567        0.0000000000000000                0
           2   3.3590923029951352        19.999999999999996        5.5900000054389238        0.0000000000000000                0
           2   3.8192374183453670        19.999999999999996        5.6950000030919909        0.0000000000000000                0
           2   4.4001706382867676        19.999999999999996        5.8000000007450581        0.0000000000000000                0
           2   5.1566376566740617        19.999999999999996        5.9049999983981252        0.0000000000000000                0
           2   6.1823556834090390        19.999999999999996        6.0099999960511923        0.0000000000000000                0
           2   7.6521991129455920        19.999999999999996        6.1149999937042594        0.0000000000000000                0
           2   9.9343246049779150        19.999999999999996        6.2199999913573265        0.0000000000000000                0
           2   13.959164604869358        19.999999999999996        6.3249999890103936        0.0000000000000000                0
           2   22.955868069063985        19.999999999999996        6.4299999866634607        0.0000000000000000                0
           2   61.018879246643834        19.999999999999996        6.5349999843165278        0.0000000000000000                0
           2  -100.74852743424535        19.999999999999996        6.6399999819695950        0.0000000000000000                0
           2  -28.232230151580605        19.999999999999996        6.7449999796226621        0.0000000000000000                0
           2  -16.629603524980890        19.999999999999996        6.8499999772757292        0.0000000000000000                0
           2  -11.890500995972475        19.999999999999996        6.9549999749287963        0.0000000000000000                0
           2  0.77434627426928626        19.999999999999996        3.7000000476837158        3.5739272484100829E-006         130
           2  0.82623642254746565        19.999999999999996        3.8050000453367829        3.0501988981155620E-006         103
           2  0.88217747471238284        19.999999999999996        3.9100000429898500        2.4382001230103642E-006          75
           2  0.94266306123325982        19.999999999999996        4.0150000406429172        1.7223148337528566E-006          48
           2   1.0082704112904537        19.999999999999996        4.1200000382959843        8.4954157749369127E-007          21
           2   1.0796788324911568        19.999999999999996        4.2250000359490514        0.0000000000000000                0
           2   1.1576933193169467        19.999999999999996        4.3300000336021185        0.0000000000000000                0
           2   1.2432750314662513        19.999999999999996        4.4350000312551856        0.0000000000000000                0
           2   1.3375810932436474        19.999999999999996        4.5400000289082527        0.0000000000000000                0
           2   1.4420172183283271        19.999999999999996        4.6450000265613198        0.0000000000000000                0
           2   1.5583082554104153        19.999999999999996        4.7500000242143869        0.0000000000000000                0
           2   1.6885942030266445        19.999999999999996        4.8550000218674541        0.0000000000000000                0
           2   1.8355631081456378        19.999999999999996        4.9600000195205212        0.0000000000000000                0
           2   2.0026385094522161        19.999999999999996        5.0650000171735883        0.0000000000000000                0
           2   2.1942494605446852        19.999999999999996        5.1700000148266554        0.0000000000000000                0
           2   2.4162289415278573        19.999999999999996        5.2750000124797225        0.0000000000000000                0
           2   2.6764180077533615        19.999999999999996        5.3800000101327896        0.0000000000000000                0
           2   2.9856112961681114        19.999999999999996        5.4850000077858567        0.0000000000000000                0
           2   3.3590923029951352        19.999999999999996        5.5900000054389238        0.0000000000000000                0
           2   3.8192374183453670        19.999999999999996        5.6950000030919909        0.0000000000000000                0
           2   4.4001706382867676        19.999999999999996        5.8000000007450581        0.0000000000000000                0
           2   5.1566376566740617        19.999999999999996        5.9049999983981252        0.0000000000000000                0
           2   6.1823556834090390        19.999999999999996        6.0099999960511923        0.0000000000000000                0
           2   7.6521991129455920        19.999999999999996        6.1149999937042594        0.0000000000000000                0
           2   9.9343246049779150        19.999999999999996        6.2199999913573265        0.0000000000000000                0
           2   13.959164604869358        19.999999999999996        6.3249999890103936        0.0000000000000000                0
           2   22.955868069063985        19.999999999999996        6.4299999866634607        0.0000000000000000                0
           2   61.018879246643834        19.999999999999996        6.5349999843165278        0.0000000000000000                0
           2  -100.74852743424535        19.999999999999996        6.6399999819695950        0.0000000000000000                0
           2  -28.232230151580605        19.999999999999996        6.7449999796226621        0.0000000000000000                0
           2  -16.629603524980890        19.999999999999996        6.8499999772757292        0.0000000000000000                0
           2  -11.890500995972475        19.999999999999996        6.9549999749287963        0.0000000000000000                0
           2  0.77434627426928626        19.999999999999996        3.7000000476837158        3.5739272484100829E-006         130
           2  0.82623642254746565        19.999999999999996        3.8050000453367829        3.0501988981155620E-006         103
           2  0.88217747471238284        19.999999999999996        3.9100000429898500        2.4382001230103642E-006          75
           2  0.94266306123325982        19.999999999999996        4.0150000406429172        1.7223148337528566E-006          48
           2   1.0082704112904537        19.999999999999996        4.1200000382959843        8.4954157749369127E-007          21
           2   1.0796788324911568        19.999999999999996        4.2250000359490514        0.0000000000000000                0
           2   1.1576933193169467        19.999999999999996        4.3300000336021185        0.0000000000000000                0
           2   1.2432750314662513        19.999999999999996        4.4350000312551856        0.0000000000000000                0
           2   1.3375810932436474        19.999999999999996        4.5400000289082527        0.0000000000000000                0
           2   1.4420172183283271        19.999999999999996        4.6450000265613198        0.0000000000000000                0
           2   1.5583082554104153        19.999999999999996        4.7500000242143869        0.0000000000000000                0
           2   1.6885942030266445        19.999999999999996        4.8550000218674541        0.0000000000000000                0
           2   1.8355631081456378        19.999999999999996        4.9600000195205212        0.0000000000000000                0
           2   2.0026385094522161        19.999999999999996        5.0650000171735883        0.0000000000000000                0
           2   2.1942494605446852        19.999999999999996        5.1700000148266554        0.0000000000000000                0
           2   2.4162289415278573        19.999999999999996        5.2750000124797225        0.0000000000000000                0
           2   2.6764180077533615        19.999999999999996        5.3800000101327896        0.0000000000000000                0
           2   2.9856112961681114        19.999999999999996        5.4850000077858567        0.0000000000000000                0
           2   3.3590923029951352        19.999999999999996        5.5900000054389238        0.0000000000000000                0
           2   3.8192374183453670        19.999999999999996        5.6950000030919909        0.0000000000000000                0
           2   4.4001706382867676        19.999999999999996        5.8000000007450581        0.0000000000000000                0
           2   5.1566376566740617        19.999999999999996        5.9049999983981252        0.0000000000000000                0
           2   6.1823556834090390        19.999999999999996        6.0099999960511923        0.0000000000000000                0
           2   7.6521991129455920        19.999999999999996        6.1149999937042594        0.0000000000000000                0
           2   9.9343246049779150        19.999999999999996        6.2199999913573265        0.0000000000000000                0
           2   13.959164604869358        19.999999999999996        6.3249999890103936        0.0000000000000000                0
           2   22.955868069063985        19.999999999999996        6.4299999866634607        0.0000000000000000                0
           2   61.018879246643834        19.999999999999996        6.5349999843165278        0.0000000000000000                0
           2  -100.74852743424535        19.999999999999996        6.6399999819695950        0.0000000000000000                0
           2  -28.232230151580605        19.999999999999996        6.7449999796226621        0.0000000000000000                0
           2  -16.629603524980890        19.999999999999996        6.8499999772757292        0.0000000000000000                0
           2  -11.890500995972475        19.999999999999996        6.9549999749287963        0.0000000000000000                0
