1   1.80    0.30   -0.36        NaN        NaN     NaN     NaN  0.000E+00        NaN        NaN        NaN        NaN
1   1.80    0.40   -0.36        NaN        NaN     NaN     NaN  0.000E+00        NaN        NaN        NaN        NaN
1   1.80    0.50   -0.36  0.111E-01  0.407E-02    1.10    0.24  0.500E+07  0.188E-02  0.690E-03  0.135E-01 -0.138E-02
1   1.80    0.60   -0.36  0.645E-02  0.222E-02    1.05    0.26  0.148E+08  0.225E-02  0.774E-03  0.161E-01 -0.942E-03
1   1.80    0.70   -0.36  0.548E-02  0.267E-02    1.00    0.28  0.205E+08  0.234E-02  0.114E-02  0.167E-01 -0.456E-03
1   1.80    0.80   -0.36  0.517E-02  0.519E-02    0.95    0.29  0.229E+08 -0.737E-02  0.741E-02 -0.526E-01  0.000E+00
1   1.80    0.90   -0.36  0.490E-02  0.101E-01    0.91    0.29  0.250E+08 -0.168E-01  0.347E-01 -0.120E+00  0.000E+00
1   1.80    1.00   -0.36  0.523E-02  0.133E-01    0.88    0.29  0.224E+08  0.323E-04  0.824E-04  0.231E-03 -0.000E+00
1   1.80    1.10   -0.36  0.638E-02  0.106E-01    0.85    0.29  0.155E+08  0.163E-01  0.271E-01  0.116E+00 -0.000E+00
1   1.80    1.20   -0.36  0.845E-02  0.720E-02    0.83    0.29  0.894E+07  0.326E-01  0.278E-01  0.233E+00 -0.000E+00
1   1.80    1.30   -0.36  0.953E-02  0.403E-02    0.81    0.30  0.704E+07  0.490E-01  0.207E-01  0.350E+00 -0.000E+00
1   1.80    1.40   -0.36  0.116E-01  0.296E-02    0.80    0.30  0.475E+07  0.653E-01  0.167E-01  0.466E+00 -0.000E+00
1   1.80    1.50   -0.36  0.134E-01  0.204E-02    0.78    0.30  0.351E+07  0.817E-01  0.124E-01  0.583E+00 -0.000E+00
1   1.80    1.60   -0.36  0.150E-01  0.126E-02    0.77    0.30  0.282E+07  0.981E-01  0.825E-02  0.701E+00 -0.000E+00
1   1.80    1.70   -0.36  0.168E-01  0.112E-02    0.76    0.30  0.223E+07  0.114E+00  0.761E-02  0.817E+00 -0.000E+00
1   1.80    1.80   -0.36  0.183E-01  0.846E-03    0.75    0.30  0.189E+07  0.131E+00  0.606E-02  0.935E+00 -0.000E+00
1   1.80    2.00   -0.36  0.147E-01  0.491E-03    0.73    0.30  0.304E+07  0.140E+00  0.466E-02  0.100E+01 -0.000E+00
1 100.00    0.30     NaN        NaN        NaN     NaN     NaN  0.000E+00        NaN        NaN        NaN        NaN
1 100.00    0.40     NaN        NaN        NaN     NaN     NaN  0.000E+00        NaN        NaN        NaN        NaN
1 100.00    0.50     NaN        NaN        NaN    1.10    0.24  0.000E+00  0.188E-02  0.690E-03  0.135E-01 -0.138E-02
1 100.00    0.60     NaN        NaN        NaN    1.05    0.26  0.000E+00  0.225E-02  0.774E-03  0.161E-01 -0.942E-03
1 100.00    0.70     NaN        NaN        NaN    1.00    0.28  0.000E+00  0.234E-02  0.114E-02  0.167E-01 -0.456E-03
1 100.00    0.80     NaN        NaN        NaN    0.95    0.29  0.000E+00 -0.737E-02  0.741E-02 -0.526E-01  0.000E+00
1 100.00    0.90     NaN        NaN        NaN    0.91    0.29  0.000E+00 -0.168E-01  0.347E-01 -0.120E+00  0.000E+00
1 100.00    1.00     NaN        NaN        NaN    0.88    0.29  0.000E+00  0.323E-04  0.824E-04  0.231E-03 -0.000E+00
1 100.00    1.10     NaN        NaN        NaN    0.85    0.29  0.000E+00  0.163E-01  0.271E-01  0.116E+00 -0.000E+00
1 100.00    1.20     NaN        NaN        NaN    0.83    0.29  0.000E+00  0.326E-01  0.278E-01  0.233E+00 -0.000E+00
1 100.00    1.30     NaN        NaN        NaN    0.81    0.30  0.000E+00  0.490E-01  0.207E-01  0.350E+00 -0.000E+00
1 100.00    1.40     NaN        NaN        NaN    0.80    0.30  0.000E+00  0.653E-01  0.167E-01  0.466E+00 -0.000E+00
1 100.00    1.50     NaN        NaN        NaN    0.78    0.30  0.000E+00  0.817E-01  0.124E-01  0.583E+00 -0.000E+00
1 100.00    1.60     NaN        NaN        NaN    0.77    0.30  0.000E+00  0.981E-01  0.825E-02  0.701E+00 -0.000E+00
1 100.00    1.70     NaN        NaN        NaN    0.76    0.30  0.000E+00  0.114E+00  0.761E-02  0.817E+00 -0.000E+00
1 100.00    1.80     NaN        NaN        NaN    0.75    0.30  0.000E+00  0.131E+00  0.606E-02  0.935E+00 -0.000E+00
1 100.00    2.00     NaN        NaN        NaN    0.73    0.30  0.000E+00  0.140E+00  0.466E-02  0.100E+01 -0.000E+00
1 100.00    0.30     NaN        NaN        NaN     NaN     NaN  0.000E+00        NaN        NaN        NaN        NaN
1 100.00    0.40     NaN        NaN        NaN     NaN     NaN  0.000E+00        NaN        NaN        NaN        NaN
1 100.00    0.50     NaN        NaN        NaN    1.10    0.24  0.000E+00  0.188E-02  0.690E-03  0.135E-01 -0.138E-02
1 100.00    0.60     NaN        NaN        NaN    1.05    0.26  0.000E+00  0.225E-02  0.774E-03  0.161E-01 -0.942E-03
1 100.00    0.70     NaN        NaN        NaN    1.00    0.28  0.000E+00  0.234E-02  0.114E-02  0.167E-01 -0.456E-03
1 100.00    0.80     NaN        NaN        NaN    0.95    0.29  0.000E+00 -0.737E-02  0.741E-02 -0.526E-01  0.000E+00
1 100.00    0.90     NaN        NaN        NaN    0.91    0.29  0.000E+00 -0.168E-01  0.347E-01 -0.120E+00  0.000E+00
1 100.00    1.00     NaN        NaN        NaN    0.88    0.29  0.000E+00  0.323E-04  0.824E-04  0.231E-03 -0.000E+00
1 100.00    1.10     NaN        NaN        NaN    0.85    0.29  0.000E+00  0.163E-01  0.271E-01  0.116E+00 -0.000E+00
1 100.00    1.20     NaN        NaN        NaN    0.83    0.29  0.000E+00  0.326E-01  0.278E-01  0.233E+00 -0.000E+00
1 100.00    1.30     NaN        NaN        NaN    0.81    0.30  0.000E+00  0.490E-01  0.207E-01  0.350E+00 -0.000E+00
1 100.00    1.40     NaN        NaN        NaN    0.80    0.30  0.000E+00  0.653E-01  0.167E-01  0.466E+00 -0.000E+00
1 100.00    1.50     NaN        NaN        NaN    0.78    0.30  0.000E+00  0.817E-01  0.124E-01  0.583E+00 -0.000E+00
1 100.00    1.60     NaN        NaN        NaN    0.77    0.30  0.000E+00  0.981E-01  0.825E-02  0.701E+00 -0.000E+00
1 100.00    1.70     NaN        NaN        NaN    0.76    0.30  0.000E+00  0.114E+00  0.761E-02  0.817E+00 -0.000E+00
1 100.00    1.80     NaN        NaN        NaN    0.75    0.30  0.000E+00  0.131E+00  0.606E-02  0.935E+00 -0.000E+00
1 100.00    2.00     NaN        NaN        NaN    0.73    0.30  0.000E+00  0.140E+00  0.466E-02  0.100E+01 -0.000E+00
1 100.00    0.30     NaN        NaN        NaN     NaN     NaN  0.000E+00        NaN        NaN        NaN        NaN
1 100.00    0.40     NaN        NaN        NaN     NaN     NaN  0.000E+00        NaN        NaN        NaN        NaN
1 100.00    0.50     NaN        NaN        NaN    1.10    0.24  0.000E+00  0.188E-02  0.690E-03  0.135E-01 -0.138E-02
1 100.00    0.60     NaN        NaN        NaN    1.05    0.26  0.000E+00  0.225E-02  0.774E-03  0.161E-01 -0.942E-03
1 100.00    0.70     NaN        NaN        NaN    1.00    0.28  0.000E+00  0.234E-02  0.114E-02  0.167E-01 -0.456E-03
1 100.00    0.80     NaN        NaN        NaN    0.95    0.29  0.000E+00 -0.737E-02  0.741E-02 -0.526E-01  0.000E+00
1 100.00    0.90     NaN        NaN        NaN    0.91    0.29  0.000E+00 -0.168E-01  0.347E-01 -0.120E+00  0.000E+00
1 100.00    1.00     NaN        NaN        NaN    0.88    0.29  0.000E+00  0.323E-04  0.824E-04  0.231E-03 -0.000E+00
1 100.00    1.10     NaN        NaN        NaN    0.85    0.29  0.000E+00  0.163E-01  0.271E-01  0.116E+00 -0.000E+00
1 100.00    1.20     NaN        NaN        NaN    0.83    0.29  0.000E+00  0.326E-01  0.278E-01  0.233E+00 -0.000E+00
1 100.00    1.30     NaN        NaN        NaN    0.81    0.30  0.000E+00  0.490E-01  0.207E-01  0.350E+00 -0.000E+00
1 100.00    1.40     NaN        NaN        NaN    0.80    0.30  0.000E+00  0.653E-01  0.167E-01  0.466E+00 -0.000E+00
1 100.00    1.50     NaN        NaN        NaN    0.78    0.30  0.000E+00  0.817E-01  0.124E-01  0.583E+00 -0.000E+00
1 100.00    1.60     NaN        NaN        NaN    0.77    0.30  0.000E+00  0.981E-01  0.825E-02  0.701E+00 -0.000E+00
1 100.00    1.70     NaN        NaN        NaN    0.76    0.30  0.000E+00  0.114E+00  0.761E-02  0.817E+00 -0.000E+00
1 100.00    1.80     NaN        NaN        NaN    0.75    0.30  0.000E+00  0.131E+00  0.606E-02  0.935E+00 -0.000E+00
1 100.00    2.00     NaN        NaN        NaN    0.73    0.30  0.000E+00  0.140E+00  0.466E-02  0.100E+01 -0.000E+00
1 100.00    0.30     NaN        NaN        NaN     NaN     NaN  0.000E+00        NaN        NaN        NaN        NaN
1 100.00    0.40     NaN        NaN        NaN     NaN     NaN  0.000E+00        NaN        NaN        NaN        NaN
1 100.00    0.50     NaN        NaN        NaN    1.10    0.24  0.000E+00  0.188E-02  0.690E-03  0.135E-01 -0.138E-02
1 100.00    0.60     NaN        NaN        NaN    1.05    0.26  0.000E+00  0.225E-02  0.774E-03  0.161E-01 -0.942E-03
1 100.00    0.70     NaN        NaN        NaN    1.00    0.28  0.000E+00  0.234E-02  0.114E-02  0.167E-01 -0.456E-03
1 100.00    0.80     NaN        NaN        NaN    0.95    0.29  0.000E+00 -0.737E-02  0.741E-02 -0.526E-01  0.000E+00
1 100.00    0.90     NaN        NaN        NaN    0.91    0.29  0.000E+00 -0.168E-01  0.347E-01 -0.120E+00  0.000E+00
1 100.00    1.00     NaN        NaN        NaN    0.88    0.29  0.000E+00  0.323E-04  0.824E-04  0.231E-03 -0.000E+00
1 100.00    1.10     NaN        NaN        NaN    0.85    0.29  0.000E+00  0.163E-01  0.271E-01  0.116E+00 -0.000E+00
1 100.00    1.20     NaN        NaN        NaN    0.83    0.29  0.000E+00  0.326E-01  0.278E-01  0.233E+00 -0.000E+00
1 100.00    1.30     NaN        NaN        NaN    0.81    0.30  0.000E+00  0.490E-01  0.207E-01  0.350E+00 -0.000E+00
1 100.00    1.40     NaN        NaN        NaN    0.80    0.30  0.000E+00  0.653E-01  0.167E-01  0.466E+00 -0.000E+00
1 100.00    1.50     NaN        NaN        NaN    0.78    0.30  0.000E+00  0.817E-01  0.124E-01  0.583E+00 -0.000E+00
1 100.00    1.60     NaN        NaN        NaN    0.77    0.30  0.000E+00  0.981E-01  0.825E-02  0.701E+00 -0.000E+00
1 100.00    1.70     NaN        NaN        NaN    0.76    0.30  0.000E+00  0.114E+00  0.761E-02  0.817E+00 -0.000E+00
1 100.00    1.80     NaN        NaN        NaN    0.75    0.30  0.000E+00  0.131E+00  0.606E-02  0.935E+00 -0.000E+00
1 100.00    2.00     NaN        NaN        NaN    0.73    0.30  0.000E+00  0.140E+00  0.466E-02  0.100E+01 -0.000E+00
2   1.80    0.30   -0.34  0.790E-02  0.287E-02    1.15    0.13  0.820E+07  0.667E-03  0.243E-03  0.476E-02 -0.608E-03
2   1.80    0.40   -0.34  0.349E-02  0.111E-02    1.09    0.14  0.420E+08  0.134E-02  0.426E-03  0.959E-02 -0.900E-03
2   1.80    0.50   -0.34  0.296E-02  0.868E-03    1.04    0.15  0.585E+08  0.189E-02  0.553E-03  0.135E-01 -0.818E-03
2   1.80    0.60   -0.34  0.292E-02  0.143E-02    0.99    0.16  0.600E+08  0.225E-02  0.111E-02  0.161E-01 -0.518E-03
2   1.80    0.70   -0.34  0.289E-02  0.292E-02    0.95    0.16  0.612E+08  0.234E-02  0.236E-02  0.167E-01 -0.235E-03
2   1.80    0.80   -0.34  0.285E-02  0.559E-02    0.92    0.16  0.625E+08 -0.737E-02  0.145E-01 -0.526E-01  0.000E+00
2   1.80    0.90   -0.34  0.283E-02  0.891E-02    0.90    0.16  0.622E+08 -0.168E-01  0.529E-01 -0.120E+00  0.000E+00
2   1.80    1.00   -0.34  0.308E-02  0.106E-01    0.88    0.16  0.536E+08  0.323E-04  0.111E-03  0.231E-03 -0.000E+00
2   1.80    1.10   -0.34  0.381E-02  0.100E-01    0.87    0.16  0.362E+08  0.145E-01  0.381E-01  0.104E+00 -0.000E+00
2   1.80    1.20   -0.34  0.475E-02  0.684E-02    0.85    0.16  0.237E+08  0.291E-01  0.419E-01  0.208E+00 -0.000E+00
2   1.80    1.30   -0.34  0.568E-02  0.541E-02    0.84    0.16  0.167E+08  0.436E-01  0.416E-01  0.312E+00 -0.000E+00
2   1.80    1.40   -0.34  0.672E-02  0.385E-02    0.83    0.16  0.119E+08  0.581E-01  0.333E-01  0.415E+00 -0.000E+00
2   1.80    1.50   -0.34  0.797E-02  0.333E-02    0.83    0.17  0.844E+07  0.729E-01  0.304E-01  0.520E+00 -0.000E+00
2   1.80    1.60   -0.34  0.854E-02  0.220E-02    0.82    0.16  0.735E+07  0.873E-01  0.225E-01  0.623E+00 -0.000E+00
2   1.80    1.70   -0.34  0.975E-02  0.161E-02    0.81    0.16  0.562E+07  0.102E+00  0.168E-01  0.728E+00 -0.000E+00
2   1.80    1.80   -0.34  0.106E-01  0.175E-02    0.81    0.16  0.471E+07  0.116E+00  0.192E-01  0.832E+00 -0.000E+00
2   1.80    2.00   -0.34  0.697E-02  0.629E-03    0.80    0.16  0.132E+08  0.140E+00  0.126E-01  0.100E+01 -0.000E+00
2 100.00    0.30     NaN        NaN        NaN    1.15    0.13  0.000E+00  0.667E-03  0.243E-03  0.476E-02 -0.608E-03
2 100.00    0.40     NaN        NaN        NaN    1.09    0.14  0.000E+00  0.134E-02  0.426E-03  0.959E-02 -0.900E-03
2 100.00    0.50     NaN        NaN        NaN    1.04    0.15  0.000E+00  0.189E-02  0.553E-03  0.135E-01 -0.818E-03
2 100.00    0.60     NaN        NaN        NaN    0.99    0.16  0.000E+00  0.225E-02  0.111E-02  0.161E-01 -0.518E-03
2 100.00    0.70     NaN        NaN        NaN    0.95    0.16  0.000E+00  0.234E-02  0.236E-02  0.167E-01 -0.235E-03
2 100.00    0.80     NaN        NaN        NaN    0.92    0.16  0.000E+00 -0.737E-02  0.145E-01 -0.526E-01  0.000E+00
2 100.00    0.90     NaN        NaN        NaN    0.90    0.16  0.000E+00 -0.168E-01  0.529E-01 -0.120E+00  0.000E+00
2 100.00    1.00     NaN        NaN        NaN    0.88    0.16  0.000E+00  0.323E-04  0.111E-03  0.231E-03 -0.000E+00
2 100.00    1.10     NaN        NaN        NaN    0.87    0.16  0.000E+00  0.145E-01  0.381E-01  0.104E+00 -0.000E+00
2 100.00    1.20     NaN        NaN        NaN    0.85    0.16  0.000E+00  0.291E-01  0.419E-01  0.208E+00 -0.000E+00
2 100.00    1.30     NaN        NaN        NaN    0.84    0.16  0.000E+00  0.436E-01  0.416E-01  0.312E+00 -0.000E+00
2 100.00    1.40     NaN        NaN        NaN    0.83    0.16  0.000E+00  0.581E-01  0.333E-01  0.415E+00 -0.000E+00
2 100.00    1.50     NaN        NaN        NaN    0.83    0.17  0.000E+00  0.729E-01  0.304E-01  0.520E+00 -0.000E+00
2 100.00    1.60     NaN        NaN        NaN    0.82    0.16  0.000E+00  0.873E-01  0.225E-01  0.623E+00 -0.000E+00
2 100.00    1.70     NaN        NaN        NaN    0.81    0.16  0.000E+00  0.102E+00  0.168E-01  0.728E+00 -0.000E+00
2 100.00    1.80     NaN        NaN        NaN    0.81    0.16  0.000E+00  0.116E+00  0.192E-01  0.832E+00 -0.000E+00
2 100.00    2.00     NaN        NaN        NaN    0.80    0.16  0.000E+00  0.140E+00  0.126E-01  0.100E+01 -0.000E+00
2 100.00    0.30     NaN        NaN        NaN    1.15    0.13  0.000E+00  0.667E-03  0.243E-03  0.476E-02 -0.608E-03
2 100.00    0.40     NaN        NaN        NaN    1.09    0.14  0.000E+00  0.134E-02  0.426E-03  0.959E-02 -0.900E-03
2 100.00    0.50     NaN        NaN        NaN    1.04    0.15  0.000E+00  0.189E-02  0.553E-03  0.135E-01 -0.818E-03
2 100.00    0.60     NaN        NaN        NaN    0.99    0.16  0.000E+00  0.225E-02  0.111E-02  0.161E-01 -0.518E-03
2 100.00    0.70     NaN        NaN        NaN    0.95    0.16  0.000E+00  0.234E-02  0.236E-02  0.167E-01 -0.235E-03
2 100.00    0.80     NaN        NaN        NaN    0.92    0.16  0.000E+00 -0.737E-02  0.145E-01 -0.526E-01  0.000E+00
2 100.00    0.90     NaN        NaN        NaN    0.90    0.16  0.000E+00 -0.168E-01  0.529E-01 -0.120E+00  0.000E+00
2 100.00    1.00     NaN        NaN        NaN    0.88    0.16  0.000E+00  0.323E-04  0.111E-03  0.231E-03 -0.000E+00
2 100.00    1.10     NaN        NaN        NaN    0.87    0.16  0.000E+00  0.145E-01  0.381E-01  0.104E+00 -0.000E+00
2 100.00    1.20     NaN        NaN        NaN    0.85    0.16  0.000E+00  0.291E-01  0.419E-01  0.208E+00 -0.000E+00
2 100.00    1.30     NaN        NaN        NaN    0.84    0.16  0.000E+00  0.436E-01  0.416E-01  0.312E+00 -0.000E+00
2 100.00    1.40     NaN        NaN        NaN    0.83    0.16  0.000E+00  0.581E-01  0.333E-01  0.415E+00 -0.000E+00
2 100.00    1.50     NaN        NaN        NaN    0.83    0.17  0.000E+00  0.729E-01  0.304E-01  0.520E+00 -0.000E+00
2 100.00    1.60     NaN        NaN        NaN    0.82    0.16  0.000E+00  0.873E-01  0.225E-01  0.623E+00 -0.000E+00
2 100.00    1.70     NaN        NaN        NaN    0.81    0.16  0.000E+00  0.102E+00  0.168E-01  0.728E+00 -0.000E+00
2 100.00    1.80     NaN        NaN        NaN    0.81    0.16  0.000E+00  0.116E+00  0.192E-01  0.832E+00 -0.000E+00
2 100.00    2.00     NaN        NaN        NaN    0.80    0.16  0.000E+00  0.140E+00  0.126E-01  0.100E+01 -0.000E+00
2 100.00    0.30     NaN        NaN        NaN    1.15    0.13  0.000E+00  0.667E-03  0.243E-03  0.476E-02 -0.608E-03
2 100.00    0.40     NaN        NaN        NaN    1.09    0.14  0.000E+00  0.134E-02  0.426E-03  0.959E-02 -0.900E-03
2 100.00    0.50     NaN        NaN        NaN    1.04    0.15  0.000E+00  0.189E-02  0.553E-03  0.135E-01 -0.818E-03
2 100.00    0.60     NaN        NaN        NaN    0.99    0.16  0.000E+00  0.225E-02  0.111E-02  0.161E-01 -0.518E-03
2 100.00    0.70     NaN        NaN        NaN    0.95    0.16  0.000E+00  0.234E-02  0.236E-02  0.167E-01 -0.235E-03
2 100.00    0.80     NaN        NaN        NaN    0.92    0.16  0.000E+00 -0.737E-02  0.145E-01 -0.526E-01  0.000E+00
2 100.00    0.90     NaN        NaN        NaN    0.90    0.16  0.000E+00 -0.168E-01  0.529E-01 -0.120E+00  0.000E+00
2 100.00    1.00     NaN        NaN        NaN    0.88    0.16  0.000E+00  0.323E-04  0.111E-03  0.231E-03 -0.000E+00
2 100.00    1.10     NaN        NaN        NaN    0.87    0.16  0.000E+00  0.145E-01  0.381E-01  0.104E+00 -0.000E+00
2 100.00    1.20     NaN        NaN        NaN    0.85    0.16  0.000E+00  0.291E-01  0.419E-01  0.208E+00 -0.000E+00
2 100.00    1.30     NaN        NaN        NaN    0.84    0.16  0.000E+00  0.436E-01  0.416E-01  0.312E+00 -0.000E+00
2 100.00    1.40     NaN        NaN        NaN    0.83    0.16  0.000E+00  0.581E-01  0.333E-01  0.415E+00 -0.000E+00
2 100.00    1.50     NaN        NaN        NaN    0.83    0.17  0.000E+00  0.729E-01  0.304E-01  0.520E+00 -0.000E+00
2 100.00    1.60     NaN        NaN        NaN    0.82    0.16  0.000E+00  0.873E-01  0.225E-01  0.623E+00 -0.000E+00
2 100.00    1.70     NaN        NaN        NaN    0.81    0.16  0.000E+00  0.102E+00  0.168E-01  0.728E+00 -0.000E+00
2 100.00    1.80     NaN        NaN        NaN    0.81    0.16  0.000E+00  0.116E+00  0.192E-01  0.832E+00 -0.000E+00
2 100.00    2.00     NaN        NaN        NaN    0.80    0.16  0.000E+00  0.140E+00  0.126E-01  0.100E+01 -0.000E+00
2 100.00    0.30     NaN        NaN        NaN    1.15    0.13  0.000E+00  0.667E-03  0.243E-03  0.476E-02 -0.608E-03
2 100.00    0.40     NaN        NaN        NaN    1.09    0.14  0.000E+00  0.134E-02  0.426E-03  0.959E-02 -0.900E-03
2 100.00    0.50     NaN        NaN        NaN    1.04    0.15  0.000E+00  0.189E-02  0.553E-03  0.135E-01 -0.818E-03
2 100.00    0.60     NaN        NaN        NaN    0.99    0.16  0.000E+00  0.225E-02  0.111E-02  0.161E-01 -0.518E-03
2 100.00    0.70     NaN        NaN        NaN    0.95    0.16  0.000E+00  0.234E-02  0.236E-02  0.167E-01 -0.235E-03
2 100.00    0.80     NaN        NaN        NaN    0.92    0.16  0.000E+00 -0.737E-02  0.145E-01 -0.526E-01  0.000E+00
2 100.00    0.90     NaN        NaN        NaN    0.90    0.16  0.000E+00 -0.168E-01  0.529E-01 -0.120E+00  0.000E+00
2 100.00    1.00     NaN        NaN        NaN    0.88    0.16  0.000E+00  0.323E-04  0.111E-03  0.231E-03 -0.000E+00
2 100.00    1.10     NaN        NaN        NaN    0.87    0.16  0.000E+00  0.145E-01  0.381E-01  0.104E+00 -0.000E+00
2 100.00    1.20     NaN        NaN        NaN    0.85    0.16  0.000E+00  0.291E-01  0.419E-01  0.208E+00 -0.000E+00
2 100.00    1.30     NaN        NaN        NaN    0.84    0.16  0.000E+00  0.436E-01  0.416E-01  0.312E+00 -0.000E+00
2 100.00    1.40     NaN        NaN        NaN    0.83    0.16  0.000E+00  0.581E-01  0.333E-01  0.415E+00 -0.000E+00
2 100.00    1.50     NaN        NaN        NaN    0.83    0.17  0.000E+00  0.729E-01  0.304E-01  0.520E+00 -0.000E+00
2 100.00    1.60     NaN        NaN        NaN    0.82    0.16  0.000E+00  0.873E-01  0.225E-01  0.623E+00 -0.000E+00
2 100.00    1.70     NaN        NaN        NaN    0.81    0.16  0.000E+00  0.102E+00  0.168E-01  0.728E+00 -0.000E+00
2 100.00    1.80     NaN        NaN        NaN    0.81    0.16  0.000E+00  0.116E+00  0.192E-01  0.832E+00 -0.000E+00
2 100.00    2.00     NaN        NaN        NaN    0.80    0.16  0.000E+00  0.140E+00  0.126E-01  0.100E+01 -0.000E+00
