 # th     pit     q2      x      sig_u     rate_u
 #                           0.6/GeV.sr)    (Hz)
1 14.854  1.940    0.3   0.584  0.234E-05  0.354E+01  0.584E-04  0.269E-03  0.100E-02  0.000E+00
1 14.854  1.942    0.3   0.589  0.236E-05  0.712E+01  0.591E-04  0.274E-03  0.102E-02  0.000E+00
1 14.854  1.944    0.3   0.594  0.239E-05  0.107E+02  0.597E-04  0.279E-03  0.103E-02  0.000E+00
1 14.854  1.946    0.3   0.600  0.244E-05  0.144E+02  0.610E-04  0.285E-03  0.105E-02  0.000E+00
1 14.854  1.948    0.3   0.606  0.249E-05  0.182E+02  0.623E-04  0.290E-03  0.107E-02  0.000E+00
1 14.854  1.950    0.3   0.611  0.253E-05  0.221E+02  0.632E-04  0.296E-03  0.108E-02  0.000E+00
1 14.854  1.952    0.3   0.617  0.261E-05  0.260E+02  0.652E-04  0.302E-03  0.110E-02  0.000E+00
1 14.854  1.954    0.3   0.623  0.267E-05  0.301E+02  0.667E-04  0.308E-03  0.111E-02  0.000E+00
1 14.854  1.956    0.3   0.629  0.275E-05  0.342E+02  0.687E-04  0.314E-03  0.113E-02  0.000E+00
1 14.854  1.959    0.3   0.636  0.283E-05  0.385E+02  0.708E-04  0.320E-03  0.115E-02  0.000E+00
1 14.854  1.961    0.3   0.642  0.295E-05  0.430E+02  0.736E-04  0.326E-03  0.116E-02  0.000E+00
1 14.854  1.963    0.3   0.648  0.304E-05  0.476E+02  0.761E-04  0.332E-03  0.118E-02  0.000E+00
1 14.854  1.965    0.3   0.655  0.316E-05  0.524E+02  0.789E-04  0.339E-03  0.120E-02  0.000E+00
1 14.854  1.967    0.3   0.661  0.331E-05  0.574E+02  0.829E-04  0.345E-03  0.122E-02  0.000E+00
1 14.854  1.969    0.3   0.668  0.347E-05  0.627E+02  0.866E-04  0.352E-03  0.123E-02  0.000E+00
1 14.854  1.971    0.3   0.675  0.363E-05  0.682E+02  0.908E-04  0.358E-03  0.125E-02  0.000E+00
1 14.854  1.973    0.3   0.682  0.381E-05  0.740E+02  0.952E-04  0.365E-03  0.127E-02  0.000E+00
1 14.854  1.975    0.3   0.689  0.403E-05  0.801E+02  0.101E-03  0.371E-03  0.129E-02  0.000E+00
1 14.854  1.978    0.3   0.696  0.425E-05  0.865E+02  0.106E-03  0.378E-03  0.131E-02  0.000E+00
1 14.854  1.980    0.3   0.704  0.450E-05  0.933E+02  0.112E-03  0.385E-03  0.132E-02  0.000E+00
1 14.854  1.982    0.3   0.711  0.478E-05  0.101E+03  0.119E-03  0.391E-03  0.134E-02  0.000E+00
1 14.854  1.984    0.3   0.719  0.509E-05  0.108E+03  0.127E-03  0.398E-03  0.136E-02  0.000E+00
1 14.854  1.986    0.3   0.727  0.544E-05  0.117E+03  0.136E-03  0.405E-03  0.138E-02  0.000E+00
1 14.854  1.988    0.3   0.735  0.578E-05  0.125E+03  0.144E-03  0.411E-03  0.139E-02  0.000E+00
1 14.854  1.990    0.3   0.743  0.620E-05  0.135E+03  0.155E-03  0.418E-03  0.141E-02  0.000E+00
1 14.854  1.992    0.3   0.752  0.661E-05  0.145E+03  0.165E-03  0.424E-03  0.143E-02  0.000E+00
1 14.854  1.994    0.3   0.760  0.708E-05  0.155E+03  0.177E-03  0.431E-03  0.144E-02  0.000E+00
1 14.854  1.996    0.3   0.769  0.757E-05  0.167E+03  0.189E-03  0.437E-03  0.146E-02  0.000E+00
1 14.854  1.999    0.3   0.778  0.809E-05  0.179E+03  0.202E-03  0.443E-03  0.147E-02  0.000E+00
1 14.854  2.001    0.3   0.787  0.866E-05  0.192E+03  0.216E-03  0.449E-03  0.149E-02  0.000E+00
1 14.854  2.003    0.3   0.796  0.927E-05  0.206E+03  0.232E-03  0.455E-03  0.150E-02  0.000E+00
1 14.854  2.005    0.3   0.805  0.984E-05  0.221E+03  0.246E-03  0.460E-03  0.152E-02  0.000E+00
1 14.854  2.007    0.3   0.815  0.105E-04  0.237E+03  0.262E-03  0.466E-03  0.153E-02  0.000E+00
1 14.854  2.009    0.3   0.825  0.111E-04  0.254E+03  0.277E-03  0.471E-03  0.154E-02  0.000E+00
1 14.854  2.011    0.3   0.835  0.118E-04  0.272E+03  0.295E-03  0.476E-03  0.156E-02  0.000E+00
1 14.854  2.013    0.3   0.845  0.125E-04  0.291E+03  0.311E-03  0.480E-03  0.157E-02  0.000E+00
1 14.854  2.015    0.3   0.856  0.131E-04  0.311E+03  0.327E-03  0.484E-03  0.158E-02  0.000E+00
1 14.854  2.018    0.3   0.867  0.137E-04  0.331E+03  0.342E-03  0.488E-03  0.159E-02  0.000E+00
1 14.854  2.020    0.3   0.878  0.143E-04  0.353E+03  0.358E-03  0.491E-03  0.160E-02  0.000E+00
1 14.854  2.022    0.3   0.889  0.149E-04  0.376E+03  0.374E-03  0.494E-03  0.160E-02  0.000E+00
1 14.854  2.024    0.3   0.901  0.155E-04  0.399E+03  0.387E-03  0.497E-03  0.161E-02  0.000E+00
1 14.854  2.026    0.3   0.912  0.161E-04  0.424E+03  0.402E-03  0.499E-03  0.162E-02  0.000E+00
1 14.854  2.028    0.3   0.925  0.166E-04  0.449E+03  0.416E-03  0.500E-03  0.162E-02  0.000E+00
1 14.854  2.030    0.3   0.937  0.172E-04  0.475E+03  0.430E-03  0.501E-03  0.162E-02  0.000E+00
1 14.854  2.032    0.3   0.950  0.177E-04  0.502E+03  0.442E-03  0.501E-03  0.162E-02  0.000E+00
1 14.854  2.034    0.3   0.963  0.181E-04  0.529E+03  0.453E-03  0.500E-03  0.162E-02  0.000E+00
1 14.854  2.037    0.3   0.976  0.185E-04  0.557E+03  0.462E-03  0.499E-03  0.162E-02  0.000E+00
1 14.854  2.039    0.3   0.990  0.188E-04  0.586E+03  0.471E-03  0.498E-03  0.162E-02  0.000E+00
1 14.854  2.041    0.3   1.004  0.191E-04  0.615E+03  0.478E-03  0.495E-03  0.162E-02  0.000E+00
1 14.854  2.043    0.3   1.019  0.194E-04  0.644E+03  0.484E-03  0.492E-03  0.161E-02  0.000E+00
1 14.854  2.045    0.3   1.034  0.195E-04  0.674E+03  0.487E-03  0.489E-03  0.160E-02  0.000E+00
1 14.854  2.047    0.3   1.049  0.196E-04  0.703E+03  0.490E-03  0.484E-03  0.160E-02  0.000E+00
1 14.854  2.049    0.3   1.065  0.196E-04  0.733E+03  0.490E-03  0.479E-03  0.159E-02  0.000E+00
1 14.854  2.051    0.3   1.081  0.195E-04  0.763E+03  0.488E-03  0.473E-03  0.157E-02  0.000E+00
1 14.854  2.053    0.3   1.098  0.193E-04  0.792E+03  0.482E-03  0.467E-03  0.156E-02  0.000E+00
1 14.854  2.056    0.3   1.115  0.190E-04  0.821E+03  0.474E-03  0.460E-03  0.155E-02  0.000E+00
1 14.854  2.058    0.3   1.132  0.185E-04  0.849E+03  0.462E-03  0.452E-03  0.153E-02  0.000E+00
1 14.854  2.060    0.3   1.151  0.179E-04  0.876E+03  0.446E-03  0.444E-03  0.151E-02  0.000E+00
1 14.854  2.062    0.3   1.169  0.171E-04  0.902E+03  0.428E-03  0.435E-03  0.149E-02  0.000E+00
1 14.854  2.064    0.3   1.189  0.163E-04  0.926E+03  0.409E-03  0.426E-03  0.147E-02  0.000E+00
1 14.854  2.066    0.3   1.209  0.154E-04  0.950E+03  0.384E-03  0.417E-03  0.145E-02  0.000E+00
1 14.854  2.068    0.3   1.229  0.144E-04  0.972E+03  0.361E-03  0.407E-03  0.143E-02  0.000E+00
1 14.854  2.070    0.3   1.251  0.133E-04  0.992E+03  0.332E-03  0.396E-03  0.140E-02  0.000E+00
1 14.854  2.072    0.3   1.272  0.121E-04  0.101E+04  0.303E-03  0.386E-03  0.138E-02  0.000E+00
1 14.854  2.074    0.3   1.295  0.110E-04  0.103E+04  0.276E-03  0.375E-03  0.135E-02  0.000E+00
1 14.854  2.077    0.3   1.319  0.977E-05  0.104E+04  0.244E-03  0.364E-03  0.132E-02  0.000E+00
1 14.854  2.079    0.3   1.343  0.870E-05  0.105E+04  0.217E-03  0.353E-03  0.129E-02  0.000E+00
1 14.854  2.081    0.3   1.368  0.764E-05  0.107E+04  0.191E-03  0.342E-03  0.127E-02  0.000E+00
1 14.854  2.083    0.3   1.394  0.668E-05  0.108E+04  0.167E-03  0.331E-03  0.124E-02  0.000E+00
1 14.854  2.085    0.3   1.421  0.580E-05  0.109E+04  0.145E-03  0.320E-03  0.120E-02  0.000E+00
1 14.854  2.087    0.3   1.449  0.512E-05  0.109E+04  0.128E-03  0.309E-03  0.117E-02  0.000E+00
1 14.854  2.089    0.3   1.478  0.450E-05  0.110E+04  0.113E-03  0.298E-03  0.114E-02  0.000E+00
1 14.854  2.091    0.3   1.508  0.387E-05  0.111E+04  0.967E-04  0.288E-03  0.112E-02  0.000E+00
1 14.854  2.093    0.3   1.540  0.337E-05  0.111E+04  0.843E-04  0.278E-03  0.109E-02  0.000E+00
1 14.854  2.096    0.3   1.572  0.292E-05  0.112E+04  0.730E-04  0.268E-03  0.106E-02  0.000E+00
1 14.854  2.098    0.3   1.606  0.257E-05  0.112E+04  0.642E-04  0.258E-03  0.103E-02  0.000E+00
1 14.854  2.100    0.3   1.642  0.227E-05  0.112E+04  0.567E-04  0.249E-03  0.100E-02  0.000E+00
1 14.854  2.102    0.3   1.679  0.196E-05  0.113E+04  0.489E-04  0.240E-03  0.973E-03  0.000E+00
1 14.854  2.104    0.3   1.717  0.175E-05  0.113E+04  0.436E-04  0.232E-03  0.946E-03  0.000E+00
1 14.854  2.106    0.3   1.758  0.156E-05  0.113E+04  0.389E-04  0.224E-03  0.919E-03  0.000E+00
1 14.854  2.108    0.3   1.800  0.153E-05  0.113E+04  0.353E-04  0.210E-03  0.869E-03  0.000E+00
1 14.854  2.110    0.3   1.844  0.139E-05  0.113E+04  0.307E-04  0.200E-03  0.831E-03  0.000E+00
1 14.854  2.112    0.3   1.890  0.143E-05  0.114E+04  0.287E-04  0.187E-03  0.778E-03  0.000E+00
1 14.854  2.115    0.3   1.939  0.138E-05  0.114E+04  0.263E-04  0.177E-03  0.739E-03  0.000E+00
1 14.854  2.117    0.3   1.990  0.145E-05  0.114E+04  0.247E-04  0.163E-03  0.683E-03  0.000E+00
1 14.854  2.119    0.3   2.044  0.160E-05  0.114E+04  0.240E-04  0.148E-03  0.623E-03  0.000E+00
1 14.854  2.121    0.3   2.100  0.169E-05  0.114E+04  0.236E-04  0.138E-03  0.582E-03  0.000E+00
1 14.854  2.123    0.3   2.160  0.202E-05  0.114E+04  0.242E-04  0.122E-03  0.517E-03  0.000E+00
1 14.854  2.125    0.3   2.223  0.227E-05  0.115E+04  0.250E-04  0.112E-03  0.475E-03  0.000E+00
1 14.854  2.127    0.3   2.290  0.288E-05  0.115E+04  0.260E-04  0.947E-04  0.402E-03  0.000E+00
1 14.854  2.129    0.3   2.360  0.389E-05  0.115E+04  0.273E-04  0.763E-04  0.325E-03  0.000E+00
1 14.854  2.131    0.3   2.435  0.495E-05  0.115E+04  0.247E-04  0.566E-04  0.241E-03  0.000E+00
1 14.854  2.134    0.3   2.515  0.358E-05  0.115E+04  0.143E-04  0.454E-04  0.194E-03  0.000E+00
1 14.854  2.136    0.3   2.600  0.199E-05  0.115E+04  0.397E-05  0.237E-04  0.101E-03  0.000E+00
 # th     pit     q2      x      sig_u     rate_u
 #                           0.6/GeV.sr)    (Hz)
 # th     pit     q2      x      sig_u     rate_u
 #                           0.6/GeV.sr)    (Hz)
 # th     pit     q2      x      sig_u     rate_u
 #                           0.6/GeV.sr)    (Hz)
 # th     pit     q2      x      sig_u     rate_u
 #                           0.6/GeV.sr)    (Hz)
 # th     pit     q2      x      sig_u     rate_u
 #                           0.6/GeV.sr)    (Hz)
2 10.879  1.978    0.2   0.375  0.698E-05  0.731E+01  0.175E-03  0.679E-03  0.277E-02  0.000E+00
2 10.879  1.980    0.2   0.379  0.700E-05  0.146E+02  0.175E-03  0.697E-03  0.283E-02  0.000E+00
2 10.879  1.982    0.2   0.383  0.702E-05  0.220E+02  0.175E-03  0.716E-03  0.290E-02  0.000E+00
2 10.879  1.984    0.2   0.387  0.705E-05  0.294E+02  0.176E-03  0.737E-03  0.297E-02  0.000E+00
2 10.879  1.986    0.2   0.392  0.707E-05  0.368E+02  0.177E-03  0.758E-03  0.304E-02  0.000E+00
2 10.879  1.988    0.2   0.396  0.710E-05  0.442E+02  0.178E-03  0.780E-03  0.311E-02  0.000E+00
2 10.879  1.991    0.2   0.401  0.715E-05  0.517E+02  0.179E-03  0.803E-03  0.319E-02  0.000E+00
2 10.879  1.993    0.2   0.405  0.720E-05  0.593E+02  0.180E-03  0.827E-03  0.327E-02  0.000E+00
2 10.879  1.995    0.2   0.410  0.728E-05  0.669E+02  0.182E-03  0.852E-03  0.335E-02  0.000E+00
2 10.879  1.997    0.2   0.415  0.733E-05  0.746E+02  0.183E-03  0.879E-03  0.344E-02  0.000E+00
2 10.879  1.999    0.2   0.420  0.740E-05  0.823E+02  0.185E-03  0.906E-03  0.353E-02  0.000E+00
2 10.879  2.001    0.2   0.425  0.749E-05  0.902E+02  0.187E-03  0.934E-03  0.362E-02  0.000E+00
2 10.879  2.003    0.2   0.430  0.758E-05  0.981E+02  0.189E-03  0.964E-03  0.372E-02  0.000E+00
2 10.879  2.006    0.2   0.435  0.768E-05  0.106E+03  0.192E-03  0.994E-03  0.381E-02  0.000E+00
2 10.879  2.008    0.2   0.440  0.780E-05  0.114E+03  0.195E-03  0.103E-02  0.392E-02  0.000E+00
2 10.879  2.010    0.2   0.446  0.792E-05  0.123E+03  0.198E-03  0.106E-02  0.402E-02  0.000E+00
2 10.879  2.012    0.2   0.451  0.804E-05  0.131E+03  0.201E-03  0.109E-02  0.413E-02  0.000E+00
2 10.879  2.014    0.2   0.457  0.821E-05  0.140E+03  0.205E-03  0.113E-02  0.424E-02  0.000E+00
2 10.879  2.016    0.2   0.463  0.839E-05  0.148E+03  0.210E-03  0.116E-02  0.435E-02  0.000E+00
2 10.879  2.019    0.2   0.469  0.858E-05  0.157E+03  0.215E-03  0.120E-02  0.447E-02  0.000E+00
2 10.879  2.021    0.2   0.475  0.879E-05  0.167E+03  0.220E-03  0.124E-02  0.459E-02  0.000E+00
2 10.879  2.023    0.2   0.481  0.905E-05  0.176E+03  0.226E-03  0.128E-02  0.471E-02  0.000E+00
2 10.879  2.025    0.2   0.488  0.937E-05  0.186E+03  0.234E-03  0.132E-02  0.484E-02  0.000E+00
2 10.879  2.027    0.2   0.494  0.963E-05  0.196E+03  0.241E-03  0.136E-02  0.496E-02  0.000E+00
2 10.879  2.029    0.2   0.501  0.995E-05  0.206E+03  0.249E-03  0.140E-02  0.509E-02  0.000E+00
2 10.879  2.031    0.2   0.508  0.104E-04  0.217E+03  0.260E-03  0.145E-02  0.523E-02  0.000E+00
2 10.879  2.034    0.2   0.515  0.109E-04  0.229E+03  0.273E-03  0.149E-02  0.536E-02  0.000E+00
2 10.879  2.036    0.2   0.522  0.114E-04  0.241E+03  0.286E-03  0.154E-02  0.550E-02  0.000E+00
2 10.879  2.038    0.2   0.530  0.120E-04  0.253E+03  0.301E-03  0.159E-02  0.564E-02  0.000E+00
2 10.879  2.040    0.2   0.537  0.127E-04  0.267E+03  0.318E-03  0.164E-02  0.578E-02  0.000E+00
2 10.879  2.042    0.2   0.545  0.135E-04  0.281E+03  0.337E-03  0.169E-02  0.592E-02  0.000E+00
2 10.879  2.044    0.2   0.553  0.143E-04  0.296E+03  0.358E-03  0.174E-02  0.606E-02  0.000E+00
2 10.879  2.046    0.2   0.562  0.152E-04  0.312E+03  0.380E-03  0.179E-02  0.621E-02  0.000E+00
2 10.879  2.049    0.2   0.570  0.163E-04  0.329E+03  0.408E-03  0.184E-02  0.636E-02  0.000E+00
2 10.879  2.051    0.2   0.579  0.174E-04  0.347E+03  0.436E-03  0.190E-02  0.651E-02  0.000E+00
2 10.879  2.053    0.2   0.588  0.187E-04  0.367E+03  0.468E-03  0.195E-02  0.665E-02  0.000E+00
2 10.879  2.055    0.2   0.598  0.203E-04  0.388E+03  0.508E-03  0.201E-02  0.680E-02  0.000E+00
2 10.879  2.057    0.2   0.607  0.218E-04  0.411E+03  0.545E-03  0.206E-02  0.695E-02  0.000E+00
2 10.879  2.059    0.2   0.617  0.239E-04  0.436E+03  0.597E-03  0.212E-02  0.710E-02  0.000E+00
2 10.879  2.062    0.2   0.627  0.258E-04  0.463E+03  0.645E-03  0.218E-02  0.725E-02  0.000E+00
2 10.879  2.064    0.2   0.638  0.282E-04  0.492E+03  0.704E-03  0.223E-02  0.740E-02  0.000E+00
2 10.879  2.066    0.2   0.649  0.309E-04  0.524E+03  0.772E-03  0.229E-02  0.754E-02  0.000E+00
2 10.879  2.068    0.2   0.660  0.337E-04  0.560E+03  0.842E-03  0.235E-02  0.768E-02  0.000E+00
2 10.879  2.070    0.2   0.672  0.370E-04  0.598E+03  0.924E-03  0.240E-02  0.782E-02  0.000E+00
2 10.879  2.072    0.2   0.684  0.405E-04  0.641E+03  0.101E-02  0.246E-02  0.796E-02  0.000E+00
2 10.879  2.074    0.2   0.696  0.446E-04  0.688E+03  0.112E-02  0.251E-02  0.809E-02  0.000E+00
2 10.879  2.077    0.2   0.709  0.491E-04  0.739E+03  0.123E-02  0.256E-02  0.822E-02  0.000E+00
2 10.879  2.079    0.2   0.722  0.541E-04  0.796E+03  0.135E-02  0.261E-02  0.834E-02  0.000E+00
2 10.879  2.081    0.2   0.736  0.595E-04  0.858E+03  0.149E-02  0.266E-02  0.846E-02  0.000E+00
2 10.879  2.083    0.2   0.750  0.653E-04  0.926E+03  0.163E-02  0.270E-02  0.857E-02  0.000E+00
2 10.879  2.085    0.2   0.765  0.714E-04  0.100E+04  0.179E-02  0.274E-02  0.867E-02  0.000E+00
2 10.879  2.087    0.2   0.781  0.780E-04  0.108E+04  0.195E-02  0.278E-02  0.876E-02  0.000E+00
2 10.879  2.089    0.2   0.797  0.851E-04  0.117E+04  0.213E-02  0.282E-02  0.885E-02  0.000E+00
2 10.879  2.092    0.2   0.813  0.921E-04  0.127E+04  0.230E-02  0.285E-02  0.892E-02  0.000E+00
2 10.879  2.094    0.2   0.831  0.992E-04  0.137E+04  0.248E-02  0.287E-02  0.898E-02  0.000E+00
2 10.879  2.096    0.2   0.849  0.106E-03  0.148E+04  0.266E-02  0.289E-02  0.902E-02  0.000E+00
2 10.879  2.098    0.2   0.868  0.112E-03  0.160E+04  0.281E-02  0.290E-02  0.905E-02  0.000E+00
2 10.879  2.100    0.2   0.887  0.119E-03  0.173E+04  0.299E-02  0.291E-02  0.905E-02  0.000E+00
2 10.879  2.102    0.2   0.908  0.125E-03  0.186E+04  0.313E-02  0.291E-02  0.905E-02  0.000E+00
2 10.879  2.105    0.2   0.929  0.130E-03  0.199E+04  0.326E-02  0.290E-02  0.904E-02  0.000E+00
2 10.879  2.107    0.2   0.951  0.135E-03  0.213E+04  0.337E-02  0.288E-02  0.901E-02  0.000E+00
2 10.879  2.109    0.2   0.975  0.138E-03  0.228E+04  0.345E-02  0.285E-02  0.896E-02  0.000E+00
2 10.879  2.111    0.2   0.999  0.141E-03  0.243E+04  0.351E-02  0.282E-02  0.890E-02  0.000E+00
2 10.879  2.113    0.2   1.025  0.141E-03  0.257E+04  0.353E-02  0.278E-02  0.882E-02  0.000E+00
2 10.879  2.115    0.2   1.052  0.141E-03  0.272E+04  0.353E-02  0.273E-02  0.871E-02  0.000E+00
2 10.879  2.117    0.2   1.081  0.139E-03  0.287E+04  0.347E-02  0.267E-02  0.860E-02  0.000E+00
2 10.879  2.120    0.2   1.111  0.134E-03  0.301E+04  0.336E-02  0.260E-02  0.846E-02  0.000E+00
2 10.879  2.122    0.2   1.142  0.129E-03  0.314E+04  0.322E-02  0.253E-02  0.831E-02  0.000E+00
2 10.879  2.124    0.2   1.176  0.120E-03  0.327E+04  0.301E-02  0.245E-02  0.814E-02  0.000E+00
2 10.879  2.126    0.2   1.211  0.110E-03  0.338E+04  0.276E-02  0.236E-02  0.795E-02  0.000E+00
2 10.879  2.128    0.2   1.249  0.992E-04  0.349E+04  0.248E-02  0.227E-02  0.776E-02  0.000E+00
2 10.879  2.130    0.2   1.288  0.876E-04  0.358E+04  0.219E-02  0.218E-02  0.755E-02  0.000E+00
2 10.879  2.132    0.2   1.331  0.757E-04  0.366E+04  0.189E-02  0.208E-02  0.733E-02  0.000E+00
2 10.879  2.135    0.2   1.376  0.647E-04  0.373E+04  0.162E-02  0.199E-02  0.711E-02  0.000E+00
2 10.879  2.137    0.2   1.424  0.537E-04  0.378E+04  0.134E-02  0.189E-02  0.688E-02  0.000E+00
2 10.879  2.139    0.2   1.476  0.459E-04  0.383E+04  0.115E-02  0.180E-02  0.664E-02  0.000E+00
2 10.879  2.141    0.2   1.531  0.371E-04  0.387E+04  0.926E-03  0.171E-02  0.641E-02  0.000E+00
2 10.879  2.143    0.2   1.591  0.302E-04  0.390E+04  0.756E-03  0.162E-02  0.617E-02  0.000E+00
2 10.879  2.145    0.2   1.655  0.286E-04  0.393E+04  0.716E-03  0.154E-02  0.594E-02  0.000E+00
2 10.879  2.148    0.2   1.725  0.250E-04  0.396E+04  0.626E-03  0.145E-02  0.571E-02  0.000E+00
2 10.879  2.150    0.2   1.800  0.245E-04  0.398E+04  0.563E-03  0.134E-02  0.530E-02  0.000E+00
2 10.879  2.152    0.2   1.882  0.267E-04  0.400E+04  0.534E-03  0.119E-02  0.478E-02  0.000E+00
2 10.879  2.154    0.2   1.972  0.309E-04  0.403E+04  0.526E-03  0.105E-02  0.422E-02  0.000E+00
2 10.879  2.156    0.2   2.071  0.369E-04  0.405E+04  0.553E-03  0.928E-03  0.377E-02  0.000E+00
2 10.879  2.158    0.2   2.180  0.516E-04  0.408E+04  0.620E-03  0.772E-03  0.315E-02  0.000E+00
2 10.879  2.160    0.2   2.300  0.788E-04  0.411E+04  0.709E-03  0.604E-03  0.248E-02  0.000E+00
2 10.879  2.163    0.2   2.435  0.144E-03  0.414E+04  0.863E-03  0.422E-03  0.174E-02  0.000E+00
2 10.879  2.165    0.2   2.586  0.822E-04  0.415E+04  0.247E-03  0.222E-03  0.915E-03  0.000E+00
 # th     pit     q2      x      sig_u     rate_u
 #                           0.6/GeV.sr)    (Hz)
 # th     pit     q2      x      sig_u     rate_u
 #                           0.6/GeV.sr)    (Hz)
 # th     pit     q2      x      sig_u     rate_u
 #                           0.6/GeV.sr)    (Hz)
 # th     pit     q2      x      sig_u     rate_u
 #                           0.6/GeV.sr)    (Hz)
