* x  Q2  y   Ntot    Np  Nn  dAzz    nu  W   W2
0.000794   2.371374    0.95 2093092.0   1046546.0  1046546.0  0.0010842405659225143    0.0006283176188591087  nan   -1.4898404356930373
0.001259   2.371374    0.784854 39415343.0   19707671.5  19707671.5  0.00024985448853788244    0.000996287005218662  nan   -1.4891499248890487
0.001259   4.216965    0.95 2032820.0   1016410.0  1016410.0  0.0011001967265572832    0.0005602534288791582  nan   -3.3355591611514264
0.001995   2.371374    0.495209 60269559.0   30134779.5  30134779.5  0.00020205555932255057    0.0015787073672845363  nan   -1.4880569873584348
0.001995   4.216965    0.88062 34070286.0   17035143.0  17035143.0  0.0002687397577107453    0.0008877725104161404  nan   -3.3349445571308283
0.001995   7.498942    0.95 24656.0   12328.0  12328.0  0.009989839257111131    0.0004992311721289483  nan   -6.61765067211112
0.003162   2.371374    0.312456 70992548.0   35496274.0  35496274.0  0.00018617159906841375    0.002502191827244964  nan   -1.486324027985844
0.003162   4.216965    0.555634 54921762.0   27460881.0  27460881.0  0.00021166428310167356    0.0014070860541031758  nan   -3.3339700423318632
0.003162   7.498942    0.988072 14481789.0   7240894.5  7240894.5  0.0004122006792857516    0.0007912626397352052  nan   -6.617102662165288
0.005012   2.371374    0.197146 75622557.0   37811278.5  37811278.5  0.0001803823879485925    0.0039661560525464145  nan   -1.4835768344645994
0.005012   4.216965    0.350581 61847597.0   30923798.5  30923798.5  0.00019946118538369554    0.002230333745466514  nan   -3.3324251816822614
0.005012   7.498942    0.623432 32873059.0   16436529.5  16436529.5  0.00027358970509584507    0.0012542088394537788  nan   -6.616233923176608
0.005012   13.335214    0.95 6027229.0   3013614.5  3013614.5  0.0006389413053198201    0.0007052934690775266  nan   -12.45353598711065
0.007943   2.371374    0.124391 78641651.0   39320825.5  39320825.5  0.0001768860156798003    0.006285550184632117  nan   -1.4792243889452654
0.007943   4.216965    0.221202 65496811.0   32748405.5  32748405.5  0.00019382497356423774    0.003534625087837295  nan   -3.329977621377406
0.007943   7.498942    0.393359 38563312.0   19281656.0  19281656.0  0.0002525995938019196    0.001987665764521422  nan   -6.614857558865355
0.007943   13.335214    0.699502 21224068.0   10612034.0  10612034.0  0.0003404908900331081    0.0011177466131051064  nan   -12.452762000570878
0.007943   23.713737    0.95 1805429.0   902714.5  902714.5  0.001167426651841203    0.0006285550979810479  nan   -22.832202990052977
0.012589   2.371374    0.078485 80285441.0   40142720.5  40142720.5  0.00017506584012849414    0.009962078720172945  nan   -1.4723252207832638
0.012589   4.216965    0.139569 67874827.0   33937413.5  33937413.5  0.0001903993419502677    0.005602089290039494  nan   -3.326097933497379
0.012589   7.498942    0.248193 43782345.0   21891172.5  21891172.5  0.00023706656198623554    0.003150286328787634  nan   -6.612675850032161
0.012589   13.335214    0.441356 24497949.0   12248974.5  12248974.5  0.00031692386801771694    0.001771536209540499  nan   -12.45153513552012
0.012589   23.713737    0.784854 10668196.0   5334098.0  5334098.0  0.0004802576791896545    0.0009962079980465077  nan   -22.831513073149495
0.012589   42.16965    0.95 199994.0   99997.0  99997.0  0.0035076102263123824    0.0005602089290039495  nan   -41.288244244657406
0.019953   2.371374    0.049521 47105541.0   23552770.5  23552770.5  0.00022855136157843463    0.01578944766888639  nan   -1.4613899055992392
0.019953   4.216965    0.088062 69096711.0   34548355.5  34548355.5  0.00018870835253351513    0.008879060100417668  nan   -3.319948553052153
0.019953   7.498942    0.156599 46628841.0   23314420.5  23314420.5  0.00022971666386995606    0.004993062444856593  nan   -6.609217799268574
0.019953   13.335214    0.278477 25665040.0   12832520.0  12832520.0  0.0003096341389784609    0.0028078053847773116  nan   -12.449590530648447
0.019953   23.713737    0.495209 13292781.0   6646390.5  6646390.5  0.0004302410908553069    0.0015789449666392856  nan   -22.830419541492752
0.019953   42.16965    0.88062 4651925.0   2325962.5  2325962.5  0.0007272830377849935    0.0008879060100417668  nan   -41.287629306612885
0.019953   74.989421    0.95 2739.0   1369.5  1369.5  0.02997255699877189    0.0004993062378273036  nan   -74.10812953124702
0.031623   2.371374    0.031246 375332.0   187666.0  187666.0  0.002560424737017605    0.02502429226849067  nan   -1.4440603118733337
0.031623   4.216965    0.055563 45100117.0   22550058.5  22550058.5  0.00023357748428947162    0.014072195537288024  nan   -3.3102034050625027
0.031623   7.498942    0.098807 45878177.0   22939088.5  22939088.5  0.00023158836390731907    0.007913377120919163  nan   -6.603737699810253
0.031623   13.335214    0.175707 26862267.0   13431133.5  13431133.5  0.00030265543701365197    0.004450019028858464  nan   -12.446508844220904
0.031623   23.713737    0.312456 13544829.0   6772414.5  6772414.5  0.0004262192373252517    0.0025024295434287647  nan   -22.828686581900925
0.031623   42.16965    0.555634 6745018.0   3372509.0  3372509.0  0.0006039879224443885    0.0014072195537288025  nan   -41.286654791813916
0.031623   74.989421    0.988072 1608174.0   804087.0  804087.0  0.001236953269014644    0.0007913377015392585  nan   -74.10758152130849
0.050119   4.216965    0.035058 2775265.0   1387632.5  1387632.5  0.000941602453735945    0.022302892455913055  nan   -3.294758138805727
0.050119   7.498942    0.062343 35804485.0   17902242.5  17902242.5  0.0002621507443677029    0.01254183815334875  nan   -6.595052188278026
0.050119   13.335214    0.110864 26982812.0   13491406.0  13491406.0  0.0003019786276746521    0.007052793969811762  nan   -12.441624622098896
0.050119   23.713737    0.197146 14539322.0   7269661.0  7269661.0  0.00041138431904605134    0.003966077421089278  nan   -22.82593998202
0.050119   42.16965    0.350581 7229936.0   3614968.0  3614968.0  0.0005833814081754812    0.0022302892455913054  nan   -41.28511026518824
0.050119   74.989421    0.623432 3583462.0   1791731.0  1791731.0  0.0008286447996105343    0.0012541837986100653  nan   -74.10671297016685
0.050119   133.352143    0.95 396391.0   198195.5  198195.5  0.002491482942680792    0.0007052793811146281  nan   -132.47046501354734
0.079433   7.498942    0.039336 5402589.0   2701294.5  2701294.5  0.0006748680156429312    0.019877408368781328  nan   -6.581286666810914
0.079433   13.335214    0.06995 24163712.0   12081856.0  12081856.0  0.00031910821559788587    0.011177888293941573  nan   -12.433883700424776
0.079433   23.713737    0.124391 14068102.0   7034051.0  7034051.0  0.000418217360425983    0.006285788379444615  nan   -22.821586941962178
0.079433   42.16965    0.221202 7665540.0   3832770.0  3832770.0  0.0005665632931951125    0.003534758587462922  nan   -41.28266237085946
0.079433   74.989421    0.393359 3547846.0   1773923.0  1773923.0  0.000832793699263741    0.001987740810371183  nan   -74.10533641803849
0.079433   133.352143    0.699502 1291891.0   645945.5  645945.5  0.0013800883014932449    0.0011177888042474562  nan   -132.46969092139736
0.079433   237.137371    0.95 101831.0   50915.5  50915.5  0.0049156370234569    0.0006285788352937664  nan   -236.25583694550886
0.125893   13.335214    0.044136 6251881.0   3125940.5  3125940.5  0.0006273565828755006    0.0177157842582955  nan   -12.42161504991718
0.125893   23.713737    0.078485 13810575.0   6905287.5  6905287.5  0.00042209861830787976    0.009962317380099216  nan   -22.81468777292737
0.125893   42.16965    0.139569 7334042.0   3667021.0  3667021.0  0.0005792260887215025    0.005602222789665122  nan   -41.27878268297943
0.125893   74.989421    0.248193 3662911.0   1831455.5  1831455.5  0.0008196088282282586    0.0031503613591336013  nan   -74.1031547092344
0.125893   133.352143    0.441356 1447895.0   723947.5  723947.5  0.0013036207863378634    0.001771578385974658  nan   -132.4684640563742
0.125893   237.137371    0.784854 571190.0   285595.0  285595.0  0.0020755323801177152    0.000996231733808847  nan   -236.2551470286083
0.125893   421.696503    0.95 14663.0   7331.5  7331.5  0.012954134251837845    0.0005602222749810231  nan   -420.8150972196131
0.199526   23.713737    0.049521 5208074.0   2604037.0  2604037.0  0.0006873552239877089    0.015789133133547347  nan   -22.80375349583869
0.199526   42.16965    0.088062 6564201.0   3282100.5  3282100.5  0.0006122501150624816    0.008878882100916835  nan   -41.272633887076076
0.199526   74.989421    0.156599 3312236.0   1656118.0  1656118.0  0.0008619045519358785    0.004992962281798757  nan   -74.09969698722897
0.199526   133.352143    0.278477 1366978.0   683489.0  683489.0  0.0013416494233539095    0.0028077490332264667  nan   -132.46651963639462
0.199526   237.137371    0.495209 651855.0   325927.5  325927.5  0.0019428725409859702    0.0015789133066965123  nan   -236.25405360090403
0.199526   421.696503    0.88062 210949.0   105474.5  105474.5  0.0034153174368450456    0.0008878882037751392  nan   -420.81448234002715
0.199526   749.894209    0.95 70.0   35.0  35.0  0.1874868406799049    0.0004992962288456979  nan   -749.0129175500293
0.316228   23.713737    0.031246 21917.0   10958.5  10958.5  0.010595690329336568    0.02502413716786489  nan   -22.786423602926504
0.316228   42.16965    0.055563 2890330.0   1445165.0  1445165.0  0.000922669353138102    0.014072106537537609  nan   -41.26288857207446
0.316228   74.989421    0.098807 2290347.0   1145173.5  1145173.5  0.0010364996702067705    0.007913326967155444  nan   -74.094216793926
0.316228   133.352143    0.175707 920324.0   460162.0  460162.0  0.0016351192712443677    0.004449990784555091  nan   -132.4634378972226
0.316228   237.137371    0.312456 451488.0   225744.0  225744.0  0.0023345151948346364    0.0025024137062338975  nan   -236.25232061162012
0.316228   421.696503    0.555634 224367.0   112183.5  112183.5  0.003311618654801055    0.0014072106437426938  nan   -420.8135078085339
0.316228   749.894209    0.988072 54363.0   27181.5  27181.5  0.006727723021146599    0.0007913326977708035  nan   -749.0123695306984
0.501187   42.16965    0.035058 109585.0   54792.5  54792.5  0.004738536768986742    0.022302758956287434  nan   -41.24744338932367
0.501187   74.989421    0.062343 816415.0   408207.5  408207.5  0.0017360583707624346    0.012541762913744944  nan   -74.08553132946845
0.501187   133.352143    0.110864 376923.0   188461.5  188461.5  0.002555015218921203    0.00705275159485818  nan   -132.45855370161738
0.501187   237.137371    0.197146 175954.0   87977.0  87977.0  0.0037395577015690985    0.003966053664401155  nan   -236.24957402660047
0.501187   421.696503    0.350581 80976.0   40488.0  40488.0  0.005512411764498968    0.0022302758797622902  nan   -420.81196329026983
0.501187   749.894209    0.623432 42714.0   21357.0  21357.0  0.007589876150109133    0.0012541762930469652  nan   -749.0115009842514
0.501187   1333.521432    0.95 5005.0   2502.5  2502.5  0.02217265859577159    0.0007052751584280546  nan   -1332.6397540214714
0.794328   74.989421    0.039336 49313.0   24656.5  24656.5  0.007063811458373882    0.019877358055474692  nan   -74.07176576122605
0.794328   133.352143    0.06995 113319.0   56659.5  56659.5  0.0046598125232346285    0.011177859898282495  nan   -132.4508127537105
0.794328   237.137371    0.124391 50795.0   25397.5  25397.5  0.006960001425565038    0.006285772526295456  nan   -236.24522097171132
0.794328   421.696503    0.221202 16412.0   8206.0  8206.0  0.012244443645715603    0.003534749662341243  nan   -420.80951538760786
0.794328   749.894209    0.393359 4311.0   2155.5  2155.5  0.02389080587633746    0.0019877358081981573  nan   -749.0101244274254
0.794328   1333.521432    0.699502 1517.0   758.5  758.5  0.040274209095144835    0.0011177859881518072  nan   -1332.638979926682
