 0.000E+00  0.121E+01  0.735E+01  0.110E+02  0.670E+01  0.430E+01   Infinity  0.000E+00  0.000E+00  0.000E+00  0.000E+00        NaN  0.000E+00        NaN        NaN        NaN  0.000E+00  0.000E+00  0.000E+00  0.000E+00  0.000E+00  0.000E+00  0.000E+00  0.000E+00
 0.100E-01  0.121E+01  0.735E+01  0.110E+02  0.670E+01  0.430E+01  0.121E+03  0.194E-15  0.194E-15  0.542E-12  0.132E-12  0.242E-02  0.464E-12  0.398E+03  0.341E+03  0.398E+03  0.199E-12  0.298E+20  0.298E+20  0.212E+22  0.000E+00  0.743E+22  0.000E+00  0.102E+23
 0.200E-01  0.121E+01  0.735E+01  0.110E+02  0.670E+01  0.430E+01  0.602E+02  0.135E-14  0.135E-14  0.384E-11  0.935E-12  0.238E-02  0.329E-11  0.407E+03  0.347E+03  0.407E+03  0.140E-11  0.207E+21  0.207E+21  0.150E+23  0.000E+00  0.527E+23  0.000E+00  0.719E+23
 0.300E-01  0.121E+01  0.735E+01  0.110E+02  0.670E+01  0.430E+01  0.400E+02  0.464E-14  0.464E-14  0.131E-10  0.318E-11  0.241E-02  0.112E-10  0.402E+03  0.342E+03  0.402E+03  0.476E-11  0.712E+21  0.713E+21  0.508E+23  0.000E+00  0.179E+24  0.000E+00  0.244E+24
 0.400E-01  0.121E+01  0.735E+01  0.110E+02  0.670E+01  0.430E+01  0.299E+02  0.122E-13  0.122E-13  0.319E-10  0.775E-11  0.260E-02  0.273E-10  0.374E+03  0.318E+03  0.374E+03  0.116E-10  0.187E+22  0.187E+22  0.124E+24  0.000E+00  0.438E+24  0.000E+00  0.596E+24
 0.500E-01  0.121E+01  0.735E+01  0.110E+02  0.670E+01  0.430E+01  0.239E+02  0.267E-13  0.267E-13  0.642E-10  0.156E-10  0.283E-02  0.550E-10  0.343E+03  0.292E+03  0.343E+03  0.234E-10  0.410E+22  0.410E+22  0.250E+24  0.000E+00  0.881E+24  0.000E+00  0.120E+25
 0.600E-01  0.121E+01  0.735E+01  0.110E+02  0.670E+01  0.430E+01  0.198E+02  0.211E-06  0.212E-06  0.138E-05  0.395E-06  0.470E+00  0.118E-05  0.934E+00  0.932E+00  0.929E+00  0.595E-06  0.325E+29  0.325E+29  0.632E+28  0.000E+00  0.189E+29  0.000E+00  0.466E+29
 0.700E-01  0.121E+01  0.735E+01  0.110E+02  0.670E+01  0.430E+01  0.170E+02  0.233E-06  0.233E-06  0.160E-05  0.457E-06  0.458E+00  0.137E-05  0.984E+00  0.980E+00  0.981E+00  0.688E-06  0.357E+29  0.358E+29  0.731E+28  0.000E+00  0.219E+29  0.000E+00  0.529E+29
 0.800E-01  0.121E+01  0.735E+01  0.110E+02  0.670E+01  0.430E+01  0.148E+02  0.282E-06  0.283E-06  0.197E-05  0.559E-06  0.456E+00  0.169E-05  0.997E+00  0.988E+00  0.994E+00  0.842E-06  0.434E+29  0.434E+29  0.895E+28  0.000E+00  0.270E+29  0.000E+00  0.646E+29
 0.900E-01  0.121E+01  0.735E+01  0.110E+02  0.670E+01  0.430E+01  0.131E+02  0.321E-06  0.322E-06  0.227E-05  0.640E-06  0.454E+00  0.194E-05  0.101E+01  0.995E+00  0.100E+01  0.965E-06  0.493E+29  0.494E+29  0.103E+29  0.000E+00  0.310E+29  0.000E+00  0.739E+29
 0.100E+00  0.121E+01  0.735E+01  0.110E+02  0.670E+01  0.430E+01  0.118E+02  0.350E-06  0.350E-06  0.249E-05  0.702E-06  0.452E+00  0.213E-05  0.101E+01  0.100E+01  0.101E+01  0.106E-05  0.538E+29  0.538E+29  0.112E+29  0.000E+00  0.340E+29  0.000E+00  0.808E+29
 0.110E+00  0.121E+01  0.735E+01  0.110E+02  0.670E+01  0.430E+01  0.107E+02  0.371E-06  0.371E-06  0.265E-05  0.747E-06  0.451E+00  0.227E-05  0.102E+01  0.101E+01  0.102E+01  0.113E-05  0.570E+29  0.570E+29  0.120E+29  0.000E+00  0.363E+29  0.000E+00  0.859E+29
 0.120E+00  0.121E+01  0.735E+01  0.110E+02  0.670E+01  0.430E+01  0.975E+01  0.385E-06  0.386E-06  0.277E-05  0.779E-06  0.450E+00  0.236E-05  0.102E+01  0.101E+01  0.102E+01  0.117E-05  0.592E+29  0.593E+29  0.125E+29  0.000E+00  0.379E+29  0.000E+00  0.895E+29
 0.130E+00  0.121E+01  0.735E+01  0.110E+02  0.670E+01  0.430E+01  0.898E+01  0.395E-06  0.395E-06  0.284E-05  0.801E-06  0.450E+00  0.243E-05  0.103E+01  0.101E+01  0.102E+01  0.121E-05  0.607E+29  0.607E+29  0.128E+29  0.000E+00  0.389E+29  0.000E+00  0.919E+29
 0.140E+00  0.121E+01  0.735E+01  0.110E+02  0.670E+01  0.430E+01  0.831E+01  0.400E-06  0.401E-06  0.289E-05  0.814E-06  0.449E+00  0.247E-05  0.103E+01  0.102E+01  0.103E+01  0.123E-05  0.615E+29  0.616E+29  0.130E+29  0.000E+00  0.395E+29  0.000E+00  0.933E+29
 0.150E+00  0.121E+01  0.735E+01  0.110E+02  0.670E+01  0.430E+01  0.774E+01  0.403E-06  0.403E-06  0.291E-05  0.820E-06  0.448E+00  0.249E-05  0.103E+01  0.102E+01  0.103E+01  0.124E-05  0.618E+29  0.619E+29  0.131E+29  0.000E+00  0.398E+29  0.000E+00  0.939E+29
 0.160E+00  0.121E+01  0.735E+01  0.110E+02  0.670E+01  0.430E+01  0.723E+01  0.402E-06  0.402E-06  0.291E-05  0.820E-06  0.448E+00  0.249E-05  0.103E+01  0.102E+01  0.103E+01  0.124E-05  0.618E+29  0.618E+29  0.131E+29  0.000E+00  0.398E+29  0.000E+00  0.939E+29
 0.170E+00  0.121E+01  0.735E+01  0.110E+02  0.670E+01  0.430E+01  0.679E+01  0.399E-06  0.400E-06  0.290E-05  0.816E-06  0.448E+00  0.248E-05  0.104E+01  0.102E+01  0.103E+01  0.123E-05  0.614E+29  0.614E+29  0.131E+29  0.000E+00  0.397E+29  0.000E+00  0.934E+29
 0.180E+00  0.121E+01  0.735E+01  0.110E+02  0.670E+01  0.430E+01  0.639E+01  0.395E-06  0.395E-06  0.287E-05  0.809E-06  0.447E+00  0.245E-05  0.104E+01  0.102E+01  0.103E+01  0.122E-05  0.607E+29  0.607E+29  0.130E+29  0.000E+00  0.393E+29  0.000E+00  0.925E+29
 0.190E+00  0.121E+01  0.735E+01  0.110E+02  0.670E+01  0.430E+01  0.604E+01  0.390E-06  0.390E-06  0.284E-05  0.799E-06  0.447E+00  0.243E-05  0.104E+01  0.102E+01  0.104E+01  0.120E-05  0.599E+29  0.599E+29  0.128E+29  0.000E+00  0.388E+29  0.000E+00  0.913E+29
 0.200E+00  0.121E+01  0.735E+01  0.110E+02  0.670E+01  0.430E+01  0.572E+01  0.384E-06  0.384E-06  0.280E-05  0.788E-06  0.446E+00  0.239E-05  0.104E+01  0.103E+01  0.104E+01  0.119E-05  0.589E+29  0.589E+29  0.126E+29  0.000E+00  0.383E+29  0.000E+00  0.900E+29
 0.210E+00  0.121E+01  0.735E+01  0.110E+02  0.670E+01  0.430E+01  0.543E+01  0.377E-06  0.377E-06  0.275E-05  0.775E-06  0.446E+00  0.235E-05  0.104E+01  0.103E+01  0.104E+01  0.117E-05  0.579E+29  0.579E+29  0.124E+29  0.000E+00  0.377E+29  0.000E+00  0.885E+29
 0.220E+00  0.121E+01  0.735E+01  0.110E+02  0.670E+01  0.430E+01  0.517E+01  0.369E-06  0.369E-06  0.271E-05  0.762E-06  0.445E+00  0.232E-05  0.105E+01  0.103E+01  0.105E+01  0.115E-05  0.567E+29  0.567E+29  0.122E+29  0.000E+00  0.371E+29  0.000E+00  0.869E+29
 0.230E+00  0.121E+01  0.735E+01  0.110E+02  0.670E+01  0.430E+01  0.493E+01  0.361E-06  0.361E-06  0.266E-05  0.749E-06  0.444E+00  0.228E-05  0.105E+01  0.104E+01  0.105E+01  0.113E-05  0.555E+29  0.555E+29  0.120E+29  0.000E+00  0.365E+29  0.000E+00  0.853E+29
 0.240E+00  0.121E+01  0.735E+01  0.110E+02  0.670E+01  0.430E+01  0.471E+01  0.354E-06  0.354E-06  0.262E-05  0.737E-06  0.443E+00  0.224E-05  0.106E+01  0.104E+01  0.105E+01  0.111E-05  0.544E+29  0.544E+29  0.118E+29  0.000E+00  0.359E+29  0.000E+00  0.838E+29
 0.250E+00  0.121E+01  0.735E+01  0.110E+02  0.670E+01  0.430E+01  0.451E+01  0.348E-06  0.348E-06  0.257E-05  0.724E-06  0.443E+00  0.220E-05  0.106E+01  0.104E+01  0.105E+01  0.109E-05  0.534E+29  0.534E+29  0.116E+29  0.000E+00  0.352E+29  0.000E+00  0.823E+29
 0.260E+00  0.121E+01  0.735E+01  0.110E+02  0.670E+01  0.430E+01  0.432E+01  0.344E-06  0.344E-06  0.253E-05  0.712E-06  0.444E+00  0.216E-05  0.105E+01  0.104E+01  0.105E+01  0.107E-05  0.528E+29  0.528E+29  0.114E+29  0.000E+00  0.346E+29  0.000E+00  0.810E+29
 0.270E+00  0.121E+01  0.735E+01  0.110E+02  0.670E+01  0.430E+01  0.415E+01  0.336E-06  0.336E-06  0.248E-05  0.699E-06  0.443E+00  0.212E-05  0.106E+01  0.104E+01  0.105E+01  0.105E-05  0.516E+29  0.516E+29  0.112E+29  0.000E+00  0.340E+29  0.000E+00  0.795E+29
 0.280E+00  0.121E+01  0.735E+01  0.110E+02  0.670E+01  0.430E+01  0.399E+01  0.328E-06  0.328E-06  0.244E-05  0.686E-06  0.441E+00  0.208E-05  0.106E+01  0.105E+01  0.106E+01  0.103E-05  0.504E+29  0.503E+29  0.110E+29  0.000E+00  0.334E+29  0.000E+00  0.779E+29
 0.290E+00  0.121E+01  0.735E+01  0.110E+02  0.670E+01  0.430E+01  0.384E+01  0.321E-06  0.320E-06  0.239E-05  0.674E-06  0.440E+00  0.204E-05  0.107E+01  0.105E+01  0.106E+01  0.101E-05  0.492E+29  0.492E+29  0.108E+29  0.000E+00  0.327E+29  0.000E+00  0.764E+29
 0.300E+00  0.121E+01  0.735E+01  0.110E+02  0.670E+01  0.430E+01  0.370E+01  0.314E-06  0.314E-06  0.234E-05  0.662E-06  0.439E+00  0.200E-05  0.107E+01  0.106E+01  0.107E+01  0.995E-06  0.482E+29  0.482E+29  0.106E+29  0.000E+00  0.321E+29  0.000E+00  0.749E+29
 0.310E+00  0.121E+01  0.735E+01  0.110E+02  0.670E+01  0.430E+01  0.357E+01  0.308E-06  0.308E-06  0.230E-05  0.650E-06  0.439E+00  0.197E-05  0.107E+01  0.106E+01  0.107E+01  0.977E-06  0.473E+29  0.473E+29  0.104E+29  0.000E+00  0.315E+29  0.000E+00  0.736E+29
 0.320E+00  0.121E+01  0.735E+01  0.110E+02  0.670E+01  0.430E+01  0.345E+01  0.303E-06  0.302E-06  0.225E-05  0.639E-06  0.439E+00  0.193E-05  0.106E+01  0.106E+01  0.106E+01  0.960E-06  0.465E+29  0.464E+29  0.102E+29  0.000E+00  0.309E+29  0.000E+00  0.723E+29
 0.330E+00  0.121E+01  0.735E+01  0.110E+02  0.670E+01  0.430E+01  0.334E+01  0.296E-06  0.296E-06  0.221E-05  0.628E-06  0.438E+00  0.189E-05  0.107E+01  0.106E+01  0.107E+01  0.944E-06  0.455E+29  0.454E+29  0.101E+29  0.000E+00  0.303E+29  0.000E+00  0.710E+29
 0.340E+00  0.121E+01  0.735E+01  0.110E+02  0.670E+01  0.430E+01  0.323E+01  0.291E-06  0.291E-06  0.216E-05  0.618E-06  0.438E+00  0.185E-05  0.106E+01  0.106E+01  0.106E+01  0.927E-06  0.448E+29  0.447E+29  0.989E+28  0.000E+00  0.296E+29  0.000E+00  0.698E+29
 0.350E+00  0.121E+01  0.735E+01  0.110E+02  0.670E+01  0.430E+01  0.313E+01  0.291E-06  0.291E-06  0.212E-05  0.607E-06  0.442E+00  0.181E-05  0.104E+01  0.104E+01  0.104E+01  0.910E-06  0.447E+29  0.447E+29  0.971E+28  0.000E+00  0.290E+29  0.000E+00  0.689E+29
 0.360E+00  0.121E+01  0.735E+01  0.110E+02  0.670E+01  0.430E+01  0.303E+01  0.293E-06  0.293E-06  0.207E-05  0.594E-06  0.449E+00  0.177E-05  0.101E+01  0.102E+01  0.101E+01  0.891E-06  0.450E+29  0.450E+29  0.952E+28  0.000E+00  0.283E+29  0.000E+00  0.681E+29
 0.370E+00  0.121E+01  0.735E+01  0.110E+02  0.670E+01  0.430E+01  0.294E+01  0.294E-06  0.293E-06  0.202E-05  0.581E-06  0.455E+00  0.173E-05  0.982E+00  0.990E+00  0.981E+00  0.871E-06  0.451E+29  0.451E+29  0.930E+28  0.000E+00  0.276E+29  0.000E+00  0.671E+29
 0.380E+00  0.121E+01  0.735E+01  0.110E+02  0.670E+01  0.430E+01  0.285E+01  0.288E-06  0.287E-06  0.196E-05  0.566E-06  0.456E+00  0.168E-05  0.976E+00  0.986E+00  0.975E+00  0.848E-06  0.442E+29  0.441E+29  0.907E+28  0.000E+00  0.269E+29  0.000E+00  0.656E+29
 0.390E+00  0.121E+01  0.735E+01  0.110E+02  0.670E+01  0.430E+01  0.277E+01  0.275E-06  0.275E-06  0.191E-05  0.551E-06  0.452E+00  0.163E-05  0.992E+00  0.100E+01  0.991E+00  0.825E-06  0.423E+29  0.422E+29  0.882E+28  0.000E+00  0.262E+29  0.000E+00  0.634E+29
 0.400E+00  0.121E+01  0.735E+01  0.110E+02  0.670E+01  0.430E+01  0.270E+01  0.261E-06  0.260E-06  0.185E-05  0.535E-06  0.446E+00  0.159E-05  0.102E+01  0.103E+01  0.101E+01  0.800E-06  0.401E+29  0.400E+29  0.856E+28  0.000E+00  0.254E+29  0.000E+00  0.611E+29
 0.410E+00  0.121E+01  0.735E+01  0.110E+02  0.670E+01  0.430E+01  0.262E+01  0.248E-06  0.248E-06  0.179E-05  0.518E-06  0.442E+00  0.154E-05  0.103E+01  0.105E+01  0.103E+01  0.775E-06  0.381E+29  0.381E+29  0.830E+28  0.000E+00  0.246E+29  0.000E+00  0.588E+29
 0.420E+00  0.121E+01  0.735E+01  0.110E+02  0.670E+01  0.430E+01  0.255E+01  0.240E-06  0.239E-06  0.174E-05  0.502E-06  0.441E+00  0.149E-05  0.104E+01  0.105E+01  0.104E+01  0.750E-06  0.368E+29  0.368E+29  0.803E+28  0.000E+00  0.238E+29  0.000E+00  0.569E+29
 0.430E+00  0.121E+01  0.735E+01  0.110E+02  0.670E+01  0.430E+01  0.248E+01  0.235E-06  0.235E-06  0.168E-05  0.485E-06  0.445E+00  0.144E-05  0.102E+01  0.103E+01  0.102E+01  0.725E-06  0.361E+29  0.360E+29  0.777E+28  0.000E+00  0.230E+29  0.000E+00  0.553E+29
 0.440E+00  0.121E+01  0.735E+01  0.110E+02  0.670E+01  0.430E+01  0.242E+01  0.231E-06  0.231E-06  0.162E-05  0.469E-06  0.449E+00  0.139E-05  0.100E+01  0.102E+01  0.101E+01  0.700E-06  0.355E+29  0.354E+29  0.751E+28  0.000E+00  0.223E+29  0.000E+00  0.537E+29
 0.450E+00  0.121E+01  0.735E+01  0.110E+02  0.670E+01  0.430E+01  0.236E+01  0.228E-06  0.227E-06  0.157E-05  0.453E-06  0.454E+00  0.135E-05  0.985E+00  0.997E+00  0.986E+00  0.677E-06  0.350E+29  0.349E+29  0.726E+28  0.000E+00  0.215E+29  0.000E+00  0.523E+29
 0.460E+00  0.121E+01  0.735E+01  0.110E+02  0.670E+01  0.430E+01  0.230E+01  0.224E-06  0.223E-06  0.151E-05  0.438E-06  0.458E+00  0.130E-05  0.968E+00  0.981E+00  0.969E+00  0.654E-06  0.344E+29  0.343E+29  0.702E+28  0.000E+00  0.208E+29  0.000E+00  0.508E+29
 0.470E+00  0.121E+01  0.735E+01  0.110E+02  0.670E+01  0.430E+01  0.224E+01  0.217E-06  0.217E-06  0.147E-05  0.424E-06  0.458E+00  0.126E-05  0.966E+00  0.978E+00  0.968E+00  0.632E-06  0.333E+29  0.333E+29  0.678E+28  0.000E+00  0.201E+29  0.000E+00  0.492E+29
 0.480E+00  0.121E+01  0.735E+01  0.110E+02  0.670E+01  0.430E+01  0.219E+01  0.207E-06  0.206E-06  0.142E-05  0.410E-06  0.454E+00  0.122E-05  0.982E+00  0.994E+00  0.983E+00  0.611E-06  0.317E+29  0.317E+29  0.656E+28  0.000E+00  0.195E+29  0.000E+00  0.473E+29
 0.490E+00  0.121E+01  0.735E+01  0.110E+02  0.670E+01  0.430E+01  0.214E+01  0.194E-06  0.193E-06  0.137E-05  0.397E-06  0.446E+00  0.118E-05  0.101E+01  0.103E+01  0.102E+01  0.592E-06  0.298E+29  0.297E+29  0.636E+28  0.000E+00  0.189E+29  0.000E+00  0.453E+29
 0.500E+00  0.121E+01  0.735E+01  0.110E+02  0.670E+01  0.430E+01  0.209E+01  0.181E-06  0.180E-06  0.133E-05  0.385E-06  0.437E+00  0.114E-05  0.105E+01  0.107E+01  0.105E+01  0.573E-06  0.278E+29  0.277E+29  0.616E+28  0.000E+00  0.183E+29  0.000E+00  0.434E+29
 0.510E+00  0.121E+01  0.735E+01  0.110E+02  0.670E+01  0.430E+01  0.204E+01  0.169E-06  0.169E-06  0.129E-05  0.374E-06  0.428E+00  0.111E-05  0.109E+01  0.110E+01  0.109E+01  0.556E-06  0.260E+29  0.260E+29  0.598E+28  0.000E+00  0.177E+29  0.000E+00  0.417E+29
 0.520E+00  0.121E+01  0.735E+01  0.110E+02  0.670E+01  0.430E+01  0.200E+01  0.161E-06  0.160E-06  0.125E-05  0.363E-06  0.422E+00  0.107E-05  0.111E+01  0.113E+01  0.112E+01  0.540E-06  0.247E+29  0.246E+29  0.581E+28  0.000E+00  0.172E+29  0.000E+00  0.402E+29
 0.530E+00  0.121E+01  0.735E+01  0.110E+02  0.670E+01  0.430E+01  0.195E+01  0.154E-06  0.153E-06  0.121E-05  0.354E-06  0.418E+00  0.104E-05  0.113E+01  0.115E+01  0.113E+01  0.526E-06  0.236E+29  0.236E+29  0.566E+28  0.000E+00  0.167E+29  0.000E+00  0.390E+29
 0.540E+00  0.121E+01  0.735E+01  0.110E+02  0.670E+01  0.430E+01  0.191E+01  0.149E-06  0.149E-06  0.118E-05  0.345E-06  0.416E+00  0.101E-05  0.113E+01  0.116E+01  0.114E+01  0.513E-06  0.229E+29  0.228E+29  0.553E+28  0.000E+00  0.162E+29  0.000E+00  0.379E+29
 0.550E+00  0.121E+01  0.735E+01  0.110E+02  0.670E+01  0.430E+01  0.187E+01  0.146E-06  0.145E-06  0.115E-05  0.338E-06  0.416E+00  0.988E-06  0.113E+01  0.116E+01  0.113E+01  0.502E-06  0.224E+29  0.223E+29  0.540E+28  0.000E+00  0.158E+29  0.000E+00  0.371E+29
 0.560E+00  0.121E+01  0.735E+01  0.110E+02  0.670E+01  0.430E+01  0.183E+01  0.144E-06  0.144E-06  0.112E-05  0.331E-06  0.419E+00  0.963E-06  0.111E+01  0.115E+01  0.111E+01  0.491E-06  0.222E+29  0.221E+29  0.529E+28  0.000E+00  0.154E+29  0.000E+00  0.364E+29
 0.570E+00  0.121E+01  0.735E+01  0.110E+02  0.670E+01  0.430E+01  0.179E+01  0.144E-06  0.144E-06  0.109E-05  0.324E-06  0.423E+00  0.938E-06  0.108E+01  0.113E+01  0.109E+01  0.482E-06  0.222E+29  0.221E+29  0.519E+28  0.000E+00  0.150E+29  0.000E+00  0.360E+29
 0.580E+00  0.121E+01  0.735E+01  0.110E+02  0.670E+01  0.430E+01  0.176E+01  0.145E-06  0.144E-06  0.106E-05  0.318E-06  0.429E+00  0.915E-06  0.105E+01  0.110E+01  0.106E+01  0.472E-06  0.222E+29  0.222E+29  0.509E+28  0.000E+00  0.146E+29  0.000E+00  0.355E+29
 0.590E+00  0.121E+01  0.735E+01  0.110E+02  0.670E+01  0.430E+01  0.172E+01  0.146E-06  0.146E-06  0.104E-05  0.312E-06  0.436E+00  0.893E-06  0.102E+01  0.107E+01  0.102E+01  0.463E-06  0.225E+29  0.224E+29  0.500E+28  0.000E+00  0.143E+29  0.000E+00  0.352E+29
 0.600E+00  0.121E+01  0.735E+01  0.110E+02  0.670E+01  0.430E+01  0.169E+01  0.149E-06  0.148E-06  0.101E-05  0.306E-06  0.445E+00  0.871E-06  0.974E+00  0.103E+01  0.978E+00  0.454E-06  0.229E+29  0.228E+29  0.490E+28  0.000E+00  0.139E+29  0.000E+00  0.349E+29
 0.610E+00  0.121E+01  0.735E+01  0.110E+02  0.670E+01  0.430E+01  0.165E+01  0.152E-06  0.151E-06  0.988E-06  0.300E-06  0.455E+00  0.850E-06  0.932E+00  0.990E+00  0.936E+00  0.445E-06  0.233E+29  0.233E+29  0.480E+28  0.000E+00  0.136E+29  0.000E+00  0.347E+29
 0.620E+00  0.121E+01  0.735E+01  0.110E+02  0.670E+01  0.430E+01  0.162E+01  0.155E-06  0.154E-06  0.963E-06  0.294E-06  0.465E+00  0.829E-06  0.892E+00  0.953E+00  0.896E+00  0.437E-06  0.238E+29  0.237E+29  0.471E+28  0.000E+00  0.133E+29  0.000E+00  0.344E+29
 0.630E+00  0.121E+01  0.735E+01  0.110E+02  0.670E+01  0.430E+01  0.159E+01  0.158E-06  0.157E-06  0.941E-06  0.287E-06  0.476E+00  0.810E-06  0.855E+00  0.912E+00  0.858E+00  0.427E-06  0.242E+29  0.242E+29  0.460E+28  0.000E+00  0.130E+29  0.000E+00  0.341E+29
 0.640E+00  0.121E+01  0.735E+01  0.110E+02  0.670E+01  0.430E+01  0.156E+01  0.159E-06  0.159E-06  0.919E-06  0.280E-06  0.484E+00  0.791E-06  0.826E+00  0.883E+00  0.830E+00  0.417E-06  0.245E+29  0.244E+29  0.449E+28  0.000E+00  0.127E+29  0.000E+00  0.337E+29
 0.650E+00  0.121E+01  0.735E+01  0.110E+02  0.670E+01  0.430E+01  0.153E+01  0.159E-06  0.159E-06  0.896E-06  0.274E-06  0.490E+00  0.772E-06  0.806E+00  0.861E+00  0.810E+00  0.407E-06  0.245E+29  0.244E+29  0.438E+28  0.000E+00  0.124E+29  0.000E+00  0.332E+29
 0.660E+00  0.121E+01  0.735E+01  0.110E+02  0.670E+01  0.430E+01  0.150E+01  0.157E-06  0.156E-06  0.875E-06  0.266E-06  0.493E+00  0.754E-06  0.800E+00  0.852E+00  0.803E+00  0.397E-06  0.241E+29  0.240E+29  0.427E+28  0.000E+00  0.121E+29  0.000E+00  0.325E+29
 0.670E+00  0.121E+01  0.735E+01  0.110E+02  0.670E+01  0.430E+01  0.148E+01  0.152E-06  0.152E-06  0.854E-06  0.259E-06  0.492E+00  0.735E-06  0.805E+00  0.855E+00  0.809E+00  0.386E-06  0.233E+29  0.233E+29  0.415E+28  0.000E+00  0.118E+29  0.000E+00  0.315E+29
 0.680E+00  0.121E+01  0.735E+01  0.110E+02  0.670E+01  0.430E+01  0.145E+01  0.144E-06  0.144E-06  0.834E-06  0.252E-06  0.486E+00  0.718E-06  0.827E+00  0.876E+00  0.832E+00  0.376E-06  0.222E+29  0.221E+29  0.404E+28  0.000E+00  0.115E+29  0.000E+00  0.304E+29
 0.690E+00  0.121E+01  0.735E+01  0.110E+02  0.670E+01  0.430E+01  0.142E+01  0.135E-06  0.135E-06  0.814E-06  0.245E-06  0.476E+00  0.701E-06  0.864E+00  0.910E+00  0.869E+00  0.366E-06  0.207E+29  0.207E+29  0.392E+28  0.000E+00  0.112E+29  0.000E+00  0.291E+29
 0.700E+00  0.121E+01  0.735E+01  0.110E+02  0.670E+01  0.430E+01  0.140E+01  0.124E-06  0.123E-06  0.796E-06  0.238E-06  0.462E+00  0.686E-06  0.922E+00  0.964E+00  0.926E+00  0.356E-06  0.190E+29  0.190E+29  0.381E+28  0.000E+00  0.110E+29  0.000E+00  0.278E+29
 0.710E+00  0.121E+01  0.735E+01  0.110E+02  0.670E+01  0.430E+01  0.137E+01  0.113E-06  0.112E-06  0.779E-06  0.231E-06  0.445E+00  0.671E-06  0.992E+00  0.103E+01  0.997E+00  0.347E-06  0.173E+29  0.172E+29  0.370E+28  0.000E+00  0.107E+29  0.000E+00  0.264E+29
 0.720E+00  0.121E+01  0.735E+01  0.110E+02  0.670E+01  0.430E+01  0.135E+01  0.101E-06  0.101E-06  0.763E-06  0.225E-06  0.426E+00  0.657E-06  0.108E+01  0.112E+01  0.109E+01  0.337E-06  0.155E+29  0.154E+29  0.360E+28  0.000E+00  0.105E+29  0.000E+00  0.250E+29
 0.730E+00  0.121E+01  0.735E+01  0.110E+02  0.670E+01  0.430E+01  0.133E+01  0.898E-07  0.895E-07  0.748E-06  0.219E-06  0.404E+00  0.644E-06  0.119E+01  0.122E+01  0.120E+01  0.329E-06  0.138E+29  0.138E+29  0.351E+28  0.000E+00  0.103E+29  0.000E+00  0.237E+29
 0.740E+00  0.121E+01  0.735E+01  0.110E+02  0.670E+01  0.430E+01  0.131E+01  0.804E-07  0.802E-07  0.734E-06  0.213E-06  0.383E+00  0.632E-06  0.131E+01  0.133E+01  0.131E+01  0.322E-06  0.123E+29  0.123E+29  0.342E+28  0.000E+00  0.101E+29  0.000E+00  0.225E+29
 0.750E+00  0.121E+01  0.735E+01  0.110E+02  0.670E+01  0.430E+01  0.128E+01  0.712E-07  0.712E-07  0.720E-06  0.208E-06  0.362E+00  0.620E-06  0.144E+01  0.146E+01  0.145E+01  0.314E-06  0.109E+29  0.109E+29  0.333E+28  0.000E+00  0.992E+28  0.000E+00  0.214E+29
 0.760E+00  0.121E+01  0.735E+01  0.110E+02  0.670E+01  0.430E+01  0.126E+01  0.644E-07  0.644E-07  0.707E-06  0.203E-06  0.344E+00  0.608E-06  0.157E+01  0.158E+01  0.157E+01  0.307E-06  0.989E+28  0.990E+28  0.325E+28  0.000E+00  0.974E+28  0.000E+00  0.206E+29
 0.770E+00  0.121E+01  0.735E+01  0.110E+02  0.670E+01  0.430E+01  0.124E+01  0.581E-07  0.582E-07  0.695E-06  0.199E-06  0.326E+00  0.598E-06  0.170E+01  0.171E+01  0.171E+01  0.302E-06  0.893E+28  0.895E+28  0.318E+28  0.000E+00  0.958E+28  0.000E+00  0.197E+29
 0.780E+00  0.121E+01  0.735E+01  0.110E+02  0.670E+01  0.430E+01  0.122E+01  0.538E-07  0.540E-07  0.684E-06  0.195E-06  0.314E+00  0.589E-06  0.181E+01  0.181E+01  0.182E+01  0.296E-06  0.826E+28  0.830E+28  0.312E+28  0.000E+00  0.943E+28  0.000E+00  0.191E+29
 0.790E+00  0.121E+01  0.735E+01  0.110E+02  0.670E+01  0.430E+01  0.120E+01  0.501E-07  0.504E-07  0.674E-06  0.192E-06  0.303E+00  0.580E-06  0.191E+01  0.190E+01  0.192E+01  0.292E-06  0.769E+28  0.774E+28  0.307E+28  0.000E+00  0.929E+28  0.000E+00  0.186E+29
 0.800E+00  0.121E+01  0.735E+01  0.110E+02  0.670E+01  0.430E+01  0.118E+01  0.487E-07  0.490E-07  0.664E-06  0.189E-06  0.301E+00  0.572E-06  0.193E+01  0.193E+01  0.194E+01  0.288E-06  0.747E+28  0.753E+28  0.302E+28  0.000E+00  0.915E+28  0.000E+00  0.183E+29
 0.810E+00  0.121E+01  0.735E+01  0.110E+02  0.670E+01  0.430E+01  0.116E+01  0.466E-07  0.471E-07  0.656E-06  0.186E-06  0.295E+00  0.564E-06  0.199E+01  0.198E+01  0.200E+01  0.285E-06  0.716E+28  0.723E+28  0.298E+28  0.000E+00  0.903E+28  0.000E+00  0.179E+29
 0.820E+00  0.121E+01  0.735E+01  0.110E+02  0.670E+01  0.430E+01  0.115E+01  0.464E-07  0.469E-07  0.648E-06  0.184E-06  0.296E+00  0.558E-06  0.197E+01  0.197E+01  0.198E+01  0.282E-06  0.712E+28  0.720E+28  0.295E+28  0.000E+00  0.893E+28  0.000E+00  0.178E+29
 0.830E+00  0.121E+01  0.735E+01  0.110E+02  0.670E+01  0.430E+01  0.113E+01  0.488E-07  0.495E-07  0.640E-06  0.183E-06  0.309E+00  0.551E-06  0.185E+01  0.185E+01  0.186E+01  0.280E-06  0.750E+28  0.760E+28  0.293E+28  0.000E+00  0.882E+28  0.000E+00  0.178E+29
 0.840E+00  0.121E+01  0.735E+01  0.110E+02  0.670E+01  0.430E+01  0.111E+01  0.499E-07  0.506E-07  0.633E-06  0.181E-06  0.316E+00  0.545E-06  0.179E+01  0.179E+01  0.179E+01  0.278E-06  0.766E+28  0.778E+28  0.291E+28  0.000E+00  0.872E+28  0.000E+00  0.178E+29
 0.850E+00  0.121E+01  0.735E+01  0.110E+02  0.670E+01  0.430E+01  0.109E+01  0.543E-07  0.551E-07  0.627E-06  0.180E-06  0.336E+00  0.539E-06  0.162E+01  0.164E+01  0.163E+01  0.277E-06  0.834E+28  0.847E+28  0.289E+28  0.000E+00  0.864E+28  0.000E+00  0.181E+29
 0.860E+00  0.121E+01  0.735E+01  0.110E+02  0.670E+01  0.430E+01  0.108E+01  0.587E-07  0.597E-07  0.621E-06  0.180E-06  0.355E+00  0.534E-06  0.149E+01  0.150E+01  0.149E+01  0.276E-06  0.902E+28  0.917E+28  0.288E+28  0.000E+00  0.855E+28  0.000E+00  0.184E+29
 0.870E+00  0.121E+01  0.735E+01  0.110E+02  0.670E+01  0.430E+01  0.106E+01  0.665E-07  0.676E-07  0.615E-06  0.179E-06  0.385E+00  0.529E-06  0.130E+01  0.132E+01  0.130E+01  0.275E-06  0.102E+29  0.104E+29  0.287E+28  0.000E+00  0.847E+28  0.000E+00  0.189E+29
 0.880E+00  0.121E+01  0.735E+01  0.110E+02  0.670E+01  0.430E+01  0.105E+01  0.737E-07  0.750E-07  0.609E-06  0.179E-06  0.410E+00  0.524E-06  0.116E+01  0.119E+01  0.116E+01  0.275E-06  0.113E+29  0.115E+29  0.286E+28  0.000E+00  0.839E+28  0.000E+00  0.195E+29
 0.890E+00  0.121E+01  0.735E+01  0.110E+02  0.670E+01  0.430E+01  0.103E+01  0.832E-07  0.847E-07  0.604E-06  0.178E-06  0.441E+00  0.519E-06  0.102E+01  0.105E+01  0.102E+01  0.274E-06  0.128E+29  0.130E+29  0.285E+28  0.000E+00  0.832E+28  0.000E+00  0.202E+29
 0.900E+00  0.121E+01  0.735E+01  0.110E+02  0.670E+01  0.430E+01  0.101E+01  0.935E-07  0.952E-07  0.598E-06  0.178E-06  0.470E+00  0.515E-06  0.898E+00  0.933E+00  0.901E+00  0.274E-06  0.144E+29  0.146E+29  0.284E+28  0.000E+00  0.824E+28  0.000E+00  0.210E+29
 0.910E+00  0.121E+01  0.735E+01  0.110E+02  0.670E+01  0.430E+01  0.100E+01  0.106E-06  0.108E-06  0.593E-06  0.177E-06  0.503E+00  0.510E-06  0.782E+00  0.818E+00  0.785E+00  0.273E-06  0.163E+29  0.166E+29  0.284E+28  0.000E+00  0.816E+28  0.000E+00  0.219E+29
 0.920E+00  0.121E+01  0.735E+01  0.110E+02  0.670E+01  0.430E+01  0.986E+00  0.120E-06  0.122E-06  0.587E-06  0.177E-06  0.533E+00  0.505E-06  0.688E+00  0.724E+00  0.690E+00  0.272E-06  0.184E+29  0.187E+29  0.283E+28  0.000E+00  0.809E+28  0.000E+00  0.229E+29
 0.930E+00  0.121E+01  0.735E+01  0.110E+02  0.670E+01  0.430E+01  0.971E+00  0.135E-06  0.138E-06  0.581E-06  0.176E-06  0.564E+00  0.500E-06  0.603E+00  0.639E+00  0.605E+00  0.271E-06  0.208E+29  0.211E+29  0.282E+28  0.000E+00  0.800E+28  0.000E+00  0.241E+29
 0.940E+00  0.121E+01  0.735E+01  0.110E+02  0.670E+01  0.430E+01  0.958E+00  0.151E-06  0.154E-06  0.575E-06  0.175E-06  0.593E+00  0.494E-06  0.534E+00  0.569E+00  0.536E+00  0.270E-06  0.233E+29  0.236E+29  0.280E+28  0.000E+00  0.792E+28  0.000E+00  0.252E+29
 0.950E+00  0.121E+01  0.735E+01  0.110E+02  0.670E+01  0.430E+01  0.944E+00  0.167E-06  0.169E-06  0.568E-06  0.174E-06  0.617E+00  0.489E-06  0.479E+00  0.513E+00  0.481E+00  0.268E-06  0.257E+29  0.260E+29  0.278E+28  0.000E+00  0.782E+28  0.000E+00  0.263E+29
 0.960E+00  0.121E+01  0.735E+01  0.110E+02  0.670E+01  0.430E+01  0.931E+00  0.183E-06  0.185E-06  0.561E-06  0.172E-06  0.640E+00  0.483E-06  0.434E+00  0.466E+00  0.435E+00  0.266E-06  0.281E+29  0.284E+29  0.276E+28  0.000E+00  0.773E+28  0.000E+00  0.274E+29
 0.970E+00  0.121E+01  0.735E+01  0.110E+02  0.670E+01  0.430E+01  0.918E+00  0.194E-06  0.196E-06  0.554E-06  0.171E-06  0.655E+00  0.476E-06  0.404E+00  0.436E+00  0.405E+00  0.263E-06  0.298E+29  0.301E+29  0.273E+28  0.000E+00  0.762E+28  0.000E+00  0.281E+29
 0.980E+00  0.121E+01  0.735E+01  0.110E+02  0.670E+01  0.430E+01  0.905E+00  0.204E-06  0.206E-06  0.546E-06  0.168E-06  0.669E+00  0.469E-06  0.379E+00  0.410E+00  0.380E+00  0.260E-06  0.314E+29  0.316E+29  0.270E+28  0.000E+00  0.751E+28  0.000E+00  0.287E+29
 0.990E+00  0.121E+01  0.735E+01  0.110E+02  0.670E+01  0.430E+01  0.893E+00  0.207E-06  0.207E-06  0.537E-06  0.166E-06  0.674E+00  0.462E-06  0.370E+00  0.401E+00  0.371E+00  0.257E-06  0.317E+29  0.318E+29  0.266E+28  0.000E+00  0.739E+28  0.000E+00  0.287E+29
 0.100E+01  0.121E+01  0.735E+01  0.110E+02  0.670E+01  0.430E+01  0.880E+00  0.207E-06  0.207E-06  0.528E-06  0.163E-06  0.677E+00  0.454E-06  0.365E+00  0.395E+00  0.366E+00  0.252E-06  0.318E+29  0.318E+29  0.262E+28  0.000E+00  0.727E+28  0.000E+00  0.284E+29
 0.101E+01  0.121E+01  0.735E+01  0.110E+02  0.670E+01  0.430E+01  0.868E+00  0.201E-06  0.200E-06  0.519E-06  0.160E-06  0.674E+00  0.446E-06  0.370E+00  0.400E+00  0.371E+00  0.248E-06  0.308E+29  0.307E+29  0.257E+28  0.000E+00  0.714E+28  0.000E+00  0.277E+29
 0.102E+01  0.121E+01  0.735E+01  0.110E+02  0.670E+01  0.430E+01  0.857E+00  0.191E-06  0.190E-06  0.508E-06  0.157E-06  0.667E+00  0.437E-06  0.383E+00  0.414E+00  0.384E+00  0.242E-06  0.293E+29  0.291E+29  0.251E+28  0.000E+00  0.700E+28  0.000E+00  0.266E+29
 0.103E+01  0.121E+01  0.735E+01  0.110E+02  0.670E+01  0.430E+01  0.845E+00  0.180E-06  0.179E-06  0.498E-06  0.153E-06  0.659E+00  0.428E-06  0.398E+00  0.428E+00  0.399E+00  0.237E-06  0.277E+29  0.275E+29  0.245E+28  0.000E+00  0.685E+28  0.000E+00  0.255E+29
 0.104E+01  0.121E+01  0.735E+01  0.110E+02  0.670E+01  0.430E+01  0.834E+00  0.164E-06  0.163E-06  0.487E-06  0.149E-06  0.644E+00  0.418E-06  0.427E+00  0.458E+00  0.429E+00  0.230E-06  0.252E+29  0.250E+29  0.239E+28  0.000E+00  0.670E+28  0.000E+00  0.239E+29
 0.105E+01  0.121E+01  0.735E+01  0.110E+02  0.670E+01  0.430E+01  0.823E+00  0.148E-06  0.146E-06  0.475E-06  0.145E-06  0.626E+00  0.409E-06  0.464E+00  0.494E+00  0.465E+00  0.224E-06  0.228E+29  0.225E+29  0.232E+28  0.000E+00  0.654E+28  0.000E+00  0.224E+29
 0.106E+01  0.121E+01  0.735E+01  0.110E+02  0.670E+01  0.430E+01  0.812E+00  0.135E-06  0.133E-06  0.464E-06  0.140E-06  0.611E+00  0.398E-06  0.498E+00  0.527E+00  0.499E+00  0.217E-06  0.207E+29  0.204E+29  0.224E+28  0.000E+00  0.638E+28  0.000E+00  0.210E+29
 0.107E+01  0.121E+01  0.735E+01  0.110E+02  0.670E+01  0.430E+01  0.801E+00  0.119E-06  0.117E-06  0.451E-06  0.135E-06  0.588E+00  0.388E-06  0.552E+00  0.579E+00  0.553E+00  0.210E-06  0.183E+29  0.180E+29  0.217E+28  0.000E+00  0.621E+28  0.000E+00  0.194E+29
 0.108E+01  0.121E+01  0.735E+01  0.110E+02  0.670E+01  0.430E+01  0.791E+00  0.108E-06  0.105E-06  0.439E-06  0.131E-06  0.572E+00  0.377E-06  0.595E+00  0.619E+00  0.596E+00  0.202E-06  0.165E+29  0.162E+29  0.209E+28  0.000E+00  0.604E+28  0.000E+00  0.181E+29
 0.109E+01  0.121E+01  0.735E+01  0.110E+02  0.670E+01  0.430E+01  0.780E+00  0.933E-07  0.912E-07  0.426E-06  0.126E-06  0.546E+00  0.366E-06  0.668E+00  0.689E+00  0.669E+00  0.195E-06  0.143E+29  0.140E+29  0.201E+28  0.000E+00  0.587E+28  0.000E+00  0.167E+29
 0.110E+01  0.121E+01  0.735E+01  0.110E+02  0.670E+01  0.430E+01  0.770E+00  0.842E-07  0.822E-07  0.414E-06  0.121E-06  0.530E+00  0.355E-06  0.719E+00  0.734E+00  0.721E+00  0.187E-06  0.129E+29  0.126E+29  0.193E+28  0.000E+00  0.569E+28  0.000E+00  0.156E+29
 0.111E+01  0.121E+01  0.735E+01  0.110E+02  0.670E+01  0.430E+01  0.760E+00  0.752E-07  0.732E-07  0.401E-06  0.116E-06  0.512E+00  0.344E-06  0.782E+00  0.790E+00  0.784E+00  0.179E-06  0.116E+29  0.112E+29  0.185E+28  0.000E+00  0.551E+28  0.000E+00  0.145E+29
 0.112E+01  0.121E+01  0.735E+01  0.110E+02  0.670E+01  0.430E+01  0.751E+00  0.655E-07  0.637E-07  0.388E-06  0.111E-06  0.488E+00  0.333E-06  0.870E+00  0.869E+00  0.873E+00  0.172E-06  0.101E+29  0.978E+28  0.177E+28  0.000E+00  0.534E+28  0.000E+00  0.134E+29
 0.113E+01  0.121E+01  0.735E+01  0.110E+02  0.670E+01  0.430E+01  0.741E+00  0.587E-07  0.568E-07  0.375E-06  0.106E-06  0.471E+00  0.322E-06  0.942E+00  0.930E+00  0.945E+00  0.164E-06  0.901E+28  0.873E+28  0.169E+28  0.000E+00  0.516E+28  0.000E+00  0.125E+29
 0.114E+01  0.121E+01  0.735E+01  0.110E+02  0.670E+01  0.430E+01  0.732E+00  0.509E-07  0.492E-07  0.362E-06  0.101E-06  0.447E+00  0.311E-06  0.105E+01  0.102E+01  0.105E+01  0.157E-06  0.782E+28  0.756E+28  0.162E+28  0.000E+00  0.498E+28  0.000E+00  0.115E+29
 0.115E+01  0.121E+01  0.735E+01  0.110E+02  0.670E+01  0.430E+01  0.723E+00  0.458E-07  0.442E-07  0.349E-06  0.961E-07  0.432E+00  0.300E-06  0.113E+01  0.109E+01  0.113E+01  0.149E-06  0.704E+28  0.679E+28  0.154E+28  0.000E+00  0.481E+28  0.000E+00  0.108E+29
 0.116E+01  0.121E+01  0.735E+01  0.110E+02  0.670E+01  0.430E+01  0.713E+00  0.420E-07  0.404E-07  0.337E-06  0.915E-07  0.422E+00  0.290E-06  0.119E+01  0.113E+01  0.120E+01  0.142E-06  0.644E+28  0.620E+28  0.147E+28  0.000E+00  0.464E+28  0.000E+00  0.101E+29
 0.117E+01  0.121E+01  0.735E+01  0.110E+02  0.670E+01  0.430E+01  0.705E+00  0.340E-07  0.327E-07  0.325E-06  0.871E-07  0.383E+00  0.279E-06  0.142E+01  0.133E+01  0.142E+01  0.135E-06  0.523E+28  0.502E+28  0.139E+28  0.000E+00  0.447E+28  0.000E+00  0.920E+28
 0.118E+01  0.121E+01  0.735E+01  0.110E+02  0.670E+01  0.430E+01  0.696E+00  0.312E-07  0.298E-07  0.313E-06  0.828E-07  0.374E+00  0.269E-06  0.150E+01  0.139E+01  0.150E+01  0.129E-06  0.479E+28  0.458E+28  0.133E+28  0.000E+00  0.430E+28  0.000E+00  0.865E+28
 0.119E+01  0.121E+01  0.735E+01  0.110E+02  0.670E+01  0.430E+01  0.687E+00  0.283E-07  0.271E-07  0.301E-06  0.787E-07  0.363E+00  0.259E-06  0.159E+01  0.145E+01  0.159E+01  0.122E-06  0.435E+28  0.416E+28  0.126E+28  0.000E+00  0.414E+28  0.000E+00  0.812E+28
 0.120E+01  0.121E+01  0.735E+01  0.110E+02  0.670E+01  0.430E+01  0.679E+00  0.248E-07  0.237E-07  0.290E-06  0.747E-07  0.344E+00  0.249E-06  0.175E+01  0.158E+01  0.175E+01  0.116E-06  0.381E+28  0.363E+28  0.120E+28  0.000E+00  0.399E+28  0.000E+00  0.755E+28
 0.121E+01  0.121E+01  0.735E+01  0.110E+02  0.670E+01  0.430E+01  0.670E+00  0.225E-07  0.214E-07  0.279E-06  0.709E-07  0.333E+00  0.239E-06  0.186E+01  0.166E+01  0.186E+01  0.110E-06  0.346E+28  0.329E+28  0.114E+28  0.000E+00  0.383E+28  0.000E+00  0.709E+28
 0.122E+01  0.121E+01  0.735E+01  0.110E+02  0.670E+01  0.430E+01  0.662E+00  0.209E-07  0.198E-07  0.268E-06  0.673E-07  0.328E+00  0.230E-06  0.193E+01  0.170E+01  0.193E+01  0.105E-06  0.321E+28  0.305E+28  0.108E+28  0.000E+00  0.369E+28  0.000E+00  0.669E+28
 0.123E+01  0.121E+01  0.735E+01  0.110E+02  0.670E+01  0.430E+01  0.654E+00  0.180E-07  0.170E-07  0.257E-06  0.639E-07  0.306E+00  0.221E-06  0.216E+01  0.188E+01  0.216E+01  0.996E-07  0.277E+28  0.262E+28  0.102E+28  0.000E+00  0.354E+28  0.000E+00  0.622E+28
 0.124E+01  0.121E+01  0.735E+01  0.110E+02  0.670E+01  0.430E+01  0.646E+00  0.168E-07  0.159E-07  0.247E-06  0.607E-07  0.302E+00  0.213E-06  0.223E+01  0.191E+01  0.224E+01  0.946E-07  0.258E+28  0.243E+28  0.971E+27  0.000E+00  0.340E+28  0.000E+00  0.588E+28
 0.125E+01  0.121E+01  0.735E+01  0.110E+02  0.670E+01  0.430E+01  0.638E+00  0.152E-07  0.143E-07  0.238E-06  0.576E-07  0.291E+00  0.204E-06  0.237E+01  0.201E+01  0.238E+01  0.898E-07  0.233E+28  0.220E+28  0.922E+27  0.000E+00  0.327E+28  0.000E+00  0.552E+28
 0.126E+01  0.121E+01  0.735E+01  0.110E+02  0.670E+01  0.430E+01  0.631E+00  0.136E-07  0.128E-07  0.228E-06  0.547E-07  0.278E+00  0.196E-06  0.256E+01  0.214E+01  0.256E+01  0.853E-07  0.208E+28  0.196E+28  0.876E+27  0.000E+00  0.314E+28  0.000E+00  0.518E+28
 0.127E+01  0.121E+01  0.735E+01  0.110E+02  0.670E+01  0.430E+01  0.623E+00  0.127E-07  0.119E-07  0.219E-06  0.519E-07  0.274E+00  0.189E-06  0.264E+01  0.219E+01  0.265E+01  0.811E-07  0.194E+28  0.182E+28  0.832E+27  0.000E+00  0.302E+28  0.000E+00  0.490E+28
 0.128E+01  0.121E+01  0.735E+01  0.110E+02  0.670E+01  0.430E+01  0.616E+00  0.120E-07  0.113E-07  0.211E-06  0.493E-07  0.274E+00  0.181E-06  0.268E+01  0.219E+01  0.268E+01  0.770E-07  0.185E+28  0.173E+28  0.790E+27  0.000E+00  0.290E+28  0.000E+00  0.465E+28
 0.129E+01  0.121E+01  0.735E+01  0.110E+02  0.670E+01  0.430E+01  0.608E+00  0.965E-08  0.900E-08  0.203E-06  0.469E-07  0.241E+00  0.174E-06  0.321E+01  0.260E+01  0.322E+01  0.732E-07  0.148E+28  0.138E+28  0.751E+27  0.000E+00  0.279E+28  0.000E+00  0.429E+28
 0.130E+01  0.121E+01  0.735E+01  0.110E+02  0.670E+01  0.430E+01  0.601E+00  0.905E-08  0.842E-08  0.195E-06  0.446E-07  0.238E+00  0.167E-06  0.330E+01  0.265E+01  0.331E+01  0.696E-07  0.139E+28  0.129E+28  0.713E+27  0.000E+00  0.268E+28  0.000E+00  0.407E+28
 0.131E+01  0.121E+01  0.735E+01  0.110E+02  0.670E+01  0.430E+01  0.594E+00  0.850E-08  0.789E-08  0.187E-06  0.424E-07  0.236E+00  0.161E-06  0.339E+01  0.268E+01  0.340E+01  0.662E-07  0.131E+28  0.121E+28  0.679E+27  0.000E+00  0.258E+28  0.000E+00  0.386E+28
 0.132E+01  0.121E+01  0.735E+01  0.110E+02  0.670E+01  0.430E+01  0.587E+00  0.746E-08  0.692E-08  0.180E-06  0.403E-07  0.221E+00  0.155E-06  0.372E+01  0.291E+01  0.373E+01  0.630E-07  0.115E+28  0.106E+28  0.646E+27  0.000E+00  0.248E+28  0.000E+00  0.363E+28
 0.133E+01  0.121E+01  0.735E+01  0.110E+02  0.670E+01  0.430E+01  0.580E+00  0.703E-08  0.650E-08  0.173E-06  0.384E-07  0.219E+00  0.149E-06  0.380E+01  0.295E+01  0.381E+01  0.600E-07  0.108E+28  0.999E+27  0.614E+27  0.000E+00  0.238E+28  0.000E+00  0.345E+28
 0.134E+01  0.121E+01  0.735E+01  0.110E+02  0.670E+01  0.430E+01  0.573E+00  0.660E-08  0.609E-08  0.166E-06  0.365E-07  0.216E+00  0.143E-06  0.390E+01  0.300E+01  0.391E+01  0.571E-07  0.101E+28  0.936E+27  0.585E+27  0.000E+00  0.229E+28  0.000E+00  0.327E+28
 0.135E+01  0.121E+01  0.735E+01  0.110E+02  0.670E+01  0.430E+01  0.567E+00  0.586E-08  0.539E-08  0.160E-06  0.348E-07  0.204E+00  0.138E-06  0.424E+01  0.323E+01  0.425E+01  0.544E-07  0.900E+27  0.828E+27  0.557E+27  0.000E+00  0.220E+28  0.000E+00  0.309E+28
 0.136E+01  0.121E+01  0.735E+01  0.110E+02  0.670E+01  0.430E+01  0.560E+00  0.520E-08  0.478E-08  0.154E-06  0.332E-07  0.192E+00  0.132E-06  0.461E+01  0.347E+01  0.462E+01  0.519E-07  0.799E+27  0.734E+27  0.531E+27  0.000E+00  0.212E+28  0.000E+00  0.291E+28
 0.137E+01  0.121E+01  0.735E+01  0.110E+02  0.670E+01  0.430E+01  0.554E+00  0.491E-08  0.450E-08  0.148E-06  0.316E-07  0.191E+00  0.128E-06  0.471E+01  0.351E+01  0.472E+01  0.494E-07  0.755E+27  0.692E+27  0.507E+27  0.000E+00  0.204E+28  0.000E+00  0.278E+28
 0.138E+01  0.121E+01  0.735E+01  0.110E+02  0.670E+01  0.430E+01  0.547E+00  0.465E-08  0.425E-08  0.143E-06  0.302E-07  0.189E+00  0.123E-06  0.480E+01  0.355E+01  0.482E+01  0.472E-07  0.714E+27  0.653E+27  0.483E+27  0.000E+00  0.197E+28  0.000E+00  0.264E+28
 0.139E+01  0.121E+01  0.735E+01  0.110E+02  0.670E+01  0.430E+01  0.541E+00  0.415E-08  0.378E-08  0.138E-06  0.288E-07  0.178E+00  0.118E-06  0.520E+01  0.381E+01  0.521E+01  0.450E-07  0.637E+27  0.581E+27  0.461E+27  0.000E+00  0.189E+28  0.000E+00  0.250E+28
 0.140E+01  0.121E+01  0.735E+01  0.110E+02  0.670E+01  0.430E+01  0.535E+00  0.394E-08  0.358E-08  0.133E-06  0.275E-07  0.177E+00  0.114E-06  0.529E+01  0.384E+01  0.531E+01  0.430E-07  0.605E+27  0.550E+27  0.441E+27  0.000E+00  0.183E+28  0.000E+00  0.239E+28
 0.141E+01  0.121E+01  0.735E+01  0.110E+02  0.670E+01  0.430E+01  0.529E+00  0.379E-08  0.345E-08  0.128E-06  0.263E-07  0.178E+00  0.110E-06  0.531E+01  0.382E+01  0.532E+01  0.411E-07  0.583E+27  0.529E+27  0.421E+27  0.000E+00  0.176E+28  0.000E+00  0.228E+28
 0.142E+01  0.121E+01  0.735E+01  0.110E+02  0.670E+01  0.430E+01  0.522E+00  0.336E-08  0.304E-08  0.123E-06  0.248E-07  0.169E+00  0.106E-06  0.580E+01  0.407E+01  0.581E+01  0.386E-07  0.515E+27  0.467E+27  0.397E+27  0.000E+00  0.170E+28  0.000E+00  0.214E+28
 0.143E+01  0.121E+01  0.735E+01  0.110E+02  0.670E+01  0.430E+01  0.517E+00  0.319E-08  0.288E-08  0.119E-06  0.237E-07  0.167E+00  0.102E-06  0.590E+01  0.411E+01  0.592E+01  0.369E-07  0.489E+27  0.442E+27  0.380E+27  0.000E+00  0.164E+28  0.000E+00  0.204E+28
 0.144E+01  0.121E+01  0.735E+01  0.110E+02  0.670E+01  0.430E+01  0.511E+00  0.307E-08  0.277E-08  0.115E-06  0.227E-07  0.168E+00  0.988E-07  0.592E+01  0.409E+01  0.594E+01  0.353E-07  0.472E+27  0.426E+27  0.363E+27  0.000E+00  0.158E+28  0.000E+00  0.196E+28
 0.145E+01  0.121E+01  0.735E+01  0.110E+02  0.670E+01  0.430E+01  0.505E+00  0.301E-08  0.271E-08  0.111E-06  0.217E-07  0.171E+00  0.954E-07  0.585E+01  0.401E+01  0.586E+01  0.338E-07  0.463E+27  0.416E+27  0.348E+27  0.000E+00  0.153E+28  0.000E+00  0.188E+28
 0.146E+01  0.121E+01  0.735E+01  0.110E+02  0.670E+01  0.430E+01  0.499E+00  0.249E-08  0.223E-08  0.107E-06  0.208E-07  0.151E+00  0.921E-07  0.686E+01  0.466E+01  0.688E+01  0.324E-07  0.382E+27  0.343E+27  0.333E+27  0.000E+00  0.147E+28  0.000E+00  0.177E+28
 0.147E+01  0.121E+01  0.735E+01  0.110E+02  0.670E+01  0.430E+01  0.493E+00  0.237E-08  0.213E-08  0.104E-06  0.200E-07  0.150E+00  0.890E-07  0.695E+01  0.469E+01  0.697E+01  0.310E-07  0.365E+27  0.327E+27  0.320E+27  0.000E+00  0.143E+28  0.000E+00  0.170E+28
 0.148E+01  0.121E+01  0.735E+01  0.110E+02  0.670E+01  0.430E+01  0.488E+00  0.226E-08  0.202E-08  0.100E-06  0.191E-07  0.149E+00  0.861E-07  0.707E+01  0.473E+01  0.708E+01  0.298E-07  0.348E+27  0.311E+27  0.307E+27  0.000E+00  0.138E+28  0.000E+00  0.163E+28
 0.149E+01  0.121E+01  0.735E+01  0.110E+02  0.670E+01  0.430E+01  0.482E+00  0.219E-08  0.195E-08  0.969E-07  0.184E-07  0.150E+00  0.832E-07  0.708E+01  0.470E+01  0.710E+01  0.286E-07  0.336E+27  0.300E+27  0.294E+27  0.000E+00  0.133E+28  0.000E+00  0.156E+28
 0.150E+01  0.121E+01  0.735E+01  0.110E+02  0.670E+01  0.430E+01  0.477E+00  0.198E-08  0.176E-08  0.937E-07  0.176E-07  0.142E+00  0.805E-07  0.760E+01  0.501E+01  0.762E+01  0.274E-07  0.304E+27  0.271E+27  0.282E+27  0.000E+00  0.129E+28  0.000E+00  0.149E+28
 0.151E+01  0.121E+01  0.735E+01  0.110E+02  0.670E+01  0.430E+01  0.472E+00  0.192E-08  0.170E-08  0.907E-07  0.169E-07  0.143E+00  0.780E-07  0.761E+01  0.497E+01  0.763E+01  0.263E-07  0.295E+27  0.262E+27  0.271E+27  0.000E+00  0.125E+28  0.000E+00  0.143E+28
 0.152E+01  0.121E+01  0.735E+01  0.110E+02  0.670E+01  0.430E+01  0.466E+00  0.188E-08  0.167E-08  0.879E-07  0.163E-07  0.145E+00  0.755E-07  0.751E+01  0.487E+01  0.753E+01  0.253E-07  0.290E+27  0.257E+27  0.261E+27  0.000E+00  0.121E+28  0.000E+00  0.138E+28
 0.153E+01  0.121E+01  0.735E+01  0.110E+02  0.670E+01  0.430E+01  0.461E+00  0.188E-08  0.166E-08  0.851E-07  0.157E-07  0.149E+00  0.731E-07  0.731E+01  0.471E+01  0.733E+01  0.243E-07  0.289E+27  0.255E+27  0.251E+27  0.000E+00  0.117E+28  0.000E+00  0.133E+28
 0.154E+01  0.121E+01  0.735E+01  0.110E+02  0.670E+01  0.430E+01  0.456E+00  0.154E-08  0.136E-08  0.825E-07  0.151E-07  0.130E+00  0.709E-07  0.866E+01  0.554E+01  0.868E+01  0.234E-07  0.237E+27  0.209E+27  0.241E+27  0.000E+00  0.113E+28  0.000E+00  0.126E+28
 0.155E+01  0.121E+01  0.735E+01  0.110E+02  0.670E+01  0.430E+01  0.451E+00  0.150E-08  0.132E-08  0.800E-07  0.145E-07  0.131E+00  0.687E-07  0.865E+01  0.549E+01  0.867E+01  0.225E-07  0.230E+27  0.203E+27  0.232E+27  0.000E+00  0.110E+28  0.000E+00  0.122E+28
 0.156E+01  0.121E+01  0.735E+01  0.110E+02  0.670E+01  0.430E+01  0.446E+00  0.144E-08  0.126E-08  0.776E-07  0.140E-07  0.130E+00  0.666E-07  0.877E+01  0.552E+01  0.879E+01  0.216E-07  0.221E+27  0.194E+27  0.224E+27  0.000E+00  0.107E+28  0.000E+00  0.117E+28
 0.157E+01  0.121E+01  0.735E+01  0.110E+02  0.670E+01  0.430E+01  0.441E+00  0.144E-08  0.126E-08  0.753E-07  0.135E-07  0.134E+00  0.647E-07  0.855E+01  0.535E+01  0.856E+01  0.208E-07  0.220E+27  0.193E+27  0.215E+27  0.000E+00  0.104E+28  0.000E+00  0.113E+28
 0.158E+01  0.121E+01  0.735E+01  0.110E+02  0.670E+01  0.430E+01  0.436E+00  0.143E-08  0.125E-08  0.731E-07  0.130E-07  0.138E+00  0.628E-07  0.833E+01  0.518E+01  0.835E+01  0.201E-07  0.220E+27  0.192E+27  0.208E+27  0.000E+00  0.101E+28  0.000E+00  0.109E+28
 0.159E+01  0.121E+01  0.735E+01  0.110E+02  0.670E+01  0.430E+01  0.431E+00  0.120E-08  0.105E-08  0.710E-07  0.125E-07  0.122E+00  0.610E-07  0.969E+01  0.598E+01  0.971E+01  0.193E-07  0.184E+27  0.161E+27  0.200E+27  0.000E+00  0.976E+27  0.000E+00  0.104E+28
 0.160E+01  0.121E+01  0.735E+01  0.110E+02  0.670E+01  0.430E+01  0.427E+00  0.116E-08  0.101E-08  0.690E-07  0.121E-07  0.121E+00  0.592E-07  0.978E+01  0.599E+01  0.980E+01  0.186E-07  0.178E+27  0.155E+27  0.193E+27  0.000E+00  0.948E+27  0.000E+00  0.100E+28
 0.161E+01  0.121E+01  0.735E+01  0.110E+02  0.670E+01  0.430E+01  0.422E+00  0.113E-08  0.979E-09  0.670E-07  0.116E-07  0.121E+00  0.576E-07  0.978E+01  0.595E+01  0.979E+01  0.180E-07  0.173E+27  0.150E+27  0.187E+27  0.000E+00  0.922E+27  0.000E+00  0.970E+27
 0.162E+01  0.121E+01  0.735E+01  0.110E+02  0.670E+01  0.430E+01  0.417E+00  0.112E-08  0.975E-09  0.652E-07  0.113E-07  0.121E+00  0.560E-07  0.955E+01  0.577E+01  0.956E+01  0.174E-07  0.172E+27  0.150E+27  0.180E+27  0.000E+00  0.896E+27  0.000E+00  0.939E+27
 0.163E+01  0.121E+01  0.735E+01  0.110E+02  0.670E+01  0.430E+01  0.413E+00  0.101E-08  0.882E-09  0.634E-07  0.109E-07  0.121E+00  0.544E-07  0.103E+02  0.616E+01  0.103E+02  0.168E-07  0.156E+27  0.135E+27  0.174E+27  0.000E+00  0.872E+27  0.000E+00  0.903E+27
 0.164E+01  0.121E+01  0.735E+01  0.110E+02  0.670E+01  0.430E+01  0.408E+00  0.999E-09  0.869E-09  0.617E-07  0.105E-07  0.121E+00  0.530E-07  0.101E+02  0.605E+01  0.102E+02  0.162E-07  0.153E+27  0.133E+27  0.168E+27  0.000E+00  0.848E+27  0.000E+00  0.874E+27
 0.165E+01  0.121E+01  0.735E+01  0.110E+02  0.670E+01  0.430E+01  0.404E+00  0.994E-09  0.865E-09  0.596E-07  0.102E-07  0.121E+00  0.512E-07  0.985E+01  0.587E+01  0.987E+01  0.157E-07  0.153E+27  0.133E+27  0.163E+27  0.000E+00  0.820E+27  0.000E+00  0.847E+27
 0.166E+01  0.121E+01  0.735E+01  0.110E+02  0.670E+01  0.430E+01  0.399E+00  0.990E-09  0.861E-09  0.581E-07  0.983E-08  0.121E+00  0.498E-07  0.964E+01  0.571E+01  0.965E+01  0.151E-07  0.152E+27  0.132E+27  0.157E+27  0.000E+00  0.798E+27  0.000E+00  0.821E+27
 0.167E+01  0.121E+01  0.735E+01  0.110E+02  0.670E+01  0.430E+01  0.395E+00  0.986E-09  0.857E-09  0.566E-07  0.951E-08  0.121E+00  0.486E-07  0.943E+01  0.555E+01  0.944E+01  0.146E-07  0.151E+27  0.132E+27  0.152E+27  0.000E+00  0.778E+27  0.000E+00  0.796E+27
 0.168E+01  0.121E+01  0.735E+01  0.110E+02  0.670E+01  0.430E+01  0.391E+00  0.823E-09  0.715E-09  0.551E-07  0.921E-08  0.121E+00  0.473E-07  0.110E+02  0.644E+01  0.110E+02  0.142E-07  0.126E+27  0.110E+27  0.147E+27  0.000E+00  0.758E+27  0.000E+00  0.762E+27
 0.169E+01  0.121E+01  0.735E+01  0.110E+02  0.670E+01  0.430E+01  0.386E+00  0.803E-09  0.698E-09  0.538E-07  0.892E-08  0.121E+00  0.462E-07  0.110E+02  0.639E+01  0.110E+02  0.137E-07  0.123E+27  0.107E+27  0.143E+27  0.000E+00  0.739E+27  0.000E+00  0.739E+27
 0.170E+01  0.121E+01  0.735E+01  0.110E+02  0.670E+01  0.430E+01  0.382E+00  0.799E-09  0.695E-09  0.524E-07  0.864E-08  0.121E+00  0.450E-07  0.108E+02  0.622E+01  0.108E+02  0.133E-07  0.123E+27  0.107E+27  0.138E+27  0.000E+00  0.721E+27  0.000E+00  0.717E+27
 0.171E+01  0.121E+01  0.735E+01  0.110E+02  0.670E+01  0.430E+01  0.378E+00  0.796E-09  0.692E-09  0.512E-07  0.838E-08  0.121E+00  0.439E-07  0.106E+02  0.605E+01  0.106E+02  0.129E-07  0.122E+27  0.106E+27  0.134E+27  0.000E+00  0.703E+27  0.000E+00  0.697E+27
 0.172E+01  0.121E+01  0.735E+01  0.110E+02  0.670E+01  0.430E+01  0.374E+00  0.792E-09  0.689E-09  0.499E-07  0.813E-08  0.121E+00  0.429E-07  0.104E+02  0.590E+01  0.104E+02  0.125E-07  0.122E+27  0.106E+27  0.130E+27  0.000E+00  0.686E+27  0.000E+00  0.677E+27
 0.173E+01  0.121E+01  0.735E+01  0.110E+02  0.670E+01  0.430E+01  0.370E+00  0.789E-09  0.686E-09  0.487E-07  0.788E-08  0.121E+00  0.418E-07  0.102E+02  0.575E+01  0.102E+02  0.121E-07  0.121E+27  0.105E+27  0.126E+27  0.000E+00  0.670E+27  0.000E+00  0.658E+27
 0.174E+01  0.121E+01  0.735E+01  0.110E+02  0.670E+01  0.430E+01  0.366E+00  0.664E-09  0.578E-09  0.476E-07  0.765E-08  0.121E+00  0.409E-07  0.118E+02  0.663E+01  0.118E+02  0.117E-07  0.102E+27  0.887E+26  0.123E+27  0.000E+00  0.654E+27  0.000E+00  0.632E+27
 0.175E+01  0.121E+01  0.735E+01  0.110E+02  0.670E+01  0.430E+01  0.362E+00  0.655E-09  0.570E-09  0.465E-07  0.743E-08  0.121E+00  0.399E-07  0.117E+02  0.652E+01  0.117E+02  0.114E-07  0.101E+27  0.875E+26  0.119E+27  0.000E+00  0.639E+27  0.000E+00  0.614E+27
 0.176E+01  0.121E+01  0.735E+01  0.110E+02  0.670E+01  0.430E+01  0.358E+00  0.653E-09  0.567E-09  0.455E-07  0.722E-08  0.121E+00  0.390E-07  0.114E+02  0.636E+01  0.115E+02  0.110E-07  0.100E+27  0.872E+26  0.116E+27  0.000E+00  0.625E+27  0.000E+00  0.598E+27
 0.177E+01  0.121E+01  0.735E+01  0.110E+02  0.670E+01  0.430E+01  0.354E+00  0.650E-09  0.565E-09  0.444E-07  0.701E-08  0.121E+00  0.381E-07  0.112E+02  0.621E+01  0.112E+02  0.107E-07  0.998E+26  0.868E+26  0.112E+27  0.000E+00  0.611E+27  0.000E+00  0.582E+27
 0.178E+01  0.121E+01  0.735E+01  0.110E+02  0.670E+01  0.430E+01  0.350E+00  0.647E-09  0.563E-09  0.434E-07  0.682E-08  0.121E+00  0.373E-07  0.110E+02  0.606E+01  0.110E+02  0.104E-07  0.994E+26  0.864E+26  0.109E+27  0.000E+00  0.597E+27  0.000E+00  0.567E+27
 0.179E+01  0.121E+01  0.735E+01  0.110E+02  0.670E+01  0.430E+01  0.346E+00  0.593E-09  0.516E-09  0.425E-07  0.663E-08  0.121E+00  0.365E-07  0.118E+02  0.643E+01  0.118E+02  0.101E-07  0.911E+26  0.792E+26  0.106E+27  0.000E+00  0.584E+27  0.000E+00  0.549E+27
 0.180E+01  0.121E+01  0.735E+01  0.110E+02  0.670E+01  0.430E+01  0.343E+00  0.590E-09  0.513E-09  0.416E-07  0.645E-08  0.121E+00  0.357E-07  0.116E+02  0.628E+01  0.116E+02  0.985E-08  0.907E+26  0.788E+26  0.103E+27  0.000E+00  0.571E+27  0.000E+00  0.535E+27
 0.181E+01  0.121E+01  0.735E+01  0.110E+02  0.670E+01  0.430E+01  0.339E+00  0.588E-09  0.511E-09  0.407E-07  0.627E-08  0.121E+00  0.349E-07  0.114E+02  0.614E+01  0.114E+02  0.958E-08  0.903E+26  0.785E+26  0.100E+27  0.000E+00  0.559E+27  0.000E+00  0.521E+27
 0.182E+01  0.121E+01  0.735E+01  0.110E+02  0.670E+01  0.430E+01  0.335E+00  0.585E-09  0.509E-09  0.398E-07  0.611E-08  0.121E+00  0.342E-07  0.112E+02  0.600E+01  0.112E+02  0.932E-08  0.899E+26  0.782E+26  0.978E+26  0.000E+00  0.547E+27  0.000E+00  0.508E+27
 0.183E+01  0.121E+01  0.735E+01  0.110E+02  0.670E+01  0.430E+01  0.332E+00  0.583E-09  0.507E-09  0.390E-07  0.595E-08  0.121E+00  0.335E-07  0.110E+02  0.587E+01  0.110E+02  0.907E-08  0.895E+26  0.778E+26  0.952E+26  0.000E+00  0.536E+27  0.000E+00  0.496E+27
 0.184E+01  0.121E+01  0.735E+01  0.110E+02  0.670E+01  0.430E+01  0.328E+00  0.580E-09  0.505E-09  0.382E-07  0.579E-08  0.121E+00  0.328E-07  0.108E+02  0.574E+01  0.108E+02  0.883E-08  0.891E+26  0.775E+26  0.928E+26  0.000E+00  0.525E+27  0.000E+00  0.484E+27
 0.185E+01  0.121E+01  0.735E+01  0.110E+02  0.670E+01  0.430E+01  0.324E+00  0.495E-09  0.430E-09  0.374E-07  0.565E-08  0.121E+00  0.321E-07  0.124E+02  0.656E+01  0.124E+02  0.860E-08  0.760E+26  0.661E+26  0.904E+26  0.000E+00  0.514E+27  0.000E+00  0.467E+27
 0.186E+01  0.121E+01  0.735E+01  0.110E+02  0.670E+01  0.430E+01  0.321E+00  0.492E-09  0.428E-09  0.367E-07  0.550E-08  0.121E+00  0.315E-07  0.122E+02  0.643E+01  0.122E+02  0.838E-08  0.757E+26  0.658E+26  0.881E+26  0.000E+00  0.504E+27  0.000E+00  0.456E+27
 0.187E+01  0.121E+01  0.735E+01  0.110E+02  0.670E+01  0.430E+01  0.317E+00  0.490E-09  0.426E-09  0.359E-07  0.537E-08  0.121E+00  0.308E-07  0.120E+02  0.629E+01  0.121E+02  0.816E-08  0.753E+26  0.655E+26  0.859E+26  0.000E+00  0.494E+27  0.000E+00  0.445E+27
 0.188E+01  0.121E+01  0.735E+01  0.110E+02  0.670E+01  0.430E+01  0.314E+00  0.488E-09  0.425E-09  0.352E-07  0.523E-08  0.121E+00  0.302E-07  0.119E+02  0.616E+01  0.119E+02  0.796E-08  0.750E+26  0.652E+26  0.838E+26  0.000E+00  0.484E+27  0.000E+00  0.435E+27
 0.189E+01  0.121E+01  0.735E+01  0.110E+02  0.670E+01  0.430E+01  0.311E+00  0.486E-09  0.423E-09  0.346E-07  0.511E-08  0.121E+00  0.297E-07  0.117E+02  0.604E+01  0.117E+02  0.776E-08  0.747E+26  0.650E+26  0.818E+26  0.000E+00  0.475E+27  0.000E+00  0.425E+27
 0.190E+01  0.121E+01  0.735E+01  0.110E+02  0.670E+01  0.430E+01  0.307E+00  0.484E-09  0.421E-09  0.339E-07  0.498E-08  0.121E+00  0.291E-07  0.115E+02  0.592E+01  0.115E+02  0.757E-08  0.744E+26  0.647E+26  0.798E+26  0.000E+00  0.466E+27  0.000E+00  0.415E+27
 0.191E+01  0.121E+01  0.735E+01  0.110E+02  0.670E+01  0.430E+01  0.304E+00  0.417E-09  0.363E-09  0.333E-07  0.487E-08  0.121E+00  0.285E-07  0.131E+02  0.671E+01  0.131E+02  0.739E-08  0.640E+26  0.557E+26  0.779E+26  0.000E+00  0.457E+27  0.000E+00  0.402E+27
 0.192E+01  0.121E+01  0.735E+01  0.110E+02  0.670E+01  0.430E+01  0.301E+00  0.415E-09  0.361E-09  0.326E-07  0.475E-08  0.121E+00  0.280E-07  0.129E+02  0.658E+01  0.129E+02  0.721E-08  0.638E+26  0.555E+26  0.761E+26  0.000E+00  0.448E+27  0.000E+00  0.393E+27
 0.193E+01  0.121E+01  0.735E+01  0.110E+02  0.670E+01  0.430E+01  0.297E+00  0.413E-09  0.360E-09  0.320E-07  0.464E-08  0.121E+00  0.275E-07  0.127E+02  0.646E+01  0.127E+02  0.704E-08  0.635E+26  0.552E+26  0.743E+26  0.000E+00  0.440E+27  0.000E+00  0.384E+27
 0.194E+01  0.121E+01  0.735E+01  0.110E+02  0.670E+01  0.430E+01  0.294E+00  0.412E-09  0.358E-09  0.315E-07  0.454E-08  0.121E+00  0.270E-07  0.126E+02  0.633E+01  0.126E+02  0.688E-08  0.632E+26  0.550E+26  0.726E+26  0.000E+00  0.432E+27  0.000E+00  0.376E+27
 0.195E+01  0.121E+01  0.735E+01  0.110E+02  0.670E+01  0.430E+01  0.291E+00  0.410E-09  0.357E-09  0.309E-07  0.443E-08  0.121E+00  0.265E-07  0.124E+02  0.622E+01  0.124E+02  0.672E-08  0.630E+26  0.548E+26  0.710E+26  0.000E+00  0.424E+27  0.000E+00  0.368E+27
 0.196E+01  0.121E+01  0.735E+01  0.110E+02  0.670E+01  0.430E+01  0.288E+00  0.408E-09  0.355E-09  0.303E-07  0.433E-08  0.121E+00  0.260E-07  0.122E+02  0.610E+01  0.122E+02  0.657E-08  0.627E+26  0.545E+26  0.694E+26  0.000E+00  0.417E+27  0.000E+00  0.360E+27
 0.197E+01  0.121E+01  0.735E+01  0.110E+02  0.670E+01  0.430E+01  0.285E+00  0.407E-09  0.354E-09  0.298E-07  0.424E-08  0.121E+00  0.256E-07  0.120E+02  0.599E+01  0.121E+02  0.642E-08  0.625E+26  0.543E+26  0.679E+26  0.000E+00  0.409E+27  0.000E+00  0.353E+27
 0.198E+01  0.121E+01  0.735E+01  0.110E+02  0.670E+01  0.430E+01  0.281E+00  0.377E-09  0.328E-09  0.293E-07  0.415E-08  0.121E+00  0.251E-07  0.128E+02  0.632E+01  0.128E+02  0.628E-08  0.580E+26  0.504E+26  0.664E+26  0.000E+00  0.402E+27  0.000E+00  0.344E+27
 0.199E+01  0.121E+01  0.735E+01  0.110E+02  0.670E+01  0.430E+01  0.278E+00  0.376E-09  0.327E-09  0.288E-07  0.406E-08  0.121E+00  0.247E-07  0.126E+02  0.621E+01  0.126E+02  0.614E-08  0.577E+26  0.502E+26  0.650E+26  0.000E+00  0.395E+27  0.000E+00  0.337E+27
 0.200E+01  0.121E+01  0.735E+01  0.110E+02  0.670E+01  0.430E+01  0.275E+00  0.374E-09  0.326E-09  0.283E-07  0.397E-08  0.121E+00  0.243E-07  0.124E+02  0.610E+01  0.124E+02  0.601E-08  0.575E+26  0.500E+26  0.636E+26  0.000E+00  0.389E+27  0.000E+00  0.330E+27
