 # th     pit     q2      x      sig_u     rate_u
 #                           0.6/GeV.sr)    (Hz)
1 12.279  5.484    1.7   0.791  0.130E-06  0.558E+00  0.326E-05  0.629E-05  0.210E-04  0.000E+00
1 12.279  5.490    1.7   0.796  0.130E-06  0.112E+01  0.325E-05  0.625E-05  0.209E-04  0.000E+00
1 12.279  5.496    1.7   0.801  0.130E-06  0.167E+01  0.325E-05  0.620E-05  0.207E-04  0.000E+00
1 12.279  5.502    1.7   0.806  0.130E-06  0.223E+01  0.325E-05  0.615E-05  0.206E-04  0.000E+00
1 12.279  5.508    1.7   0.811  0.129E-06  0.278E+01  0.323E-05  0.610E-05  0.204E-04  0.000E+00
1 12.279  5.513    1.7   0.817  0.129E-06  0.334E+01  0.323E-05  0.605E-05  0.202E-04  0.000E+00
1 12.279  5.519    1.7   0.822  0.129E-06  0.389E+01  0.322E-05  0.600E-05  0.201E-04  0.000E+00
1 12.279  5.525    1.7   0.827  0.128E-06  0.444E+01  0.320E-05  0.595E-05  0.199E-04  0.000E+00
1 12.279  5.531    1.7   0.833  0.127E-06  0.498E+01  0.318E-05  0.590E-05  0.198E-04  0.000E+00
1 12.279  5.537    1.7   0.839  0.126E-06  0.553E+01  0.316E-05  0.585E-05  0.196E-04  0.000E+00
1 12.279  5.543    1.7   0.844  0.125E-06  0.606E+01  0.313E-05  0.580E-05  0.195E-04  0.000E+00
1 12.279  5.549    1.7   0.850  0.124E-06  0.659E+01  0.310E-05  0.575E-05  0.193E-04  0.000E+00
1 12.279  5.555    1.7   0.856  0.123E-06  0.712E+01  0.307E-05  0.570E-05  0.192E-04  0.000E+00
1 12.279  5.561    1.7   0.861  0.121E-06  0.764E+01  0.303E-05  0.565E-05  0.190E-04  0.000E+00
1 12.279  5.567    1.7   0.867  0.120E-06  0.816E+01  0.300E-05  0.559E-05  0.188E-04  0.000E+00
1 12.279  5.573    1.7   0.873  0.118E-06  0.866E+01  0.296E-05  0.554E-05  0.187E-04  0.000E+00
1 12.279  5.579    1.7   0.879  0.116E-06  0.916E+01  0.291E-05  0.549E-05  0.185E-04  0.000E+00
1 12.279  5.585    1.7   0.886  0.115E-06  0.966E+01  0.287E-05  0.544E-05  0.184E-04  0.000E+00
1 12.279  5.591    1.7   0.892  0.113E-06  0.101E+02  0.283E-05  0.538E-05  0.182E-04  0.000E+00
1 12.279  5.597    1.7   0.898  0.111E-06  0.106E+02  0.277E-05  0.533E-05  0.181E-04  0.000E+00
1 12.279  5.603    1.7   0.904  0.109E-06  0.111E+02  0.273E-05  0.528E-05  0.179E-04  0.000E+00
1 12.279  5.609    1.7   0.911  0.107E-06  0.115E+02  0.268E-05  0.523E-05  0.178E-04  0.000E+00
1 12.279  5.615    1.7   0.917  0.105E-06  0.120E+02  0.263E-05  0.517E-05  0.176E-04  0.000E+00
1 12.279  5.621    1.7   0.924  0.104E-06  0.124E+02  0.259E-05  0.512E-05  0.175E-04  0.000E+00
1 12.279  5.627    1.7   0.930  0.102E-06  0.129E+02  0.254E-05  0.507E-05  0.173E-04  0.000E+00
1 12.279  5.633    1.7   0.937  0.100E-06  0.133E+02  0.250E-05  0.502E-05  0.172E-04  0.000E+00
1 12.279  5.639    1.7   0.944  0.989E-07  0.137E+02  0.247E-05  0.497E-05  0.170E-04  0.000E+00
1 12.279  5.645    1.7   0.951  0.972E-07  0.141E+02  0.243E-05  0.491E-05  0.169E-04  0.000E+00
1 12.279  5.651    1.7   0.958  0.962E-07  0.146E+02  0.241E-05  0.486E-05  0.167E-04  0.000E+00
1 12.279  5.657    1.7   0.965  0.952E-07  0.150E+02  0.238E-05  0.481E-05  0.166E-04  0.000E+00
1 12.279  5.663    1.7   0.972  0.937E-07  0.154E+02  0.234E-05  0.477E-05  0.164E-04  0.000E+00
1 12.279  5.668    1.7   0.979  0.938E-07  0.158E+02  0.234E-05  0.472E-05  0.163E-04  0.000E+00
1 12.279  5.674    1.7   0.987  0.932E-07  0.162E+02  0.233E-05  0.467E-05  0.161E-04  0.000E+00
1 12.279  5.680    1.7   0.994  0.925E-07  0.166E+02  0.231E-05  0.462E-05  0.159E-04  0.000E+00
1 12.279  5.686    1.7   1.002  0.933E-07  0.170E+02  0.233E-05  0.457E-05  0.158E-04  0.000E+00
1 12.279  5.692    1.7   1.009  0.928E-07  0.174E+02  0.232E-05  0.452E-05  0.156E-04  0.000E+00
1 12.279  5.698    1.7   1.017  0.927E-07  0.178E+02  0.232E-05  0.448E-05  0.155E-04  0.000E+00
1 12.279  5.704    1.7   1.025  0.942E-07  0.182E+02  0.235E-05  0.443E-05  0.153E-04  0.000E+00
1 12.279  5.710    1.7   1.033  0.940E-07  0.186E+02  0.235E-05  0.438E-05  0.152E-04  0.000E+00
1 12.279  5.716    1.7   1.041  0.950E-07  0.190E+02  0.237E-05  0.434E-05  0.150E-04  0.000E+00
1 12.279  5.722    1.7   1.049  0.964E-07  0.194E+02  0.241E-05  0.429E-05  0.149E-04  0.000E+00
1 12.279  5.728    1.7   1.057  0.965E-07  0.198E+02  0.241E-05  0.425E-05  0.147E-04  0.000E+00
1 12.279  5.734    1.7   1.066  0.987E-07  0.202E+02  0.247E-05  0.420E-05  0.145E-04  0.000E+00
1 12.279  5.740    1.7   1.074  0.100E-06  0.207E+02  0.250E-05  0.416E-05  0.144E-04  0.000E+00
1 12.279  5.746    1.7   1.083  0.101E-06  0.211E+02  0.251E-05  0.411E-05  0.142E-04  0.000E+00
1 12.279  5.752    1.7   1.091  0.103E-06  0.215E+02  0.257E-05  0.406E-05  0.141E-04  0.000E+00
1 12.279  5.758    1.7   1.100  0.104E-06  0.220E+02  0.260E-05  0.401E-05  0.139E-04  0.000E+00
1 12.279  5.764    1.7   1.109  0.105E-06  0.224E+02  0.263E-05  0.396E-05  0.137E-04  0.000E+00
1 12.279  5.770    1.7   1.118  0.108E-06  0.229E+02  0.269E-05  0.391E-05  0.135E-04  0.000E+00
1 12.279  5.776    1.7   1.128  0.109E-06  0.234E+02  0.272E-05  0.386E-05  0.133E-04  0.000E+00
1 12.279  5.782    1.7   1.137  0.110E-06  0.238E+02  0.274E-05  0.381E-05  0.132E-04  0.000E+00
1 12.279  5.788    1.7   1.147  0.112E-06  0.243E+02  0.280E-05  0.375E-05  0.130E-04  0.000E+00
1 12.279  5.794    1.7   1.156  0.113E-06  0.248E+02  0.281E-05  0.370E-05  0.128E-04  0.000E+00
1 12.279  5.800    1.8   1.166  0.114E-06  0.253E+02  0.286E-05  0.364E-05  0.126E-04  0.000E+00
1 12.279  5.806    1.8   1.176  0.115E-06  0.258E+02  0.289E-05  0.358E-05  0.124E-04  0.000E+00
1 12.279  5.812    1.8   1.186  0.115E-06  0.263E+02  0.288E-05  0.352E-05  0.122E-04  0.000E+00
1 12.279  5.817    1.8   1.196  0.117E-06  0.268E+02  0.293E-05  0.345E-05  0.120E-04  0.000E+00
1 12.279  5.823    1.8   1.207  0.116E-06  0.273E+02  0.290E-05  0.338E-05  0.117E-04  0.000E+00
1 12.279  5.829    1.8   1.217  0.116E-06  0.278E+02  0.290E-05  0.331E-05  0.115E-04  0.000E+00
1 12.279  5.835    1.8   1.228  0.115E-06  0.283E+02  0.287E-05  0.324E-05  0.113E-04  0.000E+00
1 12.279  5.841    1.8   1.239  0.112E-06  0.287E+02  0.281E-05  0.316E-05  0.110E-04  0.000E+00
1 12.279  5.847    1.8   1.250  0.111E-06  0.292E+02  0.277E-05  0.308E-05  0.108E-04  0.000E+00
1 12.279  5.853    1.8   1.261  0.107E-06  0.297E+02  0.267E-05  0.299E-05  0.106E-04  0.000E+00
1 12.279  5.859    1.8   1.273  0.103E-06  0.301E+02  0.257E-05  0.291E-05  0.103E-04  0.000E+00
1 12.279  5.865    1.8   1.284  0.989E-07  0.305E+02  0.247E-05  0.282E-05  0.100E-04  0.000E+00
1 12.279  5.871    1.8   1.296  0.923E-07  0.309E+02  0.231E-05  0.273E-05  0.977E-05  0.000E+00
1 12.279  5.877    1.8   1.308  0.863E-07  0.313E+02  0.216E-05  0.263E-05  0.949E-05  0.000E+00
1 12.279  5.883    1.8   1.320  0.798E-07  0.316E+02  0.199E-05  0.254E-05  0.921E-05  0.000E+00
1 12.279  5.889    1.8   1.333  0.732E-07  0.320E+02  0.183E-05  0.244E-05  0.894E-05  0.000E+00
1 12.279  5.895    1.8   1.346  0.659E-07  0.322E+02  0.165E-05  0.234E-05  0.864E-05  0.000E+00
1 12.279  5.901    1.8   1.358  0.593E-07  0.325E+02  0.148E-05  0.224E-05  0.836E-05  0.000E+00
1 12.279  5.907    1.8   1.371  0.525E-07  0.327E+02  0.131E-05  0.214E-05  0.807E-05  0.000E+00
1 12.279  5.913    1.8   1.385  0.465E-07  0.329E+02  0.116E-05  0.204E-05  0.777E-05  0.000E+00
1 12.279  5.919    1.8   1.398  0.417E-07  0.331E+02  0.104E-05  0.194E-05  0.748E-05  0.000E+00
1 12.279  5.925    1.8   1.412  0.362E-07  0.332E+02  0.906E-06  0.184E-05  0.720E-05  0.000E+00
1 12.279  5.931    1.8   1.426  0.315E-07  0.334E+02  0.786E-06  0.174E-05  0.690E-05  0.000E+00
1 12.279  5.937    1.8   1.440  0.280E-07  0.335E+02  0.700E-06  0.164E-05  0.662E-05  0.000E+00
1 12.279  5.943    1.8   1.455  0.241E-07  0.336E+02  0.602E-06  0.155E-05  0.634E-05  0.000E+00
1 12.279  5.949    1.8   1.470  0.214E-07  0.337E+02  0.535E-06  0.146E-05  0.605E-05  0.000E+00
1 12.279  5.955    1.8   1.485  0.184E-07  0.338E+02  0.460E-06  0.137E-05  0.578E-05  0.000E+00
1 12.279  5.961    1.8   1.500  0.162E-07  0.338E+02  0.404E-06  0.129E-05  0.551E-05  0.000E+00
1 12.279  5.966    1.8   1.516  0.140E-07  0.339E+02  0.351E-06  0.120E-05  0.524E-05  0.000E+00
1 12.279  5.972    1.8   1.532  0.124E-07  0.340E+02  0.310E-06  0.113E-05  0.499E-05  0.000E+00
1 12.279  5.978    1.8   1.548  0.109E-07  0.340E+02  0.273E-06  0.105E-05  0.475E-05  0.000E+00
1 12.279  5.984    1.8   1.564  0.967E-08  0.340E+02  0.242E-06  0.983E-06  0.450E-05  0.000E+00
1 12.279  5.990    1.8   1.581  0.837E-08  0.341E+02  0.209E-06  0.918E-06  0.428E-05  0.000E+00
1 12.279  5.996    1.8   1.598  0.750E-08  0.341E+02  0.187E-06  0.857E-06  0.406E-05  0.000E+00
1 12.279  6.002    1.8   1.616  0.652E-08  0.341E+02  0.163E-06  0.796E-06  0.384E-05  0.000E+00
1 12.279  6.008    1.8   1.634  0.592E-08  0.342E+02  0.148E-06  0.743E-06  0.364E-05  0.000E+00
1 12.279  6.014    1.8   1.652  0.511E-08  0.342E+02  0.128E-06  0.692E-06  0.346E-05  0.000E+00
1 12.279  6.020    1.8   1.671  0.457E-08  0.342E+02  0.114E-06  0.642E-06  0.326E-05  0.000E+00
1 12.279  6.026    1.8   1.690  0.404E-08  0.342E+02  0.101E-06  0.598E-06  0.309E-05  0.000E+00
1 12.279  6.032    1.8   1.709  0.383E-08  0.342E+02  0.918E-07  0.558E-06  0.293E-05  0.000E+00
1 12.279  6.038    1.8   1.729  0.335E-08  0.343E+02  0.803E-07  0.517E-06  0.276E-05  0.000E+00
1 12.279  6.044    1.8   1.749  0.321E-08  0.343E+02  0.739E-07  0.482E-06  0.262E-05  0.000E+00
1 12.279  6.050    1.8   1.770  0.298E-08  0.343E+02  0.655E-07  0.448E-06  0.248E-05  0.000E+00
1 12.279  6.056    1.8   1.791  0.269E-08  0.343E+02  0.592E-07  0.416E-06  0.234E-05  0.000E+00
1 12.279  6.062    1.8   1.813  0.251E-08  0.343E+02  0.526E-07  0.387E-06  0.222E-05  0.000E+00
1 12.279  6.068    1.8   1.835  0.245E-08  0.343E+02  0.490E-07  0.362E-06  0.210E-05  0.000E+00
1 12.279  6.074    1.8   1.857  0.214E-08  0.343E+02  0.428E-07  0.334E-06  0.198E-05  0.000E+00
1 12.279  6.080    1.8   1.881  0.210E-08  0.343E+02  0.399E-07  0.312E-06  0.188E-05  0.000E+00
1 12.279  6.086    1.8   1.904  0.189E-08  0.343E+02  0.360E-07  0.292E-06  0.178E-05  0.000E+00
1 12.279  6.092    1.8   1.928  0.186E-08  0.343E+02  0.335E-07  0.270E-06  0.167E-05  0.000E+00
1 12.279  6.098    1.8   1.953  0.174E-08  0.343E+02  0.296E-07  0.253E-06  0.159E-05  0.000E+00
1 12.279  6.104    1.8   1.979  0.163E-08  0.343E+02  0.276E-07  0.237E-06  0.151E-05  0.000E+00
1 12.279  6.110    1.8   2.005  0.157E-08  0.343E+02  0.251E-07  0.219E-06  0.141E-05  0.000E+00
1 12.279  6.116    1.8   2.031  0.158E-08  0.344E+02  0.236E-07  0.205E-06  0.135E-05  0.000E+00
1 12.279  6.121    1.8   2.059  0.142E-08  0.344E+02  0.213E-07  0.193E-06  0.128E-05  0.000E+00
1 12.279  6.127    1.9   2.087  0.145E-08  0.344E+02  0.203E-07  0.178E-06  0.119E-05  0.000E+00
1 12.279  6.133    1.9   2.115  0.141E-08  0.344E+02  0.183E-07  0.167E-06  0.114E-05  0.000E+00
1 12.279  6.139    1.9   2.145  0.133E-08  0.344E+02  0.173E-07  0.157E-06  0.108E-05  0.000E+00
1 12.279  6.145    1.9   2.175  0.132E-08  0.344E+02  0.159E-07  0.144E-06  0.100E-05  0.000E+00
1 12.279  6.151    1.9   2.206  0.133E-08  0.344E+02  0.147E-07  0.135E-06  0.954E-06  0.000E+00
1 12.279  6.157    1.9   2.238  0.119E-08  0.344E+02  0.131E-07  0.127E-06  0.913E-06  0.000E+00
1 12.279  6.163    1.9   2.271  0.127E-08  0.344E+02  0.127E-07  0.116E-06  0.836E-06  0.000E+00
1 12.279  6.169    1.9   2.304  0.123E-08  0.344E+02  0.111E-07  0.108E-06  0.793E-06  0.000E+00
1 12.279  6.175    1.9   2.339  0.114E-08  0.344E+02  0.103E-07  0.102E-06  0.759E-06  0.000E+00
1 12.279  6.181    1.9   2.374  0.118E-08  0.344E+02  0.946E-08  0.918E-07  0.685E-06  0.000E+00
1 12.279  6.187    1.9   2.411  0.121E-08  0.344E+02  0.847E-08  0.857E-07  0.647E-06  0.000E+00
1 12.279  6.193    1.9   2.449  0.122E-08  0.344E+02  0.735E-08  0.753E-07  0.571E-06  0.000E+00
1 12.279  6.199    1.9   2.487  0.117E-08  0.344E+02  0.704E-08  0.713E-07  0.548E-06  0.000E+00
1 12.279  6.205    1.9   2.527  0.115E-08  0.344E+02  0.575E-08  0.611E-07  0.472E-06  0.000E+00
1 12.279  6.211    1.9   2.569  0.113E-08  0.344E+02  0.452E-08  0.504E-07  0.391E-06  0.000E+00
1 12.279  6.217    1.9   2.611  0.979E-09  0.344E+02  0.392E-08  0.477E-07  0.375E-06  0.000E+00
1 12.279  6.223    1.9   2.655  0.391E-09  0.344E+02  0.117E-08  0.371E-07  0.292E-06  0.000E+00
1 12.279  6.229    1.9   2.700  0.117E-09  0.344E+02  0.234E-09  0.257E-07  0.203E-06  0.000E+00
1 12.279  6.235    1.9   2.747  0.175E-10  0.344E+02  0.175E-10  0.134E-07  0.106E-06  0.000E+00
1 12.279  6.241    1.9   2.795  0.471E-12  0.344E+02  0.471E-12  0.127E-07  0.102E-06  0.000E+00
 # th     pit     q2      x      sig_u     rate_u
 #                           0.6/GeV.sr)    (Hz)
 # th     pit     q2      x      sig_u     rate_u
 #                           0.6/GeV.sr)    (Hz)
 # th     pit     q2      x      sig_u     rate_u
 #                           0.6/GeV.sr)    (Hz)
 # th     pit     q2      x      sig_u     rate_u
 #                           0.6/GeV.sr)    (Hz)
 # th     pit     q2      x      sig_u     rate_u
 #                           0.6/GeV.sr)    (Hz)
2  7.464  5.840    0.7   0.458  0.377E-05  0.117E+02  0.943E-04  0.209E-03  0.708E-03  0.000E+00
2  7.464  5.846    0.7   0.462  0.384E-05  0.236E+02  0.961E-04  0.211E-03  0.714E-03  0.000E+00
2  7.464  5.853    0.7   0.467  0.392E-05  0.357E+02  0.980E-04  0.213E-03  0.719E-03  0.000E+00
2  7.464  5.859    0.7   0.471  0.399E-05  0.480E+02  0.998E-04  0.215E-03  0.725E-03  0.000E+00
2  7.464  5.865    0.7   0.476  0.407E-05  0.606E+02  0.102E-03  0.218E-03  0.730E-03  0.000E+00
2  7.464  5.872    0.7   0.481  0.414E-05  0.734E+02  0.104E-03  0.220E-03  0.736E-03  0.000E+00
2  7.464  5.878    0.7   0.485  0.422E-05  0.865E+02  0.105E-03  0.222E-03  0.741E-03  0.000E+00
2  7.464  5.884    0.7   0.490  0.429E-05  0.997E+02  0.107E-03  0.224E-03  0.746E-03  0.000E+00
2  7.464  5.891    0.7   0.495  0.436E-05  0.113E+03  0.109E-03  0.226E-03  0.751E-03  0.000E+00
2  7.464  5.897    0.7   0.500  0.443E-05  0.127E+03  0.111E-03  0.227E-03  0.755E-03  0.000E+00
2  7.464  5.903    0.7   0.505  0.450E-05  0.141E+03  0.113E-03  0.229E-03  0.760E-03  0.000E+00
2  7.464  5.910    0.7   0.510  0.456E-05  0.155E+03  0.114E-03  0.231E-03  0.764E-03  0.000E+00
2  7.464  5.916    0.7   0.516  0.462E-05  0.169E+03  0.116E-03  0.232E-03  0.768E-03  0.000E+00
2  7.464  5.922    0.7   0.521  0.468E-05  0.184E+03  0.117E-03  0.233E-03  0.771E-03  0.000E+00
2  7.464  5.929    0.7   0.527  0.473E-05  0.198E+03  0.118E-03  0.234E-03  0.775E-03  0.000E+00
2  7.464  5.935    0.7   0.532  0.477E-05  0.213E+03  0.119E-03  0.235E-03  0.777E-03  0.000E+00
2  7.464  5.942    0.7   0.538  0.480E-05  0.228E+03  0.120E-03  0.236E-03  0.780E-03  0.000E+00
2  7.464  5.948    0.7   0.544  0.483E-05  0.243E+03  0.121E-03  0.236E-03  0.782E-03  0.000E+00
2  7.464  5.954    0.7   0.550  0.485E-05  0.258E+03  0.121E-03  0.236E-03  0.783E-03  0.000E+00
2  7.464  5.961    0.7   0.556  0.485E-05  0.273E+03  0.121E-03  0.236E-03  0.784E-03  0.000E+00
2  7.464  5.967    0.7   0.562  0.485E-05  0.288E+03  0.121E-03  0.236E-03  0.785E-03  0.000E+00
2  7.464  5.973    0.7   0.568  0.483E-05  0.303E+03  0.121E-03  0.235E-03  0.785E-03  0.000E+00
2  7.464  5.980    0.7   0.574  0.480E-05  0.318E+03  0.120E-03  0.234E-03  0.785E-03  0.000E+00
2  7.464  5.986    0.7   0.581  0.475E-05  0.332E+03  0.119E-03  0.233E-03  0.784E-03  0.000E+00
2  7.464  5.992    0.7   0.588  0.469E-05  0.347E+03  0.117E-03  0.232E-03  0.783E-03  0.000E+00
2  7.464  5.999    0.7   0.595  0.461E-05  0.361E+03  0.115E-03  0.231E-03  0.782E-03  0.000E+00
2  7.464  6.005    0.7   0.602  0.453E-05  0.375E+03  0.113E-03  0.230E-03  0.780E-03  0.000E+00
2  7.464  6.011    0.7   0.609  0.442E-05  0.389E+03  0.110E-03  0.228E-03  0.778E-03  0.000E+00
2  7.464  6.018    0.7   0.616  0.430E-05  0.402E+03  0.108E-03  0.226E-03  0.776E-03  0.000E+00
2  7.464  6.024    0.7   0.623  0.417E-05  0.415E+03  0.104E-03  0.224E-03  0.773E-03  0.000E+00
2  7.464  6.030    0.7   0.631  0.403E-05  0.427E+03  0.101E-03  0.222E-03  0.770E-03  0.000E+00
2  7.464  6.037    0.7   0.639  0.388E-05  0.439E+03  0.969E-04  0.220E-03  0.768E-03  0.000E+00
2  7.464  6.043    0.7   0.647  0.373E-05  0.451E+03  0.932E-04  0.218E-03  0.765E-03  0.000E+00
2  7.464  6.049    0.7   0.655  0.358E-05  0.462E+03  0.894E-04  0.216E-03  0.762E-03  0.000E+00
2  7.464  6.056    0.7   0.663  0.343E-05  0.473E+03  0.857E-04  0.214E-03  0.759E-03  0.000E+00
2  7.464  6.062    0.7   0.672  0.329E-05  0.483E+03  0.822E-04  0.213E-03  0.756E-03  0.000E+00
2  7.464  6.068    0.7   0.680  0.316E-05  0.493E+03  0.790E-04  0.211E-03  0.754E-03  0.000E+00
2  7.464  6.075    0.7   0.689  0.305E-05  0.502E+03  0.763E-04  0.209E-03  0.751E-03  0.000E+00
2  7.464  6.081    0.7   0.699  0.297E-05  0.511E+03  0.742E-04  0.208E-03  0.749E-03  0.000E+00
2  7.464  6.088    0.7   0.708  0.290E-05  0.520E+03  0.724E-04  0.207E-03  0.748E-03  0.000E+00
2  7.464  6.094    0.7   0.718  0.286E-05  0.529E+03  0.715E-04  0.206E-03  0.747E-03  0.000E+00
2  7.464  6.100    0.7   0.727  0.285E-05  0.538E+03  0.712E-04  0.205E-03  0.746E-03  0.000E+00
2  7.464  6.107    0.7   0.738  0.286E-05  0.547E+03  0.714E-04  0.205E-03  0.746E-03  0.000E+00
2  7.464  6.113    0.7   0.748  0.288E-05  0.555E+03  0.721E-04  0.205E-03  0.746E-03  0.000E+00
2  7.464  6.119    0.7   0.759  0.292E-05  0.565E+03  0.731E-04  0.205E-03  0.748E-03  0.000E+00
2  7.464  6.126    0.7   0.770  0.299E-05  0.574E+03  0.748E-04  0.206E-03  0.749E-03  0.000E+00
2  7.464  6.132    0.7   0.781  0.306E-05  0.583E+03  0.766E-04  0.207E-03  0.752E-03  0.000E+00
2  7.464  6.138    0.7   0.792  0.314E-05  0.593E+03  0.786E-04  0.208E-03  0.755E-03  0.000E+00
2  7.464  6.145    0.7   0.804  0.324E-05  0.603E+03  0.810E-04  0.210E-03  0.758E-03  0.000E+00
2  7.464  6.151    0.7   0.817  0.334E-05  0.613E+03  0.834E-04  0.212E-03  0.763E-03  0.000E+00
2  7.464  6.157    0.7   0.829  0.346E-05  0.624E+03  0.864E-04  0.214E-03  0.768E-03  0.000E+00
2  7.464  6.164    0.7   0.842  0.358E-05  0.635E+03  0.896E-04  0.216E-03  0.773E-03  0.000E+00
2  7.464  6.170    0.7   0.855  0.372E-05  0.647E+03  0.929E-04  0.219E-03  0.779E-03  0.000E+00
2  7.464  6.176    0.7   0.869  0.384E-05  0.658E+03  0.961E-04  0.222E-03  0.785E-03  0.000E+00
2  7.464  6.183    0.7   0.883  0.399E-05  0.671E+03  0.999E-04  0.225E-03  0.792E-03  0.000E+00
2  7.464  6.189    0.7   0.898  0.418E-05  0.684E+03  0.104E-03  0.228E-03  0.799E-03  0.000E+00
2  7.464  6.195    0.7   0.913  0.432E-05  0.697E+03  0.108E-03  0.231E-03  0.806E-03  0.000E+00
2  7.464  6.202    0.7   0.928  0.452E-05  0.711E+03  0.113E-03  0.234E-03  0.813E-03  0.000E+00
2  7.464  6.208    0.7   0.944  0.473E-05  0.726E+03  0.118E-03  0.237E-03  0.820E-03  0.000E+00
2  7.464  6.214    0.7   0.961  0.491E-05  0.741E+03  0.123E-03  0.240E-03  0.827E-03  0.000E+00
2  7.464  6.221    0.7   0.978  0.512E-05  0.757E+03  0.128E-03  0.243E-03  0.833E-03  0.000E+00
2  7.464  6.227    0.7   0.995  0.541E-05  0.773E+03  0.135E-03  0.246E-03  0.839E-03  0.000E+00
2  7.464  6.234    0.7   1.014  0.561E-05  0.791E+03  0.140E-03  0.249E-03  0.844E-03  0.000E+00
2  7.464  6.240    0.7   1.033  0.589E-05  0.809E+03  0.147E-03  0.251E-03  0.848E-03  0.000E+00
2  7.464  6.246    0.7   1.052  0.623E-05  0.828E+03  0.156E-03  0.253E-03  0.852E-03  0.000E+00
2  7.464  6.253    0.7   1.073  0.644E-05  0.848E+03  0.161E-03  0.254E-03  0.854E-03  0.000E+00
2  7.464  6.259    0.7   1.094  0.679E-05  0.869E+03  0.170E-03  0.255E-03  0.854E-03  0.000E+00
2  7.464  6.265    0.7   1.116  0.707E-05  0.891E+03  0.177E-03  0.255E-03  0.853E-03  0.000E+00
2  7.464  6.272    0.7   1.138  0.736E-05  0.914E+03  0.184E-03  0.254E-03  0.850E-03  0.000E+00
2  7.464  6.278    0.7   1.162  0.765E-05  0.937E+03  0.191E-03  0.253E-03  0.846E-03  0.000E+00
2  7.464  6.284    0.7   1.186  0.784E-05  0.962E+03  0.196E-03  0.251E-03  0.839E-03  0.000E+00
2  7.464  6.291    0.7   1.212  0.815E-05  0.987E+03  0.204E-03  0.247E-03  0.830E-03  0.000E+00
2  7.464  6.297    0.7   1.239  0.822E-05  0.101E+04  0.206E-03  0.243E-03  0.819E-03  0.000E+00
2  7.464  6.303    0.7   1.266  0.820E-05  0.104E+04  0.205E-03  0.238E-03  0.805E-03  0.000E+00
2  7.464  6.310    0.7   1.295  0.822E-05  0.106E+04  0.205E-03  0.232E-03  0.789E-03  0.000E+00
2  7.464  6.316    0.7   1.326  0.805E-05  0.109E+04  0.201E-03  0.225E-03  0.770E-03  0.000E+00
2  7.464  6.322    0.7   1.357  0.752E-05  0.111E+04  0.188E-03  0.216E-03  0.749E-03  0.000E+00
2  7.464  6.329    0.7   1.391  0.689E-05  0.113E+04  0.172E-03  0.207E-03  0.726E-03  0.000E+00
2  7.464  6.335    0.7   1.425  0.609E-05  0.115E+04  0.152E-03  0.197E-03  0.700E-03  0.000E+00
2  7.464  6.341    0.7   1.462  0.535E-05  0.117E+04  0.134E-03  0.186E-03  0.673E-03  0.000E+00
2  7.464  6.348    0.7   1.500  0.434E-05  0.118E+04  0.108E-03  0.175E-03  0.644E-03  0.000E+00
2  7.464  6.354    0.7   1.540  0.344E-05  0.119E+04  0.860E-04  0.164E-03  0.613E-03  0.000E+00
2  7.464  6.360    0.7   1.583  0.262E-05  0.120E+04  0.655E-04  0.152E-03  0.582E-03  0.000E+00
2  7.464  6.367    0.7   1.627  0.208E-05  0.121E+04  0.499E-04  0.141E-03  0.549E-03  0.000E+00
2  7.464  6.373    0.7   1.675  0.177E-05  0.121E+04  0.389E-04  0.129E-03  0.515E-03  0.000E+00
2  7.464  6.380    0.7   1.724  0.149E-05  0.121E+04  0.312E-04  0.118E-03  0.482E-03  0.000E+00
2  7.464  6.386    0.7   1.777  0.118E-05  0.122E+04  0.236E-04  0.108E-03  0.450E-03  0.000E+00
2  7.464  6.392    0.7   1.833  0.934E-06  0.122E+04  0.177E-04  0.979E-04  0.418E-03  0.000E+00
2  7.464  6.399    0.7   1.893  0.785E-06  0.122E+04  0.134E-04  0.887E-04  0.385E-03  0.000E+00
2  7.464  6.405    0.7   1.957  0.647E-06  0.122E+04  0.104E-04  0.806E-04  0.355E-03  0.000E+00
2  7.464  6.411    0.7   2.024  0.529E-06  0.122E+04  0.794E-05  0.730E-04  0.327E-03  0.000E+00
2  7.464  6.418    0.7   2.097  0.515E-06  0.122E+04  0.670E-05  0.654E-04  0.295E-03  0.000E+00
2  7.464  6.424    0.7   2.175  0.456E-06  0.123E+04  0.547E-05  0.589E-04  0.268E-03  0.000E+00
2  7.464  6.430    0.7   2.258  0.375E-06  0.123E+04  0.413E-05  0.529E-04  0.241E-03  0.000E+00
2  7.464  6.437    0.7   2.348  0.376E-06  0.123E+04  0.339E-05  0.458E-04  0.210E-03  0.000E+00
2  7.464  6.443    0.7   2.446  0.331E-06  0.123E+04  0.265E-05  0.403E-04  0.186E-03  0.000E+00
2  7.464  6.449    0.7   2.551  0.337E-06  0.123E+04  0.202E-05  0.327E-04  0.151E-03  0.000E+00
2  7.464  6.456    0.7   2.666  0.375E-06  0.123E+04  0.187E-05  0.273E-04  0.126E-03  0.000E+00
2  7.464  6.462    0.7   2.792  0.437E-06  0.123E+04  0.131E-05  0.181E-04  0.833E-04  0.000E+00
2  7.464  6.468    0.7   2.929  0.740E-07  0.123E+04  0.148E-06  0.122E-04  0.563E-04  0.000E+00
 # th     pit     q2      x      sig_u     rate_u
 #                           0.6/GeV.sr)    (Hz)
 # th     pit     q2      x      sig_u     rate_u
 #                           0.6/GeV.sr)    (Hz)
 # th     pit     q2      x      sig_u     rate_u
 #                           0.6/GeV.sr)    (Hz)
 # th     pit     q2      x      sig_u     rate_u
 #                           0.6/GeV.sr)    (Hz)
